core   0: 0x00001000 (0x00000297) auipc   t0, 0x0
core   0: 3 0x00001000 (0x00000297) x 5 0x00001000
core   0: 0x00001004 (0x02028593) addi    a1, t0, 32
core   0: 3 0x00001004 (0x02028593) x11 0x00001020
core   0: 0x00001008 (0xf1402573) csrr    a0, mhartid
core   0: 3 0x00001008 (0xf1402573) x10 0x00000000
core   0: 0x0000100c (0x0182a283) lw      t0, 24(t0)
core   0: 3 0x0000100c (0x0182a283) x 5 0x80000000 mem 0x00001018
core   0: 0x00001010 (0x00028067) jr      t0
core   0: 3 0x00001010 (0x00028067)
core   0: 0x80000000 (0xf14022f3) csrr    t0, mhartid
core   0: 3 0x80000000 (0xf14022f3) x 5 0x00000000
core   0: 0x80000004 (0x00000313) li      t1, 0
core   0: 3 0x80000004 (0x00000313) x 6 0x00000000
core   0: 0x80000008 (0x00628263) beq     t0, t1, pc + 4
core   0: 3 0x80000008 (0x00628263)
core   0: 0x8000000c (0x00000717) auipc   a4, 0x0
core   0: 3 0x8000000c (0x00000717) x14 0x8000000c
core   0: 0x80000010 (0x00c70713) addi    a4, a4, 12
core   0: 3 0x80000010 (0x00c70713) x14 0x80000018
core   0: 0x80000014 (0x00070067) jr      a4
core   0: 3 0x80000014 (0x00070067)
core   0: 0x80000018 (0x400009b7) lui     s3, 0x40000
core   0: 3 0x80000018 (0x400009b7) x19 0x40000000
core   0: 0x8000001c (0x10098993) addi    s3, s3, 256
core   0: 3 0x8000001c (0x10098993) x19 0x40000100
core   0: 0x80000020 (0x30199073) csrw    misa, s3
core   0: 3 0x80000020 (0x30199073) c769_misa 0x40140100
core   0: 0x80000024 (0x00016c97) auipc   s9, 0x16
core   0: 3 0x80000024 (0x00016c97) x25 0x80016024
core   0: 0x80000028 (0xcc0c8c93) addi    s9, s9, -832
core   0: 3 0x80000028 (0xcc0c8c93) x25 0x80015ce4
core   0: 0x8000002c (0x0000c997) auipc   s3, 0xc
core   0: 3 0x8000002c (0x0000c997) x19 0x8000c02c
core   0: 0x80000030 (0xcf498993) addi    s3, s3, -780
core   0: 3 0x80000030 (0xcf498993) x19 0x8000bd20
core   0: 0x80000034 (0x0019e993) ori     s3, s3, 1
core   0: 3 0x80000034 (0x0019e993) x19 0x8000bd21
core   0: 0x80000038 (0x30599073) csrw    mtvec, s3
core   0: 3 0x80000038 (0x30599073) c773_mtvec 0x8000bd21
core   0: 0x8000003c (0x00000997) auipc   s3, 0x0
core   0: 3 0x8000003c (0x00000997) x19 0x8000003c
core   0: 0x80000040 (0x02898993) addi    s3, s3, 40
core   0: 3 0x80000040 (0x02898993) x19 0x80000064
core   0: 0x80000044 (0x34199073) csrw    mepc, s3
core   0: 3 0x80000044 (0x34199073) c833_mepc 0x80000064
core   0: 0x80000048 (0x00000013) nop
core   0: 3 0x80000048 (0x00000013)
core   0: 0x8000004c (0x000029b7) lui     s3, 0x2
core   0: 3 0x8000004c (0x000029b7) x19 0x00002000
core   0: 0x80000050 (0x80098993) addi    s3, s3, -2048
core   0: 3 0x80000050 (0x80098993) x19 0x00001800
core   0: 0x80000054 (0x30099073) csrw    mstatus, s3
core   0: 3 0x80000054 (0x30099073) c768_mstatus 0x00001800
core   0: 0x80000058 (0x00000993) li      s3, 0
core   0: 3 0x80000058 (0x00000993) x19 0x00000000
core   0: 0x8000005c (0x30499073) csrw    mie, s3
core   0: 3 0x8000005c (0x30499073) c772_mie 0x00000000
core   0: 0x80000060 (0x30200073) mret
core   0: 3 0x80000060 (0x30200073) c768_mstatus 0x00000080
core   0: >>>>  init
core   0: 0x80000064 (0x00900013) li      zero, 9
core   0: 3 0x80000064 (0x00900013)
core   0: 0x80000068 (0x00e00093) li      ra, 14
core   0: 3 0x80000068 (0x00e00093) x 1 0x0000000e
core   0: 0x8000006c (0x00200113) li      sp, 2
core   0: 3 0x8000006c (0x00200113) x 2 0x00000002
core   0: 0x80000070 (0x00000193) li      gp, 0
core   0: 3 0x80000070 (0x00000193) x 3 0x00000000
core   0: 0x80000074 (0xf06bb237) lui     tp, 0xf06bb
core   0: 3 0x80000074 (0xf06bb237) x 4 0xf06bb000
core   0: 0x80000078 (0x42020213) addi    tp, tp, 1056
core   0: 3 0x80000078 (0x42020213) x 4 0xf06bb420
core   0: 0x8000007c (0xff7782b7) lui     t0, 0xff778
core   0: 3 0x8000007c (0xff7782b7) x 5 0xff778000
core   0: 0x80000080 (0xffe28293) addi    t0, t0, -2
core   0: 3 0x80000080 (0xffe28293) x 5 0xff777ffe
core   0: 0x80000084 (0x80000337) lui     t1, 0x80000
core   0: 3 0x80000084 (0x80000337) x 6 0x80000000
core   0: 0x80000088 (0x00b00393) li      t2, 11
core   0: 3 0x80000088 (0x00b00393) x 7 0x0000000b
core   0: 0x8000008c (0x00300413) li      s0, 3
core   0: 3 0x8000008c (0x00300413) x 8 0x00000003
core   0: 0x80000090 (0x00d00493) li      s1, 13
core   0: 3 0x80000090 (0x00d00493) x 9 0x0000000d
core   0: 0x80000094 (0xfd253537) lui     a0, 0xfd253
core   0: 3 0x80000094 (0xfd253537) x10 0xfd253000
core   0: 0x80000098 (0x05a50513) addi    a0, a0, 90
core   0: 3 0x80000098 (0x05a50513) x10 0xfd25305a
core   0: 0x8000009c (0x282c85b7) lui     a1, 0x282c8
core   0: 3 0x8000009c (0x282c85b7) x11 0x282c8000
core   0: 0x800000a0 (0x56058593) addi    a1, a1, 1376
core   0: 3 0x800000a0 (0x56058593) x11 0x282c8560
core   0: 0x800000a4 (0xb044f637) lui     a2, 0xb044f
core   0: 3 0x800000a4 (0xb044f637) x12 0xb044f000
core   0: 0x800000a8 (0x67060613) addi    a2, a2, 1648
core   0: 3 0x800000a8 (0x67060613) x12 0xb044f670
core   0: 0x800000ac (0xfcfb86b7) lui     a3, 0xfcfb8
core   0: 3 0x800000ac (0xfcfb86b7) x13 0xfcfb8000
core   0: 0x800000b0 (0x75968693) addi    a3, a3, 1881
core   0: 3 0x800000b0 (0x75968693) x13 0xfcfb8759
core   0: 0x800000b4 (0x80000737) lui     a4, 0x80000
core   0: 3 0x800000b4 (0x80000737) x14 0x80000000
core   0: 0x800000b8 (0x800007b7) lui     a5, 0x80000
core   0: 3 0x800000b8 (0x800007b7) x15 0x80000000
core   0: 0x800000bc (0x2e448837) lui     a6, 0x2e448
core   0: 3 0x800000bc (0x2e448837) x16 0x2e448000
core   0: 0x800000c0 (0xf6c80813) addi    a6, a6, -148
core   0: 3 0x800000c0 (0xf6c80813) x16 0x2e447f6c
core   0: 0x800000c4 (0x236808b7) lui     a7, 0x23680
core   0: 3 0x800000c4 (0x236808b7) x17 0x23680000
core   0: 0x800000c8 (0xf5688893) addi    a7, a7, -170
core   0: 3 0x800000c8 (0xf5688893) x17 0x2367ff56
core   0: 0x800000cc (0xfa269937) lui     s2, 0xfa269
core   0: 3 0x800000cc (0xfa269937) x18 0xfa269000
core   0: 0x800000d0 (0x63490913) addi    s2, s2, 1588
core   0: 3 0x800000d0 (0x63490913) x18 0xfa269634
core   0: 0x800000d4 (0x00800993) li      s3, 8
core   0: 3 0x800000d4 (0x00800993) x19 0x00000008
core   0: 0x800000d8 (0xfe61ca37) lui     s4, 0xfe61c
core   0: 3 0x800000d8 (0xfe61ca37) x20 0xfe61c000
core   0: 0x800000dc (0xb5ca0a13) addi    s4, s4, -1188
core   0: 3 0x800000dc (0xb5ca0a13) x20 0xfe61bb5c
core   0: 0x800000e0 (0x80000ab7) lui     s5, 0x80000
core   0: 3 0x800000e0 (0x80000ab7) x21 0x80000000
core   0: 0x800000e4 (0x80000b37) lui     s6, 0x80000
core   0: 3 0x800000e4 (0x80000b37) x22 0x80000000
core   0: 0x800000e8 (0x00000b93) li      s7, 0
core   0: 3 0x800000e8 (0x00000b93) x23 0x00000000
core   0: 0x800000ec (0x00f00c13) li      s8, 15
core   0: 3 0x800000ec (0x00f00c13) x24 0x0000000f
core   0: 0x800000f0 (0xf6924d37) lui     s10, 0xf6924
core   0: 3 0x800000f0 (0xf6924d37) x26 0xf6924000
core   0: 0x800000f4 (0x3cdd0d13) addi    s10, s10, 973
core   0: 3 0x800000f4 (0x3cdd0d13) x26 0xf69243cd
core   0: 0x800000f8 (0x320f0db7) lui     s11, 0x320f0
core   0: 3 0x800000f8 (0x320f0db7) x27 0x320f0000
core   0: 0x800000fc (0x374d8d93) addi    s11, s11, 884
core   0: 3 0x800000fc (0x374d8d93) x27 0x320f0374
core   0: 0x80000100 (0x00000e13) li      t3, 0
core   0: 3 0x80000100 (0x00000e13) x28 0x00000000
core   0: 0x80000104 (0xfcafff37) lui     t5, 0xfcaff
core   0: 3 0x80000104 (0xfcafff37) x30 0xfcaff000
core   0: 0x80000108 (0xdf9f0f13) addi    t5, t5, -519
core   0: 3 0x80000108 (0xdf9f0f13) x30 0xfcafedf9
core   0: 0x8000010c (0x7973bfb7) lui     t6, 0x7973b
core   0: 3 0x8000010c (0x7973bfb7) x31 0x7973b000
core   0: 0x80000110 (0x402f8f93) addi    t6, t6, 1026
core   0: 3 0x80000110 (0x402f8f93) x31 0x7973b402
core   0: 0x80000114 (0x00012e97) auipc   t4, 0x12
core   0: 3 0x80000114 (0x00012e97) x29 0x80012114
core   0: 0x80000118 (0xd50e8e93) addi    t4, t4, -688
core   0: 3 0x80000118 (0xd50e8e93) x29 0x80011e64
core   0: 0x8000011c (0xfff00113) li      sp, -1
core   0: 3 0x8000011c (0xfff00113) x 2 0xffffffff
core   0: 0x80000120 (0x00000093) li      ra, 0
core   0: 3 0x80000120 (0x00000093) x 1 0x00000000
core   0: 0x80000124 (0x800009b7) lui     s3, 0x80000
core   0: 3 0x80000124 (0x800009b7) x19 0x80000000
core   0: 0x80000128 (0x800007b7) lui     a5, 0x80000
core   0: 3 0x80000128 (0x800007b7) x15 0x80000000
core   0: 0x8000012c (0x00000d93) li      s11, 0
core   0: 3 0x8000012c (0x00000d93) x27 0x00000000
core   0: 0x80000130 (0x800001b7) lui     gp, 0x80000
core   0: 3 0x80000130 (0x800001b7) x 3 0x80000000
core   0: 0x80000134 (0x00000213) li      tp, 0
core   0: 3 0x80000134 (0x00000213) x 4 0x00000000
core   0: 0x80000138 (0xfff00c13) li      s8, -1
core   0: 3 0x80000138 (0xfff00c13) x24 0xffffffff
core   0: 0x8000013c (0x00000413) li      s0, 0
core   0: 3 0x8000013c (0x00000413) x 8 0x00000000
core   0: 0x80000140 (0xf688e5b7) lui     a1, 0xf688e
core   0: 3 0x80000140 (0xf688e5b7) x11 0xf688e000
core   0: 0x80000144 (0x14558593) addi    a1, a1, 325
core   0: 3 0x80000144 (0x14558593) x11 0xf688e145
core   0: 0x80000148 (0x00000013) nop
core   0: 3 0x80000148 (0x00000013)
core   0: 0x8000014c (0x413107b3) sub     a5, sp, s3
core   0: 3 0x8000014c (0x413107b3) x15 0x7fffffff
core   0: 0x80000150 (0xfce18413) addi    s0, gp, -50
core   0: 3 0x80000150 (0xfce18413) x 8 0x7fffffce
core   0: 0x80000154 (0x01808233) add     tp, ra, s8
core   0: 3 0x80000154 (0x01808233) x 4 0xffffffff
core   0: 0x80000158 (0xeca20c13) addi    s8, tp, -310
core   0: 3 0x80000158 (0xeca20c13) x24 0xfffffec9
core   0: 0x8000015c (0x23478093) addi    ra, a5, 564
core   0: 3 0x8000015c (0x23478093) x 1 0x80000233
core   0: 0x80000160 (0x40b98c33) sub     s8, s3, a1
core   0: 3 0x80000160 (0x40b98c33) x24 0x89771ebb
core   0: 0x80000164 (0xd3e43437) lui     s0, 0xd3e43
core   0: 3 0x80000164 (0xd3e43437) x 8 0xd3e43000
core   0: 0x80000168 (0x00b58233) add     tp, a1, a1
core   0: 3 0x80000168 (0x00b58233) x 4 0xed11c28a
core   0: 0x8000016c (0x018107b3) add     a5, sp, s8
core   0: 3 0x8000016c (0x018107b3) x15 0x89771eba
core   0: 0x80000170 (0x22690137) lui     sp, 0x22690
core   0: 3 0x80000170 (0x22690137) x 2 0x22690000
core   0: 0x80000174 (0x01308233) add     tp, ra, s3
core   0: 3 0x80000174 (0x01308233) x 4 0x00000233
core   0: 0x80000178 (0x40b08c33) sub     s8, ra, a1
core   0: 3 0x80000178 (0x40b08c33) x24 0x897720ee
core   0: 0x8000017c (0x78420213) addi    tp, tp, 1924
core   0: 3 0x8000017c (0x78420213) x 4 0x000009b7
core   0: 0x80000180 (0x004c0233) add     tp, s8, tp
core   0: 3 0x80000180 (0x004c0233) x 4 0x89772aa5
core   0: 0x80000184 (0xb72c80b7) lui     ra, 0xb72c8
core   0: 3 0x80000184 (0xb72c80b7) x 1 0xb72c8000
core   0: 0x80000188 (0x3a4be5b7) lui     a1, 0x3a4be
core   0: 3 0x80000188 (0x3a4be5b7) x11 0x3a4be000
core   0: 0x8000018c (0xe67c0093) addi    ra, s8, -409
core   0: 3 0x8000018c (0xe67c0093) x 1 0x89771f55
core   0: 0x80000190 (0x402207b3) sub     a5, tp, sp
core   0: 3 0x80000190 (0x402207b3) x15 0x670e2aa5
core   0: 0x80000194 (0x01818233) add     tp, gp, s8
core   0: 3 0x80000194 (0x01818233) x 4 0x097720ee
core   0: 0x80000198 (0xfff00793) li      a5, -1
core   0: 3 0x80000198 (0xfff00793) x15 0xffffffff
core   0: 0x8000019c (0x800009b7) lui     s3, 0x80000
core   0: 3 0x8000019c (0x800009b7) x19 0x80000000
core   0: 0x800001a0 (0xfff00d93) li      s11, -1
core   0: 3 0x800001a0 (0xfff00d93) x27 0xffffffff
core   0: 0x800001a4 (0x094076b7) lui     a3, 0x9407
core   0: 3 0x800001a4 (0x094076b7) x13 0x09407000
core   0: 0x800001a8 (0xd3968693) addi    a3, a3, -711
core   0: 3 0x800001a8 (0xd3968693) x13 0x09406d39
core   0: 0x800001ac (0x00000f13) li      t5, 0
core   0: 3 0x800001ac (0x00000f13) x30 0x00000000
core   0: 0x800001b0 (0x00000813) li      a6, 0
core   0: 3 0x800001b0 (0x00000813) x16 0x00000000
core   0: 0x800001b4 (0xfff00513) li      a0, -1
core   0: 3 0x800001b4 (0xfff00513) x10 0xffffffff
core   0: 0x800001b8 (0x80000337) lui     t1, 0x80000
core   0: 3 0x800001b8 (0x80000337) x 6 0x80000000
core   0: 0x800001bc (0x00000193) li      gp, 0
core   0: 3 0x800001bc (0x00000193) x 3 0x00000000
core   0: 0x800001c0 (0x80000c37) lui     s8, 0x80000
core   0: 3 0x800001c0 (0x80000c37) x24 0x80000000
core   0: 0x800001c4 (0xd05a0317) auipc   t1, 0xd05a0
core   0: 3 0x800001c4 (0xd05a0317) x 6 0x505a01c4
core   0: 0x800001c8 (0x4f4f26b7) lui     a3, 0x4f4f2
core   0: 3 0x800001c8 (0x4f4f26b7) x13 0x4f4f2000
core   0: 0x800001cc (0x41e80f33) sub     t5, a6, t5
core   0: 3 0x800001cc (0x41e80f33) x30 0x00000000
core   0: 0x800001d0 (0xe1768793) addi    a5, a3, -489
core   0: 3 0x800001d0 (0xe1768793) x15 0x4f4f1e17
core   0: 0x800001d4 (0x4ad10817) auipc   a6, 0x4ad10
core   0: 3 0x800001d4 (0x4ad10817) x16 0xcad101d4
core   0: 0x800001d8 (0x403801b3) sub     gp, a6, gp
core   0: 3 0x800001d8 (0x403801b3) x 3 0xcad101d4
core   0: 0x800001dc (0x972997b7) lui     a5, 0x97299
core   0: 3 0x800001dc (0x972997b7) x15 0x97299000
core   0: 0x800001e0 (0x00000013) nop
core   0: 3 0x800001e0 (0x00000013)
core   0: 0x800001e4 (0x40d50db3) sub     s11, a0, a3
core   0: 3 0x800001e4 (0x40d50db3) x27 0xb0b0dfff
core   0: 0x800001e8 (0x7ce267b7) lui     a5, 0x7ce26
core   0: 3 0x800001e8 (0x7ce267b7) x15 0x7ce26000
core   0: 0x800001ec (0xb9978693) addi    a3, a5, -1127
core   0: 3 0x800001ec (0xb9978693) x13 0x7ce25b99
core   0: 0x800001f0 (0x6779a6b7) lui     a3, 0x6779a
core   0: 3 0x800001f0 (0x6779a6b7) x13 0x6779a000
core   0: 0x800001f4 (0x285f0693) addi    a3, t5, 645
core   0: 3 0x800001f4 (0x285f0693) x13 0x00000285
core   0: 0x800001f8 (0x9bbc5337) lui     t1, 0x9bbc5
core   0: 3 0x800001f8 (0x9bbc5337) x 6 0x9bbc5000
core   0: 0x800001fc (0x00ad86b3) add     a3, s11, a0
core   0: 3 0x800001fc (0x00ad86b3) x13 0xb0b0dffe
core   0: 0x80000200 (0x41030c33) sub     s8, t1, a6
core   0: 3 0x80000200 (0x41030c33) x24 0xd0eb4e2c
core   0: 0x80000204 (0x410686b3) sub     a3, a3, a6
core   0: 3 0x80000204 (0x410686b3) x13 0xe5dfde2a
core   0: 0x80000208 (0x00000013) nop
core   0: 3 0x80000208 (0x00000013)
core   0: 0x8000020c (0x00000013) nop
core   0: 3 0x8000020c (0x00000013)
core   0: 0x80000210 (0x01350c33) add     s8, a0, s3
core   0: 3 0x80000210 (0x01350c33) x24 0x7fffffff
core   0: 0x80000214 (0xc8378c13) addi    s8, a5, -893
core   0: 3 0x80000214 (0xc8378c13) x24 0x7ce25c83
core   0: 0x80000218 (0x9b580993) addi    s3, a6, -1611
core   0: 3 0x80000218 (0x9b580993) x19 0xcad0fb89
core   0: 0x8000021c (0xfff00393) li      t2, -1
core   0: 3 0x8000021c (0xfff00393) x 7 0xffffffff
core   0: 0x80000220 (0x00000f13) li      t5, 0
core   0: 3 0x80000220 (0x00000f13) x30 0x00000000
core   0: 0x80000224 (0x00000593) li      a1, 0
core   0: 3 0x80000224 (0x00000593) x11 0x00000000
core   0: 0x80000228 (0xb3487437) lui     s0, 0xb3487
core   0: 3 0x80000228 (0xb3487437) x 8 0xb3487000
core   0: 0x8000022c (0x51640413) addi    s0, s0, 1302
core   0: 3 0x8000022c (0x51640413) x 8 0xb3487516
core   0: 0x80000230 (0xfff00d93) li      s11, -1
core   0: 3 0x80000230 (0xfff00d93) x27 0xffffffff
core   0: 0x80000234 (0x80000137) lui     sp, 0x80000
core   0: 3 0x80000234 (0x80000137) x 2 0x80000000
core   0: 0x80000238 (0x411b80b7) lui     ra, 0x411b8
core   0: 3 0x80000238 (0x411b80b7) x 1 0x411b8000
core   0: 0x8000023c (0x82f08093) addi    ra, ra, -2001
core   0: 3 0x8000023c (0x82f08093) x 1 0x411b782f
core   0: 0x80000240 (0x00000693) li      a3, 0
core   0: 3 0x80000240 (0x00000693) x13 0x00000000
core   0: 0x80000244 (0x68709c37) lui     s8, 0x68709
core   0: 3 0x80000244 (0x68709c37) x24 0x68709000
core   0: 0x80000248 (0x773c0c13) addi    s8, s8, 1907
core   0: 3 0x80000248 (0x773c0c13) x24 0x68709773
core   0: 0x8000024c (0x1711b1b7) lui     gp, 0x1711b
core   0: 3 0x8000024c (0x1711b1b7) x 3 0x1711b000
core   0: 0x80000250 (0x1bc18193) addi    gp, gp, 444
core   0: 3 0x80000250 (0x1bc18193) x 3 0x1711b1bc
core   0: 0x80000254 (0x62a08f13) addi    t5, ra, 1578
core   0: 3 0x80000254 (0x62a08f13) x30 0x411b7e59
core   0: 0x80000258 (0x9d2c0593) addi    a1, s8, -1582
core   0: 3 0x80000258 (0x9d2c0593) x11 0x68709145
core   0: 0x8000025c (0x8f67ddb7) lui     s11, 0x8f67d
core   0: 3 0x8000025c (0x8f67ddb7) x27 0x8f67d000
core   0: 0x80000260 (0x6aeb6c37) lui     s8, 0x6aeb6
core   0: 3 0x80000260 (0x6aeb6c37) x24 0x6aeb6000
core   0: 0x80000264 (0x02c08593) addi    a1, ra, 44
core   0: 3 0x80000264 (0x02c08593) x11 0x411b785b
core   0: 0x80000268 (0x45311397) auipc   t2, 0x45311
core   0: 3 0x80000268 (0x45311397) x 7 0xc5311268
core   0: 0x8000026c (0xc7a755b7) lui     a1, 0xc7a75
core   0: 3 0x8000026c (0xc7a755b7) x11 0xc7a75000
core   0: 0x80000270 (0x40368c33) sub     s8, a3, gp
core   0: 3 0x80000270 (0x40368c33) x24 0xe8ee4e44
core   0: 0x80000274 (0x41e085b3) sub     a1, ra, t5
core   0: 3 0x80000274 (0x41e085b3) x11 0xfffff9d6
core   0: 0x80000278 (0xc6204697) auipc   a3, 0xc6204
core   0: 3 0x80000278 (0xc6204697) x13 0x46204278
core   0: 0x8000027c (0xe472cc37) lui     s8, 0xe472c
core   0: 3 0x8000027c (0xe472cc37) x24 0xe472c000
core   0: 0x80000280 (0x408105b3) sub     a1, sp, s0
core   0: 3 0x80000280 (0x408105b3) x11 0xccb78aea
core   0: 0x80000284 (0x40838f33) sub     t5, t2, s0
core   0: 3 0x80000284 (0x40838f33) x30 0x11e89d52
core   0: 0x80000288 (0x40df0db3) sub     s11, t5, a3
core   0: 3 0x80000288 (0x40df0db3) x27 0xcbc85ada
core   0: 0x8000028c (0xb8838093) addi    ra, t2, -1144
core   0: 3 0x8000028c (0xb8838093) x 1 0xc5310df0
core   0: 0x80000290 (0x00000013) nop
core   0: 3 0x80000290 (0x00000013)
core   0: 0x80000294 (0x7a138693) addi    a3, t2, 1953
core   0: 3 0x80000294 (0x7a138693) x13 0xc5311a09
core   0: 0x80000298 (0x20f47197) auipc   gp, 0x20f47
core   0: 3 0x80000298 (0x20f47197) x 3 0xa0f47298
core   0: 0x8000029c (0xd60f0113) addi    sp, t5, -672
core   0: 3 0x8000029c (0xd60f0113) x 2 0x11e89ab2
core   0: 0x800002a0 (0x00000013) nop
core   0: 3 0x800002a0 (0x00000013)
core   0: 0x800002a4 (0x54810d93) addi    s11, sp, 1352
core   0: 3 0x800002a4 (0x54810d93) x27 0x11e89ffa
core   0: 0x800002a8 (0x00d68433) add     s0, a3, a3
core   0: 3 0x800002a8 (0x00d68433) x 8 0x8a623412
core   0: 0x800002ac (0x007f0433) add     s0, t5, t2
core   0: 3 0x800002ac (0x007f0433) x 8 0xd719afba
core   0: 0x800002b0 (0x6b80bdb7) lui     s11, 0x6b80b
core   0: 3 0x800002b0 (0x6b80bdb7) x27 0x6b80b000
core   0: 0x800002b4 (0x00810db3) add     s11, sp, s0
core   0: 3 0x800002b4 (0x00810db3) x27 0xe9024a6c
core   0: 0x800002b8 (0x80000d37) lui     s10, 0x80000
core   0: 3 0x800002b8 (0x80000d37) x26 0x80000000
core   0: 0x800002bc (0x6d8f18b7) lui     a7, 0x6d8f1
core   0: 3 0x800002bc (0x6d8f18b7) x17 0x6d8f1000
core   0: 0x800002c0 (0x45088893) addi    a7, a7, 1104
core   0: 3 0x800002c0 (0x45088893) x17 0x6d8f1450
core   0: 0x800002c4 (0xfff00113) li      sp, -1
core   0: 3 0x800002c4 (0xfff00113) x 2 0xffffffff
core   0: 0x800002c8 (0x81fe5937) lui     s2, 0x81fe5
core   0: 3 0x800002c8 (0x81fe5937) x18 0x81fe5000
core   0: 0x800002cc (0x0f190913) addi    s2, s2, 241
core   0: 3 0x800002cc (0x0f190913) x18 0x81fe50f1
core   0: 0x800002d0 (0x4b895437) lui     s0, 0x4b895
core   0: 3 0x800002d0 (0x4b895437) x 8 0x4b895000
core   0: 0x800002d4 (0xad340413) addi    s0, s0, -1325
core   0: 3 0x800002d4 (0xad340413) x 8 0x4b894ad3
core   0: 0x800002d8 (0x00000d93) li      s11, 0
core   0: 3 0x800002d8 (0x00000d93) x27 0x00000000
core   0: 0x800002dc (0x00000293) li      t0, 0
core   0: 3 0x800002dc (0x00000293) x 5 0x00000000
core   0: 0x800002e0 (0x00000493) li      s1, 0
core   0: 3 0x800002e0 (0x00000493) x 9 0x00000000
core   0: 0x800002e4 (0x80000a37) lui     s4, 0x80000
core   0: 3 0x800002e4 (0x80000a37) x20 0x80000000
core   0: 0x800002e8 (0x800003b7) lui     t2, 0x80000
core   0: 3 0x800002e8 (0x800003b7) x 7 0x80000000
core   0: 0x800002ec (0x00000013) nop
core   0: 3 0x800002ec (0x00000013)
core   0: 0x800002f0 (0x76238d93) addi    s11, t2, 1890
core   0: 3 0x800002f0 (0x76238d93) x27 0x80000762
core   0: 0x800002f4 (0x00000013) nop
core   0: 3 0x800002f4 (0x00000013)
core   0: 0x800002f8 (0x011903b3) add     t2, s2, a7
core   0: 3 0x800002f8 (0x011903b3) x 7 0xef8d6541
core   0: 0x800002fc (0xdbd293b7) lui     t2, 0xdbd29
core   0: 3 0x800002fc (0xdbd293b7) x 7 0xdbd29000
core   0: 0x80000300 (0x012a0a33) add     s4, s4, s2
core   0: 3 0x80000300 (0x012a0a33) x20 0x01fe50f1
core   0: 0x80000304 (0x409882b3) sub     t0, a7, s1
core   0: 3 0x80000304 (0x409882b3) x 5 0x6d8f1450
core   0: 0x80000308 (0xf16e8417) auipc   s0, 0xf16e8
core   0: 3 0x80000308 (0xf16e8417) x 8 0x716e8308
core   0: 0x8000030c (0xf6410393) addi    t2, sp, -156
core   0: 3 0x8000030c (0xf6410393) x 7 0xffffff63
core   0: 0x80000310 (0x01b388b3) add     a7, t2, s11
core   0: 3 0x80000310 (0x01b388b3) x17 0x800006c5
core   0: 0x80000314 (0xdb51f417) auipc   s0, 0xdb51f
core   0: 3 0x80000314 (0xdb51f417) x 8 0x5b51f314
core   0: 0x80000318 (0x40728db3) sub     s11, t0, t2
core   0: 3 0x80000318 (0x40728db3) x27 0x6d8f14ed
core   0: 0x8000031c (0x407904b3) sub     s1, s2, t2
core   0: 3 0x8000031c (0x407904b3) x 9 0x81fe518e
core   0: 0x80000320 (0x0ae48d13) addi    s10, s1, 174
core   0: 3 0x80000320 (0x0ae48d13) x26 0x81fe523c
core   0: 0x80000324 (0x012104b3) add     s1, sp, s2
core   0: 3 0x80000324 (0x012104b3) x 9 0x81fe50f0
core   0: 0x80000328 (0x3be62137) lui     sp, 0x3be62
core   0: 3 0x80000328 (0x3be62137) x 2 0x3be62000
core   0: 0x8000032c (0x412884b3) sub     s1, a7, s2
core   0: 3 0x8000032c (0x412884b3) x 9 0xfe01b5d4
core   0: 0x80000330 (0x411a0db3) sub     s11, s4, a7
core   0: 3 0x80000330 (0x411a0db3) x27 0x81fe4a2c
core   0: 0x80000334 (0x02003a37) lui     s4, 0x2003
core   0: 3 0x80000334 (0x02003a37) x20 0x02003000
core   0: 0x80000338 (0x008882b3) add     t0, a7, s0
core   0: 3 0x80000338 (0x008882b3) x 5 0xdb51f9d9
core   0: 0x8000033c (0x405d8db3) sub     s11, s11, t0
core   0: 3 0x8000033c (0x405d8db3) x27 0xa6ac5053
core   0: 0x80000340 (0xc0928393) addi    t2, t0, -1015
core   0: 3 0x80000340 (0xc0928393) x 7 0xdb51f5e2
core   0: 0x80000344 (0x7c3ead37) lui     s10, 0x7c3ea
core   0: 3 0x80000344 (0x7c3ead37) x26 0x7c3ea000
core   0: 0x80000348 (0x893d8393) addi    t2, s11, -1901
core   0: 3 0x80000348 (0x893d8393) x 7 0xa6ac48e6
core   0: 0x8000034c (0x9d8824b7) lui     s1, 0x9d882
core   0: 3 0x8000034c (0x9d8824b7) x 9 0x9d882000
core   0: 0x80000350 (0x9e32a437) lui     s0, 0x9e32a
core   0: 3 0x80000350 (0x9e32a437) x 8 0x9e32a000
core   0: 0x80000354 (0xbbe8c897) auipc   a7, 0xbbe8c
core   0: 3 0x80000354 (0xbbe8c897) x17 0x3be8c354
core   0: 0x80000358 (0x007108b3) add     a7, sp, t2
core   0: 3 0x80000358 (0x007108b3) x17 0xe29268e6
core   0: 0x8000035c (0x800008b7) lui     a7, 0x80000
core   0: 3 0x8000035c (0x800008b7) x17 0x80000000
core   0: 0x80000360 (0x00000393) li      t2, 0
core   0: 3 0x80000360 (0x00000393) x 7 0x00000000
core   0: 0x80000364 (0x5c3484b7) lui     s1, 0x5c348
core   0: 3 0x80000364 (0x5c3484b7) x 9 0x5c348000
core   0: 0x80000368 (0x8c048493) addi    s1, s1, -1856
core   0: 3 0x80000368 (0x8c048493) x 9 0x5c3478c0
core   0: 0x8000036c (0x80000337) lui     t1, 0x80000
core   0: 3 0x8000036c (0x80000337) x 6 0x80000000
core   0: 0x80000370 (0x80000637) lui     a2, 0x80000
core   0: 3 0x80000370 (0x80000637) x12 0x80000000
core   0: 0x80000374 (0xfff00293) li      t0, -1
core   0: 3 0x80000374 (0xfff00293) x 5 0xffffffff
core   0: 0x80000378 (0x00000f93) li      t6, 0
core   0: 3 0x80000378 (0x00000f93) x31 0x00000000
core   0: 0x8000037c (0xfff00093) li      ra, -1
core   0: 3 0x8000037c (0xfff00093) x 1 0xffffffff
core   0: 0x80000380 (0xfff00213) li      tp, -1
core   0: 3 0x80000380 (0xfff00213) x 4 0xffffffff
core   0: 0x80000384 (0x00000113) li      sp, 0
core   0: 3 0x80000384 (0x00000113) x 2 0x00000000
core   0: 0x80000388 (0x409204b3) sub     s1, tp, s1
core   0: 3 0x80000388 (0x409204b3) x 9 0xa3cb873f
core   0: 0x8000038c (0xda348393) addi    t2, s1, -605
core   0: 3 0x8000038c (0xda348393) x 7 0xa3cb84e2
core   0: 0x80000390 (0x00000013) nop
core   0: 3 0x80000390 (0x00000013)
core   0: 0x80000394 (0x00000013) nop
core   0: 3 0x80000394 (0x00000013)
core   0: 0x80000398 (0xbcb48f93) addi    t6, s1, -1077
core   0: 3 0x80000398 (0xbcb48f93) x31 0xa3cb830a
core   0: 0x8000039c (0x93ab4497) auipc   s1, 0x93ab4
core   0: 3 0x8000039c (0x93ab4497) x 9 0x13ab439c
core   0: 0x800003a0 (0x01128493) addi    s1, t0, 17
core   0: 3 0x800003a0 (0x01128493) x 9 0x00000010
core   0: 0x800003a4 (0x028a7297) auipc   t0, 0x28a7
core   0: 3 0x800003a4 (0x028a7297) x 5 0x828a73a4
core   0: 0x800003a8 (0xbc87bfb7) lui     t6, 0xbc87b
core   0: 3 0x800003a8 (0xbc87bfb7) x31 0xbc87b000
core   0: 0x800003ac (0x6c248293) addi    t0, s1, 1730
core   0: 3 0x800003ac (0x6c248293) x 5 0x000006d2
core   0: 0x800003b0 (0x01f288b3) add     a7, t0, t6
core   0: 3 0x800003b0 (0x01f288b3) x17 0xbc87b6d2
core   0: 0x800003b4 (0xa20c93b7) lui     t2, 0xa20c9
core   0: 3 0x800003b4 (0xa20c93b7) x 7 0xa20c9000
core   0: 0x800003b8 (0x91b20393) addi    t2, tp, -1765
core   0: 3 0x800003b8 (0x91b20393) x 7 0xfffff91a
core   0: 0x800003bc (0x114938b7) lui     a7, 0x11493
core   0: 3 0x800003bc (0x114938b7) x17 0x11493000
core   0: 0x800003c0 (0x409483b3) sub     t2, s1, s1
core   0: 3 0x800003c0 (0x409483b3) x 7 0x00000000
core   0: 0x800003c4 (0x46675617) auipc   a2, 0x46675
core   0: 3 0x800003c4 (0x46675617) x12 0xc66753c4
core   0: 0x800003c8 (0x80000937) lui     s2, 0x80000
core   0: 3 0x800003c8 (0x80000937) x18 0x80000000
core   0: 0x800003cc (0xfff00d93) li      s11, -1
core   0: 3 0x800003cc (0xfff00d93) x27 0xffffffff
core   0: 0x800003d0 (0x00000b13) li      s6, 0
core   0: 3 0x800003d0 (0x00000b13) x22 0x00000000
core   0: 0x800003d4 (0x00000513) li      a0, 0
core   0: 3 0x800003d4 (0x00000513) x10 0x00000000
core   0: 0x800003d8 (0x00000c13) li      s8, 0
core   0: 3 0x800003d8 (0x00000c13) x24 0x00000000
core   0: 0x800003dc (0x41b20337) lui     t1, 0x41b20
core   0: 3 0x800003dc (0x41b20337) x 6 0x41b20000
core   0: 0x800003e0 (0x98e30313) addi    t1, t1, -1650
core   0: 3 0x800003e0 (0x98e30313) x 6 0x41b1f98e
core   0: 0x800003e4 (0x80000837) lui     a6, 0x80000
core   0: 3 0x800003e4 (0x80000837) x16 0x80000000
core   0: 0x800003e8 (0x00000593) li      a1, 0
core   0: 3 0x800003e8 (0x00000593) x11 0x00000000
core   0: 0x800003ec (0x00000d13) li      s10, 0
core   0: 3 0x800003ec (0x00000d13) x26 0x00000000
core   0: 0x800003f0 (0x00000293) li      t0, 0
core   0: 3 0x800003f0 (0x00000293) x 5 0x00000000
core   0: 0x800003f4 (0x53742297) auipc   t0, 0x53742
core   0: 3 0x800003f4 (0x53742297) x 5 0xd37423f4
core   0: 0x800003f8 (0x784bab17) auipc   s6, 0x784ba
core   0: 3 0x800003f8 (0x784bab17) x22 0xf84ba3f8
core   0: 0x800003fc (0x85ab85b7) lui     a1, 0x85ab8
core   0: 3 0x800003fc (0x85ab85b7) x11 0x85ab8000
core   0: 0x80000400 (0x012505b3) add     a1, a0, s2
core   0: 3 0x80000400 (0x012505b3) x11 0x80000000
core   0: 0x80000404 (0xda25f297) auipc   t0, 0xda25f
core   0: 3 0x80000404 (0xda25f297) x 5 0x5a25f404
core   0: 0x80000408 (0x5ae51b17) auipc   s6, 0x5ae51
core   0: 3 0x80000408 (0x5ae51b17) x22 0xdae51408
core   0: 0x8000040c (0x00000013) nop
core   0: 3 0x8000040c (0x00000013)
core   0: 0x80000410 (0x40ac0b33) sub     s6, s8, a0
core   0: 3 0x80000410 (0x40ac0b33) x22 0x00000000
core   0: 0x80000414 (0x40bb02b3) sub     t0, s6, a1
core   0: 3 0x80000414 (0x40bb02b3) x 5 0x80000000
core   0: 0x80000418 (0xf3718817) auipc   a6, 0xf3718
core   0: 3 0x80000418 (0xf3718817) x16 0x73718418
core   0: 0x8000041c (0x98a80293) addi    t0, a6, -1654
core   0: 3 0x8000041c (0x98a80293) x 5 0x73717da2
core   0: 0x80000420 (0x48880293) addi    t0, a6, 1160
core   0: 3 0x80000420 (0x48880293) x 5 0x737188a0
core   0: 0x80000424 (0x00b805b3) add     a1, a6, a1
core   0: 3 0x80000424 (0x00b805b3) x11 0xf3718418
core   0: 0x80000428 (0x68fe7d37) lui     s10, 0x68fe7
core   0: 3 0x80000428 (0x68fe7d37) x26 0x68fe7000
core   0: 0x8000042c (0xe8ed8913) addi    s2, s11, -370
core   0: 3 0x8000042c (0xe8ed8913) x18 0xfffffe8d
core   0: 0x80000430 (0xc8eacdb7) lui     s11, 0xc8eac
core   0: 3 0x80000430 (0xc8eacdb7) x27 0xc8eac000
core   0: 0x80000434 (0x6ae28293) addi    t0, t0, 1710
core   0: 3 0x80000434 (0x6ae28293) x 5 0x73718f4e
core   0: 0x80000438 (0xd4bca5b7) lui     a1, 0xd4bca
core   0: 3 0x80000438 (0xd4bca5b7) x11 0xd4bca000
core   0: 0x8000043c (0x00b28333) add     t1, t0, a1
core   0: 3 0x8000043c (0x00b28333) x 6 0x482e2f4e
core   0: 0x80000440 (0x9c2cdb17) auipc   s6, 0x9c2cd
core   0: 3 0x80000440 (0x9c2cdb17) x22 0x1c2cd440
core   0: 0x80000444 (0x2a0b1517) auipc   a0, 0x2a0b1
core   0: 3 0x80000444 (0x2a0b1517) x10 0xaa0b1444
core   0: 0x80000448 (0x41b30333) sub     t1, t1, s11
core   0: 3 0x80000448 (0x41b30333) x 6 0x7f436f4e
core   0: 0x8000044c (0x00bc0db3) add     s11, s8, a1
core   0: 3 0x8000044c (0x00bc0db3) x27 0xd4bca000
core   0: 0x80000450 (0x6df68c17) auipc   s8, 0x6df68
core   0: 3 0x80000450 (0x6df68c17) x24 0xedf68450
core   0: 0x80000454 (0x41850db3) sub     s11, a0, s8
core   0: 3 0x80000454 (0x41850db3) x27 0xbc148ff4
core   0: 0x80000458 (0xbfabf297) auipc   t0, 0xbfabf
core   0: 3 0x80000458 (0xbfabf297) x 5 0x3fabf458
core   0: 0x8000045c (0x861e5a37) lui     s4, 0x861e5
core   0: 3 0x8000045c (0x861e5a37) x20 0x861e5000
core   0: 0x80000460 (0xb33a0a13) addi    s4, s4, -1229
core   0: 3 0x80000460 (0xb33a0a13) x20 0x861e4b33
core   0: 0x80000464 (0x00000613) li      a2, 0
core   0: 3 0x80000464 (0x00000613) x12 0x00000000
core   0: 0x80000468 (0x00000f93) li      t6, 0
core   0: 3 0x80000468 (0x00000f93) x31 0x00000000
core   0: 0x8000046c (0xfff00d93) li      s11, -1
core   0: 3 0x8000046c (0xfff00d93) x27 0xffffffff
core   0: 0x80000470 (0x30e572b7) lui     t0, 0x30e57
core   0: 3 0x80000470 (0x30e572b7) x 5 0x30e57000
core   0: 0x80000474 (0x6c128293) addi    t0, t0, 1729
core   0: 3 0x80000474 (0x6c128293) x 5 0x30e576c1
core   0: 0x80000478 (0xfff00093) li      ra, -1
core   0: 3 0x80000478 (0xfff00093) x 1 0xffffffff
core   0: 0x8000047c (0x0e819237) lui     tp, 0xe819
core   0: 3 0x8000047c (0x0e819237) x 4 0x0e819000
core   0: 0x80000480 (0x4be20213) addi    tp, tp, 1214
core   0: 3 0x80000480 (0x4be20213) x 4 0x0e8194be
core   0: 0x80000484 (0x00000113) li      sp, 0
core   0: 3 0x80000484 (0x00000113) x 2 0x00000000
core   0: 0x80000488 (0x17765e37) lui     t3, 0x17765
core   0: 3 0x80000488 (0x17765e37) x28 0x17765000
core   0: 0x8000048c (0xcbae0e13) addi    t3, t3, -838
core   0: 3 0x8000048c (0xcbae0e13) x28 0x17764cba
core   0: 0x80000490 (0xfff00413) li      s0, -1
core   0: 3 0x80000490 (0xfff00413) x 8 0xffffffff
core   0: 0x80000494 (0x175be237) lui     tp, 0x175be
core   0: 3 0x80000494 (0x175be237) x 4 0x175be000
core   0: 0x80000498 (0x404a02b3) sub     t0, s4, tp
core   0: 3 0x80000498 (0x404a02b3) x 5 0x6ec26b33
core   0: 0x8000049c (0x00440fb3) add     t6, s0, tp
core   0: 3 0x8000049c (0x00440fb3) x31 0x175bdfff
core   0: 0x800004a0 (0x8d3e1117) auipc   sp, 0x8d3e1
core   0: 3 0x800004a0 (0x8d3e1117) x 2 0x0d3e14a0
core   0: 0x800004a4 (0x40c282b3) sub     t0, t0, a2
core   0: 3 0x800004a4 (0x40c282b3) x 5 0x6ec26b33
core   0: 0x800004a8 (0x01428133) add     sp, t0, s4
core   0: 3 0x800004a8 (0x01428133) x 2 0xf4e0b666
core   0: 0x800004ac (0x98e8e297) auipc   t0, 0x98e8e
core   0: 3 0x800004ac (0x98e8e297) x 5 0x18e8e4ac
core   0: 0x800004b0 (0x1cb40413) addi    s0, s0, 459
core   0: 3 0x800004b0 (0x1cb40413) x 8 0x000001ca
core   0: 0x800004b4 (0xd8b77137) lui     sp, 0xd8b77
core   0: 3 0x800004b4 (0xd8b77137) x 2 0xd8b77000
core   0: 0x800004b8 (0x002d8e33) add     t3, s11, sp
core   0: 3 0x800004b8 (0x002d8e33) x28 0xd8b76fff
core   0: 0x800004bc (0x3f6a0113) addi    sp, s4, 1014
core   0: 3 0x800004bc (0x3f6a0113) x 2 0x861e4f29
core   0: 0x800004c0 (0x00000013) nop
core   0: 3 0x800004c0 (0x00000013)
core   0: 0x800004c4 (0x962e0d93) addi    s11, t3, -1694
core   0: 3 0x800004c4 (0x962e0d93) x27 0xd8b76961
core   0: 0x800004c8 (0x00cd80b3) add     ra, s11, a2
core   0: 3 0x800004c8 (0x00cd80b3) x 1 0xd8b76961
core   0: 0x800004cc (0x863cf437) lui     s0, 0x863cf
core   0: 3 0x800004cc (0x863cf437) x 8 0x863cf000
core   0: 0x800004d0 (0xe526e117) auipc   sp, 0xe526e
core   0: 3 0x800004d0 (0xe526e117) x 2 0x6526e4d0
core   0: 0x800004d4 (0xfff00b93) li      s7, -1
core   0: 3 0x800004d4 (0xfff00b93) x23 0xffffffff
core   0: 0x800004d8 (0x00000813) li      a6, 0
core   0: 3 0x800004d8 (0x00000813) x16 0x00000000
core   0: 0x800004dc (0x800009b7) lui     s3, 0x80000
core   0: 3 0x800004dc (0x800009b7) x19 0x80000000
core   0: 0x800004e0 (0x80000d37) lui     s10, 0x80000
core   0: 3 0x800004e0 (0x80000d37) x26 0x80000000
core   0: 0x800004e4 (0x67c012b7) lui     t0, 0x67c01
core   0: 3 0x800004e4 (0x67c012b7) x 5 0x67c01000
core   0: 0x800004e8 (0xfea28293) addi    t0, t0, -22
core   0: 3 0x800004e8 (0xfea28293) x 5 0x67c00fea
core   0: 0x800004ec (0x80000137) lui     sp, 0x80000
core   0: 3 0x800004ec (0x80000137) x 2 0x80000000
core   0: 0x800004f0 (0x00000893) li      a7, 0
core   0: 3 0x800004f0 (0x00000893) x17 0x00000000
core   0: 0x800004f4 (0x80000337) lui     t1, 0x80000
core   0: 3 0x800004f4 (0x80000337) x 6 0x80000000
core   0: 0x800004f8 (0x00000a13) li      s4, 0
core   0: 3 0x800004f8 (0x00000a13) x20 0x00000000
core   0: 0x800004fc (0x00000613) li      a2, 0
core   0: 3 0x800004fc (0x00000613) x12 0x00000000
core   0: 0x80000500 (0x414b88b3) sub     a7, s7, s4
core   0: 3 0x80000500 (0x414b88b3) x17 0xffffffff
core   0: 0x80000504 (0x27c88d13) addi    s10, a7, 636
core   0: 3 0x80000504 (0x27c88d13) x26 0x0000027b
core   0: 0x80000508 (0x62b4c637) lui     a2, 0x62b4c
core   0: 3 0x80000508 (0x62b4c637) x12 0x62b4c000
core   0: 0x8000050c (0xa84b5637) lui     a2, 0xa84b5
core   0: 3 0x8000050c (0xa84b5637) x12 0xa84b5000
core   0: 0x80000510 (0x00c30bb3) add     s7, t1, a2
core   0: 3 0x80000510 (0x00c30bb3) x23 0x284b5000
core   0: 0x80000514 (0x00000013) nop
core   0: 3 0x80000514 (0x00000013)
core   0: 0x80000518 (0xc2f30a13) addi    s4, t1, -977
core   0: 3 0x80000518 (0xc2f30a13) x20 0x7ffffc2f
core   0: 0x8000051c (0x406a08b3) sub     a7, s4, t1
core   0: 3 0x8000051c (0x406a08b3) x17 0xfffffc2f
core   0: 0x80000520 (0x402d0633) sub     a2, s10, sp
core   0: 3 0x80000520 (0x402d0633) x12 0x8000027b
core   0: 0x80000524 (0x6618fa37) lui     s4, 0x6618f
core   0: 3 0x80000524 (0x6618fa37) x20 0x6618f000
core   0: 0x80000528 (0xbcf28d13) addi    s10, t0, -1073
core   0: 3 0x80000528 (0xbcf28d13) x26 0x67c00bb9
core   0: 0x8000052c (0x01730a33) add     s4, t1, s7
core   0: 3 0x8000052c (0x01730a33) x20 0xa84b5000
core   0: 0x80000530 (0x2e83d297) auipc   t0, 0x2e83d
core   0: 3 0x80000530 (0x2e83d297) x 5 0xae83d530
core   0: 0x80000534 (0x01ab89b3) add     s3, s7, s10
core   0: 3 0x80000534 (0x01ab89b3) x19 0x900b5bb9
core   0: 0x80000538 (0xf267c8b7) lui     a7, 0xf267c
core   0: 3 0x80000538 (0xf267c8b7) x17 0xf267c000
core   0: 0x8000053c (0x83deba17) auipc   s4, 0x83deb
core   0: 3 0x8000053c (0x83deba17) x20 0x03deb53c
core   0: 0x80000540 (0x00000013) nop
core   0: 3 0x80000540 (0x00000013)
core   0: 0x80000544 (0x405602b3) sub     t0, a2, t0
core   0: 3 0x80000544 (0x405602b3) x 5 0xd17c2d4b
core   0: 0x80000548 (0x48828837) lui     a6, 0x48828
core   0: 3 0x80000548 (0x48828837) x16 0x48828000
core   0: 0x8000054c (0x00000013) nop
core   0: 3 0x8000054c (0x00000013)
core   0: 0x80000550 (0x011808b3) add     a7, a6, a7
core   0: 3 0x80000550 (0x011808b3) x17 0x3aea4000
core   0: 0x80000554 (0x010b8d33) add     s10, s7, a6
core   0: 3 0x80000554 (0x010b8d33) x26 0x70cdd000
core   0: 0x80000558 (0x00000013) nop
core   0: 3 0x80000558 (0x00000013)
core   0: 0x8000055c (0xcbc96617) auipc   a2, 0xcbc96
core   0: 3 0x8000055c (0xcbc96617) x12 0x4bc9655c
core   0: 0x80000560 (0x108032b7) lui     t0, 0x10803
core   0: 3 0x80000560 (0x108032b7) x 5 0x10803000
core   0: 0x80000564 (0xcb028293) addi    t0, t0, -848
core   0: 3 0x80000564 (0xcb028293) x 5 0x10802cb0
core   0: 0x80000568 (0x80000fb7) lui     t6, 0x80000
core   0: 3 0x80000568 (0x80000fb7) x31 0x80000000
core   0: 0x8000056c (0xfff00893) li      a7, -1
core   0: 3 0x8000056c (0xfff00893) x17 0xffffffff
core   0: 0x80000570 (0x80000d37) lui     s10, 0x80000
core   0: 3 0x80000570 (0x80000d37) x26 0x80000000
core   0: 0x80000574 (0xfff00793) li      a5, -1
core   0: 3 0x80000574 (0xfff00793) x15 0xffffffff
core   0: 0x80000578 (0x80000f37) lui     t5, 0x80000
core   0: 3 0x80000578 (0x80000f37) x30 0x80000000
core   0: 0x8000057c (0xb72ad4b7) lui     s1, 0xb72ad
core   0: 3 0x8000057c (0xb72ad4b7) x 9 0xb72ad000
core   0: 0x80000580 (0x86248493) addi    s1, s1, -1950
core   0: 3 0x80000580 (0x86248493) x 9 0xb72ac862
core   0: 0x80000584 (0x66b88a37) lui     s4, 0x66b88
core   0: 3 0x80000584 (0x66b88a37) x20 0x66b88000
core   0: 0x80000588 (0x278a0a13) addi    s4, s4, 632
core   0: 3 0x80000588 (0x278a0a13) x20 0x66b88278
core   0: 0x8000058c (0x00000a93) li      s5, 0
core   0: 3 0x8000058c (0x00000a93) x21 0x00000000
core   0: 0x80000590 (0xfff00693) li      a3, -1
core   0: 3 0x80000590 (0xfff00693) x13 0xffffffff
core   0: 0x80000594 (0x92a7f497) auipc   s1, 0x92a7f
core   0: 3 0x80000594 (0x92a7f497) x 9 0x12a7f594
core   0: 0x80000598 (0xcbfd0293) addi    t0, s10, -833
core   0: 3 0x80000598 (0xcbfd0293) x 5 0x7ffffcbf
core   0: 0x8000059c (0x58ed0493) addi    s1, s10, 1422
core   0: 3 0x8000059c (0x58ed0493) x 9 0x8000058e
core   0: 0x800005a0 (0x0b9e9497) auipc   s1, 0xb9e9
core   0: 3 0x800005a0 (0x0b9e9497) x 9 0x8b9e95a0
core   0: 0x800005a4 (0xf4136fb7) lui     t6, 0xf4136
core   0: 3 0x800005a4 (0xf4136fb7) x31 0xf4136000
core   0: 0x800005a8 (0xaf787d17) auipc   s10, 0xaf787
core   0: 3 0x800005a8 (0xaf787d17) x26 0x2f7875a8
core   0: 0x800005ac (0x00000013) nop
core   0: 3 0x800005ac (0x00000013)
core   0: 0x800005b0 (0xae542897) auipc   a7, 0xae542
core   0: 3 0x800005b0 (0xae542897) x17 0x2e5425b0
core   0: 0x800005b4 (0x2ff37d37) lui     s10, 0x2ff37
core   0: 3 0x800005b4 (0x2ff37d37) x26 0x2ff37000
core   0: 0x800005b8 (0xa31d48b7) lui     a7, 0xa31d4
core   0: 3 0x800005b8 (0xa31d48b7) x17 0xa31d4000
core   0: 0x800005bc (0x41a48a33) sub     s4, s1, s10
core   0: 3 0x800005bc (0x41a48a33) x20 0x5bab25a0
core   0: 0x800005c0 (0x409d06b3) sub     a3, s10, s1
core   0: 3 0x800005c0 (0x409d06b3) x13 0xa454da60
core   0: 0x800005c4 (0x00f78a33) add     s4, a5, a5
core   0: 3 0x800005c4 (0x00f78a33) x20 0xfffffffe
core   0: 0x800005c8 (0x17738297) auipc   t0, 0x17738
core   0: 3 0x800005c8 (0x17738297) x 5 0x977385c8
core   0: 0x800005cc (0x00000013) nop
core   0: 3 0x800005cc (0x00000013)
core   0: 0x800005d0 (0x4e1ff2b7) lui     t0, 0x4e1ff
core   0: 3 0x800005d0 (0x4e1ff2b7) x 5 0x4e1ff000
core   0: 0x800005d4 (0x0bb490b7) lui     ra, 0xbb49
core   0: 3 0x800005d4 (0x0bb490b7) x 1 0x0bb49000
core   0: 0x800005d8 (0xc2d08093) addi    ra, ra, -979
core   0: 3 0x800005d8 (0xc2d08093) x 1 0x0bb48c2d
core   0: 0x800005dc (0x00000b93) li      s7, 0
core   0: 3 0x800005dc (0x00000b93) x23 0x00000000
core   0: 0x800005e0 (0xfff00293) li      t0, -1
core   0: 3 0x800005e0 (0xfff00293) x 5 0xffffffff
core   0: 0x800005e4 (0x00000913) li      s2, 0
core   0: 3 0x800005e4 (0x00000913) x18 0x00000000
core   0: 0x800005e8 (0xfff00893) li      a7, -1
core   0: 3 0x800005e8 (0xfff00893) x17 0xffffffff
core   0: 0x800005ec (0x80000b37) lui     s6, 0x80000
core   0: 3 0x800005ec (0x80000b37) x22 0x80000000
core   0: 0x800005f0 (0xfff00793) li      a5, -1
core   0: 3 0x800005f0 (0xfff00793) x15 0xffffffff
core   0: 0x800005f4 (0xfff00213) li      tp, -1
core   0: 3 0x800005f4 (0xfff00213) x 4 0xffffffff
core   0: 0x800005f8 (0xfff00493) li      s1, -1
core   0: 3 0x800005f8 (0xfff00493) x 9 0xffffffff
core   0: 0x800005fc (0x00000413) li      s0, 0
core   0: 3 0x800005fc (0x00000413) x 8 0x00000000
core   0: 0x80000600 (0x00000013) nop
core   0: 3 0x80000600 (0x00000013)
core   0: 0x80000604 (0x00000013) nop
core   0: 3 0x80000604 (0x00000013)
core   0: 0x80000608 (0x00f20bb3) add     s7, tp, a5
core   0: 3 0x80000608 (0x00f20bb3) x23 0xfffffffe
core   0: 0x8000060c (0x01278bb3) add     s7, a5, s2
core   0: 3 0x8000060c (0x01278bb3) x23 0xffffffff
core   0: 0x80000610 (0xd7c88b97) auipc   s7, 0xd7c88
core   0: 3 0x80000610 (0xd7c88b97) x23 0x57c88610
core   0: 0x80000614 (0x00000013) nop
core   0: 3 0x80000614 (0x00000013)
core   0: 0x80000618 (0x41720b33) sub     s6, tp, s7
core   0: 3 0x80000618 (0x41720b33) x22 0xa83779ef
core   0: 0x8000061c (0x7dd56937) lui     s2, 0x7dd56
core   0: 3 0x8000061c (0x7dd56937) x18 0x7dd56000
core   0: 0x80000620 (0x401907b3) sub     a5, s2, ra
core   0: 3 0x80000620 (0x401907b3) x15 0x7220d3d3
core   0: 0x80000624 (0x00000013) nop
core   0: 3 0x80000624 (0x00000013)
core   0: 0x80000628 (0x40fb04b3) sub     s1, s6, a5
core   0: 3 0x80000628 (0x40fb04b3) x 9 0x3616a61c
core   0: 0x8000062c (0x009400b3) add     ra, s0, s1
core   0: 3 0x8000062c (0x009400b3) x 1 0x3616a61c
core   0: 0x80000630 (0x00448bb3) add     s7, s1, tp
core   0: 3 0x80000630 (0x00448bb3) x23 0x3616a61b
core   0: 0x80000634 (0x401787b3) sub     a5, a5, ra
core   0: 3 0x80000634 (0x401787b3) x15 0x3c0a2db7
core   0: 0x80000638 (0x00f78b33) add     s6, a5, a5
core   0: 3 0x80000638 (0x00f78b33) x22 0x78145b6e
core   0: 0x8000063c (0x00988433) add     s0, a7, s1
core   0: 3 0x8000063c (0x00988433) x 8 0x3616a61b
core   0: 0x80000640 (0x409b02b3) sub     t0, s6, s1
core   0: 3 0x80000640 (0x409b02b3) x 5 0x41fdb552
core   0: 0x80000644 (0x016207b3) add     a5, tp, s6
core   0: 3 0x80000644 (0x016207b3) x15 0x78145b6d
core   0: 0x80000648 (0x00190433) add     s0, s2, ra
core   0: 3 0x80000648 (0x00190433) x 8 0xb3ec061c
core   0: 0x8000064c (0x00fb0b33) add     s6, s6, a5
core   0: 3 0x8000064c (0x00fb0b33) x22 0xf028b6db
core   0: 0x80000650 (0x416908b3) sub     a7, s2, s6
core   0: 3 0x80000650 (0x416908b3) x17 0x8daca925
core   0: 0x80000654 (0x3ad78893) addi    a7, a5, 941
core   0: 3 0x80000654 (0x3ad78893) x17 0x78145f1a
core   0: 0x80000658 (0x00000013) nop
core   0: 3 0x80000658 (0x00000013)
core   0: 0x8000065c (0x40820233) sub     tp, tp, s0
core   0: 3 0x8000065c (0x40820233) x 4 0x4c13f9e3
core   0: 0x80000660 (0x7a7b0793) addi    a5, s6, 1959
core   0: 3 0x80000660 (0x7a7b0793) x15 0xf028be82
core   0: 0x80000664 (0x54df3297) auipc   t0, 0x54df3
core   0: 3 0x80000664 (0x54df3297) x 5 0xd4df3664
core   0: 0x80000668 (0xb03b4417) auipc   s0, 0xb03b4
core   0: 3 0x80000668 (0xb03b4417) x 8 0x303b4668
core   0: 0x8000066c (0x895eb7b7) lui     a5, 0x895eb
core   0: 3 0x8000066c (0x895eb7b7) x15 0x895eb000
core   0: 0x80000670 (0xfff00193) li      gp, -1
core   0: 3 0x80000670 (0xfff00193) x 3 0xffffffff
core   0: 0x80000674 (0xfff00b93) li      s7, -1
core   0: 3 0x80000674 (0xfff00b93) x23 0xffffffff
core   0: 0x80000678 (0x5c483e37) lui     t3, 0x5c483
core   0: 3 0x80000678 (0x5c483e37) x28 0x5c483000
core   0: 0x8000067c (0x1b1e0e13) addi    t3, t3, 433
core   0: 3 0x8000067c (0x1b1e0e13) x28 0x5c4831b1
core   0: 0x80000680 (0x3f6186b7) lui     a3, 0x3f618
core   0: 3 0x80000680 (0x3f6186b7) x13 0x3f618000
core   0: 0x80000684 (0xc8f68693) addi    a3, a3, -881
core   0: 3 0x80000684 (0xc8f68693) x13 0x3f617c8f
core   0: 0x80000688 (0xfff00593) li      a1, -1
core   0: 3 0x80000688 (0xfff00593) x11 0xffffffff
core   0: 0x8000068c (0x6eb4a0b7) lui     ra, 0x6eb4a
core   0: 3 0x8000068c (0x6eb4a0b7) x 1 0x6eb4a000
core   0: 0x80000690 (0x16808093) addi    ra, ra, 360
core   0: 3 0x80000690 (0x16808093) x 1 0x6eb4a168
core   0: 0x80000694 (0x505e6c37) lui     s8, 0x505e6
core   0: 3 0x80000694 (0x505e6c37) x24 0x505e6000
core   0: 0x80000698 (0x405c0c13) addi    s8, s8, 1029
core   0: 3 0x80000698 (0x405c0c13) x24 0x505e6405
core   0: 0x8000069c (0x80000b37) lui     s6, 0x80000
core   0: 3 0x8000069c (0x80000b37) x22 0x80000000
core   0: 0x800006a0 (0xfff00f13) li      t5, -1
core   0: 3 0x800006a0 (0xfff00f13) x30 0xffffffff
core   0: 0x800006a4 (0x80000fb7) lui     t6, 0x80000
core   0: 3 0x800006a4 (0x80000fb7) x31 0x80000000
core   0: 0x800006a8 (0x00000013) nop
core   0: 3 0x800006a8 (0x00000013)
core   0: 0x800006ac (0xc6058f13) addi    t5, a1, -928
core   0: 3 0x800006ac (0xc6058f13) x30 0xfffffc5f
core   0: 0x800006b0 (0x40bc00b3) sub     ra, s8, a1
core   0: 3 0x800006b0 (0x40bc00b3) x 1 0x505e6406
core   0: 0x800006b4 (0x001f0f33) add     t5, t5, ra
core   0: 3 0x800006b4 (0x001f0f33) x30 0x505e6065
core   0: 0x800006b8 (0x40bf81b3) sub     gp, t6, a1
core   0: 3 0x800006b8 (0x40bf81b3) x 3 0x80000001
core   0: 0x800006bc (0x82461bb7) lui     s7, 0x82461
core   0: 3 0x800006bc (0x82461bb7) x23 0x82461000
core   0: 0x800006c0 (0x0ee0db17) auipc   s6, 0xee0d
core   0: 3 0x800006c0 (0x0ee0db17) x22 0x8ee0d6c0
core   0: 0x800006c4 (0xcd608b13) addi    s6, ra, -810
core   0: 3 0x800006c4 (0xcd608b13) x22 0x505e60dc
core   0: 0x800006c8 (0x1d4a6e17) auipc   t3, 0x1d4a6
core   0: 3 0x800006c8 (0x1d4a6e17) x28 0x9d4a66c8
core   0: 0x800006cc (0x3e6f8693) addi    a3, t6, 998
core   0: 3 0x800006cc (0x3e6f8693) x13 0x800003e6
core   0: 0x800006d0 (0x72865f37) lui     t5, 0x72865
core   0: 3 0x800006d0 (0x72865f37) x30 0x72865000
core   0: 0x800006d4 (0x00d18e33) add     t3, gp, a3
core   0: 3 0x800006d4 (0x00d18e33) x28 0x000003e7
core   0: 0x800006d8 (0x01cc06b3) add     a3, s8, t3
core   0: 3 0x800006d8 (0x01cc06b3) x13 0x505e67ec
core   0: 0x800006dc (0x00000013) nop
core   0: 3 0x800006dc (0x00000013)
core   0: 0x800006e0 (0x00000013) nop
core   0: 3 0x800006e0 (0x00000013)
core   0: 0x800006e4 (0x40bc06b3) sub     a3, s8, a1
core   0: 3 0x800006e4 (0x40bc06b3) x13 0x505e6406
core   0: 0x800006e8 (0x416b01b3) sub     gp, s6, s6
core   0: 3 0x800006e8 (0x416b01b3) x 3 0x00000000
core   0: 0x800006ec (0x00000013) nop
core   0: 3 0x800006ec (0x00000013)
core   0: 0x800006f0 (0x80000a37) lui     s4, 0x80000
core   0: 3 0x800006f0 (0x80000a37) x20 0x80000000
core   0: 0x800006f4 (0xfff00193) li      gp, -1
core   0: 3 0x800006f4 (0xfff00193) x 3 0xffffffff
core   0: 0x800006f8 (0x80000137) lui     sp, 0x80000
core   0: 3 0x800006f8 (0x80000137) x 2 0x80000000
core   0: 0x800006fc (0x80000537) lui     a0, 0x80000
core   0: 3 0x800006fc (0x80000537) x10 0x80000000
core   0: 0x80000700 (0xfff00813) li      a6, -1
core   0: 3 0x80000700 (0xfff00813) x16 0xffffffff
core   0: 0x80000704 (0xfff00613) li      a2, -1
core   0: 3 0x80000704 (0xfff00613) x12 0xffffffff
core   0: 0x80000708 (0xfff00413) li      s0, -1
core   0: 3 0x80000708 (0xfff00413) x 8 0xffffffff
core   0: 0x8000070c (0x80000237) lui     tp, 0x80000
core   0: 3 0x8000070c (0x80000237) x 4 0x80000000
core   0: 0x80000710 (0x00000393) li      t2, 0
core   0: 3 0x80000710 (0x00000393) x 7 0x00000000
core   0: 0x80000714 (0xfff00f13) li      t5, -1
core   0: 3 0x80000714 (0xfff00f13) x30 0xffffffff
core   0: 0x80000718 (0x00c80533) add     a0, a6, a2
core   0: 3 0x80000718 (0x00c80533) x10 0xfffffffe
core   0: 0x8000071c (0x01460f33) add     t5, a2, s4
core   0: 3 0x8000071c (0x01460f33) x30 0x7fffffff
core   0: 0x80000720 (0x003201b3) add     gp, tp, gp
core   0: 3 0x80000720 (0x003201b3) x 3 0x7fffffff
core   0: 0x80000724 (0xcec76137) lui     sp, 0xcec76
core   0: 3 0x80000724 (0xcec76137) x 2 0xcec76000
core   0: 0x80000728 (0x40c40233) sub     tp, s0, a2
core   0: 3 0x80000728 (0x40c40233) x 4 0x00000000
core   0: 0x8000072c (0x00818a33) add     s4, gp, s0
core   0: 3 0x8000072c (0x00818a33) x20 0x7ffffffe
core   0: 0x80000730 (0x003503b3) add     t2, a0, gp
core   0: 3 0x80000730 (0x003503b3) x 7 0x7ffffffd
core   0: 0x80000734 (0x77640513) addi    a0, s0, 1910
core   0: 3 0x80000734 (0x77640513) x10 0x00000775
core   0: 0x80000738 (0x12640f13) addi    t5, s0, 294
core   0: 3 0x80000738 (0x12640f13) x30 0x00000125
core   0: 0x8000073c (0x37a80197) auipc   gp, 0x37a80
core   0: 3 0x8000073c (0x37a80197) x 3 0xb7a8073c
core   0: 0x80000740 (0xa8133417) auipc   s0, 0xa8133
core   0: 3 0x80000740 (0xa8133417) x 8 0x28133740
core   0: 0x80000744 (0x18260393) addi    t2, a2, 386
core   0: 3 0x80000744 (0x18260393) x 7 0x00000181
core   0: 0x80000748 (0x41e601b3) sub     gp, a2, t5
core   0: 3 0x80000748 (0x41e601b3) x 3 0xfffffeda
core   0: 0x8000074c (0x75af0213) addi    tp, t5, 1882
core   0: 3 0x8000074c (0x75af0213) x 4 0x0000087f
core   0: 0x80000750 (0x1604ff17) auipc   t5, 0x1604f
core   0: 3 0x80000750 (0x1604ff17) x30 0x9604f750
core   0: 0x80000754 (0x414183b3) sub     t2, gp, s4
core   0: 3 0x80000754 (0x414183b3) x 7 0x7ffffedc
core   0: 0x80000758 (0x3e339617) auipc   a2, 0x3e339
core   0: 3 0x80000758 (0x3e339617) x12 0xbe339758
core   0: 0x8000075c (0x00480f33) add     t5, a6, tp
core   0: 3 0x8000075c (0x00480f33) x30 0x0000087e
core   0: 0x80000760 (0xc8620113) addi    sp, tp, -890
core   0: 3 0x80000760 (0xc8620113) x 2 0x00000505
core   0: 0x80000764 (0xad0ea137) lui     sp, 0xad0ea
core   0: 3 0x80000764 (0xad0ea137) x 2 0xad0ea000
core   0: 0x80000768 (0xfff00813) li      a6, -1
core   0: 3 0x80000768 (0xfff00813) x16 0xffffffff
core   0: 0x8000076c (0xfff00d13) li      s10, -1
core   0: 3 0x8000076c (0xfff00d13) x26 0xffffffff
core   0: 0x80000770 (0x80000237) lui     tp, 0x80000
core   0: 3 0x80000770 (0x80000237) x 4 0x80000000
core   0: 0x80000774 (0x00000613) li      a2, 0
core   0: 3 0x80000774 (0x00000613) x12 0x00000000
core   0: 0x80000778 (0xfff00e13) li      t3, -1
core   0: 3 0x80000778 (0xfff00e13) x28 0xffffffff
core   0: 0x8000077c (0x68791437) lui     s0, 0x68791
core   0: 3 0x8000077c (0x68791437) x 8 0x68791000
core   0: 0x80000780 (0x5c440413) addi    s0, s0, 1476
core   0: 3 0x80000780 (0x5c440413) x 8 0x687915c4
core   0: 0x80000784 (0x00000a93) li      s5, 0
core   0: 3 0x80000784 (0x00000a93) x21 0x00000000
core   0: 0x80000788 (0xfff00b13) li      s6, -1
core   0: 3 0x80000788 (0xfff00b13) x22 0xffffffff
core   0: 0x8000078c (0x00000513) li      a0, 0
core   0: 3 0x8000078c (0x00000513) x10 0x00000000
core   0: 0x80000790 (0x00000293) li      t0, 0
core   0: 3 0x80000790 (0x00000293) x 5 0x00000000
core   0: 0x80000794 (0x35629b17) auipc   s6, 0x35629
core   0: 3 0x80000794 (0x35629b17) x22 0xb5629794
core   0: 0x80000798 (0x00000013) nop
core   0: 3 0x80000798 (0x00000013)
core   0: 0x8000079c (0x41c40533) sub     a0, s0, t3
core   0: 3 0x8000079c (0x41c40533) x10 0x687915c5
core   0: 0x800007a0 (0x11acf2b7) lui     t0, 0x11acf
core   0: 3 0x800007a0 (0x11acf2b7) x 5 0x11acf000
core   0: 0x800007a4 (0x9b750a93) addi    s5, a0, -1609
core   0: 3 0x800007a4 (0x9b750a93) x21 0x68790f7c
core   0: 0x800007a8 (0xbcbb0513) addi    a0, s6, -1077
core   0: 3 0x800007a8 (0xbcbb0513) x10 0xb562935f
core   0: 0x800007ac (0x74ee0e13) addi    t3, t3, 1870
core   0: 3 0x800007ac (0x74ee0e13) x28 0x0000074d
core   0: 0x800007b0 (0x28950e13) addi    t3, a0, 649
core   0: 3 0x800007b0 (0x28950e13) x28 0xb56295e8
core   0: 0x800007b4 (0x404b0433) sub     s0, s6, tp
core   0: 3 0x800007b4 (0x404b0433) x 8 0x35629794
core   0: 0x800007b8 (0x00000013) nop
core   0: 3 0x800007b8 (0x00000013)
core   0: 0x800007bc (0x577f2d37) lui     s10, 0x577f2
core   0: 3 0x800007bc (0x577f2d37) x26 0x577f2000
core   0: 0x800007c0 (0x48e32817) auipc   a6, 0x48e32
core   0: 3 0x800007c0 (0x48e32817) x16 0xc8e327c0
core   0: 0x800007c4 (0x005d0533) add     a0, s10, t0
core   0: 3 0x800007c4 (0x005d0533) x10 0x692c1000
core   0: 0x800007c8 (0xad3d0513) addi    a0, s10, -1325
core   0: 3 0x800007c8 (0xad3d0513) x10 0x577f1ad3
core   0: 0x800007cc (0x00000013) nop
core   0: 3 0x800007cc (0x00000013)
core   0: 0x800007d0 (0x96c05617) auipc   a2, 0x96c05
core   0: 3 0x800007d0 (0x96c05617) x12 0x16c057d0
core   0: 0x800007d4 (0x41c50233) sub     tp, a0, t3
core   0: 3 0x800007d4 (0x41c50233) x 4 0xa21c84eb
core   0: 0x800007d8 (0x905eee37) lui     t3, 0x905ee
core   0: 3 0x800007d8 (0x905eee37) x28 0x905ee000
core   0: 0x800007dc (0x78ae0e13) addi    t3, t3, 1930
core   0: 3 0x800007dc (0x78ae0e13) x28 0x905ee78a
core   0: 0x800007e0 (0x87bcbab7) lui     s5, 0x87bcb
core   0: 3 0x800007e0 (0x87bcbab7) x21 0x87bcb000
core   0: 0x800007e4 (0x810a8a93) addi    s5, s5, -2032
core   0: 3 0x800007e4 (0x810a8a93) x21 0x87bca810
core   0: 0x800007e8 (0x80000f37) lui     t5, 0x80000
core   0: 3 0x800007e8 (0x80000f37) x30 0x80000000
core   0: 0x800007ec (0x00000513) li      a0, 0
core   0: 3 0x800007ec (0x00000513) x10 0x00000000
core   0: 0x800007f0 (0x00000393) li      t2, 0
core   0: 3 0x800007f0 (0x00000393) x 7 0x00000000
core   0: 0x800007f4 (0x00000193) li      gp, 0
core   0: 3 0x800007f4 (0x00000193) x 3 0x00000000
core   0: 0x800007f8 (0xfff00093) li      ra, -1
core   0: 3 0x800007f8 (0xfff00093) x 1 0xffffffff
core   0: 0x800007fc (0xfff00313) li      t1, -1
core   0: 3 0x800007fc (0xfff00313) x 6 0xffffffff
core   0: 0x80000800 (0x00000293) li      t0, 0
core   0: 3 0x80000800 (0x00000293) x 5 0x00000000
core   0: 0x80000804 (0x0a25cd37) lui     s10, 0xa25c
core   0: 3 0x80000804 (0x0a25cd37) x26 0x0a25c000
core   0: 0x80000808 (0x40cd0d13) addi    s10, s10, 1036
core   0: 3 0x80000808 (0x40cd0d13) x26 0x0a25c40c
core   0: 0x8000080c (0x41ca8ab3) sub     s5, s5, t3
core   0: 3 0x8000080c (0x41ca8ab3) x21 0xf75dc086
core   0: 0x80000810 (0x00000013) nop
core   0: 3 0x80000810 (0x00000013)
core   0: 0x80000814 (0x407e0333) sub     t1, t3, t2
core   0: 3 0x80000814 (0x407e0333) x 6 0x905ee78a
core   0: 0x80000818 (0xf5a18313) addi    t1, gp, -166
core   0: 3 0x80000818 (0xf5a18313) x 6 0xffffff5a
core   0: 0x8000081c (0x01ae0333) add     t1, t3, s10
core   0: 3 0x8000081c (0x01ae0333) x 6 0x9a84ab96
core   0: 0x80000820 (0xb13daa97) auipc   s5, 0xb13da
core   0: 3 0x80000820 (0xb13daa97) x21 0x313da820
core   0: 0x80000824 (0x00ad0e33) add     t3, s10, a0
core   0: 3 0x80000824 (0x00ad0e33) x28 0x0a25c40c
core   0: 0x80000828 (0x16fe0393) addi    t2, t3, 367
core   0: 3 0x80000828 (0x16fe0393) x 7 0x0a25c57b
core   0: 0x8000082c (0x401d0533) sub     a0, s10, ra
core   0: 3 0x8000082c (0x401d0533) x10 0x0a25c40d
core   0: 0x80000830 (0x657ba317) auipc   t1, 0x657ba
core   0: 3 0x80000830 (0x657ba317) x 6 0xe57ba830
core   0: 0x80000834 (0x52ed0193) addi    gp, s10, 1326
core   0: 3 0x80000834 (0x52ed0193) x 3 0x0a25c93a
core   0: 0x80000838 (0x63b11317) auipc   t1, 0x63b11
core   0: 3 0x80000838 (0x63b11317) x 6 0xe3b11838
core   0: 0x8000083c (0x24be0a93) addi    s5, t3, 587
core   0: 3 0x8000083c (0x24be0a93) x21 0x0a25c657
core   0: 0x80000840 (0xe58f0e13) addi    t3, t5, -424
core   0: 3 0x80000840 (0xe58f0e13) x28 0x7ffffe58
core   0: 0x80000844 (0x00000013) nop
core   0: 3 0x80000844 (0x00000013)
core   0: 0x80000848 (0x24985a97) auipc   s5, 0x24985
core   0: 3 0x80000848 (0x24985a97) x21 0xa4985848
core   0: 0x8000084c (0x7aa08e13) addi    t3, ra, 1962
core   0: 3 0x8000084c (0x7aa08e13) x28 0x000007a9
core   0: 0x80000850 (0x406501b3) sub     gp, a0, t1
core   0: 3 0x80000850 (0x406501b3) x 3 0x2674abd5
core   0: 0x80000854 (0x00000013) nop
core   0: 3 0x80000854 (0x00000013)
core   0: 0x80000858 (0x40608e33) sub     t3, ra, t1
core   0: 3 0x80000858 (0x40608e33) x28 0x1c4ee7c7
core   0: 0x8000085c (0x08550293) addi    t0, a0, 133
core   0: 3 0x8000085c (0x08550293) x 5 0x0a25c492
core   0: 0x80000860 (0x40ae01b3) sub     gp, t3, a0
core   0: 3 0x80000860 (0x40ae01b3) x 3 0x122923ba
core   0: 0x80000864 (0xba871537) lui     a0, 0xba871
core   0: 3 0x80000864 (0xba871537) x10 0xba871000
core   0: 0x80000868 (0x01530e33) add     t3, t1, s5
core   0: 3 0x80000868 (0x01530e33) x28 0x88497080
core   0: 0x8000086c (0x00000013) nop
core   0: 3 0x8000086c (0x00000013)
core   0: 0x80000870 (0x00000013) nop
core   0: 3 0x80000870 (0x00000013)
core   0: 0x80000874 (0x415d0f33) sub     t5, s10, s5
core   0: 3 0x80000874 (0x415d0f33) x30 0x658d6bc4
core   0: 0x80000878 (0xfff00413) li      s0, -1
core   0: 3 0x80000878 (0xfff00413) x 8 0xffffffff
core   0: 0x8000087c (0x00000f93) li      t6, 0
core   0: 3 0x8000087c (0x00000f93) x31 0x00000000
core   0: 0x80000880 (0x00000313) li      t1, 0
core   0: 3 0x80000880 (0x00000313) x 6 0x00000000
core   0: 0x80000884 (0x5013aab7) lui     s5, 0x5013a
core   0: 3 0x80000884 (0x5013aab7) x21 0x5013a000
core   0: 0x80000888 (0xf18a8a93) addi    s5, s5, -232
core   0: 3 0x80000888 (0xf18a8a93) x21 0x50139f18
core   0: 0x8000088c (0x32c4fb37) lui     s6, 0x32c4f
core   0: 3 0x8000088c (0x32c4fb37) x22 0x32c4f000
core   0: 0x80000890 (0xfe7b0b13) addi    s6, s6, -25
core   0: 3 0x80000890 (0xfe7b0b13) x22 0x32c4efe7
core   0: 0x80000894 (0x800003b7) lui     t2, 0x80000
core   0: 3 0x80000894 (0x800003b7) x 7 0x80000000
core   0: 0x80000898 (0x00000693) li      a3, 0
core   0: 3 0x80000898 (0x00000693) x13 0x00000000
core   0: 0x8000089c (0x800007b7) lui     a5, 0x80000
core   0: 3 0x8000089c (0x800007b7) x15 0x80000000
core   0: 0x800008a0 (0x00000893) li      a7, 0
core   0: 3 0x800008a0 (0x00000893) x17 0x00000000
core   0: 0x800008a4 (0x00000f13) li      t5, 0
core   0: 3 0x800008a4 (0x00000f13) x30 0x00000000
core   0: 0x800008a8 (0xbe3e7f17) auipc   t5, 0xbe3e7
core   0: 3 0x800008a8 (0xbe3e7f17) x30 0x3e3e78a8
core   0: 0x800008ac (0x477258b7) lui     a7, 0x47725
core   0: 3 0x800008ac (0x477258b7) x17 0x47725000
core   0: 0x800008b0 (0x00000013) nop
core   0: 3 0x800008b0 (0x00000013)
core   0: 0x800008b4 (0x00000013) nop
core   0: 3 0x800008b4 (0x00000013)
core   0: 0x800008b8 (0x016403b3) add     t2, s0, s6
core   0: 3 0x800008b8 (0x016403b3) x 7 0x32c4efe6
core   0: 0x800008bc (0x00f40433) add     s0, s0, a5
core   0: 3 0x800008bc (0x00f40433) x 8 0x7fffffff
core   0: 0x800008c0 (0x415688b3) sub     a7, a3, s5
core   0: 3 0x800008c0 (0x415688b3) x17 0xafec60e8
core   0: 0x800008c4 (0x01e386b3) add     a3, t2, t5
core   0: 3 0x800008c4 (0x01e386b3) x13 0x7103688e
core   0: 0x800008c8 (0x72983337) lui     t1, 0x72983
core   0: 3 0x800008c8 (0x72983337) x 6 0x72983000
core   0: 0x800008cc (0x6ae38b13) addi    s6, t2, 1710
core   0: 3 0x800008cc (0x6ae38b13) x22 0x32c4f694
core   0: 0x800008d0 (0x40d78433) sub     s0, a5, a3
core   0: 3 0x800008d0 (0x40d78433) x 8 0x0efc9772
core   0: 0x800008d4 (0xa352db37) lui     s6, 0xa352d
core   0: 3 0x800008d4 (0xa352db37) x22 0xa352d000
core   0: 0x800008d8 (0x76bfb317) auipc   t1, 0x76bfb
core   0: 3 0x800008d8 (0x76bfb317) x 6 0xf6bfb8d8
core   0: 0x800008dc (0x0a940393) addi    t2, s0, 169
core   0: 3 0x800008dc (0x0a940393) x 7 0x0efc981b
core   0: 0x800008e0 (0x00768333) add     t1, a3, t2
core   0: 3 0x800008e0 (0x00768333) x 6 0x800000a9
core   0: 0x800008e4 (0x00838333) add     t1, t2, s0
core   0: 3 0x800008e4 (0x00838333) x 6 0x1df92f8d
core   0: 0x800008e8 (0x3636ea97) auipc   s5, 0x3636e
core   0: 3 0x800008e8 (0x3636ea97) x21 0xb636e8e8
core   0: 0x800008ec (0xfff00b13) li      s6, -1
core   0: 3 0x800008ec (0xfff00b13) x22 0xffffffff
core   0: 0x800008f0 (0xaba850b7) lui     ra, 0xaba85
core   0: 3 0x800008f0 (0xaba850b7) x 1 0xaba85000
core   0: 0x800008f4 (0xdd508093) addi    ra, ra, -555
core   0: 3 0x800008f4 (0xdd508093) x 1 0xaba84dd5
core   0: 0x800008f8 (0x00000993) li      s3, 0
core   0: 3 0x800008f8 (0x00000993) x19 0x00000000
core   0: 0x800008fc (0xfff00613) li      a2, -1
core   0: 3 0x800008fc (0xfff00613) x12 0xffffffff
core   0: 0x80000900 (0x3da36337) lui     t1, 0x3da36
core   0: 3 0x80000900 (0x3da36337) x 6 0x3da36000
core   0: 0x80000904 (0xc3e30313) addi    t1, t1, -962
core   0: 3 0x80000904 (0xc3e30313) x 6 0x3da35c3e
core   0: 0x80000908 (0x979f41b7) lui     gp, 0x979f4
core   0: 3 0x80000908 (0x979f41b7) x 3 0x979f4000
core   0: 0x8000090c (0x7d118193) addi    gp, gp, 2001
core   0: 3 0x8000090c (0x7d118193) x 3 0x979f47d1
core   0: 0x80000910 (0xfff00113) li      sp, -1
core   0: 3 0x80000910 (0xfff00113) x 2 0xffffffff
core   0: 0x80000914 (0xfff00293) li      t0, -1
core   0: 3 0x80000914 (0xfff00293) x 5 0xffffffff
core   0: 0x80000918 (0x165886b7) lui     a3, 0x16588
core   0: 3 0x80000918 (0x165886b7) x13 0x16588000
core   0: 0x8000091c (0x3cf68693) addi    a3, a3, 975
core   0: 3 0x8000091c (0x3cf68693) x13 0x165883cf
core   0: 0x80000920 (0xfff00f13) li      t5, -1
core   0: 3 0x80000920 (0xfff00f13) x30 0xffffffff
core   0: 0x80000924 (0x00000013) nop
core   0: 3 0x80000924 (0x00000013)
core   0: 0x80000928 (0x40608f33) sub     t5, ra, t1
core   0: 3 0x80000928 (0x40608f33) x30 0x6e04f197
core   0: 0x8000092c (0x40d686b3) sub     a3, a3, a3
core   0: 3 0x8000092c (0x40d686b3) x13 0x00000000
core   0: 0x80000930 (0x99ef0093) addi    ra, t5, -1634
core   0: 3 0x80000930 (0x99ef0093) x 1 0x6e04eb35
core   0: 0x80000934 (0x34808f13) addi    t5, ra, 840
core   0: 3 0x80000934 (0x34808f13) x30 0x6e04ee7d
core   0: 0x80000938 (0x62c68093) addi    ra, a3, 1580
core   0: 3 0x80000938 (0x62c68093) x 1 0x0000062c
core   0: 0x8000093c (0x8c126b17) auipc   s6, 0x8c126
core   0: 3 0x8000093c (0x8c126b17) x22 0x0c12693c
core   0: 0x80000940 (0x00000013) nop
core   0: 3 0x80000940 (0x00000013)
core   0: 0x80000944 (0x001289b3) add     s3, t0, ra
core   0: 3 0x80000944 (0x001289b3) x19 0x0000062b
core   0: 0x80000948 (0x00360b33) add     s6, a2, gp
core   0: 3 0x80000948 (0x00360b33) x22 0x979f47d0
core   0: 0x8000094c (0xd8368293) addi    t0, a3, -637
core   0: 3 0x8000094c (0xd8368293) x 5 0xfffffd83
core   0: 0x80000950 (0xeef782b7) lui     t0, 0xeef78
core   0: 3 0x80000950 (0xeef782b7) x 5 0xeef78000
core   0: 0x80000954 (0x03a1eb37) lui     s6, 0x3a1e
core   0: 3 0x80000954 (0x03a1eb37) x22 0x03a1e000
core   0: 0x80000958 (0x016080b3) add     ra, ra, s6
core   0: 3 0x80000958 (0x016080b3) x 1 0x03a1e62c
core   0: 0x8000095c (0x00000013) nop
core   0: 3 0x8000095c (0x00000013)
core   0: 0x80000960 (0xa32c2f37) lui     t5, 0xa32c2
core   0: 3 0x80000960 (0xa32c2f37) x30 0xa32c2000
core   0: 0x80000964 (0xc360b297) auipc   t0, 0xc360b
core   0: 3 0x80000964 (0xc360b297) x 5 0x4360b964
core   0: 0x80000968 (0x00698633) add     a2, s3, t1
core   0: 3 0x80000968 (0x00698633) x12 0x3da36269
core   0: 0x8000096c (0x6b57f697) auipc   a3, 0x6b57f
core   0: 3 0x8000096c (0x6b57f697) x13 0xeb57f96c
core   0: 0x80000970 (0x2a8f0f13) addi    t5, t5, 680
core   0: 3 0x80000970 (0x2a8f0f13) x30 0xa32c22a8
core   0: 0x80000974 (0x800006b7) lui     a3, 0x80000
core   0: 3 0x80000974 (0x800006b7) x13 0x80000000
core   0: 0x80000978 (0xa66344b7) lui     s1, 0xa6634
core   0: 3 0x80000978 (0xa66344b7) x 9 0xa6634000
core   0: 0x8000097c (0xe6048493) addi    s1, s1, -416
core   0: 3 0x8000097c (0xe6048493) x 9 0xa6633e60
core   0: 0x80000980 (0xfff00313) li      t1, -1
core   0: 3 0x80000980 (0xfff00313) x 6 0xffffffff
core   0: 0x80000984 (0x9713fab7) lui     s5, 0x9713f
core   0: 3 0x80000984 (0x9713fab7) x21 0x9713f000
core   0: 0x80000988 (0x092a8a93) addi    s5, s5, 146
core   0: 3 0x80000988 (0x092a8a93) x21 0x9713f092
core   0: 0x8000098c (0x00000f13) li      t5, 0
core   0: 3 0x8000098c (0x00000f13) x30 0x00000000
core   0: 0x80000990 (0x00000113) li      sp, 0
core   0: 3 0x80000990 (0x00000113) x 2 0x00000000
core   0: 0x80000994 (0x572fe5b7) lui     a1, 0x572fe
core   0: 3 0x80000994 (0x572fe5b7) x11 0x572fe000
core   0: 0x80000998 (0xedc58593) addi    a1, a1, -292
core   0: 3 0x80000998 (0xedc58593) x11 0x572fdedc
core   0: 0x8000099c (0xf28861b7) lui     gp, 0xf2886
core   0: 3 0x8000099c (0xf28861b7) x 3 0xf2886000
core   0: 0x800009a0 (0xa4f18193) addi    gp, gp, -1457
core   0: 3 0x800009a0 (0xa4f18193) x 3 0xf2885a4f
core   0: 0x800009a4 (0xfff00813) li      a6, -1
core   0: 3 0x800009a4 (0xfff00813) x16 0xffffffff
core   0: 0x800009a8 (0x800003b7) lui     t2, 0x80000
core   0: 3 0x800009a8 (0x800003b7) x 7 0x80000000
core   0: 0x800009ac (0xbe6a8193) addi    gp, s5, -1050
core   0: 3 0x800009ac (0xbe6a8193) x 3 0x9713ec78
core   0: 0x800009b0 (0x1eff46b7) lui     a3, 0x1eff4
core   0: 3 0x800009b0 (0x1eff46b7) x13 0x1eff4000
core   0: 0x800009b4 (0x711f0113) addi    sp, t5, 1809
core   0: 3 0x800009b4 (0x711f0113) x 2 0x00000711
core   0: 0x800009b8 (0xdd8f3497) auipc   s1, 0xdd8f3
core   0: 3 0x800009b8 (0xdd8f3497) x 9 0x5d8f39b8
core   0: 0x800009bc (0x406f0ab3) sub     s5, t5, t1
core   0: 3 0x800009bc (0x406f0ab3) x21 0x00000001
core   0: 0x800009c0 (0x92120337) lui     t1, 0x92120
core   0: 3 0x800009c0 (0x92120337) x 6 0x92120000
core   0: 0x800009c4 (0xde866f17) auipc   t5, 0xde866
core   0: 3 0x800009c4 (0xde866f17) x30 0x5e8669c4
core   0: 0x800009c8 (0x01ea85b3) add     a1, s5, t5
core   0: 3 0x800009c8 (0x01ea85b3) x11 0x5e8669c5
core   0: 0x800009cc (0x48130193) addi    gp, t1, 1153
core   0: 3 0x800009cc (0x48130193) x 3 0x92120481
core   0: 0x800009d0 (0x41558ab3) sub     s5, a1, s5
core   0: 3 0x800009d0 (0x41558ab3) x21 0x5e8669c4
core   0: 0x800009d4 (0xf0648693) addi    a3, s1, -250
core   0: 3 0x800009d4 (0xf0648693) x13 0x5d8f38be
core   0: 0x800009d8 (0x00000013) nop
core   0: 3 0x800009d8 (0x00000013)
core   0: 0x800009dc (0x00000013) nop
core   0: 3 0x800009dc (0x00000013)
core   0: 0x800009e0 (0x407305b3) sub     a1, t1, t2
core   0: 3 0x800009e0 (0x407305b3) x11 0x12120000
core   0: 0x800009e4 (0x8fd02f37) lui     t5, 0x8fd02
core   0: 3 0x800009e4 (0x8fd02f37) x30 0x8fd02000
core   0: 0x800009e8 (0x4a55f817) auipc   a6, 0x4a55f
core   0: 3 0x800009e8 (0x4a55f817) x16 0xca55f9e8
core   0: 0x800009ec (0xa0aa8593) addi    a1, s5, -1526
core   0: 3 0x800009ec (0xa0aa8593) x11 0x5e8663ce
core   0: 0x800009f0 (0x00000013) nop
core   0: 3 0x800009f0 (0x00000013)
core   0: 0x800009f4 (0x23f68693) addi    a3, a3, 575
core   0: 3 0x800009f4 (0x23f68693) x13 0x5d8f3afd
core   0: 0x800009f8 (0x00000013) nop
core   0: 3 0x800009f8 (0x00000013)
core   0: 0x800009fc (0x48278817) auipc   a6, 0x48278
core   0: 3 0x800009fc (0x48278817) x16 0xc82789fc
core   0: 0x80000a00 (0x00738333) add     t1, t2, t2
core   0: 3 0x80000a00 (0x00738333) x 6 0x00000000
core   0: 0x80000a04 (0x3d2b6337) lui     t1, 0x3d2b6
core   0: 3 0x80000a04 (0x3d2b6337) x 6 0x3d2b6000
core   0: 0x80000a08 (0x00000013) nop
core   0: 3 0x80000a08 (0x00000013)
core   0: 0x80000a0c (0x007803b3) add     t2, a6, t2
core   0: 3 0x80000a0c (0x007803b3) x 7 0x482789fc
core   0: 0x80000a10 (0x409584b3) sub     s1, a1, s1
core   0: 3 0x80000a10 (0x409584b3) x 9 0x00f72a16
core   0: 0x80000a14 (0x80000d37) lui     s10, 0x80000
core   0: 3 0x80000a14 (0x80000d37) x26 0x80000000
core   0: 0x80000a18 (0x800001b7) lui     gp, 0x80000
core   0: 3 0x80000a18 (0x800001b7) x 3 0x80000000
core   0: 0x80000a1c (0x80000b37) lui     s6, 0x80000
core   0: 3 0x80000a1c (0x80000b37) x22 0x80000000
core   0: 0x80000a20 (0x80000137) lui     sp, 0x80000
core   0: 3 0x80000a20 (0x80000137) x 2 0x80000000
core   0: 0x80000a24 (0x800000b7) lui     ra, 0x80000
core   0: 3 0x80000a24 (0x800000b7) x 1 0x80000000
core   0: 0x80000a28 (0x1e7616b7) lui     a3, 0x1e761
core   0: 3 0x80000a28 (0x1e7616b7) x13 0x1e761000
core   0: 0x80000a2c (0x13268693) addi    a3, a3, 306
core   0: 3 0x80000a2c (0x13268693) x13 0x1e761132
core   0: 0x80000a30 (0x00000993) li      s3, 0
core   0: 3 0x80000a30 (0x00000993) x19 0x00000000
core   0: 0x80000a34 (0x00000f93) li      t6, 0
core   0: 3 0x80000a34 (0x00000f93) x31 0x00000000
core   0: 0x80000a38 (0x80000437) lui     s0, 0x80000
core   0: 3 0x80000a38 (0x80000437) x 8 0x80000000
core   0: 0x80000a3c (0xc92633b7) lui     t2, 0xc9263
core   0: 3 0x80000a3c (0xc92633b7) x 7 0xc9263000
core   0: 0x80000a40 (0xece38393) addi    t2, t2, -306
core   0: 3 0x80000a40 (0xece38393) x 7 0xc9262ece
core   0: 0x80000a44 (0x00000013) nop
core   0: 3 0x80000a44 (0x00000013)
core   0: 0x80000a48 (0x40dd0b33) sub     s6, s10, a3
core   0: 3 0x80000a48 (0x40dd0b33) x22 0x6189eece
core   0: 0x80000a4c (0xc29e0997) auipc   s3, 0xc29e0
core   0: 3 0x80000a4c (0xc29e0997) x19 0x429e0a4c
core   0: 0x80000a50 (0x008980b3) add     ra, s3, s0
core   0: 3 0x80000a50 (0x008980b3) x 1 0xc29e0a4c
core   0: 0x80000a54 (0xb291e137) lui     sp, 0xb291e
core   0: 3 0x80000a54 (0xb291e137) x 2 0xb291e000
core   0: 0x80000a58 (0x00000013) nop
core   0: 3 0x80000a58 (0x00000013)
core   0: 0x80000a5c (0x407f89b3) sub     s3, t6, t2
core   0: 3 0x80000a5c (0x407f89b3) x19 0x36d9d132
core   0: 0x80000a60 (0x983f8093) addi    ra, t6, -1661
core   0: 3 0x80000a60 (0x983f8093) x 1 0xfffff983
core   0: 0x80000a64 (0x001d0433) add     s0, s10, ra
core   0: 3 0x80000a64 (0x001d0433) x 8 0x7ffff983
core   0: 0x80000a68 (0xa9bb0413) addi    s0, s6, -1381
core   0: 3 0x80000a68 (0xa9bb0413) x 8 0x6189e969
core   0: 0x80000a6c (0x00368b33) add     s6, a3, gp
core   0: 3 0x80000a6c (0x00368b33) x22 0x9e761132
core   0: 0x80000a70 (0xa1c970b7) lui     ra, 0xa1c97
core   0: 3 0x80000a70 (0xa1c970b7) x 1 0xa1c97000
core   0: 0x80000a74 (0x00d680b3) add     ra, a3, a3
core   0: 3 0x80000a74 (0x00d680b3) x 1 0x3cec2264
core   0: 0x80000a78 (0x41308d33) sub     s10, ra, s3
core   0: 3 0x80000a78 (0x41308d33) x26 0x06125132
core   0: 0x80000a7c (0x0f108693) addi    a3, ra, 241
core   0: 3 0x80000a7c (0x0f108693) x13 0x3cec2355
core   0: 0x80000a80 (0xcb100f97) auipc   t6, 0xcb100
core   0: 3 0x80000a80 (0xcb100f97) x31 0x4b100a80
core   0: 0x80000a84 (0x29440d13) addi    s10, s0, 660
core   0: 3 0x80000a84 (0x29440d13) x26 0x6189ebfd
core   0: 0x80000a88 (0x00000013) nop
core   0: 3 0x80000a88 (0x00000013)
core   0: 0x80000a8c (0x8709ef97) auipc   t6, 0x8709e
core   0: 3 0x80000a8c (0x8709ef97) x31 0x0709ea8c
core   0: 0x80000a90 (0xd8d83697) auipc   a3, 0xd8d83
core   0: 3 0x80000a90 (0xd8d83697) x13 0x58d83a90
core   0: 0x80000a94 (0x457d3097) auipc   ra, 0x457d3
core   0: 3 0x80000a94 (0x457d3097) x 1 0xc57d3a94
core   0: 0x80000a98 (0x40768b33) sub     s6, a3, t2
core   0: 3 0x80000a98 (0x40768b33) x22 0x8fb20bc2
core   0: 0x80000a9c (0x403c5513) srai    a0, s8, 3
core   0: 3 0x80000a9c (0x403c5513) x10 0x0a0bcc80
core   0: 0x80000aa0 (0x0034d333) srl     t1, s1, gp
core   0: 3 0x80000aa0 (0x0034d333) x 6 0x00f72a16
core   0: 0x80000aa4 (0x760a2793) slti    a5, s4, 1888
core   0: 3 0x80000aa4 (0x760a2793) x15 0x00000000
core   0: 0x80000aa8 (0x00a1a233) slt     tp, gp, a0
core   0: 3 0x80000aa8 (0x00a1a233) x 4 0x00000001
core   0: 0x80000aac (0x0b3bbd13) sltiu   s10, s7, 179
core   0: 3 0x80000aac (0x0b3bbd13) x26 0x00000000
core   0: 0x80000ab0 (0x0063c7b3) xor     a5, t2, t1
core   0: 3 0x80000ab0 (0x0063c7b3) x15 0xc9d104d8
core   0: 0x80000ab4 (0x41750e33) sub     t3, a0, s7
core   0: 3 0x80000ab4 (0x41750e33) x28 0x87c5bc80
core   0: 0x80000ab8 (0x00939f93) slli    t6, t2, 9
core   0: 3 0x80000ab8 (0x00939f93) x31 0x4c5d9c00
core   0: 0x80000abc (0x41ea6013) ori     zero, s4, 1054
core   0: 3 0x80000abc (0x41ea6013)
core   0: 0x80000ac0 (0x0177dd93) srli    s11, a5, 23
core   0: 3 0x80000ac0 (0x0177dd93) x27 0x00000193
core   0: 0x80000ac4 (0x41780ab3) sub     s5, a6, s7
core   0: 3 0x80000ac4 (0x41780ab3) x21 0x45e179fc
core   0: 0x80000ac8 (0x018f94b3) sll     s1, t6, s8
core   0: 3 0x80000ac8 (0x018f94b3) x 9 0x8bb38000
core   0: 0x80000acc (0x00d61593) slli    a1, a2, 13
core   0: 3 0x80000acc (0x00d61593) x11 0x6c4d2000
core   0: 0x80000ad0 (0x010f6533) or      a0, t5, a6
core   0: 3 0x80000ad0 (0x010f6533) x10 0xcff7a9fc
core   0: 0x80000ad4 (0x2df93113) sltiu   sp, s2, 735
core   0: 3 0x80000ad4 (0x2df93113) x 2 0x00000000
core   0: 0x80000ad8 (0x34768697) auipc   a3, 0x34768
core   0: 3 0x80000ad8 (0x34768697) x13 0xb4768ad8
core   0: 0x80000adc (0x529ccc13) xori    s8, s9, 1321
core   0: 3 0x80000adc (0x529ccc13) x24 0x800159cd
core   0: 0x80000ae0 (0x40d50f33) sub     t5, a0, a3
core   0: 3 0x80000ae0 (0x40d50f33) x30 0x1b811f24
core   0: 0x80000ae4 (0x40dbda13) srai    s4, s7, 13
core   0: 3 0x80000ae4 (0x40dbda13) x20 0xfffc1230
core   0: 0x80000ae8 (0xf0f10337) lui     t1, 0xf0f10
core   0: 3 0x80000ae8 (0xf0f10337) x 6 0xf0f10000
core   0: 0x80000aec (0x01cdc433) xor     s0, s11, t3
core   0: 3 0x80000aec (0x01cdc433) x 8 0x87c5bd13
core   0: 0x80000af0 (0x5ff83617) auipc   a2, 0x5ff83
core   0: 3 0x80000af0 (0x5ff83617) x12 0xdff83af0
core   0: 0x80000af4 (0x00b36333) or      t1, t1, a1
core   0: 3 0x80000af4 (0x00b36333) x 6 0xfcfd2000
core   0: 0x80000af8 (0x701e8c13) addi    s8, t4, 1793
core   0: 3 0x80000af8 (0x701e8c13) x24 0x80012565
core   0: 0x80000afc (0x019a8133) add     sp, s5, s9
core   0: 3 0x80000afc (0x019a8133) x 2 0xc5e2d6e0
core   0: 0x80000b00 (0x22fd3c13) sltiu   s8, s10, 559
core   0: 3 0x80000b00 (0x22fd3c13) x24 0x00000001
core   0: 0x80000b04 (0x002b2433) slt     s0, s6, sp
core   0: 3 0x80000b04 (0x002b2433) x 8 0x00000001
core   0: 0x80000b08 (0x002b9793) slli    a5, s7, 2
core   0: 3 0x80000b08 (0x002b9793) x15 0x09184000
core   0: 0x80000b0c (0x00dacf33) xor     t5, s5, a3
core   0: 3 0x80000b0c (0x00dacf33) x30 0xf197f324
core   0: 0x80000b10 (0x00dd9693) slli    a3, s11, 13
core   0: 3 0x80000b10 (0x00dd9693) x13 0x00326000
core   0: 0x80000b14 (0xaf20bb93) sltiu   s7, ra, -1294
core   0: 3 0x80000b14 (0xaf20bb93) x23 0x00000001
core   0: 0x80000b18 (0x2a32c913) xori    s2, t0, 675
core   0: 3 0x80000b18 (0x2a32c913) x18 0x4360bbc7
core   0: 0x80000b1c (0x00c329b3) slt     s3, t1, a2
core   0: 3 0x80000b1c (0x00c329b3) x19 0x00000000
core   0: 0x80000b20 (0x00192d33) slt     s10, s2, ra
core   0: 3 0x80000b20 (0x00192d33) x26 0x00000000
core   0: 0x80000b24 (0xd5057e17) auipc   t3, 0xd5057
core   0: 3 0x80000b24 (0xd5057e17) x28 0x55057b24
core   0: 0x80000b28 (0x217b3f13) sltiu   t5, s6, 535
core   0: 3 0x80000b28 (0x217b3f13) x30 0x00000000
core   0: 0x80000b2c (0x01a257b3) srl     a5, tp, s10
core   0: 3 0x80000b2c (0x01a257b3) x15 0x00000001
core   0: 0x80000b30 (0x41c35fb3) sra     t6, t1, t3
core   0: 3 0x80000b30 (0x41c35fb3) x31 0xffcfd200
core   0: 0x80000b34 (0x41315593) srai    a1, sp, 19
core   0: 3 0x80000b34 (0x41315593) x11 0xfffff8bc
core   0: 0x80000b38 (0x40928b33) sub     s6, t0, s1
core   0: 3 0x80000b38 (0x40928b33) x22 0xb7ad3964
core   0: 0x80000b3c (0x46e37a93) andi    s5, t1, 1134
core   0: 3 0x80000b3c (0x46e37a93) x21 0x00000000
core   0: 0x80000b40 (0x22484313) xori    t1, a6, 548
core   0: 3 0x80000b40 (0x22484313) x 6 0xc8278bd8
core   0: 0x80000b44 (0x004396b3) sll     a3, t2, tp
core   0: 3 0x80000b44 (0x004396b3) x13 0x924c5d9c
core   0: 0x80000b48 (0x214c2113) slti    sp, s8, 532
core   0: 3 0x80000b48 (0x214c2113) x 2 0x00000001
core   0: 0x80000b4c (0x40c580b3) sub     ra, a1, a2
core   0: 3 0x80000b4c (0x40c580b3) x 1 0x2007bdcc
core   0: 0x80000b50 (0xc951bf13) sltiu   t5, gp, -875
core   0: 3 0x80000b50 (0xc951bf13) x30 0x00000001
core   0: 0x80000b54 (0xbe7d8f93) addi    t6, s11, -1049
core   0: 3 0x80000b54 (0xbe7d8f93) x31 0xfffffd7a
core   0: 0x80000b58 (0x01e1e533) or      a0, gp, t5
core   0: 3 0x80000b58 (0x01e1e533) x10 0x80000001
core   0: 0x80000b5c (0x00280c33) add     s8, a6, sp
core   0: 3 0x80000b5c (0x00280c33) x24 0xc82789fd
core   0: 0x80000b60 (0x41235b13) srai    s6, t1, 18
core   0: 3 0x80000b60 (0x41235b13) x22 0xfffff209
core   0: 0x80000b64 (0xa5c02517) auipc   a0, 0xa5c02
core   0: 3 0x80000b64 (0xa5c02517) x10 0x25c02b64
core   0: 0x80000b68 (0x0021e513) ori     a0, gp, 2
core   0: 3 0x80000b68 (0x0021e513) x10 0x80000002
core   0: 0x80000b6c (0x007c2833) slt     a6, s8, t2
core   0: 3 0x80000b6c (0x007c2833) x16 0x00000001
core   0: 0x80000b70 (0x5966ef93) ori     t6, a3, 1430
core   0: 3 0x80000b70 (0x5966ef93) x31 0x924c5d9e
core   0: 0x80000b74 (0x00ea1c33) sll     s8, s4, a4
core   0: 3 0x80000b74 (0x00ea1c33) x24 0xfffc1230
core   0: 0x80000b78 (0xd1b54e37) lui     t3, 0xd1b54
core   0: 3 0x80000b78 (0xd1b54e37) x28 0xd1b54000
core   0: 0x80000b7c (0x00fcc1b3) xor     gp, s9, a5
core   0: 3 0x80000b7c (0x00fcc1b3) x 3 0x80015ce5
core   0: 0x80000b80 (0x01d46033) or      zero, s0, t4
core   0: 3 0x80000b80 (0x01d46033)
core   0: 0x80000b84 (0x00494533) xor     a0, s2, tp
core   0: 3 0x80000b84 (0x00494533) x10 0x4360bbc6
core   0: 0x80000b88 (0x39277f13) andi    t5, a4, 914
core   0: 3 0x80000b88 (0x39277f13) x30 0x00000000
core   0: 0x80000b8c (0x01505493) srli    s1, zero, 21
core   0: 3 0x80000b8c (0x01505493) x 9 0x00000000
core   0: 0x80000b90 (0x00e3c0b3) xor     ra, t2, a4
core   0: 3 0x80000b90 (0x00e3c0b3) x 1 0x49262ece
core   0: 0x80000b94 (0x0001b3b3) sltu    t2, gp, zero
core   0: 3 0x80000b94 (0x0001b3b3) x 7 0x00000000
core   0: 0x80000b98 (0x506fab93) slti    s7, t6, 1286
core   0: 3 0x80000b98 (0x506fab93) x23 0x00000001
core   0: 0x80000b9c (0x4751be13) sltiu   t3, gp, 1141
core   0: 3 0x80000b9c (0x4751be13) x28 0x00000000
core   0: 0x80000ba0 (0x000b1d13) slli    s10, s6, 0
core   0: 3 0x80000ba0 (0x000b1d13) x26 0xfffff209
core   0: 0x80000ba4 (0x00677533) and     a0, a4, t1
core   0: 3 0x80000ba4 (0x00677533) x10 0x80000000
core   0: 0x80000ba8 (0x0017e7b3) or      a5, a5, ra
core   0: 3 0x80000ba8 (0x0017e7b3) x15 0x49262ecf
core   0: 0x80000bac (0x0197df93) srli    t6, a5, 25
core   0: 3 0x80000bac (0x0197df93) x31 0x00000024
core   0: 0x80000bb0 (0x97f23493) sltiu   s1, tp, -1665
core   0: 3 0x80000bb0 (0x97f23493) x 9 0x00000001
core   0: 0x80000bb4 (0x01ee60b3) or      ra, t3, t5
core   0: 3 0x80000bb4 (0x01ee60b3) x 1 0x00000000
core   0: 0x80000bb8 (0x6c2b3c13) sltiu   s8, s6, 1730
core   0: 3 0x80000bb8 (0x6c2b3c13) x24 0x00000000
core   0: 0x80000bbc (0x00000013) nop
core   0: 3 0x80000bbc (0x00000013)
core   0: 0x80000bc0 (0x1c3cf093) andi    ra, s9, 451
core   0: 3 0x80000bc0 (0x1c3cf093) x 1 0x000000c0
core   0: 0x80000bc4 (0xd0868517) auipc   a0, 0xd0868
core   0: 3 0x80000bc4 (0xd0868517) x10 0x50868bc4
core   0: 0x80000bc8 (0x92d06793) ori     a5, zero, -1747
core   0: 3 0x80000bc8 (0x92d06793) x15 0xfffff92d
core   0: 0x80000bcc (0x1780c793) xori    a5, ra, 376
core   0: 3 0x80000bcc (0x1780c793) x15 0x000001b8
core   0: 0x80000bd0 (0x40d18db3) sub     s11, gp, a3
core   0: 3 0x80000bd0 (0x40d18db3) x27 0xedb4ff49
core   0: 0x80000bd4 (0x00000013) nop
core   0: 3 0x80000bd4 (0x00000013)
core   0: 0x80000bd8 (0x01a019b3) sll     s3, zero, s10
core   0: 3 0x80000bd8 (0x01a019b3) x19 0x00000000
core   0: 0x80000bdc (0xc4b54c13) xori    s8, a0, -949
core   0: 3 0x80000bdc (0xc4b54c13) x24 0xaf79778f
core   0: 0x80000be0 (0x957f8437) lui     s0, 0x957f8
core   0: 3 0x80000be0 (0x957f8437) x 8 0x957f8000
core   0: 0x80000be4 (0x01635433) srl     s0, t1, s6
core   0: 3 0x80000be4 (0x01635433) x 8 0x006413c5
core   0: 0x80000be8 (0xab24f893) andi    a7, s1, -1358
core   0: 3 0x80000be8 (0xab24f893) x17 0x00000000
core   0: 0x80000bec (0xd5270f97) auipc   t6, 0xd5270
core   0: 3 0x80000bec (0xd5270f97) x31 0x55270bec
core   0: 0x80000bf0 (0xe9807e13) andi    t3, zero, -360
core   0: 3 0x80000bf0 (0xe9807e13) x28 0x00000000
core   0: 0x80000bf4 (0x41ac54b3) sra     s1, s8, s10
core   0: 3 0x80000bf4 (0x41ac54b3) x 9 0xffd7bcbb
core   0: 0x80000bf8 (0x009b6d33) or      s10, s6, s1
core   0: 3 0x80000bf8 (0x009b6d33) x26 0xfffffebb
core   0: 0x80000bfc (0x015e0433) add     s0, t3, s5
core   0: 3 0x80000bfc (0x015e0433) x 8 0x00000000
core   0: 0x80000c00 (0x00f3bfb3) sltu    t6, t2, a5
core   0: 3 0x80000c00 (0x00f3bfb3) x31 0x00000001
core   0: 0x80000c04 (0x948a4493) xori    s1, s4, -1720
core   0: 3 0x80000c04 (0x948a4493) x 9 0x0003eb78
core   0: 0x80000c08 (0x1631aa93) slti    s5, gp, 355
core   0: 3 0x80000c08 (0x1631aa93) x21 0x00000001
core   0: 0x80000c0c (0xb4e33393) sltiu   t2, t1, -1202
core   0: 3 0x80000c0c (0xb4e33393) x 7 0x00000001
core   0: 0x80000c10 (0x01bfb633) sltu    a2, t6, s11
core   0: 3 0x80000c10 (0x01bfb633) x12 0x00000001
core   0: 0x80000c14 (0xdffd6d93) ori     s11, s10, -513
core   0: 3 0x80000c14 (0xdffd6d93) x27 0xffffffff
core   0: 0x80000c18 (0x9b092d13) slti    s10, s2, -1616
core   0: 3 0x80000c18 (0x9b092d13) x26 0x00000000
core   0: 0x80000c1c (0x00cd1d93) slli    s11, s10, 12
core   0: 3 0x80000c1c (0x00cd1d93) x27 0x00000000
core   0: 0x80000c20 (0x41e2df13) srai    t5, t0, 30
core   0: 3 0x80000c20 (0x41e2df13) x30 0x00000001
core   0: 0x80000c24 (0x173a4b93) xori    s7, s4, 371
core   0: 3 0x80000c24 (0x173a4b93) x23 0xfffc1343
core   0: 0x80000c28 (0x00b75233) srl     tp, a4, a1
core   0: 3 0x80000c28 (0x00b75233) x 4 0x00000008
core   0: 0x80000c2c (0xbc9fb413) sltiu   s0, t6, -1079
core   0: 3 0x80000c2c (0xbc9fb413) x 8 0x00000001
core   0: 0x80000c30 (0x7083ab93) slti    s7, t2, 1800
core   0: 3 0x80000c30 (0x7083ab93) x23 0x00000001
core   0: 0x80000c34 (0x01b94233) xor     tp, s2, s11
core   0: 3 0x80000c34 (0x01b94233) x 4 0x4360bbc7
core   0: 0x80000c38 (0x00000013) nop
core   0: 3 0x80000c38 (0x00000013)
core   0: 0x80000c3c (0x9ed52013) slti    zero, a0, -1555
core   0: 3 0x80000c3c (0x9ed52013)
core   0: 0x80000c40 (0x008456b3) srl     a3, s0, s0
core   0: 3 0x80000c40 (0x008456b3) x13 0x00000000
core   0: 0x80000c44 (0x005ffdb3) and     s11, t6, t0
core   0: 3 0x80000c44 (0x005ffdb3) x27 0x00000000
core   0: 0x80000c48 (0x01147133) and     sp, s0, a7
core   0: 3 0x80000c48 (0x01147133) x 2 0x00000000
core   0: 0x80000c4c (0x59757813) andi    a6, a0, 1431
core   0: 3 0x80000c4c (0x59757813) x16 0x00000184
core   0: 0x80000c50 (0x7889fd13) andi    s10, s3, 1928
core   0: 3 0x80000c50 (0x7889fd13) x26 0x00000000
core   0: 0x80000c54 (0x009046b3) xor     a3, zero, s1
core   0: 3 0x80000c54 (0x009046b3) x13 0x0003eb78
core   0: 0x80000c58 (0x41fc8c33) sub     s8, s9, t6
core   0: 3 0x80000c58 (0x41fc8c33) x24 0x80015ce3
core   0: 0x80000c5c (0x58c4a913) slti    s2, s1, 1420
core   0: 3 0x80000c5c (0x58c4a913) x18 0x00000000
core   0: 0x80000c60 (0x59e68a13) addi    s4, a3, 1438
core   0: 3 0x80000c60 (0x59e68a13) x20 0x0003f116
core   0: 0x80000c64 (0x408206b3) sub     a3, tp, s0
core   0: 3 0x80000c64 (0x408206b3) x13 0x4360bbc6
core   0: 0x80000c68 (0x4fa04913) xori    s2, zero, 1274
core   0: 3 0x80000c68 (0x4fa04913) x18 0x000004fa
core   0: 0x80000c6c (0xda58aa13) slti    s4, a7, -603
core   0: 3 0x80000c6c (0xda58aa13) x20 0x00000000
core   0: 0x80000c70 (0xd6c24293) xori    t0, tp, -660
core   0: 3 0x80000c70 (0xd6c24293) x 5 0xbc9f46ab
core   0: 0x80000c74 (0x93b9ea97) auipc   s5, 0x93b9e
core   0: 3 0x80000c74 (0x93b9ea97) x21 0x13b9ec74
core   0: 0x80000c78 (0x405487b3) sub     a5, s1, t0
core   0: 3 0x80000c78 (0x405487b3) x15 0x4364a4cd
core   0: 0x80000c7c (0xb8b49a37) lui     s4, 0xb8b49
core   0: 3 0x80000c7c (0xb8b49a37) x20 0xb8b49000
core   0: 0x80000c80 (0x7ff58613) addi    a2, a1, 2047
core   0: 3 0x80000c80 (0x7ff58613) x12 0x000000bb
core   0: 0x80000c84 (0x4fd0a813) slti    a6, ra, 1277
core   0: 3 0x80000c84 (0x4fd0a813) x16 0x00000001
core   0: 0x80000c88 (0x0467ad93) slti    s11, a5, 70
core   0: 3 0x80000c88 (0x0467ad93) x27 0x00000000
core   0: 0x80000c8c (0x01bb5fb3) srl     t6, s6, s11
core   0: 3 0x80000c8c (0x01bb5fb3) x31 0xfffff209
core   0: 0x80000c90 (0x00a6adb3) slt     s11, a3, a0
core   0: 3 0x80000c90 (0x00a6adb3) x27 0x00000001
core   0: 0x80000c94 (0x5861ce13) xori    t3, gp, 1414
core   0: 3 0x80000c94 (0x5861ce13) x28 0x80015963
core   0: 0x80000c98 (0x417d8f33) sub     t5, s11, s7
core   0: 3 0x80000c98 (0x417d8f33) x30 0x00000000
core   0: 0x80000c9c (0xb730c313) xori    t1, ra, -1165
core   0: 3 0x80000c9c (0xb730c313) x 6 0xfffffbb3
core   0: 0x80000ca0 (0x5deef893) andi    a7, t4, 1502
core   0: 3 0x80000ca0 (0x5deef893) x17 0x00000444
core   0: 0x80000ca4 (0x004f0b33) add     s6, t5, tp
core   0: 3 0x80000ca4 (0x004f0b33) x22 0x4360bbc7
core   0: 0x80000ca8 (0x80000ab7) lui     s5, 0x80000
core   0: 3 0x80000ca8 (0x80000ab7) x21 0x80000000
core   0: 0x80000cac (0x80000137) lui     sp, 0x80000
core   0: 3 0x80000cac (0x80000137) x 2 0x80000000
core   0: 0x80000cb0 (0x00000893) li      a7, 0
core   0: 3 0x80000cb0 (0x00000893) x17 0x00000000
core   0: 0x80000cb4 (0x00000393) li      t2, 0
core   0: 3 0x80000cb4 (0x00000393) x 7 0x00000000
core   0: 0x80000cb8 (0x80000b37) lui     s6, 0x80000
core   0: 3 0x80000cb8 (0x80000b37) x22 0x80000000
core   0: 0x80000cbc (0xfff00613) li      a2, -1
core   0: 3 0x80000cbc (0xfff00613) x12 0xffffffff
core   0: 0x80000cc0 (0xfff00793) li      a5, -1
core   0: 3 0x80000cc0 (0xfff00793) x15 0xffffffff
core   0: 0x80000cc4 (0x00000093) li      ra, 0
core   0: 3 0x80000cc4 (0x00000093) x 1 0x00000000
core   0: 0x80000cc8 (0x80000837) lui     a6, 0x80000
core   0: 3 0x80000cc8 (0x80000837) x16 0x80000000
core   0: 0x80000ccc (0xab9675b7) lui     a1, 0xab967
core   0: 3 0x80000ccc (0xab9675b7) x11 0xab967000
core   0: 0x80000cd0 (0xb5058593) addi    a1, a1, -1200
core   0: 3 0x80000cd0 (0xb5058593) x11 0xab966b50
core   0: 0x80000cd4 (0xc2560813) addi    a6, a2, -987
core   0: 3 0x80000cd4 (0xc2560813) x16 0xfffffc24
core   0: 0x80000cd8 (0x00000013) nop
core   0: 3 0x80000cd8 (0x00000013)
core   0: 0x80000cdc (0x40110b33) sub     s6, sp, ra
core   0: 3 0x80000cdc (0x40110b33) x22 0x80000000
core   0: 0x80000ce0 (0xa342e097) auipc   ra, 0xa342e
core   0: 3 0x80000ce0 (0xa342e097) x 1 0x2342ece0
core   0: 0x80000ce4 (0xe6956617) auipc   a2, 0xe6956
core   0: 3 0x80000ce4 (0xe6956617) x12 0x66956ce4
core   0: 0x80000ce8 (0x11951817) auipc   a6, 0x11951
core   0: 3 0x80000ce8 (0x11951817) x16 0x91951ce8
core   0: 0x80000cec (0x340a8813) addi    a6, s5, 832
core   0: 3 0x80000cec (0x340a8813) x16 0x80000340
core   0: 0x80000cf0 (0x00000013) nop
core   0: 3 0x80000cf0 (0x00000013)
core   0: 0x80000cf4 (0x63201ab7) lui     s5, 0x63201
core   0: 3 0x80000cf4 (0x63201ab7) x21 0x63201000
core   0: 0x80000cf8 (0x015608b3) add     a7, a2, s5
core   0: 3 0x80000cf8 (0x015608b3) x17 0xc9b57ce4
core   0: 0x80000cfc (0x1fec0617) auipc   a2, 0x1fec0
core   0: 3 0x80000cfc (0x1fec0617) x12 0x9fec0cfc
core   0: 0x80000d00 (0x7b738637) lui     a2, 0x7b738
core   0: 3 0x80000d00 (0x7b738637) x12 0x7b738000
core   0: 0x80000d04 (0x01080ab3) add     s5, a6, a6
core   0: 3 0x80000d04 (0x01080ab3) x21 0x00000680
core   0: 0x80000d08 (0x6be49b37) lui     s6, 0x6be49
core   0: 3 0x80000d08 (0x6be49b37) x22 0x6be49000
core   0: 0x80000d0c (0x76a60793) addi    a5, a2, 1898
core   0: 3 0x80000d0c (0x76a60793) x15 0x7b73876a
core   0: 0x80000d10 (0x40b10633) sub     a2, sp, a1
core   0: 3 0x80000d10 (0x40b10633) x12 0xd46994b0
core   0: 0x80000d14 (0x411808b3) sub     a7, a6, a7
core   0: 3 0x80000d14 (0x411808b3) x17 0xb64a865c
core   0: 0x80000d18 (0x00000013) nop
core   0: 3 0x80000d18 (0x00000013)
core   0: 0x80000d1c (0x00000013) nop
core   0: 3 0x80000d1c (0x00000013)
core   0: 0x80000d20 (0x011a8833) add     a6, s5, a7
core   0: 3 0x80000d20 (0x011a8833) x16 0xb64a8cdc
core   0: 0x80000d24 (0x00000013) nop
core   0: 3 0x80000d24 (0x00000013)
core   0: 0x80000d28 (0x40850d33) sub     s10, a0, s0
core   0: 3 0x80000d28 (0x40850d33) x26 0x50868bc3
core   0: 0x80000d2c (0x413f0633) sub     a2, t5, s3
core   0: 3 0x80000d2c (0x413f0633) x12 0x00000000
core   0: 0x80000d30 (0x41c10333) sub     t1, sp, t3
core   0: 3 0x80000d30 (0x41c10333) x 6 0xfffea69d
core   0: 0x80000d34 (0x016bf433) and     s0, s7, s6
core   0: 3 0x80000d34 (0x016bf433) x 8 0x00000000
core   0: 0x80000d38 (0x407cd533) sra     a0, s9, t2
core   0: 3 0x80000d38 (0x407cd533) x10 0x80015ce4
core   0: 0x80000d3c (0x011c1293) slli    t0, s8, 17
core   0: 3 0x80000d3c (0x011c1293) x 5 0xb9c60000
core   0: 0x80000d40 (0x00000013) nop
core   0: 3 0x80000d40 (0x00000013)
core   0: 0x80000d44 (0x4074d193) srai    gp, s1, 7
core   0: 3 0x80000d44 (0x4074d193) x 3 0x000007d6
core   0: 0x80000d48 (0x0040f433) and     s0, ra, tp
core   0: 3 0x80000d48 (0x0040f433) x 8 0x0340a8c0
core   0: 0x80000d4c (0x415ed013) srai    zero, t4, 21
core   0: 3 0x80000d4c (0x415ed013)
core   0: 0x80000d50 (0x401f5013) srai    zero, t5, 1
core   0: 3 0x80000d50 (0x401f5013)
core   0: 0x80000d54 (0x00000013) nop
core   0: 3 0x80000d54 (0x00000013)
core   0: 0x80000d58 (0x4d5eb293) sltiu   t0, t4, 1237
core   0: 3 0x80000d58 (0x4d5eb293) x 5 0x00000000
core   0: 0x80000d5c (0x002380b3) add     ra, t2, sp
core   0: 3 0x80000d5c (0x002380b3) x 1 0x80000000
core   0: 0x80000d60 (0x00000013) nop
core   0: 3 0x80000d60 (0x00000013)
core   0: 0x80000d64 (0x6d63b137) lui     sp, 0x6d63b
core   0: 3 0x80000d64 (0x6d63b137) x 2 0x6d63b000
core   0: 0x80000d68 (0x0159d193) srli    gp, s3, 21
core   0: 3 0x80000d68 (0x0159d193) x 3 0x00000000
core   0: 0x80000d6c (0x01676d33) or      s10, a4, s6
core   0: 3 0x80000d6c (0x01676d33) x26 0xebe49000
core   0: 0x80000d70 (0x6addcf13) xori    t5, s11, 1709
core   0: 3 0x80000d70 (0x6addcf13) x30 0x000006ac
core   0: 0x80000d74 (0xac940313) addi    t1, s0, -1335
core   0: 3 0x80000d74 (0xac940313) x 6 0x0340a389
core   0: 0x80000d78 (0x40f95193) srai    gp, s2, 15
core   0: 3 0x80000d78 (0x40f95193) x 3 0x00000000
core   0: 0x80000d7c (0x62423613) sltiu   a2, tp, 1572
core   0: 3 0x80000d7c (0x62423613) x12 0x00000000
core   0: 0x80000d80 (0x40055333) sra     t1, a0, zero
core   0: 3 0x80000d80 (0x40055333) x 6 0x80015ce4
core   0: 0x80000d84 (0x00b325b3) slt     a1, t1, a1
core   0: 3 0x80000d84 (0x00b325b3) x11 0x00000001
core   0: 0x80000d88 (0x000163b3) or      t2, sp, zero
core   0: 3 0x80000d88 (0x000163b3) x 7 0x6d63b000
core   0: 0x80000d8c (0x41b95793) srai    a5, s2, 27
core   0: 3 0x80000d8c (0x41b95793) x15 0x00000000
core   0: 0x80000d90 (0x419f03b3) sub     t2, t5, s9
core   0: 3 0x80000d90 (0x419f03b3) x 7 0x7ffea9c8
core   0: 0x80000d94 (0x005d6a33) or      s4, s10, t0
core   0: 3 0x80000d94 (0x005d6a33) x20 0xebe49000
core   0: 0x80000d98 (0x0042f233) and     tp, t0, tp
core   0: 3 0x80000d98 (0x0042f233) x 4 0x00000000
core   0: 0x80000d9c (0x00dc9c33) sll     s8, s9, a3
core   0: 3 0x80000d9c (0x00dc9c33) x24 0x00573900
core   0: 0x80000da0 (0x00059833) sll     a6, a1, zero
core   0: 3 0x80000da0 (0x00059833) x16 0x00000001
core   0: 0x80000da4 (0x40068633) sub     a2, a3, zero
core   0: 3 0x80000da4 (0x40068633) x12 0x4360bbc6
core   0: 0x80000da8 (0x01458897) auipc   a7, 0x1458
core   0: 3 0x80000da8 (0x01458897) x17 0x81458da8
core   0: 0x80000dac (0x4058d833) sra     a6, a7, t0
core   0: 3 0x80000dac (0x4058d833) x16 0x81458da8
core   0: 0x80000db0 (0xc40c0293) addi    t0, s8, -960
core   0: 3 0x80000db0 (0xc40c0293) x 5 0x00573540
core   0: 0x80000db4 (0x00000013) nop
core   0: 3 0x80000db4 (0x00000013)
core   0: 0x80000db8 (0x00287a33) and     s4, a6, sp
core   0: 3 0x80000db8 (0x00287a33) x20 0x01418000
core   0: 0x80000dbc (0x009c5333) srl     t1, s8, s1
core   0: 3 0x80000dbc (0x009c5333) x 6 0x00000000
core   0: 0x80000dc0 (0xa0a0db37) lui     s6, 0xa0a0d
core   0: 3 0x80000dc0 (0xa0a0db37) x22 0xa0a0d000
core   0: 0x80000dc4 (0x107bb313) sltiu   t1, s7, 263
core   0: 3 0x80000dc4 (0x107bb313) x 6 0x00000001
core   0: 0x80000dc8 (0x006a9b33) sll     s6, s5, t1
core   0: 3 0x80000dc8 (0x006a9b33) x22 0x00000d00
core   0: 0x80000dcc (0x41785113) srai    sp, a6, 23
core   0: 3 0x80000dcc (0x41785113) x 2 0xffffff02
core   0: 0x80000dd0 (0x79c824b7) lui     s1, 0x79c82
core   0: 3 0x80000dd0 (0x79c824b7) x 9 0x79c82000
core   0: 0x80000dd4 (0x42e0fb13) andi    s6, ra, 1070
core   0: 3 0x80000dd4 (0x42e0fb13) x22 0x00000000
core   0: 0x80000dd8 (0x0017a933) slt     s2, a5, ra
core   0: 3 0x80000dd8 (0x0017a933) x18 0x00000000
core   0: 0x80000ddc (0x002fc933) xor     s2, t6, sp
core   0: 3 0x80000ddc (0x002fc933) x18 0x00000d0b
core   0: 0x80000de0 (0x91253413) sltiu   s0, a0, -1774
core   0: 3 0x80000de0 (0x91253413) x 8 0x00000001
core   0: 0x80000de4 (0x4d613937) lui     s2, 0x4d613
core   0: 3 0x80000de4 (0x4d613937) x18 0x4d613000
core   0: 0x80000de8 (0x198f4c13) xori    s8, t5, 408
core   0: 3 0x80000de8 (0x198f4c13) x24 0x00000734
core   0: 0x80000dec (0x004fa7b3) slt     a5, t6, tp
core   0: 3 0x80000dec (0x004fa7b3) x15 0x00000001
core   0: 0x80000df0 (0x00399793) slli    a5, s3, 3
core   0: 3 0x80000df0 (0x00399793) x15 0x00000000
core   0: 0x80000df4 (0x0075adb3) slt     s11, a1, t2
core   0: 3 0x80000df4 (0x0075adb3) x27 0x00000001
core   0: 0x80000df8 (0x00872f33) slt     t5, a4, s0
core   0: 3 0x80000df8 (0x00872f33) x30 0x00000001
core   0: 0x80000dfc (0x01dd88b3) add     a7, s11, t4
core   0: 3 0x80000dfc (0x01dd88b3) x17 0x80011e65
core   0: 0x80000e00 (0x41865fb3) sra     t6, a2, s8
core   0: 3 0x80000e00 (0x41865fb3) x31 0x00000436
core   0: 0x80000e04 (0x00c89013) slli    zero, a7, 12
core   0: 3 0x80000e04 (0x00c89013)
core   0: 0x80000e08 (0xabd7a793) slti    a5, a5, -1347
core   0: 3 0x80000e08 (0xabd7a793) x15 0x00000000
core   0: 0x80000e0c (0x5dbdfa13) andi    s4, s11, 1499
core   0: 3 0x80000e0c (0x5dbdfa13) x20 0x00000001
core   0: 0x80000e10 (0x01415413) srli    s0, sp, 20
core   0: 3 0x80000e10 (0x01415413) x 8 0x00000fff
core   0: 0x80000e14 (0x41cbd513) srai    a0, s7, 28
core   0: 3 0x80000e14 (0x41cbd513) x10 0x00000000
core   0: 0x80000e18 (0x009ad8b3) srl     a7, s5, s1
core   0: 3 0x80000e18 (0x009ad8b3) x17 0x00000680
core   0: 0x80000e1c (0x940b8d13) addi    s10, s7, -1728
core   0: 3 0x80000e1c (0x940b8d13) x26 0xfffff941
core   0: 0x80000e20 (0xee4eb913) sltiu   s2, t4, -284
core   0: 3 0x80000e20 (0xee4eb913) x18 0x00000001
core   0: 0x80000e24 (0x01005333) srl     t1, zero, a6
core   0: 3 0x80000e24 (0x01005333) x 6 0x00000000
core   0: 0x80000e28 (0x01bc5b13) srli    s6, s8, 27
core   0: 3 0x80000e28 (0x01bc5b13) x22 0x00000000
core   0: 0x80000e2c (0x01d09113) slli    sp, ra, 29
core   0: 3 0x80000e2c (0x01d09113) x 2 0x00000000
core   0: 0x80000e30 (0xc5f81937) lui     s2, 0xc5f81
core   0: 3 0x80000e30 (0xc5f81937) x18 0xc5f81000
core   0: 0x80000e34 (0x00213db3) sltu    s11, sp, sp
core   0: 3 0x80000e34 (0x00213db3) x27 0x00000000
core   0: 0x80000e38 (0x0154c0b3) xor     ra, s1, s5
core   0: 3 0x80000e38 (0x0154c0b3) x 1 0x79c82680
core   0: 0x80000e3c (0x001d5e33) srl     t3, s10, ra
core   0: 3 0x80000e3c (0x001d5e33) x28 0xfffff941
core   0: 0x80000e40 (0x01cf6933) or      s2, t5, t3
core   0: 3 0x80000e40 (0x01cf6933) x18 0xfffff941
core   0: 0x80000e44 (0xa3258593) addi    a1, a1, -1486
core   0: 3 0x80000e44 (0xa3258593) x11 0xfffffa33
core   0: 0x80000e48 (0x89a86597) auipc   a1, 0x89a86
core   0: 3 0x80000e48 (0x89a86597) x11 0x09a86e48
core   0: 0x80000e4c (0x01231693) slli    a3, t1, 18
core   0: 3 0x80000e4c (0x01231693) x13 0x00000000
core   0: 0x80000e50 (0x407bbbb7) lui     s7, 0x407bb
core   0: 3 0x80000e50 (0x407bbbb7) x23 0x407bb000
core   0: 0x80000e54 (0x0075aa33) slt     s4, a1, t2
core   0: 3 0x80000e54 (0x0075aa33) x20 0x00000001
core   0: 0x80000e58 (0xadd6a797) auipc   a5, 0xadd6a
core   0: 3 0x80000e58 (0xadd6a797) x15 0x2dd6ae58
core   0: 0x80000e5c (0x01b52337) lui     t1, 0x1b52
core   0: 3 0x80000e5c (0x01b52337) x 6 0x01b52000
core   0: 0x80000e60 (0x00000013) nop
core   0: 3 0x80000e60 (0x00000013)
core   0: 0x80000e64 (0x40bad533) sra     a0, s5, a1
core   0: 3 0x80000e64 (0x40bad533) x10 0x00000006
core   0: 0x80000e68 (0x007c7bb3) and     s7, s8, t2
core   0: 3 0x80000e68 (0x007c7bb3) x23 0x00000100
core   0: 0x80000e6c (0x00ebe133) or      sp, s7, a4
core   0: 3 0x80000e6c (0x00ebe133) x 2 0x80000100
core   0: 0x80000e70 (0x68a0c193) xori    gp, ra, 1674
core   0: 3 0x80000e70 (0x68a0c193) x 3 0x79c8200a
core   0: 0x80000e74 (0x00ce5d13) srli    s10, t3, 12
core   0: 3 0x80000e74 (0x00ce5d13) x26 0x000fffff
core   0: 0x80000e78 (0x4138dfb3) sra     t6, a7, s3
core   0: 3 0x80000e78 (0x4138dfb3) x31 0x00000680
core   0: 0x80000e7c (0x00f128b3) slt     a7, sp, a5
core   0: 3 0x80000e7c (0x00f128b3) x17 0x00000001
core   0: 0x80000e80 (0x00000013) nop
core   0: 3 0x80000e80 (0x00000013)
core   0: 0x80000e84 (0x41235a13) srai    s4, t1, 18
core   0: 3 0x80000e84 (0x41235a13) x20 0x0000006d
core   0: 0x80000e88 (0x00fb06b3) add     a3, s6, a5
core   0: 3 0x80000e88 (0x00fb06b3) x13 0x2dd6ae58
core   0: 0x80000e8c (0xfbf92293) slti    t0, s2, -65
core   0: 3 0x80000e8c (0xfbf92293) x 5 0x00000001
core   0: 0x80000e90 (0x25e82993) slti    s3, a6, 606
core   0: 3 0x80000e90 (0x25e82993) x19 0x00000001
core   0: 0x80000e94 (0xd4842893) slti    a7, s0, -696
core   0: 3 0x80000e94 (0xd4842893) x17 0x00000000
core   0: 0x80000e98 (0xb7c38897) auipc   a7, 0xb7c38
core   0: 3 0x80000e98 (0xb7c38897) x17 0x37c38e98
core   0: 0x80000e9c (0x848108b7) lui     a7, 0x84810
core   0: 3 0x80000e9c (0x848108b7) x17 0x84810000
core   0: 0x80000ea0 (0x00259a33) sll     s4, a1, sp
core   0: 3 0x80000ea0 (0x00259a33) x20 0x09a86e48
core   0: 0x80000ea4 (0x15038697) auipc   a3, 0x15038
core   0: 3 0x80000ea4 (0x15038697) x13 0x95038ea4
core   0: 0x80000ea8 (0x2e196d13) ori     s10, s2, 737
core   0: 3 0x80000ea8 (0x2e196d13) x26 0xfffffbe1
core   0: 0x80000eac (0x008d1533) sll     a0, s10, s0
core   0: 3 0x80000eac (0x008d1533) x10 0x80000000
core   0: 0x80000eb0 (0x0040d113) srli    sp, ra, 4
core   0: 3 0x80000eb0 (0x0040d113) x 2 0x079c8268
core   0: 0x80000eb4 (0x007df6b3) and     a3, s11, t2
core   0: 3 0x80000eb4 (0x007df6b3) x13 0x00000000
core   0: 0x80000eb8 (0x4eaa2d37) lui     s10, 0x4eaa2
core   0: 3 0x80000eb8 (0x4eaa2d37) x26 0x4eaa2000
core   0: 0x80000ebc (0x0c55fa13) andi    s4, a1, 197
core   0: 3 0x80000ebc (0x0c55fa13) x20 0x00000040
core   0: 0x80000ec0 (0x00c10233) add     tp, sp, a2
core   0: 3 0x80000ec0 (0x00c10233) x 4 0x4afd3e2e
core   0: 0x80000ec4 (0x88b63c13) sltiu   s8, a2, -1909
core   0: 3 0x80000ec4 (0x88b63c13) x24 0x00000001
core   0: 0x80000ec8 (0x01d0a333) slt     t1, ra, t4
core   0: 3 0x80000ec8 (0x01d0a333) x 6 0x00000000
core   0: 0x80000ecc (0x0012d113) srli    sp, t0, 1
core   0: 3 0x80000ecc (0x0012d113) x 2 0x00000000
core   0: 0x80000ed0 (0x7e62a613) slti    a2, t0, 2022
core   0: 3 0x80000ed0 (0x7e62a613) x12 0x00000001
core   0: 0x80000ed4 (0x016655b3) srl     a1, a2, s6
core   0: 3 0x80000ed4 (0x016655b3) x11 0x00000001
core   0: 0x80000ed8 (0x001e5db3) srl     s11, t3, ra
core   0: 3 0x80000ed8 (0x001e5db3) x27 0xfffff941
core   0: 0x80000edc (0x01092c33) slt     s8, s2, a6
core   0: 3 0x80000edc (0x01092c33) x24 0x00000000
core   0: 0x80000ee0 (0x00028ab3) add     s5, t0, zero
core   0: 3 0x80000ee0 (0x00028ab3) x21 0x00000001
core   0: 0x80000ee4 (0x00000013) nop
core   0: 3 0x80000ee4 (0x00000013)
core   0: 0x80000ee8 (0x01b613b3) sll     t2, a2, s11
core   0: 3 0x80000ee8 (0x01b613b3) x 7 0x00000002
core   0: 0x80000eec (0x01eab8b3) sltu    a7, s5, t5
core   0: 3 0x80000eec (0x01eab8b3) x17 0x00000000
core   0: 0x80000ef0 (0x94492293) slti    t0, s2, -1724
core   0: 3 0x80000ef0 (0x94492293) x 5 0x00000001
core   0: 0x80000ef4 (0x00000013) nop
core   0: 3 0x80000ef4 (0x00000013)
core   0: 0x80000ef8 (0x010ea7b3) slt     a5, t4, a6
core   0: 3 0x80000ef8 (0x010ea7b3) x15 0x00000001
core   0: 0x80000efc (0x006a1493) slli    s1, s4, 6
core   0: 3 0x80000efc (0x006a1493) x 9 0x00001000
core   0: 0x80000f00 (0x00000013) nop
core   0: 3 0x80000f00 (0x00000013)
core   0: 0x80000f04 (0x00fe1f33) sll     t5, t3, a5
core   0: 3 0x80000f04 (0x00fe1f33) x30 0xfffff282
core   0: 0x80000f08 (0xf372bd93) sltiu   s11, t0, -201
core   0: 3 0x80000f08 (0xf372bd93) x27 0x00000001
core   0: 0x80000f0c (0xe7d77f93) andi    t6, a4, -387
core   0: 3 0x80000f0c (0xe7d77f93) x31 0x80000000
core   0: 0x80000f10 (0x00d86433) or      s0, a6, a3
core   0: 3 0x80000f10 (0x00d86433) x 8 0x81458da8
core   0: 0x80000f14 (0x01065293) srli    t0, a2, 16
core   0: 3 0x80000f14 (0x01065293) x 5 0x00000000
core   0: 0x80000f18 (0x404fdd33) sra     s10, t6, tp
core   0: 3 0x80000f18 (0x404fdd33) x26 0xfffe0000
core   0: 0x80000f1c (0x404ed613) srai    a2, t4, 4
core   0: 3 0x80000f1c (0x404ed613) x12 0xf80011e6
core   0: 0x80000f20 (0x007ddd33) srl     s10, s11, t2
core   0: 3 0x80000f20 (0x007ddd33) x26 0x00000000
core   0: 0x80000f24 (0x01689fb3) sll     t6, a7, s6
core   0: 3 0x80000f24 (0x01689fb3) x31 0x00000000
core   0: 0x80000f28 (0x07049097) auipc   ra, 0x7049
core   0: 3 0x80000f28 (0x07049097) x 1 0x87049f28
core   0: 0x80000f2c (0x009c8933) add     s2, s9, s1
core   0: 3 0x80000f2c (0x009c8933) x18 0x80016ce4
core   0: 0x80000f30 (0x1161a513) slti    a0, gp, 278
core   0: 3 0x80000f30 (0x1161a513) x10 0x00000000
core   0: 0x80000f34 (0xbf170197) auipc   gp, 0xbf170
core   0: 3 0x80000f34 (0xbf170197) x 3 0x3f170f34
core   0: 0x80000f38 (0x0123eb33) or      s6, t2, s2
core   0: 3 0x80000f38 (0x0123eb33) x22 0x80016ce6
core   0: 0x80000f3c (0x68babd93) sltiu   s11, s5, 1675
core   0: 3 0x80000f3c (0x68babd93) x27 0x00000001
core   0: 0x80000f40 (0x414fd7b3) sra     a5, t6, s4
core   0: 3 0x80000f40 (0x414fd7b3) x15 0x00000000
core   0: 0x80000f44 (0x407606b3) sub     a3, a2, t2
core   0: 3 0x80000f44 (0x407606b3) x13 0xf80011e4
core   0: 0x80000f48 (0x00000013) nop
core   0: 3 0x80000f48 (0x00000013)
core   0: 0x80000f4c (0x401400b3) sub     ra, s0, ra
core   0: 3 0x80000f4c (0x401400b3) x 1 0xfa40ee80
core   0: 0x80000f50 (0x007d82b3) add     t0, s11, t2
core   0: 3 0x80000f50 (0x007d82b3) x 5 0x00000003
core   0: 0x80000f54 (0x3ef84093) xori    ra, a6, 1007
core   0: 3 0x80000f54 (0x3ef84093) x 1 0x81458e47
core   0: 0x80000f58 (0x00d5a133) slt     sp, a1, a3
core   0: 3 0x80000f58 (0x00d5a133) x 2 0x00000000
core   0: 0x80000f5c (0x4a0fa213) slti    tp, t6, 1184
core   0: 3 0x80000f5c (0x4a0fa213) x 4 0x00000001
core   0: 0x80000f60 (0xd4f44493) xori    s1, s0, -689
core   0: 3 0x80000f60 (0xd4f44493) x 9 0x7eba70e7
core   0: 0x80000f64 (0x2711eb93) ori     s7, gp, 625
core   0: 3 0x80000f64 (0x2711eb93) x23 0x3f170f75
core   0: 0x80000f68 (0x6d1d7813) andi    a6, s10, 1745
core   0: 3 0x80000f68 (0x6d1d7813) x16 0x00000000
core   0: 0x80000f6c (0x01b51493) slli    s1, a0, 27
core   0: 3 0x80000f6c (0x01b51493) x 9 0x00000000
core   0: 0x80000f70 (0x7f4baf13) slti    t5, s7, 2036
core   0: 3 0x80000f70 (0x7f4baf13) x30 0x00000000
core   0: 0x80000f74 (0x013a42b3) xor     t0, s4, s3
core   0: 3 0x80000f74 (0x013a42b3) x 5 0x00000041
core   0: 0x80000f78 (0x00b777b3) and     a5, a4, a1
core   0: 3 0x80000f78 (0x00b777b3) x15 0x00000000
core   0: 0x80000f7c (0x016b5db3) srl     s11, s6, s6
core   0: 3 0x80000f7c (0x016b5db3) x27 0x020005b3
core   0: 0x80000f80 (0xfb8bb337) lui     t1, 0xfb8bb
core   0: 3 0x80000f80 (0xfb8bb337) x 6 0xfb8bb000
core   0: 0x80000f84 (0xfa392b13) slti    s6, s2, -93
core   0: 3 0x80000f84 (0xfa392b13) x22 0x00000001
core   0: 0x80000f88 (0x00000013) nop
core   0: 3 0x80000f88 (0x00000013)
core   0: 0x80000f8c (0x41d8db13) srai    s6, a7, 29
core   0: 3 0x80000f8c (0x41d8db13) x22 0x00000000
core   0: 0x80000f90 (0x405b5433) sra     s0, s6, t0
core   0: 3 0x80000f90 (0x405b5433) x 8 0x00000000
core   0: 0x80000f94 (0x00851fb3) sll     t6, a0, s0
core   0: 3 0x80000f94 (0x00851fb3) x31 0x00000000
core   0: 0x80000f98 (0x00815db3) srl     s11, sp, s0
core   0: 3 0x80000f98 (0x00815db3) x27 0x00000000
core   0: 0x80000f9c (0x0030d833) srl     a6, ra, gp
core   0: 3 0x80000f9c (0x0030d833) x16 0x00000814
core   0: 0x80000fa0 (0x00e85e13) srli    t3, a6, 14
core   0: 3 0x80000fa0 (0x00e85e13) x28 0x00000000
core   0: 0x80000fa4 (0x00ca97b3) sll     a5, s5, a2
core   0: 3 0x80000fa4 (0x00ca97b3) x15 0x00000040
core   0: 0x80000fa8 (0x0099dbb3) srl     s7, s3, s1
core   0: 3 0x80000fa8 (0x0099dbb3) x23 0x00000001
core   0: 0x80000fac (0x00055a33) srl     s4, a0, zero
core   0: 3 0x80000fac (0x00055a33) x20 0x00000000
core   0: 0x80000fb0 (0x001cfb33) and     s6, s9, ra
core   0: 3 0x80000fb0 (0x001cfb33) x22 0x80010c44
core   0: 0x80000fb4 (0x00000013) nop
core   0: 3 0x80000fb4 (0x00000013)
core   0: 0x80000fb8 (0x33253393) sltiu   t2, a0, 818
core   0: 3 0x80000fb8 (0x33253393) x 7 0x00000001
core   0: 0x80000fbc (0x82003213) sltiu   tp, zero, -2016
core   0: 3 0x80000fbc (0x82003213) x 4 0x00000001
core   0: 0x80000fc0 (0x00856533) or      a0, a0, s0
core   0: 3 0x80000fc0 (0x00856533) x10 0x00000000
core   0: 0x80000fc4 (0x004add93) srli    s11, s5, 4
core   0: 3 0x80000fc4 (0x004add93) x27 0x00000000
core   0: 0x80000fc8 (0x004d78b3) and     a7, s10, tp
core   0: 3 0x80000fc8 (0x004d78b3) x17 0x00000000
core   0: 0x80000fcc (0xdcccc793) xori    a5, s9, -564
core   0: 3 0x80000fcc (0xdcccc793) x15 0x7ffea128
core   0: 0x80000fd0 (0x41a25893) srai    a7, tp, 26
core   0: 3 0x80000fd0 (0x41a25893) x17 0x00000000
core   0: 0x80000fd4 (0x00c55b93) srli    s7, a0, 12
core   0: 3 0x80000fd4 (0x00c55b93) x23 0x00000000
core   0: 0x80000fd8 (0x409d5633) sra     a2, s10, s1
core   0: 3 0x80000fd8 (0x409d5633) x12 0x00000000
core   0: 0x80000fdc (0x00895f33) srl     t5, s2, s0
core   0: 3 0x80000fdc (0x00895f33) x30 0x80016ce4
core   0: 0x80000fe0 (0xae20ff93) andi    t6, ra, -1310
core   0: 3 0x80000fe0 (0xae20ff93) x31 0x81458a42
core   0: 0x80000fe4 (0xe970ca93) xori    s5, ra, -361
core   0: 3 0x80000fe4 (0xe970ca93) x21 0x7eba70d0
core   0: 0x80000fe8 (0x014ee8b3) or      a7, t4, s4
core   0: 3 0x80000fe8 (0x014ee8b3) x17 0x80011e64
core   0: 0x80000fec (0x2479cf93) xori    t6, s3, 583
core   0: 3 0x80000fec (0x2479cf93) x31 0x00000246
core   0: 0x80000ff0 (0x9e0cf393) andi    t2, s9, -1568
core   0: 3 0x80000ff0 (0x9e0cf393) x 7 0x800158e0
core   0: 0x80000ff4 (0x5b23c893) xori    a7, t2, 1458
core   0: 3 0x80000ff4 (0x5b23c893) x17 0x80015d52
core   0: 0x80000ff8 (0xed730b13) addi    s6, t1, -297
core   0: 3 0x80000ff8 (0xed730b13) x22 0xfb8baed7
core   0: 0x80000ffc (0xd87fff13) andi    t5, t6, -633
core   0: 3 0x80000ffc (0xd87fff13) x30 0x00000006
core   0: 0x80001000 (0x00d516b3) sll     a3, a0, a3
core   0: 3 0x80001000 (0x00d516b3) x13 0x00000000
core   0: 0x80001004 (0x0447bf93) sltiu   t6, a5, 68
core   0: 3 0x80001004 (0x0447bf93) x31 0x00000000
core   0: 0x80001008 (0x60302313) slti    t1, zero, 1539
core   0: 3 0x80001008 (0x60302313) x 6 0x00000001
core   0: 0x8000100c (0x0160dbb3) srl     s7, ra, s6
core   0: 3 0x8000100c (0x0160dbb3) x23 0x00000102
core   0: 0x80001010 (0x00000013) nop
core   0: 3 0x80001010 (0x00000013)
core   0: 0x80001014 (0x00000013) nop
core   0: 3 0x80001014 (0x00000013)
core   0: 0x80001018 (0x0174f4b3) and     s1, s1, s7
core   0: 3 0x80001018 (0x0174f4b3) x 9 0x00000000
core   0: 0x8000101c (0x43ce1897) auipc   a7, 0x43ce1
core   0: 3 0x8000101c (0x43ce1897) x17 0xc3ce201c
core   0: 0x80001020 (0x121ea413) slti    s0, t4, 289
core   0: 3 0x80001020 (0x121ea413) x 8 0x00000001
core   0: 0x80001024 (0x40d2d1b3) sra     gp, t0, a3
core   0: 3 0x80001024 (0x40d2d1b3) x 3 0x00000041
core   0: 0x80001028 (0x017bc3b3) xor     t2, s7, s7
core   0: 3 0x80001028 (0x017bc3b3) x 7 0x00000000
core   0: 0x8000102c (0x00cddbb3) srl     s7, s11, a2
core   0: 3 0x8000102c (0x00cddbb3) x23 0x00000000
core   0: 0x80001030 (0x01550c33) add     s8, a0, s5
core   0: 3 0x80001030 (0x01550c33) x24 0x7eba70d0
core   0: 0x80001034 (0x4f39a693) slti    a3, s3, 1267
core   0: 3 0x80001034 (0x4f39a693) x13 0x00000001
core   0: 0x80001038 (0x00000013) nop
core   0: 3 0x80001038 (0x00000013)
core   0: 0x8000103c (0x2c854113) xori    sp, a0, 712
core   0: 3 0x8000103c (0x2c854113) x 2 0x000002c8
core   0: 0x80001040 (0x06366b93) ori     s7, a2, 99
core   0: 3 0x80001040 (0x06366b93) x23 0x00000063
core   0: 0x80001044 (0x411d8333) sub     t1, s11, a7
core   0: 3 0x80001044 (0x411d8333) x 6 0x3c31dfe4
core   0: 0x80001048 (0x011a0bb3) add     s7, s4, a7
core   0: 3 0x80001048 (0x011a0bb3) x23 0xc3ce201c
core   0: 0x8000104c (0x41138b33) sub     s6, t2, a7
core   0: 3 0x8000104c (0x41138b33) x22 0x3c31dfe4
core   0: 0x80001050 (0x3ffb7113) andi    sp, s6, 1023
core   0: 3 0x80001050 (0x3ffb7113) x 2 0x000003e4
core   0: 0x80001054 (0x00a13fb3) sltu    t6, sp, a0
core   0: 3 0x80001054 (0x00a13fb3) x31 0x00000000
core   0: 0x80001058 (0x00209213) slli    tp, ra, 2
core   0: 3 0x80001058 (0x00209213) x 4 0x0516391c
core   0: 0x8000105c (0x76fd7a13) andi    s4, s10, 1903
core   0: 3 0x8000105c (0x76fd7a13) x20 0x00000000
core   0: 0x80001060 (0xd5944093) xori    ra, s0, -679
core   0: 3 0x80001060 (0xd5944093) x 1 0xfffffd58
core   0: 0x80001064 (0x2018fb13) andi    s6, a7, 513
core   0: 3 0x80001064 (0x2018fb13) x22 0x00000000
core   0: 0x80001068 (0x01ec8533) add     a0, s9, t5
core   0: 3 0x80001068 (0x01ec8533) x10 0x80015cea
core   0: 0x8000106c (0x00612833) slt     a6, sp, t1
core   0: 3 0x8000106c (0x00612833) x16 0x00000001
core   0: 0x80001070 (0x40860033) sub     zero, a2, s0
core   0: 3 0x80001070 (0x40860033)
core   0: 0x80001074 (0x00d14db3) xor     s11, sp, a3
core   0: 3 0x80001074 (0x00d14db3) x27 0x000003e5
core   0: 0x80001078 (0x40825f13) srai    t5, tp, 8
core   0: 3 0x80001078 (0x40825f13) x30 0x00051639
core   0: 0x8000107c (0x4112d533) sra     a0, t0, a7
core   0: 3 0x8000107c (0x4112d533) x10 0x00000000
core   0: 0x80001080 (0xee463613) sltiu   a2, a2, -284
core   0: 3 0x80001080 (0xee463613) x12 0x00000001
core   0: 0x80001084 (0x01a2c9b3) xor     s3, t0, s10
core   0: 3 0x80001084 (0x01a2c9b3) x19 0x00000041
core   0: 0x80001088 (0x405f58b3) sra     a7, t5, t0
core   0: 3 0x80001088 (0x405f58b3) x17 0x00028b1c
core   0: 0x8000108c (0x65e4ac13) slti    s8, s1, 1630
core   0: 3 0x8000108c (0x65e4ac13) x24 0x00000001
core   0: 0x80001090 (0x40bc02b3) sub     t0, s8, a1
core   0: 3 0x80001090 (0x40bc02b3) x 5 0x00000000
core   0: 0x80001094 (0x004a46b3) xor     a3, s4, tp
core   0: 3 0x80001094 (0x004a46b3) x13 0x0516391c
core   0: 0x80001098 (0xd0a33c13) sltiu   s8, t1, -758
core   0: 3 0x80001098 (0xd0a33c13) x24 0x00000001
core   0: 0x8000109c (0x6e368c13) addi    s8, a3, 1763
core   0: 3 0x8000109c (0x6e368c13) x24 0x05163fff
core   0: 0x800010a0 (0x40290533) sub     a0, s2, sp
core   0: 3 0x800010a0 (0x40290533) x10 0x80016900
core   0: 0x800010a4 (0xb4457b13) andi    s6, a0, -1212
core   0: 3 0x800010a4 (0xb4457b13) x22 0x80016900
core   0: 0x800010a8 (0x01e4a933) slt     s2, s1, t5
core   0: 3 0x800010a8 (0x01e4a933) x18 0x00000001
core   0: 0x800010ac (0x00556833) or      a6, a0, t0
core   0: 3 0x800010ac (0x00556833) x16 0x80016900
core   0: 0x800010b0 (0x0b0a76b7) lui     a3, 0xb0a7
core   0: 3 0x800010b0 (0x0b0a76b7) x13 0x0b0a7000
core   0: 0x800010b4 (0x70b50a93) addi    s5, a0, 1803
core   0: 3 0x800010b4 (0x70b50a93) x21 0x8001700b
core   0: 0x800010b8 (0x01265793) srli    a5, a2, 18
core   0: 3 0x800010b8 (0x01265793) x15 0x00000000
core   0: 0x800010bc (0x64d30f93) addi    t6, t1, 1613
core   0: 3 0x800010bc (0x64d30f93) x31 0x3c31e631
core   0: 0x800010c0 (0x01a95133) srl     sp, s2, s10
core   0: 3 0x800010c0 (0x01a95133) x 2 0x00000001
core   0: 0x800010c4 (0x1ebb0e17) auipc   t3, 0x1ebb0
core   0: 3 0x800010c4 (0x1ebb0e17) x28 0x9ebb10c4
core   0: 0x800010c8 (0x40e55f33) sra     t5, a0, a4
core   0: 3 0x800010c8 (0x40e55f33) x30 0x80016900
core   0: 0x800010cc (0x00dd0533) add     a0, s10, a3
core   0: 3 0x800010cc (0x00dd0533) x10 0x0b0a7000
core   0: 0x800010d0 (0x60b24693) xori    a3, tp, 1547
core   0: 3 0x800010d0 (0x60b24693) x13 0x05163f17
core   0: 0x800010d4 (0xd7e87a93) andi    s5, a6, -642
core   0: 3 0x800010d4 (0xd7e87a93) x21 0x80016900
core   0: 0x800010d8 (0x197d7293) andi    t0, s10, 407
core   0: 3 0x800010d8 (0x197d7293) x 5 0x00000000
core   0: 0x800010dc (0x4e673793) sltiu   a5, a4, 1254
core   0: 3 0x800010dc (0x4e673793) x15 0x00000000
core   0: 0x800010e0 (0xe25cad13) slti    s10, s9, -475
core   0: 3 0x800010e0 (0xe25cad13) x26 0x00000001
core   0: 0x800010e4 (0x26aaf913) andi    s2, s5, 618
core   0: 3 0x800010e4 (0x26aaf913) x18 0x00000000
core   0: 0x800010e8 (0xf62a7d17) auipc   s10, 0xf62a7
core   0: 3 0x800010e8 (0xf62a7d17) x26 0x762a80e8
core   0: 0x800010ec (0xd71b3d13) sltiu   s10, s6, -655
core   0: 3 0x800010ec (0xd71b3d13) x26 0x00000001
core   0: 0x800010f0 (0x00f17133) and     sp, sp, a5
core   0: 3 0x800010f0 (0x00f17133) x 2 0x00000000
core   0: 0x800010f4 (0x41ed52b3) sra     t0, s10, t5
core   0: 3 0x800010f4 (0x41ed52b3) x 5 0x00000001
core   0: 0x800010f8 (0x012b5213) srli    tp, s6, 18
core   0: 3 0x800010f8 (0x012b5213) x 4 0x00002000
core   0: 0x800010fc (0x01c3cf33) xor     t5, t2, t3
core   0: 3 0x800010fc (0x01c3cf33) x30 0x9ebb10c4
core   0: 0x80001100 (0x013d4ab3) xor     s5, s10, s3
core   0: 3 0x80001100 (0x013d4ab3) x21 0x00000040
core   0: 0x80001104 (0x2981e113) ori     sp, gp, 664
core   0: 3 0x80001104 (0x2981e113) x 2 0x000002d9
core   0: 0x80001108 (0x00ac8417) auipc   s0, 0xac8
core   0: 3 0x80001108 (0x00ac8417) x 8 0x80ac9108
core   0: 0x8000110c (0x012c1093) slli    ra, s8, 18
core   0: 3 0x8000110c (0x012c1093) x 1 0xfffc0000
core   0: 0x80001110 (0xa735ca93) xori    s5, a1, -1421
core   0: 3 0x80001110 (0xa735ca93) x21 0xfffffa72
core   0: 0x80001114 (0x4a3ecd17) auipc   s10, 0x4a3ec
core   0: 3 0x80001114 (0x4a3ecd17) x26 0xca3ed114
core   0: 0x80001118 (0x1e826413) ori     s0, tp, 488
core   0: 3 0x80001118 (0x1e826413) x 8 0x000021e8
core   0: 0x8000111c (0x01ba0933) add     s2, s4, s11
core   0: 3 0x8000111c (0x01ba0933) x18 0x000003e5
core   0: 0x80001120 (0x7cb9ad13) slti    s10, s3, 1995
core   0: 3 0x80001120 (0x7cb9ad13) x26 0x00000001
core   0: 0x80001124 (0x01f91493) slli    s1, s2, 31
core   0: 3 0x80001124 (0x01f91493) x 9 0x80000000
core   0: 0x80001128 (0x403504b3) sub     s1, a0, gp
core   0: 3 0x80001128 (0x403504b3) x 9 0x0b0a6fbf
core   0: 0x8000112c (0x00000013) nop
core   0: 3 0x8000112c (0x00000013)
core   0: 0x80001130 (0x017f9a33) sll     s4, t6, s7
core   0: 3 0x80001130 (0x017f9a33) x20 0x10000000
core   0: 0x80001134 (0x01d3b2b3) sltu    t0, t2, t4
core   0: 3 0x80001134 (0x01d3b2b3) x 5 0x00000001
core   0: 0x80001138 (0x00be29b3) slt     s3, t3, a1
core   0: 3 0x80001138 (0x00be29b3) x19 0x00000001
core   0: 0x8000113c (0xcedefe13) andi    t3, t4, -787
core   0: 3 0x8000113c (0xcedefe13) x28 0x80011c64
core   0: 0x80001140 (0x004855b3) srl     a1, a6, tp
core   0: 3 0x80001140 (0x004855b3) x11 0x80016900
core   0: 0x80001144 (0x415f5bb3) sra     s7, t5, s5
core   0: 3 0x80001144 (0x415f5bb3) x23 0xffffe7ae
core   0: 0x80001148 (0x011b3ab3) sltu    s5, s6, a7
core   0: 3 0x80001148 (0x011b3ab3) x21 0x00000000
core   0: 0x8000114c (0x66dc7493) andi    s1, s8, 1645
core   0: 3 0x8000114c (0x66dc7493) x 9 0x0000066d
core   0: 0x80001150 (0x00c0a8b3) slt     a7, ra, a2
core   0: 3 0x80001150 (0x00c0a8b3) x17 0x00000001
core   0: 0x80001154 (0x57f8cb93) xori    s7, a7, 1407
core   0: 3 0x80001154 (0x57f8cb93) x23 0x0000057e
core   0: 0x80001158 (0x8d46ed93) ori     s11, a3, -1836
core   0: 3 0x80001158 (0x8d46ed93) x27 0xffffffd7
core   0: 0x8000115c (0x0067bf33) sltu    t5, a5, t1
core   0: 3 0x8000115c (0x0067bf33) x30 0x00000001
core   0: 0x80001160 (0x0108d6b3) srl     a3, a7, a6
core   0: 3 0x80001160 (0x0108d6b3) x13 0x00000001
core   0: 0x80001164 (0x00000013) nop
core   0: 3 0x80001164 (0x00000013)
core   0: 0x80001168 (0x00000013) nop
core   0: 3 0x80001168 (0x00000013)
core   0: 0x8000116c (0x6519f793) andi    a5, s3, 1617
core   0: 3 0x8000116c (0x6519f793) x15 0x00000001
core   0: 0x80001170 (0x00749ab3) sll     s5, s1, t2
core   0: 3 0x80001170 (0x00749ab3) x21 0x0000066d
core   0: 0x80001174 (0x01595293) srli    t0, s2, 21
core   0: 3 0x80001174 (0x01595293) x 5 0x00000000
core   0: 0x80001178 (0x592a9237) lui     tp, 0x592a9
core   0: 3 0x80001178 (0x592a9237) x 4 0x592a9000
core   0: 0x8000117c (0x05b78097) auipc   ra, 0x5b78
core   0: 3 0x8000117c (0x05b78097) x 1 0x85b7917c
core   0: 0x80001180 (0x3537c7b7) lui     a5, 0x3537c
core   0: 3 0x80001180 (0x3537c7b7) x15 0x3537c000
core   0: 0x80001184 (0x11743f13) sltiu   t5, s0, 279
core   0: 3 0x80001184 (0x11743f13) x30 0x00000000
core   0: 0x80001188 (0xff287893) andi    a7, a6, -14
core   0: 3 0x80001188 (0xff287893) x17 0x80016900
core   0: 0x8000118c (0x57f5e613) ori     a2, a1, 1407
core   0: 3 0x8000118c (0x57f5e613) x12 0x80016d7f
core   0: 0x80001190 (0x002d5993) srli    s3, s10, 2
core   0: 3 0x80001190 (0x002d5993) x19 0x00000000
core   0: 0x80001194 (0x0158d3b3) srl     t2, a7, s5
core   0: 3 0x80001194 (0x0158d3b3) x 7 0x0004000b
core   0: 0x80001198 (0x00000013) nop
core   0: 3 0x80001198 (0x00000013)
core   0: 0x8000119c (0x001f3c33) sltu    s8, t5, ra
core   0: 3 0x8000119c (0x001f3c33) x24 0x00000001
core   0: 0x800011a0 (0x016debb3) or      s7, s11, s6
core   0: 3 0x800011a0 (0x016debb3) x23 0xffffffd7
core   0: 0x800011a4 (0x1dcf6597) auipc   a1, 0x1dcf6
core   0: 3 0x800011a4 (0x1dcf6597) x11 0x9dcf71a4
core   0: 0x800011a8 (0x40468333) sub     t1, a3, tp
core   0: 3 0x800011a8 (0x40468333) x 6 0xa6d57001
core   0: 0x800011ac (0x0100fbb3) and     s7, ra, a6
core   0: 3 0x800011ac (0x0100fbb3) x23 0x80010100
core   0: 0x800011b0 (0x0057b7b3) sltu    a5, a5, t0
core   0: 3 0x800011b0 (0x0057b7b3) x15 0x00000000
core   0: 0x800011b4 (0x0082a7b3) slt     a5, t0, s0
core   0: 3 0x800011b4 (0x0082a7b3) x15 0x00000001
core   0: 0x800011b8 (0x0077d8b3) srl     a7, a5, t2
core   0: 3 0x800011b8 (0x0077d8b3) x17 0x00000000
core   0: 0x800011bc (0x389e8bb7) lui     s7, 0x389e8
core   0: 3 0x800011bc (0x389e8bb7) x23 0x389e8000
core   0: 0x800011c0 (0x223d6413) ori     s0, s10, 547
core   0: 3 0x800011c0 (0x223d6413) x 8 0x00000223
core   0: 0x800011c4 (0x41578b33) sub     s6, a5, s5
core   0: 3 0x800011c4 (0x41578b33) x22 0xfffff994
core   0: 0x800011c8 (0x00000013) nop
core   0: 3 0x800011c8 (0x00000013)
core   0: 0x800011cc (0x403653b3) sra     t2, a2, gp
core   0: 3 0x800011cc (0x403653b3) x 7 0xc000b6bf
core   0: 0x800011d0 (0x00000013) nop
core   0: 3 0x800011d0 (0x00000013)
core   0: 0x800011d4 (0x40795a33) sra     s4, s2, t2
core   0: 3 0x800011d4 (0x40795a33) x20 0x00000000
core   0: 0x800011d8 (0x3e7e2993) slti    s3, t3, 999
core   0: 3 0x800011d8 (0x3e7e2993) x19 0x00000001
core   0: 0x800011dc (0x011b1633) sll     a2, s6, a7
core   0: 3 0x800011dc (0x011b1633) x12 0xfffff994
core   0: 0x800011e0 (0x40ddd013) srai    zero, s11, 13
core   0: 3 0x800011e0 (0x40ddd013)
core   0: 0x800011e4 (0x156d7d93) andi    s11, s10, 342
core   0: 3 0x800011e4 (0x156d7d93) x27 0x00000000
core   0: 0x800011e8 (0x01ac67b3) or      a5, s8, s10
core   0: 3 0x800011e8 (0x01ac67b3) x15 0x00000001
core   0: 0x800011ec (0x0078b6b3) sltu    a3, a7, t2
core   0: 3 0x800011ec (0x0078b6b3) x13 0x00000001
core   0: 0x800011f0 (0xc9fa0693) addi    a3, s4, -865
core   0: 3 0x800011f0 (0xc9fa0693) x13 0xfffffc9f
core   0: 0x800011f4 (0x414686b3) sub     a3, a3, s4
core   0: 3 0x800011f4 (0x414686b3) x13 0xfffffc9f
core   0: 0x800011f8 (0x00000013) nop
core   0: 3 0x800011f8 (0x00000013)
core   0: 0x800011fc (0x690817b7) lui     a5, 0x69081
core   0: 3 0x800011fc (0x690817b7) x15 0x69081000
core   0: 0x80001200 (0x00bb4ab3) xor     s5, s6, a1
core   0: 3 0x80001200 (0x00bb4ab3) x21 0x62308830
core   0: 0x80001204 (0x00000013) nop
core   0: 3 0x80001204 (0x00000013)
core   0: 0x80001208 (0xe78aa813) slti    a6, s5, -392
core   0: 3 0x80001208 (0xe78aa813) x16 0x00000000
core   0: 0x8000120c (0xf6814513) xori    a0, sp, -152
core   0: 3 0x8000120c (0xf6814513) x10 0xfffffdb1
core   0: 0x80001210 (0xb25e2893) slti    a7, t3, -1243
core   0: 3 0x80001210 (0xb25e2893) x17 0x00000001
core   0: 0x80001214 (0x01c6d6b3) srl     a3, a3, t3
core   0: 3 0x80001214 (0x01c6d6b3) x13 0x0fffffc9
core   0: 0x80001218 (0x196f4e37) lui     t3, 0x196f4
core   0: 3 0x80001218 (0x196f4e37) x28 0x196f4000
core   0: 0x8000121c (0x00000013) nop
core   0: 3 0x8000121c (0x00000013)
core   0: 0x80001220 (0x000ea3b3) slt     t2, t4, zero
core   0: 3 0x80001220 (0x000ea3b3) x 7 0x00000001
core   0: 0x80001224 (0x3b253813) sltiu   a6, a0, 946
core   0: 3 0x80001224 (0x3b253813) x16 0x00000000
core   0: 0x80001228 (0xa7d4f093) andi    ra, s1, -1411
core   0: 3 0x80001228 (0xa7d4f093) x 1 0x0000026d
core   0: 0x8000122c (0xce035ab7) lui     s5, 0xce035
core   0: 3 0x8000122c (0xce035ab7) x21 0xce035000
core   0: 0x80001230 (0x3b17a493) slti    s1, a5, 945
core   0: 3 0x80001230 (0x3b17a493) x 9 0x00000000
core   0: 0x80001234 (0x01c3dab3) srl     s5, t2, t3
core   0: 3 0x80001234 (0x01c3dab3) x21 0x00000001
core   0: 0x80001238 (0x012aca33) xor     s4, s5, s2
core   0: 3 0x80001238 (0x012aca33) x20 0x000003e4
core   0: 0x8000123c (0x002e9b33) sll     s6, t4, sp
core   0: 3 0x8000123c (0x002e9b33) x22 0xc8000000
core   0: 0x80001240 (0x00a55493) srli    s1, a0, 10
core   0: 3 0x80001240 (0x00a55493) x 9 0x003fffff
core   0: 0x80001244 (0x92f88e13) addi    t3, a7, -1745
core   0: 3 0x80001244 (0x92f88e13) x28 0xfffff930
core   0: 0x80001248 (0x01a740b3) xor     ra, a4, s10
core   0: 3 0x80001248 (0x01a740b3) x 1 0x80000001
core   0: 0x8000124c (0x2c6f0013) addi    zero, t5, 710
core   0: 3 0x8000124c (0x2c6f0013)
core   0: 0x80001250 (0x51562493) slti    s1, a2, 1301
core   0: 3 0x80001250 (0x51562493) x 9 0x00000001
core   0: 0x80001254 (0x0b9b0013) addi    zero, s6, 185
core   0: 3 0x80001254 (0x0b9b0013)
core   0: 0x80001258 (0x41120633) sub     a2, tp, a7
core   0: 3 0x80001258 (0x41120633) x12 0x592a8fff
core   0: 0x8000125c (0x01b228b3) slt     a7, tp, s11
core   0: 3 0x8000125c (0x01b228b3) x17 0x00000000
core   0: 0x80001260 (0x00673e33) sltu    t3, a4, t1
core   0: 3 0x80001260 (0x00673e33) x28 0x00000001
core   0: 0x80001264 (0x01cbaf33) slt     t5, s7, t3
core   0: 3 0x80001264 (0x01cbaf33) x30 0x00000000
core   0: 0x80001268 (0x00d99133) sll     sp, s3, a3
core   0: 3 0x80001268 (0x00d99133) x 2 0x00000200
core   0: 0x8000126c (0x005e5d13) srli    s10, t3, 5
core   0: 3 0x8000126c (0x005e5d13) x26 0x00000000
core   0: 0x80001270 (0x05440113) addi    sp, s0, 84
core   0: 3 0x80001270 (0x05440113) x 2 0x00000277
core   0: 0x80001274 (0xcd09cf93) xori    t6, s3, -816
core   0: 3 0x80001274 (0xcd09cf93) x31 0xfffffcd1
core   0: 0x80001278 (0x402a5a33) sra     s4, s4, sp
core   0: 3 0x80001278 (0x402a5a33) x20 0x00000000
core   0: 0x8000127c (0x40df0833) sub     a6, t5, a3
core   0: 3 0x8000127c (0x40df0833) x16 0xf0000037
core   0: 0x80001280 (0xfba10813) addi    a6, sp, -70
core   0: 3 0x80001280 (0xfba10813) x16 0x00000231
core   0: 0x80001284 (0x41e786b3) sub     a3, a5, t5
core   0: 3 0x80001284 (0x41e786b3) x13 0x69081000
core   0: 0x80001288 (0x00000013) nop
core   0: 3 0x80001288 (0x00000013)
core   0: 0x8000128c (0x0163fab3) and     s5, t2, s6
core   0: 3 0x8000128c (0x0163fab3) x21 0x00000000
core   0: 0x80001290 (0x01c682b3) add     t0, a3, t3
core   0: 3 0x80001290 (0x01c682b3) x 5 0x69081001
core   0: 0x80001294 (0x41b55033) sra     zero, a0, s11
core   0: 3 0x80001294 (0x41b55033)
core   0: 0x80001298 (0x01e35493) srli    s1, t1, 30
core   0: 3 0x80001298 (0x01e35493) x 9 0x00000002
core   0: 0x8000129c (0x00c33ab3) sltu    s5, t1, a2
core   0: 3 0x8000129c (0x00c33ab3) x21 0x00000000
core   0: 0x800012a0 (0x01475b93) srli    s7, a4, 20
core   0: 3 0x800012a0 (0x01475b93) x23 0x00000800
core   0: 0x800012a4 (0x01198f33) add     t5, s3, a7
core   0: 3 0x800012a4 (0x01198f33) x30 0x00000001
core   0: 0x800012a8 (0x01475f33) srl     t5, a4, s4
core   0: 3 0x800012a8 (0x01475f33) x30 0x80000000
core   0: 0x800012ac (0x416a5fb3) sra     t6, s4, s6
core   0: 3 0x800012ac (0x416a5fb3) x31 0x00000000
core   0: 0x800012b0 (0x00b0be33) sltu    t3, ra, a1
core   0: 3 0x800012b0 (0x00b0be33) x28 0x00000001
core   0: 0x800012b4 (0xb6ffa697) auipc   a3, 0xb6ffa
core   0: 3 0x800012b4 (0xb6ffa697) x13 0x36ffb2b4
core   0: 0x800012b8 (0x016350b3) srl     ra, t1, s6
core   0: 3 0x800012b8 (0x016350b3) x 1 0xa6d57001
core   0: 0x800012bc (0x41fde693) ori     a3, s11, 1055
core   0: 3 0x800012bc (0x41fde693) x13 0x0000041f
core   0: 0x800012c0 (0x01e08633) add     a2, ra, t5
core   0: 3 0x800012c0 (0x01e08633) x12 0x26d57001
core   0: 0x800012c4 (0x01e3a8b3) slt     a7, t2, t5
core   0: 3 0x800012c4 (0x01e3a8b3) x17 0x00000000
core   0: 0x800012c8 (0x00000013) nop
core   0: 3 0x800012c8 (0x00000013)
core   0: 0x800012cc (0x40f1df33) sra     t5, gp, a5
core   0: 3 0x800012cc (0x40f1df33) x30 0x00000041
core   0: 0x800012d0 (0x0025bfb3) sltu    t6, a1, sp
core   0: 3 0x800012d0 (0x0025bfb3) x31 0x00000000
core   0: 0x800012d4 (0x015c60b3) or      ra, s8, s5
core   0: 3 0x800012d4 (0x015c60b3) x 1 0x00000001
core   0: 0x800012d8 (0x00312b33) slt     s6, sp, gp
core   0: 3 0x800012d8 (0x00312b33) x22 0x00000000
core   0: 0x800012dc (0x007633b3) sltu    t2, a2, t2
core   0: 3 0x800012dc (0x007633b3) x 7 0x00000000
core   0: 0x800012e0 (0x0108d6b3) srl     a3, a7, a6
core   0: 3 0x800012e0 (0x0108d6b3) x13 0x00000000
core   0: 0x800012e4 (0xf6f7ac17) auipc   s8, 0xf6f7a
core   0: 3 0x800012e4 (0xf6f7ac17) x24 0x76f7b2e4
core   0: 0x800012e8 (0x00000013) nop
core   0: 3 0x800012e8 (0x00000013)
core   0: 0x800012ec (0x2361e493) ori     s1, gp, 566
core   0: 3 0x800012ec (0x2361e493) x 9 0x00000277
core   0: 0x800012f0 (0x6f983937) lui     s2, 0x6f983
core   0: 3 0x800012f0 (0x6f983937) x18 0x6f983000
core   0: 0x800012f4 (0x01732033) slt     zero, t1, s7
core   0: 3 0x800012f4 (0x01732033)
core   0: 0x800012f8 (0xf33f3013) sltiu   zero, t5, -205
core   0: 3 0x800012f8 (0xf33f3013)
core   0: 0x800012fc (0x73d50793) addi    a5, a0, 1853
core   0: 3 0x800012fc (0x73d50793) x15 0x000004ee
core   0: 0x80001300 (0x413159b3) sra     s3, sp, s3
core   0: 3 0x80001300 (0x413159b3) x19 0x0000013b
core   0: 0x80001304 (0x00000013) nop
core   0: 3 0x80001304 (0x00000013)
core   0: 0x80001308 (0x41ec83b3) sub     t2, s9, t5
core   0: 3 0x80001308 (0x41ec83b3) x 7 0x80015ca3
core   0: 0x8000130c (0x01931b33) sll     s6, t1, s9
core   0: 3 0x8000130c (0x01931b33) x22 0x6d570010
core   0: 0x80001310 (0x00e6d113) srli    sp, a3, 14
core   0: 3 0x80001310 (0x00e6d113) x 2 0x00000000
core   0: 0x80001314 (0x41e600b3) sub     ra, a2, t5
core   0: 3 0x80001314 (0x41e600b3) x 1 0x26d56fc0
core   0: 0x80001318 (0x009950b3) srl     ra, s2, s1
core   0: 3 0x80001318 (0x009950b3) x 1 0x000000df
core   0: 0x8000131c (0x00340c33) add     s8, s0, gp
core   0: 3 0x8000131c (0x00340c33) x24 0x00000264
core   0: 0x80001320 (0xb958fa93) andi    s5, a7, -1131
core   0: 3 0x80001320 (0xb958fa93) x21 0x00000000
core   0: 0x80001324 (0x018f3a33) sltu    s4, t5, s8
core   0: 3 0x80001324 (0x018f3a33) x20 0x00000001
core   0: 0x80001328 (0x010fbd33) sltu    s10, t6, a6
core   0: 3 0x80001328 (0x010fbd33) x26 0x00000001
core   0: 0x8000132c (0xd73da917) auipc   s2, 0xd73da
core   0: 3 0x8000132c (0xd73da917) x18 0x573db32c
core   0: 0x80001330 (0x0110a6b3) slt     a3, ra, a7
core   0: 3 0x80001330 (0x0110a6b3) x13 0x00000000
core   0: 0x80001334 (0x4e894093) xori    ra, s2, 1256
core   0: 3 0x80001334 (0x4e894093) x 1 0x573db7c4
core   0: 0x80001338 (0x40be55b3) sra     a1, t3, a1
core   0: 3 0x80001338 (0x40be55b3) x11 0x00000000
core   0: 0x8000133c (0xa28d3f13) sltiu   t5, s10, -1496
core   0: 3 0x8000133c (0xa28d3f13) x30 0x00000001
core   0: 0x80001340 (0x00fbd213) srli    tp, s7, 15
core   0: 3 0x80001340 (0x00fbd213) x 4 0x00000000
core   0: 0x80001344 (0x01479033) sll     zero, a5, s4
core   0: 3 0x80001344 (0x01479033)
core   0: 0x80001348 (0x01b6bbb3) sltu    s7, a3, s11
core   0: 3 0x80001348 (0x01b6bbb3) x23 0x00000000
core   0: 0x8000134c (0x01ac26b3) slt     a3, s8, s10
core   0: 3 0x8000134c (0x01ac26b3) x13 0x00000000
core   0: 0x80001350 (0x01017133) and     sp, sp, a6
core   0: 3 0x80001350 (0x01017133) x 2 0x00000000
core   0: 0x80001354 (0x006cd8b3) srl     a7, s9, t1
core   0: 3 0x80001354 (0x006cd8b3) x17 0x4000ae72
core   0: 0x80001358 (0x015a5b13) srli    s6, s4, 21
core   0: 3 0x80001358 (0x015a5b13) x22 0x00000000
core   0: 0x8000135c (0x01595633) srl     a2, s2, s5
core   0: 3 0x8000135c (0x01595633) x12 0x573db32c
core   0: 0x80001360 (0x00ed1a93) slli    s5, s10, 14
core   0: 3 0x80001360 (0x00ed1a93) x21 0x00004000
core   0: 0x80001364 (0x40370d33) sub     s10, a4, gp
core   0: 3 0x80001364 (0x40370d33) x26 0x7fffffbf
core   0: 0x80001368 (0x00addbb3) srl     s7, s11, a0
core   0: 3 0x80001368 (0x00addbb3) x23 0x00000000
core   0: 0x8000136c (0xc2cfaf93) slti    t6, t6, -980
core   0: 3 0x8000136c (0xc2cfaf93) x31 0x00000000
core   0: 0x80001370 (0x00dd0133) add     sp, s10, a3
core   0: 3 0x80001370 (0x00dd0133) x 2 0x7fffffbf
core   0: 0x80001374 (0x01646033) or      zero, s0, s6
core   0: 3 0x80001374 (0x01646033)
core   0: 0x80001378 (0xf9d84493) xori    s1, a6, -99
core   0: 3 0x80001378 (0xf9d84493) x 9 0xfffffdac
core   0: 0x8000137c (0x24298293) addi    t0, s3, 578
core   0: 3 0x8000137c (0x24298293) x 5 0x0000037d
core   0: 0x80001380 (0x9d7aea93) ori     s5, s5, -1577
core   0: 3 0x80001380 (0x9d7aea93) x21 0xfffff9d7
core   0: 0x80001384 (0x4065d4b3) sra     s1, a1, t1
core   0: 3 0x80001384 (0x4065d4b3) x 9 0x00000000
core   0: 0x80001388 (0x54a40913) addi    s2, s0, 1354
core   0: 3 0x80001388 (0x54a40913) x18 0x0000076d
core   0: 0x8000138c (0x00000013) nop
core   0: 3 0x8000138c (0x00000013)
core   0: 0x80001390 (0xbbaaff93) andi    t6, s5, -1094
core   0: 3 0x80001390 (0xbbaaff93) x31 0xfffff992
core   0: 0x80001394 (0x011a5513) srli    a0, s4, 17
core   0: 3 0x80001394 (0x011a5513) x10 0x00000000
core   0: 0x80001398 (0x65a54c37) lui     s8, 0x65a54
core   0: 3 0x80001398 (0x65a54c37) x24 0x65a54000
core   0: 0x8000139c (0x01e01bb3) sll     s7, zero, t5
core   0: 3 0x8000139c (0x01e01bb3) x23 0x00000000
core   0: 0x800013a0 (0x4118d333) sra     t1, a7, a7
core   0: 3 0x800013a0 (0x4118d333) x 6 0x00001000
core   0: 0x800013a4 (0x01783e33) sltu    t3, a6, s7
core   0: 3 0x800013a4 (0x01783e33) x28 0x00000000
core   0: 0x800013a8 (0x41a054b3) sra     s1, zero, s10
core   0: 3 0x800013a8 (0x41a054b3) x 9 0x00000000
core   0: 0x800013ac (0x8653f093) andi    ra, t2, -1947
core   0: 3 0x800013ac (0x8653f093) x 1 0x80015821
core   0: 0x800013b0 (0x37f1a337) lui     t1, 0x37f1a
core   0: 3 0x800013b0 (0x37f1a337) x 6 0x37f1a000
core   0: 0x800013b4 (0x60966393) ori     t2, a2, 1545
core   0: 3 0x800013b4 (0x60966393) x 7 0x573db72d
core   0: 0x800013b8 (0x00131f13) slli    t5, t1, 1
core   0: 3 0x800013b8 (0x00131f13) x30 0x6fe34000
core   0: 0x800013bc (0x00d0b633) sltu    a2, ra, a3
core   0: 3 0x800013bc (0x00d0b633) x12 0x00000000
core   0: 0x800013c0 (0x86212493) slti    s1, sp, -1950
core   0: 3 0x800013c0 (0x86212493) x 9 0x00000000
core   0: 0x800013c4 (0xe2173193) sltiu   gp, a4, -479
core   0: 3 0x800013c4 (0xe2173193) x 3 0x00000001
core   0: 0x800013c8 (0x005ed393) srli    t2, t4, 5
core   0: 3 0x800013c8 (0x005ed393) x 7 0x040008f3
core   0: 0x800013cc (0x00000013) nop
core   0: 3 0x800013cc (0x00000013)
core   0: 0x800013d0 (0x01404ab3) xor     s5, zero, s4
core   0: 3 0x800013d0 (0x01404ab3) x21 0x00000001
core   0: 0x800013d4 (0x00f9fc33) and     s8, s3, a5
core   0: 3 0x800013d4 (0x00f9fc33) x24 0x0000002a
core   0: 0x800013d8 (0xa20fa993) slti    s3, t6, -1504
core   0: 3 0x800013d8 (0xa20fa993) x19 0x00000001
core   0: 0x800013dc (0xfbb13093) sltiu   ra, sp, -69
core   0: 3 0x800013dc (0xfbb13093) x 1 0x00000001
core   0: 0x800013e0 (0x00f44d33) xor     s10, s0, a5
core   0: 3 0x800013e0 (0x00f44d33) x26 0x000006cd
core   0: 0x800013e4 (0x40825f93) srai    t6, tp, 8
core   0: 3 0x800013e4 (0x40825f93) x31 0x00000000
core   0: 0x800013e8 (0x01939793) slli    a5, t2, 25
core   0: 3 0x800013e8 (0x01939793) x15 0xe6000000
core   0: 0x800013ec (0x0a3cfa17) auipc   s4, 0xa3cf
core   0: 3 0x800013ec (0x0a3cfa17) x20 0x8a3d03ec
core   0: 0x800013f0 (0x01cedbb3) srl     s7, t4, t3
core   0: 3 0x800013f0 (0x01cedbb3) x23 0x80011e64
core   0: 0x800013f4 (0x018ab133) sltu    sp, s5, s8
core   0: 3 0x800013f4 (0x018ab133) x 2 0x00000001
core   0: 0x800013f8 (0x00025ab3) srl     s5, tp, zero
core   0: 3 0x800013f8 (0x00025ab3) x21 0x00000000
core   0: 0x800013fc (0x00000013) nop
core   0: 3 0x800013fc (0x00000013)
core   0: 0x80001400 (0x41d9d433) sra     s0, s3, t4
core   0: 3 0x80001400 (0x41d9d433) x 8 0x00000000
core   0: 0x80001404 (0x006f5f33) srl     t5, t5, t1
core   0: 3 0x80001404 (0x006f5f33) x30 0x6fe34000
core   0: 0x80001408 (0x41af5893) srai    a7, t5, 26
core   0: 3 0x80001408 (0x41af5893) x17 0x0000001b
core   0: 0x8000140c (0x006f6db3) or      s11, t5, t1
core   0: 3 0x8000140c (0x006f6db3) x27 0x7ff3e000
core   0: 0x80001410 (0x00994333) xor     t1, s2, s1
core   0: 3 0x80001410 (0x00994333) x 6 0x0000076d
core   0: 0x80001414 (0x8fcc8137) lui     sp, 0x8fcc8
core   0: 3 0x80001414 (0x8fcc8137) x 2 0x8fcc8000
core   0: 0x80001418 (0x30f4a697) auipc   a3, 0x30f4a
core   0: 3 0x80001418 (0x30f4a697) x13 0xb0f4b418
core   0: 0x8000141c (0x006268b3) or      a7, tp, t1
core   0: 3 0x8000141c (0x006268b3) x17 0x0000076d
core   0: 0x80001420 (0x405a55b3) sra     a1, s4, t0
core   0: 3 0x80001420 (0x405a55b3) x11 0xfffffffc
core   0: 0x80001424 (0x01db1bb3) sll     s7, s6, t4
core   0: 3 0x80001424 (0x01db1bb3) x23 0x00000000
core   0: 0x80001428 (0x00f92933) slt     s2, s2, a5
core   0: 3 0x80001428 (0x00f92933) x18 0x00000000
core   0: 0x8000142c (0x018c37b3) sltu    a5, s8, s8
core   0: 3 0x8000142c (0x018c37b3) x15 0x00000000
core   0: 0x80001430 (0x494e2313) slti    t1, t3, 1172
core   0: 3 0x80001430 (0x494e2313) x 6 0x00000001
core   0: 0x80001434 (0x0035a7b3) slt     a5, a1, gp
core   0: 3 0x80001434 (0x0035a7b3) x15 0x00000001
core   0: 0x80001438 (0x29497913) andi    s2, s2, 660
core   0: 3 0x80001438 (0x29497913) x18 0x00000000
core   0: 0x8000143c (0x40dd86b3) sub     a3, s11, a3
core   0: 3 0x8000143c (0x40dd86b3) x13 0xceff2be8
core   0: 0x80001440 (0x872c3893) sltiu   a7, s8, -1934
core   0: 3 0x80001440 (0x872c3893) x17 0x00000001
core   0: 0x80001444 (0x018cf7b3) and     a5, s9, s8
core   0: 3 0x80001444 (0x018cf7b3) x15 0x00000020
core   0: 0x80001448 (0x5abfb313) sltiu   t1, t6, 1451
core   0: 3 0x80001448 (0x5abfb313) x 6 0x00000001
core   0: 0x8000144c (0x002d1333) sll     t1, s10, sp
core   0: 3 0x8000144c (0x002d1333) x 6 0x000006cd
core   0: 0x80001450 (0x00262533) slt     a0, a2, sp
core   0: 3 0x80001450 (0x00262533) x10 0x00000000
core   0: 0x80001454 (0x6357fc13) andi    s8, a5, 1589
core   0: 3 0x80001454 (0x6357fc13) x24 0x00000020
core   0: 0x80001458 (0x00434533) xor     a0, t1, tp
core   0: 3 0x80001458 (0x00434533) x10 0x000006cd
core   0: 0x8000145c (0x017a08b3) add     a7, s4, s7
core   0: 3 0x8000145c (0x017a08b3) x17 0x8a3d03ec
core   0: 0x80001460 (0xe37c5117) auipc   sp, 0xe37c5
core   0: 3 0x80001460 (0xe37c5117) x 2 0x637c6460
core   0: 0x80001464 (0x40188fb3) sub     t6, a7, ra
core   0: 3 0x80001464 (0x40188fb3) x31 0x8a3d03eb
core   0: 0x80001468 (0xa1240493) addi    s1, s0, -1518
core   0: 3 0x80001468 (0xa1240493) x 9 0xfffffa12
core   0: 0x8000146c (0xa5b9f497) auipc   s1, 0xa5b9f
core   0: 3 0x8000146c (0xa5b9f497) x 9 0x25ba046c
core   0: 0x80001470 (0x410450b3) sra     ra, s0, a6
core   0: 3 0x80001470 (0x410450b3) x 1 0x00000000
core   0: 0x80001474 (0x01d73c33) sltu    s8, a4, t4
core   0: 3 0x80001474 (0x01d73c33) x24 0x00000001
core   0: 0x80001478 (0xea844e13) xori    t3, s0, -344
core   0: 3 0x80001478 (0xea844e13) x28 0xfffffea8
core   0: 0x8000147c (0x2ca34793) xori    a5, t1, 714
core   0: 3 0x8000147c (0x2ca34793) x15 0x00000407
core   0: 0x80001480 (0xe6442937) lui     s2, 0xe6442
core   0: 3 0x80001480 (0xe6442937) x18 0xe6442000
core   0: 0x80001484 (0x00d36fb3) or      t6, t1, a3
core   0: 3 0x80001484 (0x00d36fb3) x31 0xceff2fed
core   0: 0x80001488 (0x00000013) nop
core   0: 3 0x80001488 (0x00000013)
core   0: 0x8000148c (0x1c5df613) andi    a2, s11, 453
core   0: 3 0x8000148c (0x1c5df613) x12 0x00000000
core   0: 0x80001490 (0x00000013) nop
core   0: 3 0x80001490 (0x00000013)
core   0: 0x80001494 (0x4014e093) ori     ra, s1, 1025
core   0: 3 0x80001494 (0x4014e093) x 1 0x25ba046d
core   0: 0x80001498 (0x4613ef93) ori     t6, t2, 1121
core   0: 3 0x80001498 (0x4613ef93) x31 0x04000cf3
core   0: 0x8000149c (0x000e35b3) sltu    a1, t3, zero
core   0: 3 0x8000149c (0x000e35b3) x11 0x00000000
core   0: 0x800014a0 (0x01ab1e13) slli    t3, s6, 26
core   0: 3 0x800014a0 (0x01ab1e13) x28 0x00000000
core   0: 0x800014a4 (0x01f34133) xor     sp, t1, t6
core   0: 3 0x800014a4 (0x01f34133) x 2 0x04000a3e
core   0: 0x800014a8 (0x40018533) sub     a0, gp, zero
core   0: 3 0x800014a8 (0x40018533) x10 0x00000001
core   0: 0x800014ac (0xd5bb8293) addi    t0, s7, -677
core   0: 3 0x800014ac (0xd5bb8293) x 5 0xfffffd5b
core   0: 0x800014b0 (0x77e94493) xori    s1, s2, 1918
core   0: 3 0x800014b0 (0x77e94493) x 9 0xe644277e
core   0: 0x800014b4 (0x41950b33) sub     s6, a0, s9
core   0: 3 0x800014b4 (0x41950b33) x22 0x7ffea31d
core   0: 0x800014b8 (0x41f2d613) srai    a2, t0, 31
core   0: 3 0x800014b8 (0x41f2d613) x12 0xffffffff
core   0: 0x800014bc (0x4777af13) slti    t5, a5, 1143
core   0: 3 0x800014bc (0x4777af13) x30 0x00000001
core   0: 0x800014c0 (0x8cddaa93) slti    s5, s11, -1843
core   0: 3 0x800014c0 (0x8cddaa93) x21 0x00000000
core   0: 0x800014c4 (0x02cd7017) auipc   zero, 0x2cd7
core   0: 3 0x800014c4 (0x02cd7017)
core   0: 0x800014c8 (0x2564c313) xori    t1, s1, 598
core   0: 3 0x800014c8 (0x2564c313) x 6 0xe6442528
core   0: 0x800014cc (0x95bfb993) sltiu   s3, t6, -1701
core   0: 3 0x800014cc (0x95bfb993) x19 0x00000001
core   0: 0x800014d0 (0x1706a437) lui     s0, 0x1706a
core   0: 3 0x800014d0 (0x1706a437) x 8 0x1706a000
core   0: 0x800014d4 (0x00553fb3) sltu    t6, a0, t0
core   0: 3 0x800014d4 (0x00553fb3) x31 0x00000001
core   0: 0x800014d8 (0x00d9d2b3) srl     t0, s3, a3
core   0: 3 0x800014d8 (0x00d9d2b3) x 5 0x00000000
core   0: 0x800014dc (0x00c40133) add     sp, s0, a2
core   0: 3 0x800014dc (0x00c40133) x 2 0x17069fff
core   0: 0x800014e0 (0x01c6bd33) sltu    s10, a3, t3
core   0: 3 0x800014e0 (0x01c6bd33) x26 0x00000000
core   0: 0x800014e4 (0x41205793) srai    a5, zero, 18
core   0: 3 0x800014e4 (0x41205793) x15 0x00000000
core   0: 0x800014e8 (0x96c2bdb7) lui     s11, 0x96c2b
core   0: 3 0x800014e8 (0x96c2bdb7) x27 0x96c2b000
core   0: 0x800014ec (0x019885b3) add     a1, a7, s9
core   0: 3 0x800014ec (0x019885b3) x11 0x0a3e60d0
core   0: 0x800014f0 (0x09d70813) addi    a6, a4, 157
core   0: 3 0x800014f0 (0x09d70813) x16 0x8000009d
core   0: 0x800014f4 (0xadd62413) slti    s0, a2, -1315
core   0: 3 0x800014f4 (0xadd62413) x 8 0x00000000
core   0: 0x800014f8 (0x01badd33) srl     s10, s5, s11
core   0: 3 0x800014f8 (0x01badd33) x26 0x00000000
core   0: 0x800014fc (0x41455e13) srai    t3, a0, 20
core   0: 3 0x800014fc (0x41455e13) x28 0x00000000
core   0: 0x80001500 (0xb72d8513) addi    a0, s11, -1166
core   0: 3 0x80001500 (0xb72d8513) x10 0x96c2ab72
core   0: 0x80001504 (0x01985613) srli    a2, a6, 25
core   0: 3 0x80001504 (0x01985613) x12 0x00000040
core   0: 0x80001508 (0x41350f33) sub     t5, a0, s3
core   0: 3 0x80001508 (0x41350f33) x30 0x96c2ab71
core   0: 0x8000150c (0x00b85513) srli    a0, a6, 11
core   0: 3 0x8000150c (0x00b85513) x10 0x00100000
core   0: 0x80001510 (0x00fbb1b3) sltu    gp, s7, a5
core   0: 3 0x80001510 (0x00fbb1b3) x 3 0x00000000
core   0: 0x80001514 (0x7a924693) xori    a3, tp, 1961
core   0: 3 0x80001514 (0x7a924693) x13 0x000007a9
core   0: 0x80001518 (0x7170e193) ori     gp, ra, 1815
core   0: 3 0x80001518 (0x7170e193) x 3 0x25ba077f
core   0: 0x8000151c (0x6d002f13) slti    t5, zero, 1744
core   0: 3 0x8000151c (0x6d002f13) x30 0x00000001
core   0: 0x80001520 (0x001d6033) or      zero, s10, ra
core   0: 3 0x80001520 (0x001d6033)
core   0: 0x80001524 (0x00549a13) slli    s4, s1, 5
core   0: 3 0x80001524 (0x00549a13) x20 0xc884efc0
core   0: 0x80001528 (0x01017633) and     a2, sp, a6
core   0: 3 0x80001528 (0x01017633) x12 0x0000009d
core   0: 0x8000152c (0x00000013) nop
core   0: 3 0x8000152c (0x00000013)
core   0: 0x80001530 (0x3e9f6993) ori     s3, t5, 1001
core   0: 3 0x80001530 (0x3e9f6993) x19 0x000003e9
core   0: 0x80001534 (0x497d3293) sltiu   t0, s10, 1175
core   0: 3 0x80001534 (0x497d3293) x 5 0x00000001
core   0: 0x80001538 (0x0003b533) sltu    a0, t2, zero
core   0: 3 0x80001538 (0x0003b533) x10 0x00000000
core   0: 0x8000153c (0x009f1fb3) sll     t6, t5, s1
core   0: 3 0x8000153c (0x009f1fb3) x31 0x40000000
core   0: 0x80001540 (0x018bf533) and     a0, s7, s8
core   0: 3 0x80001540 (0x018bf533) x10 0x00000000
core   0: 0x80001544 (0x004f3db3) sltu    s11, t5, tp
core   0: 3 0x80001544 (0x004f3db3) x27 0x00000000
core   0: 0x80001548 (0xe46b8637) lui     a2, 0xe46b8
core   0: 3 0x80001548 (0xe46b8637) x12 0xe46b8000
core   0: 0x8000154c (0x01d9f2b3) and     t0, s3, t4
core   0: 3 0x8000154c (0x01d9f2b3) x 5 0x00000260
core   0: 0x80001550 (0x0077dd33) srl     s10, a5, t2
core   0: 3 0x80001550 (0x0077dd33) x26 0x00000000
core   0: 0x80001554 (0x00e81913) slli    s2, a6, 14
core   0: 3 0x80001554 (0x00e81913) x18 0x00274000
core   0: 0x80001558 (0x7a9c0993) addi    s3, s8, 1961
core   0: 3 0x80001558 (0x7a9c0993) x19 0x000007aa
core   0: 0x8000155c (0x007c7433) and     s0, s8, t2
core   0: 3 0x8000155c (0x007c7433) x 8 0x00000001
core   0: 0x80001560 (0x16d56493) ori     s1, a0, 365
core   0: 3 0x80001560 (0x16d56493) x 9 0x0000016d
core   0: 0x80001564 (0xfff00293) li      t0, -1
core   0: 3 0x80001564 (0xfff00293) x 5 0xffffffff
core   0: 0x80001568 (0xfff00513) li      a0, -1
core   0: 3 0x80001568 (0xfff00513) x10 0xffffffff
core   0: 0x8000156c (0xfff00613) li      a2, -1
core   0: 3 0x8000156c (0xfff00613) x12 0xffffffff
core   0: 0x80001570 (0xc59306b7) lui     a3, 0xc5930
core   0: 3 0x80001570 (0xc59306b7) x13 0xc5930000
core   0: 0x80001574 (0x44168693) addi    a3, a3, 1089
core   0: 3 0x80001574 (0x44168693) x13 0xc5930441
core   0: 0x80001578 (0xfff00b93) li      s7, -1
core   0: 3 0x80001578 (0xfff00b93) x23 0xffffffff
core   0: 0x8000157c (0x00000193) li      gp, 0
core   0: 3 0x8000157c (0x00000193) x 3 0x00000000
core   0: 0x80001580 (0xfff00113) li      sp, -1
core   0: 3 0x80001580 (0xfff00113) x 2 0xffffffff
core   0: 0x80001584 (0xfff00393) li      t2, -1
core   0: 3 0x80001584 (0xfff00393) x 7 0xffffffff
core   0: 0x80001588 (0xf0436837) lui     a6, 0xf0436
core   0: 3 0x80001588 (0xf0436837) x16 0xf0436000
core   0: 0x8000158c (0x56580813) addi    a6, a6, 1381
core   0: 3 0x8000158c (0x56580813) x16 0xf0436565
core   0: 0x80001590 (0x2a6bb0b7) lui     ra, 0x2a6bb
core   0: 3 0x80001590 (0x2a6bb0b7) x 1 0x2a6bb000
core   0: 0x80001594 (0xf5c08093) addi    ra, ra, -164
core   0: 3 0x80001594 (0xf5c08093) x 1 0x2a6baf5c
core   0: 0x80001598 (0x40c106b3) sub     a3, sp, a2
core   0: 3 0x80001598 (0x40c106b3) x13 0x00000000
core   0: 0x8000159c (0x40c60533) sub     a0, a2, a2
core   0: 3 0x8000159c (0x40c60533) x10 0x00000000
core   0: 0x800015a0 (0xb0e3e817) auipc   a6, 0xb0e3e
core   0: 3 0x800015a0 (0xb0e3e817) x16 0x30e3f5a0
core   0: 0x800015a4 (0x94194837) lui     a6, 0x94194
core   0: 3 0x800015a4 (0x94194837) x16 0x94194000
core   0: 0x800015a8 (0x50d38837) lui     a6, 0x50d38
core   0: 3 0x800015a8 (0x50d38837) x16 0x50d38000
core   0: 0x800015ac (0x46b53bb7) lui     s7, 0x46b53
core   0: 3 0x800015ac (0x46b53bb7) x23 0x46b53000
core   0: 0x800015b0 (0x00180533) add     a0, a6, ra
core   0: 3 0x800015b0 (0x00180533) x10 0x7b3f2f5c
core   0: 0x800015b4 (0xef9f3117) auipc   sp, 0xef9f3
core   0: 3 0x800015b4 (0xef9f3117) x 2 0x6f9f45b4
core   0: 0x800015b8 (0xfc0940b7) lui     ra, 0xfc094
core   0: 3 0x800015b8 (0xfc0940b7) x 1 0xfc094000
core   0: 0x800015bc (0x00000013) nop
core   0: 3 0x800015bc (0x00000013)
core   0: 0x800015c0 (0x3b508113) addi    sp, ra, 949
core   0: 3 0x800015c0 (0x3b508113) x 2 0xfc0943b5
core   0: 0x800015c4 (0x83cf73b7) lui     t2, 0x83cf7
core   0: 3 0x800015c4 (0x83cf73b7) x 7 0x83cf7000
core   0: 0x800015c8 (0xce050113) addi    sp, a0, -800
core   0: 3 0x800015c8 (0xce050113) x 2 0x7b3f2c3c
core   0: 0x800015cc (0x00d18533) add     a0, gp, a3
core   0: 3 0x800015cc (0x00d18533) x10 0x00000000
core   0: 0x800015d0 (0x2af60537) lui     a0, 0x2af60
core   0: 3 0x800015d0 (0x2af60537) x10 0x2af60000
core   0: 0x800015d4 (0x00c08633) add     a2, ra, a2
core   0: 3 0x800015d4 (0x00c08633) x12 0xfc093fff
core   0: 0x800015d8 (0x00310533) add     a0, sp, gp
core   0: 3 0x800015d8 (0x00310533) x10 0x7b3f2c3c
core   0: 0x800015dc (0x9d1a06b7) lui     a3, 0x9d1a0
core   0: 3 0x800015dc (0x9d1a06b7) x13 0x9d1a0000
core   0: 0x800015e0 (0xb00ef137) lui     sp, 0xb00ef
core   0: 3 0x800015e0 (0xb00ef137) x 2 0xb00ef000
core   0: 0x800015e4 (0x00d80633) add     a2, a6, a3
core   0: 3 0x800015e4 (0x00d80633) x12 0xeded8000
core   0: 0x800015e8 (0xe7aa0617) auipc   a2, 0xe7aa0
core   0: 3 0x800015e8 (0xe7aa0617) x12 0x67aa15e8
core   0: 0x800015ec (0x00a632b3) sltu    t0, a2, a0
core   0: 3 0x800015ec (0x00a632b3) x 5 0x00000001
core   0: 0x800015f0 (0x00e81d33) sll     s10, a6, a4
core   0: 3 0x800015f0 (0x00e81d33) x26 0x50d38000
core   0: 0x800015f4 (0x00cd4fb3) xor     t6, s10, a2
core   0: 3 0x800015f4 (0x00cd4fb3) x31 0x377995e8
core   0: 0x800015f8 (0x48c7e693) ori     a3, a5, 1164
core   0: 3 0x800015f8 (0x48c7e693) x13 0x0000048c
core   0: 0x800015fc (0x01ae5433) srl     s0, t3, s10
core   0: 3 0x800015fc (0x01ae5433) x 8 0x00000000
core   0: 0x80001600 (0x01e60133) add     sp, a2, t5
core   0: 3 0x80001600 (0x01e60133) x 2 0x67aa15e9
core   0: 0x80001604 (0x2dd8ce17) auipc   t3, 0x2dd8c
core   0: 3 0x80001604 (0x2dd8ce17) x28 0xadd8d604
core   0: 0x80001608 (0x00000013) nop
core   0: 3 0x80001608 (0x00000013)
core   0: 0x8000160c (0x014050b3) srl     ra, zero, s4
core   0: 3 0x8000160c (0x014050b3) x 1 0x00000000
core   0: 0x80001610 (0x011038b3) snez    a7, a7
core   0: 3 0x80001610 (0x011038b3) x17 0x00000001
core   0: 0x80001614 (0x00ae7633) and     a2, t3, a0
core   0: 3 0x80001614 (0x00ae7633) x12 0x29180404
core   0: 0x80001618 (0x91c1fa13) andi    s4, gp, -1764
core   0: 3 0x80001618 (0x91c1fa13) x20 0x00000000
core   0: 0x8000161c (0x010d6433) or      s0, s10, a6
core   0: 3 0x8000161c (0x010d6433) x 8 0x50d38000
core   0: 0x80001620 (0x0125dfb3) srl     t6, a1, s2
core   0: 3 0x80001620 (0x0125dfb3) x31 0x0a3e60d0
core   0: 0x80001624 (0xde686e13) ori     t3, a6, -538
core   0: 3 0x80001624 (0xde686e13) x28 0xfffffde6
core   0: 0x80001628 (0x00f6c4b3) xor     s1, a3, a5
core   0: 3 0x80001628 (0x00f6c4b3) x 9 0x0000048c
core   0: 0x8000162c (0x00b1d913) srli    s2, gp, 11
core   0: 3 0x8000162c (0x00b1d913) x18 0x00000000
core   0: 0x80001630 (0x41188a33) sub     s4, a7, a7
core   0: 3 0x80001630 (0x41188a33) x20 0x00000000
core   0: 0x80001634 (0x00000013) nop
core   0: 3 0x80001634 (0x00000013)
core   0: 0x80001638 (0x40e85633) sra     a2, a6, a4
core   0: 3 0x80001638 (0x40e85633) x12 0x50d38000
core   0: 0x8000163c (0xcae58793) addi    a5, a1, -850
core   0: 3 0x8000163c (0xcae58793) x15 0x0a3e5d7e
core   0: 0x80001640 (0x00297a33) and     s4, s2, sp
core   0: 3 0x80001640 (0x00297a33) x20 0x00000000
core   0: 0x80001644 (0x45ba0593) addi    a1, s4, 1115
core   0: 3 0x80001644 (0x45ba0593) x11 0x0000045b
core   0: 0x80001648 (0x01259433) sll     s0, a1, s2
core   0: 3 0x80001648 (0x01259433) x 8 0x0000045b
core   0: 0x8000164c (0x0027b633) sltu    a2, a5, sp
core   0: 3 0x8000164c (0x0027b633) x12 0x00000001
core   0: 0x80001650 (0x41c050b3) sra     ra, zero, t3
core   0: 3 0x80001650 (0x41c050b3) x 1 0x00000000
core   0: 0x80001654 (0x725fbd13) sltiu   s10, t6, 1829
core   0: 3 0x80001654 (0x725fbd13) x26 0x00000000
core   0: 0x80001658 (0x004e28b3) slt     a7, t3, tp
core   0: 3 0x80001658 (0x004e28b3) x17 0x00000001
core   0: 0x8000165c (0x914d7a97) auipc   s5, 0x914d7
core   0: 3 0x8000165c (0x914d7a97) x21 0x114d865c
core   0: 0x80001660 (0x007609b3) add     s3, a2, t2
core   0: 3 0x80001660 (0x007609b3) x19 0x83cf7001
core   0: 0x80001664 (0x0126c3b3) xor     t2, a3, s2
core   0: 3 0x80001664 (0x0126c3b3) x 7 0x0000048c
core   0: 0x80001668 (0x41805f93) srai    t6, zero, 24
core   0: 3 0x80001668 (0x41805f93) x31 0x00000000
core   0: 0x8000166c (0xaf4bfd97) auipc   s11, 0xaf4bf
core   0: 3 0x8000166c (0xaf4bfd97) x27 0x2f4c066c
core   0: 0x80001670 (0x40e6d413) srai    s0, a3, 14
core   0: 3 0x80001670 (0x40e6d413) x 8 0x00000000
core   0: 0x80001674 (0xf628a613) slti    a2, a7, -158
core   0: 3 0x80001674 (0xf628a613) x12 0x00000000
core   0: 0x80001678 (0x00979493) slli    s1, a5, 9
core   0: 3 0x80001678 (0x00979493) x 9 0x7cbafc00
core   0: 0x8000167c (0x5a348d13) addi    s10, s1, 1443
core   0: 3 0x8000167c (0x5a348d13) x26 0x7cbb01a3
core   0: 0x80001680 (0x9a968517) auipc   a0, 0x9a968
core   0: 3 0x80001680 (0x9a968517) x10 0x1a969680
core   0: 0x80001684 (0x4394fbb7) lui     s7, 0x4394f
core   0: 3 0x80001684 (0x4394fbb7) x23 0x4394f000
core   0: 0x80001688 (0x4115de13) srai    t3, a1, 17
core   0: 3 0x80001688 (0x4115de13) x28 0x00000000
core   0: 0x8000168c (0x009e9533) sll     a0, t4, s1
core   0: 3 0x8000168c (0x009e9533) x10 0x80011e64
core   0: 0x80001690 (0x00dcba33) sltu    s4, s9, a3
core   0: 3 0x80001690 (0x00dcba33) x20 0x00000000
core   0: 0x80001694 (0x3f14e813) ori     a6, s1, 1009
core   0: 3 0x80001694 (0x3f14e813) x16 0x7cbafff1
core   0: 0x80001698 (0x00e27bb3) and     s7, tp, a4
core   0: 3 0x80001698 (0x00e27bb3) x23 0x00000000
core   0: 0x8000169c (0x003f2933) slt     s2, t5, gp
core   0: 3 0x8000169c (0x003f2933) x18 0x00000000
core   0: 0x800016a0 (0x00000013) nop
core   0: 3 0x800016a0 (0x00000013)
core   0: 0x800016a4 (0x0035eab3) or      s5, a1, gp
core   0: 3 0x800016a4 (0x0035eab3) x21 0x0000045b
core   0: 0x800016a8 (0x7204b493) sltiu   s1, s1, 1824
core   0: 3 0x800016a8 (0x7204b493) x 9 0x00000000
core   0: 0x800016ac (0x01273933) sltu    s2, a4, s2
core   0: 3 0x800016ac (0x01273933) x18 0x00000000
core   0: 0x800016b0 (0x236fcc13) xori    s8, t6, 566
core   0: 3 0x800016b0 (0x236fcc13) x24 0x00000236
core   0: 0x800016b4 (0xa6353f13) sltiu   t5, a0, -1437
core   0: 3 0x800016b4 (0xa6353f13) x30 0x00000001
core   0: 0x800016b8 (0x01429193) slli    gp, t0, 20
core   0: 3 0x800016b8 (0x01429193) x 3 0x00100000
core   0: 0x800016bc (0x3e97a793) slti    a5, a5, 1001
core   0: 3 0x800016bc (0x3e97a793) x15 0x00000000
core   0: 0x800016c0 (0x0172f4b3) and     s1, t0, s7
core   0: 3 0x800016c0 (0x0172f4b3) x 9 0x00000000
core   0: 0x800016c4 (0x00be5793) srli    a5, t3, 11
core   0: 3 0x800016c4 (0x00be5793) x15 0x00000000
core   0: 0x800016c8 (0xe6d73393) sltiu   t2, a4, -403
core   0: 3 0x800016c8 (0xe6d73393) x 7 0x00000001
core   0: 0x800016cc (0x009f09b3) add     s3, t5, s1
core   0: 3 0x800016cc (0x009f09b3) x19 0x00000001
core   0: 0x800016d0 (0x01976e33) or      t3, a4, s9
core   0: 3 0x800016d0 (0x01976e33) x28 0x80015ce4
core   0: 0x800016d4 (0x01f553b3) srl     t2, a0, t6
core   0: 3 0x800016d4 (0x01f553b3) x 7 0x80011e64
core   0: 0x800016d8 (0x00da5933) srl     s2, s4, a3
core   0: 3 0x800016d8 (0x00da5933) x18 0x00000000
core   0: 0x800016dc (0x01628ab3) add     s5, t0, s6
core   0: 3 0x800016dc (0x01628ab3) x21 0x7ffea31e
core   0: 0x800016e0 (0xd141bb93) sltiu   s7, gp, -748
core   0: 3 0x800016e0 (0xd141bb93) x23 0x00000001
core   0: 0x800016e4 (0x00070533) add     a0, a4, zero
core   0: 3 0x800016e4 (0x00070533) x10 0x80000000
core   0: 0x800016e8 (0x41ae5a33) sra     s4, t3, s10
core   0: 3 0x800016e8 (0x41ae5a33) x20 0xf0002b9c
core   0: 0x800016ec (0x013b73b3) and     t2, s6, s3
core   0: 3 0x800016ec (0x013b73b3) x 7 0x00000001
core   0: 0x800016f0 (0x01514533) xor     a0, sp, s5
core   0: 3 0x800016f0 (0x01514533) x10 0x1854b6f7
core   0: 0x800016f4 (0x07713813) sltiu   a6, sp, 119
core   0: 3 0x800016f4 (0x07713813) x16 0x00000000
core   0: 0x800016f8 (0x008036b3) snez    a3, s0
core   0: 3 0x800016f8 (0x008036b3) x13 0x00000000
core   0: 0x800016fc (0x5e462fb7) lui     t6, 0x5e462
core   0: 3 0x800016fc (0x5e462fb7) x31 0x5e462000
core   0: 0x80001700 (0x013428b3) slt     a7, s0, s3
core   0: 3 0x80001700 (0x013428b3) x17 0x00000001
core   0: 0x80001704 (0xa380f113) andi    sp, ra, -1480
core   0: 3 0x80001704 (0xa380f113) x 2 0x00000000
core   0: 0x80001708 (0x00079513) slli    a0, a5, 0
core   0: 3 0x80001708 (0x00079513) x10 0x00000000
core   0: 0x8000170c (0x01fec8b3) xor     a7, t4, t6
core   0: 3 0x8000170c (0x01fec8b3) x17 0xde473e64
core   0: 0x80001710 (0x00000013) nop
core   0: 3 0x80001710 (0x00000013)
core   0: 0x80001714 (0x62e82c17) auipc   s8, 0x62e82
core   0: 3 0x80001714 (0x62e82c17) x24 0xe2e83714
core   0: 0x80001718 (0x0b0eda97) auipc   s5, 0xb0ed
core   0: 3 0x80001718 (0x0b0eda97) x21 0x8b0ee718
core   0: 0x8000171c (0x01faafb3) slt     t6, s5, t6
core   0: 3 0x8000171c (0x01faafb3) x31 0x00000001
core   0: 0x80001720 (0x01495513) srli    a0, s2, 20
core   0: 3 0x80001720 (0x01495513) x10 0x00000000
core   0: 0x80001724 (0x017f5513) srli    a0, t5, 23
core   0: 3 0x80001724 (0x017f5513) x10 0x00000000
core   0: 0x80001728 (0x004506b3) add     a3, a0, tp
core   0: 3 0x80001728 (0x004506b3) x13 0x00000000
core   0: 0x8000172c (0x007a8d13) addi    s10, s5, 7
core   0: 3 0x8000172c (0x007a8d13) x26 0x8b0ee71f
core   0: 0x80001730 (0xdefa7313) andi    t1, s4, -529
core   0: 3 0x80001730 (0xdefa7313) x 6 0xf000298c
core   0: 0x80001734 (0x9ceea613) slti    a2, t4, -1586
core   0: 3 0x80001734 (0x9ceea613) x12 0x00000001
core   0: 0x80001738 (0x00000013) nop
core   0: 3 0x80001738 (0x00000013)
core   0: 0x8000173c (0xa9e5fe13) andi    t3, a1, -1378
core   0: 3 0x8000173c (0xa9e5fe13) x28 0x0000001a
core   0: 0x80001740 (0x415d5593) srai    a1, s10, 21
core   0: 3 0x80001740 (0x415d5593) x11 0xfffffc58
core   0: 0x80001744 (0x6ae2ec13) ori     s8, t0, 1710
core   0: 3 0x80001744 (0x6ae2ec13) x24 0x000006af
core   0: 0x80001748 (0x512bd337) lui     t1, 0x512bd
core   0: 3 0x80001748 (0x512bd337) x 6 0x512bd000
core   0: 0x8000174c (0x804fbb37) lui     s6, 0x804fb
core   0: 3 0x8000174c (0x804fbb37) x22 0x804fb000
core   0: 0x80001750 (0x417fd613) srai    a2, t6, 23
core   0: 3 0x80001750 (0x417fd613) x12 0x00000000
core   0: 0x80001754 (0x019c7c33) and     s8, s8, s9
core   0: 3 0x80001754 (0x019c7c33) x24 0x000004a4
core   0: 0x80001758 (0x73837e13) andi    t3, t1, 1848
core   0: 3 0x80001758 (0x73837e13) x28 0x00000000
core   0: 0x8000175c (0x010a3033) sltu    zero, s4, a6
core   0: 3 0x8000175c (0x010a3033)
core   0: 0x80001760 (0x7b90ed93) ori     s11, ra, 1977
core   0: 3 0x80001760 (0x7b90ed93) x27 0x000007b9
core   0: 0x80001764 (0xcc0c6f93) ori     t6, s8, -832
core   0: 3 0x80001764 (0xcc0c6f93) x31 0xfffffce4
core   0: 0x80001768 (0x111ba693) slti    a3, s7, 273
core   0: 3 0x80001768 (0x111ba693) x13 0x00000001
core   0: 0x8000176c (0x00348db3) add     s11, s1, gp
core   0: 3 0x8000176c (0x00348db3) x27 0x00100000
core   0: 0x80001770 (0x41c25913) srai    s2, tp, 28
core   0: 3 0x80001770 (0x41c25913) x18 0x00000000
core   0: 0x80001774 (0x01a902b3) add     t0, s2, s10
core   0: 3 0x80001774 (0x01a902b3) x 5 0x8b0ee71f
core   0: 0x80001778 (0x018c35b3) sltu    a1, s8, s8
core   0: 3 0x80001778 (0x018c35b3) x11 0x00000000
core   0: 0x8000177c (0xcbaf8293) addi    t0, t6, -838
core   0: 3 0x8000177c (0xcbaf8293) x 5 0xfffff99e
core   0: 0x80001780 (0xb97e3893) sltiu   a7, t3, -1129
core   0: 3 0x80001780 (0xb97e3893) x17 0x00000001
core   0: 0x80001784 (0x00000493) li      s1, 0
core   0: 3 0x80001784 (0x00000493) x 9 0x00000000
core   0: 0x80001788 (0x00000d13) li      s10, 0
core   0: 3 0x80001788 (0x00000d13) x26 0x00000000
core   0: 0x8000178c (0xfff00313) li      t1, -1
core   0: 3 0x8000178c (0xfff00313) x 6 0xffffffff
core   0: 0x80001790 (0xfff00f93) li      t6, -1
core   0: 3 0x80001790 (0xfff00f93) x31 0xffffffff
core   0: 0x80001794 (0x80000e37) lui     t3, 0x80000
core   0: 3 0x80001794 (0x80000e37) x28 0x80000000
core   0: 0x80001798 (0x8fc80bb7) lui     s7, 0x8fc80
core   0: 3 0x80001798 (0x8fc80bb7) x23 0x8fc80000
core   0: 0x8000179c (0x3f6b8b93) addi    s7, s7, 1014
core   0: 3 0x8000179c (0x3f6b8b93) x23 0x8fc803f6
core   0: 0x800017a0 (0x00000213) li      tp, 0
core   0: 3 0x800017a0 (0x00000213) x 4 0x00000000
core   0: 0x800017a4 (0x80000b37) lui     s6, 0x80000
core   0: 3 0x800017a4 (0x80000b37) x22 0x80000000
core   0: 0x800017a8 (0xfff00a13) li      s4, -1
core   0: 3 0x800017a8 (0xfff00a13) x20 0xffffffff
core   0: 0x800017ac (0xfff00c13) li      s8, -1
core   0: 3 0x800017ac (0xfff00c13) x24 0xffffffff
core   0: 0x800017b0 (0xbcd8d237) lui     tp, 0xbcd8d
core   0: 3 0x800017b0 (0xbcd8d237) x 4 0xbcd8d000
core   0: 0x800017b4 (0x018d0fb3) add     t6, s10, s8
core   0: 3 0x800017b4 (0x018d0fb3) x31 0xffffffff
core   0: 0x800017b8 (0x00000013) nop
core   0: 3 0x800017b8 (0x00000013)
core   0: 0x800017bc (0x41c484b3) sub     s1, s1, t3
core   0: 3 0x800017bc (0x41c484b3) x 9 0x80000000
core   0: 0x800017c0 (0x018b0a33) add     s4, s6, s8
core   0: 3 0x800017c0 (0x018b0a33) x20 0x7fffffff
core   0: 0x800017c4 (0x00000013) nop
core   0: 3 0x800017c4 (0x00000013)
core   0: 0x800017c8 (0x45748e13) addi    t3, s1, 1111
core   0: 3 0x800017c8 (0x45748e13) x28 0x80000457
core   0: 0x800017cc (0xcdd28217) auipc   tp, 0xcdd28
core   0: 3 0x800017cc (0xcdd28217) x 4 0x4dd297cc
core   0: 0x800017d0 (0x40948a33) sub     s4, s1, s1
core   0: 3 0x800017d0 (0x40948a33) x20 0x00000000
core   0: 0x800017d4 (0x3df47e17) auipc   t3, 0x3df47
core   0: 3 0x800017d4 (0x3df47e17) x28 0xbdf487d4
core   0: 0x800017d8 (0x01ae0bb3) add     s7, t3, s10
core   0: 3 0x800017d8 (0x01ae0bb3) x23 0xbdf487d4
core   0: 0x800017dc (0x00000013) nop
core   0: 3 0x800017dc (0x00000013)
core   0: 0x800017e0 (0x004f8fb3) add     t6, t6, tp
core   0: 3 0x800017e0 (0x004f8fb3) x31 0x4dd297cb
core   0: 0x800017e4 (0x416f8bb3) sub     s7, t6, s6
core   0: 3 0x800017e4 (0x416f8bb3) x23 0xcdd297cb
core   0: 0x800017e8 (0x004d04b3) add     s1, s10, tp
core   0: 3 0x800017e8 (0x004d04b3) x 9 0x4dd297cc
core   0: 0x800017ec (0x00000013) nop
core   0: 3 0x800017ec (0x00000013)
core   0: 0x800017f0 (0x00000013) nop
core   0: 3 0x800017f0 (0x00000013)
core   0: 0x800017f4 (0xdd90cf97) auipc   t6, 0xdd90c
core   0: 3 0x800017f4 (0xdd90cf97) x31 0x5d90d7f4
core   0: 0x800017f8 (0x68c18a17) auipc   s4, 0x68c18
core   0: 3 0x800017f8 (0x68c18a17) x20 0xe8c197f8
core   0: 0x800017fc (0x0e5a3217) auipc   tp, 0xe5a3
core   0: 3 0x800017fc (0x0e5a3217) x 4 0x8e5a47fc
core   0: 0x80001800 (0x017b8bb3) add     s7, s7, s7
core   0: 3 0x80001800 (0x017b8bb3) x23 0x9ba52f96
core   0: 0x80001804 (0xa6634d17) auipc   s10, 0xa6634
core   0: 3 0x80001804 (0xa6634d17) x26 0x26635804
core   0: 0x80001808 (0x00000013) nop
core   0: 3 0x80001808 (0x00000013)
core   0: 0x8000180c (0x015cae33) slt     t3, s9, s5
core   0: 3 0x8000180c (0x015cae33) x28 0x00000001
core   0: 0x80001810 (0xf209c193) xori    gp, s3, -224
core   0: 3 0x80001810 (0xf209c193) x 3 0xffffff21
core   0: 0x80001814 (0x00980ab3) add     s5, a6, s1
core   0: 3 0x80001814 (0x00980ab3) x21 0x4dd297cc
core   0: 0x80001818 (0x002d43b3) xor     t2, s10, sp
core   0: 3 0x80001818 (0x002d43b3) x 7 0x26635804
core   0: 0x8000181c (0x9298e813) ori     a6, a7, -1751
core   0: 3 0x8000181c (0x9298e813) x16 0xfffff929
core   0: 0x80001820 (0x0046a833) slt     a6, a3, tp
core   0: 3 0x80001820 (0x0046a833) x16 0x00000000
core   0: 0x80001824 (0x007067b3) or      a5, zero, t2
core   0: 3 0x80001824 (0x007067b3) x15 0x26635804
core   0: 0x80001828 (0x40508833) sub     a6, ra, t0
core   0: 3 0x80001828 (0x40508833) x16 0x00000662
core   0: 0x8000182c (0x009607b3) add     a5, a2, s1
core   0: 3 0x8000182c (0x009607b3) x15 0x4dd297cc
core   0: 0x80001830 (0x0115d7b3) srl     a5, a1, a7
core   0: 3 0x80001830 (0x0115d7b3) x15 0x00000000
core   0: 0x80001834 (0x002796b3) sll     a3, a5, sp
core   0: 3 0x80001834 (0x002796b3) x13 0x00000000
core   0: 0x80001838 (0x014d3233) sltu    tp, s10, s4
core   0: 3 0x80001838 (0x014d3233) x 4 0x00000001
core   0: 0x8000183c (0x56f72c13) slti    s8, a4, 1391
core   0: 3 0x8000183c (0x56f72c13) x24 0x00000001
core   0: 0x80001840 (0x4e416093) ori     ra, sp, 1252
core   0: 3 0x80001840 (0x4e416093) x 1 0x000004e4
core   0: 0x80001844 (0x11672f93) slti    t6, a4, 278
core   0: 3 0x80001844 (0x11672f93) x31 0x00000001
core   0: 0x80001848 (0x33454f13) xori    t5, a0, 820
core   0: 3 0x80001848 (0x33454f13) x30 0x00000334
core   0: 0x8000184c (0x01e31193) slli    gp, t1, 30
core   0: 3 0x8000184c (0x01e31193) x 3 0xc0000000
core   0: 0x80001850 (0x0026dc13) srli    s8, a3, 2
core   0: 3 0x80001850 (0x0026dc13) x24 0x00000000
core   0: 0x80001854 (0x01750933) add     s2, a0, s7
core   0: 3 0x80001854 (0x01750933) x18 0x9ba52f96
core   0: 0x80001858 (0x1153f893) andi    a7, t2, 277
core   0: 3 0x80001858 (0x1153f893) x17 0x00000004
core   0: 0x8000185c (0x2bc86b93) ori     s7, a6, 700
core   0: 3 0x8000185c (0x2bc86b93) x23 0x000006fe
core   0: 0x80001860 (0x92c20313) addi    t1, tp, -1748
core   0: 3 0x80001860 (0x92c20313) x 6 0xfffff92d
core   0: 0x80001864 (0xd8667693) andi    a3, a2, -634
core   0: 3 0x80001864 (0xd8667693) x13 0x00000000
core   0: 0x80001868 (0x0072cc33) xor     s8, t0, t2
core   0: 3 0x80001868 (0x0072cc33) x24 0xd99ca19a
core   0: 0x8000186c (0x00bcd993) srli    s3, s9, 11
core   0: 3 0x8000186c (0x00bcd993) x19 0x0010002b
core   0: 0x80001870 (0x00000013) nop
core   0: 3 0x80001870 (0x00000013)
core   0: 0x80001874 (0x00000013) nop
core   0: 3 0x80001874 (0x00000013)
core   0: 0x80001878 (0x00722e33) slt     t3, tp, t2
core   0: 3 0x80001878 (0x00722e33) x28 0x00000001
core   0: 0x8000187c (0x411c0b33) sub     s6, s8, a7
core   0: 3 0x8000187c (0x411c0b33) x22 0xd99ca196
core   0: 0x80001880 (0x0ffdf313) andi    t1, s11, 255
core   0: 3 0x80001880 (0x0ffdf313) x 6 0x00000000
core   0: 0x80001884 (0x01cbed33) or      s10, s7, t3
core   0: 3 0x80001884 (0x01cbed33) x26 0x000006ff
core   0: 0x80001888 (0x01db69b3) or      s3, s6, t4
core   0: 3 0x80001888 (0x01db69b3) x19 0xd99dbff6
core   0: 0x8000188c (0x915db637) lui     a2, 0x915db
core   0: 3 0x8000188c (0x915db637) x12 0x915db000
core   0: 0x80001890 (0x5b3b8a13) addi    s4, s7, 1459
core   0: 3 0x80001890 (0x5b3b8a13) x20 0x00000cb1
core   0: 0x80001894 (0x005027b3) slt     a5, zero, t0
core   0: 3 0x80001894 (0x005027b3) x15 0x00000000
core   0: 0x80001898 (0x00974c33) xor     s8, a4, s1
core   0: 3 0x80001898 (0x00974c33) x24 0xcdd297cc
core   0: 0x8000189c (0xe5f12597) auipc   a1, 0xe5f12
core   0: 3 0x8000189c (0xe5f12597) x11 0x65f1389c
core   0: 0x800018a0 (0x0033e833) or      a6, t2, gp
core   0: 3 0x800018a0 (0x0033e833) x16 0xe6635804
core   0: 0x800018a4 (0x000985b3) add     a1, s3, zero
core   0: 3 0x800018a4 (0x000985b3) x11 0xd99dbff6
core   0: 0x800018a8 (0xa5f4a613) slti    a2, s1, -1441
core   0: 3 0x800018a8 (0xa5f4a613) x12 0x00000000
core   0: 0x800018ac (0x006ddc13) srli    s8, s11, 6
core   0: 3 0x800018ac (0x006ddc13) x24 0x00004000
core   0: 0x800018b0 (0x4134d793) srai    a5, s1, 19
core   0: 3 0x800018b0 (0x4134d793) x15 0x000009ba
core   0: 0x800018b4 (0x1768c493) xori    s1, a7, 374
core   0: 3 0x800018b4 (0x1768c493) x 9 0x00000172
core   0: 0x800018b8 (0x00bc9db3) sll     s11, s9, a1
core   0: 3 0x800018b8 (0x00bc9db3) x27 0x39000000
core   0: 0x800018bc (0x00692a33) slt     s4, s2, t1
core   0: 3 0x800018bc (0x00692a33) x20 0x00000001
core   0: 0x800018c0 (0x043dd3b7) lui     t2, 0x43dd
core   0: 3 0x800018c0 (0x043dd3b7) x 7 0x043dd000
core   0: 0x800018c4 (0x00e910b3) sll     ra, s2, a4
core   0: 3 0x800018c4 (0x00e910b3) x 1 0x9ba52f96
core   0: 0x800018c8 (0xb41fbb13) sltiu   s6, t6, -1215
core   0: 3 0x800018c8 (0xb41fbb13) x22 0x00000001
core   0: 0x800018cc (0x407d5993) srai    s3, s10, 7
core   0: 3 0x800018cc (0x407d5993) x19 0x0000000d
core   0: 0x800018d0 (0x00a98233) add     tp, s3, a0
core   0: 3 0x800018d0 (0x00a98233) x 4 0x0000000d
core   0: 0x800018d4 (0x41050233) sub     tp, a0, a6
core   0: 3 0x800018d4 (0x41050233) x 4 0x199ca7fc
core   0: 0x800018d8 (0x013bf1b3) and     gp, s7, s3
core   0: 3 0x800018d8 (0x013bf1b3) x 3 0x0000000c
core   0: 0x800018dc (0x00bec8b3) xor     a7, t4, a1
core   0: 3 0x800018dc (0x00bec8b3) x17 0x599ca192
core   0: 0x800018e0 (0x27b2edb7) lui     s11, 0x27b2e
core   0: 3 0x800018e0 (0x27b2edb7) x27 0x27b2e000
core   0: 0x800018e4 (0x40088d33) sub     s10, a7, zero
core   0: 3 0x800018e4 (0x40088d33) x26 0x599ca192
core   0: 0x800018e8 (0xd7de7793) andi    a5, t3, -643
core   0: 3 0x800018e8 (0xd7de7793) x15 0x00000001
core   0: 0x800018ec (0x3091a393) slti    t2, gp, 777
core   0: 3 0x800018ec (0x3091a393) x 7 0x00000001
core   0: 0x800018f0 (0x01bc7b33) and     s6, s8, s11
core   0: 3 0x800018f0 (0x01bc7b33) x22 0x00004000
core   0: 0x800018f4 (0x0137fdb3) and     s11, a5, s3
core   0: 3 0x800018f4 (0x0137fdb3) x27 0x00000001
core   0: 0x800018f8 (0x00000013) nop
core   0: 3 0x800018f8 (0x00000013)
core   0: 0x800018fc (0x2c6e7493) andi    s1, t3, 710
core   0: 3 0x800018fc (0x2c6e7493) x 9 0x00000000
core   0: 0x80001900 (0xff9bad13) slti    s10, s7, -7
core   0: 3 0x80001900 (0xff9bad13) x26 0x00000000
core   0: 0x80001904 (0x013a1e33) sll     t3, s4, s3
core   0: 3 0x80001904 (0x013a1e33) x28 0x00002000
core   0: 0x80001908 (0x0d79a913) slti    s2, s3, 215
core   0: 3 0x80001908 (0x0d79a913) x18 0x00000001
core   0: 0x8000190c (0xda50f993) andi    s3, ra, -603
core   0: 3 0x8000190c (0xda50f993) x19 0x9ba52d84
core   0: 0x80001910 (0xe9597d13) andi    s10, s2, -363
core   0: 3 0x80001910 (0xe9597d13) x26 0x00000001
core   0: 0x80001914 (0xf1984c13) xori    s8, a6, -231
core   0: 3 0x80001914 (0xf1984c13) x24 0x199ca71d
core   0: 0x80001918 (0xbd61eb13) ori     s6, gp, -1066
core   0: 3 0x80001918 (0xbd61eb13) x22 0xfffffbde
core   0: 0x8000191c (0x412ed893) srai    a7, t4, 18
core   0: 3 0x8000191c (0x412ed893) x17 0xffffe000
core   0: 0x80001920 (0x008e7933) and     s2, t3, s0
core   0: 3 0x80001920 (0x008e7933) x18 0x00000000
core   0: 0x80001924 (0x01ded2b3) srl     t0, t4, t4
core   0: 3 0x80001924 (0x01ded2b3) x 5 0x080011e6
core   0: 0x80001928 (0x00000013) nop
core   0: 3 0x80001928 (0x00000013)
core   0: 0x8000192c (0xfea18c13) addi    s8, gp, -22
core   0: 3 0x8000192c (0xfea18c13) x24 0xfffffff6
core   0: 0x80001930 (0x0081aab3) slt     s5, gp, s0
core   0: 3 0x80001930 (0x0081aab3) x21 0x00000000
core   0: 0x80001934 (0xfaa74e17) auipc   t3, 0xfaa74
core   0: 3 0x80001934 (0xfaa74e17) x28 0x7aa75934
core   0: 0x80001938 (0x00000013) nop
core   0: 3 0x80001938 (0x00000013)
core   0: 0x8000193c (0x01e4eab3) or      s5, s1, t5
core   0: 3 0x8000193c (0x01e4eab3) x21 0x00000334
core   0: 0x80001940 (0x00e54633) xor     a2, a0, a4
core   0: 3 0x80001940 (0x00e54633) x12 0x80000000
core   0: 0x80001944 (0x76a5a393) slti    t2, a1, 1898
core   0: 3 0x80001944 (0x76a5a393) x 7 0x00000001
core   0: 0x80001948 (0x414d8333) sub     t1, s11, s4
core   0: 3 0x80001948 (0x414d8333) x 6 0x00000000
core   0: 0x8000194c (0x00000013) nop
core   0: 3 0x8000194c (0x00000013)
core   0: 0x80001950 (0x0152a5b3) slt     a1, t0, s5
core   0: 3 0x80001950 (0x0152a5b3) x11 0x00000000
core   0: 0x80001954 (0x00ffd413) srli    s0, t6, 15
core   0: 3 0x80001954 (0x00ffd413) x 8 0x00000000
core   0: 0x80001958 (0x00fd1f13) slli    t5, s10, 15
core   0: 3 0x80001958 (0x00fd1f13) x30 0x00008000
core   0: 0x8000195c (0x001cb4b3) sltu    s1, s9, ra
core   0: 3 0x8000195c (0x001cb4b3) x 9 0x00000001
core   0: 0x80001960 (0xd812ae13) slti    t3, t0, -639
core   0: 3 0x80001960 (0xd812ae13) x28 0x00000000
core   0: 0x80001964 (0x34296297) auipc   t0, 0x34296
core   0: 3 0x80001964 (0x34296297) x 5 0xb4297964
core   0: 0x80001968 (0x00ff9db3) sll     s11, t6, a5
core   0: 3 0x80001968 (0x00ff9db3) x27 0x00000002
core   0: 0x8000196c (0x01435f33) srl     t5, t1, s4
core   0: 3 0x8000196c (0x01435f33) x30 0x00000000
core   0: 0x80001970 (0xa441c0b7) lui     ra, 0xa441c
core   0: 3 0x80001970 (0xa441c0b7) x 1 0xa441c000
core   0: 0x80001974 (0xf8f38313) addi    t1, t2, -113
core   0: 3 0x80001974 (0xf8f38313) x 6 0xffffff90
core   0: 0x80001978 (0x5c65c193) xori    gp, a1, 1478
core   0: 3 0x80001978 (0x5c65c193) x 3 0x000005c6
core   0: 0x8000197c (0x62cf3313) sltiu   t1, t5, 1580
core   0: 3 0x8000197c (0x62cf3313) x 6 0x00000001
core   0: 0x80001980 (0x907d4f93) xori    t6, s10, -1785
core   0: 3 0x80001980 (0x907d4f93) x31 0xfffff906
core   0: 0x80001984 (0x37a4b393) sltiu   t2, s1, 890
core   0: 3 0x80001984 (0x37a4b393) x 7 0x00000001
core   0: 0x80001988 (0x40ead5b3) sra     a1, s5, a4
core   0: 3 0x80001988 (0x40ead5b3) x11 0x00000334
core   0: 0x8000198c (0x003740b3) xor     ra, a4, gp
core   0: 3 0x8000198c (0x003740b3) x 1 0x800005c6
core   0: 0x80001990 (0xaad4bf13) sltiu   t5, s1, -1363
core   0: 3 0x80001990 (0xaad4bf13) x30 0x00000001
core   0: 0x80001994 (0x00000013) nop
core   0: 3 0x80001994 (0x00000013)
core   0: 0x80001998 (0x00cd6433) or      s0, s10, a2
core   0: 3 0x80001998 (0x00cd6433) x 8 0x80000001
core   0: 0x8000199c (0xdc227d13) andi    s10, tp, -574
core   0: 3 0x8000199c (0xdc227d13) x26 0x199ca5c0
core   0: 0x800019a0 (0x45b6f393) andi    t2, a3, 1115
core   0: 3 0x800019a0 (0x45b6f393) x 7 0x00000000
core   0: 0x800019a4 (0xd53f00b7) lui     ra, 0xd53f0
core   0: 3 0x800019a4 (0xd53f00b7) x 1 0xd53f0000
core   0: 0x800019a8 (0x0097d513) srli    a0, a5, 9
core   0: 3 0x800019a8 (0x0097d513) x10 0x00000000
core   0: 0x800019ac (0x008b5093) srli    ra, s6, 8
core   0: 3 0x800019ac (0x008b5093) x 1 0x00fffffb
core   0: 0x800019b0 (0x9b282f17) auipc   t5, 0x9b282
core   0: 3 0x800019b0 (0x9b282f17) x30 0x1b2839b0
core   0: 0x800019b4 (0x41220b33) sub     s6, tp, s2
core   0: 3 0x800019b4 (0x41220b33) x22 0x199ca7fc
core   0: 0x800019b8 (0x351d2593) slti    a1, s10, 849
core   0: 3 0x800019b8 (0x351d2593) x11 0x00000000
core   0: 0x800019bc (0x01b252b3) srl     t0, tp, s11
core   0: 3 0x800019bc (0x01b252b3) x 5 0x066729ff
core   0: 0x800019c0 (0x4170d033) sra     zero, ra, s7
core   0: 3 0x800019c0 (0x4170d033)
core   0: 0x800019c4 (0x005a44b3) xor     s1, s4, t0
core   0: 3 0x800019c4 (0x005a44b3) x 9 0x066729fe
core   0: 0x800019c8 (0x80000e37) lui     t3, 0x80000
core   0: 3 0x800019c8 (0x80000e37) x28 0x80000000
core   0: 0x800019cc (0x943e3537) lui     a0, 0x943e3
core   0: 3 0x800019cc (0x943e3537) x10 0x943e3000
core   0: 0x800019d0 (0xced50513) addi    a0, a0, -787
core   0: 3 0x800019d0 (0xced50513) x10 0x943e2ced
core   0: 0x800019d4 (0xfff00d13) li      s10, -1
core   0: 3 0x800019d4 (0xfff00d13) x26 0xffffffff
core   0: 0x800019d8 (0x80000f37) lui     t5, 0x80000
core   0: 3 0x800019d8 (0x80000f37) x30 0x80000000
core   0: 0x800019dc (0x00000893) li      a7, 0
core   0: 3 0x800019dc (0x00000893) x17 0x00000000
core   0: 0x800019e0 (0xfff00093) li      ra, -1
core   0: 3 0x800019e0 (0xfff00093) x 1 0xffffffff
core   0: 0x800019e4 (0x80000fb7) lui     t6, 0x80000
core   0: 3 0x800019e4 (0x80000fb7) x31 0x80000000
core   0: 0x800019e8 (0x80000937) lui     s2, 0x80000
core   0: 3 0x800019e8 (0x80000937) x18 0x80000000
core   0: 0x800019ec (0x310f4137) lui     sp, 0x310f4
core   0: 3 0x800019ec (0x310f4137) x 2 0x310f4000
core   0: 0x800019f0 (0x26010113) addi    sp, sp, 608
core   0: 3 0x800019f0 (0x26010113) x 2 0x310f4260
core   0: 0x800019f4 (0x12fcbdb7) lui     s11, 0x12fcb
core   0: 3 0x800019f4 (0x12fcbdb7) x27 0x12fcb000
core   0: 0x800019f8 (0xb0ad8d93) addi    s11, s11, -1270
core   0: 3 0x800019f8 (0xb0ad8d93) x27 0x12fcab0a
core   0: 0x800019fc (0x002500b3) add     ra, a0, sp
core   0: 3 0x800019fc (0x002500b3) x 1 0xc54d6f4d
core   0: 0x80001a00 (0x40a88533) sub     a0, a7, a0
core   0: 3 0x80001a00 (0x40a88533) x10 0x6bc1d313
core   0: 0x80001a04 (0x00000013) nop
core   0: 3 0x80001a04 (0x00000013)
core   0: 0x80001a08 (0x00000013) nop
core   0: 3 0x80001a08 (0x00000013)
core   0: 0x80001a0c (0x16b7c517) auipc   a0, 0x16b7c
core   0: 3 0x80001a0c (0x16b7c517) x10 0x96b7da0c
core   0: 0x80001a10 (0x80708513) addi    a0, ra, -2041
core   0: 3 0x80001a10 (0x80708513) x10 0xc54d6754
core   0: 0x80001a14 (0x00000013) nop
core   0: 3 0x80001a14 (0x00000013)
core   0: 0x80001a18 (0x00000013) nop
core   0: 3 0x80001a18 (0x00000013)
core   0: 0x80001a1c (0x01b88933) add     s2, a7, s11
core   0: 3 0x80001a1c (0x01b88933) x18 0x12fcab0a
core   0: 0x80001a20 (0x00000013) nop
core   0: 3 0x80001a20 (0x00000013)
core   0: 0x80001a24 (0x00000013) nop
core   0: 3 0x80001a24 (0x00000013)
core   0: 0x80001a28 (0x00000013) nop
core   0: 3 0x80001a28 (0x00000013)
core   0: 0x80001a2c (0x035e0d93) addi    s11, t3, 53
core   0: 3 0x80001a2c (0x035e0d93) x27 0x80000035
core   0: 0x80001a30 (0x169d20b7) lui     ra, 0x169d2
core   0: 3 0x80001a30 (0x169d20b7) x 1 0x169d2000
core   0: 0x80001a34 (0x480f8113) addi    sp, t6, 1152
core   0: 3 0x80001a34 (0x480f8113) x 2 0x80000480
core   0: 0x80001a38 (0x41290db3) sub     s11, s2, s2
core   0: 3 0x80001a38 (0x41290db3) x27 0x00000000
core   0: 0x80001a3c (0xff503137) lui     sp, 0xff503
core   0: 3 0x80001a3c (0xff503137) x 2 0xff503000
core   0: 0x80001a40 (0x00a500b3) add     ra, a0, a0
core   0: 3 0x80001a40 (0x00a500b3) x 1 0x8a9acea8
core   0: 0x80001a44 (0x845ac917) auipc   s2, 0x845ac
core   0: 3 0x80001a44 (0x845ac917) x18 0x045ada44
core   0: 0x80001a48 (0x23de9517) auipc   a0, 0x23de9
core   0: 3 0x80001a48 (0x23de9517) x10 0xa3deaa48
core   0: 0x80001a4c (0x3d3d8f13) addi    t5, s11, 979
core   0: 3 0x80001a4c (0x3d3d8f13) x30 0x000003d3
core   0: 0x80001a50 (0xad7d8113) addi    sp, s11, -1321
core   0: 3 0x80001a50 (0xad7d8113) x 2 0xfffffad7
core   0: 0x80001a54 (0xbf9a9d37) lui     s10, 0xbf9a9
core   0: 3 0x80001a54 (0xbf9a9d37) x26 0xbf9a9000
core   0: 0x80001a58 (0x27808f13) addi    t5, ra, 632
core   0: 3 0x80001a58 (0x27808f13) x30 0x8a9ad120
core   0: 0x80001a5c (0xa82e0537) lui     a0, 0xa82e0
core   0: 3 0x80001a5c (0xa82e0537) x10 0xa82e0000
core   0: 0x80001a60 (0xd4862fb7) lui     t6, 0xd4862
core   0: 3 0x80001a60 (0xd4862fb7) x31 0xd4862000
core   0: 0x80001a64 (0x142bff97) auipc   t6, 0x142bf
core   0: 3 0x80001a64 (0x142bff97) x31 0x942c0a64
core   0: 0x80001a68 (0x63388e13) addi    t3, a7, 1587
core   0: 3 0x80001a68 (0x63388e13) x28 0x00000633
core   0: 0x80001a6c (0xd0af0f93) addi    t6, t5, -758
core   0: 3 0x80001a6c (0xd0af0f93) x31 0x8a9ace2a
core   0: 0x80001a70 (0x41ef8fb3) sub     t6, t6, t5
core   0: 3 0x80001a70 (0x41ef8fb3) x31 0xfffffd0a
core   0: 0x80001a74 (0x3376ee13) ori     t3, a3, 823
core   0: 3 0x80001a74 (0x3376ee13) x28 0x00000337
core   0: 0x80001a78 (0x00fa0d33) add     s10, s4, a5
core   0: 3 0x80001a78 (0x00fa0d33) x26 0x00000002
core   0: 0x80001a7c (0x0824e593) ori     a1, s1, 130
core   0: 3 0x80001a7c (0x0824e593) x11 0x066729fe
core   0: 0x80001a80 (0x00000013) nop
core   0: 3 0x80001a80 (0x00000013)
core   0: 0x80001a84 (0x0d7d2193) slti    gp, s10, 215
core   0: 3 0x80001a84 (0x0d7d2193) x 3 0x00000001
core   0: 0x80001a88 (0xfa2e0513) addi    a0, t3, -94
core   0: 3 0x80001a88 (0xfa2e0513) x10 0x000002d9
core   0: 0x80001a8c (0xe8221d37) lui     s10, 0xe8221
core   0: 3 0x80001a8c (0xe8221d37) x26 0xe8221000
core   0: 0x80001a90 (0xf10e4d97) auipc   s11, 0xf10e4
core   0: 3 0x80001a90 (0xf10e4d97) x27 0x710e5a90
core   0: 0x80001a94 (0x002858b3) srl     a7, a6, sp
core   0: 3 0x80001a94 (0x002858b3) x17 0x000001cc
core   0: 0x80001a98 (0x0039f633) and     a2, s3, gp
core   0: 3 0x80001a98 (0x0039f633) x12 0x00000000
core   0: 0x80001a9c (0x51fcdf37) lui     t5, 0x51fcd
core   0: 3 0x80001a9c (0x51fcdf37) x30 0x51fcd000
core   0: 0x80001aa0 (0x014ac6b3) xor     a3, s5, s4
core   0: 3 0x80001aa0 (0x014ac6b3) x13 0x00000335
core   0: 0x80001aa4 (0x40b28133) sub     sp, t0, a1
core   0: 3 0x80001aa4 (0x40b28133) x 2 0x00000001
core   0: 0x80001aa8 (0x0131ff33) and     t5, gp, s3
core   0: 3 0x80001aa8 (0x0131ff33) x30 0x00000000
core   0: 0x80001aac (0x0192b133) sltu    sp, t0, s9
core   0: 3 0x80001aac (0x0192b133) x 2 0x00000001
core   0: 0x80001ab0 (0x0e3eb893) sltiu   a7, t4, 227
core   0: 3 0x80001ab0 (0x0e3eb893) x17 0x00000000
core   0: 0x80001ab4 (0xff20b593) sltiu   a1, ra, -14
core   0: 3 0x80001ab4 (0xff20b593) x11 0x00000001
core   0: 0x80001ab8 (0xec1b3693) sltiu   a3, s6, -319
core   0: 3 0x80001ab8 (0xec1b3693) x13 0x00000001
core   0: 0x80001abc (0x001b9a13) slli    s4, s7, 1
core   0: 3 0x80001abc (0x001b9a13) x20 0x00000dfc
core   0: 0x80001ac0 (0x007329b3) slt     s3, t1, t2
core   0: 3 0x80001ac0 (0x007329b3) x19 0x00000000
core   0: 0x80001ac4 (0xb7850a13) addi    s4, a0, -1160
core   0: 3 0x80001ac4 (0xb7850a13) x20 0xfffffe51
core   0: 0x80001ac8 (0x01976433) or      s0, a4, s9
core   0: 3 0x80001ac8 (0x01976433) x 8 0x80015ce4
core   0: 0x80001acc (0xc67df993) andi    s3, s11, -921
core   0: 3 0x80001acc (0xc67df993) x19 0x710e5800
core   0: 0x80001ad0 (0x40815293) srai    t0, sp, 8
core   0: 3 0x80001ad0 (0x40815293) x 5 0x00000000
core   0: 0x80001ad4 (0x41bf0f33) sub     t5, t5, s11
core   0: 3 0x80001ad4 (0x41bf0f33) x30 0x8ef1a570
core   0: 0x80001ad8 (0x019a9f93) slli    t6, s5, 25
core   0: 3 0x80001ad8 (0x019a9f93) x31 0x68000000
core   0: 0x80001adc (0x00c3d513) srli    a0, t2, 12
core   0: 3 0x80001adc (0x00c3d513) x10 0x00000000
core   0: 0x80001ae0 (0x951cba37) lui     s4, 0x951cb
core   0: 3 0x80001ae0 (0x951cba37) x20 0x951cb000
core   0: 0x80001ae4 (0x41088d33) sub     s10, a7, a6
core   0: 3 0x80001ae4 (0x41088d33) x26 0x199ca7fc
core   0: 0x80001ae8 (0x1cf1a893) slti    a7, gp, 463
core   0: 3 0x80001ae8 (0x1cf1a893) x17 0x00000001
core   0: 0x80001aec (0x57558b13) addi    s6, a1, 1397
core   0: 3 0x80001aec (0x57558b13) x22 0x00000576
core   0: 0x80001af0 (0x7921cf17) auipc   t5, 0x7921c
core   0: 3 0x80001af0 (0x7921cf17) x30 0xf921daf0
core   0: 0x80001af4 (0xaf5b0a13) addi    s4, s6, -1291
core   0: 3 0x80001af4 (0xaf5b0a13) x20 0x0000006b
core   0: 0x80001af8 (0x0119ab33) slt     s6, s3, a7
core   0: 3 0x80001af8 (0x0119ab33) x22 0x00000000
core   0: 0x80001afc (0x65aaa613) slti    a2, s5, 1626
core   0: 3 0x80001afc (0x65aaa613) x12 0x00000001
core   0: 0x80001b00 (0x00b3da33) srl     s4, t2, a1
core   0: 3 0x80001b00 (0x00b3da33) x20 0x00000000
core   0: 0x80001b04 (0x00937e33) and     t3, t1, s1
core   0: 3 0x80001b04 (0x00937e33) x28 0x00000000
core   0: 0x80001b08 (0x06753d93) sltiu   s11, a0, 103
core   0: 3 0x80001b08 (0x06753d93) x27 0x00000001
core   0: 0x80001b0c (0x00000013) nop
core   0: 3 0x80001b0c (0x00000013)
core   0: 0x80001b10 (0x01bc45b3) xor     a1, s8, s11
core   0: 3 0x80001b10 (0x01bc45b3) x11 0xfffffff7
core   0: 0x80001b14 (0x00f759b3) srl     s3, a4, a5
core   0: 3 0x80001b14 (0x00f759b3) x19 0x40000000
core   0: 0x80001b18 (0x41a4d5b3) sra     a1, s1, s10
core   0: 3 0x80001b18 (0x41a4d5b3) x11 0x00000000
core   0: 0x80001b1c (0x067da337) lui     t1, 0x67da
core   0: 3 0x80001b1c (0x067da337) x 6 0x067da000
core   0: 0x80001b20 (0x00000013) nop
core   0: 3 0x80001b20 (0x00000013)
core   0: 0x80001b24 (0x01b3d013) srli    zero, t2, 27
core   0: 3 0x80001b24 (0x01b3d013)
core   0: 0x80001b28 (0x939ddd37) lui     s10, 0x939dd
core   0: 3 0x80001b28 (0x939ddd37) x26 0x939dd000
core   0: 0x80001b2c (0x40150fb3) sub     t6, a0, ra
core   0: 3 0x80001b2c (0x40150fb3) x31 0x75653158
core   0: 0x80001b30 (0x009645b3) xor     a1, a2, s1
core   0: 3 0x80001b30 (0x009645b3) x11 0x066729ff
core   0: 0x80001b34 (0x40758933) sub     s2, a1, t2
core   0: 3 0x80001b34 (0x40758933) x18 0x066729ff
core   0: 0x80001b38 (0x406d52b3) sra     t0, s10, t1
core   0: 3 0x80001b38 (0x406d52b3) x 5 0x939dd000
core   0: 0x80001b3c (0x00000013) nop
core   0: 3 0x80001b3c (0x00000013)
core   0: 0x80001b40 (0x0041c933) xor     s2, gp, tp
core   0: 3 0x80001b40 (0x0041c933) x18 0x199ca7fd
core   0: 0x80001b44 (0x019669b3) or      s3, a2, s9
core   0: 3 0x80001b44 (0x019669b3) x19 0x80015ce5
core   0: 0x80001b48 (0x012ebab3) sltu    s5, t4, s2
core   0: 3 0x80001b48 (0x012ebab3) x21 0x00000000
core   0: 0x80001b4c (0x019d4ab3) xor     s5, s10, s9
core   0: 3 0x80001b4c (0x019d4ab3) x21 0x139c8ce4
core   0: 0x80001b50 (0x00dbd7b3) srl     a5, s7, a3
core   0: 3 0x80001b50 (0x00dbd7b3) x15 0x0000037f
core   0: 0x80001b54 (0x2f1dbe13) sltiu   t3, s11, 753
core   0: 3 0x80001b54 (0x2f1dbe13) x28 0x00000001
core   0: 0x80001b58 (0x3fab4697) auipc   a3, 0x3fab4
core   0: 3 0x80001b58 (0x3fab4697) x13 0xbfab5b58
core   0: 0x80001b5c (0x41ab4e13) xori    t3, s6, 1050
core   0: 3 0x80001b5c (0x41ab4e13) x28 0x0000041a
core   0: 0x80001b60 (0x00000013) nop
core   0: 3 0x80001b60 (0x00000013)
core   0: 0x80001b64 (0x3a65cab7) lui     s5, 0x3a65c
core   0: 3 0x80001b64 (0x3a65cab7) x21 0x3a65c000
core   0: 0x80001b68 (0x9a0dfd13) andi    s10, s11, -1632
core   0: 3 0x80001b68 (0x9a0dfd13) x26 0x00000000
core   0: 0x80001b6c (0xad1d2913) slti    s2, s10, -1327
core   0: 3 0x80001b6c (0xad1d2913) x18 0x00000000
core   0: 0x80001b70 (0x0172ea33) or      s4, t0, s7
core   0: 3 0x80001b70 (0x0172ea33) x20 0x939dd6fe
core   0: 0x80001b74 (0x49927d13) andi    s10, tp, 1177
core   0: 3 0x80001b74 (0x49927d13) x26 0x00000498
core   0: 0x80001b78 (0x010a6d33) or      s10, s4, a6
core   0: 3 0x80001b78 (0x010a6d33) x26 0xf7ffdefe
core   0: 0x80001b7c (0x40878f33) sub     t5, a5, s0
core   0: 3 0x80001b7c (0x40878f33) x30 0x7ffea69b
core   0: 0x80001b80 (0x01ad9b33) sll     s6, s11, s10
core   0: 3 0x80001b80 (0x01ad9b33) x22 0x40000000
core   0: 0x80001b84 (0x41f18fb3) sub     t6, gp, t6
core   0: 3 0x80001b84 (0x41f18fb3) x31 0x8a9acea9
core   0: 0x80001b88 (0xf9518c13) addi    s8, gp, -107
core   0: 3 0x80001b88 (0xf9518c13) x24 0xffffff96
core   0: 0x80001b8c (0x00cb9313) slli    t1, s7, 12
core   0: 3 0x80001b8c (0x00cb9313) x 6 0x006fe000
core   0: 0x80001b90 (0x01e16233) or      tp, sp, t5
core   0: 3 0x80001b90 (0x01e16233) x 4 0x7ffea69b
core   0: 0x80001b94 (0x01a1cdb3) xor     s11, gp, s10
core   0: 3 0x80001b94 (0x01a1cdb3) x27 0xf7ffdeff
core   0: 0x80001b98 (0xd98c6813) ori     a6, s8, -616
core   0: 3 0x80001b98 (0xd98c6813) x16 0xffffff9e
core   0: 0x80001b9c (0x000602b3) add     t0, a2, zero
core   0: 3 0x80001b9c (0x000602b3) x 5 0x00000001
core   0: 0x80001ba0 (0x0058da93) srli    s5, a7, 5
core   0: 3 0x80001ba0 (0x0058da93) x21 0x00000000
core   0: 0x80001ba4 (0x012be0b3) or      ra, s7, s2
core   0: 3 0x80001ba4 (0x012be0b3) x 1 0x000006fe
core   0: 0x80001ba8 (0x8e91b493) sltiu   s1, gp, -1815
core   0: 3 0x80001ba8 (0x8e91b493) x 9 0x00000001
core   0: 0x80001bac (0x646fc793) xori    a5, t6, 1606
core   0: 3 0x80001bac (0x646fc793) x15 0x8a9ac8ef
core   0: 0x80001bb0 (0x00000013) nop
core   0: 3 0x80001bb0 (0x00000013)
core   0: 0x80001bb4 (0x00000013) nop
core   0: 3 0x80001bb4 (0x00000013)
core   0: 0x80001bb8 (0xfa74ff93) andi    t6, s1, -89
core   0: 3 0x80001bb8 (0xfa74ff93) x31 0x00000001
core   0: 0x80001bbc (0x41725113) srai    sp, tp, 23
core   0: 3 0x80001bbc (0x41725113) x 2 0x000000ff
core   0: 0x80001bc0 (0x5596fd13) andi    s10, a3, 1369
core   0: 3 0x80001bc0 (0x5596fd13) x26 0x00000158
core   0: 0x80001bc4 (0x453f4097) auipc   ra, 0x453f4
core   0: 3 0x80001bc4 (0x453f4097) x 1 0xc53f5bc4
core   0: 0x80001bc8 (0x0167d113) srli    sp, a5, 22
core   0: 3 0x80001bc8 (0x0167d113) x 2 0x0000022a
core   0: 0x80001bcc (0x016b0333) add     t1, s6, s6
core   0: 3 0x80001bcc (0x016b0333) x 6 0x80000000
core   0: 0x80001bd0 (0x00dc90b3) sll     ra, s9, a3
core   0: 3 0x80001bd0 (0x00dc90b3) x 1 0xe4000000
core   0: 0x80001bd4 (0x84c13893) sltiu   a7, sp, -1972
core   0: 3 0x80001bd4 (0x84c13893) x17 0x00000001
core   0: 0x80001bd8 (0xbf010a13) addi    s4, sp, -1040
core   0: 3 0x80001bd8 (0xbf010a13) x20 0xfffffe1a
core   0: 0x80001bdc (0xafba0d93) addi    s11, s4, -1285
core   0: 3 0x80001bdc (0xafba0d93) x27 0xfffff915
core   0: 0x80001be0 (0x401852b3) sra     t0, a6, ra
core   0: 3 0x80001be0 (0x401852b3) x 5 0xffffff9e
core   0: 0x80001be4 (0x74cb2b13) slti    s6, s6, 1868
core   0: 3 0x80001be4 (0x74cb2b13) x22 0x00000000
core   0: 0x80001be8 (0x40ccd693) srai    a3, s9, 12
core   0: 3 0x80001be8 (0x40ccd693) x13 0xfff80015
core   0: 0x80001bec (0x01280f33) add     t5, a6, s2
core   0: 3 0x80001bec (0x01280f33) x30 0xffffff9e
core   0: 0x80001bf0 (0x019341b3) xor     gp, t1, s9
core   0: 3 0x80001bf0 (0x019341b3) x 3 0x00015ce4
core   0: 0x80001bf4 (0x0159d213) srli    tp, s3, 21
core   0: 3 0x80001bf4 (0x0159d213) x 4 0x00000400
core   0: 0x80001bf8 (0x789a5897) auipc   a7, 0x789a5
core   0: 3 0x80001bf8 (0x789a5897) x17 0xf89a6bf8
core   0: 0x80001bfc (0xb868ab13) slti    s6, a7, -1146
core   0: 3 0x80001bfc (0xb868ab13) x22 0x00000001
core   0: 0x80001c00 (0x6d068a13) addi    s4, a3, 1744
core   0: 3 0x80001c00 (0x6d068a13) x20 0xfff806e5
core   0: 0x80001c04 (0x00000013) nop
core   0: 3 0x80001c04 (0x00000013)
core   0: 0x80001c08 (0x00e7f233) and     tp, a5, a4
core   0: 3 0x80001c08 (0x00e7f233) x 4 0x80000000
core   0: 0x80001c0c (0x00719613) slli    a2, gp, 7
core   0: 3 0x80001c0c (0x00719613) x12 0x00ae7200
core   0: 0x80001c10 (0x00b4a7b3) slt     a5, s1, a1
core   0: 3 0x80001c10 (0x00b4a7b3) x15 0x00000001
core   0: 0x80001c14 (0xf0236b13) ori     s6, t1, -254
core   0: 3 0x80001c14 (0xf0236b13) x22 0xffffff02
core   0: 0x80001c18 (0x4179d093) srai    ra, s3, 23
core   0: 3 0x80001c18 (0x4179d093) x 1 0xffffff00
core   0: 0x80001c1c (0x0139bdb3) sltu    s11, s3, s3
core   0: 3 0x80001c1c (0x0139bdb3) x27 0x00000000
core   0: 0x80001c20 (0x006b6d33) or      s10, s6, t1
core   0: 3 0x80001c20 (0x006b6d33) x26 0xffffff02
core   0: 0x80001c24 (0x00000013) nop
core   0: 3 0x80001c24 (0x00000013)
core   0: 0x80001c28 (0x00000013) nop
core   0: 3 0x80001c28 (0x00000013)
core   0: 0x80001c2c (0x6e62be13) sltiu   t3, t0, 1766
core   0: 3 0x80001c2c (0x6e62be13) x28 0x00000000
core   0: 0x80001c30 (0x01a25893) srli    a7, tp, 26
core   0: 3 0x80001c30 (0x01a25893) x17 0x00000020
core   0: 0x80001c34 (0x1fa6ea17) auipc   s4, 0x1fa6e
core   0: 3 0x80001c34 (0x1fa6ea17) x20 0x9fa6fc34
core   0: 0x80001c38 (0x01ec7bb3) and     s7, s8, t5
core   0: 3 0x80001c38 (0x01ec7bb3) x23 0xffffff96
core   0: 0x80001c3c (0x40bbdd93) srai    s11, s7, 11
core   0: 3 0x80001c3c (0x40bbdd93) x27 0xffffffff
core   0: 0x80001c40 (0x00000013) nop
core   0: 3 0x80001c40 (0x00000013)
core   0: 0x80001c44 (0x80000a37) lui     s4, 0x80000
core   0: 3 0x80001c44 (0x80000a37) x20 0x80000000
core   0: 0x80001c48 (0x800004b7) lui     s1, 0x80000
core   0: 3 0x80001c48 (0x800004b7) x 9 0x80000000
core   0: 0x80001c4c (0x1d17e137) lui     sp, 0x1d17e
core   0: 3 0x80001c4c (0x1d17e137) x 2 0x1d17e000
core   0: 0x80001c50 (0x27810113) addi    sp, sp, 632
core   0: 3 0x80001c50 (0x27810113) x 2 0x1d17e278
core   0: 0x80001c54 (0x00000d13) li      s10, 0
core   0: 3 0x80001c54 (0x00000d13) x26 0x00000000
core   0: 0x80001c58 (0xfff00993) li      s3, -1
core   0: 3 0x80001c58 (0xfff00993) x19 0xffffffff
core   0: 0x80001c5c (0x8ed7a937) lui     s2, 0x8ed7a
core   0: 3 0x80001c5c (0x8ed7a937) x18 0x8ed7a000
core   0: 0x80001c60 (0xd0690913) addi    s2, s2, -762
core   0: 3 0x80001c60 (0xd0690913) x18 0x8ed79d06
core   0: 0x80001c64 (0x00000213) li      tp, 0
core   0: 3 0x80001c64 (0x00000213) x 4 0x00000000
core   0: 0x80001c68 (0x00000313) li      t1, 0
core   0: 3 0x80001c68 (0x00000313) x 6 0x00000000
core   0: 0x80001c6c (0xaaf175b7) lui     a1, 0xaaf17
core   0: 3 0x80001c6c (0xaaf175b7) x11 0xaaf17000
core   0: 0x80001c70 (0x3ae58593) addi    a1, a1, 942
core   0: 3 0x80001c70 (0x3ae58593) x11 0xaaf173ae
core   0: 0x80001c74 (0xf3f4ef37) lui     t5, 0xf3f4e
core   0: 3 0x80001c74 (0xf3f4ef37) x30 0xf3f4e000
core   0: 0x80001c78 (0xb8af0f13) addi    t5, t5, -1142
core   0: 3 0x80001c78 (0xb8af0f13) x30 0xf3f4db8a
core   0: 0x80001c7c (0x41a20233) sub     tp, tp, s10
core   0: 3 0x80001c7c (0x41a20233) x 4 0x00000000
core   0: 0x80001c80 (0x00000013) nop
core   0: 3 0x80001c80 (0x00000013)
core   0: 0x80001c84 (0x00000013) nop
core   0: 3 0x80001c84 (0x00000013)
core   0: 0x80001c88 (0x00000013) nop
core   0: 3 0x80001c88 (0x00000013)
core   0: 0x80001c8c (0xd28d0d13) addi    s10, s10, -728
core   0: 3 0x80001c8c (0xd28d0d13) x26 0xfffffd28
core   0: 0x80001c90 (0xf3c79a17) auipc   s4, 0xf3c79
core   0: 3 0x80001c90 (0xf3c79a17) x20 0x73c7ac90
core   0: 0x80001c94 (0x70fb35b7) lui     a1, 0x70fb3
core   0: 3 0x80001c94 (0x70fb35b7) x11 0x70fb3000
core   0: 0x80001c98 (0x00290a33) add     s4, s2, sp
core   0: 3 0x80001c98 (0x00290a33) x20 0xabef7f7e
core   0: 0x80001c9c (0x40448233) sub     tp, s1, tp
core   0: 3 0x80001c9c (0x40448233) x 4 0x80000000
core   0: 0x80001ca0 (0x002a0133) add     sp, s4, sp
core   0: 3 0x80001ca0 (0x002a0133) x 2 0xc90761f6
core   0: 0x80001ca4 (0x5d958593) addi    a1, a1, 1497
core   0: 3 0x80001ca4 (0x5d958593) x11 0x70fb35d9
core   0: 0x80001ca8 (0x00000013) nop
core   0: 3 0x80001ca8 (0x00000013)
core   0: 0x80001cac (0x414dcf37) lui     t5, 0x414dc
core   0: 3 0x80001cac (0x414dcf37) x30 0x414dc000
core   0: 0x80001cb0 (0x74548f13) addi    t5, s1, 1861
core   0: 3 0x80001cb0 (0x74548f13) x30 0x80000745
core   0: 0x80001cb4 (0x009f05b3) add     a1, t5, s1
core   0: 3 0x80001cb4 (0x009f05b3) x11 0x00000745
core   0: 0x80001cb8 (0x00000013) nop
core   0: 3 0x80001cb8 (0x00000013)
core   0: 0x80001cbc (0x00000013) nop
core   0: 3 0x80001cbc (0x00000013)
core   0: 0x80001cc0 (0x346dd497) auipc   s1, 0x346dd
core   0: 3 0x80001cc0 (0x346dd497) x 9 0xb46decc0
core   0: 0x80001cc4 (0x402484b3) sub     s1, s1, sp
core   0: 3 0x80001cc4 (0x402484b3) x 9 0xeb668aca
core   0: 0x80001cc8 (0x00000013) nop
core   0: 3 0x80001cc8 (0x00000013)
core   0: 0x80001ccc (0xdc148993) addi    s3, s1, -575
core   0: 3 0x80001ccc (0xdc148993) x19 0xeb66888b
core   0: 0x80001cd0 (0xf78f95b7) lui     a1, 0xf78f9
core   0: 3 0x80001cd0 (0xf78f95b7) x11 0xf78f9000
core   0: 0x80001cd4 (0xf92f6237) lui     tp, 0xf92f6
core   0: 3 0x80001cd4 (0xf92f6237) x 4 0xf92f6000
core   0: 0x80001cd8 (0x46c875b7) lui     a1, 0x46c87
core   0: 3 0x80001cd8 (0x46c875b7) x11 0x46c87000
core   0: 0x80001cdc (0x54320a13) addi    s4, tp, 1347
core   0: 3 0x80001cdc (0x54320a13) x20 0xf92f6543
core   0: 0x80001ce0 (0x41a98933) sub     s2, s3, s10
core   0: 3 0x80001ce0 (0x41a98933) x18 0xeb668b63
core   0: 0x80001ce4 (0x01410a33) add     s4, sp, s4
core   0: 3 0x80001ce4 (0x01410a33) x20 0xc236c739
core   0: 0x80001ce8 (0xc2dfe5b7) lui     a1, 0xc2dfe
core   0: 3 0x80001ce8 (0xc2dfe5b7) x11 0xc2dfe000
core   0: 0x80001cec (0xd3790a17) auipc   s4, 0xd3790
core   0: 3 0x80001cec (0xd3790a17) x20 0x53791cec
core   0: 0x80001cf0 (0x01aa0233) add     tp, s4, s10
core   0: 3 0x80001cf0 (0x01aa0233) x 4 0x53791a14
core   0: 0x80001cf4 (0x41c482b3) sub     t0, s1, t3
core   0: 3 0x80001cf4 (0x41c482b3) x 5 0xeb668aca
core   0: 0x80001cf8 (0x7b08f393) andi    t2, a7, 1968
core   0: 3 0x80001cf8 (0x7b08f393) x 7 0x00000020
core   0: 0x80001cfc (0x009d15b3) sll     a1, s10, s1
core   0: 3 0x80001cfc (0x009d15b3) x11 0xfff4a000
core   0: 0x80001d00 (0x000fc6b3) xor     a3, t6, zero
core   0: 3 0x80001d00 (0x000fc6b3) x13 0x00000001
core   0: 0x80001d04 (0x50299e37) lui     t3, 0x50299
core   0: 3 0x80001d04 (0x50299e37) x28 0x50299000
core   0: 0x80001d08 (0x01b0ffb3) and     t6, ra, s11
core   0: 3 0x80001d08 (0x01b0ffb3) x31 0xffffff00
core   0: 0x80001d0c (0x45243893) sltiu   a7, s0, 1106
core   0: 3 0x80001d0c (0x45243893) x17 0x00000000
core   0: 0x80001d10 (0x01c6a633) slt     a2, a3, t3
core   0: 3 0x80001d10 (0x01c6a633) x12 0x00000001
core   0: 0x80001d14 (0x00dc3a33) sltu    s4, s8, a3
core   0: 3 0x80001d14 (0x00dc3a33) x20 0x00000000
core   0: 0x80001d18 (0x01cf1a33) sll     s4, t5, t3
core   0: 3 0x80001d18 (0x01cf1a33) x20 0x80000745
core   0: 0x80001d1c (0x00eb5f33) srl     t5, s6, a4
core   0: 3 0x80001d1c (0x00eb5f33) x30 0xffffff02
core   0: 0x80001d20 (0x00000013) nop
core   0: 3 0x80001d20 (0x00000013)
core   0: 0x80001d24 (0x01139813) slli    a6, t2, 17
core   0: 3 0x80001d24 (0x01139813) x16 0x00400000
core   0: 0x80001d28 (0x00e22b33) slt     s6, tp, a4
core   0: 3 0x80001d28 (0x00e22b33) x22 0x00000000
core   0: 0x80001d2c (0xbba1cf93) xori    t6, gp, -1094
core   0: 3 0x80001d2c (0xbba1cf93) x31 0xfffea75e
core   0: 0x80001d30 (0x0074fdb3) and     s11, s1, t2
core   0: 3 0x80001d30 (0x0074fdb3) x27 0x00000000
core   0: 0x80001d34 (0x61a46793) ori     a5, s0, 1562
core   0: 3 0x80001d34 (0x61a46793) x15 0x80015efe
core   0: 0x80001d38 (0x00ea9193) slli    gp, s5, 14
core   0: 3 0x80001d38 (0x00ea9193) x 3 0x00000000
core   0: 0x80001d3c (0x014800b3) add     ra, a6, s4
core   0: 3 0x80001d3c (0x014800b3) x 1 0x80400745
core   0: 0x80001d40 (0x0199c5b3) xor     a1, s3, s9
core   0: 3 0x80001d40 (0x0199c5b3) x11 0x6b67d46f
core   0: 0x80001d44 (0x0185df33) srl     t5, a1, s8
core   0: 3 0x80001d44 (0x0185df33) x30 0x000001ad
core   0: 0x80001d48 (0x0031dd33) srl     s10, gp, gp
core   0: 3 0x80001d48 (0x0031dd33) x26 0x00000000
core   0: 0x80001d4c (0x016f3e33) sltu    t3, t5, s6
core   0: 3 0x80001d4c (0x016f3e33) x28 0x00000000
core   0: 0x80001d50 (0x40578033) sub     zero, a5, t0
core   0: 3 0x80001d50 (0x40578033)
core   0: 0x80001d54 (0x014c2d33) slt     s10, s8, s4
core   0: 3 0x80001d54 (0x014c2d33) x26 0x00000000
core   0: 0x80001d58 (0x001a44b3) xor     s1, s4, ra
core   0: 3 0x80001d58 (0x001a44b3) x 9 0x00400000
core   0: 0x80001d5c (0x98f08513) addi    a0, ra, -1649
core   0: 3 0x80001d5c (0x98f08513) x10 0x804000d4
core   0: 0x80001d60 (0x01a347b3) xor     a5, t1, s10
core   0: 3 0x80001d60 (0x01a347b3) x15 0x00000000
core   0: 0x80001d64 (0x012f1193) slli    gp, t5, 18
core   0: 3 0x80001d64 (0x012f1193) x 3 0x06b40000
core   0: 0x80001d68 (0x00e7b2b3) sltu    t0, a5, a4
core   0: 3 0x80001d68 (0x00e7b2b3) x 5 0x00000001
core   0: 0x80001d6c (0x409fda13) srai    s4, t6, 9
core   0: 3 0x80001d6c (0x409fda13) x20 0xffffff53
core   0: 0x80001d70 (0x005dcfb3) xor     t6, s11, t0
core   0: 3 0x80001d70 (0x005dcfb3) x31 0x00000001
core   0: 0x80001d74 (0x01c1cab3) xor     s5, gp, t3
core   0: 3 0x80001d74 (0x01c1cab3) x21 0x06b40000
core   0: 0x80001d78 (0xb1f1b397) auipc   t2, 0xb1f1b
core   0: 3 0x80001d78 (0xb1f1b397) x 7 0x31f1cd78
core   0: 0x80001d7c (0x1093a393) slti    t2, t2, 265
core   0: 3 0x80001d7c (0x1093a393) x 7 0x00000000
core   0: 0x80001d80 (0x01fd6ab3) or      s5, s10, t6
core   0: 3 0x80001d80 (0x01fd6ab3) x21 0x00000001
core   0: 0x80001d84 (0x00669b33) sll     s6, a3, t1
core   0: 3 0x80001d84 (0x00669b33) x22 0x00000001
core   0: 0x80001d88 (0xe57f0093) addi    ra, t5, -425
core   0: 3 0x80001d88 (0xe57f0093) x 1 0x00000004
core   0: 0x80001d8c (0xf1138693) addi    a3, t2, -239
core   0: 3 0x80001d8c (0xf1138693) x13 0xffffff11
core   0: 0x80001d90 (0x012305b3) add     a1, t1, s2
core   0: 3 0x80001d90 (0x012305b3) x11 0xeb668b63
core   0: 0x80001d94 (0x514adb17) auipc   s6, 0x514ad
core   0: 3 0x80001d94 (0x514adb17) x22 0xd14aed94
core   0: 0x80001d98 (0x40e15a33) sra     s4, sp, a4
core   0: 3 0x80001d98 (0x40e15a33) x20 0xc90761f6
core   0: 0x80001d9c (0xc6e88f13) addi    t5, a7, -914
core   0: 3 0x80001d9c (0xc6e88f13) x30 0xfffffc6e
core   0: 0x80001da0 (0x4191d493) srai    s1, gp, 25
core   0: 3 0x80001da0 (0x4191d493) x 9 0x00000003
core   0: 0x80001da4 (0xc741ac13) slti    s8, gp, -908
core   0: 3 0x80001da4 (0xc741ac13) x24 0x00000000
core   0: 0x80001da8 (0x00000013) nop
core   0: 3 0x80001da8 (0x00000013)
core   0: 0x80001dac (0xb2022893) slti    a7, tp, -1248
core   0: 3 0x80001dac (0xb2022893) x17 0x00000000
core   0: 0x80001db0 (0x01df9313) slli    t1, t6, 29
core   0: 3 0x80001db0 (0x01df9313) x 6 0x20000000
core   0: 0x80001db4 (0x00000013) nop
core   0: 3 0x80001db4 (0x00000013)
core   0: 0x80001db8 (0x0129a4b3) slt     s1, s3, s2
core   0: 3 0x80001db8 (0x0129a4b3) x 9 0x00000001
core   0: 0x80001dbc (0x00d97a33) and     s4, s2, a3
core   0: 3 0x80001dbc (0x00d97a33) x20 0xeb668b01
core   0: 0x80001dc0 (0x01206ab3) or      s5, zero, s2
core   0: 3 0x80001dc0 (0x01206ab3) x21 0xeb668b63
core   0: 0x80001dc4 (0x00f03d33) snez    s10, a5
core   0: 3 0x80001dc4 (0x00f03d33) x26 0x00000000
core   0: 0x80001dc8 (0x29626793) ori     a5, tp, 662
core   0: 3 0x80001dc8 (0x29626793) x15 0x53791a96
core   0: 0x80001dcc (0x00000013) nop
core   0: 3 0x80001dcc (0x00000013)
core   0: 0x80001dd0 (0xaca6cb13) xori    s6, a3, -1334
core   0: 3 0x80001dd0 (0xaca6cb13) x22 0x000005db
core   0: 0x80001dd4 (0x00d63fb3) sltu    t6, a2, a3
core   0: 3 0x80001dd4 (0x00d63fb3) x31 0x00000001
core   0: 0x80001dd8 (0xe3b44137) lui     sp, 0xe3b44
core   0: 3 0x80001dd8 (0xe3b44137) x 2 0xe3b44000
core   0: 0x80001ddc (0x004e5613) srli    a2, t3, 4
core   0: 3 0x80001ddc (0x004e5613) x12 0x00000000
core   0: 0x80001de0 (0x40928633) sub     a2, t0, s1
core   0: 3 0x80001de0 (0x40928633) x12 0x00000000
core   0: 0x80001de4 (0x01168ab3) add     s5, a3, a7
core   0: 3 0x80001de4 (0x01168ab3) x21 0xffffff11
core   0: 0x80001de8 (0x412d59b3) sra     s3, s10, s2
core   0: 3 0x80001de8 (0x412d59b3) x19 0x00000000
core   0: 0x80001dec (0x0186de33) srl     t3, a3, s8
core   0: 3 0x80001dec (0x0186de33) x28 0xffffff11
core   0: 0x80001df0 (0x0176ce33) xor     t3, a3, s7
core   0: 3 0x80001df0 (0x0176ce33) x28 0x00000087
core   0: 0x80001df4 (0x414d8f33) sub     t5, s11, s4
core   0: 3 0x80001df4 (0x414d8f33) x30 0x149974ff
core   0: 0x80001df8 (0x00006033) or      zero, zero, zero
core   0: 3 0x80001df8 (0x00006033)
core   0: 0x80001dfc (0x007e1f33) sll     t5, t3, t2
core   0: 3 0x80001dfc (0x007e1f33) x30 0x00000087
core   0: 0x80001e00 (0x4076de13) srai    t3, a3, 7
core   0: 3 0x80001e00 (0x4076de13) x28 0xfffffffe
core   0: 0x80001e04 (0x0109b7b3) sltu    a5, s3, a6
core   0: 3 0x80001e04 (0x0109b7b3) x15 0x00000001
core   0: 0x80001e08 (0x01bf50b3) srl     ra, t5, s11
core   0: 3 0x80001e08 (0x01bf50b3) x 1 0x00000087
core   0: 0x80001e0c (0x00101e33) sll     t3, zero, ra
core   0: 3 0x80001e0c (0x00101e33) x28 0x00000000
core   0: 0x80001e10 (0x00cc7233) and     tp, s8, a2
core   0: 3 0x80001e10 (0x00cc7233) x 4 0x00000000
core   0: 0x80001e14 (0x00d4bb33) sltu    s6, s1, a3
core   0: 3 0x80001e14 (0x00d4bb33) x22 0x00000001
core   0: 0x80001e18 (0x9ef623b7) lui     t2, 0x9ef62
core   0: 3 0x80001e18 (0x9ef623b7) x 7 0x9ef62000
core   0: 0x80001e1c (0x88ffa617) auipc   a2, 0x88ffa
core   0: 3 0x80001e1c (0x88ffa617) x12 0x08ffbe1c
core   0: 0x80001e20 (0x00f79993) slli    s3, a5, 15
core   0: 3 0x80001e20 (0x00f79993) x19 0x00008000
core   0: 0x80001e24 (0x00000013) nop
core   0: 3 0x80001e24 (0x00000013)
core   0: 0x80001e28 (0x00bbedb3) or      s11, s7, a1
core   0: 3 0x80001e28 (0x00bbedb3) x27 0xfffffff7
core   0: 0x80001e2c (0x404b5793) srai    a5, s6, 4
core   0: 3 0x80001e2c (0x404b5793) x15 0x00000000
core   0: 0x80001e30 (0x8b2c7f93) andi    t6, s8, -1870
core   0: 3 0x80001e30 (0x8b2c7f93) x31 0x00000000
core   0: 0x80001e34 (0x000c1d93) slli    s11, s8, 0
core   0: 3 0x80001e34 (0x000c1d93) x27 0x00000000
core   0: 0x80001e38 (0xb225a617) auipc   a2, 0xb225a
core   0: 3 0x80001e38 (0xb225a617) x12 0x3225be38
core   0: 0x80001e3c (0x1d0e3217) auipc   tp, 0x1d0e3
core   0: 3 0x80001e3c (0x1d0e3217) x 4 0x9d0e4e3c
core   0: 0x80001e40 (0x48a72d13) slti    s10, a4, 1162
core   0: 3 0x80001e40 (0x48a72d13) x26 0x00000001
core   0: 0x80001e44 (0x015443b3) xor     t2, s0, s5
core   0: 3 0x80001e44 (0x015443b3) x 7 0x7ffea3f5
core   0: 0x80001e48 (0x8440ff37) lui     t5, 0x8440f
core   0: 3 0x80001e48 (0x8440ff37) x30 0x8440f000
core   0: 0x80001e4c (0x00000013) nop
core   0: 3 0x80001e4c (0x00000013)
core   0: 0x80001e50 (0x41fc0033) sub     zero, s8, t6
core   0: 3 0x80001e50 (0x41fc0033)
core   0: 0x80001e54 (0x6ea3e337) lui     t1, 0x6ea3e
core   0: 3 0x80001e54 (0x6ea3e337) x 6 0x6ea3e000
core   0: 0x80001e58 (0x00bced33) or      s10, s9, a1
core   0: 3 0x80001e58 (0x00bced33) x26 0xeb67dfe7
core   0: 0x80001e5c (0x40185413) srai    s0, a6, 1
core   0: 3 0x80001e5c (0x40185413) x 8 0x00200000
core   0: 0x80001e60 (0x1221bf13) sltiu   t5, gp, 290
core   0: 3 0x80001e60 (0x1221bf13) x30 0x00000000
core   0: 0x80001e64 (0xe8d24417) auipc   s0, 0xe8d24
core   0: 3 0x80001e64 (0xe8d24417) x 8 0x68d25e64
core   0: 0x80001e68 (0x96c68f13) addi    t5, a3, -1684
core   0: 3 0x80001e68 (0x96c68f13) x30 0xfffff87d
core   0: 0x80001e6c (0x82353293) sltiu   t0, a0, -2013
core   0: 3 0x80001e6c (0x82353293) x 5 0x00000001
core   0: 0x80001e70 (0x01e248b3) xor     a7, tp, t5
core   0: 3 0x80001e70 (0x01e248b3) x17 0x62f1b641
core   0: 0x80001e74 (0xa9bb8413) addi    s0, s7, -1381
core   0: 3 0x80001e74 (0xa9bb8413) x 8 0xfffffa31
core   0: 0x80001e78 (0x00000013) nop
core   0: 3 0x80001e78 (0x00000013)
core   0: 0x80001e7c (0x45358013) addi    zero, a1, 1107
core   0: 3 0x80001e7c (0x45358013)
core   0: 0x80001e80 (0x009bb633) sltu    a2, s7, s1
core   0: 3 0x80001e80 (0x009bb633) x12 0x00000000
core   0: 0x80001e84 (0x7e2df697) auipc   a3, 0x7e2df
core   0: 3 0x80001e84 (0x7e2df697) x13 0xfe2e0e84
core   0: 0x80001e88 (0xf90ae313) ori     t1, s5, -112
core   0: 3 0x80001e88 (0xf90ae313) x 6 0xffffff91
core   0: 0x80001e8c (0x16096097) auipc   ra, 0x16096
core   0: 3 0x80001e8c (0x16096097) x 1 0x96097e8c
core   0: 0x80001e90 (0x30c97593) andi    a1, s2, 780
core   0: 3 0x80001e90 (0x30c97593) x11 0x00000300
core   0: 0x80001e94 (0x40660e33) sub     t3, a2, t1
core   0: 3 0x80001e94 (0x40660e33) x28 0x0000006f
core   0: 0x80001e98 (0x01ebe7b3) or      a5, s7, t5
core   0: 3 0x80001e98 (0x01ebe7b3) x15 0xffffffff
core   0: 0x80001e9c (0xed2fc113) xori    sp, t6, -302
core   0: 3 0x80001e9c (0xed2fc113) x 2 0xfffffed2
core   0: 0x80001ea0 (0xec040a93) addi    s5, s0, -320
core   0: 3 0x80001ea0 (0xec040a93) x21 0xfffff8f1
core   0: 0x80001ea4 (0x00362633) slt     a2, a2, gp
core   0: 3 0x80001ea4 (0x00362633) x12 0x00000001
core   0: 0x80001ea8 (0x000dd013) srli    zero, s11, 0
core   0: 3 0x80001ea8 (0x000dd013)
core   0: 0x80001eac (0x6c200a93) li      s5, 1730
core   0: 3 0x80001eac (0x6c200a93) x21 0x000006c2
core   0: 0x80001eb0 (0x01191633) sll     a2, s2, a7
core   0: 3 0x80001eb0 (0x01191633) x12 0xd6cd16c6
core   0: 0x80001eb4 (0x00b1a533) slt     a0, gp, a1
core   0: 3 0x80001eb4 (0x00b1a533) x10 0x00000000
core   0: 0x80001eb8 (0x00c39b33) sll     s6, t2, a2
core   0: 3 0x80001eb8 (0x00c39b33) x22 0xffa8fd40
core   0: 0x80001ebc (0x01a83b33) sltu    s6, a6, s10
core   0: 3 0x80001ebc (0x01a83b33) x22 0x00000001
core   0: 0x80001ec0 (0xef51a913) slti    s2, gp, -267
core   0: 3 0x80001ec0 (0xef51a913) x18 0x00000000
core   0: 0x80001ec4 (0x40498333) sub     t1, s3, tp
core   0: 3 0x80001ec4 (0x40498333) x 6 0x62f231c4
core   0: 0x80001ec8 (0x508db897) auipc   a7, 0x508db
core   0: 3 0x80001ec8 (0x508db897) x17 0xd08dcec8
core   0: 0x80001ecc (0x36833113) sltiu   sp, t1, 872
core   0: 3 0x80001ecc (0x36833113) x 2 0x00000000
core   0: 0x80001ed0 (0xcbc47937) lui     s2, 0xcbc47
core   0: 3 0x80001ed0 (0xcbc47937) x18 0xcbc47000
core   0: 0x80001ed4 (0x00bd5193) srli    gp, s10, 11
core   0: 3 0x80001ed4 (0x00bd5193) x 3 0x001d6cfb
core   0: 0x80001ed8 (0x01d535b3) sltu    a1, a0, t4
core   0: 3 0x80001ed8 (0x01d535b3) x11 0x00000001
core   0: 0x80001edc (0x0194b6b3) sltu    a3, s1, s9
core   0: 3 0x80001edc (0x0194b6b3) x13 0x00000001
core   0: 0x80001ee0 (0x0082dd33) srl     s10, t0, s0
core   0: 3 0x80001ee0 (0x0082dd33) x26 0x00000000
core   0: 0x80001ee4 (0x001499b3) sll     s3, s1, ra
core   0: 3 0x80001ee4 (0x001499b3) x19 0x00001000
core   0: 0x80001ee8 (0x007db133) sltu    sp, s11, t2
core   0: 3 0x80001ee8 (0x007db133) x 2 0x00000001
core   0: 0x80001eec (0x01ac5993) srli    s3, s8, 26
core   0: 3 0x80001eec (0x01ac5993) x19 0x00000000
core   0: 0x80001ef0 (0x94582093) slti    ra, a6, -1723
core   0: 3 0x80001ef0 (0x94582093) x 1 0x00000000
core   0: 0x80001ef4 (0x00dfbf33) sltu    t5, t6, a3
core   0: 3 0x80001ef4 (0x00dfbf33) x30 0x00000001
core   0: 0x80001ef8 (0x01169ab3) sll     s5, a3, a7
core   0: 3 0x80001ef8 (0x01169ab3) x21 0x00000100
core   0: 0x80001efc (0x00000013) nop
core   0: 3 0x80001efc (0x00000013)
core   0: 0x80001f00 (0x20410a93) addi    s5, sp, 516
core   0: 3 0x80001f00 (0x20410a93) x21 0x00000205
core   0: 0x80001f04 (0x0fe38c17) auipc   s8, 0xfe38
core   0: 3 0x80001f04 (0x0fe38c17) x24 0x8fe39f04
core   0: 0x80001f08 (0x01e9d813) srli    a6, s3, 30
core   0: 3 0x80001f08 (0x01e9d813) x16 0x00000000
core   0: 0x80001f0c (0x013d1613) slli    a2, s10, 19
core   0: 3 0x80001f0c (0x013d1613) x12 0x00000000
core   0: 0x80001f10 (0x01e3fa33) and     s4, t2, t5
core   0: 3 0x80001f10 (0x01e3fa33) x20 0x00000001
core   0: 0x80001f14 (0x40f15813) srai    a6, sp, 15
core   0: 3 0x80001f14 (0x40f15813) x16 0x00000000
core   0: 0x80001f18 (0x00d48533) add     a0, s1, a3
core   0: 3 0x80001f18 (0x00d48533) x10 0x00000002
core   0: 0x80001f1c (0x00192393) slti    t2, s2, 1
core   0: 3 0x80001f1c (0x00192393) x 7 0x00000001
core   0: 0x80001f20 (0x007e2133) slt     sp, t3, t2
core   0: 3 0x80001f20 (0x007e2133) x 2 0x00000000
core   0: 0x80001f24 (0x00cec833) xor     a6, t4, a2
core   0: 3 0x80001f24 (0x00cec833) x16 0x80011e64
core   0: 0x80001f28 (0x87e6cb93) xori    s7, a3, -1922
core   0: 3 0x80001f28 (0x87e6cb93) x23 0xfffff87f
core   0: 0x80001f2c (0x008ad493) srli    s1, s5, 8
core   0: 3 0x80001f2c (0x008ad493) x 9 0x00000002
core   0: 0x80001f30 (0x00ea6c33) or      s8, s4, a4
core   0: 3 0x80001f30 (0x00ea6c33) x24 0x80000001
core   0: 0x80001f34 (0x016212b3) sll     t0, tp, s6
core   0: 3 0x80001f34 (0x016212b3) x 5 0x3a1c9c78
core   0: 0x80001f38 (0x01a59133) sll     sp, a1, s10
core   0: 3 0x80001f38 (0x01a59133) x 2 0x00000001
core   0: 0x80001f3c (0x41fb5333) sra     t1, s6, t6
core   0: 3 0x80001f3c (0x41fb5333) x 6 0x00000001
core   0: 0x80001f40 (0x60787193) andi    gp, a6, 1543
core   0: 3 0x80001f40 (0x60787193) x 3 0x00000604
core   0: 0x80001f44 (0x012fefb3) or      t6, t6, s2
core   0: 3 0x80001f44 (0x012fefb3) x31 0xcbc47000
core   0: 0x80001f48 (0x41ec5433) sra     s0, s8, t5
core   0: 3 0x80001f48 (0x41ec5433) x 8 0xc0000000
core   0: 0x80001f4c (0x4ace0a93) addi    s5, t3, 1196
core   0: 3 0x80001f4c (0x4ace0a93) x21 0x0000051b
core   0: 0x80001f50 (0x41e85433) sra     s0, a6, t5
core   0: 3 0x80001f50 (0x41e85433) x 8 0xc0008f32
core   0: 0x80001f54 (0x011430b3) sltu    ra, s0, a7
core   0: 3 0x80001f54 (0x011430b3) x 1 0x00000001
core   0: 0x80001f58 (0x1f8c5437) lui     s0, 0x1f8c5
core   0: 3 0x80001f58 (0x1f8c5437) x 8 0x1f8c5000
core   0: 0x80001f5c (0x415cde13) srai    t3, s9, 21
core   0: 3 0x80001f5c (0x415cde13) x28 0xfffffc00
core   0: 0x80001f60 (0x00fa53b3) srl     t2, s4, a5
core   0: 3 0x80001f60 (0x00fa53b3) x 7 0x00000000
core   0: 0x80001f64 (0x00ea58b3) srl     a7, s4, a4
core   0: 3 0x80001f64 (0x00ea58b3) x17 0x00000001
core   0: 0x80001f68 (0xddcb49b7) lui     s3, 0xddcb4
core   0: 3 0x80001f68 (0xddcb49b7) x19 0xddcb4000
core   0: 0x80001f6c (0x411cdb13) srai    s6, s9, 17
core   0: 3 0x80001f6c (0x411cdb13) x22 0xffffc000
core   0: 0x80001f70 (0x0139d613) srli    a2, s3, 19
core   0: 3 0x80001f70 (0x0139d613) x12 0x00001bb9
core   0: 0x80001f74 (0x00cfba33) sltu    s4, t6, a2
core   0: 3 0x80001f74 (0x00cfba33) x20 0x00000000
core   0: 0x80001f78 (0xcc5f1e37) lui     t3, 0xcc5f1
core   0: 3 0x80001f78 (0xcc5f1e37) x28 0xcc5f1000
core   0: 0x80001f7c (0x00ba5533) srl     a0, s4, a1
core   0: 3 0x80001f7c (0x00ba5533) x10 0x00000000
core   0: 0x80001f80 (0x004ce8b3) or      a7, s9, tp
core   0: 3 0x80001f80 (0x004ce8b3) x17 0x9d0f5efc
core   0: 0x80001f84 (0x417fd333) sra     t1, t6, s7
core   0: 3 0x80001f84 (0x417fd333) x 6 0xffffffff
core   0: 0x80001f88 (0xd071b597) auipc   a1, 0xd071b
core   0: 3 0x80001f88 (0xd071b597) x11 0x5071cf88
core   0: 0x80001f8c (0x40a955b3) sra     a1, s2, a0
core   0: 3 0x80001f8c (0x40a955b3) x11 0xcbc47000
core   0: 0x80001f90 (0x0adf4513) xori    a0, t5, 173
core   0: 3 0x80001f90 (0x0adf4513) x10 0x000000ac
core   0: 0x80001f94 (0x1edd4813) xori    a6, s10, 493
core   0: 3 0x80001f94 (0x1edd4813) x16 0x000001ed
core   0: 0x80001f98 (0x006e67b3) or      a5, t3, t1
core   0: 3 0x80001f98 (0x006e67b3) x15 0xffffffff
core   0: 0x80001f9c (0x01e59513) slli    a0, a1, 30
core   0: 3 0x80001f9c (0x01e59513) x10 0x00000000
core   0: 0x80001fa0 (0x41645a93) srai    s5, s0, 22
core   0: 3 0x80001fa0 (0x41645a93) x21 0x0000007e
core   0: 0x80001fa4 (0xa4d8dbb7) lui     s7, 0xa4d8d
core   0: 3 0x80001fa4 (0xa4d8dbb7) x23 0xa4d8d000
core   0: 0x80001fa8 (0x400a5b33) sra     s6, s4, zero
core   0: 3 0x80001fa8 (0x400a5b33) x22 0x00000000
core   0: 0x80001fac (0x0f85b213) sltiu   tp, a1, 248
core   0: 3 0x80001fac (0x0f85b213) x 4 0x00000000
core   0: 0x80001fb0 (0x263eea13) ori     s4, t4, 611
core   0: 3 0x80001fb0 (0x263eea13) x20 0x80011e67
core   0: 0x80001fb4 (0x6705e913) ori     s2, a1, 1648
core   0: 3 0x80001fb4 (0x6705e913) x18 0xcbc47670
core   0: 0x80001fb8 (0x0092d133) srl     sp, t0, s1
core   0: 3 0x80001fb8 (0x0092d133) x 2 0x0e87271e
core   0: 0x80001fbc (0x00158c33) add     s8, a1, ra
core   0: 3 0x80001fbc (0x00158c33) x24 0xcbc47001
core   0: 0x80001fc0 (0x015482b3) add     t0, s1, s5
core   0: 3 0x80001fc0 (0x015482b3) x 5 0x00000080
core   0: 0x80001fc4 (0x01bc9f33) sll     t5, s9, s11
core   0: 3 0x80001fc4 (0x01bc9f33) x30 0x80015ce4
core   0: 0x80001fc8 (0xe9cd4c13) xori    s8, s10, -356
core   0: 3 0x80001fc8 (0xe9cd4c13) x24 0xfffffe9c
core   0: 0x80001fcc (0x0004f0b3) and     ra, s1, zero
core   0: 3 0x80001fcc (0x0004f0b3) x 1 0x00000000
core   0: 0x80001fd0 (0x00f79413) slli    s0, a5, 15
core   0: 3 0x80001fd0 (0x00f79413) x 8 0xffff8000
core   0: 0x80001fd4 (0x408852b3) sra     t0, a6, s0
core   0: 3 0x80001fd4 (0x408852b3) x 5 0x000001ed
core   0: 0x80001fd8 (0x87abf313) andi    t1, s7, -1926
core   0: 3 0x80001fd8 (0x87abf313) x 6 0xa4d8d000
core   0: 0x80001fdc (0x36169117) auipc   sp, 0x36169
core   0: 3 0x80001fdc (0x36169117) x 2 0xb616afdc
core   0: 0x80001fe0 (0x14eff597) auipc   a1, 0x14eff
core   0: 3 0x80001fe0 (0x14eff597) x11 0x94f00fe0
core   0: 0x80001fe4 (0x7b0a4013) xori    zero, s4, 1968
core   0: 3 0x80001fe4 (0x7b0a4013)
core   0: 0x80001fe8 (0x54272837) lui     a6, 0x54272
core   0: 3 0x80001fe8 (0x54272837) x16 0x54272000
core   0: 0x80001fec (0x01f7f1b3) and     gp, a5, t6
core   0: 3 0x80001fec (0x01f7f1b3) x 3 0xcbc47000
core   0: 0x80001ff0 (0x01065c33) srl     s8, a2, a6
core   0: 3 0x80001ff0 (0x01065c33) x24 0x00001bb9
core   0: 0x80001ff4 (0x0019d793) srli    a5, s3, 1
core   0: 3 0x80001ff4 (0x0019d793) x15 0x6ee5a000
core   0: 0x80001ff8 (0x00000013) nop
core   0: 3 0x80001ff8 (0x00000013)
core   0: 0x80001ffc (0xd95b2093) slti    ra, s6, -619
core   0: 3 0x80001ffc (0xd95b2093) x 1 0x00000000
core   0: 0x80002000 (0x33751197) auipc   gp, 0x33751
core   0: 3 0x80002000 (0x33751197) x 3 0xb3753000
core   0: 0x80002004 (0x8ae3f613) andi    a2, t2, -1874
core   0: 3 0x80002004 (0x8ae3f613) x12 0x00000000
core   0: 0x80002008 (0x00000013) nop
core   0: 3 0x80002008 (0x00000013)
core   0: 0x8000200c (0x011cad33) slt     s10, s9, a7
core   0: 3 0x8000200c (0x011cad33) x26 0x00000001
core   0: 0x80002010 (0x404b07b3) sub     a5, s6, tp
core   0: 3 0x80002010 (0x404b07b3) x15 0x00000000
core   0: 0x80002014 (0x418cd313) srai    t1, s9, 24
core   0: 3 0x80002014 (0x418cd313) x 6 0xffffff80
core   0: 0x80002018 (0x15954213) xori    tp, a0, 345
core   0: 3 0x80002018 (0x15954213) x 4 0x00000159
core   0: 0x8000201c (0x0059df33) srl     t5, s3, t0
core   0: 3 0x8000201c (0x0059df33) x30 0x0006ee5a
core   0: 0x80002020 (0x01dafd33) and     s10, s5, t4
core   0: 3 0x80002020 (0x01dafd33) x26 0x00000064
core   0: 0x80002024 (0x2c01b913) sltiu   s2, gp, 704
core   0: 3 0x80002024 (0x2c01b913) x18 0x00000000
core   0: 0x80002028 (0xb2c9f413) andi    s0, s3, -1236
core   0: 3 0x80002028 (0xb2c9f413) x 8 0xddcb4000
core   0: 0x8000202c (0x00f71133) sll     sp, a4, a5
core   0: 3 0x8000202c (0x00f71133) x 2 0x80000000
core   0: 0x80002030 (0x0077fa33) and     s4, a5, t2
core   0: 3 0x80002030 (0x0077fa33) x20 0x00000000
core   0: 0x80002034 (0x01e9de33) srl     t3, s3, t5
core   0: 3 0x80002034 (0x01e9de33) x28 0x00000037
core   0: 0x80002038 (0x008e1f13) slli    t5, t3, 8
core   0: 3 0x80002038 (0x008e1f13) x30 0x00003700
core   0: 0x8000203c (0x01e38fb3) add     t6, t2, t5
core   0: 3 0x8000203c (0x01e38fb3) x31 0x00003700
core   0: 0x80002040 (0xa84cab37) lui     s6, 0xa84ca
core   0: 3 0x80002040 (0xa84cab37) x22 0xa84ca000
core   0: 0x80002044 (0x015f6033) or      zero, t5, s5
core   0: 3 0x80002044 (0x015f6033)
core   0: 0x80002048 (0x012fd8b3) srl     a7, t6, s2
core   0: 3 0x80002048 (0x012fd8b3) x17 0x00003700
core   0: 0x8000204c (0x57d67c13) andi    s8, a2, 1405
core   0: 3 0x8000204c (0x57d67c13) x24 0x00000000
core   0: 0x80002050 (0xd1fafb93) andi    s7, s5, -737
core   0: 3 0x80002050 (0xd1fafb93) x23 0x0000001e
core   0: 0x80002054 (0x019bc133) xor     sp, s7, s9
core   0: 3 0x80002054 (0x019bc133) x 2 0x80015cfa
core   0: 0x80002058 (0xdd658a93) addi    s5, a1, -554
core   0: 3 0x80002058 (0xdd658a93) x21 0x94f00db6
core   0: 0x8000205c (0x417385b3) sub     a1, t2, s7
core   0: 3 0x8000205c (0x417385b3) x11 0xffffffe2
core   0: 0x80002060 (0xbdafe993) ori     s3, t6, -1062
core   0: 3 0x80002060 (0xbdafe993) x19 0xffffffda
core   0: 0x80002064 (0x41a1dd93) srai    s11, gp, 26
core   0: 3 0x80002064 (0x41a1dd93) x27 0xffffffec
core   0: 0x80002068 (0x00f7fbb3) and     s7, a5, a5
core   0: 3 0x80002068 (0x00f7fbb3) x23 0x00000000
core   0: 0x8000206c (0x40c252b3) sra     t0, tp, a2
core   0: 3 0x8000206c (0x40c252b3) x 5 0x00000159
core   0: 0x80002070 (0x00d823b3) slt     t2, a6, a3
core   0: 3 0x80002070 (0x00d823b3) x 7 0x00000000
core   0: 0x80002074 (0x0118bb33) sltu    s6, a7, a7
core   0: 3 0x80002074 (0x0118bb33) x22 0x00000000
core   0: 0x80002078 (0x414dd833) sra     a6, s11, s4
core   0: 3 0x80002078 (0x414dd833) x16 0xffffffec
core   0: 0x8000207c (0xa1581617) auipc   a2, 0xa1581
core   0: 3 0x8000207c (0xa1581617) x12 0x2158307c
core   0: 0x80002080 (0x01c243b3) xor     t2, tp, t3
core   0: 3 0x80002080 (0x01c243b3) x 7 0x0000016e
core   0: 0x80002084 (0x41df0db3) sub     s11, t5, t4
core   0: 3 0x80002084 (0x41df0db3) x27 0x7fff189c
core   0: 0x80002088 (0x0032e333) or      t1, t0, gp
core   0: 3 0x80002088 (0x0032e333) x 6 0xb3753159
core   0: 0x8000208c (0xf9c0b293) sltiu   t0, ra, -100
core   0: 3 0x8000208c (0xf9c0b293) x 5 0x00000001
core   0: 0x80002090 (0x00000013) nop
core   0: 3 0x80002090 (0x00000013)
core   0: 0x80002094 (0x00000013) nop
core   0: 3 0x80002094 (0x00000013)
core   0: 0x80002098 (0x416e53b3) sra     t2, t3, s6
core   0: 3 0x80002098 (0x416e53b3) x 7 0x00000037
core   0: 0x8000209c (0x93c6e993) ori     s3, a3, -1732
core   0: 3 0x8000209c (0x93c6e993) x19 0xfffff93d
core   0: 0x800020a0 (0x747efb93) andi    s7, t4, 1863
core   0: 3 0x800020a0 (0x747efb93) x23 0x00000644
core   0: 0x800020a4 (0x00000013) nop
core   0: 3 0x800020a4 (0x00000013)
core   0: 0x800020a8 (0x002edf33) srl     t5, t4, sp
core   0: 3 0x800020a8 (0x002edf33) x30 0x00000020
core   0: 0x800020ac (0x000183b3) add     t2, gp, zero
core   0: 3 0x800020ac (0x000183b3) x 7 0xb3753000
core   0: 0x800020b0 (0x01185813) srli    a6, a6, 17
core   0: 3 0x800020b0 (0x01185813) x16 0x00007fff
core   0: 0x800020b4 (0x008ed793) srli    a5, t4, 8
core   0: 3 0x800020b4 (0x008ed793) x15 0x0080011e
core   0: 0x800020b8 (0x00488db3) add     s11, a7, tp
core   0: 3 0x800020b8 (0x00488db3) x27 0x00003859
core   0: 0x800020bc (0xf528a913) slti    s2, a7, -174
core   0: 3 0x800020bc (0xf528a913) x18 0x00000000
core   0: 0x800020c0 (0xf5ad6393) ori     t2, s10, -166
core   0: 3 0x800020c0 (0xf5ad6393) x 7 0xffffff7e
core   0: 0x800020c4 (0x0117f3b3) and     t2, a5, a7
core   0: 3 0x800020c4 (0x0117f3b3) x 7 0x00000100
core   0: 0x800020c8 (0x40be5db3) sra     s11, t3, a1
core   0: 3 0x800020c8 (0x40be5db3) x27 0x0000000d
core   0: 0x800020cc (0x0e6cef93) ori     t6, s9, 230
core   0: 3 0x800020cc (0x0e6cef93) x31 0x80015ce6
core   0: 0x800020d0 (0x00000013) nop
core   0: 3 0x800020d0 (0x00000013)
core   0: 0x800020d4 (0x0592fa93) andi    s5, t0, 89
core   0: 3 0x800020d4 (0x0592fa93) x21 0x00000001
core   0: 0x800020d8 (0x70ef9a97) auipc   s5, 0x70ef9
core   0: 3 0x800020d8 (0x70ef9a97) x21 0xf0efb0d8
core   0: 0x800020dc (0xdb5c7093) andi    ra, s8, -587
core   0: 3 0x800020dc (0xdb5c7093) x 1 0x00000000
core   0: 0x800020e0 (0x18007093) andi    ra, zero, 384
core   0: 3 0x800020e0 (0x18007093) x 1 0x00000000
core   0: 0x800020e4 (0x00000013) nop
core   0: 3 0x800020e4 (0x00000013)
core   0: 0x800020e8 (0x40ecdf33) sra     t5, s9, a4
core   0: 3 0x800020e8 (0x40ecdf33) x30 0x80015ce4
core   0: 0x800020ec (0x404cdd13) srai    s10, s9, 4
core   0: 3 0x800020ec (0x404cdd13) x26 0xf80015ce
core   0: 0x800020f0 (0x00057233) and     tp, a0, zero
core   0: 3 0x800020f0 (0x00057233) x 4 0x00000000
core   0: 0x800020f4 (0x00000013) nop
core   0: 3 0x800020f4 (0x00000013)
core   0: 0x800020f8 (0x405bd213) srai    tp, s7, 5
core   0: 3 0x800020f8 (0x405bd213) x 4 0x00000032
core   0: 0x800020fc (0x00438233) add     tp, t2, tp
core   0: 3 0x800020fc (0x00438233) x 4 0x00000132
core   0: 0x80002100 (0x00370633) add     a2, a4, gp
core   0: 3 0x80002100 (0x00370633) x12 0x33753000
core   0: 0x80002104 (0xb0f5b993) sltiu   s3, a1, -1265
core   0: 3 0x80002104 (0xb0f5b993) x19 0x00000000
core   0: 0x80002108 (0xaad6c493) xori    s1, a3, -1363
core   0: 3 0x80002108 (0xaad6c493) x 9 0xfffffaac
core   0: 0x8000210c (0x0016ad33) slt     s10, a3, ra
core   0: 3 0x8000210c (0x0016ad33) x26 0x00000000
core   0: 0x80002110 (0x00ef9a13) slli    s4, t6, 14
core   0: 3 0x80002110 (0x00ef9a13) x20 0x57398000
core   0: 0x80002114 (0x40ac5d33) sra     s10, s8, a0
core   0: 3 0x80002114 (0x40ac5d33) x26 0x00000000
core   0: 0x80002118 (0xc15c6693) ori     a3, s8, -1003
core   0: 3 0x80002118 (0xc15c6693) x13 0xfffffc15
core   0: 0x8000211c (0x8d186913) ori     s2, a6, -1839
core   0: 3 0x8000211c (0x8d186913) x18 0xffffffff
core   0: 0x80002120 (0x00e47fb3) and     t6, s0, a4
core   0: 3 0x80002120 (0x00e47fb3) x31 0x80000000
core   0: 0x80002124 (0x009fd193) srli    gp, t6, 9
core   0: 3 0x80002124 (0x009fd193) x 3 0x00400000
core   0: 0x80002128 (0x00a4a3b3) slt     t2, s1, a0
core   0: 3 0x80002128 (0x00a4a3b3) x 7 0x00000001
core   0: 0x8000212c (0x2bbca893) slti    a7, s9, 699
core   0: 3 0x8000212c (0x2bbca893) x17 0x00000001
core   0: 0x80002130 (0x014cd2b3) srl     t0, s9, s4
core   0: 3 0x80002130 (0x014cd2b3) x 5 0x80015ce4
core   0: 0x80002134 (0x01f4db33) srl     s6, s1, t6
core   0: 3 0x80002134 (0x01f4db33) x22 0xfffffaac
core   0: 0x80002138 (0x01a753b3) srl     t2, a4, s10
core   0: 3 0x80002138 (0x01a753b3) x 7 0x80000000
core   0: 0x8000213c (0x4cb23013) sltiu   zero, tp, 1227
core   0: 3 0x8000213c (0x4cb23013)
core   0: 0x80002140 (0x00347433) and     s0, s0, gp
core   0: 3 0x80002140 (0x00347433) x 8 0x00400000
core   0: 0x80002144 (0x53adb793) sltiu   a5, s11, 1338
core   0: 3 0x80002144 (0x53adb793) x15 0x00000001
core   0: 0x80002148 (0x4116d513) srai    a0, a3, 17
core   0: 3 0x80002148 (0x4116d513) x10 0xffffffff
core   0: 0x8000214c (0x00b294b3) sll     s1, t0, a1
core   0: 3 0x8000214c (0x00b294b3) x 9 0x00057390
core   0: 0x80002150 (0x00e781b3) add     gp, a5, a4
core   0: 3 0x80002150 (0x00e781b3) x 3 0x80000001
core   0: 0x80002154 (0x01e4d913) srli    s2, s1, 30
core   0: 3 0x80002154 (0x01e4d913) x18 0x00000000
core   0: 0x80002158 (0x00f77ab3) and     s5, a4, a5
core   0: 3 0x80002158 (0x00f77ab3) x21 0x00000000
core   0: 0x8000215c (0x407cd113) srai    sp, s9, 7
core   0: 3 0x8000215c (0x407cd113) x 2 0xff0002b9
core   0: 0x80002160 (0x00996b33) or      s6, s2, s1
core   0: 3 0x80002160 (0x00996b33) x22 0x00057390
core   0: 0x80002164 (0x10aa36b7) lui     a3, 0x10aa3
core   0: 3 0x80002164 (0x10aa36b7) x13 0x10aa3000
core   0: 0x80002168 (0xd507ad13) slti    s10, a5, -688
core   0: 3 0x80002168 (0xd507ad13) x26 0x00000000
core   0: 0x8000216c (0x00230a33) add     s4, t1, sp
core   0: 3 0x8000216c (0x00230a33) x20 0xb2753412
core   0: 0x80002170 (0x00159e33) sll     t3, a1, ra
core   0: 3 0x80002170 (0x00159e33) x28 0xffffffe2
core   0: 0x80002174 (0x41828f33) sub     t5, t0, s8
core   0: 3 0x80002174 (0x41828f33) x30 0x80015ce4
core   0: 0x80002178 (0xcc6ae293) ori     t0, s5, -826
core   0: 3 0x80002178 (0xcc6ae293) x 5 0xfffffcc6
core   0: 0x8000217c (0x006d8533) add     a0, s11, t1
core   0: 3 0x8000217c (0x006d8533) x10 0xb3753166
core   0: 0x80002180 (0x00825933) srl     s2, tp, s0
core   0: 3 0x80002180 (0x00825933) x18 0x00000132
core   0: 0x80002184 (0x3b1c5d97) auipc   s11, 0x3b1c5
core   0: 3 0x80002184 (0x3b1c5d97) x27 0xbb1c7184
core   0: 0x80002188 (0x57c9f993) andi    s3, s3, 1404
core   0: 3 0x80002188 (0x57c9f993) x19 0x00000000
core   0: 0x8000218c (0x01bfe533) or      a0, t6, s11
core   0: 3 0x8000218c (0x01bfe533) x10 0xbb1c7184
core   0: 0x80002190 (0xa76e7313) andi    t1, t3, -1418
core   0: 3 0x80002190 (0xa76e7313) x 6 0xfffffa62
core   0: 0x80002194 (0x00e418b3) sll     a7, s0, a4
core   0: 3 0x80002194 (0x00e418b3) x17 0x00400000
core   0: 0x80002198 (0x00e3b6b3) sltu    a3, t2, a4
core   0: 3 0x80002198 (0x00e3b6b3) x13 0x00000000
core   0: 0x8000219c (0x0137f133) and     sp, a5, s3
core   0: 3 0x8000219c (0x0137f133) x 2 0x00000000
core   0: 0x800021a0 (0x409a5493) srai    s1, s4, 9
core   0: 3 0x800021a0 (0x409a5493) x 9 0xffd93a9a
core   0: 0x800021a4 (0x41055093) srai    ra, a0, 16
core   0: 3 0x800021a4 (0x41055093) x 1 0xffffbb1c
core   0: 0x800021a8 (0x011ccf33) xor     t5, s9, a7
core   0: 3 0x800021a8 (0x011ccf33) x30 0x80415ce4
core   0: 0x800021ac (0xc1c3b813) sltiu   a6, t2, -996
core   0: 3 0x800021ac (0xc1c3b813) x16 0x00000001
core   0: 0x800021b0 (0x0005e9b3) or      s3, a1, zero
core   0: 3 0x800021b0 (0x0005e9b3) x19 0xffffffe2
core   0: 0x800021b4 (0x01ee64b3) or      s1, t3, t5
core   0: 3 0x800021b4 (0x01ee64b3) x 9 0xffffffe6
core   0: 0x800021b8 (0x0097d313) srli    t1, a5, 9
core   0: 3 0x800021b8 (0x0097d313) x 6 0x00000000
core   0: 0x800021bc (0x39c4c213) xori    tp, s1, 924
core   0: 3 0x800021bc (0x39c4c213) x 4 0xfffffc7a
core   0: 0x800021c0 (0x6fd9a837) lui     a6, 0x6fd9a
core   0: 3 0x800021c0 (0x6fd9a837) x16 0x6fd9a000
core   0: 0x800021c4 (0xb986b793) sltiu   a5, a3, -1128
core   0: 3 0x800021c4 (0xb986b793) x15 0x00000001
core   0: 0x800021c8 (0x411ddf33) sra     t5, s11, a7
core   0: 3 0x800021c8 (0x411ddf33) x30 0xbb1c7184
core   0: 0x800021cc (0xc7aeef93) ori     t6, t4, -902
core   0: 3 0x800021cc (0xc7aeef93) x31 0xfffffe7e
core   0: 0x800021d0 (0x95c38693) addi    a3, t2, -1700
core   0: 3 0x800021d0 (0x95c38693) x13 0x7ffff95c
core   0: 0x800021d4 (0x1cd9fe17) auipc   t3, 0x1cd9f
core   0: 3 0x800021d4 (0x1cd9fe17) x28 0x9cda11d4
core   0: 0x800021d8 (0x89d6c593) xori    a1, a3, -1891
core   0: 3 0x800021d8 (0x89d6c593) x11 0x800001c1
core   0: 0x800021dc (0x407a5933) sra     s2, s4, t2
core   0: 3 0x800021dc (0x407a5933) x18 0xb2753412
core   0: 0x800021e0 (0x003f4833) xor     a6, t5, gp
core   0: 3 0x800021e0 (0x003f4833) x16 0x3b1c7185
core   0: 0x800021e4 (0x7d0dff13) andi    t5, s11, 2000
core   0: 3 0x800021e4 (0x7d0dff13) x30 0x00000180
core   0: 0x800021e8 (0x00000013) nop
core   0: 3 0x800021e8 (0x00000013)
core   0: 0x800021ec (0xdd61ec13) ori     s8, gp, -554
core   0: 3 0x800021ec (0xdd61ec13) x24 0xfffffdd7
core   0: 0x800021f0 (0xa0640c13) addi    s8, s0, -1530
core   0: 3 0x800021f0 (0xa0640c13) x24 0x003ffa06
core   0: 0x800021f4 (0x32672f93) slti    t6, a4, 806
core   0: 3 0x800021f4 (0x32672f93) x31 0x00000001
core   0: 0x800021f8 (0x01ed9db3) sll     s11, s11, t5
core   0: 3 0x800021f8 (0x01ed9db3) x27 0xbb1c7184
core   0: 0x800021fc (0xfae18d93) addi    s11, gp, -82
core   0: 3 0x800021fc (0xfae18d93) x27 0x7fffffaf
core   0: 0x80002200 (0x01f4a9b3) slt     s3, s1, t6
core   0: 3 0x80002200 (0x01f4a9b3) x19 0x00000001
core   0: 0x80002204 (0x0119c4b3) xor     s1, s3, a7
core   0: 3 0x80002204 (0x0119c4b3) x 9 0x00400001
core   0: 0x80002208 (0x001830b3) sltu    ra, a6, ra
core   0: 3 0x80002208 (0x001830b3) x 1 0x00000001
core   0: 0x8000220c (0x00b133b3) sltu    t2, sp, a1
core   0: 3 0x8000220c (0x00b133b3) x 7 0x00000001
core   0: 0x80002210 (0x00ff86b3) add     a3, t6, a5
core   0: 3 0x80002210 (0x00ff86b3) x13 0x00000002
core   0: 0x80002214 (0x011ae9b3) or      s3, s5, a7
core   0: 3 0x80002214 (0x011ae9b3) x19 0x00400000
core   0: 0x80002218 (0x4081d413) srai    s0, gp, 8
core   0: 3 0x80002218 (0x4081d413) x 8 0xff800000
core   0: 0x8000221c (0x01ff3fb3) sltu    t6, t5, t6
core   0: 3 0x8000221c (0x01ff3fb3) x31 0x00000000
core   0: 0x80002220 (0x018034b3) snez    s1, s8
core   0: 3 0x80002220 (0x018034b3) x 9 0x00000001
core   0: 0x80002224 (0x0010da13) srli    s4, ra, 1
core   0: 3 0x80002224 (0x0010da13) x20 0x00000000
core   0: 0x80002228 (0x41fad513) srai    a0, s5, 31
core   0: 3 0x80002228 (0x41fad513) x10 0x00000000
core   0: 0x8000222c (0x01680c33) add     s8, a6, s6
core   0: 3 0x8000222c (0x01680c33) x24 0x3b21e515
core   0: 0x80002230 (0x00c85933) srl     s2, a6, a2
core   0: 3 0x80002230 (0x00c85933) x18 0x3b1c7185
core   0: 0x80002234 (0x8f38af13) slti    t5, a7, -1805
core   0: 3 0x80002234 (0x8f38af13) x30 0x00000000
core   0: 0x80002238 (0x000fff33) and     t5, t6, zero
core   0: 3 0x80002238 (0x000fff33) x30 0x00000000
core   0: 0x8000223c (0x41348a33) sub     s4, s1, s3
core   0: 3 0x8000223c (0x41348a33) x20 0xffc00001
core   0: 0x80002240 (0x01a46a33) or      s4, s0, s10
core   0: 3 0x80002240 (0x01a46a33) x20 0xff800000
core   0: 0x80002244 (0x00519e13) slli    t3, gp, 5
core   0: 3 0x80002244 (0x00519e13) x28 0x00000020
core   0: 0x80002248 (0x78966e13) ori     t3, a2, 1929
core   0: 3 0x80002248 (0x78966e13) x28 0x33753789
core   0: 0x8000224c (0x019089b3) add     s3, ra, s9
core   0: 3 0x8000224c (0x019089b3) x19 0x80015ce5
core   0: 0x80002250 (0x010cb6b3) sltu    a3, s9, a6
core   0: 3 0x80002250 (0x010cb6b3) x13 0x00000000
core   0: 0x80002254 (0x00020c33) add     s8, tp, zero
core   0: 3 0x80002254 (0x00020c33) x24 0xfffffc7a
core   0: 0x80002258 (0x00443ab3) sltu    s5, s0, tp
core   0: 3 0x80002258 (0x00443ab3) x21 0x00000001
core   0: 0x8000225c (0x6d57e693) ori     a3, a5, 1749
core   0: 3 0x8000225c (0x6d57e693) x13 0x000006d5
core   0: 0x80002260 (0x01b95193) srli    gp, s2, 27
core   0: 3 0x80002260 (0x01b95193) x 3 0x00000007
core   0: 0x80002264 (0x01e5e433) or      s0, a1, t5
core   0: 3 0x80002264 (0x01e5e433) x 8 0x800001c1
core   0: 0x80002268 (0x00e4b3b3) sltu    t2, s1, a4
core   0: 3 0x80002268 (0x00e4b3b3) x 7 0x00000001
core   0: 0x8000226c (0x7bcd4993) xori    s3, s10, 1980
core   0: 3 0x8000226c (0x7bcd4993) x19 0x000007bc
core   0: 0x80002270 (0x00000013) nop
core   0: 3 0x80002270 (0x00000013)
core   0: 0x80002274 (0x005e0633) add     a2, t3, t0
core   0: 3 0x80002274 (0x005e0633) x12 0x3375344f
core   0: 0x80002278 (0x23122937) lui     s2, 0x23122
core   0: 3 0x80002278 (0x23122937) x18 0x23122000
core   0: 0x8000227c (0x00da3d33) sltu    s10, s4, a3
core   0: 3 0x8000227c (0x00da3d33) x26 0x00000000
core   0: 0x80002280 (0x008a0633) add     a2, s4, s0
core   0: 3 0x80002280 (0x008a0633) x12 0x7f8001c1
core   0: 0x80002284 (0x00e4a533) slt     a0, s1, a4
core   0: 3 0x80002284 (0x00e4a533) x10 0x00000000
core   0: 0x80002288 (0x86ac7c13) andi    s8, s8, -1942
core   0: 3 0x80002288 (0x86ac7c13) x24 0xfffff86a
core   0: 0x8000228c (0x405ed313) srai    t1, t4, 5
core   0: 3 0x8000228c (0x405ed313) x 6 0xfc0008f3
core   0: 0x80002290 (0x7302a793) slti    a5, t0, 1840
core   0: 3 0x80002290 (0x7302a793) x15 0x00000001
core   0: 0x80002294 (0x01f336b3) sltu    a3, t1, t6
core   0: 3 0x80002294 (0x01f336b3) x13 0x00000000
core   0: 0x80002298 (0xc303df17) auipc   t5, 0xc303d
core   0: 3 0x80002298 (0xc303df17) x30 0x4303f298
core   0: 0x8000229c (0x01f63633) sltu    a2, a2, t6
core   0: 3 0x8000229c (0x01f63633) x12 0x00000000
core   0: 0x800022a0 (0xb1cc0813) addi    a6, s8, -1252
core   0: 3 0x800022a0 (0xb1cc0813) x16 0xfffff386
core   0: 0x800022a4 (0x00f61c33) sll     s8, a2, a5
core   0: 3 0x800022a4 (0x00f61c33) x24 0x00000000
core   0: 0x800022a8 (0x03280b17) auipc   s6, 0x3280
core   0: 3 0x800022a8 (0x03280b17) x22 0x832822a8
core   0: 0x800022ac (0x006bf333) and     t1, s7, t1
core   0: 3 0x800022ac (0x006bf333) x 6 0x00000040
core   0: 0x800022b0 (0xd4c4ad93) slti    s11, s1, -692
core   0: 3 0x800022b0 (0xd4c4ad93) x27 0x00000000
core   0: 0x800022b4 (0x92147213) andi    tp, s0, -1759
core   0: 3 0x800022b4 (0x92147213) x 4 0x80000101
core   0: 0x800022b8 (0x01ee5a13) srli    s4, t3, 30
core   0: 3 0x800022b8 (0x01ee5a13) x20 0x00000000
core   0: 0x800022bc (0x7a602613) slti    a2, zero, 1958
core   0: 3 0x800022bc (0x7a602613) x12 0x00000001
core   0: 0x800022c0 (0x01292d33) slt     s10, s2, s2
core   0: 3 0x800022c0 (0x01292d33) x26 0x00000000
core   0: 0x800022c4 (0x01186c33) or      s8, a6, a7
core   0: 3 0x800022c4 (0x01186c33) x24 0xfffff386
core   0: 0x800022c8 (0x41a35693) srai    a3, t1, 26
core   0: 3 0x800022c8 (0x41a35693) x13 0x00000000
core   0: 0x800022cc (0x004be4b3) or      s1, s7, tp
core   0: 3 0x800022cc (0x004be4b3) x 9 0x80000745
core   0: 0x800022d0 (0x01f0a633) slt     a2, ra, t6
core   0: 3 0x800022d0 (0x01f0a633) x12 0x00000000
core   0: 0x800022d4 (0x694eb193) sltiu   gp, t4, 1684
core   0: 3 0x800022d4 (0x694eb193) x 3 0x00000000
core   0: 0x800022d8 (0x017a77b3) and     a5, s4, s7
core   0: 3 0x800022d8 (0x017a77b3) x15 0x00000000
core   0: 0x800022dc (0x01331313) slli    t1, t1, 19
core   0: 3 0x800022dc (0x01331313) x 6 0x02000000
core   0: 0x800022e0 (0x003bf833) and     a6, s7, gp
core   0: 3 0x800022e0 (0x003bf833) x16 0x00000000
core   0: 0x800022e4 (0x3dbf0f13) addi    t5, t5, 987
core   0: 3 0x800022e4 (0x3dbf0f13) x30 0x4303f673
core   0: 0x800022e8 (0xd2e97b93) andi    s7, s2, -722
core   0: 3 0x800022e8 (0xd2e97b93) x23 0x23122000
core   0: 0x800022ec (0x00000013) nop
core   0: 3 0x800022ec (0x00000013)
core   0: 0x800022f0 (0x00000013) nop
core   0: 3 0x800022f0 (0x00000013)
core   0: 0x800022f4 (0xa6263fb7) lui     t6, 0xa6263
core   0: 3 0x800022f4 (0xa6263fb7) x31 0xa6263000
core   0: 0x800022f8 (0x40358db3) sub     s11, a1, gp
core   0: 3 0x800022f8 (0x40358db3) x27 0x800001c1
core   0: 0x800022fc (0x773d4813) xori    a6, s10, 1907
core   0: 3 0x800022fc (0x773d4813) x16 0x00000773
core   0: 0x80002300 (0xc442a313) slti    t1, t0, -956
core   0: 3 0x80002300 (0xc442a313) x 6 0x00000000
core   0: 0x80002304 (0x00000013) nop
core   0: 3 0x80002304 (0x00000013)
core   0: 0x80002308 (0x007a1a33) sll     s4, s4, t2
core   0: 3 0x80002308 (0x007a1a33) x20 0x00000000
core   0: 0x8000230c (0x3752fa93) andi    s5, t0, 885
core   0: 3 0x8000230c (0x3752fa93) x21 0x00000044
core   0: 0x80002310 (0x00000013) nop
core   0: 3 0x80002310 (0x00000013)
core   0: 0x80002314 (0x6c018593) addi    a1, gp, 1728
core   0: 3 0x80002314 (0x6c018593) x11 0x000006c0
core   0: 0x80002318 (0x777c0013) addi    zero, s8, 1911
core   0: 3 0x80002318 (0x777c0013)
core   0: 0x8000231c (0x01cfa5b3) slt     a1, t6, t3
core   0: 3 0x8000231c (0x01cfa5b3) x11 0x00000001
core   0: 0x80002320 (0x014eb533) sltu    a0, t4, s4
core   0: 3 0x80002320 (0x014eb533) x10 0x00000000
core   0: 0x80002324 (0x00fc83b3) add     t2, s9, a5
core   0: 3 0x80002324 (0x00fc83b3) x 7 0x80015ce4
core   0: 0x80002328 (0x03694593) xori    a1, s2, 54
core   0: 3 0x80002328 (0x03694593) x11 0x23122036
core   0: 0x8000232c (0x0119f033) and     zero, s3, a7
core   0: 3 0x8000232c (0x0119f033)
core   0: 0x80002330 (0x01aef833) and     a6, t4, s10
core   0: 3 0x80002330 (0x01aef833) x16 0x00000000
core   0: 0x80002334 (0x00000013) nop
core   0: 3 0x80002334 (0x00000013)
core   0: 0x80002338 (0x9a4ac693) xori    a3, s5, -1628
core   0: 3 0x80002338 (0x9a4ac693) x13 0xfffff9e0
core   0: 0x8000233c (0xbbf56913) ori     s2, a0, -1089
core   0: 3 0x8000233c (0xbbf56913) x18 0xfffffbbf
core   0: 0x80002340 (0x00c7c033) xor     zero, a5, a2
core   0: 3 0x80002340 (0x00c7c033)
core   0: 0x80002344 (0x0083fb33) and     s6, t2, s0
core   0: 3 0x80002344 (0x0083fb33) x22 0x800000c0
core   0: 0x80002348 (0x403ad213) srai    tp, s5, 3
core   0: 3 0x80002348 (0x403ad213) x 4 0x00000008
core   0: 0x8000234c (0x013273b3) and     t2, tp, s3
core   0: 3 0x8000234c (0x013273b3) x 7 0x00000008
core   0: 0x80002350 (0x41f98033) sub     zero, s3, t6
core   0: 3 0x80002350 (0x41f98033)
core   0: 0x80002354 (0x01dc78b3) and     a7, s8, t4
core   0: 3 0x80002354 (0x01dc78b3) x17 0x80011204
core   0: 0x80002358 (0xd5c5fa37) lui     s4, 0xd5c5f
core   0: 3 0x80002358 (0xd5c5fa37) x20 0xd5c5f000
core   0: 0x8000235c (0x59fe9917) auipc   s2, 0x59fe9
core   0: 3 0x8000235c (0x59fe9917) x18 0xd9feb35c
core   0: 0x80002360 (0x4feb7a93) andi    s5, s6, 1278
core   0: 3 0x80002360 (0x4feb7a93) x21 0x000000c0
core   0: 0x80002364 (0x005259b3) srl     s3, tp, t0
core   0: 3 0x80002364 (0x005259b3) x19 0x00000000
core   0: 0x80002368 (0xdf28f193) andi    gp, a7, -526
core   0: 3 0x80002368 (0xdf28f193) x 3 0x80011000
core   0: 0x8000236c (0xeabaadb7) lui     s11, 0xeabaa
core   0: 3 0x8000236c (0xeabaadb7) x27 0xeabaa000
core   0: 0x80002370 (0xb4b008b7) lui     a7, 0xb4b00
core   0: 3 0x80002370 (0xb4b008b7) x17 0xb4b00000
core   0: 0x80002374 (0x415784b3) sub     s1, a5, s5
core   0: 3 0x80002374 (0x415784b3) x 9 0xffffff40
core   0: 0x80002378 (0x41a8d213) srai    tp, a7, 26
core   0: 3 0x80002378 (0x41a8d213) x 4 0xffffffed
core   0: 0x8000237c (0x01365533) srl     a0, a2, s3
core   0: 3 0x8000237c (0x01365533) x10 0x00000000
core   0: 0x80002380 (0x2f318f37) lui     t5, 0x2f318
core   0: 3 0x80002380 (0x2f318f37) x30 0x2f318000
core   0: 0x80002384 (0x000a5f13) srli    t5, s4, 0
core   0: 3 0x80002384 (0x000a5f13) x30 0xd5c5f000
core   0: 0x80002388 (0x4194d093) srai    ra, s1, 25
core   0: 3 0x80002388 (0x4194d093) x 1 0xffffffff
core   0: 0x8000238c (0x0199a3b3) slt     t2, s3, s9
core   0: 3 0x8000238c (0x0199a3b3) x 7 0x00000000
core   0: 0x80002390 (0xdfc17313) andi    t1, sp, -516
core   0: 3 0x80002390 (0xdfc17313) x 6 0x00000000
core   0: 0x80002394 (0x01801133) sll     sp, zero, s8
core   0: 3 0x80002394 (0x01801133) x 2 0x00000000
core   0: 0x80002398 (0x5dd64493) xori    s1, a2, 1501
core   0: 3 0x80002398 (0x5dd64493) x 9 0x000005dd
core   0: 0x8000239c (0x01b21bb3) sll     s7, tp, s11
core   0: 3 0x8000239c (0x01b21bb3) x23 0xffffffed
core   0: 0x800023a0 (0x01631a13) slli    s4, t1, 22
core   0: 3 0x800023a0 (0x01631a13) x20 0x00000000
core   0: 0x800023a4 (0x434bff93) andi    t6, s7, 1076
core   0: 3 0x800023a4 (0x434bff93) x31 0x00000424
core   0: 0x800023a8 (0x00228c33) add     s8, t0, sp
core   0: 3 0x800023a8 (0x00228c33) x24 0xfffffcc6
core   0: 0x800023ac (0xdb294513) xori    a0, s2, -590
core   0: 3 0x800023ac (0xdb294513) x10 0x26014eee
core   0: 0x800023b0 (0x00979b33) sll     s6, a5, s1
core   0: 3 0x800023b0 (0x00979b33) x22 0x00000000
core   0: 0x800023b4 (0x0124c833) xor     a6, s1, s2
core   0: 3 0x800023b4 (0x0124c833) x16 0xd9feb681
core   0: 0x800023b8 (0x00e55993) srli    s3, a0, 14
core   0: 3 0x800023b8 (0x00e55993) x19 0x00009805
core   0: 0x800023bc (0x41ef87b3) sub     a5, t6, t5
core   0: 3 0x800023bc (0x41ef87b3) x15 0x2a3a1424
core   0: 0x800023c0 (0x00c1a433) slt     s0, gp, a2
core   0: 3 0x800023c0 (0x00c1a433) x 8 0x00000001
core   0: 0x800023c4 (0xed9dfd97) auipc   s11, 0xed9df
core   0: 3 0x800023c4 (0xed9dfd97) x27 0x6d9e13c4
core   0: 0x800023c8 (0x01b6d213) srli    tp, a3, 27
core   0: 3 0x800023c8 (0x01b6d213) x 4 0x0000001f
core   0: 0x800023cc (0x8e297013) andi    zero, s2, -1822
core   0: 3 0x800023cc (0x8e297013)
core   0: 0x800023d0 (0x00c5d1b3) srl     gp, a1, a2
core   0: 3 0x800023d0 (0x00c5d1b3) x 3 0x23122036
core   0: 0x800023d4 (0x016877b3) and     a5, a6, s6
core   0: 3 0x800023d4 (0x016877b3) x15 0x00000000
core   0: 0x800023d8 (0x01491b33) sll     s6, s2, s4
core   0: 3 0x800023d8 (0x01491b33) x22 0xd9feb35c
core   0: 0x800023dc (0x00e6e9b3) or      s3, a3, a4
core   0: 3 0x800023dc (0x00e6e9b3) x19 0xfffff9e0
core   0: 0x800023e0 (0x0162a4b3) slt     s1, t0, s6
core   0: 3 0x800023e0 (0x0162a4b3) x 9 0x00000000
core   0: 0x800023e4 (0x01cfc0b3) xor     ra, t6, t3
core   0: 3 0x800023e4 (0x01cfc0b3) x 1 0x337533ad
core   0: 0x800023e8 (0xbf60b013) sltiu   zero, ra, -1034
core   0: 3 0x800023e8 (0xbf60b013)
core   0: 0x800023ec (0x00b4b6b3) sltu    a3, s1, a1
core   0: 3 0x800023ec (0x00b4b6b3) x13 0x00000001
core   0: 0x800023f0 (0x40118fb3) sub     t6, gp, ra
core   0: 3 0x800023f0 (0x40118fb3) x31 0xef9cec89
core   0: 0x800023f4 (0x00c1b4b3) sltu    s1, gp, a2
core   0: 3 0x800023f4 (0x00c1b4b3) x 9 0x00000000
core   0: 0x800023f8 (0x6dd0fe13) andi    t3, ra, 1757
core   0: 3 0x800023f8 (0x6dd0fe13) x28 0x0000028d
core   0: 0x800023fc (0x4b384a13) xori    s4, a6, 1203
core   0: 3 0x800023fc (0x4b384a13) x20 0xd9feb232
core   0: 0x80002400 (0x004530b3) sltu    ra, a0, tp
core   0: 3 0x80002400 (0x004530b3) x 1 0x00000000
core   0: 0x80002404 (0x4f5d6013) ori     zero, s10, 1269
core   0: 3 0x80002404 (0x4f5d6013)
core   0: 0x80002408 (0x03548093) addi    ra, s1, 53
core   0: 3 0x80002408 (0x03548093) x 1 0x00000035
core   0: 0x8000240c (0x0a299897) auipc   a7, 0xa299
core   0: 3 0x8000240c (0x0a299897) x17 0x8a29b40c
core   0: 0x80002410 (0x01a7ea33) or      s4, a5, s10
core   0: 3 0x80002410 (0x01a7ea33) x20 0x00000000
core   0: 0x80002414 (0x09dbb913) sltiu   s2, s7, 157
core   0: 3 0x80002414 (0x09dbb913) x18 0x00000000
core   0: 0x80002418 (0x60d54193) xori    gp, a0, 1549
core   0: 3 0x80002418 (0x60d54193) x 3 0x260148e3
core   0: 0x8000241c (0x01439813) slli    a6, t2, 20
core   0: 3 0x8000241c (0x01439813) x16 0x00000000
core   0: 0x80002420 (0x5957fa17) auipc   s4, 0x5957f
core   0: 3 0x80002420 (0x5957fa17) x20 0xd9581420
core   0: 0x80002424 (0x40628b33) sub     s6, t0, t1
core   0: 3 0x80002424 (0x40628b33) x22 0xfffffcc6
core   0: 0x80002428 (0x00000013) nop
core   0: 3 0x80002428 (0x00000013)
core   0: 0x8000242c (0x004de933) or      s2, s11, tp
core   0: 3 0x8000242c (0x004de933) x18 0x6d9e13df
core   0: 0x80002430 (0x014a41b3) xor     gp, s4, s4
core   0: 3 0x80002430 (0x014a41b3) x 3 0x00000000
core   0: 0x80002434 (0xb9a8c193) xori    gp, a7, -1126
core   0: 3 0x80002434 (0xb9a8c193) x 3 0x75d64f96
core   0: 0x80002438 (0x40abd793) srai    a5, s7, 10
core   0: 3 0x80002438 (0x40abd793) x15 0xffffffff
core   0: 0x8000243c (0xb64afe13) andi    t3, s5, -1180
core   0: 3 0x8000243c (0xb64afe13) x28 0x00000040
core   0: 0x80002440 (0x01c87333) and     t1, a6, t3
core   0: 3 0x80002440 (0x01c87333) x 6 0x00000000
core   0: 0x80002444 (0xc0127313) andi    t1, tp, -1023
core   0: 3 0x80002444 (0xc0127313) x 6 0x00000001
core   0: 0x80002448 (0x00797db3) and     s11, s2, t2
core   0: 3 0x80002448 (0x00797db3) x27 0x00000000
core   0: 0x8000244c (0x7834ef97) auipc   t6, 0x7834e
core   0: 3 0x8000244c (0x7834ef97) x31 0xf835044c
core   0: 0x80002450 (0x01922533) slt     a0, tp, s9
core   0: 3 0x80002450 (0x01922533) x10 0x00000000
core   0: 0x80002454 (0x00ca9193) slli    gp, s5, 12
core   0: 3 0x80002454 (0x00ca9193) x 3 0x000c0000
core   0: 0x80002458 (0x00d3ca33) xor     s4, t2, a3
core   0: 3 0x80002458 (0x00d3ca33) x20 0x00000001
core   0: 0x8000245c (0x01850f33) add     t5, a0, s8
core   0: 3 0x8000245c (0x01850f33) x30 0xfffffcc6
core   0: 0x80002460 (0x00000013) nop
core   0: 3 0x80002460 (0x00000013)
core   0: 0x80002464 (0x00db9333) sll     t1, s7, a3
core   0: 3 0x80002464 (0x00db9333) x 6 0xffffffda
core   0: 0x80002468 (0x013c3f33) sltu    t5, s8, s3
core   0: 3 0x80002468 (0x013c3f33) x30 0x00000000
core   0: 0x8000246c (0x0090dc13) srli    s8, ra, 9
core   0: 3 0x8000246c (0x0090dc13) x24 0x00000000
core   0: 0x80002470 (0x004e4d33) xor     s10, t3, tp
core   0: 3 0x80002470 (0x004e4d33) x26 0x0000005f
core   0: 0x80002474 (0x01103ab3) snez    s5, a7
core   0: 3 0x80002474 (0x01103ab3) x21 0x00000001
core   0: 0x80002478 (0x00000013) nop
core   0: 3 0x80002478 (0x00000013)
core   0: 0x8000247c (0x019bdf93) srli    t6, s7, 25
core   0: 3 0x8000247c (0x019bdf93) x31 0x0000007f
core   0: 0x80002480 (0xb4e29617) auipc   a2, 0xb4e29
core   0: 3 0x80002480 (0xb4e29617) x12 0x34e2b480
core   0: 0x80002484 (0x4b315417) auipc   s0, 0x4b315
core   0: 3 0x80002484 (0x4b315417) x 8 0xcb317484
core   0: 0x80002488 (0x41d1d793) srai    a5, gp, 29
core   0: 3 0x80002488 (0x41d1d793) x15 0x00000000
core   0: 0x8000248c (0x018d9b93) slli    s7, s11, 24
core   0: 3 0x8000248c (0x018d9b93) x23 0x00000000
core   0: 0x80002490 (0x6afa4113) xori    sp, s4, 1711
core   0: 3 0x80002490 (0x6afa4113) x 2 0x000006ae
core   0: 0x80002494 (0x007fe333) or      t1, t6, t2
core   0: 3 0x80002494 (0x007fe333) x 6 0x0000007f
core   0: 0x80002498 (0x5f896093) ori     ra, s2, 1528
core   0: 3 0x80002498 (0x5f896093) x 1 0x6d9e17ff
core   0: 0x8000249c (0x411f5b93) srai    s7, t5, 17
core   0: 3 0x8000249c (0x411f5b93) x23 0x00000000
core   0: 0x800024a0 (0x01938533) add     a0, t2, s9
core   0: 3 0x800024a0 (0x01938533) x10 0x80015ce4
core   0: 0x800024a4 (0x86e03d37) lui     s10, 0x86e03
core   0: 3 0x800024a4 (0x86e03d37) x26 0x86e03000
core   0: 0x800024a8 (0x00611313) slli    t1, sp, 6
core   0: 3 0x800024a8 (0x00611313) x 6 0x0001ab80
core   0: 0x800024ac (0x23540a37) lui     s4, 0x23540
core   0: 3 0x800024ac (0x23540a37) x20 0x23540000
core   0: 0x800024b0 (0x40cbd4b3) sra     s1, s7, a2
core   0: 3 0x800024b0 (0x40cbd4b3) x 9 0x00000000
core   0: 0x800024b4 (0x40478233) sub     tp, a5, tp
core   0: 3 0x800024b4 (0x40478233) x 4 0xffffffe1
core   0: 0x800024b8 (0x01f58633) add     a2, a1, t6
core   0: 3 0x800024b8 (0x01f58633) x12 0x231220b5
core   0: 0x800024bc (0x00419db3) sll     s11, gp, tp
core   0: 3 0x800024bc (0x00419db3) x27 0x00180000
core   0: 0x800024c0 (0x13c60d13) addi    s10, a2, 316
core   0: 3 0x800024c0 (0x13c60d13) x26 0x231221f1
core   0: 0x800024c4 (0x01210833) add     a6, sp, s2
core   0: 3 0x800024c4 (0x01210833) x16 0x6d9e1a8d
core   0: 0x800024c8 (0x01fe5533) srl     a0, t3, t6
core   0: 3 0x800024c8 (0x01fe5533) x10 0x00000000
core   0: 0x800024cc (0x8182a693) slti    a3, t0, -2024
core   0: 3 0x800024cc (0x8182a693) x13 0x00000000
core   0: 0x800024d0 (0x005eb633) sltu    a2, t4, t0
core   0: 3 0x800024d0 (0x005eb633) x12 0x00000001
core   0: 0x800024d4 (0x0166d0b3) srl     ra, a3, s6
core   0: 3 0x800024d4 (0x0166d0b3) x 1 0x00000000
core   0: 0x800024d8 (0x8c0cce13) xori    t3, s9, -1856
core   0: 3 0x800024d8 (0x8c0cce13) x28 0x7ffea424
core   0: 0x800024dc (0x976f3813) sltiu   a6, t5, -1674
core   0: 3 0x800024dc (0x976f3813) x16 0x00000001
core   0: 0x800024e0 (0x00d3aa33) slt     s4, t2, a3
core   0: 3 0x800024e0 (0x00d3aa33) x20 0x00000000
core   0: 0x800024e4 (0x9cdac393) xori    t2, s5, -1587
core   0: 3 0x800024e4 (0x9cdac393) x 7 0xfffff9cc
core   0: 0x800024e8 (0x4084d7b3) sra     a5, s1, s0
core   0: 3 0x800024e8 (0x4084d7b3) x15 0x00000000
core   0: 0x800024ec (0x30597613) andi    a2, s2, 773
core   0: 3 0x800024ec (0x30597613) x12 0x00000305
core   0: 0x800024f0 (0x8736d837) lui     a6, 0x8736d
core   0: 3 0x800024f0 (0x8736d837) x16 0x8736d000
core   0: 0x800024f4 (0x7103e413) ori     s0, t2, 1808
core   0: 3 0x800024f4 (0x7103e413) x 8 0xffffffdc
core   0: 0x800024f8 (0x00fad613) srli    a2, s5, 15
core   0: 3 0x800024f8 (0x00fad613) x12 0x00000000
core   0: 0x800024fc (0x00ddcab3) xor     s5, s11, a3
core   0: 3 0x800024fc (0x00ddcab3) x21 0x00180000
core   0: 0x80002500 (0x013b79b3) and     s3, s6, s3
core   0: 3 0x80002500 (0x013b79b3) x19 0xfffff8c0
core   0: 0x80002504 (0xdafd3a13) sltiu   s4, s10, -593
core   0: 3 0x80002504 (0xdafd3a13) x20 0x00000001
core   0: 0x80002508 (0xdf6ff913) andi    s2, t6, -522
core   0: 3 0x80002508 (0xdf6ff913) x18 0x00000076
core   0: 0x8000250c (0x01c45c33) srl     s8, s0, t3
core   0: 3 0x8000250c (0x01c45c33) x24 0x0ffffffd
core   0: 0x80002510 (0x84af4797) auipc   a5, 0x84af4
core   0: 3 0x80002510 (0x84af4797) x15 0x04af6510
core   0: 0x80002514 (0xf8124313) xori    t1, tp, -127
core   0: 3 0x80002514 (0xf8124313) x 6 0x00000060
core   0: 0x80002518 (0x00d80a33) add     s4, a6, a3
core   0: 3 0x80002518 (0x00d80a33) x20 0x8736d000
core   0: 0x8000251c (0x1bad66b7) lui     a3, 0x1bad6
core   0: 3 0x8000251c (0x1bad66b7) x13 0x1bad6000
core   0: 0x80002520 (0xe05026b7) lui     a3, 0xe0502
core   0: 3 0x80002520 (0xe05026b7) x13 0xe0502000
core   0: 0x80002524 (0x403852b3) sra     t0, a6, gp
core   0: 3 0x80002524 (0x403852b3) x 5 0x8736d000
core   0: 0x80002528 (0x01b72933) slt     s2, a4, s11
core   0: 3 0x80002528 (0x01b72933) x18 0x00000001
core   0: 0x8000252c (0x017dc9b3) xor     s3, s11, s7
core   0: 3 0x8000252c (0x017dc9b3) x19 0x00180000
core   0: 0x80002530 (0x544bf517) auipc   a0, 0x544bf
core   0: 3 0x80002530 (0x544bf517) x10 0xd44c1530
core   0: 0x80002534 (0x00a8bf93) sltiu   t6, a7, 10
core   0: 3 0x80002534 (0x00a8bf93) x31 0x00000000
core   0: 0x80002538 (0x0160c7b3) xor     a5, ra, s6
core   0: 3 0x80002538 (0x0160c7b3) x15 0xfffffcc6
core   0: 0x8000253c (0xa7376113) ori     sp, a4, -1421
core   0: 3 0x8000253c (0xa7376113) x 2 0xfffffa73
core   0: 0x80002540 (0x01213bb3) sltu    s7, sp, s2
core   0: 3 0x80002540 (0x01213bb3) x23 0x00000000
core   0: 0x80002544 (0x92f2f293) andi    t0, t0, -1745
core   0: 3 0x80002544 (0x92f2f293) x 5 0x8736d000
core   0: 0x80002548 (0x0e8bc193) xori    gp, s7, 232
core   0: 3 0x80002548 (0x0e8bc193) x 3 0x000000e8
core   0: 0x8000254c (0x00d92933) slt     s2, s2, a3
core   0: 3 0x8000254c (0x00d92933) x18 0x00000000
core   0: 0x80002550 (0x009ebf33) sltu    t5, t4, s1
core   0: 3 0x80002550 (0x009ebf33) x30 0x00000000
core   0: 0x80002554 (0xbee8e013) ori     zero, a7, -1042
core   0: 3 0x80002554 (0xbee8e013)
core   0: 0x80002558 (0x0090ba33) sltu    s4, ra, s1
core   0: 3 0x80002558 (0x0090ba33) x20 0x00000000
core   0: 0x8000255c (0x0149e433) or      s0, s3, s4
core   0: 3 0x8000255c (0x0149e433) x 8 0x00180000
core   0: 0x80002560 (0x7fe9a937) lui     s2, 0x7fe9a
core   0: 3 0x80002560 (0x7fe9a937) x18 0x7fe9a000
core   0: 0x80002564 (0x018279b3) and     s3, tp, s8
core   0: 3 0x80002564 (0x018279b3) x19 0x0fffffe1
core   0: 0x80002568 (0x180e2413) slti    s0, t3, 384
core   0: 3 0x80002568 (0x180e2413) x 8 0x00000000
core   0: 0x8000256c (0x0092d193) srli    gp, t0, 9
core   0: 3 0x8000256c (0x0092d193) x 3 0x00439b68
core   0: 0x80002570 (0xc795e013) ori     zero, a1, -903
core   0: 3 0x80002570 (0xc795e013)
core   0: 0x80002574 (0x007a1b33) sll     s6, s4, t2
core   0: 3 0x80002574 (0x007a1b33) x22 0x00000000
core   0: 0x80002578 (0x0008e9b3) or      s3, a7, zero
core   0: 3 0x80002578 (0x0008e9b3) x19 0x8a29b40c
core   0: 0x8000257c (0x40cede33) sra     t3, t4, a2
core   0: 3 0x8000257c (0x40cede33) x28 0x80011e64
core   0: 0x80002580 (0x01a19393) slli    t2, gp, 26
core   0: 3 0x80002580 (0x01a19393) x 7 0xa0000000
core   0: 0x80002584 (0x01fcd593) srli    a1, s9, 31
core   0: 3 0x80002584 (0x01fcd593) x11 0x00000001
core   0: 0x80002588 (0x00000013) nop
core   0: 3 0x80002588 (0x00000013)
core   0: 0x8000258c (0xafbc3393) sltiu   t2, s8, -1285
core   0: 3 0x8000258c (0xafbc3393) x 7 0x00000001
core   0: 0x80002590 (0xc184e313) ori     t1, s1, -1000
core   0: 3 0x80002590 (0xc184e313) x 6 0xfffffc18
core   0: 0x80002594 (0x00000013) nop
core   0: 3 0x80002594 (0x00000013)
core   0: 0x80002598 (0x41b5dd33) sra     s10, a1, s11
core   0: 3 0x80002598 (0x41b5dd33) x26 0x00000001
core   0: 0x8000259c (0x41000333) sub     t1, zero, a6
core   0: 3 0x8000259c (0x41000333) x 6 0x78c93000
core   0: 0x800025a0 (0xa3497393) andi    t2, s2, -1484
core   0: 3 0x800025a0 (0xa3497393) x 7 0x7fe9a000
core   0: 0x800025a4 (0xf9848993) addi    s3, s1, -104
core   0: 3 0x800025a4 (0xf9848993) x19 0xffffff98
core   0: 0x800025a8 (0x01f8a133) slt     sp, a7, t6
core   0: 3 0x800025a8 (0x01f8a133) x 2 0x00000001
core   0: 0x800025ac (0x0065fbb3) and     s7, a1, t1
core   0: 3 0x800025ac (0x0065fbb3) x23 0x00000000
core   0: 0x800025b0 (0x415605b3) sub     a1, a2, s5
core   0: 3 0x800025b0 (0x415605b3) x11 0xffe80000
core   0: 0x800025b4 (0x9c111e37) lui     t3, 0x9c111
core   0: 3 0x800025b4 (0x9c111e37) x28 0x9c111000
core   0: 0x800025b8 (0x401c07b3) sub     a5, s8, ra
core   0: 3 0x800025b8 (0x401c07b3) x15 0x0ffffffd
core   0: 0x800025bc (0x07bfe4b7) lui     s1, 0x7bfe
core   0: 3 0x800025bc (0x07bfe4b7) x 9 0x07bfe000
core   0: 0x800025c0 (0x00f39093) slli    ra, t2, 15
core   0: 3 0x800025c0 (0x00f39093) x 1 0xd0000000
core   0: 0x800025c4 (0xe136c893) xori    a7, a3, -493
core   0: 3 0x800025c4 (0xe136c893) x17 0x1fafde13
core   0: 0x800025c8 (0x05d52db7) lui     s11, 0x5d52
core   0: 3 0x800025c8 (0x05d52db7) x27 0x05d52000
core   0: 0x800025cc (0x00a30d33) add     s10, t1, a0
core   0: 3 0x800025cc (0x00a30d33) x26 0x4d154530
core   0: 0x800025d0 (0x8736b793) sltiu   a5, a3, -1933
core   0: 3 0x800025d0 (0x8736b793) x15 0x00000001
core   0: 0x800025d4 (0x4167d793) srai    a5, a5, 22
core   0: 3 0x800025d4 (0x4167d793) x15 0x00000000
core   0: 0x800025d8 (0xeae26613) ori     a2, tp, -338
core   0: 3 0x800025d8 (0xeae26613) x12 0xffffffef
core   0: 0x800025dc (0x01396b33) or      s6, s2, s3
core   0: 3 0x800025dc (0x01396b33) x22 0xffffff98
core   0: 0x800025e0 (0x2a79c497) auipc   s1, 0x2a79c
core   0: 3 0x800025e0 (0x2a79c497) x 9 0xaa79e5e0
core   0: 0x800025e4 (0x00000013) nop
core   0: 3 0x800025e4 (0x00000013)
core   0: 0x800025e8 (0x41d70333) sub     t1, a4, t4
core   0: 3 0x800025e8 (0x41d70333) x 6 0xfffee19c
core   0: 0x800025ec (0x00fb1fb3) sll     t6, s6, a5
core   0: 3 0x800025ec (0x00fb1fb3) x31 0xffffff98
core   0: 0x800025f0 (0x0032e6b3) or      a3, t0, gp
core   0: 3 0x800025f0 (0x0032e6b3) x13 0x8777db68
core   0: 0x800025f4 (0x012977b3) and     a5, s2, s2
core   0: 3 0x800025f4 (0x012977b3) x15 0x7fe9a000
core   0: 0x800025f8 (0xf7112313) slti    t1, sp, -143
core   0: 3 0x800025f8 (0xf7112313) x 6 0x00000000
core   0: 0x800025fc (0x010c5f13) srli    t5, s8, 16
core   0: 3 0x800025fc (0x010c5f13) x30 0x00000fff
core   0: 0x80002600 (0x3c3fec13) ori     s8, t6, 963
core   0: 3 0x80002600 (0x3c3fec13) x24 0xffffffdb
core   0: 0x80002604 (0x0146d193) srli    gp, a3, 20
core   0: 3 0x80002604 (0x0146d193) x 3 0x00000877
core   0: 0x80002608 (0xa33a6f13) ori     t5, s4, -1485
core   0: 3 0x80002608 (0xa33a6f13) x30 0xfffffa33
core   0: 0x8000260c (0x414b5613) srai    a2, s6, 20
core   0: 3 0x8000260c (0x414b5613) x12 0xffffffff
core   0: 0x80002610 (0x020fb697) auipc   a3, 0x20fb
core   0: 3 0x80002610 (0x020fb697) x13 0x820fd610
core   0: 0x80002614 (0x00000013) nop
core   0: 3 0x80002614 (0x00000013)
core   0: 0x80002618 (0x0436ed93) ori     s11, a3, 67
core   0: 3 0x80002618 (0x0436ed93) x27 0x820fd653
core   0: 0x8000261c (0x016dfc33) and     s8, s11, s6
core   0: 3 0x8000261c (0x016dfc33) x24 0x820fd610
core   0: 0x80002620 (0x3cfaad13) slti    s10, s5, 975
core   0: 3 0x80002620 (0x3cfaad13) x26 0x00000000
core   0: 0x80002624 (0x00000013) nop
core   0: 3 0x80002624 (0x00000013)
core   0: 0x80002628 (0x00000013) nop
core   0: 3 0x80002628 (0x00000013)
core   0: 0x8000262c (0x0151a1b3) slt     gp, gp, s5
core   0: 3 0x8000262c (0x0151a1b3) x 3 0x00000001
core   0: 0x80002630 (0x01773e33) sltu    t3, a4, s7
core   0: 3 0x80002630 (0x01773e33) x28 0x00000000
core   0: 0x80002634 (0x41e5d233) sra     tp, a1, t5
core   0: 3 0x80002634 (0x41e5d233) x 4 0xfffffffd
core   0: 0x80002638 (0xae520893) addi    a7, tp, -1307
core   0: 3 0x80002638 (0xae520893) x17 0xfffffae2
core   0: 0x8000263c (0x01ffd9b3) srl     s3, t6, t6
core   0: 3 0x8000263c (0x01ffd9b3) x19 0x000000ff
core   0: 0x80002640 (0x00611c13) slli    s8, sp, 6
core   0: 3 0x80002640 (0x00611c13) x24 0x00000040
core   0: 0x80002644 (0x0012e7b3) or      a5, t0, ra
core   0: 3 0x80002644 (0x0012e7b3) x15 0xd736d000
core   0: 0x80002648 (0x00895013) srli    zero, s2, 8
core   0: 3 0x80002648 (0x00895013)
core   0: 0x8000264c (0x00425993) srli    s3, tp, 4
core   0: 3 0x8000264c (0x00425993) x19 0x0fffffff
core   0: 0x80002650 (0x00ca1f93) slli    t6, s4, 12
core   0: 3 0x80002650 (0x00ca1f93) x31 0x00000000
core   0: 0x80002654 (0x0044bab3) sltu    s5, s1, tp
core   0: 3 0x80002654 (0x0044bab3) x21 0x00000001
core   0: 0x80002658 (0x413e7993) andi    s3, t3, 1043
core   0: 3 0x80002658 (0x413e7993) x19 0x00000000
core   0: 0x8000265c (0x9d75ba13) sltiu   s4, a1, -1577
core   0: 3 0x8000265c (0x9d75ba13) x20 0x00000001
core   0: 0x80002660 (0x00648333) add     t1, s1, t1
core   0: 3 0x80002660 (0x00648333) x 6 0xaa79e5e0
core   0: 0x80002664 (0x013e1933) sll     s2, t3, s3
core   0: 3 0x80002664 (0x013e1933) x18 0x00000000
core   0: 0x80002668 (0x0031ffb3) and     t6, gp, gp
core   0: 3 0x80002668 (0x0031ffb3) x31 0x00000001
core   0: 0x8000266c (0x0158de33) srl     t3, a7, s5
core   0: 3 0x8000266c (0x0158de33) x28 0x7ffffd71
core   0: 0x80002670 (0x016342b3) xor     t0, t1, s6
core   0: 3 0x80002670 (0x016342b3) x 5 0x55861a78
core   0: 0x80002674 (0x9851be13) sltiu   t3, gp, -1659
core   0: 3 0x80002674 (0x9851be13) x28 0x00000001
core   0: 0x80002678 (0x00bd71b3) and     gp, s10, a1
core   0: 3 0x80002678 (0x00bd71b3) x 3 0x00000000
core   0: 0x8000267c (0x00a55f33) srl     t5, a0, a0
core   0: 3 0x8000267c (0x00a55f33) x30 0x0000d44c
core   0: 0x80002680 (0x01bb05b3) add     a1, s6, s11
core   0: 3 0x80002680 (0x01bb05b3) x11 0x820fd5eb
core   0: 0x80002684 (0xed229b17) auipc   s6, 0xed229
core   0: 3 0x80002684 (0xed229b17) x22 0x6d22b684
core   0: 0x80002688 (0x000f2fb3) slt     t6, t5, zero
core   0: 3 0x80002688 (0x000f2fb3) x31 0x00000000
core   0: 0x8000268c (0x01d57b33) and     s6, a0, t4
core   0: 3 0x8000268c (0x01d57b33) x22 0x80001420
core   0: 0x80002690 (0x00944ab3) xor     s5, s0, s1
core   0: 3 0x80002690 (0x00944ab3) x21 0xaa79e5e0
core   0: 0x80002694 (0x0173aa33) slt     s4, t2, s7
core   0: 3 0x80002694 (0x0173aa33) x20 0x00000000
core   0: 0x80002698 (0x5520ab13) slti    s6, ra, 1362
core   0: 3 0x80002698 (0x5520ab13) x22 0x00000001
core   0: 0x8000269c (0x00000013) nop
core   0: 3 0x8000269c (0x00000013)
core   0: 0x800026a0 (0x2bd27213) andi    tp, tp, 701
core   0: 3 0x800026a0 (0x2bd27213) x 4 0x000002bd
core   0: 0x800026a4 (0x007e5b33) srl     s6, t3, t2
core   0: 3 0x800026a4 (0x007e5b33) x22 0x00000001
core   0: 0x800026a8 (0x01b9e533) or      a0, s3, s11
core   0: 3 0x800026a8 (0x01b9e533) x10 0x820fd653
core   0: 0x800026ac (0x003dcab3) xor     s5, s11, gp
core   0: 3 0x800026ac (0x003dcab3) x21 0x820fd653
core   0: 0x800026b0 (0x012cbfb3) sltu    t6, s9, s2
core   0: 3 0x800026b0 (0x012cbfb3) x31 0x00000000
core   0: 0x800026b4 (0x5e9f6237) lui     tp, 0x5e9f6
core   0: 3 0x800026b4 (0x5e9f6237) x 4 0x5e9f6000
core   0: 0x800026b8 (0x00521c13) slli    s8, tp, 5
core   0: 3 0x800026b8 (0x00521c13) x24 0xd3ec0000
core   0: 0x800026bc (0x01289d13) slli    s10, a7, 18
core   0: 3 0x800026bc (0x01289d13) x26 0xeb880000
core   0: 0x800026c0 (0x00000013) nop
core   0: 3 0x800026c0 (0x00000013)
core   0: 0x800026c4 (0x01c91113) slli    sp, s2, 28
core   0: 3 0x800026c4 (0x01c91113) x 2 0x00000000
core   0: 0x800026c8 (0x3f49a993) slti    s3, s3, 1012
core   0: 3 0x800026c8 (0x3f49a993) x19 0x00000001
core   0: 0x800026cc (0x01b083b3) add     t2, ra, s11
core   0: 3 0x800026cc (0x01b083b3) x 7 0x520fd653
core   0: 0x800026d0 (0x00d497b3) sll     a5, s1, a3
core   0: 3 0x800026d0 (0x00d497b3) x15 0xe5e00000
core   0: 0x800026d4 (0x416f5393) srai    t2, t5, 22
core   0: 3 0x800026d4 (0x416f5393) x 7 0x00000000
core   0: 0x800026d8 (0x015c6b33) or      s6, s8, s5
core   0: 3 0x800026d8 (0x015c6b33) x22 0xd3efd653
core   0: 0x800026dc (0x518400b7) lui     ra, 0x51840
core   0: 3 0x800026dc (0x518400b7) x 1 0x51840000
core   0: 0x800026e0 (0x416b81b3) sub     gp, s7, s6
core   0: 3 0x800026e0 (0x416b81b3) x 3 0x2c1029ad
core   0: 0x800026e4 (0x01f2b8b3) sltu    a7, t0, t6
core   0: 3 0x800026e4 (0x01f2b8b3) x17 0x00000000
core   0: 0x800026e8 (0x012b5b93) srli    s7, s6, 18
core   0: 3 0x800026e8 (0x012b5b93) x23 0x000034fb
core   0: 0x800026ec (0x00e476b3) and     a3, s0, a4
core   0: 3 0x800026ec (0x00e476b3) x13 0x00000000
core   0: 0x800026f0 (0x99010317) auipc   t1, 0x99010
core   0: 3 0x800026f0 (0x99010317) x 6 0x190126f0
core   0: 0x800026f4 (0x00f4edb3) or      s11, s1, a5
core   0: 3 0x800026f4 (0x00f4edb3) x27 0xeff9e5e0
core   0: 0x800026f8 (0x9b4abb13) sltiu   s6, s5, -1612
core   0: 3 0x800026f8 (0x9b4abb13) x22 0x00000001
core   0: 0x800026fc (0x41e587b3) sub     a5, a1, t5
core   0: 3 0x800026fc (0x41e587b3) x15 0x820f019f
core   0: 0x80002700 (0x00980ab3) add     s5, a6, s1
core   0: 3 0x80002700 (0x00980ab3) x21 0x31b0b5e0
core   0: 0x80002704 (0x4ed46e13) ori     t3, s0, 1261
core   0: 3 0x80002704 (0x4ed46e13) x28 0x000004ed
core   0: 0x80002708 (0x0001e433) or      s0, gp, zero
core   0: 3 0x80002708 (0x0001e433) x 8 0x2c1029ad
core   0: 0x8000270c (0x0133c833) xor     a6, t2, s3
core   0: 3 0x8000270c (0x0133c833) x16 0x00000001
core   0: 0x80002710 (0x018f0db3) add     s11, t5, s8
core   0: 3 0x80002710 (0x018f0db3) x27 0xd3ecd44c
core   0: 0x80002714 (0x0190cf33) xor     t5, ra, s9
core   0: 3 0x80002714 (0x0190cf33) x30 0xd1855ce4
core   0: 0x80002718 (0x008107b3) add     a5, sp, s0
core   0: 3 0x80002718 (0x008107b3) x15 0x2c1029ad
core   0: 0x8000271c (0x41985493) srai    s1, a6, 25
core   0: 3 0x8000271c (0x41985493) x 9 0x00000000
core   0: 0x80002720 (0x97a66693) ori     a3, a2, -1670
core   0: 3 0x80002720 (0x97a66693) x13 0xffffffff
core   0: 0x80002724 (0x6ec72693) slti    a3, a4, 1772
core   0: 3 0x80002724 (0x6ec72693) x13 0x00000001
core   0: 0x80002728 (0x33097d13) andi    s10, s2, 816
core   0: 3 0x80002728 (0x33097d13) x26 0x00000000
core   0: 0x8000272c (0x12378c13) addi    s8, a5, 291
core   0: 3 0x8000272c (0x12378c13) x24 0x2c102ad0
core   0: 0x80002730 (0x00000013) nop
core   0: 3 0x80002730 (0x00000013)
core   0: 0x80002734 (0x00c4de13) srli    t3, s1, 12
core   0: 3 0x80002734 (0x00c4de13) x28 0x00000000
core   0: 0x80002738 (0x01fdbdb3) sltu    s11, s11, t6
core   0: 3 0x80002738 (0x01fdbdb3) x27 0x00000000
core   0: 0x8000273c (0x000f1e13) slli    t3, t5, 0
core   0: 3 0x8000273c (0x000f1e13) x28 0xd1855ce4
core   0: 0x80002740 (0xcdf816b7) lui     a3, 0xcdf81
core   0: 3 0x80002740 (0xcdf816b7) x13 0xcdf81000
core   0: 0x80002744 (0x00000013) nop
core   0: 3 0x80002744 (0x00000013)
core   0: 0x80002748 (0x010be4b3) or      s1, s7, a6
core   0: 3 0x80002748 (0x010be4b3) x 9 0x000034fb
core   0: 0x8000274c (0x00915f13) srli    t5, sp, 9
core   0: 3 0x8000274c (0x00915f13) x30 0x00000000
core   0: 0x80002750 (0xc07fd4b7) lui     s1, 0xc07fd
core   0: 3 0x80002750 (0xc07fd4b7) x 9 0xc07fd000
core   0: 0x80002754 (0x017d5293) srli    t0, s10, 23
core   0: 3 0x80002754 (0x017d5293) x 5 0x00000000
core   0: 0x80002758 (0x01c89693) slli    a3, a7, 28
core   0: 3 0x80002758 (0x01c89693) x13 0x00000000
core   0: 0x8000275c (0x4188dd33) sra     s10, a7, s8
core   0: 3 0x8000275c (0x4188dd33) x26 0x00000000
core   0: 0x80002760 (0x011c1d93) slli    s11, s8, 17
core   0: 3 0x80002760 (0x011c1d93) x27 0x55a00000
core   0: 0x80002764 (0x012cbfb3) sltu    t6, s9, s2
core   0: 3 0x80002764 (0x012cbfb3) x31 0x00000000
core   0: 0x80002768 (0xca3eb797) auipc   a5, 0xca3eb
core   0: 3 0x80002768 (0xca3eb797) x15 0x4a3ed768
core   0: 0x8000276c (0x005e5213) srli    tp, t3, 5
core   0: 3 0x8000276c (0x005e5213) x 4 0x068c2ae7
core   0: 0x80002770 (0x72ad0693) addi    a3, s10, 1834
core   0: 3 0x80002770 (0x72ad0693) x13 0x0000072a
core   0: 0x80002774 (0xea99a413) slti    s0, s3, -343
core   0: 3 0x80002774 (0xea99a413) x 8 0x00000000
core   0: 0x80002778 (0x01108033) add     zero, ra, a7
core   0: 3 0x80002778 (0x01108033)
core   0: 0x8000277c (0x01b6da33) srl     s4, a3, s11
core   0: 3 0x8000277c (0x01b6da33) x20 0x0000072a
core   0: 0x80002780 (0x00000013) nop
core   0: 3 0x80002780 (0x00000013)
core   0: 0x80002784 (0x0013bd33) sltu    s10, t2, ra
core   0: 3 0x80002784 (0x0013bd33) x26 0x00000001
core   0: 0x80002788 (0x4b47f813) andi    a6, a5, 1204
core   0: 3 0x80002788 (0x4b47f813) x16 0x00000420
core   0: 0x8000278c (0x9757f613) andi    a2, a5, -1675
core   0: 3 0x8000278c (0x9757f613) x12 0x4a3ed160
core   0: 0x80002790 (0x41b386b3) sub     a3, t2, s11
core   0: 3 0x80002790 (0x41b386b3) x13 0xaa600000
core   0: 0x80002794 (0x7b17ad37) lui     s10, 0x7b17a
core   0: 3 0x80002794 (0x7b17ad37) x26 0x7b17a000
core   0: 0x80002798 (0xf839ed13) ori     s10, s3, -125
core   0: 3 0x80002798 (0xf839ed13) x26 0xffffff83
core   0: 0x8000279c (0x41db56b3) sra     a3, s6, t4
core   0: 3 0x8000279c (0x41db56b3) x13 0x00000000
core   0: 0x800027a0 (0x015eab33) slt     s6, t4, s5
core   0: 3 0x800027a0 (0x015eab33) x22 0x00000001
core   0: 0x800027a4 (0x3aeef513) andi    a0, t4, 942
core   0: 3 0x800027a4 (0x3aeef513) x10 0x00000224
core   0: 0x800027a8 (0x001d7633) and     a2, s10, ra
core   0: 3 0x800027a8 (0x001d7633) x12 0x51840000
core   0: 0x800027ac (0xfc7b0b93) addi    s7, s6, -57
core   0: 3 0x800027ac (0xfc7b0b93) x23 0xffffffc8
core   0: 0x800027b0 (0x00000013) nop
core   0: 3 0x800027b0 (0x00000013)
core   0: 0x800027b4 (0x40b859b3) sra     s3, a6, a1
core   0: 3 0x800027b4 (0x40b859b3) x19 0x00000000
core   0: 0x800027b8 (0x01046833) or      a6, s0, a6
core   0: 3 0x800027b8 (0x01046833) x16 0x00000420
core   0: 0x800027bc (0x417a5833) sra     a6, s4, s7
core   0: 3 0x800027bc (0x417a5833) x16 0x00000007
core   0: 0x800027c0 (0x005e9133) sll     sp, t4, t0
core   0: 3 0x800027c0 (0x005e9133) x 2 0x80011e64
core   0: 0x800027c4 (0x014168b3) or      a7, sp, s4
core   0: 3 0x800027c4 (0x014168b3) x17 0x80011f6e
core   0: 0x800027c8 (0x01381a33) sll     s4, a6, s3
core   0: 3 0x800027c8 (0x01381a33) x20 0x00000007
core   0: 0x800027cc (0x40528f33) sub     t5, t0, t0
core   0: 3 0x800027cc (0x40528f33) x30 0x00000000
core   0: 0x800027d0 (0x01b0adb3) slt     s11, ra, s11
core   0: 3 0x800027d0 (0x01b0adb3) x27 0x00000001
core   0: 0x800027d4 (0x014967b3) or      a5, s2, s4
core   0: 3 0x800027d4 (0x014967b3) x15 0x00000007
core   0: 0x800027d8 (0x41e05513) srai    a0, zero, 30
core   0: 3 0x800027d8 (0x41e05513) x10 0x00000000
core   0: 0x800027dc (0x40bc53b3) sra     t2, s8, a1
core   0: 3 0x800027dc (0x40bc53b3) x 7 0x00058205
core   0: 0x800027e0 (0xf2aeefb7) lui     t6, 0xf2aee
core   0: 3 0x800027e0 (0xf2aeefb7) x31 0xf2aee000
core   0: 0x800027e4 (0x00539913) slli    s2, t2, 5
core   0: 3 0x800027e4 (0x00539913) x18 0x00b040a0
core   0: 0x800027e8 (0x71eeaf37) lui     t5, 0x71eea
core   0: 3 0x800027e8 (0x71eeaf37) x30 0x71eea000
core   0: 0x800027ec (0xaaafc313) xori    t1, t6, -1366
core   0: 3 0x800027ec (0xaaafc313) x 6 0x0d511aaa
core   0: 0x800027f0 (0x53f60d93) addi    s11, a2, 1343
core   0: 3 0x800027f0 (0x53f60d93) x27 0x5184053f
core   0: 0x800027f4 (0x00000013) nop
core   0: 3 0x800027f4 (0x00000013)
core   0: 0x800027f8 (0x00d448b3) xor     a7, s0, a3
core   0: 3 0x800027f8 (0x00d448b3) x17 0x00000000
core   0: 0x800027fc (0x00000013) nop
core   0: 3 0x800027fc (0x00000013)
core   0: 0x80002800 (0x00032ab3) slt     s5, t1, zero
core   0: 3 0x80002800 (0x00032ab3) x21 0x00000000
core   0: 0x80002804 (0x01ae69b3) or      s3, t3, s10
core   0: 3 0x80002804 (0x01ae69b3) x19 0xffffffe7
core   0: 0x80002808 (0x7105a117) auipc   sp, 0x7105a
core   0: 3 0x80002808 (0x7105a117) x 2 0xf105c808
core   0: 0x8000280c (0x469a8493) addi    s1, s5, 1129
core   0: 3 0x8000280c (0x469a8493) x 9 0x00000469
core   0: 0x80002810 (0x01031433) sll     s0, t1, a6
core   0: 3 0x80002810 (0x01031433) x 8 0xa88d5500
core   0: 0x80002814 (0x00cbc9b3) xor     s3, s7, a2
core   0: 3 0x80002814 (0x00cbc9b3) x19 0xae7bffc8
core   0: 0x80002818 (0x012c20b3) slt     ra, s8, s2
core   0: 3 0x80002818 (0x012c20b3) x 1 0x00000000
core   0: 0x8000281c (0x00c76e33) or      t3, a4, a2
core   0: 3 0x8000281c (0x00c76e33) x28 0xd1840000
core   0: 0x80002820 (0x016ad1b3) srl     gp, s5, s6
core   0: 3 0x80002820 (0x016ad1b3) x 3 0x00000000
core   0: 0x80002824 (0x30894913) xori    s2, s2, 776
core   0: 3 0x80002824 (0x30894913) x18 0x00b043a8
core   0: 0x80002828 (0xeaa0c613) xori    a2, ra, -342
core   0: 3 0x80002828 (0xeaa0c613) x12 0xfffffeaa
core   0: 0x8000282c (0x00e97c33) and     s8, s2, a4
core   0: 3 0x8000282c (0x00e97c33) x24 0x00000000
core   0: 0x80002830 (0x01b4efb3) or      t6, s1, s11
core   0: 3 0x80002830 (0x01b4efb3) x31 0x5184057f
core   0: 0x80002834 (0xee174913) xori    s2, a4, -287
core   0: 3 0x80002834 (0xee174913) x18 0x7ffffee1
core   0: 0x80002838 (0x012fb9b3) sltu    s3, t6, s2
core   0: 3 0x80002838 (0x012fb9b3) x19 0x00000001
core   0: 0x8000283c (0xc29d3197) auipc   gp, 0xc29d3
core   0: 3 0x8000283c (0xc29d3197) x 3 0x429d583c
core   0: 0x80002840 (0x01d91f93) slli    t6, s2, 29
core   0: 3 0x80002840 (0x01d91f93) x31 0x20000000
core   0: 0x80002844 (0x01390533) add     a0, s2, s3
core   0: 3 0x80002844 (0x01390533) x10 0x7ffffee2
core   0: 0x80002848 (0x01e44ab3) xor     s5, s0, t5
core   0: 3 0x80002848 (0x01e44ab3) x21 0xd963f500
core   0: 0x8000284c (0x010adb93) srli    s7, s5, 16
core   0: 3 0x8000284c (0x010adb93) x23 0x0000d963
core   0: 0x80002850 (0x00d261b3) or      gp, tp, a3
core   0: 3 0x80002850 (0x00d261b3) x 3 0x068c2ae7
core   0: 0x80002854 (0x006ee933) or      s2, t4, t1
core   0: 3 0x80002854 (0x006ee933) x18 0x8d511eee
core   0: 0x80002858 (0x002a5693) srli    a3, s4, 2
core   0: 3 0x80002858 (0x002a5693) x13 0x00000001
core   0: 0x8000285c (0x01612033) slt     zero, sp, s6
core   0: 3 0x8000285c (0x01612033)
core   0: 0x80002860 (0x0188df13) srli    t5, a7, 24
core   0: 3 0x80002860 (0x0188df13) x30 0x00000000
core   0: 0x80002864 (0x00d6c233) xor     tp, a3, a3
core   0: 3 0x80002864 (0x00d6c233) x 4 0x00000000
core   0: 0x80002868 (0x00000013) nop
core   0: 3 0x80002868 (0x00000013)
core   0: 0x8000286c (0x008d16b3) sll     a3, s10, s0
core   0: 3 0x8000286c (0x008d16b3) x13 0xffffff83
core   0: 0x80002870 (0x01ddf8b3) and     a7, s11, t4
core   0: 3 0x80002870 (0x01ddf8b3) x17 0x00000424
core   0: 0x80002874 (0x819b8c13) addi    s8, s7, -2023
core   0: 3 0x80002874 (0x819b8c13) x24 0x0000d17c
core   0: 0x80002878 (0x00195a93) srli    s5, s2, 1
core   0: 3 0x80002878 (0x00195a93) x21 0x46a88f77
core   0: 0x8000287c (0x01801e33) sll     t3, zero, s8
core   0: 3 0x8000287c (0x01801e33) x28 0x00000000
core   0: 0x80002880 (0x5281bd93) sltiu   s11, gp, 1320
core   0: 3 0x80002880 (0x5281bd93) x27 0x00000000
core   0: 0x80002884 (0x10bf4e13) xori    t3, t5, 267
core   0: 3 0x80002884 (0x10bf4e13) x28 0x0000010b
core   0: 0x80002888 (0xa6fe2513) slti    a0, t3, -1425
core   0: 3 0x80002888 (0xa6fe2513) x10 0x00000000
core   0: 0x8000288c (0x36ea8c13) addi    s8, s5, 878
core   0: 3 0x8000288c (0x36ea8c13) x24 0x46a892e5
core   0: 0x80002890 (0x404a5e33) sra     t3, s4, tp
core   0: 3 0x80002890 (0x404a5e33) x28 0x00000007
core   0: 0x80002894 (0x0fbc4d13) xori    s10, s8, 251
core   0: 3 0x80002894 (0x0fbc4d13) x26 0x46a8921e
core   0: 0x80002898 (0x6621c013) xori    zero, gp, 1634
core   0: 3 0x80002898 (0x6621c013)
core   0: 0x8000289c (0x5f03cd13) xori    s10, t2, 1520
core   0: 3 0x8000289c (0x5f03cd13) x26 0x000587f5
core   0: 0x800028a0 (0xf226be13) sltiu   t3, a3, -222
core   0: 3 0x800028a0 (0xf226be13) x28 0x00000000
core   0: 0x800028a4 (0x027df397) auipc   t2, 0x27df
core   0: 3 0x800028a4 (0x027df397) x 7 0x827e18a4
core   0: 0x800028a8 (0x41aada13) srai    s4, s5, 26
core   0: 3 0x800028a8 (0x41aada13) x20 0x00000011
core   0: 0x800028ac (0x01e925b3) slt     a1, s2, t5
core   0: 3 0x800028ac (0x01e925b3) x11 0x00000001
core   0: 0x800028b0 (0x014c6033) or      zero, s8, s4
core   0: 3 0x800028b0 (0x014c6033)
core   0: 0x800028b4 (0x00587a33) and     s4, a6, t0
core   0: 3 0x800028b4 (0x00587a33) x20 0x00000000
core   0: 0x800028b8 (0x00a89f33) sll     t5, a7, a0
core   0: 3 0x800028b8 (0x00a89f33) x30 0x00000424
core   0: 0x800028bc (0x11fcee13) ori     t3, s9, 287
core   0: 3 0x800028bc (0x11fcee13) x28 0x80015dff
core   0: 0x800028c0 (0x01aab4b3) sltu    s1, s5, s10
core   0: 3 0x800028c0 (0x01aab4b3) x 9 0x00000000
core   0: 0x800028c4 (0x02a1e613) ori     a2, gp, 42
core   0: 3 0x800028c4 (0x02a1e613) x12 0x068c2aef
core   0: 0x800028c8 (0x419a59b3) sra     s3, s4, s9
core   0: 3 0x800028c8 (0x419a59b3) x19 0x00000000
core   0: 0x800028cc (0x41c3da93) srai    s5, t2, 28
core   0: 3 0x800028cc (0x41c3da93) x21 0xfffffff8
core   0: 0x800028d0 (0x0082ae33) slt     t3, t0, s0
core   0: 3 0x800028d0 (0x0082ae33) x28 0x00000000
core   0: 0x800028d4 (0x00211db3) sll     s11, sp, sp
core   0: 3 0x800028d4 (0x00211db3) x27 0x05c80800
core   0: 0x800028d8 (0x825cc013) xori    zero, s9, -2011
core   0: 3 0x800028d8 (0x825cc013)
core   0: 0x800028dc (0x401ed613) srai    a2, t4, 1
core   0: 3 0x800028dc (0x401ed613) x12 0xc0008f32
core   0: 0x800028e0 (0x00444333) xor     t1, s0, tp
core   0: 3 0x800028e0 (0x00444333) x 6 0xa88d5500
core   0: 0x800028e4 (0x41150db3) sub     s11, a0, a7
core   0: 3 0x800028e4 (0x41150db3) x27 0xfffffbdc
core   0: 0x800028e8 (0x015896b3) sll     a3, a7, s5
core   0: 3 0x800028e8 (0x015896b3) x13 0x24000000
core   0: 0x800028ec (0x1008fb37) lui     s6, 0x1008f
core   0: 3 0x800028ec (0x1008fb37) x22 0x1008f000
core   0: 0x800028f0 (0xf235b693) sltiu   a3, a1, -221
core   0: 3 0x800028f0 (0xf235b693) x13 0x00000001
core   0: 0x800028f4 (0x00bba3b3) slt     t2, s7, a1
core   0: 3 0x800028f4 (0x00bba3b3) x 7 0x00000000
core   0: 0x800028f8 (0x010179b3) and     s3, sp, a6
core   0: 3 0x800028f8 (0x010179b3) x19 0x00000000
core   0: 0x800028fc (0x7fd44113) xori    sp, s0, 2045
core   0: 3 0x800028fc (0x7fd44113) x 2 0xa88d52fd
core   0: 0x80002900 (0x00c9e133) or      sp, s3, a2
core   0: 3 0x80002900 (0x00c9e133) x 2 0xc0008f32
core   0: 0x80002904 (0xdcb58193) addi    gp, a1, -565
core   0: 3 0x80002904 (0xdcb58193) x 3 0xfffffdcc
core   0: 0x80002908 (0xcbd41797) auipc   a5, 0xcbd41
core   0: 3 0x80002908 (0xcbd41797) x15 0x4bd43908
core   0: 0x8000290c (0x000cddb3) srl     s11, s9, zero
core   0: 3 0x8000290c (0x000cddb3) x27 0x80015ce4
core   0: 0x80002910 (0x007af933) and     s2, s5, t2
core   0: 3 0x80002910 (0x007af933) x18 0x00000000
core   0: 0x80002914 (0xa84d3513) sltiu   a0, s10, -1404
core   0: 3 0x80002914 (0xa84d3513) x10 0x00000001
core   0: 0x80002918 (0x00419513) slli    a0, gp, 4
core   0: 3 0x80002918 (0x00419513) x10 0xffffdcc0
core   0: 0x8000291c (0x2c0d2613) slti    a2, s10, 704
core   0: 3 0x8000291c (0x2c0d2613) x12 0x00000000
core   0: 0x80002920 (0xf1cc2393) slti    t2, s8, -228
core   0: 3 0x80002920 (0xf1cc2393) x 7 0x00000000
core   0: 0x80002924 (0xc675f793) andi    a5, a1, -921
core   0: 3 0x80002924 (0xc675f793) x15 0x00000001
core   0: 0x80002928 (0x01fd5ab3) srl     s5, s10, t6
core   0: 3 0x80002928 (0x01fd5ab3) x21 0x000587f5
core   0: 0x8000292c (0x433a7613) andi    a2, s4, 1075
core   0: 3 0x8000292c (0x433a7613) x12 0x00000000
core   0: 0x80002930 (0x000d5f93) srli    t6, s10, 0
core   0: 3 0x80002930 (0x000d5f93) x31 0x000587f5
core   0: 0x80002934 (0x012ce333) or      t1, s9, s2
core   0: 3 0x80002934 (0x012ce333) x 6 0x80015ce4
core   0: 0x80002938 (0x00727433) and     s0, tp, t2
core   0: 3 0x80002938 (0x00727433) x 8 0x00000000
core   0: 0x8000293c (0x41dd5c13) srai    s8, s10, 29
core   0: 3 0x8000293c (0x41dd5c13) x24 0x00000000
core   0: 0x80002940 (0x00e199b3) sll     s3, gp, a4
core   0: 3 0x80002940 (0x00e199b3) x19 0xfffffdcc
core   0: 0x80002944 (0xbe83cf13) xori    t5, t2, -1048
core   0: 3 0x80002944 (0xbe83cf13) x30 0xfffffbe8
core   0: 0x80002948 (0x00342533) slt     a0, s0, gp
core   0: 3 0x80002948 (0x00342533) x10 0x00000000
core   0: 0x8000294c (0xd8d42d13) slti    s10, s0, -627
core   0: 3 0x8000294c (0xd8d42d13) x26 0x00000000
core   0: 0x80002950 (0x015ab133) sltu    sp, s5, s5
core   0: 3 0x80002950 (0x015ab133) x 2 0x00000000
core   0: 0x80002954 (0x95b6e413) ori     s0, a3, -1701
core   0: 3 0x80002954 (0x95b6e413) x 8 0xfffff95b
core   0: 0x80002958 (0xcb686a93) ori     s5, a6, -842
core   0: 3 0x80002958 (0xcb686a93) x21 0xfffffcb7
core   0: 0x8000295c (0x0005f533) and     a0, a1, zero
core   0: 3 0x8000295c (0x0005f533) x10 0x00000000
core   0: 0x80002960 (0x00abd2b3) srl     t0, s7, a0
core   0: 3 0x80002960 (0x00abd2b3) x 5 0x0000d963
core   0: 0x80002964 (0x18c4e413) ori     s0, s1, 396
core   0: 3 0x80002964 (0x18c4e413) x 8 0x0000018c
core   0: 0x80002968 (0x416dd7b3) sra     a5, s11, s6
core   0: 3 0x80002968 (0x416dd7b3) x15 0x80015ce4
core   0: 0x8000296c (0xa4356d13) ori     s10, a0, -1469
core   0: 3 0x8000296c (0xa4356d13) x26 0xfffffa43
core   0: 0x80002970 (0x6105a493) slti    s1, a1, 1552
core   0: 3 0x80002970 (0x6105a493) x 9 0x00000001
core   0: 0x80002974 (0x012b6133) or      sp, s6, s2
core   0: 3 0x80002974 (0x012b6133) x 2 0x1008f000
core   0: 0x80002978 (0x01d85493) srli    s1, a6, 29
core   0: 3 0x80002978 (0x01d85493) x 9 0x00000000
core   0: 0x8000297c (0x0028f7b3) and     a5, a7, sp
core   0: 3 0x8000297c (0x0028f7b3) x15 0x00000000
core   0: 0x80002980 (0x01fcaf33) slt     t5, s9, t6
core   0: 3 0x80002980 (0x01fcaf33) x30 0x00000001
core   0: 0x80002984 (0xa6ed8993) addi    s3, s11, -1426
core   0: 3 0x80002984 (0xa6ed8993) x19 0x80015752
core   0: 0x80002988 (0x8491efb7) lui     t6, 0x8491e
core   0: 3 0x80002988 (0x8491efb7) x31 0x8491e000
core   0: 0x8000298c (0x586d4217) auipc   tp, 0x586d4
core   0: 3 0x8000298c (0x586d4217) x 4 0xd86d698c
core   0: 0x80002990 (0x0189d833) srl     a6, s3, s8
core   0: 3 0x80002990 (0x0189d833) x16 0x80015752
core   0: 0x80002994 (0x40f304b3) sub     s1, t1, a5
core   0: 3 0x80002994 (0x40f304b3) x 9 0x80015ce4
core   0: 0x80002998 (0x1f130a13) addi    s4, t1, 497
core   0: 3 0x80002998 (0x1f130a13) x20 0x80015ed5
core   0: 0x8000299c (0x00bea933) slt     s2, t4, a1
core   0: 3 0x8000299c (0x00bea933) x18 0x00000001
core   0: 0x800029a0 (0xb38eed13) ori     s10, t4, -1224
core   0: 3 0x800029a0 (0xb38eed13) x26 0xffffff7c
core   0: 0x800029a4 (0x01177ab3) and     s5, a4, a7
core   0: 3 0x800029a4 (0x01177ab3) x21 0x00000000
core   0: 0x800029a8 (0x00000013) nop
core   0: 3 0x800029a8 (0x00000013)
core   0: 0x800029ac (0x01fb16b3) sll     a3, s6, t6
core   0: 3 0x800029ac (0x01fb16b3) x13 0x1008f000
core   0: 0x800029b0 (0x0153b633) sltu    a2, t2, s5
core   0: 3 0x800029b0 (0x0153b633) x12 0x00000000
core   0: 0x800029b4 (0xaaf07f37) lui     t5, 0xaaf07
core   0: 3 0x800029b4 (0xaaf07f37) x30 0xaaf07000
core   0: 0x800029b8 (0x77bc8f97) auipc   t6, 0x77bc8
core   0: 3 0x800029b8 (0x77bc8f97) x31 0xf7bca9b8
core   0: 0x800029bc (0x00000013) nop
core   0: 3 0x800029bc (0x00000013)
core   0: 0x800029c0 (0xc505ab93) slti    s7, a1, -944
core   0: 3 0x800029c0 (0xc505ab93) x23 0x00000000
core   0: 0x800029c4 (0x01661593) slli    a1, a2, 22
core   0: 3 0x800029c4 (0x01661593) x11 0x00000000
core   0: 0x800029c8 (0x01a1b1b3) sltu    gp, gp, s10
core   0: 3 0x800029c8 (0x01a1b1b3) x 3 0x00000001
core   0: 0x800029cc (0x001b8e33) add     t3, s7, ra
core   0: 3 0x800029cc (0x001b8e33) x28 0x00000000
core   0: 0x800029d0 (0x00207533) and     a0, zero, sp
core   0: 3 0x800029d0 (0x00207533) x10 0x00000000
core   0: 0x800029d4 (0xabab2937) lui     s2, 0xabab2
core   0: 3 0x800029d4 (0xabab2937) x18 0xabab2000
core   0: 0x800029d8 (0x0038e933) or      s2, a7, gp
core   0: 3 0x800029d8 (0x0038e933) x18 0x00000425
core   0: 0x800029dc (0x012498b3) sll     a7, s1, s2
core   0: 3 0x800029dc (0x012498b3) x17 0x002b9c80
core   0: 0x800029e0 (0x019c19b3) sll     s3, s8, s9
core   0: 3 0x800029e0 (0x019c19b3) x19 0x00000000
core   0: 0x800029e4 (0x01439113) slli    sp, t2, 20
core   0: 3 0x800029e4 (0x01439113) x 2 0x00000000
core   0: 0x800029e8 (0x00b50e33) add     t3, a0, a1
core   0: 3 0x800029e8 (0x00b50e33) x28 0x00000000
core   0: 0x800029ec (0x40b60fb3) sub     t6, a2, a1
core   0: 3 0x800029ec (0x40b60fb3) x31 0x00000000
core   0: 0x800029f0 (0x02897493) andi    s1, s2, 40
core   0: 3 0x800029f0 (0x02897493) x 9 0x00000020
core   0: 0x800029f4 (0x00660933) add     s2, a2, t1
core   0: 3 0x800029f4 (0x00660933) x18 0x80015ce4
core   0: 0x800029f8 (0x01681633) sll     a2, a6, s6
core   0: 3 0x800029f8 (0x01681633) x12 0x80015752
core   0: 0x800029fc (0x3291ff13) andi    t5, gp, 809
core   0: 3 0x800029fc (0x3291ff13) x30 0x00000001
core   0: 0x80002a00 (0x0125db13) srli    s6, a1, 18
core   0: 3 0x80002a00 (0x0125db13) x22 0x00000000
core   0: 0x80002a04 (0x017b5db3) srl     s11, s6, s7
core   0: 3 0x80002a04 (0x017b5db3) x27 0x00000000
core   0: 0x80002a08 (0x013081b3) add     gp, ra, s3
core   0: 3 0x80002a08 (0x013081b3) x 3 0x00000000
core   0: 0x80002a0c (0x00671133) sll     sp, a4, t1
core   0: 3 0x80002a0c (0x00671133) x 2 0x00000000
core   0: 0x80002a10 (0x405a5db3) sra     s11, s4, t0
core   0: 3 0x80002a10 (0x405a5db3) x27 0xf0002bda
core   0: 0x80002a14 (0x01900f33) add     t5, zero, s9
core   0: 3 0x80002a14 (0x01900f33) x30 0x80015ce4
core   0: 0x80002a18 (0x01085ab3) srl     s5, a6, a6
core   0: 3 0x80002a18 (0x01085ab3) x21 0x00002000
core   0: 0x80002a1c (0xe6a11097) auipc   ra, 0xe6a11
core   0: 3 0x80002a1c (0xe6a11097) x 1 0x66a13a1c
core   0: 0x80002a20 (0x53bc8213) addi    tp, s9, 1339
core   0: 3 0x80002a20 (0x53bc8213) x 4 0x8001621f
core   0: 0x80002a24 (0x01ecbbb3) sltu    s7, s9, t5
core   0: 3 0x80002a24 (0x01ecbbb3) x23 0x00000000
core   0: 0x80002a28 (0xf13d4c37) lui     s8, 0xf13d4
core   0: 3 0x80002a28 (0xf13d4c37) x24 0xf13d4000
core   0: 0x80002a2c (0x005b1433) sll     s0, s6, t0
core   0: 3 0x80002a2c (0x005b1433) x 8 0x00000000
core   0: 0x80002a30 (0x01bf6933) or      s2, t5, s11
core   0: 3 0x80002a30 (0x01bf6933) x18 0xf0017ffe
core   0: 0x80002a34 (0x07033a97) auipc   s5, 0x7033
core   0: 3 0x80002a34 (0x07033a97) x21 0x87035a34
core   0: 0x80002a38 (0x73c00593) li      a1, 1852
core   0: 3 0x80002a38 (0x73c00593) x11 0x0000073c
core   0: 0x80002a3c (0x00d61bb3) sll     s7, a2, a3
core   0: 3 0x80002a3c (0x00d61bb3) x23 0x80015752
core   0: 0x80002a40 (0x01fd0b33) add     s6, s10, t6
core   0: 3 0x80002a40 (0x01fd0b33) x22 0xffffff7c
core   0: 0x80002a44 (0x8406bf93) sltiu   t6, a3, -1984
core   0: 3 0x80002a44 (0x8406bf93) x31 0x00000001
core   0: 0x80002a48 (0x00b39693) slli    a3, t2, 11
core   0: 3 0x80002a48 (0x00b39693) x13 0x00000000
core   0: 0x80002a4c (0x01a0bb33) sltu    s6, ra, s10
core   0: 3 0x80002a4c (0x01a0bb33) x22 0x00000001
core   0: 0x80002a50 (0x00000013) nop
core   0: 3 0x80002a50 (0x00000013)
core   0: 0x80002a54 (0x004fbc33) sltu    s8, t6, tp
core   0: 3 0x80002a54 (0x004fbc33) x24 0x00000001
core   0: 0x80002a58 (0x01dfdd93) srli    s11, t6, 29
core   0: 3 0x80002a58 (0x01dfdd93) x27 0x00000000
core   0: 0x80002a5c (0x41470fb3) sub     t6, a4, s4
core   0: 3 0x80002a5c (0x41470fb3) x31 0xfffea12b
core   0: 0x80002a60 (0x01d17fb3) and     t6, sp, t4
core   0: 3 0x80002a60 (0x01d17fb3) x31 0x00000000
core   0: 0x80002a64 (0x8723ef93) ori     t6, t2, -1934
core   0: 3 0x80002a64 (0x8723ef93) x31 0xfffff872
core   0: 0x80002a68 (0x008f1a33) sll     s4, t5, s0
core   0: 3 0x80002a68 (0x008f1a33) x20 0x80015ce4
core   0: 0x80002a6c (0x71af0413) addi    s0, t5, 1818
core   0: 3 0x80002a6c (0x71af0413) x 8 0x800163fe
core   0: 0x80002a70 (0x01bb54b3) srl     s1, s6, s11
core   0: 3 0x80002a70 (0x01bb54b3) x 9 0x00000001
core   0: 0x80002a74 (0x017466b3) or      a3, s0, s7
core   0: 3 0x80002a74 (0x017466b3) x13 0x800177fe
core   0: 0x80002a78 (0xa1e147b7) lui     a5, 0xa1e14
core   0: 3 0x80002a78 (0xa1e147b7) x15 0xa1e14000
core   0: 0x80002a7c (0x4e316b93) ori     s7, sp, 1251
core   0: 3 0x80002a7c (0x4e316b93) x23 0x000004e3
core   0: 0x80002a80 (0x00e67ab3) and     s5, a2, a4
core   0: 3 0x80002a80 (0x00e67ab3) x21 0x80000000
core   0: 0x80002a84 (0x375ded13) ori     s10, s11, 885
core   0: 3 0x80002a84 (0x375ded13) x26 0x00000375
core   0: 0x80002a88 (0x7b56fa13) andi    s4, a3, 1973
core   0: 3 0x80002a88 (0x7b56fa13) x20 0x000007b4
core   0: 0x80002a8c (0xd9f5b913) sltiu   s2, a1, -609
core   0: 3 0x80002a8c (0xd9f5b913) x18 0x00000001
core   0: 0x80002a90 (0x019e1bb3) sll     s7, t3, s9
core   0: 3 0x80002a90 (0x019e1bb3) x23 0x00000000
core   0: 0x80002a94 (0xf6cc4a93) xori    s5, s8, -148
core   0: 3 0x80002a94 (0xf6cc4a93) x21 0xffffff6d
core   0: 0x80002a98 (0x00000013) nop
core   0: 3 0x80002a98 (0x00000013)
core   0: 0x80002a9c (0x018440b3) xor     ra, s0, s8
core   0: 3 0x80002a9c (0x018440b3) x 1 0x800163ff
core   0: 0x80002aa0 (0x0044b4b3) sltu    s1, s1, tp
core   0: 3 0x80002aa0 (0x0044b4b3) x 9 0x00000001
core   0: 0x80002aa4 (0x4197d393) srai    t2, a5, 25
core   0: 3 0x80002aa4 (0x4197d393) x 7 0xffffffd0
core   0: 0x80002aa8 (0xda704513) xori    a0, zero, -601
core   0: 3 0x80002aa8 (0xda704513) x10 0xfffffda7
core   0: 0x80002aac (0x00ef4133) xor     sp, t5, a4
core   0: 3 0x80002aac (0x00ef4133) x 2 0x00015ce4
core   0: 0x80002ab0 (0x24eb1a97) auipc   s5, 0x24eb1
core   0: 3 0x80002ab0 (0x24eb1a97) x21 0xa4eb3ab0
core   0: 0x80002ab4 (0xd632a393) slti    t2, t0, -669
core   0: 3 0x80002ab4 (0xd632a393) x 7 0x00000000
core   0: 0x80002ab8 (0x4d79f0b7) lui     ra, 0x4d79f
core   0: 3 0x80002ab8 (0x4d79f0b7) x 1 0x4d79f000
core   0: 0x80002abc (0x4047d993) srai    s3, a5, 4
core   0: 3 0x80002abc (0x4047d993) x19 0xfa1e1400
core   0: 0x80002ac0 (0xe0f34017) auipc   zero, 0xe0f34
core   0: 3 0x80002ac0 (0xe0f34017)
core   0: 0x80002ac4 (0x462f7317) auipc   t1, 0x462f7
core   0: 3 0x80002ac4 (0x462f7317) x 6 0xc62f9ac4
core   0: 0x80002ac8 (0x01f87833) and     a6, a6, t6
core   0: 3 0x80002ac8 (0x01f87833) x16 0x80015052
core   0: 0x80002acc (0x40f00333) sub     t1, zero, a5
core   0: 3 0x80002acc (0x40f00333) x 6 0x5e1ec000
core   0: 0x80002ad0 (0x0047fc33) and     s8, a5, tp
core   0: 3 0x80002ad0 (0x0047fc33) x24 0x80014000
core   0: 0x80002ad4 (0x033a2513) slti    a0, s4, 51
core   0: 3 0x80002ad4 (0x033a2513) x10 0x00000000
core   0: 0x80002ad8 (0x4045d113) srai    sp, a1, 4
core   0: 3 0x80002ad8 (0x4045d113) x 2 0x00000073
core   0: 0x80002adc (0x7d0ecc17) auipc   s8, 0x7d0ec
core   0: 3 0x80002adc (0x7d0ecc17) x24 0xfd0eeadc
core   0: 0x80002ae0 (0x018c3833) sltu    a6, s8, s8
core   0: 3 0x80002ae0 (0x018c3833) x16 0x00000000
core   0: 0x80002ae4 (0x01939a13) slli    s4, t2, 25
core   0: 3 0x80002ae4 (0x01939a13) x20 0x00000000
core   0: 0x80002ae8 (0x5b9fc113) xori    sp, t6, 1465
core   0: 3 0x80002ae8 (0x5b9fc113) x 2 0xfffffdcb
core   0: 0x80002aec (0x00488833) add     a6, a7, tp
core   0: 3 0x80002aec (0x00488833) x16 0x802cfe9f
core   0: 0x80002af0 (0x005f1ab3) sll     s5, t5, t0
core   0: 3 0x80002af0 (0x005f1ab3) x21 0x000ae720
core   0: 0x80002af4 (0xe4338493) addi    s1, t2, -445
core   0: 3 0x80002af4 (0xe4338493) x 9 0xfffffe43
core   0: 0x80002af8 (0x015444b3) xor     s1, s0, s5
core   0: 3 0x80002af8 (0x015444b3) x 9 0x800b84de
core   0: 0x80002afc (0x01bace33) xor     t3, s5, s11
core   0: 3 0x80002afc (0x01bace33) x28 0x000ae720
core   0: 0x80002b00 (0x00e222b3) slt     t0, tp, a4
core   0: 3 0x80002b00 (0x00e222b3) x 5 0x00000000
core   0: 0x80002b04 (0x00d4e7b3) or      a5, s1, a3
core   0: 3 0x80002b04 (0x00d4e7b3) x15 0x800bf7fe
core   0: 0x80002b08 (0x00ac94b3) sll     s1, s9, a0
core   0: 3 0x80002b08 (0x00ac94b3) x 9 0x80015ce4
core   0: 0x80002b0c (0x00a97f33) and     t5, s2, a0
core   0: 3 0x80002b0c (0x00a97f33) x30 0x00000000
core   0: 0x80002b10 (0x6ef4cd97) auipc   s11, 0x6ef4c
core   0: 3 0x80002b10 (0x6ef4cd97) x27 0xeef4eb10
core   0: 0x80002b14 (0x006594b3) sll     s1, a1, t1
core   0: 3 0x80002b14 (0x006594b3) x 9 0x0000073c
core   0: 0x80002b18 (0x99b4a493) slti    s1, s1, -1637
core   0: 3 0x80002b18 (0x99b4a493) x 9 0x00000000
core   0: 0x80002b1c (0x00a62933) slt     s2, a2, a0
core   0: 3 0x80002b1c (0x00a62933) x18 0x00000001
core   0: 0x80002b20 (0x009d4033) xor     zero, s10, s1
core   0: 3 0x80002b20 (0x009d4033)
core   0: 0x80002b24 (0x00b81d93) slli    s11, a6, 11
core   0: 3 0x80002b24 (0x00b81d93) x27 0x67f4f800
core   0: 0x80002b28 (0x01c7d533) srl     a0, a5, t3
core   0: 3 0x80002b28 (0x01c7d533) x10 0x800bf7fe
core   0: 0x80002b2c (0x11d82b17) auipc   s6, 0x11d82
core   0: 3 0x80002b2c (0x11d82b17) x22 0x91d84b2c
core   0: 0x80002b30 (0x01fbc533) xor     a0, s7, t6
core   0: 3 0x80002b30 (0x01fbc533) x10 0xfffff872
core   0: 0x80002b34 (0x003f60b3) or      ra, t5, gp
core   0: 3 0x80002b34 (0x003f60b3) x 1 0x00000000
core   0: 0x80002b38 (0x286fc213) xori    tp, t6, 646
core   0: 3 0x80002b38 (0x286fc213) x 4 0xfffffaf4
core   0: 0x80002b3c (0x003b9313) slli    t1, s7, 3
core   0: 3 0x80002b3c (0x003b9313) x 6 0x00000000
core   0: 0x80002b40 (0x407652b3) sra     t0, a2, t2
core   0: 3 0x80002b40 (0x407652b3) x 5 0x80015752
core   0: 0x80002b44 (0x00c12333) slt     t1, sp, a2
core   0: 3 0x80002b44 (0x00c12333) x 6 0x00000000
core   0: 0x80002b48 (0x842b0b13) addi    s6, s6, -1982
core   0: 3 0x80002b48 (0x842b0b13) x22 0x91d8436e
core   0: 0x80002b4c (0x011a7d33) and     s10, s4, a7
core   0: 3 0x80002b4c (0x011a7d33) x26 0x00000000
core   0: 0x80002b50 (0x41d508b3) sub     a7, a0, t4
core   0: 3 0x80002b50 (0x41d508b3) x17 0x7ffeda0e
core   0: 0x80002b54 (0x8aaba513) slti    a0, s7, -1878
core   0: 3 0x80002b54 (0x8aaba513) x10 0x00000000
core   0: 0x80002b58 (0x29ebac13) slti    s8, s7, 670
core   0: 3 0x80002b58 (0x29ebac13) x24 0x00000001
core   0: 0x80002b5c (0x7a3b0d17) auipc   s10, 0x7a3b0
core   0: 3 0x80002b5c (0x7a3b0d17) x26 0xfa3b2b5c
core   0: 0x80002b60 (0x4176d013) srai    zero, a3, 23
core   0: 3 0x80002b60 (0x4176d013)
core   0: 0x80002b64 (0x8b91c613) xori    a2, gp, -1863
core   0: 3 0x80002b64 (0x8b91c613) x12 0xfffff8b9
core   0: 0x80002b68 (0x84d74c13) xori    s8, a4, -1971
core   0: 3 0x80002b68 (0x84d74c13) x24 0x7ffff84d
core   0: 0x80002b6c (0x01435113) srli    sp, t1, 20
core   0: 3 0x80002b6c (0x01435113) x 2 0x00000000
core   0: 0x80002b70 (0x014fd533) srl     a0, t6, s4
core   0: 3 0x80002b70 (0x014fd533) x10 0xfffff872
core   0: 0x80002b74 (0x00b29bb3) sll     s7, t0, a1
core   0: 3 0x80002b74 (0x00b29bb3) x23 0x20000000
core   0: 0x80002b78 (0xe36ec993) xori    s3, t4, -458
core   0: 3 0x80002b78 (0xe36ec993) x19 0x7ffee052
core   0: 0x80002b7c (0x00a56c33) or      s8, a0, a0
core   0: 3 0x80002b7c (0x00a56c33) x24 0xfffff872
core   0: 0x80002b80 (0x17347597) auipc   a1, 0x17347
core   0: 3 0x80002b80 (0x17347597) x11 0x97349b80
core   0: 0x80002b84 (0x00bc1613) slli    a2, s8, 11
core   0: 3 0x80002b84 (0x00bc1613) x12 0xffc39000
core   0: 0x80002b88 (0x414fdf33) sra     t5, t6, s4
core   0: 3 0x80002b88 (0x414fdf33) x30 0xfffff872
core   0: 0x80002b8c (0x00389c13) slli    s8, a7, 3
core   0: 3 0x80002b8c (0x00389c13) x24 0xfff6d070
core   0: 0x80002b90 (0x01ea6033) or      zero, s4, t5
core   0: 3 0x80002b90 (0x01ea6033)
core   0: 0x80002b94 (0x00d5dd13) srli    s10, a1, 13
core   0: 3 0x80002b94 (0x00d5dd13) x26 0x0004b9a4
core   0: 0x80002b98 (0x01dadbb3) srl     s7, s5, t4
core   0: 3 0x80002b98 (0x01dadbb3) x23 0x0000ae72
core   0: 0x80002b9c (0x00c3a0b3) slt     ra, t2, a2
core   0: 3 0x80002b9c (0x00c3a0b3) x 1 0x00000000
core   0: 0x80002ba0 (0x5b476a93) ori     s5, a4, 1460
core   0: 3 0x80002ba0 (0x5b476a93) x21 0x800005b4
core   0: 0x80002ba4 (0x41d4d7b3) sra     a5, s1, t4
core   0: 3 0x80002ba4 (0x41d4d7b3) x15 0x00000000
core   0: 0x80002ba8 (0x6390fc13) andi    s8, ra, 1593
core   0: 3 0x80002ba8 (0x6390fc13) x24 0x00000000
core   0: 0x80002bac (0x014ca933) slt     s2, s9, s4
core   0: 3 0x80002bac (0x014ca933) x18 0x00000001
core   0: 0x80002bb0 (0x43eae313) ori     t1, s5, 1086
core   0: 3 0x80002bb0 (0x43eae313) x 6 0x800005be
core   0: 0x80002bb4 (0x010ed033) srl     zero, t4, a6
core   0: 3 0x80002bb4 (0x010ed033)
core   0: 0x80002bb8 (0x89907a93) andi    s5, zero, -1895
core   0: 3 0x80002bb8 (0x89907a93) x21 0x00000000
core   0: 0x80002bbc (0xa8bb6db7) lui     s11, 0xa8bb6
core   0: 3 0x80002bbc (0xa8bb6db7) x27 0xa8bb6000
core   0: 0x80002bc0 (0x01a57633) and     a2, a0, s10
core   0: 3 0x80002bc0 (0x01a57633) x12 0x0004b820
core   0: 0x80002bc4 (0x00000013) nop
core   0: 3 0x80002bc4 (0x00000013)
core   0: 0x80002bc8 (0x016ed613) srli    a2, t4, 22
core   0: 3 0x80002bc8 (0x016ed613) x12 0x00000200
core   0: 0x80002bcc (0x369fa513) slti    a0, t6, 873
core   0: 3 0x80002bcc (0x369fa513) x10 0x00000001
core   0: 0x80002bd0 (0x0145b5b3) sltu    a1, a1, s4
core   0: 3 0x80002bd0 (0x0145b5b3) x11 0x00000000
core   0: 0x80002bd4 (0x4035d6b3) sra     a3, a1, gp
core   0: 3 0x80002bd4 (0x4035d6b3) x13 0x00000000
core   0: 0x80002bd8 (0x001d6633) or      a2, s10, ra
core   0: 3 0x80002bd8 (0x001d6633) x12 0x0004b9a4
core   0: 0x80002bdc (0x00b78033) add     zero, a5, a1
core   0: 3 0x80002bdc (0x00b78033)
core   0: 0x80002be0 (0x415052b3) sra     t0, zero, s5
core   0: 3 0x80002be0 (0x415052b3) x 5 0x00000000
core   0: 0x80002be4 (0x00000013) nop
core   0: 3 0x80002be4 (0x00000013)
core   0: 0x80002be8 (0x5998ad93) slti    s11, a7, 1433
core   0: 3 0x80002be8 (0x5998ad93) x27 0x00000000
core   0: 0x80002bec (0x00161533) sll     a0, a2, ra
core   0: 3 0x80002bec (0x00161533) x10 0x0004b9a4
core   0: 0x80002bf0 (0x0136e0b3) or      ra, a3, s3
core   0: 3 0x80002bf0 (0x0136e0b3) x 1 0x7ffee052
core   0: 0x80002bf4 (0x007cf933) and     s2, s9, t2
core   0: 3 0x80002bf4 (0x007cf933) x18 0x00000000
core   0: 0x80002bf8 (0x0066d413) srli    s0, a3, 6
core   0: 3 0x80002bf8 (0x0066d413) x 8 0x00000000
core   0: 0x80002bfc (0x01225b33) srl     s6, tp, s2
core   0: 3 0x80002bfc (0x01225b33) x22 0xfffffaf4
core   0: 0x80002c00 (0x01925e13) srli    t3, tp, 25
core   0: 3 0x80002c00 (0x01925e13) x28 0x0000007f
core   0: 0x80002c04 (0x013a9033) sll     zero, s5, s3
core   0: 3 0x80002c04 (0x013a9033)
core   0: 0x80002c08 (0x335af213) andi    tp, s5, 821
core   0: 3 0x80002c08 (0x335af213) x 4 0x00000000
core   0: 0x80002c0c (0x21204c13) xori    s8, zero, 530
core   0: 3 0x80002c0c (0x21204c13) x24 0x00000212
core   0: 0x80002c10 (0x0368cb93) xori    s7, a7, 54
core   0: 3 0x80002c10 (0x0368cb93) x23 0x7ffeda38
core   0: 0x80002c14 (0x2d79fc13) andi    s8, s3, 727
core   0: 3 0x80002c14 (0x2d79fc13) x24 0x00000052
core   0: 0x80002c18 (0x01b89b13) slli    s6, a7, 27
core   0: 3 0x80002c18 (0x01b89b13) x22 0x70000000
core   0: 0x80002c1c (0x011a9493) slli    s1, s5, 17
core   0: 3 0x80002c1c (0x011a9493) x 9 0x00000000
core   0: 0x80002c20 (0x411b56b3) sra     a3, s6, a7
core   0: 3 0x80002c20 (0x411b56b3) x13 0x0001c000
core   0: 0x80002c24 (0x40735213) srai    tp, t1, 7
core   0: 3 0x80002c24 (0x40735213) x 4 0xff00000b
core   0: 0x80002c28 (0x00d39033) sll     zero, t2, a3
core   0: 3 0x80002c28 (0x00d39033)
core   0: 0x80002c2c (0xacc0b593) sltiu   a1, ra, -1332
core   0: 3 0x80002c2c (0xacc0b593) x11 0x00000001
core   0: 0x80002c30 (0x00aec333) xor     t1, t4, a0
core   0: 3 0x80002c30 (0x00aec333) x 6 0x8005a7c0
core   0: 0x80002c34 (0x9165c1b7) lui     gp, 0x9165c
core   0: 3 0x80002c34 (0x9165c1b7) x 3 0x9165c000
core   0: 0x80002c38 (0x014522b3) slt     t0, a0, s4
core   0: 3 0x80002c38 (0x014522b3) x 5 0x00000000
core   0: 0x80002c3c (0x00843fb3) sltu    t6, s0, s0
core   0: 3 0x80002c3c (0x00843fb3) x31 0x00000000
core   0: 0x80002c40 (0x0066f1b3) and     gp, a3, t1
core   0: 3 0x80002c40 (0x0066f1b3) x 3 0x00018000
core   0: 0x80002c44 (0x0114d6b3) srl     a3, s1, a7
core   0: 3 0x80002c44 (0x0114d6b3) x13 0x00000000
core   0: 0x80002c48 (0x40195f33) sra     t5, s2, ra
core   0: 3 0x80002c48 (0x40195f33) x30 0x00000000
core   0: 0x80002c4c (0x3ffbf397) auipc   t2, 0x3ffbf
core   0: 3 0x80002c4c (0x3ffbf397) x 7 0xbffc1c4c
core   0: 0x80002c50 (0x4ac82f93) slti    t6, a6, 1196
core   0: 3 0x80002c50 (0x4ac82f93) x31 0x00000001
core   0: 0x80002c54 (0x01af1213) slli    tp, t5, 26
core   0: 3 0x80002c54 (0x01af1213) x 4 0x00000000
core   0: 0x80002c58 (0x28943193) sltiu   gp, s0, 649
core   0: 3 0x80002c58 (0x28943193) x 3 0x00000001
core   0: 0x80002c5c (0x00000013) nop
core   0: 3 0x80002c5c (0x00000013)
core   0: 0x80002c60 (0x01889213) slli    tp, a7, 24
core   0: 3 0x80002c60 (0x01889213) x 4 0x0e000000
core   0: 0x80002c64 (0x93f22893) slti    a7, tp, -1729
core   0: 3 0x80002c64 (0x93f22893) x17 0x00000000
core   0: 0x80002c68 (0x01054fb3) xor     t6, a0, a6
core   0: 3 0x80002c68 (0x01054fb3) x31 0x8028473b
core   0: 0x80002c6c (0x010cd213) srli    tp, s9, 16
core   0: 3 0x80002c6c (0x010cd213) x 4 0x00008001
core   0: 0x80002c70 (0x01bf5293) srli    t0, t5, 27
core   0: 3 0x80002c70 (0x01bf5293) x 5 0x00000000
core   0: 0x80002c74 (0x4045d833) sra     a6, a1, tp
core   0: 3 0x80002c74 (0x4045d833) x16 0x00000000
core   0: 0x80002c78 (0x721fe797) auipc   a5, 0x721fe
core   0: 3 0x80002c78 (0x721fe797) x15 0xf2200c78
core   0: 0x80002c7c (0x01225ab3) srl     s5, tp, s2
core   0: 3 0x80002c7c (0x01225ab3) x21 0x00008001
core   0: 0x80002c80 (0x012ed0b3) srl     ra, t4, s2
core   0: 3 0x80002c80 (0x012ed0b3) x 1 0x80011e64
core   0: 0x80002c84 (0x007e1333) sll     t1, t3, t2
core   0: 3 0x80002c84 (0x007e1333) x 6 0x0007f000
core   0: 0x80002c88 (0x0049d333) srl     t1, s3, tp
core   0: 3 0x80002c88 (0x0049d333) x 6 0x3fff7029
core   0: 0x80002c8c (0x00880b33) add     s6, a6, s0
core   0: 3 0x80002c8c (0x00880b33) x22 0x00000000
core   0: 0x80002c90 (0x8ba98993) addi    s3, s3, -1862
core   0: 3 0x80002c90 (0x8ba98993) x19 0x7ffed90c
core   0: 0x80002c94 (0x007eb833) sltu    a6, t4, t2
core   0: 3 0x80002c94 (0x007eb833) x16 0x00000001
core   0: 0x80002c98 (0x9c1cdb17) auipc   s6, 0x9c1cd
core   0: 3 0x80002c98 (0x9c1cdb17) x22 0x1c1cfc98
core   0: 0x80002c9c (0x014b0333) add     t1, s6, s4
core   0: 3 0x80002c9c (0x014b0333) x 6 0x1c1cfc98
core   0: 0x80002ca0 (0x00fef333) and     t1, t4, a5
core   0: 3 0x80002ca0 (0x00fef333) x 6 0x80000c60
core   0: 0x80002ca4 (0x0395aa93) slti    s5, a1, 57
core   0: 3 0x80002ca4 (0x0395aa93) x21 0x00000001
core   0: 0x80002ca8 (0x0193ea33) or      s4, t2, s9
core   0: 3 0x80002ca8 (0x0193ea33) x20 0xbffd5cec
core   0: 0x80002cac (0x00ed2fb3) slt     t6, s10, a4
core   0: 3 0x80002cac (0x00ed2fb3) x31 0x00000000
core   0: 0x80002cb0 (0x00ae86b3) add     a3, t4, a0
core   0: 3 0x80002cb0 (0x00ae86b3) x13 0x8005d808
core   0: 0x80002cb4 (0x41895f13) srai    t5, s2, 24
core   0: 3 0x80002cb4 (0x41895f13) x30 0x00000000
core   0: 0x80002cb8 (0x95862f93) slti    t6, a2, -1704
core   0: 3 0x80002cb8 (0x95862f93) x31 0x00000000
core   0: 0x80002cbc (0x01a4e4b3) or      s1, s1, s10
core   0: 3 0x80002cbc (0x01a4e4b3) x 9 0x0004b9a4
core   0: 0x80002cc0 (0xfff00a93) li      s5, -1
core   0: 3 0x80002cc0 (0xfff00a93) x21 0xffffffff
core   0: 0x80002cc4 (0x7a546637) lui     a2, 0x7a546
core   0: 3 0x80002cc4 (0x7a546637) x12 0x7a546000
core   0: 0x80002cc8 (0x61c60613) addi    a2, a2, 1564
core   0: 3 0x80002cc8 (0x61c60613) x12 0x7a54661c
core   0: 0x80002ccc (0xfff00113) li      sp, -1
core   0: 3 0x80002ccc (0xfff00113) x 2 0xffffffff
core   0: 0x80002cd0 (0x00000293) li      t0, 0
core   0: 3 0x80002cd0 (0x00000293) x 5 0x00000000
core   0: 0x80002cd4 (0x00000313) li      t1, 0
core   0: 3 0x80002cd4 (0x00000313) x 6 0x00000000
core   0: 0x80002cd8 (0x800003b7) lui     t2, 0x80000
core   0: 3 0x80002cd8 (0x800003b7) x 7 0x80000000
core   0: 0x80002cdc (0xfff00493) li      s1, -1
core   0: 3 0x80002cdc (0xfff00493) x 9 0xffffffff
core   0: 0x80002ce0 (0x31395fb7) lui     t6, 0x31395
core   0: 3 0x80002ce0 (0x31395fb7) x31 0x31395000
core   0: 0x80002ce4 (0x524f8f93) addi    t6, t6, 1316
core   0: 3 0x80002ce4 (0x524f8f93) x31 0x31395524
core   0: 0x80002ce8 (0xfff00913) li      s2, -1
core   0: 3 0x80002ce8 (0xfff00913) x18 0xffffffff
core   0: 0x80002cec (0x80000b37) lui     s6, 0x80000
core   0: 3 0x80002cec (0x80000b37) x22 0x80000000
core   0: 0x80002cf0 (0x00000013) nop
core   0: 3 0x80002cf0 (0x00000013)
core   0: 0x80002cf4 (0x009284b3) add     s1, t0, s1
core   0: 3 0x80002cf4 (0x009284b3) x 9 0xffffffff
core   0: 0x80002cf8 (0x015a8fb3) add     t6, s5, s5
core   0: 3 0x80002cf8 (0x015a8fb3) x31 0xfffffffe
core   0: 0x80002cfc (0x00000013) nop
core   0: 3 0x80002cfc (0x00000013)
core   0: 0x80002d00 (0x00000013) nop
core   0: 3 0x80002d00 (0x00000013)
core   0: 0x80002d04 (0x00000013) nop
core   0: 3 0x80002d04 (0x00000013)
core   0: 0x80002d08 (0x40990b33) sub     s6, s2, s1
core   0: 3 0x80002d08 (0x40990b33) x22 0x00000000
core   0: 0x80002d0c (0x00000013) nop
core   0: 3 0x80002d0c (0x00000013)
core   0: 0x80002d10 (0xa712ff97) auipc   t6, 0xa712f
core   0: 3 0x80002d10 (0xa712ff97) x31 0x27131d10
core   0: 0x80002d14 (0x405f8133) sub     sp, t6, t0
core   0: 3 0x80002d14 (0x405f8133) x 2 0x27131d10
core   0: 0x80002d18 (0xd31373b7) lui     t2, 0xd3137
core   0: 3 0x80002d18 (0xd31373b7) x 7 0xd3137000
core   0: 0x80002d1c (0x00000013) nop
core   0: 3 0x80002d1c (0x00000013)
core   0: 0x80002d20 (0x7f0f8b13) addi    s6, t6, 2032
core   0: 3 0x80002d20 (0x7f0f8b13) x22 0x27132500
core   0: 0x80002d24 (0x016104b3) add     s1, sp, s6
core   0: 3 0x80002d24 (0x016104b3) x 9 0x4e264210
core   0: 0x80002d28 (0x00c28ab3) add     s5, t0, a2
core   0: 3 0x80002d28 (0x00c28ab3) x21 0x7a54661c
core   0: 0x80002d2c (0x41f10b33) sub     s6, sp, t6
core   0: 3 0x80002d2c (0x41f10b33) x22 0x00000000
core   0: 0x80002d30 (0xe4d10293) addi    t0, sp, -435
core   0: 3 0x80002d30 (0xe4d10293) x 5 0x27131b5d
core   0: 0x80002d34 (0x40d75f33) sra     t5, a4, a3
core   0: 3 0x80002d34 (0x40d75f33) x30 0xff800000
core   0: 0x80002d38 (0x93be7917) auipc   s2, 0x93be7
core   0: 3 0x80002d38 (0x93be7917) x18 0x13be9d38
core   0: 0x80002d3c (0x011fe7b3) or      a5, t6, a7
core   0: 3 0x80002d3c (0x011fe7b3) x15 0x27131d10
core   0: 0x80002d40 (0x006d9013) slli    zero, s11, 6
core   0: 3 0x80002d40 (0x006d9013)
core   0: 0x80002d44 (0x013416b3) sll     a3, s0, s3
core   0: 3 0x80002d44 (0x013416b3) x13 0x00000000
core   0: 0x80002d48 (0xf5d2f013) andi    zero, t0, -163
core   0: 3 0x80002d48 (0xf5d2f013)
core   0: 0x80002d4c (0x85e3ee13) ori     t3, t2, -1954
core   0: 3 0x80002d4c (0x85e3ee13) x28 0xfffff85e
core   0: 0x80002d50 (0x0b403513) sltiu   a0, zero, 180
core   0: 3 0x80002d50 (0x0b403513) x10 0x00000001
core   0: 0x80002d54 (0x00274c33) xor     s8, a4, sp
core   0: 3 0x80002d54 (0x00274c33) x24 0xa7131d10
core   0: 0x80002d58 (0x411d0d93) addi    s11, s10, 1041
core   0: 3 0x80002d58 (0x411d0d93) x27 0x0004bdb5
core   0: 0x80002d5c (0x56030ab7) lui     s5, 0x56030
core   0: 3 0x80002d5c (0x56030ab7) x21 0x56030000
core   0: 0x80002d60 (0x00000013) nop
core   0: 3 0x80002d60 (0x00000013)
core   0: 0x80002d64 (0x96788113) addi    sp, a7, -1689
core   0: 3 0x80002d64 (0x96788113) x 2 0xfffff967
core   0: 0x80002d68 (0x00ee86b3) add     a3, t4, a4
core   0: 3 0x80002d68 (0x00ee86b3) x13 0x00011e64
core   0: 0x80002d6c (0xcc79cb93) xori    s7, s3, -825
core   0: 3 0x80002d6c (0xcc79cb93) x23 0x800125cb
core   0: 0x80002d70 (0x5b9d4693) xori    a3, s10, 1465
core   0: 3 0x80002d70 (0x5b9d4693) x13 0x0004bc1d
core   0: 0x80002d74 (0x00d49913) slli    s2, s1, 13
core   0: 3 0x80002d74 (0x00d49913) x18 0xc8420000
core   0: 0x80002d78 (0x038d8e13) addi    t3, s11, 56
core   0: 3 0x80002d78 (0x038d8e13) x28 0x0004bded
core   0: 0x80002d7c (0x00aebbb3) sltu    s7, t4, a0
core   0: 3 0x80002d7c (0x00aebbb3) x23 0x00000000
core   0: 0x80002d80 (0xfff4c813) not     a6, s1
core   0: 3 0x80002d80 (0xfff4c813) x16 0xb1d9bdef
core   0: 0x80002d84 (0x411dd313) srai    t1, s11, 17
core   0: 3 0x80002d84 (0x411dd313) x 6 0x00000002
core   0: 0x80002d88 (0xfb418113) addi    sp, gp, -76
core   0: 3 0x80002d88 (0xfb418113) x 2 0xffffffb5
core   0: 0x80002d8c (0xbbe96913) ori     s2, s2, -1090
core   0: 3 0x80002d8c (0xbbe96913) x18 0xfffffbbe
core   0: 0x80002d90 (0x00627033) and     zero, tp, t1
core   0: 3 0x80002d90 (0x00627033)
core   0: 0x80002d94 (0x00f310b3) sll     ra, t1, a5
core   0: 3 0x80002d94 (0x00f310b3) x 1 0x00020000
core   0: 0x80002d98 (0x6e651497) auipc   s1, 0x6e651
core   0: 3 0x80002d98 (0x6e651497) x 9 0xee653d98
core   0: 0x80002d9c (0x41cadb93) srai    s7, s5, 28
core   0: 3 0x80002d9c (0x41cadb93) x23 0x00000005
core   0: 0x80002da0 (0x401cdb33) sra     s6, s9, ra
core   0: 3 0x80002da0 (0x401cdb33) x22 0x80015ce4
core   0: 0x80002da4 (0x013f1d33) sll     s10, t5, s3
core   0: 3 0x80002da4 (0x013f1d33) x26 0x00000000
core   0: 0x80002da8 (0x25332793) slti    a5, t1, 595
core   0: 3 0x80002da8 (0x25332793) x15 0x00000001
core   0: 0x80002dac (0x01607db3) and     s11, zero, s6
core   0: 3 0x80002dac (0x01607db3) x27 0x00000000
core   0: 0x80002db0 (0x00ce3433) sltu    s0, t3, a2
core   0: 3 0x80002db0 (0x00ce3433) x 8 0x00000001
core   0: 0x80002db4 (0x40f85d93) srai    s11, a6, 15
core   0: 3 0x80002db4 (0x40f85d93) x27 0xffff63b3
core   0: 0x80002db8 (0x0069e633) or      a2, s3, t1
core   0: 3 0x80002db8 (0x0069e633) x12 0x7ffed90e
core   0: 0x80002dbc (0x419a8833) sub     a6, s5, s9
core   0: 3 0x80002dbc (0x419a8833) x16 0xd601a31c
core   0: 0x80002dc0 (0x400b0c33) sub     s8, s6, zero
core   0: 3 0x80002dc0 (0x400b0c33) x24 0x80015ce4
core   0: 0x80002dc4 (0xff81e237) lui     tp, 0xff81e
core   0: 3 0x80002dc4 (0xff81e237) x 4 0xff81e000
core   0: 0x80002dc8 (0x017d98b3) sll     a7, s11, s7
core   0: 3 0x80002dc8 (0x017d98b3) x17 0xffec7660
core   0: 0x80002dcc (0x01a5a6b3) slt     a3, a1, s10
core   0: 3 0x80002dcc (0x01a5a6b3) x13 0x00000000
core   0: 0x80002dd0 (0xd692be13) sltiu   t3, t0, -663
core   0: 3 0x80002dd0 (0xd692be13) x28 0x00000001
core   0: 0x80002dd4 (0x004f53b3) srl     t2, t5, tp
core   0: 3 0x80002dd4 (0x004f53b3) x 7 0xff800000
core   0: 0x80002dd8 (0x002b6e33) or      t3, s6, sp
core   0: 3 0x80002dd8 (0x002b6e33) x28 0xfffffff5
core   0: 0x80002ddc (0x00690d33) add     s10, s2, t1
core   0: 3 0x80002ddc (0x00690d33) x26 0xfffffbc0
core   0: 0x80002de0 (0x77027193) andi    gp, tp, 1904
core   0: 3 0x80002de0 (0x77027193) x 3 0x00000000
core   0: 0x80002de4 (0x00b3c9b3) xor     s3, t2, a1
core   0: 3 0x80002de4 (0x00b3c9b3) x19 0xff800001
core   0: 0x80002de8 (0xc55b32b7) lui     t0, 0xc55b3
core   0: 3 0x80002de8 (0xc55b32b7) x 5 0xc55b3000
core   0: 0x80002dec (0x6da4ba93) sltiu   s5, s1, 1754
core   0: 3 0x80002dec (0x6da4ba93) x21 0x00000000
core   0: 0x80002df0 (0x0071c933) xor     s2, gp, t2
core   0: 3 0x80002df0 (0x0071c933) x18 0xff800000
core   0: 0x80002df4 (0x017ff2b3) and     t0, t6, s7
core   0: 3 0x80002df4 (0x017ff2b3) x 5 0x00000000
core   0: 0x80002df8 (0xd08a8293) addi    t0, s5, -760
core   0: 3 0x80002df8 (0xd08a8293) x 5 0xfffffd08
core   0: 0x80002dfc (0xbff335b7) lui     a1, 0xbff33
core   0: 3 0x80002dfc (0xbff335b7) x11 0xbff33000
core   0: 0x80002e00 (0x00e34133) xor     sp, t1, a4
core   0: 3 0x80002e00 (0x00e34133) x 2 0x80000002
core   0: 0x80002e04 (0x00ff92b3) sll     t0, t6, a5
core   0: 3 0x80002e04 (0x00ff92b3) x 5 0x4e263a20
core   0: 0x80002e08 (0x019bd513) srli    a0, s7, 25
core   0: 3 0x80002e08 (0x019bd513) x10 0x00000000
core   0: 0x80002e0c (0x0105c6b3) xor     a3, a1, a6
core   0: 3 0x80002e0c (0x0105c6b3) x13 0x69f2931c
core   0: 0x80002e10 (0x001de6b3) or      a3, s11, ra
core   0: 3 0x80002e10 (0x001de6b3) x13 0xffff63b3
core   0: 0x80002e14 (0x00cc6833) or      a6, s8, a2
core   0: 3 0x80002e14 (0x00cc6833) x16 0xffffddee
core   0: 0x80002e18 (0xe1e78113) addi    sp, a5, -482
core   0: 3 0x80002e18 (0xe1e78113) x 2 0xfffffe1f
core   0: 0x80002e1c (0x01454d33) xor     s10, a0, s4
core   0: 3 0x80002e1c (0x01454d33) x26 0xbffd5cec
core   0: 0x80002e20 (0x00000013) nop
core   0: 3 0x80002e20 (0x00000013)
core   0: 0x80002e24 (0x41b6db93) srai    s7, a3, 27
core   0: 3 0x80002e24 (0x41b6db93) x23 0xffffffff
core   0: 0x80002e28 (0x006ffa33) and     s4, t6, t1
core   0: 3 0x80002e28 (0x006ffa33) x20 0x00000000
core   0: 0x80002e2c (0x01d6d413) srli    s0, a3, 29
core   0: 3 0x80002e2c (0x01d6d413) x 8 0x00000007
core   0: 0x80002e30 (0x01eaf433) and     s0, s5, t5
core   0: 3 0x80002e30 (0x01eaf433) x 8 0x00000000
core   0: 0x80002e34 (0x00000013) nop
core   0: 3 0x80002e34 (0x00000013)
core   0: 0x80002e38 (0x329ddb97) auipc   s7, 0x329dd
core   0: 3 0x80002e38 (0x329ddb97) x23 0xb29dfe38
core   0: 0x80002e3c (0x977dff13) andi    t5, s11, -1673
core   0: 3 0x80002e3c (0x977dff13) x30 0xffff6133
core   0: 0x80002e40 (0x40d7db33) sra     s6, a5, a3
core   0: 3 0x80002e40 (0x40d7db33) x22 0x00000000
core   0: 0x80002e44 (0x012f2133) slt     sp, t5, s2
core   0: 3 0x80002e44 (0x012f2133) x 2 0x00000000
core   0: 0x80002e48 (0x01255c13) srli    s8, a0, 18
core   0: 3 0x80002e48 (0x01255c13) x24 0x00000000
core   0: 0x80002e4c (0x3273b7b7) lui     a5, 0x3273b
core   0: 3 0x80002e4c (0x3273b7b7) x15 0x3273b000
core   0: 0x80002e50 (0x001bb6b3) sltu    a3, s7, ra
core   0: 3 0x80002e50 (0x001bb6b3) x13 0x00000000
core   0: 0x80002e54 (0x01502933) slt     s2, zero, s5
core   0: 3 0x80002e54 (0x01502933) x18 0x00000000
core   0: 0x80002e58 (0x221d93b7) lui     t2, 0x221d9
core   0: 3 0x80002e58 (0x221d93b7) x 7 0x221d9000
core   0: 0x80002e5c (0x88ecff93) andi    t6, s9, -1906
core   0: 3 0x80002e5c (0x88ecff93) x31 0x80015884
core   0: 0x80002e60 (0x012e9613) slli    a2, t4, 18
core   0: 3 0x80002e60 (0x012e9613) x12 0x79900000
core   0: 0x80002e64 (0x7d5bbd93) sltiu   s11, s7, 2005
core   0: 3 0x80002e64 (0x7d5bbd93) x27 0x00000000
core   0: 0x80002e68 (0x5ccca793) slti    a5, s9, 1484
core   0: 3 0x80002e68 (0x5ccca793) x15 0x00000001
core   0: 0x80002e6c (0x4f46d197) auipc   gp, 0x4f46d
core   0: 3 0x80002e6c (0x4f46d197) x 3 0xcf46fe6c
core   0: 0x80002e70 (0x8a09a393) slti    t2, s3, -1888
core   0: 3 0x80002e70 (0x8a09a393) x 7 0x00000001
core   0: 0x80002e74 (0x010d5493) srli    s1, s10, 16
core   0: 3 0x80002e74 (0x010d5493) x 9 0x0000bffd
core   0: 0x80002e78 (0x019f9a33) sll     s4, t6, s9
core   0: 3 0x80002e78 (0x019f9a33) x20 0x00158840
core   0: 0x80002e7c (0x01d4f233) and     tp, s1, t4
core   0: 3 0x80002e7c (0x01d4f233) x 4 0x00001e64
core   0: 0x80002e80 (0x2688ff93) andi    t6, a7, 616
core   0: 3 0x80002e80 (0x2688ff93) x31 0x00000260
core   0: 0x80002e84 (0x00cada93) srli    s5, s5, 12
core   0: 3 0x80002e84 (0x00cada93) x21 0x00000000
core   0: 0x80002e88 (0x41f709b3) sub     s3, a4, t6
core   0: 3 0x80002e88 (0x41f709b3) x19 0x7ffffda0
core   0: 0x80002e8c (0x4077da13) srai    s4, a5, 7
core   0: 3 0x80002e8c (0x4077da13) x20 0x00000000
core   0: 0x80002e90 (0x0079d2b3) srl     t0, s3, t2
core   0: 3 0x80002e90 (0x0079d2b3) x 5 0x3ffffed0
core   0: 0x80002e94 (0x00000013) nop
core   0: 3 0x80002e94 (0x00000013)
core   0: 0x80002e98 (0x40ec8833) sub     a6, s9, a4
core   0: 3 0x80002e98 (0x40ec8833) x16 0x00015ce4
core   0: 0x80002e9c (0x016ce033) or      zero, s9, s6
core   0: 3 0x80002e9c (0x016ce033)
core   0: 0x80002ea0 (0x01d84d33) xor     s10, a6, t4
core   0: 3 0x80002ea0 (0x01d84d33) x26 0x80004280
core   0: 0x80002ea4 (0xe6e40a97) auipc   s5, 0xe6e40
core   0: 3 0x80002ea4 (0xe6e40a97) x21 0x66e42ea4
core   0: 0x80002ea8 (0x01b49133) sll     sp, s1, s11
core   0: 3 0x80002ea8 (0x01b49133) x 2 0x0000bffd
core   0: 0x80002eac (0x416a5f93) srai    t6, s4, 22
core   0: 3 0x80002eac (0x416a5f93) x31 0x00000000
core   0: 0x80002eb0 (0x01863613) sltiu   a2, a2, 24
core   0: 3 0x80002eb0 (0x01863613) x12 0x00000000
core   0: 0x80002eb4 (0x006cfd33) and     s10, s9, t1
core   0: 3 0x80002eb4 (0x006cfd33) x26 0x00000000
core   0: 0x80002eb8 (0x00000013) nop
core   0: 3 0x80002eb8 (0x00000013)
core   0: 0x80002ebc (0x01b06a33) or      s4, zero, s11
core   0: 3 0x80002ebc (0x01b06a33) x20 0x00000000
core   0: 0x80002ec0 (0x01edf9b3) and     s3, s11, t5
core   0: 3 0x80002ec0 (0x01edf9b3) x19 0x00000000
core   0: 0x80002ec4 (0x00dbd8b3) srl     a7, s7, a3
core   0: 3 0x80002ec4 (0x00dbd8b3) x17 0xb29dfe38
core   0: 0x80002ec8 (0x40300433) sub     s0, zero, gp
core   0: 3 0x80002ec8 (0x40300433) x 8 0x30b90194
core   0: 0x80002ecc (0x5ca64f13) xori    t5, a2, 1482
core   0: 3 0x80002ecc (0x5ca64f13) x30 0x000005ca
core   0: 0x80002ed0 (0x00cbb7b3) sltu    a5, s7, a2
core   0: 3 0x80002ed0 (0x00cbb7b3) x15 0x00000000
core   0: 0x80002ed4 (0x006c5e13) srli    t3, s8, 6
core   0: 3 0x80002ed4 (0x006c5e13) x28 0x00000000
core   0: 0x80002ed8 (0x40625033) sra     zero, tp, t1
core   0: 3 0x80002ed8 (0x40625033)
core   0: 0x80002edc (0x820f4b37) lui     s6, 0x820f4
core   0: 3 0x80002edc (0x820f4b37) x22 0x820f4000
core   0: 0x80002ee0 (0xa952f413) andi    s0, t0, -1387
core   0: 3 0x80002ee0 (0xa952f413) x 8 0x3ffffa90
core   0: 0x80002ee4 (0x0041c833) xor     a6, gp, tp
core   0: 3 0x80002ee4 (0x0041c833) x16 0xcf46e008
core   0: 0x80002ee8 (0x019491b3) sll     gp, s1, s9
core   0: 3 0x80002ee8 (0x019491b3) x 3 0x000bffd0
core   0: 0x80002eec (0x4051db13) srai    s6, gp, 5
core   0: 3 0x80002eec (0x4051db13) x22 0x00005ffe
core   0: 0x80002ef0 (0x0116c9b3) xor     s3, a3, a7
core   0: 3 0x80002ef0 (0x0116c9b3) x19 0xb29dfe38
core   0: 0x80002ef4 (0xb8cee937) lui     s2, 0xb8cee
core   0: 3 0x80002ef4 (0xb8cee937) x18 0xb8cee000
core   0: 0x80002ef8 (0x87722a93) slti    s5, tp, -1929
core   0: 3 0x80002ef8 (0x87722a93) x21 0x00000000
core   0: 0x80002efc (0x007052b3) srl     t0, zero, t2
core   0: 3 0x80002efc (0x007052b3) x 5 0x00000000
core   0: 0x80002f00 (0x006cd213) srli    tp, s9, 6
core   0: 3 0x80002f00 (0x006cd213) x 4 0x02000573
core   0: 0x80002f04 (0x0199aa33) slt     s4, s3, s9
core   0: 3 0x80002f04 (0x0199aa33) x20 0x00000000
core   0: 0x80002f08 (0x00c8fdb3) and     s11, a7, a2
core   0: 3 0x80002f08 (0x00c8fdb3) x27 0x00000000
core   0: 0x80002f0c (0x00a6e2b3) or      t0, a3, a0
core   0: 3 0x80002f0c (0x00a6e2b3) x 5 0x00000000
core   0: 0x80002f10 (0x00e010b3) sll     ra, zero, a4
core   0: 3 0x80002f10 (0x00e010b3) x 1 0x00000000
core   0: 0x80002f14 (0x011cda33) srl     s4, s9, a7
core   0: 3 0x80002f14 (0x011cda33) x20 0x00000080
core   0: 0x80002f18 (0x01f43533) sltu    a0, s0, t6
core   0: 3 0x80002f18 (0x01f43533) x10 0x00000000
core   0: 0x80002f1c (0x40ccd913) srai    s2, s9, 12
core   0: 3 0x80002f1c (0x40ccd913) x18 0xfff80015
core   0: 0x80002f20 (0xdab9f417) auipc   s0, 0xdab9f
core   0: 3 0x80002f20 (0xdab9f417) x 8 0x5aba1f20
core   0: 0x80002f24 (0x008c69b3) or      s3, s8, s0
core   0: 3 0x80002f24 (0x008c69b3) x19 0x5aba1f20
core   0: 0x80002f28 (0x20de0593) addi    a1, t3, 525
core   0: 3 0x80002f28 (0x20de0593) x11 0x0000020d
core   0: 0x80002f2c (0x416ed433) sra     s0, t4, s6
core   0: 3 0x80002f2c (0x416ed433) x 8 0xfffffffe
core   0: 0x80002f30 (0x411c7013) andi    zero, s8, 1041
core   0: 3 0x80002f30 (0x411c7013)
core   0: 0x80002f34 (0x4046d0b3) sra     ra, a3, tp
core   0: 3 0x80002f34 (0x4046d0b3) x 1 0x00000000
core   0: 0x80002f38 (0x01fcfe33) and     t3, s9, t6
core   0: 3 0x80002f38 (0x01fcfe33) x28 0x00000000
core   0: 0x80002f3c (0x1f2b0f93) addi    t6, s6, 498
core   0: 3 0x80002f3c (0x1f2b0f93) x31 0x000061f0
core   0: 0x80002f40 (0x01f40833) add     a6, s0, t6
core   0: 3 0x80002f40 (0x01f40833) x16 0x000061ee
core   0: 0x80002f44 (0xbea36a13) ori     s4, t1, -1046
core   0: 3 0x80002f44 (0xbea36a13) x20 0xfffffbea
core   0: 0x80002f48 (0x401f5913) srai    s2, t5, 1
core   0: 3 0x80002f48 (0x401f5913) x18 0x000002e5
core   0: 0x80002f4c (0x0043d4b3) srl     s1, t2, tp
core   0: 3 0x80002f4c (0x0043d4b3) x 9 0x00000000
core   0: 0x80002f50 (0x013b6633) or      a2, s6, s3
core   0: 3 0x80002f50 (0x013b6633) x12 0x5aba5ffe
core   0: 0x80002f54 (0x01ec5c33) srl     s8, s8, t5
core   0: 3 0x80002f54 (0x01ec5c33) x24 0x00000000
core   0: 0x80002f58 (0xa933c513) xori    a0, t2, -1389
core   0: 3 0x80002f58 (0xa933c513) x10 0xfffffa92
core   0: 0x80002f5c (0xbb498b93) addi    s7, s3, -1100
core   0: 3 0x80002f5c (0xbb498b93) x23 0x5aba1ad4
core   0: 0x80002f60 (0x00092233) slt     tp, s2, zero
core   0: 3 0x80002f60 (0x00092233) x 4 0x00000000
core   0: 0x80002f64 (0x00e87ab3) and     s5, a6, a4
core   0: 3 0x80002f64 (0x00e87ab3) x21 0x00000000
core   0: 0x80002f68 (0xe05977b7) lui     a5, 0xe0597
core   0: 3 0x80002f68 (0xe05977b7) x15 0xe0597000
core   0: 0x80002f6c (0x32da30b7) lui     ra, 0x32da3
core   0: 3 0x80002f6c (0x32da30b7) x 1 0x32da3000
core   0: 0x80002f70 (0xd68baf93) slti    t6, s7, -664
core   0: 3 0x80002f70 (0xd68baf93) x31 0x00000000
core   0: 0x80002f74 (0x00829c33) sll     s8, t0, s0
core   0: 3 0x80002f74 (0x00829c33) x24 0x00000000
core   0: 0x80002f78 (0x018a2133) slt     sp, s4, s8
core   0: 3 0x80002f78 (0x018a2133) x 2 0x00000001
core   0: 0x80002f7c (0x9333ed13) ori     s10, t2, -1741
core   0: 3 0x80002f7c (0x9333ed13) x26 0xfffff933
core   0: 0x80002f80 (0x00000013) nop
core   0: 3 0x80002f80 (0x00000013)
core   0: 0x80002f84 (0x002ad893) srli    a7, s5, 2
core   0: 3 0x80002f84 (0x002ad893) x17 0x00000000
core   0: 0x80002f88 (0x01716db3) or      s11, sp, s7
core   0: 3 0x80002f88 (0x01716db3) x27 0x5aba1ad5
core   0: 0x80002f8c (0x00d22ab3) slt     s5, tp, a3
core   0: 3 0x80002f8c (0x00d22ab3) x21 0x00000000
core   0: 0x80002f90 (0x91333593) sltiu   a1, t1, -1773
core   0: 3 0x80002f90 (0x91333593) x11 0x00000001
core   0: 0x80002f94 (0x000f1f93) slli    t6, t5, 0
core   0: 3 0x80002f94 (0x000f1f93) x31 0x000005ca
core   0: 0x80002f98 (0x001f1893) slli    a7, t5, 1
core   0: 3 0x80002f98 (0x001f1893) x17 0x00000b94
core   0: 0x80002f9c (0x00000013) nop
core   0: 3 0x80002f9c (0x00000013)
core   0: 0x80002fa0 (0x418858b3) sra     a7, a6, s8
core   0: 3 0x80002fa0 (0x418858b3) x17 0x000061ee
core   0: 0x80002fa4 (0x006191b3) sll     gp, gp, t1
core   0: 3 0x80002fa4 (0x006191b3) x 3 0x002fff40
core   0: 0x80002fa8 (0x01afe6b3) or      a3, t6, s10
core   0: 3 0x80002fa8 (0x01afe6b3) x13 0xfffffdfb
core   0: 0x80002fac (0x00067633) and     a2, a2, zero
core   0: 3 0x80002fac (0x00067633) x12 0x00000000
core   0: 0x80002fb0 (0x01189533) sll     a0, a7, a7
core   0: 3 0x80002fb0 (0x01189533) x10 0x187b8000
core   0: 0x80002fb4 (0x7d8d2997) auipc   s3, 0x7d8d2
core   0: 3 0x80002fb4 (0x7d8d2997) x19 0xfd8d4fb4
core   0: 0x80002fb8 (0x40895b13) srai    s6, s2, 8
core   0: 3 0x80002fb8 (0x40895b13) x22 0x00000002
core   0: 0x80002fbc (0x00d40c33) add     s8, s0, a3
core   0: 3 0x80002fbc (0x00d40c33) x24 0xfffffdf9
core   0: 0x80002fc0 (0x00000013) nop
core   0: 3 0x80002fc0 (0x00000013)
core   0: 0x80002fc4 (0xf1172c13) slti    s8, a4, -239
core   0: 3 0x80002fc4 (0xf1172c13) x24 0x00000001
core   0: 0x80002fc8 (0x402e5b93) srai    s7, t3, 2
core   0: 3 0x80002fc8 (0x402e5b93) x23 0x00000000
core   0: 0x80002fcc (0x0101dd93) srli    s11, gp, 16
core   0: 3 0x80002fcc (0x0101dd93) x27 0x0000002f
core   0: 0x80002fd0 (0x40cdd133) sra     sp, s11, a2
core   0: 3 0x80002fd0 (0x40cdd133) x 2 0x0000002f
core   0: 0x80002fd4 (0x0059e6b3) or      a3, s3, t0
core   0: 3 0x80002fd4 (0x0059e6b3) x13 0xfd8d4fb4
core   0: 0x80002fd8 (0x00961793) slli    a5, a2, 9
core   0: 3 0x80002fd8 (0x00961793) x15 0x00000000
core   0: 0x80002fdc (0x01596133) or      sp, s2, s5
core   0: 3 0x80002fdc (0x01596133) x 2 0x000002e5
core   0: 0x80002fe0 (0x00df6233) or      tp, t5, a3
core   0: 3 0x80002fe0 (0x00df6233) x 4 0xfd8d4ffe
core   0: 0x80002fe4 (0x00000013) nop
core   0: 3 0x80002fe4 (0x00000013)
core   0: 0x80002fe8 (0x41bc8ab3) sub     s5, s9, s11
core   0: 3 0x80002fe8 (0x41bc8ab3) x21 0x80015cb5
core   0: 0x80002fec (0xe662ba93) sltiu   s5, t0, -410
core   0: 3 0x80002fec (0xe662ba93) x21 0x00000001
core   0: 0x80002ff0 (0xcb840813) addi    a6, s0, -840
core   0: 3 0x80002ff0 (0xcb840813) x16 0xfffffcb6
core   0: 0x80002ff4 (0x40258bb3) sub     s7, a1, sp
core   0: 3 0x80002ff4 (0x40258bb3) x23 0xfffffd1c
core   0: 0x80002ff8 (0x41a05933) sra     s2, zero, s10
core   0: 3 0x80002ff8 (0x41a05933) x18 0x00000000
core   0: 0x80002ffc (0x41935db3) sra     s11, t1, s9
core   0: 3 0x80002ffc (0x41935db3) x27 0x00000000
core   0: 0x80003000 (0x00000013) nop
core   0: 3 0x80003000 (0x00000013)
core   0: 0x80003004 (0x07995417) auipc   s0, 0x7995
core   0: 3 0x80003004 (0x07995417) x 8 0x87998004
core   0: 0x80003008 (0x41038533) sub     a0, t2, a6
core   0: 3 0x80003008 (0x41038533) x10 0x0000034b
core   0: 0x8000300c (0x87f9e213) ori     tp, s3, -1921
core   0: 3 0x8000300c (0x87f9e213) x 4 0xffffffff
core   0: 0x80003010 (0x008173b3) and     t2, sp, s0
core   0: 3 0x80003010 (0x008173b3) x 7 0x00000004
core   0: 0x80003014 (0x2f52ba13) sltiu   s4, t0, 757
core   0: 3 0x80003014 (0x2f52ba13) x20 0x00000001
core   0: 0x80003018 (0xcc674693) xori    a3, a4, -826
core   0: 3 0x80003018 (0xcc674693) x13 0x7ffffcc6
core   0: 0x8000301c (0x38bf7537) lui     a0, 0x38bf7
core   0: 3 0x8000301c (0x38bf7537) x10 0x38bf7000
core   0: 0x80003020 (0x00f268b3) or      a7, tp, a5
core   0: 3 0x80003020 (0x00f268b3) x17 0xffffffff
core   0: 0x80003024 (0x01d3dab3) srl     s5, t2, t4
core   0: 3 0x80003024 (0x01d3dab3) x21 0x00000000
core   0: 0x80003028 (0x01304133) xor     sp, zero, s3
core   0: 3 0x80003028 (0x01304133) x 2 0xfd8d4fb4
core   0: 0x8000302c (0x01489993) slli    s3, a7, 20
core   0: 3 0x8000302c (0x01489993) x19 0xfff00000
core   0: 0x80003030 (0x014951b3) srl     gp, s2, s4
core   0: 3 0x80003030 (0x014951b3) x 3 0x00000000
core   0: 0x80003034 (0x01c34db3) xor     s11, t1, t3
core   0: 3 0x80003034 (0x01c34db3) x27 0x00000002
core   0: 0x80003038 (0xe0357693) andi    a3, a0, -509
core   0: 3 0x80003038 (0xe0357693) x13 0x38bf7000
core   0: 0x8000303c (0x41a0dd13) srai    s10, ra, 26
core   0: 3 0x8000303c (0x41a0dd13) x26 0x0000000c
core   0: 0x80003040 (0x4006dc33) sra     s8, a3, zero
core   0: 3 0x80003040 (0x4006dc33) x24 0x38bf7000
core   0: 0x80003044 (0x00c813b3) sll     t2, a6, a2
core   0: 3 0x80003044 (0x00c813b3) x 7 0xfffffcb6
core   0: 0x80003048 (0x41a1d233) sra     tp, gp, s10
core   0: 3 0x80003048 (0x41a1d233) x 4 0x00000000
core   0: 0x8000304c (0x00000013) nop
core   0: 3 0x8000304c (0x00000013)
core   0: 0x80003050 (0xb9082793) slti    a5, a6, -1136
core   0: 3 0x80003050 (0xb9082793) x15 0x00000000
core   0: 0x80003054 (0xf8234313) xori    t1, t1, -126
core   0: 3 0x80003054 (0xf8234313) x 6 0xffffff80
core   0: 0x80003058 (0x3b187a37) lui     s4, 0x3b187
core   0: 3 0x80003058 (0x3b187a37) x20 0x3b187000
core   0: 0x8000305c (0x3d412f13) slti    t5, sp, 980
core   0: 3 0x8000305c (0x3d412f13) x30 0x00000001
core   0: 0x80003060 (0x0c0a4517) auipc   a0, 0xc0a4
core   0: 3 0x80003060 (0x0c0a4517) x10 0x8c0a7060
core   0: 0x80003064 (0x26f08397) auipc   t2, 0x26f08
core   0: 3 0x80003064 (0x26f08397) x 7 0xa6f0b064
core   0: 0x80003068 (0x13a4a793) slti    a5, s1, 314
core   0: 3 0x80003068 (0x13a4a793) x15 0x00000001
core   0: 0x8000306c (0x0173bd33) sltu    s10, t2, s7
core   0: 3 0x8000306c (0x0173bd33) x26 0x00000001
core   0: 0x80003070 (0x0137dab3) srl     s5, a5, s3
core   0: 3 0x80003070 (0x0137dab3) x21 0x00000001
core   0: 0x80003074 (0x408fd413) srai    s0, t6, 8
core   0: 3 0x80003074 (0x408fd413) x 8 0x00000005
core   0: 0x80003078 (0x0c763c13) sltiu   s8, a2, 199
core   0: 3 0x80003078 (0x0c763c13) x24 0x00000001
core   0: 0x8000307c (0xc180f513) andi    a0, ra, -1000
core   0: 3 0x8000307c (0xc180f513) x10 0x32da3000
core   0: 0x80003080 (0x41fc0133) sub     sp, s8, t6
core   0: 3 0x80003080 (0x41fc0133) x 2 0xfffffa37
core   0: 0x80003084 (0x01e94533) xor     a0, s2, t5
core   0: 3 0x80003084 (0x01e94533) x10 0x00000001
core   0: 0x80003088 (0x01307c33) and     s8, zero, s3
core   0: 3 0x80003088 (0x01307c33) x24 0x00000000
core   0: 0x8000308c (0x01829933) sll     s2, t0, s8
core   0: 3 0x8000308c (0x01829933) x18 0x00000000
core   0: 0x80003090 (0xecdf5917) auipc   s2, 0xecdf5
core   0: 3 0x80003090 (0xecdf5917) x18 0x6cdf8090
core   0: 0x80003094 (0x01e911b3) sll     gp, s2, t5
core   0: 3 0x80003094 (0x01e911b3) x 3 0xd9bf0120
core   0: 0x80003098 (0x36c94837) lui     a6, 0x36c94
core   0: 3 0x80003098 (0x36c94837) x16 0x36c94000
core   0: 0x8000309c (0x0a8c4513) xori    a0, s8, 168
core   0: 3 0x8000309c (0x0a8c4513) x10 0x000000a8
core   0: 0x800030a0 (0x917fcf13) xori    t5, t6, -1769
core   0: 3 0x800030a0 (0x917fcf13) x30 0xfffffcdd
core   0: 0x800030a4 (0x0b718f13) addi    t5, gp, 183
core   0: 3 0x800030a4 (0x0b718f13) x30 0xd9bf01d7
core   0: 0x800030a8 (0x01f47e33) and     t3, s0, t6
core   0: 3 0x800030a8 (0x01f47e33) x28 0x00000000
core   0: 0x800030ac (0x7e437937) lui     s2, 0x7e437
core   0: 3 0x800030ac (0x7e437937) x18 0x7e437000
core   0: 0x800030b0 (0x416a5a93) srai    s5, s4, 22
core   0: 3 0x800030b0 (0x416a5a93) x21 0x000000ec
core   0: 0x800030b4 (0x00f038b3) snez    a7, a5
core   0: 3 0x800030b4 (0x00f038b3) x17 0x00000001
core   0: 0x800030b8 (0x014a30b3) sltu    ra, s4, s4
core   0: 3 0x800030b8 (0x014a30b3) x 1 0x00000000
core   0: 0x800030bc (0x018b64b3) or      s1, s6, s8
core   0: 3 0x800030bc (0x018b64b3) x 9 0x00000002
core   0: 0x800030c0 (0x00cdf2b3) and     t0, s11, a2
core   0: 3 0x800030c0 (0x00cdf2b3) x 5 0x00000000
core   0: 0x800030c4 (0x41c9d493) srai    s1, s3, 28
core   0: 3 0x800030c4 (0x41c9d493) x 9 0xffffffff
core   0: 0x800030c8 (0x352f2593) slti    a1, t5, 850
core   0: 3 0x800030c8 (0x352f2593) x11 0x00000001
core   0: 0x800030cc (0xf12f0213) addi    tp, t5, -238
core   0: 3 0x800030cc (0xf12f0213) x 4 0xd9bf00e9
core   0: 0x800030d0 (0x0043fdb3) and     s11, t2, tp
core   0: 3 0x800030d0 (0x0043fdb3) x27 0x80b00060
core   0: 0x800030d4 (0x407cd3b3) sra     t2, s9, t2
core   0: 3 0x800030d4 (0x407cd3b3) x 7 0xf80015ce
core   0: 0x800030d8 (0xfd2ff693) andi    a3, t6, -46
core   0: 3 0x800030d8 (0xfd2ff693) x13 0x000005c2
core   0: 0x800030dc (0x000b29b3) slt     s3, s6, zero
core   0: 3 0x800030dc (0x000b29b3) x19 0x00000000
core   0: 0x800030e0 (0xa5118493) addi    s1, gp, -1455
core   0: 3 0x800030e0 (0xa5118493) x 9 0xd9befb71
core   0: 0x800030e4 (0x98a4aa17) auipc   s4, 0x98a4a
core   0: 3 0x800030e4 (0x98a4aa17) x20 0x18a4d0e4
core   0: 0x800030e8 (0xdb9cf093) andi    ra, s9, -583
core   0: 3 0x800030e8 (0xdb9cf093) x 1 0x80015ca0
core   0: 0x800030ec (0x16574a93) xori    s5, a4, 357
core   0: 3 0x800030ec (0x16574a93) x21 0x80000165
core   0: 0x800030f0 (0x0164edb3) or      s11, s1, s6
core   0: 3 0x800030f0 (0x0164edb3) x27 0xd9befb73
core   0: 0x800030f4 (0x01ded793) srli    a5, t4, 29
core   0: 3 0x800030f4 (0x01ded793) x15 0x00000004
core   0: 0x800030f8 (0x40525bb3) sra     s7, tp, t0
core   0: 3 0x800030f8 (0x40525bb3) x23 0xd9bf00e9
core   0: 0x800030fc (0x00000013) nop
core   0: 3 0x800030fc (0x00000013)
core   0: 0x80003100 (0x0070f833) and     a6, ra, t2
core   0: 3 0x80003100 (0x0070f833) x16 0x80001480
core   0: 0x80003104 (0x001eedb3) or      s11, t4, ra
core   0: 3 0x80003104 (0x001eedb3) x27 0x80015ee4
core   0: 0x80003108 (0x007edb93) srli    s7, t4, 7
core   0: 3 0x80003108 (0x007edb93) x23 0x0100023c
core   0: 0x8000310c (0xcc902a97) auipc   s5, 0xcc902
core   0: 3 0x8000310c (0xcc902a97) x21 0x4c90510c
core   0: 0x80003110 (0x7598d017) auipc   zero, 0x7598d
core   0: 3 0x80003110 (0x7598d017)
core   0: 0x80003114 (0x0092d493) srli    s1, t0, 9
core   0: 3 0x80003114 (0x0092d493) x 9 0x00000000
core   0: 0x80003118 (0x0168f633) and     a2, a7, s6
core   0: 3 0x80003118 (0x0168f633) x12 0x00000000
core   0: 0x8000311c (0x40bd51b3) sra     gp, s10, a1
core   0: 3 0x8000311c (0x40bd51b3) x 3 0x00000000
core   0: 0x80003120 (0x0cc0a393) slti    t2, ra, 204
core   0: 3 0x80003120 (0x0cc0a393) x 7 0x00000001
core   0: 0x80003124 (0x01bf1893) slli    a7, t5, 27
core   0: 3 0x80003124 (0x01bf1893) x17 0xb8000000
core   0: 0x80003128 (0x00290db3) add     s11, s2, sp
core   0: 3 0x80003128 (0x00290db3) x27 0x7e436a37
core   0: 0x8000312c (0xd0063813) sltiu   a6, a2, -768
core   0: 3 0x8000312c (0xd0063813) x16 0x00000001
core   0: 0x80003130 (0x01165293) srli    t0, a2, 17
core   0: 3 0x80003130 (0x01165293) x 5 0x00000000
core   0: 0x80003134 (0x008fbf33) sltu    t5, t6, s0
core   0: 3 0x80003134 (0x008fbf33) x30 0x00000000
core   0: 0x80003138 (0x003062b3) or      t0, zero, gp
core   0: 3 0x80003138 (0x003062b3) x 5 0x00000000
core   0: 0x8000313c (0x0013be33) sltu    t3, t2, ra
core   0: 3 0x8000313c (0x0013be33) x28 0x00000001
core   0: 0x80003140 (0x017ad433) srl     s0, s5, s7
core   0: 3 0x80003140 (0x017ad433) x 8 0x00000004
core   0: 0x80003144 (0x00000013) nop
core   0: 3 0x80003144 (0x00000013)
core   0: 0x80003148 (0x003b4233) xor     tp, s6, gp
core   0: 3 0x80003148 (0x003b4233) x 4 0x00000002
core   0: 0x8000314c (0x01955593) srli    a1, a0, 25
core   0: 3 0x8000314c (0x01955593) x11 0x00000000
core   0: 0x80003150 (0x00e57233) and     tp, a0, a4
core   0: 3 0x80003150 (0x00e57233) x 4 0x00000000
core   0: 0x80003154 (0x9ac9a793) slti    a5, s3, -1620
core   0: 3 0x80003154 (0x9ac9a793) x15 0x00000000
core   0: 0x80003158 (0xe1b0bd97) auipc   s11, 0xe1b0b
core   0: 3 0x80003158 (0xe1b0bd97) x27 0x61b0e158
core   0: 0x8000315c (0x016aa533) slt     a0, s5, s6
core   0: 3 0x8000315c (0x016aa533) x10 0x00000000
core   0: 0x80003160 (0x008fb9b3) sltu    s3, t6, s0
core   0: 3 0x80003160 (0x008fb9b3) x19 0x00000000
core   0: 0x80003164 (0x44f9cf93) xori    t6, s3, 1103
core   0: 3 0x80003164 (0x44f9cf93) x31 0x0000044f
core   0: 0x80003168 (0x408756b3) sra     a3, a4, s0
core   0: 3 0x80003168 (0x408756b3) x13 0xf8000000
core   0: 0x8000316c (0x01bc6fb3) or      t6, s8, s11
core   0: 3 0x8000316c (0x01bc6fb3) x31 0x61b0e158
core   0: 0x80003170 (0x41945b33) sra     s6, s0, s9
core   0: 3 0x80003170 (0x41945b33) x22 0x00000000
core   0: 0x80003174 (0x00728633) add     a2, t0, t2
core   0: 3 0x80003174 (0x00728633) x12 0x00000001
core   0: 0x80003178 (0x004eb133) sltu    sp, t4, tp
core   0: 3 0x80003178 (0x004eb133) x 2 0x00000000
core   0: 0x8000317c (0x405fa693) slti    a3, t6, 1029
core   0: 3 0x8000317c (0x405fa693) x13 0x00000000
core   0: 0x80003180 (0x0165e333) or      t1, a1, s6
core   0: 3 0x80003180 (0x0165e333) x 6 0x00000000
core   0: 0x80003184 (0x00b9d333) srl     t1, s3, a1
core   0: 3 0x80003184 (0x00b9d333) x 6 0x00000000
core   0: 0x80003188 (0x41a5df13) srai    t5, a1, 26
core   0: 3 0x80003188 (0x41a5df13) x30 0x00000000
core   0: 0x8000318c (0x00000013) nop
core   0: 3 0x8000318c (0x00000013)
core   0: 0x80003190 (0x0106c633) xor     a2, a3, a6
core   0: 3 0x80003190 (0x0106c633) x12 0x00000001
core   0: 0x80003194 (0x003193b3) sll     t2, gp, gp
core   0: 3 0x80003194 (0x003193b3) x 7 0x00000000
core   0: 0x80003198 (0x42848793) addi    a5, s1, 1064
core   0: 3 0x80003198 (0x42848793) x15 0x00000428
core   0: 0x8000319c (0x008c22b3) slt     t0, s8, s0
core   0: 3 0x8000319c (0x008c22b3) x 5 0x00000001
core   0: 0x800031a0 (0x40055493) srai    s1, a0, 0
core   0: 3 0x800031a0 (0x40055493) x 9 0x00000000
core   0: 0x800031a4 (0x00cf04b3) add     s1, t5, a2
core   0: 3 0x800031a4 (0x00cf04b3) x 9 0x00000001
core   0: 0x800031a8 (0x4049dc33) sra     s8, s3, tp
core   0: 3 0x800031a8 (0x4049dc33) x24 0x00000000
core   0: 0x800031ac (0x00c41193) slli    gp, s0, 12
core   0: 3 0x800031ac (0x00c41193) x 3 0x00004000
core   0: 0x800031b0 (0x005ff7b3) and     a5, t6, t0
core   0: 3 0x800031b0 (0x005ff7b3) x15 0x00000000
core   0: 0x800031b4 (0xa4b56913) ori     s2, a0, -1461
core   0: 3 0x800031b4 (0xa4b56913) x18 0xfffffa4b
core   0: 0x800031b8 (0x008154b3) srl     s1, sp, s0
core   0: 3 0x800031b8 (0x008154b3) x 9 0x00000000
core   0: 0x800031bc (0x7ed24093) xori    ra, tp, 2029
core   0: 3 0x800031bc (0x7ed24093) x 1 0x000007ed
core   0: 0x800031c0 (0x00ca0db3) add     s11, s4, a2
core   0: 3 0x800031c0 (0x00ca0db3) x27 0x18a4d0e5
core   0: 0x800031c4 (0x21e47793) andi    a5, s0, 542
core   0: 3 0x800031c4 (0x21e47793) x15 0x00000004
core   0: 0x800031c8 (0x40de5033) sra     zero, t3, a3
core   0: 3 0x800031c8 (0x40de5033)
core   0: 0x800031cc (0x199b4b17) auipc   s6, 0x199b4
core   0: 3 0x800031cc (0x199b4b17) x22 0x999b71cc
core   0: 0x800031d0 (0x00000013) nop
core   0: 3 0x800031d0 (0x00000013)
core   0: 0x800031d4 (0x00ce9833) sll     a6, t4, a2
core   0: 3 0x800031d4 (0x00ce9833) x16 0x00023cc8
core   0: 0x800031d8 (0x4cf07e37) lui     t3, 0x4cf07
core   0: 3 0x800031d8 (0x4cf07e37) x28 0x4cf07000
core   0: 0x800031dc (0x4f02f093) andi    ra, t0, 1264
core   0: 3 0x800031dc (0x4f02f093) x 1 0x00000000
core   0: 0x800031e0 (0x01d64f33) xor     t5, a2, t4
core   0: 3 0x800031e0 (0x01d64f33) x30 0x80011e65
core   0: 0x800031e4 (0x005eb833) sltu    a6, t4, t0
core   0: 3 0x800031e4 (0x005eb833) x16 0x00000000
core   0: 0x800031e8 (0x019d2f33) slt     t5, s10, s9
core   0: 3 0x800031e8 (0x019d2f33) x30 0x00000000
core   0: 0x800031ec (0x410f0433) sub     s0, t5, a6
core   0: 3 0x800031ec (0x410f0433) x 8 0x00000000
core   0: 0x800031f0 (0xfff00393) li      t2, -1
core   0: 3 0x800031f0 (0xfff00393) x 7 0xffffffff
core   0: 0x800031f4 (0xfff00493) li      s1, -1
core   0: 3 0x800031f4 (0xfff00493) x 9 0xffffffff
core   0: 0x800031f8 (0x00000213) li      tp, 0
core   0: 3 0x800031f8 (0x00000213) x 4 0x00000000
core   0: 0x800031fc (0x80000bb7) lui     s7, 0x80000
core   0: 3 0x800031fc (0x80000bb7) x23 0x80000000
core   0: 0x80003200 (0xfff00d13) li      s10, -1
core   0: 3 0x80003200 (0xfff00d13) x26 0xffffffff
core   0: 0x80003204 (0x7ab661b7) lui     gp, 0x7ab66
core   0: 3 0x80003204 (0x7ab661b7) x 3 0x7ab66000
core   0: 0x80003208 (0x09318193) addi    gp, gp, 147
core   0: 3 0x80003208 (0x09318193) x 3 0x7ab66093
core   0: 0x8000320c (0xfff00093) li      ra, -1
core   0: 3 0x8000320c (0xfff00093) x 1 0xffffffff
core   0: 0x80003210 (0x6420a837) lui     a6, 0x6420a
core   0: 3 0x80003210 (0x6420a837) x16 0x6420a000
core   0: 0x80003214 (0xeb680813) addi    a6, a6, -330
core   0: 3 0x80003214 (0xeb680813) x16 0x64209eb6
core   0: 0x80003218 (0x80000437) lui     s0, 0x80000
core   0: 3 0x80003218 (0x80000437) x 8 0x80000000
core   0: 0x8000321c (0xfff00593) li      a1, -1
core   0: 3 0x8000321c (0xfff00593) x11 0xffffffff
core   0: 0x80003220 (0x9960ad37) lui     s10, 0x9960a
core   0: 3 0x80003220 (0x9960ad37) x26 0x9960a000
core   0: 0x80003224 (0xfa180493) addi    s1, a6, -95
core   0: 3 0x80003224 (0xfa180493) x 9 0x64209e57
core   0: 0x80003228 (0x56a58193) addi    gp, a1, 1386
core   0: 3 0x80003228 (0x56a58193) x 3 0x00000569
core   0: 0x8000322c (0x01a20833) add     a6, tp, s10
core   0: 3 0x8000322c (0x01a20833) x16 0x9960a000
core   0: 0x80003230 (0x9a7a7097) auipc   ra, 0x9a7a7
core   0: 3 0x80003230 (0x9a7a7097) x 1 0x1a7aa230
core   0: 0x80003234 (0xc4fe8217) auipc   tp, 0xc4fe8
core   0: 3 0x80003234 (0xc4fe8217) x 4 0x44feb234
core   0: 0x80003238 (0x409205b3) sub     a1, tp, s1
core   0: 3 0x80003238 (0x409205b3) x11 0xe0de13dd
core   0: 0x8000323c (0x4acd0413) addi    s0, s10, 1196
core   0: 3 0x8000323c (0x4acd0413) x 8 0x9960a4ac
core   0: 0x80003240 (0x00000013) nop
core   0: 3 0x80003240 (0x00000013)
core   0: 0x80003244 (0x238e5bb7) lui     s7, 0x238e5
core   0: 3 0x80003244 (0x238e5bb7) x23 0x238e5000
core   0: 0x80003248 (0xb422d4b7) lui     s1, 0xb422d
core   0: 3 0x80003248 (0xb422d4b7) x 9 0xb422d000
core   0: 0x8000324c (0xb7f48413) addi    s0, s1, -1153
core   0: 3 0x8000324c (0xb7f48413) x 8 0xb422cb7f
core   0: 0x80003250 (0x007404b3) add     s1, s0, t2
core   0: 3 0x80003250 (0x007404b3) x 9 0xb422cb7e
core   0: 0x80003254 (0x28df8397) auipc   t2, 0x28df8
core   0: 3 0x80003254 (0x28df8397) x 7 0xa8dfb254
core   0: 0x80003258 (0x77b38d13) addi    s10, t2, 1915
core   0: 3 0x80003258 (0x77b38d13) x26 0xa8dfb9cf
core   0: 0x8000325c (0xb4380093) addi    ra, a6, -1213
core   0: 3 0x8000325c (0xb4380093) x 1 0x99609b43
core   0: 0x80003260 (0x40948433) sub     s0, s1, s1
core   0: 3 0x80003260 (0x40948433) x 8 0x00000000
core   0: 0x80003264 (0x00720bb3) add     s7, tp, t2
core   0: 3 0x80003264 (0x00720bb3) x23 0xedde6488
core   0: 0x80003268 (0xdd57a3b7) lui     t2, 0xdd57a
core   0: 3 0x80003268 (0xdd57a3b7) x 7 0xdd57a000
core   0: 0x8000326c (0x42420d13) addi    s10, tp, 1060
core   0: 3 0x8000326c (0x42420d13) x26 0x44feb658
core   0: 0x80003270 (0x57458493) addi    s1, a1, 1396
core   0: 3 0x80003270 (0x57458493) x 9 0xe0de1951
core   0: 0x80003274 (0xee39c3b7) lui     t2, 0xee39c
core   0: 3 0x80003274 (0xee39c3b7) x 7 0xee39c000
core   0: 0x80003278 (0x00000013) nop
core   0: 3 0x80003278 (0x00000013)
core   0: 0x8000327c (0x01f00133) add     sp, zero, t6
core   0: 3 0x8000327c (0x01f00133) x 2 0x61b0e158
core   0: 0x80003280 (0x4015dc13) srai    s8, a1, 1
core   0: 3 0x80003280 (0x4015dc13) x24 0xf06f09ee
core   0: 0x80003284 (0xd654bc13) sltiu   s8, s1, -667
core   0: 3 0x80003284 (0xd654bc13) x24 0x00000001
core   0: 0x80003288 (0x41bd88b3) sub     a7, s11, s11
core   0: 3 0x80003288 (0x41bd88b3) x17 0x00000000
core   0: 0x8000328c (0x90914db7) lui     s11, 0x90914
core   0: 3 0x8000328c (0x90914db7) x27 0x90914000
core   0: 0x80003290 (0xfeb9de17) auipc   t3, 0xfeb9d
core   0: 3 0x80003290 (0xfeb9de17) x28 0x7eba0290
core   0: 0x80003294 (0x928f4213) xori    tp, t5, -1752
core   0: 3 0x80003294 (0x928f4213) x 4 0xfffff928
core   0: 0x80003298 (0x41298f33) sub     t5, s3, s2
core   0: 3 0x80003298 (0x41298f33) x30 0x000005b5
core   0: 0x8000329c (0xd2502113) slti    sp, zero, -731
core   0: 3 0x8000329c (0xd2502113) x 2 0x00000000
core   0: 0x800032a0 (0x010492b3) sll     t0, s1, a6
core   0: 3 0x800032a0 (0x010492b3) x 5 0xe0de1951
core   0: 0x800032a4 (0x774d3093) sltiu   ra, s10, 1908
core   0: 3 0x800032a4 (0x774d3093) x 1 0x00000000
core   0: 0x800032a8 (0x00710bb3) add     s7, sp, t2
core   0: 3 0x800032a8 (0x00710bb3) x23 0xee39c000
core   0: 0x800032ac (0x64a86f13) ori     t5, a6, 1610
core   0: 3 0x800032ac (0x64a86f13) x30 0x9960a64a
core   0: 0x800032b0 (0x3555a493) slti    s1, a1, 853
core   0: 3 0x800032b0 (0x3555a493) x 9 0x00000001
core   0: 0x800032b4 (0x00daaab3) slt     s5, s5, a3
core   0: 3 0x800032b4 (0x00daaab3) x21 0x00000000
core   0: 0x800032b8 (0x01ac49b3) xor     s3, s8, s10
core   0: 3 0x800032b8 (0x01ac49b3) x19 0x44feb659
core   0: 0x800032bc (0x04e03093) sltiu   ra, zero, 78
core   0: 3 0x800032bc (0x04e03093) x 1 0x00000001
core   0: 0x800032c0 (0xac8cddb7) lui     s11, 0xac8cd
core   0: 3 0x800032c0 (0xac8cddb7) x27 0xac8cd000
core   0: 0x800032c4 (0x0b4d8d93) addi    s11, s11, 180
core   0: 3 0x800032c4 (0x0b4d8d93) x27 0xac8cd0b4
core   0: 0x800032c8 (0x00000b93) li      s7, 0
core   0: 3 0x800032c8 (0x00000b93) x23 0x00000000
core   0: 0x800032cc (0x80000437) lui     s0, 0x80000
core   0: 3 0x800032cc (0x80000437) x 8 0x80000000
core   0: 0x800032d0 (0xfff00f13) li      t5, -1
core   0: 3 0x800032d0 (0xfff00f13) x30 0xffffffff
core   0: 0x800032d4 (0x354a5a37) lui     s4, 0x354a5
core   0: 3 0x800032d4 (0x354a5a37) x20 0x354a5000
core   0: 0x800032d8 (0xf62a0a13) addi    s4, s4, -158
core   0: 3 0x800032d8 (0xf62a0a13) x20 0x354a4f62
core   0: 0x800032dc (0x80000b37) lui     s6, 0x80000
core   0: 3 0x800032dc (0x80000b37) x22 0x80000000
core   0: 0x800032e0 (0xfff00993) li      s3, -1
core   0: 3 0x800032e0 (0xfff00993) x19 0xffffffff
core   0: 0x800032e4 (0x4604b4b7) lui     s1, 0x4604b
core   0: 3 0x800032e4 (0x4604b4b7) x 9 0x4604b000
core   0: 0x800032e8 (0xe3348493) addi    s1, s1, -461
core   0: 3 0x800032e8 (0xe3348493) x 9 0x4604ae33
core   0: 0x800032ec (0x00000693) li      a3, 0
core   0: 3 0x800032ec (0x00000693) x13 0x00000000
core   0: 0x800032f0 (0x80000d37) lui     s10, 0x80000
core   0: 3 0x800032f0 (0x80000d37) x26 0x80000000
core   0: 0x800032f4 (0x51c35497) auipc   s1, 0x51c35
core   0: 3 0x800032f4 (0x51c35497) x 9 0xd1c382f4
core   0: 0x800032f8 (0x417a04b3) sub     s1, s4, s7
core   0: 3 0x800032f8 (0x417a04b3) x 9 0x354a4f62
core   0: 0x800032fc (0x40948a33) sub     s4, s1, s1
core   0: 3 0x800032fc (0x40948a33) x20 0x00000000
core   0: 0x80003300 (0x00000013) nop
core   0: 3 0x80003300 (0x00000013)
core   0: 0x80003304 (0x408684b3) sub     s1, a3, s0
core   0: 3 0x80003304 (0x408684b3) x 9 0x80000000
core   0: 0x80003308 (0x896a4a17) auipc   s4, 0x896a4
core   0: 3 0x80003308 (0x896a4a17) x20 0x096a7308
core   0: 0x8000330c (0x00000013) nop
core   0: 3 0x8000330c (0x00000013)
core   0: 0x80003310 (0x00000013) nop
core   0: 3 0x80003310 (0x00000013)
core   0: 0x80003314 (0xf4f68693) addi    a3, a3, -177
core   0: 3 0x80003314 (0xf4f68693) x13 0xffffff4f
core   0: 0x80003318 (0x01b686b3) add     a3, a3, s11
core   0: 3 0x80003318 (0x01b686b3) x13 0xac8cd003
core   0: 0x8000331c (0x41ed0bb3) sub     s7, s10, t5
core   0: 3 0x8000331c (0x41ed0bb3) x23 0x80000001
core   0: 0x80003320 (0x41b689b3) sub     s3, a3, s11
core   0: 3 0x80003320 (0x41b689b3) x19 0xffffff4f
core   0: 0x80003324 (0x408984b3) sub     s1, s3, s0
core   0: 3 0x80003324 (0x408984b3) x 9 0x7fffff4f
core   0: 0x80003328 (0x00000013) nop
core   0: 3 0x80003328 (0x00000013)
core   0: 0x8000332c (0x013b8433) add     s0, s7, s3
core   0: 3 0x8000332c (0x013b8433) x 8 0x7fffff50
core   0: 0x80003330 (0xc02fda17) auipc   s4, 0xc02fd
core   0: 3 0x80003330 (0xc02fda17) x20 0x40300330
core   0: 0x80003334 (0x00000013) nop
core   0: 3 0x80003334 (0x00000013)
core   0: 0x80003338 (0xed8d6793) ori     a5, s10, -296
core   0: 3 0x80003338 (0xed8d6793) x15 0xfffffed8
core   0: 0x8000333c (0x0c69fa93) andi    s5, s3, 198
core   0: 3 0x8000333c (0x0c69fa93) x21 0x00000046
core   0: 0x80003340 (0x00178ab3) add     s5, a5, ra
core   0: 3 0x80003340 (0x00178ab3) x21 0xfffffed9
core   0: 0x80003344 (0x00069e33) sll     t3, a3, zero
core   0: 3 0x80003344 (0x00069e33) x28 0xac8cd003
core   0: 0x80003348 (0x35cf8f93) addi    t6, t6, 860
core   0: 3 0x80003348 (0x35cf8f93) x31 0x61b0e4b4
core   0: 0x8000334c (0x4496cf13) xori    t5, a3, 1097
core   0: 3 0x8000334c (0x4496cf13) x30 0xac8cd44a
core   0: 0x80003350 (0x9dfeaa13) slti    s4, t4, -1569
core   0: 3 0x80003350 (0x9dfeaa13) x20 0x00000001
core   0: 0x80003354 (0x00000013) nop
core   0: 3 0x80003354 (0x00000013)
core   0: 0x80003358 (0x904e3f17) auipc   t5, 0x904e3
core   0: 3 0x80003358 (0x904e3f17) x30 0x104e6358
core   0: 0x8000335c (0x400e09b3) sub     s3, t3, zero
core   0: 3 0x8000335c (0x400e09b3) x19 0xac8cd003
core   0: 0x80003360 (0x01958133) add     sp, a1, s9
core   0: 3 0x80003360 (0x01958133) x 2 0x60df70c1
core   0: 0x80003364 (0x7e3c6037) lui     zero, 0x7e3c6
core   0: 3 0x80003364 (0x7e3c6037)
core   0: 0x80003368 (0x0058d413) srli    s0, a7, 5
core   0: 3 0x80003368 (0x0058d413) x 8 0x00000000
core   0: 0x8000336c (0x01a9f7b3) and     a5, s3, s10
core   0: 3 0x8000336c (0x01a9f7b3) x15 0x80000000
core   0: 0x80003370 (0x01555293) srli    t0, a0, 21
core   0: 3 0x80003370 (0x01555293) x 5 0x00000000
core   0: 0x80003374 (0x11138d93) addi    s11, t2, 273
core   0: 3 0x80003374 (0x11138d93) x27 0xee39c111
core   0: 0x80003378 (0x0194a133) slt     sp, s1, s9
core   0: 3 0x80003378 (0x0194a133) x 2 0x00000000
core   0: 0x8000337c (0x01cdbe33) sltu    t3, s11, t3
core   0: 3 0x8000337c (0x01cdbe33) x28 0x00000000
core   0: 0x80003380 (0x015495b3) sll     a1, s1, s5
core   0: 3 0x80003380 (0x015495b3) x11 0x9e000000
core   0: 0x80003384 (0x00000013) nop
core   0: 3 0x80003384 (0x00000013)
core   0: 0x80003388 (0x0021e4b3) or      s1, gp, sp
core   0: 3 0x80003388 (0x0021e4b3) x 9 0x00000569
core   0: 0x8000338c (0x0187ee33) or      t3, a5, s8
core   0: 3 0x8000338c (0x0187ee33) x28 0x80000001
core   0: 0x80003390 (0x01d92233) slt     tp, s2, t4
core   0: 3 0x80003390 (0x01d92233) x 4 0x00000000
core   0: 0x80003394 (0x01491693) slli    a3, s2, 20
core   0: 3 0x80003394 (0x01491693) x13 0xa4b00000
core   0: 0x80003398 (0x00fbd013) srli    zero, s7, 15
core   0: 3 0x80003398 (0x00fbd013)
core   0: 0x8000339c (0x00df5ab3) srl     s5, t5, a3
core   0: 3 0x8000339c (0x00df5ab3) x21 0x104e6358
core   0: 0x800033a0 (0x01e31833) sll     a6, t1, t5
core   0: 3 0x800033a0 (0x01e31833) x16 0x00000000
core   0: 0x800033a4 (0xc172c793) xori    a5, t0, -1001
core   0: 3 0x800033a4 (0xc172c793) x15 0xfffffc17
core   0: 0x800033a8 (0xcc49af93) slti    t6, s3, -828
core   0: 3 0x800033a8 (0xcc49af93) x31 0x00000001
core   0: 0x800033ac (0x01dc26b3) slt     a3, s8, t4
core   0: 3 0x800033ac (0x01dc26b3) x13 0x00000000
core   0: 0x800033b0 (0x2745b613) sltiu   a2, a1, 628
core   0: 3 0x800033b0 (0x2745b613) x12 0x00000000
core   0: 0x800033b4 (0x0159bb33) sltu    s6, s3, s5
core   0: 3 0x800033b4 (0x0159bb33) x22 0x00000000
core   0: 0x800033b8 (0x01b04333) xor     t1, zero, s11
core   0: 3 0x800033b8 (0x01b04333) x 6 0xee39c111
core   0: 0x800033bc (0x97764113) xori    sp, a2, -1673
core   0: 3 0x800033bc (0x97764113) x 2 0xfffff977
core   0: 0x800033c0 (0x01851093) slli    ra, a0, 24
core   0: 3 0x800033c0 (0x01851093) x 1 0x00000000
core   0: 0x800033c4 (0x01bc3033) sltu    zero, s8, s11
core   0: 3 0x800033c4 (0x01bc3033)
core   0: 0x800033c8 (0xc2ed6313) ori     t1, s10, -978
core   0: 3 0x800033c8 (0xc2ed6313) x 6 0xfffffc2e
core   0: 0x800033cc (0x419f0133) sub     sp, t5, s9
core   0: 3 0x800033cc (0x419f0133) x 2 0x904d0674
core   0: 0x800033d0 (0x0136a1b3) slt     gp, a3, s3
core   0: 3 0x800033d0 (0x0136a1b3) x 3 0x00000000
core   0: 0x800033d4 (0x01092433) slt     s0, s2, a6
core   0: 3 0x800033d4 (0x01092433) x 8 0x00000001
core   0: 0x800033d8 (0x00ba9693) slli    a3, s5, 11
core   0: 3 0x800033d8 (0x00ba9693) x13 0x731ac000
core   0: 0x800033dc (0x1e9d6f93) ori     t6, s10, 489
core   0: 3 0x800033dc (0x1e9d6f93) x31 0x800001e9
core   0: 0x800033e0 (0x2342e313) ori     t1, t0, 564
core   0: 3 0x800033e0 (0x2342e313) x 6 0x00000234
core   0: 0x800033e4 (0x41b8dd93) srai    s11, a7, 27
core   0: 3 0x800033e4 (0x41b8dd93) x27 0x00000000
core   0: 0x800033e8 (0x40d85f93) srai    t6, a6, 13
core   0: 3 0x800033e8 (0x40d85f93) x31 0x00000000
core   0: 0x800033ec (0x6aa0e693) ori     a3, ra, 1706
core   0: 3 0x800033ec (0x6aa0e693) x13 0x000006aa
core   0: 0x800033f0 (0x40a4d813) srai    a6, s1, 10
core   0: 3 0x800033f0 (0x40a4d813) x16 0x00000001
core   0: 0x800033f4 (0x01444ab3) xor     s5, s0, s4
core   0: 3 0x800033f4 (0x01444ab3) x21 0x00000000
core   0: 0x800033f8 (0x007d1613) slli    a2, s10, 7
core   0: 3 0x800033f8 (0x007d1613) x12 0x00000000
core   0: 0x800033fc (0xf093b613) sltiu   a2, t2, -247
core   0: 3 0x800033fc (0xf093b613) x12 0x00000001
core   0: 0x80003400 (0x017d71b3) and     gp, s10, s7
core   0: 3 0x80003400 (0x017d71b3) x 3 0x80000000
core   0: 0x80003404 (0xf92ca813) slti    a6, s9, -110
core   0: 3 0x80003404 (0xf92ca813) x16 0x00000001
core   0: 0x80003408 (0x00a47e33) and     t3, s0, a0
core   0: 3 0x80003408 (0x00a47e33) x28 0x00000000
core   0: 0x8000340c (0x00dc7133) and     sp, s8, a3
core   0: 3 0x8000340c (0x00dc7133) x 2 0x00000000
core   0: 0x80003410 (0x01a98633) add     a2, s3, s10
core   0: 3 0x80003410 (0x01a98633) x12 0x2c8cd003
core   0: 0x80003414 (0x012913b3) sll     t2, s2, s2
core   0: 3 0x80003414 (0x012913b3) x 7 0xffd25800
core   0: 0x80003418 (0x0048fab3) and     s5, a7, tp
core   0: 3 0x80003418 (0x0048fab3) x21 0x00000000
core   0: 0x8000341c (0x01facb33) xor     s6, s5, t6
core   0: 3 0x8000341c (0x01facb33) x22 0x00000000
core   0: 0x80003420 (0x009b13b3) sll     t2, s6, s1
core   0: 3 0x80003420 (0x009b13b3) x 7 0x00000000
core   0: 0x80003424 (0x00d11f13) slli    t5, sp, 13
core   0: 3 0x80003424 (0x00d11f13) x30 0x00000000
core   0: 0x80003428 (0x01449493) slli    s1, s1, 20
core   0: 3 0x80003428 (0x01449493) x 9 0x56900000
core   0: 0x8000342c (0x007c1833) sll     a6, s8, t2
core   0: 3 0x8000342c (0x007c1833) x16 0x00000001
core   0: 0x80003430 (0x00d6d5b3) srl     a1, a3, a3
core   0: 3 0x80003430 (0x00d6d5b3) x11 0x00000001
core   0: 0x80003434 (0x01931413) slli    s0, t1, 25
core   0: 3 0x80003434 (0x01931413) x 8 0x68000000
core   0: 0x80003438 (0x007604b3) add     s1, a2, t2
core   0: 3 0x80003438 (0x007604b3) x 9 0x2c8cd003
core   0: 0x8000343c (0x017c7a33) and     s4, s8, s7
core   0: 3 0x8000343c (0x017c7a33) x20 0x00000001
core   0: 0x80003440 (0x00c5a8b3) slt     a7, a1, a2
core   0: 3 0x80003440 (0x00c5a8b3) x17 0x00000001
core   0: 0x80003444 (0x016a89b3) add     s3, s5, s6
core   0: 3 0x80003444 (0x016a89b3) x19 0x00000000
core   0: 0x80003448 (0x005fb833) sltu    a6, t6, t0
core   0: 3 0x80003448 (0x005fb833) x16 0x00000000
core   0: 0x8000344c (0xe4d54697) auipc   a3, 0xe4d54
core   0: 3 0x8000344c (0xe4d54697) x13 0x64d5744c
core   0: 0x80003450 (0x018f1c13) slli    s8, t5, 24
core   0: 3 0x80003450 (0x018f1c13) x24 0x00000000
core   0: 0x80003454 (0x0038a5b3) slt     a1, a7, gp
core   0: 3 0x80003454 (0x0038a5b3) x11 0x00000000
core   0: 0x80003458 (0x6e4cfb93) andi    s7, s9, 1764
core   0: 3 0x80003458 (0x6e4cfb93) x23 0x000004e4
core   0: 0x8000345c (0x01a7ad33) slt     s10, a5, s10
core   0: 3 0x8000345c (0x01a7ad33) x26 0x00000000
core   0: 0x80003460 (0x00133bb3) sltu    s7, t1, ra
core   0: 3 0x80003460 (0x00133bb3) x23 0x00000000
core   0: 0x80003464 (0x016eb7b3) sltu    a5, t4, s6
core   0: 3 0x80003464 (0x016eb7b3) x15 0x00000000
core   0: 0x80003468 (0x00000013) nop
core   0: 3 0x80003468 (0x00000013)
core   0: 0x8000346c (0x086dba13) sltiu   s4, s11, 134
core   0: 3 0x8000346c (0x086dba13) x20 0x00000001
core   0: 0x80003470 (0x41cf8d33) sub     s10, t6, t3
core   0: 3 0x80003470 (0x41cf8d33) x26 0x00000000
core   0: 0x80003474 (0x01a7b033) sltu    zero, a5, s10
core   0: 3 0x80003474 (0x01a7b033)
core   0: 0x80003478 (0x018d5f33) srl     t5, s10, s8
core   0: 3 0x80003478 (0x018d5f33) x30 0x00000000
core   0: 0x8000347c (0x410c0db3) sub     s11, s8, a6
core   0: 3 0x8000347c (0x410c0db3) x27 0x00000000
core   0: 0x80003480 (0x9cad7497) auipc   s1, 0x9cad7
core   0: 3 0x80003480 (0x9cad7497) x 9 0x1cada480
core   0: 0x80003484 (0x01968db3) add     s11, a3, s9
core   0: 3 0x80003484 (0x01968db3) x27 0xe4d6d130
core   0: 0x80003488 (0x64bc4e13) xori    t3, s8, 1611
core   0: 3 0x80003488 (0x64bc4e13) x28 0x0000064b
core   0: 0x8000348c (0x018e9513) slli    a0, t4, 24
core   0: 3 0x8000348c (0x018e9513) x10 0x64000000
core   0: 0x80003490 (0x9e63f013) andi    zero, t2, -1562
core   0: 3 0x80003490 (0x9e63f013)
core   0: 0x80003494 (0x00d10a33) add     s4, sp, a3
core   0: 3 0x80003494 (0x00d10a33) x20 0x64d5744c
core   0: 0x80003498 (0xb277b213) sltiu   tp, a5, -1241
core   0: 3 0x80003498 (0xb277b213) x 4 0x00000001
core   0: 0x8000349c (0x6688b013) sltiu   zero, a7, 1640
core   0: 3 0x8000349c (0x6688b013)
core   0: 0x800034a0 (0x01434a33) xor     s4, t1, s4
core   0: 3 0x800034a0 (0x01434a33) x20 0x64d57678
core   0: 0x800034a4 (0x0065c233) xor     tp, a1, t1
core   0: 3 0x800034a4 (0x0065c233) x 4 0x00000234
core   0: 0x800034a8 (0x01ef5913) srli    s2, t5, 30
core   0: 3 0x800034a8 (0x01ef5913) x18 0x00000000
core   0: 0x800034ac (0xd3002613) slti    a2, zero, -720
core   0: 3 0x800034ac (0xd3002613) x12 0x00000000
core   0: 0x800034b0 (0x00031d93) slli    s11, t1, 0
core   0: 3 0x800034b0 (0x00031d93) x27 0x00000234
core   0: 0x800034b4 (0x408686b3) sub     a3, a3, s0
core   0: 3 0x800034b4 (0x408686b3) x13 0xfcd5744c
core   0: 0x800034b8 (0x41025413) srai    s0, tp, 16
core   0: 3 0x800034b8 (0x41025413) x 8 0x00000000
core   0: 0x800034bc (0x010d9933) sll     s2, s11, a6
core   0: 3 0x800034bc (0x010d9933) x18 0x00000234
core   0: 0x800034c0 (0x7617a513) slti    a0, a5, 1889
core   0: 3 0x800034c0 (0x7617a513) x10 0x00000001
core   0: 0x800034c4 (0x018858b3) srl     a7, a6, s8
core   0: 3 0x800034c4 (0x018858b3) x17 0x00000000
core   0: 0x800034c8 (0x003b1393) slli    t2, s6, 3
core   0: 3 0x800034c8 (0x003b1393) x 7 0x00000000
core   0: 0x800034cc (0x00f5b7b3) sltu    a5, a1, a5
core   0: 3 0x800034cc (0x00f5b7b3) x15 0x00000000
core   0: 0x800034d0 (0x00000013) nop
core   0: 3 0x800034d0 (0x00000013)
core   0: 0x800034d4 (0x002968b3) or      a7, s2, sp
core   0: 3 0x800034d4 (0x002968b3) x17 0x00000234
core   0: 0x800034d8 (0x407c0833) sub     a6, s8, t2
core   0: 3 0x800034d8 (0x407c0833) x16 0x00000000
core   0: 0x800034dc (0x407ad013) srai    zero, s5, 7
core   0: 3 0x800034dc (0x407ad013)
core   0: 0x800034e0 (0x010debb3) or      s7, s11, a6
core   0: 3 0x800034e0 (0x010debb3) x23 0x00000234
core   0: 0x800034e4 (0x0061df33) srl     t5, gp, t1
core   0: 3 0x800034e4 (0x0061df33) x30 0x00000800
core   0: 0x800034e8 (0x39323313) sltiu   t1, tp, 915
core   0: 3 0x800034e8 (0x39323313) x 6 0x00000001
core   0: 0x800034ec (0x0ae27593) andi    a1, tp, 174
core   0: 3 0x800034ec (0x0ae27593) x11 0x00000024
core   0: 0x800034f0 (0x001bec33) or      s8, s7, ra
core   0: 3 0x800034f0 (0x001bec33) x24 0x00000234
core   0: 0x800034f4 (0x0063f433) and     s0, t2, t1
core   0: 3 0x800034f4 (0x0063f433) x 8 0x00000000
core   0: 0x800034f8 (0x00fa4c33) xor     s8, s4, a5
core   0: 3 0x800034f8 (0x00fa4c33) x24 0x64d57678
core   0: 0x800034fc (0x014821b3) slt     gp, a6, s4
core   0: 3 0x800034fc (0x014821b3) x 3 0x00000001
core   0: 0x80003500 (0x008fe2b3) or      t0, t6, s0
core   0: 3 0x80003500 (0x008fe2b3) x 5 0x00000000
core   0: 0x80003504 (0x00ec30b3) sltu    ra, s8, a4
core   0: 3 0x80003504 (0x00ec30b3) x 1 0x00000001
core   0: 0x80003508 (0xe5457093) andi    ra, a0, -428
core   0: 3 0x80003508 (0xe5457093) x 1 0x00000000
core   0: 0x8000350c (0x00bb52b3) srl     t0, s6, a1
core   0: 3 0x8000350c (0x00bb52b3) x 5 0x00000000
core   0: 0x80003510 (0x4a5e94b7) lui     s1, 0x4a5e9
core   0: 3 0x80003510 (0x4a5e94b7) x 9 0x4a5e9000
core   0: 0x80003514 (0x00000013) nop
core   0: 3 0x80003514 (0x00000013)
core   0: 0x80003518 (0x2e15e113) ori     sp, a1, 737
core   0: 3 0x80003518 (0x2e15e113) x 2 0x000002e5
core   0: 0x8000351c (0x016d9493) slli    s1, s11, 22
core   0: 3 0x8000351c (0x016d9493) x 9 0x8d000000
core   0: 0x80003520 (0x90a60f93) addi    t6, a2, -1782
core   0: 3 0x80003520 (0x90a60f93) x31 0xfffff90a
core   0: 0x80003524 (0x415a5613) srai    a2, s4, 21
core   0: 3 0x80003524 (0x415a5613) x12 0x00000326
core   0: 0x80003528 (0x00dbf1b3) and     gp, s7, a3
core   0: 3 0x80003528 (0x00dbf1b3) x 3 0x00000004
core   0: 0x8000352c (0x013953b3) srl     t2, s2, s3
core   0: 3 0x8000352c (0x013953b3) x 7 0x00000234
core   0: 0x80003530 (0x414089b3) sub     s3, ra, s4
core   0: 3 0x80003530 (0x414089b3) x19 0x9b2a8988
core   0: 0x80003534 (0x0042cdb3) xor     s11, t0, tp
core   0: 3 0x80003534 (0x0042cdb3) x27 0x00000234
core   0: 0x80003538 (0x417c55b3) sra     a1, s8, s7
core   0: 3 0x80003538 (0x417c55b3) x11 0x0000064d
core   0: 0x8000353c (0xd270f613) andi    a2, ra, -729
core   0: 3 0x8000353c (0xd270f613) x12 0x00000000
core   0: 0x80003540 (0x37ccba97) auipc   s5, 0x37ccb
core   0: 3 0x80003540 (0x37ccba97) x21 0xb7cce540
core   0: 0x80003544 (0x3ea51917) auipc   s2, 0x3ea51
core   0: 3 0x80003544 (0x3ea51917) x18 0xbea54544
core   0: 0x80003548 (0x001aa433) slt     s0, s5, ra
core   0: 3 0x80003548 (0x001aa433) x 8 0x00000001
core   0: 0x8000354c (0x0d216a13) ori     s4, sp, 210
core   0: 3 0x8000354c (0x0d216a13) x20 0x000002f7
core   0: 0x80003550 (0x00a61493) slli    s1, a2, 10
core   0: 3 0x80003550 (0x00a61493) x 9 0x00000000
core   0: 0x80003554 (0x41f8d693) srai    a3, a7, 31
core   0: 3 0x80003554 (0x41f8d693) x13 0x00000000
core   0: 0x80003558 (0x5b6e8293) addi    t0, t4, 1462
core   0: 3 0x80003558 (0x5b6e8293) x 5 0x8001241a
core   0: 0x8000355c (0x3c294a93) xori    s5, s2, 962
core   0: 3 0x8000355c (0x3c294a93) x21 0xbea54686
core   0: 0x80003560 (0x03eae293) ori     t0, s5, 62
core   0: 3 0x80003560 (0x03eae293) x 5 0xbea546be
core   0: 0x80003564 (0x01b3b133) sltu    sp, t2, s11
core   0: 3 0x80003564 (0x01b3b133) x 2 0x00000000
core   0: 0x80003568 (0x0044c1b3) xor     gp, s1, tp
core   0: 3 0x80003568 (0x0044c1b3) x 3 0x00000234
core   0: 0x8000356c (0x010ae1b3) or      gp, s5, a6
core   0: 3 0x8000356c (0x010ae1b3) x 3 0xbea54686
core   0: 0x80003570 (0x011d5793) srli    a5, s10, 17
core   0: 3 0x80003570 (0x011d5793) x15 0x00000000
core   0: 0x80003574 (0x0010a4b3) slt     s1, ra, ra
core   0: 3 0x80003574 (0x0010a4b3) x 9 0x00000000
core   0: 0x80003578 (0x008b9693) slli    a3, s7, 8
core   0: 3 0x80003578 (0x008b9693) x13 0x00023400
core   0: 0x8000357c (0xe90a6e13) ori     t3, s4, -368
core   0: 3 0x8000357c (0xe90a6e13) x28 0xfffffef7
core   0: 0x80003580 (0x014347b3) xor     a5, t1, s4
core   0: 3 0x80003580 (0x014347b3) x15 0x000002f6
core   0: 0x80003584 (0x01bc06b3) add     a3, s8, s11
core   0: 3 0x80003584 (0x01bc06b3) x13 0x64d578ac
core   0: 0x80003588 (0x019dde33) srl     t3, s11, s9
core   0: 3 0x80003588 (0x019dde33) x28 0x00000023
core   0: 0x8000358c (0x22314313) xori    t1, sp, 547
core   0: 3 0x8000358c (0x22314313) x 6 0x00000223
core   0: 0x80003590 (0xe6fd4497) auipc   s1, 0xe6fd4
core   0: 3 0x80003590 (0xe6fd4497) x 9 0x66fd7590
core   0: 0x80003594 (0x8d123d13) sltiu   s10, tp, -1839
core   0: 3 0x80003594 (0x8d123d13) x26 0x00000001
core   0: 0x80003598 (0x41425993) srai    s3, tp, 20
core   0: 3 0x80003598 (0x41425993) x19 0x00000000
core   0: 0x8000359c (0x00e49633) sll     a2, s1, a4
core   0: 3 0x8000359c (0x00e49633) x12 0x66fd7590
core   0: 0x800035a0 (0x93f48693) addi    a3, s1, -1729
core   0: 3 0x800035a0 (0x93f48693) x13 0x66fd6ecf
core   0: 0x800035a4 (0x68be6013) ori     zero, t3, 1675
core   0: 3 0x800035a4 (0x68be6013)
core   0: 0x800035a8 (0x40d55513) srai    a0, a0, 13
core   0: 3 0x800035a8 (0x40d55513) x10 0x00000000
core   0: 0x800035ac (0x9bfe8893) addi    a7, t4, -1601
core   0: 3 0x800035ac (0x9bfe8893) x17 0x80011823
core   0: 0x800035b0 (0x81298893) addi    a7, s3, -2030
core   0: 3 0x800035b0 (0x81298893) x17 0xfffff812
core   0: 0x800035b4 (0x228dd897) auipc   a7, 0x228dd
core   0: 3 0x800035b4 (0x228dd897) x17 0xa28e05b4
core   0: 0x800035b8 (0x01c57633) and     a2, a0, t3
core   0: 3 0x800035b8 (0x01c57633) x12 0x00000000
core   0: 0x800035bc (0x00000013) nop
core   0: 3 0x800035bc (0x00000013)
core   0: 0x800035c0 (0x0150bdb3) sltu    s11, ra, s5
core   0: 3 0x800035c0 (0x0150bdb3) x27 0x00000001
core   0: 0x800035c4 (0x2800bfb7) lui     t6, 0x2800b
core   0: 3 0x800035c4 (0x2800bfb7) x31 0x2800b000
core   0: 0x800035c8 (0xdb197837) lui     a6, 0xdb197
core   0: 3 0x800035c8 (0xdb197837) x16 0xdb197000
core   0: 0x800035cc (0x0110aa33) slt     s4, ra, a7
core   0: 3 0x800035cc (0x0110aa33) x20 0x00000000
core   0: 0x800035d0 (0x33fdbf97) auipc   t6, 0x33fdb
core   0: 3 0x800035d0 (0x33fdbf97) x31 0xb3fde5d0
core   0: 0x800035d4 (0x00000013) nop
core   0: 3 0x800035d4 (0x00000013)
core   0: 0x800035d8 (0x013a1233) sll     tp, s4, s3
core   0: 3 0x800035d8 (0x013a1233) x 4 0x00000000
core   0: 0x800035dc (0x773d8c13) addi    s8, s11, 1907
core   0: 3 0x800035dc (0x773d8c13) x24 0x00000774
core   0: 0x800035e0 (0x7492ef93) ori     t6, t0, 1865
core   0: 3 0x800035e0 (0x7492ef93) x31 0xbea547ff
core   0: 0x800035e4 (0x05cfd917) auipc   s2, 0x5cfd
core   0: 3 0x800035e4 (0x05cfd917) x18 0x85d005e4
core   0: 0x800035e8 (0x96e9f793) andi    a5, s3, -1682
core   0: 3 0x800035e8 (0x96e9f793) x15 0x00000000
core   0: 0x800035ec (0x41cf5813) srai    a6, t5, 28
core   0: 3 0x800035ec (0x41cf5813) x16 0x00000000
core   0: 0x800035f0 (0x7a3d0213) addi    tp, s10, 1955
core   0: 3 0x800035f0 (0x7a3d0213) x 4 0x000007a4
core   0: 0x800035f4 (0x222b02b7) lui     t0, 0x222b0
core   0: 3 0x800035f4 (0x222b02b7) x 5 0x222b0000
core   0: 0x800035f8 (0x520a2213) slti    tp, s4, 1312
core   0: 3 0x800035f8 (0x520a2213) x 4 0x00000001
core   0: 0x800035fc (0x410c5393) srai    t2, s8, 16
core   0: 3 0x800035fc (0x410c5393) x 7 0x00000000
core   0: 0x80003600 (0x0131d593) srli    a1, gp, 19
core   0: 3 0x80003600 (0x0131d593) x11 0x000017d4
core   0: 0x80003604 (0x00559033) sll     zero, a1, t0
core   0: 3 0x80003604 (0x00559033)
core   0: 0x80003608 (0x01c7a333) slt     t1, a5, t3
core   0: 3 0x80003608 (0x01c7a333) x 6 0x00000001
core   0: 0x8000360c (0x00887fb3) and     t6, a6, s0
core   0: 3 0x8000360c (0x00887fb3) x31 0x00000000
core   0: 0x80003610 (0x5002ab93) slti    s7, t0, 1280
core   0: 3 0x80003610 (0x5002ab93) x23 0x00000000
core   0: 0x80003614 (0x1b648793) addi    a5, s1, 438
core   0: 3 0x80003614 (0x1b648793) x15 0x66fd7746
core   0: 0x80003618 (0xb28acdb7) lui     s11, 0xb28ac
core   0: 3 0x80003618 (0xb28acdb7) x27 0xb28ac000
core   0: 0x8000361c (0x005a3e33) sltu    t3, s4, t0
core   0: 3 0x8000361c (0x005a3e33) x28 0x00000001
core   0: 0x80003620 (0x0135d0b3) srl     ra, a1, s3
core   0: 3 0x80003620 (0x0135d0b3) x 1 0x000017d4
core   0: 0x80003624 (0x001c0e33) add     t3, s8, ra
core   0: 3 0x80003624 (0x001c0e33) x28 0x00001f48
core   0: 0x80003628 (0x1f66ae13) slti    t3, a3, 502
core   0: 3 0x80003628 (0x1f66ae13) x28 0x00000000
core   0: 0x8000362c (0x00000013) nop
core   0: 3 0x8000362c (0x00000013)
core   0: 0x80003630 (0x01a5d5b3) srl     a1, a1, s10
core   0: 3 0x80003630 (0x01a5d5b3) x11 0x00000bea
core   0: 0x80003634 (0x00811413) slli    s0, sp, 8
core   0: 3 0x80003634 (0x00811413) x 8 0x00000000
core   0: 0x80003638 (0x4966be13) sltiu   t3, a3, 1174
core   0: 3 0x80003638 (0x4966be13) x28 0x00000000
core   0: 0x8000363c (0x0135d1b3) srl     gp, a1, s3
core   0: 3 0x8000363c (0x0135d1b3) x 3 0x00000bea
core   0: 0x80003640 (0x006d1533) sll     a0, s10, t1
core   0: 3 0x80003640 (0x006d1533) x10 0x00000002
core   0: 0x80003644 (0x01adf7b3) and     a5, s11, s10
core   0: 3 0x80003644 (0x01adf7b3) x15 0x00000000
core   0: 0x80003648 (0x6b2d0893) addi    a7, s10, 1714
core   0: 3 0x80003648 (0x6b2d0893) x17 0x000006b3
core   0: 0x8000364c (0x00b1ddb3) srl     s11, gp, a1
core   0: 3 0x8000364c (0x00b1ddb3) x27 0x00000002
core   0: 0x80003650 (0x3f0e8213) addi    tp, t4, 1008
core   0: 3 0x80003650 (0x3f0e8213) x 4 0x80012254
core   0: 0x80003654 (0x824f3193) sltiu   gp, t5, -2012
core   0: 3 0x80003654 (0x824f3193) x 3 0x00000001
core   0: 0x80003658 (0x56260393) addi    t2, a2, 1378
core   0: 3 0x80003658 (0x56260393) x 7 0x00000562
core   0: 0x8000365c (0x00cc0633) add     a2, s8, a2
core   0: 3 0x8000365c (0x00cc0633) x12 0x00000774
core   0: 0x80003660 (0x00c35033) srl     zero, t1, a2
core   0: 3 0x80003660 (0x00c35033)
core   0: 0x80003664 (0x415cdb33) sra     s6, s9, s5
core   0: 3 0x80003664 (0x415cdb33) x22 0xfe000573
core   0: 0x80003668 (0x00a48bb3) add     s7, s1, a0
core   0: 3 0x80003668 (0x00a48bb3) x23 0x66fd7592
core   0: 0x8000366c (0x5bfdf393) andi    t2, s11, 1471
core   0: 3 0x8000366c (0x5bfdf393) x 7 0x00000002
core   0: 0x80003670 (0x018555b3) srl     a1, a0, s8
core   0: 3 0x80003670 (0x018555b3) x11 0x00000000
core   0: 0x80003674 (0xe883ad13) slti    s10, t2, -376
core   0: 3 0x80003674 (0xe883ad13) x26 0x00000000
core   0: 0x80003678 (0x41045933) sra     s2, s0, a6
core   0: 3 0x80003678 (0x41045933) x18 0x00000000
core   0: 0x8000367c (0x8d558d37) lui     s10, 0x8d558
core   0: 3 0x8000367c (0x8d558d37) x26 0x8d558000
core   0: 0x80003680 (0x8eee0613) addi    a2, t3, -1810
core   0: 3 0x80003680 (0x8eee0613) x12 0xfffff8ee
core   0: 0x80003684 (0x007c77b3) and     a5, s8, t2
core   0: 3 0x80003684 (0x007c77b3) x15 0x00000000
core   0: 0x80003688 (0x014d5493) srli    s1, s10, 20
core   0: 3 0x80003688 (0x014d5493) x 9 0x000008d5
core   0: 0x8000368c (0x40765c13) srai    s8, a2, 7
core   0: 3 0x8000368c (0x40765c13) x24 0xfffffff1
core   0: 0x80003690 (0x01199433) sll     s0, s3, a7
core   0: 3 0x80003690 (0x01199433) x 8 0x00000000
core   0: 0x80003694 (0x4c0f6f93) ori     t6, t5, 1216
core   0: 3 0x80003694 (0x4c0f6f93) x31 0x00000cc0
core   0: 0x80003698 (0xf124a313) slti    t1, s1, -238
core   0: 3 0x80003698 (0xf124a313) x 6 0x00000000
core   0: 0x8000369c (0x00642233) slt     tp, s0, t1
core   0: 3 0x8000369c (0x00642233) x 4 0x00000000
core   0: 0x800036a0 (0x011df033) and     zero, s11, a7
core   0: 3 0x800036a0 (0x011df033)
core   0: 0x800036a4 (0x002d4f33) xor     t5, s10, sp
core   0: 3 0x800036a4 (0x002d4f33) x30 0x8d558000
core   0: 0x800036a8 (0x01ce3233) sltu    tp, t3, t3
core   0: 3 0x800036a8 (0x01ce3233) x 4 0x00000000
core   0: 0x800036ac (0x015e66b3) or      a3, t3, s5
core   0: 3 0x800036ac (0x015e66b3) x13 0xbea54686
core   0: 0x800036b0 (0x01edd013) srli    zero, s11, 30
core   0: 3 0x800036b0 (0x01edd013)
core   0: 0x800036b4 (0x00000013) nop
core   0: 3 0x800036b4 (0x00000013)
core   0: 0x800036b8 (0x01e93ab3) sltu    s5, s2, t5
core   0: 3 0x800036b8 (0x01e93ab3) x21 0x00000001
core   0: 0x800036bc (0x419d0533) sub     a0, s10, s9
core   0: 3 0x800036bc (0x419d0533) x10 0x0d54231c
core   0: 0x800036c0 (0x416cd933) sra     s2, s9, s6
core   0: 3 0x800036c0 (0x416cd933) x18 0xfffff000
core   0: 0x800036c4 (0x002128b3) slt     a7, sp, sp
core   0: 3 0x800036c4 (0x002128b3) x17 0x00000000
core   0: 0x800036c8 (0x01e03833) snez    a6, t5
core   0: 3 0x800036c8 (0x01e03833) x16 0x00000001
core   0: 0x800036cc (0x41e65313) srai    t1, a2, 30
core   0: 3 0x800036cc (0x41e65313) x 6 0xffffffff
core   0: 0x800036d0 (0xb64a2d37) lui     s10, 0xb64a2
core   0: 3 0x800036d0 (0xb64a2d37) x26 0xb64a2000
core   0: 0x800036d4 (0xf2653f13) sltiu   t5, a0, -218
core   0: 3 0x800036d4 (0xf2653f13) x30 0x00000001
core   0: 0x800036d8 (0x1ee48897) auipc   a7, 0x1ee48
core   0: 3 0x800036d8 (0x1ee48897) x17 0x9ee4b6d8
core   0: 0x800036dc (0x41aa5ab3) sra     s5, s4, s10
core   0: 3 0x800036dc (0x41aa5ab3) x21 0x00000000
core   0: 0x800036e0 (0x595aed37) lui     s10, 0x595ae
core   0: 3 0x800036e0 (0x595aed37) x26 0x595ae000
core   0: 0x800036e4 (0x406a85b3) sub     a1, s5, t1
core   0: 3 0x800036e4 (0x406a85b3) x11 0x00000001
core   0: 0x800036e8 (0x2fe1fd93) andi    s11, gp, 766
core   0: 3 0x800036e8 (0x2fe1fd93) x27 0x00000000
core   0: 0x800036ec (0x40e65bb3) sra     s7, a2, a4
core   0: 3 0x800036ec (0x40e65bb3) x23 0xfffff8ee
core   0: 0x800036f0 (0x01cefe33) and     t3, t4, t3
core   0: 3 0x800036f0 (0x01cefe33) x28 0x00000000
core   0: 0x800036f4 (0xc17b6793) ori     a5, s6, -1001
core   0: 3 0x800036f4 (0xc17b6793) x15 0xfffffd77
core   0: 0x800036f8 (0x4d947893) andi    a7, s0, 1241
core   0: 3 0x800036f8 (0x4d947893) x17 0x00000000
core   0: 0x800036fc (0x40195c33) sra     s8, s2, ra
core   0: 3 0x800036fc (0x40195c33) x24 0xffffffff
core   0: 0x80003700 (0x52d0d4b7) lui     s1, 0x52d0d
core   0: 3 0x80003700 (0x52d0d4b7) x 9 0x52d0d000
core   0: 0x80003704 (0x00d38db3) add     s11, t2, a3
core   0: 3 0x80003704 (0x00d38db3) x27 0xbea54688
core   0: 0x80003708 (0xc5f08b93) addi    s7, ra, -929
core   0: 3 0x80003708 (0xc5f08b93) x23 0x00001433
core   0: 0x8000370c (0x413454b3) sra     s1, s0, s3
core   0: 3 0x8000370c (0x413454b3) x 9 0x00000000
core   0: 0x80003710 (0x0007c5b3) xor     a1, a5, zero
core   0: 3 0x80003710 (0x0007c5b3) x11 0xfffffd77
core   0: 0x80003714 (0x002dfdb3) and     s11, s11, sp
core   0: 3 0x80003714 (0x002dfdb3) x27 0x00000000
core   0: 0x80003718 (0x40eb5233) sra     tp, s6, a4
core   0: 3 0x80003718 (0x40eb5233) x 4 0xfe000573
core   0: 0x8000371c (0x59412b37) lui     s6, 0x59412
core   0: 3 0x8000371c (0x59412b37) x22 0x59412000
core   0: 0x80003720 (0x41448f33) sub     t5, s1, s4
core   0: 3 0x80003720 (0x41448f33) x30 0x00000000
core   0: 0x80003724 (0xcdd9c597) auipc   a1, 0xcdd9c
core   0: 3 0x80003724 (0xcdd9c597) x11 0x4dd9f724
core   0: 0x80003728 (0x412e80b3) sub     ra, t4, s2
core   0: 3 0x80003728 (0x412e80b3) x 1 0x80012e64
core   0: 0x8000372c (0x40f35833) sra     a6, t1, a5
core   0: 3 0x8000372c (0x40f35833) x16 0xffffffff
core   0: 0x80003730 (0x00117533) and     a0, sp, ra
core   0: 3 0x80003730 (0x00117533) x10 0x00000000
core   0: 0x80003734 (0x00d167b3) or      a5, sp, a3
core   0: 3 0x80003734 (0x00d167b3) x15 0xbea54686
core   0: 0x80003738 (0x87efa293) slti    t0, t6, -1922
core   0: 3 0x80003738 (0x87efa293) x 5 0x00000000
core   0: 0x8000373c (0xd5e524b7) lui     s1, 0xd5e52
core   0: 3 0x8000373c (0xd5e524b7) x 9 0xd5e52000
core   0: 0x80003740 (0x00000013) nop
core   0: 3 0x80003740 (0x00000013)
core   0: 0x80003744 (0x40285e33) sra     t3, a6, sp
core   0: 3 0x80003744 (0x40285e33) x28 0xffffffff
core   0: 0x80003748 (0x242d8113) addi    sp, s11, 578
core   0: 3 0x80003748 (0x242d8113) x 2 0x00000242
core   0: 0x8000374c (0x8d1d2013) slti    zero, s10, -1839
core   0: 3 0x8000374c (0x8d1d2013)
core   0: 0x80003750 (0xf6f41fb7) lui     t6, 0xf6f41
core   0: 3 0x80003750 (0xf6f41fb7) x31 0xf6f41000
core   0: 0x80003754 (0x0162e1b3) or      gp, t0, s6
core   0: 3 0x80003754 (0x0162e1b3) x 3 0x59412000
core   0: 0x80003758 (0x41a2d6b3) sra     a3, t0, s10
core   0: 3 0x80003758 (0x41a2d6b3) x13 0x00000000
core   0: 0x8000375c (0x0008d2b3) srl     t0, a7, zero
core   0: 3 0x8000375c (0x0008d2b3) x 5 0x00000000
core   0: 0x80003760 (0x402cd033) sra     zero, s9, sp
core   0: 3 0x80003760 (0x402cd033)
core   0: 0x80003764 (0x73f56b93) ori     s7, a0, 1855
core   0: 3 0x80003764 (0x73f56b93) x23 0x0000073f
core   0: 0x80003768 (0x40155813) srai    a6, a0, 1
core   0: 3 0x80003768 (0x40155813) x16 0x00000000
core   0: 0x8000376c (0x00dd6333) or      t1, s10, a3
core   0: 3 0x8000376c (0x00dd6333) x 6 0x595ae000
core   0: 0x80003770 (0x00eb36b3) sltu    a3, s6, a4
core   0: 3 0x80003770 (0x00eb36b3) x13 0x00000001
core   0: 0x80003774 (0x452fb293) sltiu   t0, t6, 1106
core   0: 3 0x80003774 (0x452fb293) x 5 0x00000000
core   0: 0x80003778 (0x7413fc13) andi    s8, t2, 1857
core   0: 3 0x80003778 (0x7413fc13) x24 0x00000000
core   0: 0x8000377c (0x0318e537) lui     a0, 0x318e
core   0: 3 0x8000377c (0x0318e537) x10 0x0318e000
core   0: 0x80003780 (0x411cdb33) sra     s6, s9, a7
core   0: 3 0x80003780 (0x411cdb33) x22 0x80015ce4
core   0: 0x80003784 (0x413c06b3) sub     a3, s8, s3
core   0: 3 0x80003784 (0x413c06b3) x13 0x00000000
core   0: 0x80003788 (0x401558b3) sra     a7, a0, ra
core   0: 3 0x80003788 (0x401558b3) x17 0x00318e00
core   0: 0x8000378c (0xd59e4d37) lui     s10, 0xd59e4
core   0: 3 0x8000378c (0xd59e4d37) x26 0xd59e4000
core   0: 0x80003790 (0x006a5913) srli    s2, s4, 6
core   0: 3 0x80003790 (0x006a5913) x18 0x00000000
core   0: 0x80003794 (0x864e7b93) andi    s7, t3, -1948
core   0: 3 0x80003794 (0x864e7b93) x23 0xfffff864
core   0: 0x80003798 (0x108e2813) slti    a6, t3, 264
core   0: 3 0x80003798 (0x108e2813) x16 0x00000001
core   0: 0x8000379c (0x00c730b3) sltu    ra, a4, a2
core   0: 3 0x8000379c (0x00c730b3) x 1 0x00000001
core   0: 0x800037a0 (0x00fbd613) srli    a2, s7, 15
core   0: 3 0x800037a0 (0x00fbd613) x12 0x0001ffff
core   0: 0x800037a4 (0x4155d0b3) sra     ra, a1, s5
core   0: 3 0x800037a4 (0x4155d0b3) x 1 0x4dd9f724
core   0: 0x800037a8 (0x76300813) li      a6, 1891
core   0: 3 0x800037a8 (0x76300813) x16 0x00000763
core   0: 0x800037ac (0x01c0d793) srli    a5, ra, 28
core   0: 3 0x800037ac (0x01c0d793) x15 0x00000004
core   0: 0x800037b0 (0x01c8fab3) and     s5, a7, t3
core   0: 3 0x800037b0 (0x01c8fab3) x21 0x00318e00
core   0: 0x800037b4 (0x008a46b3) xor     a3, s4, s0
core   0: 3 0x800037b4 (0x008a46b3) x13 0x00000000
core   0: 0x800037b8 (0x41478fb3) sub     t6, a5, s4
core   0: 3 0x800037b8 (0x41478fb3) x31 0x00000004
core   0: 0x800037bc (0x00d4f8b3) and     a7, s1, a3
core   0: 3 0x800037bc (0x00d4f8b3) x17 0x00000000
core   0: 0x800037c0 (0x01e8d233) srl     tp, a7, t5
core   0: 3 0x800037c0 (0x01e8d233) x 4 0x00000000
core   0: 0x800037c4 (0x23074693) xori    a3, a4, 560
core   0: 3 0x800037c4 (0x23074693) x13 0x80000230
core   0: 0x800037c8 (0x90548093) addi    ra, s1, -1787
core   0: 3 0x800037c8 (0x90548093) x 1 0xd5e51905
core   0: 0x800037cc (0x00f59013) slli    zero, a1, 15
core   0: 3 0x800037cc (0x00f59013)
core   0: 0x800037d0 (0x01dd2db3) slt     s11, s10, t4
core   0: 3 0x800037d0 (0x01dd2db3) x27 0x00000000
core   0: 0x800037d4 (0xd804e6b7) lui     a3, 0xd804e
core   0: 3 0x800037d4 (0xd804e6b7) x13 0xd804e000
core   0: 0x800037d8 (0x00101d13) slli    s10, zero, 1
core   0: 3 0x800037d8 (0x00101d13) x26 0x00000000
core   0: 0x800037dc (0xdfe0b197) auipc   gp, 0xdfe0b
core   0: 3 0x800037dc (0xdfe0b197) x 3 0x5fe0e7dc
core   0: 0x800037e0 (0x017069b3) or      s3, zero, s7
core   0: 3 0x800037e0 (0x017069b3) x19 0xfffff864
core   0: 0x800037e4 (0x01b254b3) srl     s1, tp, s11
core   0: 3 0x800037e4 (0x01b254b3) x 9 0x00000000
core   0: 0x800037e8 (0x55e6f413) andi    s0, a3, 1374
core   0: 3 0x800037e8 (0x55e6f413) x 8 0x00000000
core   0: 0x800037ec (0x01701093) slli    ra, zero, 23
core   0: 3 0x800037ec (0x01701093) x 1 0x00000000
core   0: 0x800037f0 (0xc70ddb17) auipc   s6, 0xc70dd
core   0: 3 0x800037f0 (0xc70ddb17) x22 0x470e07f0
core   0: 0x800037f4 (0x01102a33) slt     s4, zero, a7
core   0: 3 0x800037f4 (0x01102a33) x20 0x00000000
core   0: 0x800037f8 (0x00000c13) li      s8, 0
core   0: 3 0x800037f8 (0x00000c13) x24 0x00000000
core   0: 0x800037fc (0x00000b93) li      s7, 0
core   0: 3 0x800037fc (0x00000b93) x23 0x00000000
core   0: 0x80003800 (0x00000313) li      t1, 0
core   0: 3 0x80003800 (0x00000313) x 6 0x00000000
core   0: 0x80003804 (0x6c22d937) lui     s2, 0x6c22d
core   0: 3 0x80003804 (0x6c22d937) x18 0x6c22d000
core   0: 0x80003808 (0x5ff90913) addi    s2, s2, 1535
core   0: 3 0x80003808 (0x5ff90913) x18 0x6c22d5ff
core   0: 0x8000380c (0x357a6a37) lui     s4, 0x357a6
core   0: 3 0x8000380c (0x357a6a37) x20 0x357a6000
core   0: 0x80003810 (0xe4da0a13) addi    s4, s4, -435
core   0: 3 0x80003810 (0xe4da0a13) x20 0x357a5e4d
core   0: 0x80003814 (0x800005b7) lui     a1, 0x80000
core   0: 3 0x80003814 (0x800005b7) x11 0x80000000
core   0: 0x80003818 (0x80000ab7) lui     s5, 0x80000
core   0: 3 0x80003818 (0x80000ab7) x21 0x80000000
core   0: 0x8000381c (0xfff00f93) li      t6, -1
core   0: 3 0x8000381c (0xfff00f93) x31 0xffffffff
core   0: 0x80003820 (0x78477137) lui     sp, 0x78477
core   0: 3 0x80003820 (0x78477137) x 2 0x78477000
core   0: 0x80003824 (0x1a010113) addi    sp, sp, 416
core   0: 3 0x80003824 (0x1a010113) x 2 0x784771a0
core   0: 0x80003828 (0x800009b7) lui     s3, 0x80000
core   0: 3 0x80003828 (0x800009b7) x19 0x80000000
core   0: 0x8000382c (0x402589b3) sub     s3, a1, sp
core   0: 3 0x8000382c (0x402589b3) x19 0x07b88e60
core   0: 0x80003830 (0x00000013) nop
core   0: 3 0x80003830 (0x00000013)
core   0: 0x80003834 (0x41310ab3) sub     s5, sp, s3
core   0: 3 0x80003834 (0x41310ab3) x21 0x708ee340
core   0: 0x80003838 (0x46e7d117) auipc   sp, 0x46e7d
core   0: 3 0x80003838 (0x46e7d117) x 2 0xc6e80838
core   0: 0x8000383c (0x7c17e5b7) lui     a1, 0x7c17e
core   0: 3 0x8000383c (0x7c17e5b7) x11 0x7c17e000
core   0: 0x80003840 (0xe1efdc37) lui     s8, 0xe1efd
core   0: 3 0x80003840 (0xe1efdc37) x24 0xe1efd000
core   0: 0x80003844 (0xe02f8593) addi    a1, t6, -510
core   0: 3 0x80003844 (0xe02f8593) x11 0xfffffe01
core   0: 0x80003848 (0x417c0c33) sub     s8, s8, s7
core   0: 3 0x80003848 (0x417c0c33) x24 0xe1efd000
core   0: 0x8000384c (0x015c0ab3) add     s5, s8, s5
core   0: 3 0x8000384c (0x015c0ab3) x21 0x527eb340
core   0: 0x80003850 (0x021abc37) lui     s8, 0x21ab
core   0: 3 0x80003850 (0x021abc37) x24 0x021ab000
core   0: 0x80003854 (0x018a05b3) add     a1, s4, s8
core   0: 3 0x80003854 (0x018a05b3) x11 0x37950e4d
core   0: 0x80003858 (0x96bb8117) auipc   sp, 0x96bb8
core   0: 3 0x80003858 (0x96bb8117) x 2 0x16bbb858
core   0: 0x8000385c (0x04be3c37) lui     s8, 0x4be3
core   0: 3 0x8000385c (0x04be3c37) x24 0x04be3000
core   0: 0x80003860 (0x01fc0bb3) add     s7, s8, t6
core   0: 3 0x80003860 (0x01fc0bb3) x23 0x04be2fff
core   0: 0x80003864 (0x42f1c117) auipc   sp, 0x42f1c
core   0: 3 0x80003864 (0x42f1c117) x 2 0xc2f1f864
core   0: 0x80003868 (0x01758c33) add     s8, a1, s7
core   0: 3 0x80003868 (0x01758c33) x24 0x3c533e4c
core   0: 0x8000386c (0x15a21117) auipc   sp, 0x15a21
core   0: 3 0x8000386c (0x15a21117) x 2 0x95a2486c
core   0: 0x80003870 (0x40690333) sub     t1, s2, t1
core   0: 3 0x80003870 (0x40690333) x 6 0x6c22d5ff
core   0: 0x80003874 (0x317dda97) auipc   s5, 0x317dd
core   0: 3 0x80003874 (0x317dda97) x21 0xb17e0874
core   0: 0x80003878 (0x00000013) nop
core   0: 3 0x80003878 (0x00000013)
core   0: 0x8000387c (0x72998593) addi    a1, s3, 1833
core   0: 3 0x8000387c (0x72998593) x11 0x07b89589
core   0: 0x80003880 (0xc5fb8b93) addi    s7, s7, -929
core   0: 3 0x80003880 (0xc5fb8b93) x23 0x04be2c5e
core   0: 0x80003884 (0xdc26ec37) lui     s8, 0xdc26e
core   0: 3 0x80003884 (0xdc26ec37) x24 0xdc26e000
core   0: 0x80003888 (0xc2d41317) auipc   t1, 0xc2d41
core   0: 3 0x80003888 (0xc2d41317) x 6 0x42d44888
core   0: 0x8000388c (0x2515bbb7) lui     s7, 0x2515b
core   0: 3 0x8000388c (0x2515bbb7) x23 0x2515b000
core   0: 0x80003890 (0x01258a33) add     s4, a1, s2
core   0: 3 0x80003890 (0x01258a33) x20 0x73db6b88
core   0: 0x80003894 (0x35042c37) lui     s8, 0x35042
core   0: 3 0x80003894 (0x35042c37) x24 0x35042000
core   0: 0x80003898 (0x7b460db7) lui     s11, 0x7b460
core   0: 3 0x80003898 (0x7b460db7) x27 0x7b460000
core   0: 0x8000389c (0x004732b3) sltu    t0, a4, tp
core   0: 3 0x8000389c (0x004732b3) x 5 0x00000000
core   0: 0x800038a0 (0x01a147b3) xor     a5, sp, s10
core   0: 3 0x800038a0 (0x01a147b3) x15 0x95a2486c
core   0: 0x800038a4 (0x0180cb33) xor     s6, ra, s8
core   0: 3 0x800038a4 (0x0180cb33) x22 0x35042000
core   0: 0x800038a8 (0x00000013) nop
core   0: 3 0x800038a8 (0x00000013)
core   0: 0x800038ac (0x014d9d13) slli    s10, s11, 20
core   0: 3 0x800038ac (0x014d9d13) x26 0x00000000
core   0: 0x800038b0 (0x01f7de13) srli    t3, a5, 31
core   0: 3 0x800038b0 (0x01f7de13) x28 0x00000001
core   0: 0x800038b4 (0x63b8e513) ori     a0, a7, 1595
core   0: 3 0x800038b4 (0x63b8e513) x10 0x0000063b
core   0: 0x800038b8 (0x00564c33) xor     s8, a2, t0
core   0: 3 0x800038b8 (0x00564c33) x24 0x0001ffff
core   0: 0x800038bc (0xf9a8e513) ori     a0, a7, -102
core   0: 3 0x800038bc (0xf9a8e513) x10 0xffffff9a
core   0: 0x800038c0 (0x0168e4b3) or      s1, a7, s6
core   0: 3 0x800038c0 (0x0168e4b3) x 9 0x35042000
core   0: 0x800038c4 (0x0146ba33) sltu    s4, a3, s4
core   0: 3 0x800038c4 (0x0146ba33) x20 0x00000000
core   0: 0x800038c8 (0x018669b3) or      s3, a2, s8
core   0: 3 0x800038c8 (0x018669b3) x19 0x0001ffff
core   0: 0x800038cc (0xf86d1b97) auipc   s7, 0xf86d1
core   0: 3 0x800038cc (0xf86d1b97) x23 0x786d48cc
core   0: 0x800038d0 (0xf4111497) auipc   s1, 0xf4111
core   0: 3 0x800038d0 (0xf4111497) x 9 0x741148d0
core   0: 0x800038d4 (0x00000013) nop
core   0: 3 0x800038d4 (0x00000013)
core   0: 0x800038d8 (0x89c07837) lui     a6, 0x89c07
core   0: 3 0x800038d8 (0x89c07837) x16 0x89c07000
core   0: 0x800038dc (0x013a8c33) add     s8, s5, s3
core   0: 3 0x800038dc (0x013a8c33) x24 0xb1800873
core   0: 0x800038e0 (0x00ee04b3) add     s1, t3, a4
core   0: 3 0x800038e0 (0x00ee04b3) x 9 0x80000001
core   0: 0x800038e4 (0x0161de13) srli    t3, gp, 22
core   0: 3 0x800038e4 (0x0161de13) x28 0x0000017f
core   0: 0x800038e8 (0x40a202b3) sub     t0, tp, a0
core   0: 3 0x800038e8 (0x40a202b3) x 5 0x00000066
core   0: 0x800038ec (0x81c72b93) slti    s7, a4, -2020
core   0: 3 0x800038ec (0x81c72b93) x23 0x00000001
core   0: 0x800038f0 (0x0070f1b3) and     gp, ra, t2
core   0: 3 0x800038f0 (0x0070f1b3) x 3 0x00000000
core   0: 0x800038f4 (0x01723a33) sltu    s4, tp, s7
core   0: 3 0x800038f4 (0x01723a33) x20 0x00000001
core   0: 0x800038f8 (0x70490993) addi    s3, s2, 1796
core   0: 3 0x800038f8 (0x70490993) x19 0x6c22dd03
core   0: 0x800038fc (0x00b90933) add     s2, s2, a1
core   0: 3 0x800038fc (0x00b90933) x18 0x73db6b88
core   0: 0x80003900 (0x011e9d93) slli    s11, t4, 17
core   0: 3 0x80003900 (0x011e9d93) x27 0x3cc80000
core   0: 0x80003904 (0x3756ef13) ori     t5, a3, 885
core   0: 3 0x80003904 (0x3756ef13) x30 0xd804e375
core   0: 0x80003908 (0x00539ab3) sll     s5, t2, t0
core   0: 3 0x80003908 (0x00539ab3) x21 0x00000080
core   0: 0x8000390c (0x6f25b213) sltiu   tp, a1, 1778
core   0: 3 0x8000390c (0x6f25b213) x 4 0x00000000
core   0: 0x80003910 (0x002691b3) sll     gp, a3, sp
core   0: 3 0x80003910 (0x002691b3) x 3 0x4e000000
core   0: 0x80003914 (0x008a1bb3) sll     s7, s4, s0
core   0: 3 0x80003914 (0x008a1bb3) x23 0x00000001
core   0: 0x80003918 (0x0041cdb3) xor     s11, gp, tp
core   0: 3 0x80003918 (0x0041cdb3) x27 0x4e000000
core   0: 0x8000391c (0x407f5813) srai    a6, t5, 7
core   0: 3 0x8000391c (0x407f5813) x16 0xffb009c6
core   0: 0x80003920 (0x01042833) slt     a6, s0, a6
core   0: 3 0x80003920 (0x01042833) x16 0x00000000
core   0: 0x80003924 (0x40ffd833) sra     a6, t6, a5
core   0: 3 0x80003924 (0x40ffd833) x16 0xffffffff
core   0: 0x80003928 (0x9fe4fb13) andi    s6, s1, -1538
core   0: 3 0x80003928 (0x9fe4fb13) x22 0x80000000
core   0: 0x8000392c (0x00d48933) add     s2, s1, a3
core   0: 3 0x8000392c (0x00d48933) x18 0x5804e001
core   0: 0x80003930 (0x00da44b3) xor     s1, s4, a3
core   0: 3 0x80003930 (0x00da44b3) x 9 0xd804e001
core   0: 0x80003934 (0xda627493) andi    s1, tp, -602
core   0: 3 0x80003934 (0xda627493) x 9 0x00000000
core   0: 0x80003938 (0x016442b3) xor     t0, s0, s6
core   0: 3 0x80003938 (0x016442b3) x 5 0x80000000
core   0: 0x8000393c (0x1fd6f313) andi    t1, a3, 509
core   0: 3 0x8000393c (0x1fd6f313) x 6 0x00000000
core   0: 0x80003940 (0x015450b3) srl     ra, s0, s5
core   0: 3 0x80003940 (0x015450b3) x 1 0x00000000
core   0: 0x80003944 (0x00ee15b3) sll     a1, t3, a4
core   0: 3 0x80003944 (0x00ee15b3) x11 0x0000017f
core   0: 0x80003948 (0x00c4e7b3) or      a5, s1, a2
core   0: 3 0x80003948 (0x00c4e7b3) x15 0x0001ffff
core   0: 0x8000394c (0x00ea1fb3) sll     t6, s4, a4
core   0: 3 0x8000394c (0x00ea1fb3) x31 0x00000001
core   0: 0x80003950 (0x418ed213) srai    tp, t4, 24
core   0: 3 0x80003950 (0x418ed213) x 4 0xffffff80
core   0: 0x80003954 (0x2d770013) addi    zero, a4, 727
core   0: 3 0x80003954 (0x2d770013)
core   0: 0x80003958 (0x014b3c33) sltu    s8, s6, s4
core   0: 3 0x80003958 (0x014b3c33) x24 0x00000000
core   0: 0x8000395c (0xd6cbb513) sltiu   a0, s7, -660
core   0: 3 0x8000395c (0xd6cbb513) x10 0x00000001
core   0: 0x80003960 (0x41dd5d33) sra     s10, s10, t4
core   0: 3 0x80003960 (0x41dd5d33) x26 0x00000000
core   0: 0x80003964 (0x80ae9917) auipc   s2, 0x80ae9
core   0: 3 0x80003964 (0x80ae9917) x18 0x00aec964
core   0: 0x80003968 (0xec1c6e13) ori     t3, s8, -319
core   0: 3 0x80003968 (0xec1c6e13) x28 0xfffffec1
core   0: 0x8000396c (0x01722db3) slt     s11, tp, s7
core   0: 3 0x8000396c (0x01722db3) x27 0x00000001
core   0: 0x80003970 (0x6b901d37) lui     s10, 0x6b901
core   0: 3 0x80003970 (0x6b901d37) x26 0x6b901000
core   0: 0x80003974 (0x8edd0d13) addi    s10, s10, -1811
core   0: 3 0x80003974 (0x8edd0d13) x26 0x6b9008ed
core   0: 0x80003978 (0x800004b7) lui     s1, 0x80000
core   0: 3 0x80003978 (0x800004b7) x 9 0x80000000
core   0: 0x8000397c (0x00000193) li      gp, 0
core   0: 3 0x8000397c (0x00000193) x 3 0x00000000
core   0: 0x80003980 (0x00000793) li      a5, 0
core   0: 3 0x80003980 (0x00000793) x15 0x00000000
core   0: 0x80003984 (0x80000bb7) lui     s7, 0x80000
core   0: 3 0x80003984 (0x80000bb7) x23 0x80000000
core   0: 0x80003988 (0xf118fdb7) lui     s11, 0xf118f
core   0: 3 0x80003988 (0xf118fdb7) x27 0xf118f000
core   0: 0x8000398c (0x5efd8d93) addi    s11, s11, 1519
core   0: 3 0x8000398c (0x5efd8d93) x27 0xf118f5ef
core   0: 0x80003990 (0x80000b37) lui     s6, 0x80000
core   0: 3 0x80003990 (0x80000b37) x22 0x80000000
core   0: 0x80003994 (0xfff00613) li      a2, -1
core   0: 3 0x80003994 (0xfff00613) x12 0xffffffff
core   0: 0x80003998 (0xfff00f93) li      t6, -1
core   0: 3 0x80003998 (0xfff00f93) x31 0xffffffff
core   0: 0x8000399c (0x800000b7) lui     ra, 0x80000
core   0: 3 0x8000399c (0x800000b7) x 1 0x80000000
core   0: 0x800039a0 (0x00f60d33) add     s10, a2, a5
core   0: 3 0x800039a0 (0x00f60d33) x26 0xffffffff
core   0: 0x800039a4 (0x403b0d33) sub     s10, s6, gp
core   0: 3 0x800039a4 (0x403b0d33) x26 0x80000000
core   0: 0x800039a8 (0xa26b0d93) addi    s11, s6, -1498
core   0: 3 0x800039a8 (0xa26b0d93) x27 0x7ffffa26
core   0: 0x800039ac (0x40960633) sub     a2, a2, s1
core   0: 3 0x800039ac (0x40960633) x12 0x7fffffff
core   0: 0x800039b0 (0x55945797) auipc   a5, 0x55945
core   0: 3 0x800039b0 (0x55945797) x15 0xd59489b0
core   0: 0x800039b4 (0x016d0bb3) add     s7, s10, s6
core   0: 3 0x800039b4 (0x016d0bb3) x23 0x00000000
core   0: 0x800039b8 (0xc0b64d17) auipc   s10, 0xc0b64
core   0: 3 0x800039b8 (0xc0b64d17) x26 0x40b679b8
core   0: 0x800039bc (0xa0f2ad37) lui     s10, 0xa0f2a
core   0: 3 0x800039bc (0xa0f2ad37) x26 0xa0f2a000
core   0: 0x800039c0 (0xb93b0d13) addi    s10, s6, -1133
core   0: 3 0x800039c0 (0xb93b0d13) x26 0x7ffffb93
core   0: 0x800039c4 (0x409b01b3) sub     gp, s6, s1
core   0: 3 0x800039c4 (0x409b01b3) x 3 0x00000000
core   0: 0x800039c8 (0x00000013) nop
core   0: 3 0x800039c8 (0x00000013)
core   0: 0x800039cc (0x00000013) nop
core   0: 3 0x800039cc (0x00000013)
core   0: 0x800039d0 (0x00000013) nop
core   0: 3 0x800039d0 (0x00000013)
core   0: 0x800039d4 (0x417b8633) sub     a2, s7, s7
core   0: 3 0x800039d4 (0x417b8633) x12 0x00000000
core   0: 0x800039d8 (0x017d80b3) add     ra, s11, s7
core   0: 3 0x800039d8 (0x017d80b3) x 1 0x7ffffa26
core   0: 0x800039dc (0x9fb74d17) auipc   s10, 0x9fb74
core   0: 3 0x800039dc (0x9fb74d17) x26 0x1fb779dc
core   0: 0x800039e0 (0x40cb81b3) sub     gp, s7, a2
core   0: 3 0x800039e0 (0x40cb81b3) x 3 0x00000000
core   0: 0x800039e4 (0x40960db3) sub     s11, a2, s1
core   0: 3 0x800039e4 (0x40960db3) x27 0x80000000
core   0: 0x800039e8 (0x00000013) nop
core   0: 3 0x800039e8 (0x00000013)
core   0: 0x800039ec (0x00000013) nop
core   0: 3 0x800039ec (0x00000013)
core   0: 0x800039f0 (0xe2248193) addi    gp, s1, -478
core   0: 3 0x800039f0 (0xe2248193) x 3 0x7ffffe22
core   0: 0x800039f4 (0x00000013) nop
core   0: 3 0x800039f4 (0x00000013)
core   0: 0x800039f8 (0x00000013) nop
core   0: 3 0x800039f8 (0x00000013)
core   0: 0x800039fc (0x00044b33) xor     s6, s0, zero
core   0: 3 0x800039fc (0x00044b33) x22 0x00000000
core   0: 0x80003a00 (0x3aceb593) sltiu   a1, t4, 940
core   0: 3 0x80003a00 (0x3aceb593) x11 0x00000000
core   0: 0x80003a04 (0x08d4b813) sltiu   a6, s1, 141
core   0: 3 0x80003a04 (0x08d4b813) x16 0x00000000
core   0: 0x80003a08 (0x0067db13) srli    s6, a5, 6
core   0: 3 0x80003a08 (0x0067db13) x22 0x03565226
core   0: 0x80003a0c (0x4fd97313) andi    t1, s2, 1277
core   0: 3 0x80003a0c (0x4fd97313) x 6 0x00000064
core   0: 0x80003a10 (0x015ab233) sltu    tp, s5, s5
core   0: 3 0x80003a10 (0x015ab233) x 4 0x00000000
core   0: 0x80003a14 (0x00df8433) add     s0, t6, a3
core   0: 3 0x80003a14 (0x00df8433) x 8 0xd804dfff
core   0: 0x80003a18 (0x0050d233) srl     tp, ra, t0
core   0: 3 0x80003a18 (0x0050d233) x 4 0x7ffffa26
core   0: 0x80003a1c (0xd78dd917) auipc   s2, 0xd78dd
core   0: 3 0x80003a1c (0xd78dd917) x18 0x578e0a1c
core   0: 0x80003a20 (0x01d35f13) srli    t5, t1, 29
core   0: 3 0x80003a20 (0x01d35f13) x30 0x00000000
core   0: 0x80003a24 (0x00000013) nop
core   0: 3 0x80003a24 (0x00000013)
core   0: 0x80003a28 (0x72946193) ori     gp, s0, 1833
core   0: 3 0x80003a28 (0x72946193) x 3 0xd804dfff
core   0: 0x80003a2c (0x40d9df33) sra     t5, s3, a3
core   0: 3 0x80003a2c (0x40d9df33) x30 0x6c22dd03
core   0: 0x80003a30 (0x9464c193) xori    gp, s1, -1722
core   0: 3 0x80003a30 (0x9464c193) x 3 0x7ffff946
core   0: 0x80003a34 (0xe76aee13) ori     t3, s5, -394
core   0: 3 0x80003a34 (0xe76aee13) x28 0xfffffef6
core   0: 0x80003a38 (0xa4a5f5b7) lui     a1, 0xa4a5f
core   0: 3 0x80003a38 (0xa4a5f5b7) x11 0xa4a5f000
core   0: 0x80003a3c (0x00735693) srli    a3, t1, 7
core   0: 3 0x80003a3c (0x00735693) x13 0x00000000
core   0: 0x80003a40 (0x01d007b3) add     a5, zero, t4
core   0: 3 0x80003a40 (0x01d007b3) x15 0x80011e64
core   0: 0x80003a44 (0x00000013) nop
core   0: 3 0x80003a44 (0x00000013)
core   0: 0x80003a48 (0x01f45c33) srl     s8, s0, t6
core   0: 3 0x80003a48 (0x01f45c33) x24 0x00000001
core   0: 0x80003a4c (0x414c85b3) sub     a1, s9, s4
core   0: 3 0x80003a4c (0x414c85b3) x11 0x80015ce3
core   0: 0x80003a50 (0x4031db13) srai    s6, gp, 3
core   0: 3 0x80003a50 (0x4031db13) x22 0x0fffff28
core   0: 0x80003a54 (0x6fffc613) xori    a2, t6, 1791
core   0: 3 0x80003a54 (0x6fffc613) x12 0xfffff900
core   0: 0x80003a58 (0x41af8fb3) sub     t6, t6, s10
core   0: 3 0x80003a58 (0x41af8fb3) x31 0xe0488623
core   0: 0x80003a5c (0x00ade1b3) or      gp, s11, a0
core   0: 3 0x80003a5c (0x00ade1b3) x 3 0x80000001
core   0: 0x80003a60 (0x2ce7ee13) ori     t3, a5, 718
core   0: 3 0x80003a60 (0x2ce7ee13) x28 0x80011eee
core   0: 0x80003a64 (0xc5258113) addi    sp, a1, -942
core   0: 3 0x80003a64 (0xc5258113) x 2 0x80015935
core   0: 0x80003a68 (0x01b3ae33) slt     t3, t2, s11
core   0: 3 0x80003a68 (0x01b3ae33) x28 0x00000000
core   0: 0x80003a6c (0x7b316293) ori     t0, sp, 1971
core   0: 3 0x80003a6c (0x7b316293) x 5 0x80015fb7
core   0: 0x80003a70 (0xa35b20b7) lui     ra, 0xa35b2
core   0: 3 0x80003a70 (0xa35b20b7) x 1 0xa35b2000
core   0: 0x80003a74 (0x4096dfb3) sra     t6, a3, s1
core   0: 3 0x80003a74 (0x4096dfb3) x31 0x00000000
core   0: 0x80003a78 (0x27c70b93) addi    s7, a4, 636
core   0: 3 0x80003a78 (0x27c70b93) x23 0x8000027c
core   0: 0x80003a7c (0xda5de913) ori     s2, s11, -603
core   0: 3 0x80003a7c (0xda5de913) x18 0xfffffda5
core   0: 0x80003a80 (0x0168cbb3) xor     s7, a7, s6
core   0: 3 0x80003a80 (0x0168cbb3) x23 0x0fffff28
core   0: 0x80003a84 (0xa3c53113) sltiu   sp, a0, -1476
core   0: 3 0x80003a84 (0xa3c53113) x 2 0x00000001
core   0: 0x80003a88 (0x79838d13) addi    s10, t2, 1944
core   0: 3 0x80003a88 (0x79838d13) x26 0x0000079a
core   0: 0x80003a8c (0xfe36e493) ori     s1, a3, -29
core   0: 3 0x80003a8c (0xfe36e493) x 9 0xffffffe3
core   0: 0x80003a90 (0x40e688b3) sub     a7, a3, a4
core   0: 3 0x80003a90 (0x40e688b3) x17 0x80000000
core   0: 0x80003a94 (0x00000013) nop
core   0: 3 0x80003a94 (0x00000013)
core   0: 0x80003a98 (0x01a6c833) xor     a6, a3, s10
core   0: 3 0x80003a98 (0x01a6c833) x16 0x0000079a
core   0: 0x80003a9c (0x8e030c13) addi    s8, t1, -1824
core   0: 3 0x80003a9c (0x8e030c13) x24 0xfffff944
core   0: 0x80003aa0 (0x30340517) auipc   a0, 0x30340
core   0: 3 0x80003aa0 (0x30340517) x10 0xb0343aa0
core   0: 0x80003aa4 (0x205f4e13) xori    t3, t5, 517
core   0: 3 0x80003aa4 (0x205f4e13) x28 0x6c22df06
core   0: 0x80003aa8 (0xa9323793) sltiu   a5, tp, -1389
core   0: 3 0x80003aa8 (0xa9323793) x15 0x00000001
core   0: 0x80003aac (0xd60c2a93) slti    s5, s8, -672
core   0: 3 0x80003aac (0xd60c2a93) x21 0x00000001
core   0: 0x80003ab0 (0xde414493) xori    s1, sp, -540
core   0: 3 0x80003ab0 (0xde414493) x 9 0xfffffde5
core   0: 0x80003ab4 (0x4d8e3113) sltiu   sp, t3, 1240
core   0: 3 0x80003ab4 (0x4d8e3113) x 2 0x00000000
core   0: 0x80003ab8 (0xe4cd6d13) ori     s10, s10, -436
core   0: 3 0x80003ab8 (0xe4cd6d13) x26 0xffffffde
core   0: 0x80003abc (0x00000013) nop
core   0: 3 0x80003abc (0x00000013)
core   0: 0x80003ac0 (0x004c9bb3) sll     s7, s9, tp
core   0: 3 0x80003ac0 (0x004c9bb3) x23 0x00573900
core   0: 0x80003ac4 (0x16a17893) andi    a7, sp, 362
core   0: 3 0x80003ac4 (0x16a17893) x17 0x00000000
core   0: 0x80003ac8 (0x00bdd8b3) srl     a7, s11, a1
core   0: 3 0x80003ac8 (0x00bdd8b3) x17 0x10000000
core   0: 0x80003acc (0x015abb33) sltu    s6, s5, s5
core   0: 3 0x80003acc (0x015abb33) x22 0x00000000
core   0: 0x80003ad0 (0x01f817b3) sll     a5, a6, t6
core   0: 3 0x80003ad0 (0x01f817b3) x15 0x0000079a
core   0: 0x80003ad4 (0xf6796f97) auipc   t6, 0xf6796
core   0: 3 0x80003ad4 (0xf6796f97) x31 0x76799ad4
core   0: 0x80003ad8 (0x40870c33) sub     s8, a4, s0
core   0: 3 0x80003ad8 (0x40870c33) x24 0xa7fb2001
core   0: 0x80003adc (0x83d54e17) auipc   t3, 0x83d54
core   0: 3 0x80003adc (0x83d54e17) x28 0x03d57adc
core   0: 0x80003ae0 (0x001e48b3) xor     a7, t3, ra
core   0: 3 0x80003ae0 (0x001e48b3) x17 0xa08e5adc
core   0: 0x80003ae4 (0xb370a193) slti    gp, ra, -1225
core   0: 3 0x80003ae4 (0xb370a193) x 3 0x00000001
core   0: 0x80003ae8 (0x015a7b33) and     s6, s4, s5
core   0: 3 0x80003ae8 (0x015a7b33) x22 0x00000001
core   0: 0x80003aec (0xab3a8a93) addi    s5, s5, -1357
core   0: 3 0x80003aec (0xab3a8a93) x21 0xfffffab4
core   0: 0x80003af0 (0x410cd333) sra     t1, s9, a6
core   0: 3 0x80003af0 (0x410cd333) x 6 0xffffffe0
core   0: 0x80003af4 (0x01380c33) add     s8, a6, s3
core   0: 3 0x80003af4 (0x01380c33) x24 0x6c22e49d
core   0: 0x80003af8 (0x2ef2a593) slti    a1, t0, 751
core   0: 3 0x80003af8 (0x2ef2a593) x11 0x00000001
core   0: 0x80003afc (0x81bef913) andi    s2, t4, -2021
core   0: 3 0x80003afc (0x81bef913) x18 0x80011800
core   0: 0x80003b00 (0x89237c13) andi    s8, t1, -1902
core   0: 3 0x80003b00 (0x89237c13) x24 0xfffff880
core   0: 0x80003b04 (0x01340f33) add     t5, s0, s3
core   0: 3 0x80003b04 (0x01340f33) x30 0x4427bd02
core   0: 0x80003b08 (0x418a89b3) sub     s3, s5, s8
core   0: 3 0x80003b08 (0x418a89b3) x19 0x00000234
core   0: 0x80003b0c (0x6c1ec497) auipc   s1, 0x6c1ec
core   0: 3 0x80003b0c (0x6c1ec497) x 9 0xec1efb0c
core   0: 0x80003b10 (0x010cb1b3) sltu    gp, s9, a6
core   0: 3 0x80003b10 (0x010cb1b3) x 3 0x00000000
core   0: 0x80003b14 (0x2b648197) auipc   gp, 0x2b648
core   0: 3 0x80003b14 (0x2b648197) x 3 0xab64bb14
core   0: 0x80003b18 (0x40115d33) sra     s10, sp, ra
core   0: 3 0x80003b18 (0x40115d33) x26 0x00000000
core   0: 0x80003b1c (0xe04df413) andi    s0, s11, -508
core   0: 3 0x80003b1c (0xe04df413) x 8 0x80000000
core   0: 0x80003b20 (0x008647b3) xor     a5, a2, s0
core   0: 3 0x80003b20 (0x008647b3) x15 0x7ffff900
core   0: 0x80003b24 (0x01161993) slli    s3, a2, 17
core   0: 3 0x80003b24 (0x01161993) x19 0xf2000000
core   0: 0x80003b28 (0x27ce1337) lui     t1, 0x27ce1
core   0: 3 0x80003b28 (0x27ce1337) x 6 0x27ce1000
core   0: 0x80003b2c (0x01cdebb3) or      s7, s11, t3
core   0: 3 0x80003b2c (0x01cdebb3) x23 0x83d57adc
core   0: 0x80003b30 (0x00768c33) add     s8, a3, t2
core   0: 3 0x80003b30 (0x00768c33) x24 0x00000002
core   0: 0x80003b34 (0xb5126f13) ori     t5, tp, -1199
core   0: 3 0x80003b34 (0xb5126f13) x30 0xfffffb77
core   0: 0x80003b38 (0x0144d293) srli    t0, s1, 20
core   0: 3 0x80003b38 (0x0144d293) x 5 0x00000ec1
core   0: 0x80003b3c (0x00000013) nop
core   0: 3 0x80003b3c (0x00000013)
core   0: 0x80003b40 (0x908ff313) andi    t1, t6, -1784
core   0: 3 0x80003b40 (0x908ff313) x 6 0x76799800
core   0: 0x80003b44 (0xd21f8a13) addi    s4, t6, -735
core   0: 3 0x80003b44 (0xd21f8a13) x20 0x767997f5
core   0: 0x80003b48 (0x010b52b3) srl     t0, s6, a6
core   0: 3 0x80003b48 (0x010b52b3) x 5 0x00000000
core   0: 0x80003b4c (0x7798f193) andi    gp, a7, 1913
core   0: 3 0x80003b4c (0x7798f193) x 3 0x00000258
core   0: 0x80003b50 (0x0c378313) addi    t1, a5, 195
core   0: 3 0x80003b50 (0x0c378313) x 6 0x7ffff9c3
core   0: 0x80003b54 (0x00700f33) add     t5, zero, t2
core   0: 3 0x80003b54 (0x00700f33) x30 0x00000002
core   0: 0x80003b58 (0x40095813) srai    a6, s2, 0
core   0: 3 0x80003b58 (0x40095813) x16 0x80011800
core   0: 0x80003b5c (0x00c0cd33) xor     s10, ra, a2
core   0: 3 0x80003b5c (0x00c0cd33) x26 0x5ca4d900
core   0: 0x80003b60 (0x00c79d33) sll     s10, a5, a2
core   0: 3 0x80003b60 (0x00c79d33) x26 0x7ffff900
core   0: 0x80003b64 (0x0184f0b3) and     ra, s1, s8
core   0: 3 0x80003b64 (0x0184f0b3) x 1 0x00000000
core   0: 0x80003b68 (0xc6eba093) slti    ra, s7, -914
core   0: 3 0x80003b68 (0xc6eba093) x 1 0x00000001
core   0: 0x80003b6c (0x01358db3) add     s11, a1, s3
core   0: 3 0x80003b6c (0x01358db3) x27 0xf2000001
core   0: 0x80003b70 (0x0051f233) and     tp, gp, t0
core   0: 3 0x80003b70 (0x0051f233) x 4 0x00000000
core   0: 0x80003b74 (0x0152f6b3) and     a3, t0, s5
core   0: 3 0x80003b74 (0x0152f6b3) x13 0x00000000
core   0: 0x80003b78 (0x65078b93) addi    s7, a5, 1616
core   0: 3 0x80003b78 (0x65078b93) x23 0x7fffff50
core   0: 0x80003b7c (0x01885933) srl     s2, a6, s8
core   0: 3 0x80003b7c (0x01885933) x18 0x20004600
core   0: 0x80003b80 (0xcd426293) ori     t0, tp, -812
core   0: 3 0x80003b80 (0xcd426293) x 5 0xfffffcd4
core   0: 0x80003b84 (0x4ae94813) xori    a6, s2, 1198
core   0: 3 0x80003b84 (0x4ae94813) x16 0x200042ae
core   0: 0x80003b88 (0x01ee5f13) srli    t5, t3, 30
core   0: 3 0x80003b88 (0x01ee5f13) x30 0x00000000
core   0: 0x80003b8c (0x0124e0b3) or      ra, s1, s2
core   0: 3 0x80003b8c (0x0124e0b3) x 1 0xec1eff0c
core   0: 0x80003b90 (0x41785633) sra     a2, a6, s7
core   0: 3 0x80003b90 (0x41785633) x12 0x00002000
core   0: 0x80003b94 (0x001b3b33) sltu    s6, s6, ra
core   0: 3 0x80003b94 (0x001b3b33) x22 0x00000001
core   0: 0x80003b98 (0x00394a93) xori    s5, s2, 3
core   0: 3 0x80003b98 (0x00394a93) x21 0x20004603
core   0: 0x80003b9c (0x00d59a13) slli    s4, a1, 13
core   0: 3 0x80003b9c (0x00d59a13) x20 0x00002000
core   0: 0x80003ba0 (0x01c41293) slli    t0, s0, 28
core   0: 3 0x80003ba0 (0x01c41293) x 5 0x00000000
core   0: 0x80003ba4 (0x41795d33) sra     s10, s2, s7
core   0: 3 0x80003ba4 (0x41795d33) x26 0x00002000
core   0: 0x80003ba8 (0x9202e013) ori     zero, t0, -1760
core   0: 3 0x80003ba8 (0x9202e013)
core   0: 0x80003bac (0x00299493) slli    s1, s3, 2
core   0: 3 0x80003bac (0x00299493) x 9 0xc8000000
core   0: 0x80003bb0 (0x011ae033) or      zero, s5, a7
core   0: 3 0x80003bb0 (0x011ae033)
core   0: 0x80003bb4 (0x84137817) auipc   a6, 0x84137
core   0: 3 0x80003bb4 (0x84137817) x16 0x0413abb4
core   0: 0x80003bb8 (0xb4c9f613) andi    a2, s3, -1204
core   0: 3 0x80003bb8 (0xb4c9f613) x12 0xf2000000
core   0: 0x80003bbc (0x018c44b3) xor     s1, s8, s8
core   0: 3 0x80003bbc (0x018c44b3) x 9 0x00000000
core   0: 0x80003bc0 (0xa6d96d97) auipc   s11, 0xa6d96
core   0: 3 0x80003bc0 (0xa6d96d97) x27 0x26d99bc0
core   0: 0x80003bc4 (0x00fdfe33) and     t3, s11, a5
core   0: 3 0x80003bc4 (0x00fdfe33) x28 0x26d99900
core   0: 0x80003bc8 (0x00000013) nop
core   0: 3 0x80003bc8 (0x00000013)
core   0: 0x80003bcc (0x00687db3) and     s11, a6, t1
core   0: 3 0x80003bcc (0x00687db3) x27 0x0413a980
core   0: 0x80003bd0 (0x014ef133) and     sp, t4, s4
core   0: 3 0x80003bd0 (0x014ef133) x 2 0x00000000
core   0: 0x80003bd4 (0x00589fb3) sll     t6, a7, t0
core   0: 3 0x80003bd4 (0x00589fb3) x31 0xa08e5adc
core   0: 0x80003bd8 (0xdb3b8313) addi    t1, s7, -589
core   0: 3 0x80003bd8 (0xdb3b8313) x 6 0x7ffffd03
core   0: 0x80003bdc (0x010609b3) add     s3, a2, a6
core   0: 3 0x80003bdc (0x010609b3) x19 0xf613abb4
core   0: 0x80003be0 (0xf030f013) andi    zero, ra, -253
core   0: 3 0x80003be0 (0xf030f013)
core   0: 0x80003be4 (0x0036d4b3) srl     s1, a3, gp
core   0: 3 0x80003be4 (0x0036d4b3) x 9 0x00000000
core   0: 0x80003be8 (0x5b45c693) xori    a3, a1, 1460
core   0: 3 0x80003be8 (0x5b45c693) x13 0x000005b5
core   0: 0x80003bec (0x00930fb3) add     t6, t1, s1
core   0: 3 0x80003bec (0x00930fb3) x31 0x7ffffd03
core   0: 0x80003bf0 (0x0024ae33) slt     t3, s1, sp
core   0: 3 0x80003bf0 (0x0024ae33) x28 0x00000000
core   0: 0x80003bf4 (0x01cd80b3) add     ra, s11, t3
core   0: 3 0x80003bf4 (0x01cd80b3) x 1 0x0413a980
core   0: 0x80003bf8 (0x0bbf4393) xori    t2, t5, 187
core   0: 3 0x80003bf8 (0x0bbf4393) x 7 0x000000bb
core   0: 0x80003bfc (0x01f2ee33) or      t3, t0, t6
core   0: 3 0x80003bfc (0x01f2ee33) x28 0x7ffffd03
core   0: 0x80003c00 (0x01fe1e33) sll     t3, t3, t6
core   0: 3 0x80003c00 (0x01fe1e33) x28 0xffffe818
core   0: 0x80003c04 (0x00be2033) slt     zero, t3, a1
core   0: 3 0x80003c04 (0x00be2033)
core   0: 0x80003c08 (0x369ccb93) xori    s7, s9, 873
core   0: 3 0x80003c08 (0x369ccb93) x23 0x80015f8d
core   0: 0x80003c0c (0x00475e13) srli    t3, a4, 4
core   0: 3 0x80003c0c (0x00475e13) x28 0x08000000
core   0: 0x80003c10 (0x01881d93) slli    s11, a6, 24
core   0: 3 0x80003c10 (0x01881d93) x27 0xb4000000
core   0: 0x80003c14 (0x00000013) nop
core   0: 3 0x80003c14 (0x00000013)
core   0: 0x80003c18 (0x01fb8ab3) add     s5, s7, t6
core   0: 3 0x80003c18 (0x01fb8ab3) x21 0x00015c90
core   0: 0x80003c1c (0x00275793) srli    a5, a4, 2
core   0: 3 0x80003c1c (0x00275793) x15 0x20000000
core   0: 0x80003c20 (0x0015ddb3) srl     s11, a1, ra
core   0: 3 0x80003c20 (0x0015ddb3) x27 0x00000001
core   0: 0x80003c24 (0x00a91393) slli    t2, s2, 10
core   0: 3 0x80003c24 (0x00a91393) x 7 0x01180000
core   0: 0x80003c28 (0x6a3dac13) slti    s8, s11, 1699
core   0: 3 0x80003c28 (0x6a3dac13) x24 0x00000001
core   0: 0x80003c2c (0xed67f513) andi    a0, a5, -298
core   0: 3 0x80003c2c (0xed67f513) x10 0x20000000
core   0: 0x80003c30 (0x778c0313) addi    t1, s8, 1912
core   0: 3 0x80003c30 (0x778c0313) x 6 0x00000779
core   0: 0x80003c34 (0xfbe965b7) lui     a1, 0xfbe96
core   0: 3 0x80003c34 (0xfbe965b7) x11 0xfbe96000
core   0: 0x80003c38 (0x01479993) slli    s3, a5, 20
core   0: 3 0x80003c38 (0x01479993) x19 0x00000000
core   0: 0x80003c3c (0x0002a6b3) slt     a3, t0, zero
core   0: 3 0x80003c3c (0x0002a6b3) x13 0x00000000
core   0: 0x80003c40 (0xedd4b817) auipc   a6, 0xedd4b
core   0: 3 0x80003c40 (0xedd4b817) x16 0x6dd4ec40
core   0: 0x80003c44 (0x005fc0b3) xor     ra, t6, t0
core   0: 3 0x80003c44 (0x005fc0b3) x 1 0x7ffffd03
core   0: 0x80003c48 (0xb8f9b597) auipc   a1, 0xb8f9b
core   0: 3 0x80003c48 (0xb8f9b597) x11 0x38f9ec48
core   0: 0x80003c4c (0x011cdab3) srl     s5, s9, a7
core   0: 3 0x80003c4c (0x011cdab3) x21 0x00000008
core   0: 0x80003c50 (0x408c5693) srai    a3, s8, 8
core   0: 3 0x80003c50 (0x408c5693) x13 0x00000000
core   0: 0x80003c54 (0x01beffb3) and     t6, t4, s11
core   0: 3 0x80003c54 (0x01beffb3) x31 0x00000000
core   0: 0x80003c58 (0x71ba4f17) auipc   t5, 0x71ba4
core   0: 3 0x80003c58 (0x71ba4f17) x30 0xf1ba7c58
core   0: 0x80003c5c (0xfd136213) ori     tp, t1, -47
core   0: 3 0x80003c5c (0xfd136213) x 4 0xfffffff9
core   0: 0x80003c60 (0x00232633) slt     a2, t1, sp
core   0: 3 0x80003c60 (0x00232633) x12 0x00000000
core   0: 0x80003c64 (0x403bd813) srai    a6, s7, 3
core   0: 3 0x80003c64 (0x403bd813) x16 0xf0002bf1
core   0: 0x80003c68 (0x74a3bb93) sltiu   s7, t2, 1866
core   0: 3 0x80003c68 (0x74a3bb93) x23 0x00000000
core   0: 0x80003c6c (0x41cb5613) srai    a2, s6, 28
core   0: 3 0x80003c6c (0x41cb5613) x12 0x00000000
core   0: 0x80003c70 (0x01541293) slli    t0, s0, 21
core   0: 3 0x80003c70 (0x01541293) x 5 0x00000000
core   0: 0x80003c74 (0x0017d813) srli    a6, a5, 1
core   0: 3 0x80003c74 (0x0017d813) x16 0x10000000
core   0: 0x80003c78 (0x01058b33) add     s6, a1, a6
core   0: 3 0x80003c78 (0x01058b33) x22 0x48f9ec48
core   0: 0x80003c7c (0xf56a3793) sltiu   a5, s4, -170
core   0: 3 0x80003c7c (0xf56a3793) x15 0x00000001
core   0: 0x80003c80 (0x796b8e17) auipc   t3, 0x796b8
core   0: 3 0x80003c80 (0x796b8e17) x28 0xf96bbc80
core   0: 0x80003c84 (0x40685113) srai    sp, a6, 6
core   0: 3 0x80003c84 (0x40685113) x 2 0x00400000
core   0: 0x80003c88 (0x014d9fb3) sll     t6, s11, s4
core   0: 3 0x80003c88 (0x014d9fb3) x31 0x00000001
core   0: 0x80003c8c (0x01fb9213) slli    tp, s7, 31
core   0: 3 0x80003c8c (0x01fb9213) x 4 0x00000000
core   0: 0x80003c90 (0x004ee8b3) or      a7, t4, tp
core   0: 3 0x80003c90 (0x004ee8b3) x17 0x80011e64
core   0: 0x80003c94 (0x40565f13) srai    t5, a2, 5
core   0: 3 0x80003c94 (0x40565f13) x30 0x00000000
core   0: 0x80003c98 (0xeeb04a13) xori    s4, zero, -277
core   0: 3 0x80003c98 (0xeeb04a13) x20 0xfffffeeb
core   0: 0x80003c9c (0x41bbde13) srai    t3, s7, 27
core   0: 3 0x80003c9c (0x41bbde13) x28 0x00000000
core   0: 0x80003ca0 (0x49d80093) addi    ra, a6, 1181
core   0: 3 0x80003ca0 (0x49d80093) x 1 0x1000049d
core   0: 0x80003ca4 (0x10890593) addi    a1, s2, 264
core   0: 3 0x80003ca4 (0x10890593) x11 0x20004708
core   0: 0x80003ca8 (0x416d5213) srai    tp, s10, 22
core   0: 3 0x80003ca8 (0x416d5213) x 4 0x00000000
core   0: 0x80003cac (0x404e8433) sub     s0, t4, tp
core   0: 3 0x80003cac (0x404e8433) x 8 0x80011e64
core   0: 0x80003cb0 (0x019ecf33) xor     t5, t4, s9
core   0: 3 0x80003cb0 (0x019ecf33) x30 0x00004280
core   0: 0x80003cb4 (0x00ca9e33) sll     t3, s5, a2
core   0: 3 0x80003cb4 (0x00ca9e33) x28 0x00000008
core   0: 0x80003cb8 (0x00c3d0b3) srl     ra, t2, a2
core   0: 3 0x80003cb8 (0x00c3d0b3) x 1 0x01180000
core   0: 0x80003cbc (0x017953b3) srl     t2, s2, s7
core   0: 3 0x80003cbc (0x017953b3) x 7 0x20004600
core   0: 0x80003cc0 (0x408bd3b3) sra     t2, s7, s0
core   0: 3 0x80003cc0 (0x408bd3b3) x 7 0x00000000
core   0: 0x80003cc4 (0x7589bd13) sltiu   s10, s3, 1880
core   0: 3 0x80003cc4 (0x7589bd13) x26 0x00000001
core   0: 0x80003cc8 (0x19bca297) auipc   t0, 0x19bca
core   0: 3 0x80003cc8 (0x19bca297) x 5 0x99bcdcc8
core   0: 0x80003ccc (0x019fa633) slt     a2, t6, s9
core   0: 3 0x80003ccc (0x019fa633) x12 0x00000000
core   0: 0x80003cd0 (0x01b09bb3) sll     s7, ra, s11
core   0: 3 0x80003cd0 (0x01b09bb3) x23 0x02300000
core   0: 0x80003cd4 (0x1d4f2f13) slti    t5, t5, 468
core   0: 3 0x80003cd4 (0x1d4f2f13) x30 0x00000000
core   0: 0x80003cd8 (0x018ea8b3) slt     a7, t4, s8
core   0: 3 0x80003cd8 (0x018ea8b3) x17 0x00000001
core   0: 0x80003cdc (0x00d512b3) sll     t0, a0, a3
core   0: 3 0x80003cdc (0x00d512b3) x 5 0x20000000
core   0: 0x80003ce0 (0xbfbe3d13) sltiu   s10, t3, -1029
core   0: 3 0x80003ce0 (0xbfbe3d13) x26 0x00000001
core   0: 0x80003ce4 (0x0122bbb3) sltu    s7, t0, s2
core   0: 3 0x80003ce4 (0x0122bbb3) x23 0x00000001
core   0: 0x80003ce8 (0x019b77b3) and     a5, s6, s9
core   0: 3 0x80003ce8 (0x019b77b3) x15 0x00014c40
core   0: 0x80003cec (0x00b5be33) sltu    t3, a1, a1
core   0: 3 0x80003cec (0x00b5be33) x28 0x00000000
core   0: 0x80003cf0 (0x8a25af93) slti    t6, a1, -1886
core   0: 3 0x80003cf0 (0x8a25af93) x31 0x00000000
core   0: 0x80003cf4 (0xa867b513) sltiu   a0, a5, -1402
core   0: 3 0x80003cf4 (0xa867b513) x10 0x00000001
core   0: 0x80003cf8 (0x357fc413) xori    s0, t6, 855
core   0: 3 0x80003cf8 (0x357fc413) x 8 0x00000357
core   0: 0x80003cfc (0x00000013) nop
core   0: 3 0x80003cfc (0x00000013)
core   0: 0x80003d00 (0x00122833) slt     a6, tp, ra
core   0: 3 0x80003d00 (0x00122833) x16 0x00000001
core   0: 0x80003d04 (0x4bba7797) auipc   a5, 0x4bba7
core   0: 3 0x80003d04 (0x4bba7797) x15 0xcbbaad04
core   0: 0x80003d08 (0x9c442593) slti    a1, s0, -1596
core   0: 3 0x80003d08 (0x9c442593) x11 0x00000000
core   0: 0x80003d0c (0x017f48b3) xor     a7, t5, s7
core   0: 3 0x80003d0c (0x017f48b3) x17 0x00000001
core   0: 0x80003d10 (0x00e577b3) and     a5, a0, a4
core   0: 3 0x80003d10 (0x00e577b3) x15 0x00000000
core   0: 0x80003d14 (0x011ea233) slt     tp, t4, a7
core   0: 3 0x80003d14 (0x011ea233) x 4 0x00000001
core   0: 0x80003d18 (0x01dc4db3) xor     s11, s8, t4
core   0: 3 0x80003d18 (0x01dc4db3) x27 0x80011e65
core   0: 0x80003d1c (0x016b9513) slli    a0, s7, 22
core   0: 3 0x80003d1c (0x016b9513) x10 0x00400000
core   0: 0x80003d20 (0x00cec333) xor     t1, t4, a2
core   0: 3 0x80003d20 (0x00cec333) x 6 0x80011e64
core   0: 0x80003d24 (0x53fc7613) andi    a2, s8, 1343
core   0: 3 0x80003d24 (0x53fc7613) x12 0x00000001
core   0: 0x80003d28 (0x93fa2d13) slti    s10, s4, -1729
core   0: 3 0x80003d28 (0x93fa2d13) x26 0x00000000
core   0: 0x80003d2c (0x3d6bd8b7) lui     a7, 0x3d6bd
core   0: 3 0x80003d2c (0x3d6bd8b7) x17 0x3d6bd000
core   0: 0x80003d30 (0x4ca61197) auipc   gp, 0x4ca61
core   0: 3 0x80003d30 (0x4ca61197) x 3 0xcca64d30
core   0: 0x80003d34 (0x00001a33) sll     s4, zero, zero
core   0: 3 0x80003d34 (0x00001a33) x20 0x00000000
core   0: 0x80003d38 (0x4de1fb13) andi    s6, gp, 1246
core   0: 3 0x80003d38 (0x4de1fb13) x22 0x00000410
core   0: 0x80003d3c (0x311c7f13) andi    t5, s8, 785
core   0: 3 0x80003d3c (0x311c7f13) x30 0x00000001
core   0: 0x80003d40 (0x20550593) addi    a1, a0, 517
core   0: 3 0x80003d40 (0x20550593) x11 0x00400205
core   0: 0x80003d44 (0x016dcab3) xor     s5, s11, s6
core   0: 3 0x80003d44 (0x016dcab3) x21 0x80011a75
core   0: 0x80003d48 (0x01c75f33) srl     t5, a4, t3
core   0: 3 0x80003d48 (0x01c75f33) x30 0x80000000
core   0: 0x80003d4c (0x57817093) andi    ra, sp, 1400
core   0: 3 0x80003d4c (0x57817093) x 1 0x00000000
core   0: 0x80003d50 (0x00980833) add     a6, a6, s1
core   0: 3 0x80003d50 (0x00980833) x16 0x00000001
core   0: 0x80003d54 (0x00a14433) xor     s0, sp, a0
core   0: 3 0x80003d54 (0x00a14433) x 8 0x00000000
core   0: 0x80003d58 (0x01309f33) sll     t5, ra, s3
core   0: 3 0x80003d58 (0x01309f33) x30 0x00000000
core   0: 0x80003d5c (0x56554493) xori    s1, a0, 1381
core   0: 3 0x80003d5c (0x56554493) x 9 0x00400565
core   0: 0x80003d60 (0x00000013) nop
core   0: 3 0x80003d60 (0x00000013)
core   0: 0x80003d64 (0x00000013) nop
core   0: 3 0x80003d64 (0x00000013)
core   0: 0x80003d68 (0xb05de793) ori     a5, s11, -1275
core   0: 3 0x80003d68 (0xb05de793) x15 0xffffff65
core   0: 0x80003d6c (0x0a366f13) ori     t5, a2, 163
core   0: 3 0x80003d6c (0x0a366f13) x30 0x000000a3
core   0: 0x80003d70 (0x0ab98613) addi    a2, s3, 171
core   0: 3 0x80003d70 (0x0ab98613) x12 0x000000ab
core   0: 0x80003d74 (0x00526bb3) or      s7, tp, t0
core   0: 3 0x80003d74 (0x00526bb3) x23 0x20000001
core   0: 0x80003d78 (0x00463233) sltu    tp, a2, tp
core   0: 3 0x80003d78 (0x00463233) x 4 0x00000000
core   0: 0x80003d7c (0xfbf0e493) ori     s1, ra, -65
core   0: 3 0x80003d7c (0xfbf0e493) x 9 0xffffffbf
core   0: 0x80003d80 (0x010c93b3) sll     t2, s9, a6
core   0: 3 0x80003d80 (0x010c93b3) x 7 0x0002b9c8
core   0: 0x80003d84 (0x00847533) and     a0, s0, s0
core   0: 3 0x80003d84 (0x00847533) x10 0x00000000
core   0: 0x80003d88 (0x40885db3) sra     s11, a6, s0
core   0: 3 0x80003d88 (0x40885db3) x27 0x00000001
core   0: 0x80003d8c (0x00e5c133) xor     sp, a1, a4
core   0: 3 0x80003d8c (0x00e5c133) x 2 0x80400205
core   0: 0x80003d90 (0x00cd89b3) add     s3, s11, a2
core   0: 3 0x80003d90 (0x00cd89b3) x19 0x000000ac
core   0: 0x80003d94 (0x014d57b3) srl     a5, s10, s4
core   0: 3 0x80003d94 (0x014d57b3) x15 0x00000000
core   0: 0x80003d98 (0x44f4c813) xori    a6, s1, 1103
core   0: 3 0x80003d98 (0x44f4c813) x16 0xfffffbf0
core   0: 0x80003d9c (0x40ea0ab3) sub     s5, s4, a4
core   0: 3 0x80003d9c (0x40ea0ab3) x21 0x80000000
core   0: 0x80003da0 (0x00000013) nop
core   0: 3 0x80003da0 (0x00000013)
core   0: 0x80003da4 (0x402504b3) sub     s1, a0, sp
core   0: 3 0x80003da4 (0x402504b3) x 9 0x7fbffdfb
core   0: 0x80003da8 (0x00ae4a33) xor     s4, t3, a0
core   0: 3 0x80003da8 (0x00ae4a33) x20 0x00000000
core   0: 0x80003dac (0x007d7833) and     a6, s10, t2
core   0: 3 0x80003dac (0x007d7833) x16 0x00000000
core   0: 0x80003db0 (0x81112a37) lui     s4, 0x81112
core   0: 3 0x80003db0 (0x81112a37) x20 0x81112000
core   0: 0x80003db4 (0x01791133) sll     sp, s2, s7
core   0: 3 0x80003db4 (0x01791133) x 2 0x40008c00
core   0: 0x80003db8 (0x40e20333) sub     t1, tp, a4
core   0: 3 0x80003db8 (0x40e20333) x 6 0x80000000
core   0: 0x80003dbc (0x425af493) andi    s1, s5, 1061
core   0: 3 0x80003dbc (0x425af493) x 9 0x00000000
core   0: 0x80003dc0 (0xc5a7cf13) xori    t5, a5, -934
core   0: 3 0x80003dc0 (0xc5a7cf13) x30 0xfffffc5a
core   0: 0x80003dc4 (0x00000013) nop
core   0: 3 0x80003dc4 (0x00000013)
core   0: 0x80003dc8 (0x41ff5293) srai    t0, t5, 31
core   0: 3 0x80003dc8 (0x41ff5293) x 5 0xffffffff
core   0: 0x80003dcc (0x52e30793) addi    a5, t1, 1326
core   0: 3 0x80003dcc (0x52e30793) x15 0x8000052e
core   0: 0x80003dd0 (0x866eeb37) lui     s6, 0x866ee
core   0: 3 0x80003dd0 (0x866eeb37) x22 0x866ee000
core   0: 0x80003dd4 (0xdbb4b013) sltiu   zero, s1, -581
core   0: 3 0x80003dd4 (0xdbb4b013)
core   0: 0x80003dd8 (0x00baac33) slt     s8, s5, a1
core   0: 3 0x80003dd8 (0x00baac33) x24 0x00000001
core   0: 0x80003ddc (0x00a85913) srli    s2, a6, 10
core   0: 3 0x80003ddc (0x00a85913) x18 0x00000000
core   0: 0x80003de0 (0x7aa7b593) sltiu   a1, a5, 1962
core   0: 3 0x80003de0 (0x7aa7b593) x11 0x00000000
core   0: 0x80003de4 (0x0079f2b3) and     t0, s3, t2
core   0: 3 0x80003de4 (0x0079f2b3) x 5 0x00000088
core   0: 0x80003de8 (0x9ea5b013) sltiu   zero, a1, -1558
core   0: 3 0x80003de8 (0x9ea5b013)
core   0: 0x80003dec (0xb1218013) addi    zero, gp, -1262
core   0: 3 0x80003dec (0xb1218013)
core   0: 0x80003df0 (0x40b2d493) srai    s1, t0, 11
core   0: 3 0x80003df0 (0x40b2d493) x 9 0x00000000
core   0: 0x80003df4 (0x015e2833) slt     a6, t3, s5
core   0: 3 0x80003df4 (0x015e2833) x16 0x00000000
core   0: 0x80003df8 (0x0172d7b3) srl     a5, t0, s7
core   0: 3 0x80003df8 (0x0172d7b3) x15 0x00000044
core   0: 0x80003dfc (0xaf439a17) auipc   s4, 0xaf439
core   0: 3 0x80003dfc (0xaf439a17) x20 0x2f43cdfc
core   0: 0x80003e00 (0x00b01c13) slli    s8, zero, 11
core   0: 3 0x80003e00 (0x00b01c13) x24 0x00000000
core   0: 0x80003e04 (0xa6b20993) addi    s3, tp, -1429
core   0: 3 0x80003e04 (0xa6b20993) x19 0xfffffa6b
core   0: 0x80003e08 (0x0178ffb3) and     t6, a7, s7
core   0: 3 0x80003e08 (0x0178ffb3) x31 0x20000000
core   0: 0x80003e0c (0x009822b3) slt     t0, a6, s1
core   0: 3 0x80003e0c (0x009822b3) x 5 0x00000000
core   0: 0x80003e10 (0x00eb6933) or      s2, s6, a4
core   0: 3 0x80003e10 (0x00eb6933) x18 0x866ee000
core   0: 0x80003e14 (0x0085d233) srl     tp, a1, s0
core   0: 3 0x80003e14 (0x0085d233) x 4 0x00000000
core   0: 0x80003e18 (0xa065a193) slti    gp, a1, -1530
core   0: 3 0x80003e18 (0xa065a193) x 3 0x00000000
core   0: 0x80003e1c (0x019cc4b3) xor     s1, s9, s9
core   0: 3 0x80003e1c (0x019cc4b3) x 9 0x00000000
core   0: 0x80003e20 (0x000799b3) sll     s3, a5, zero
core   0: 3 0x80003e20 (0x000799b3) x19 0x00000044
core   0: 0x80003e24 (0x0100e533) or      a0, ra, a6
core   0: 3 0x80003e24 (0x0100e533) x10 0x00000000
core   0: 0x80003e28 (0xfe7bff13) andi    t5, s7, -25
core   0: 3 0x80003e28 (0xfe7bff13) x30 0x20000001
core   0: 0x80003e2c (0xcd796293) ori     t0, s2, -809
core   0: 3 0x80003e2c (0xcd796293) x 5 0xfffffcd7
core   0: 0x80003e30 (0x9304b013) sltiu   zero, s1, -1744
core   0: 3 0x80003e30 (0x9304b013)
core   0: 0x80003e34 (0x003e84b3) add     s1, t4, gp
core   0: 3 0x80003e34 (0x003e84b3) x 9 0x80011e64
core   0: 0x80003e38 (0x00329633) sll     a2, t0, gp
core   0: 3 0x80003e38 (0x00329633) x12 0xfffffcd7
core   0: 0x80003e3c (0x0055c833) xor     a6, a1, t0
core   0: 3 0x80003e3c (0x0055c833) x16 0xfffffcd7
core   0: 0x80003e40 (0x8f3f6c17) auipc   s8, 0x8f3f6
core   0: 3 0x80003e40 (0x8f3f6c17) x24 0x0f3f9e40
core   0: 0x80003e44 (0x6c9cc337) lui     t1, 0x6c9cc
core   0: 3 0x80003e44 (0x6c9cc337) x 6 0x6c9cc000
core   0: 0x80003e48 (0x011f1b33) sll     s6, t5, a7
core   0: 3 0x80003e48 (0x011f1b33) x22 0x20000001
core   0: 0x80003e4c (0x40338fb3) sub     t6, t2, gp
core   0: 3 0x80003e4c (0x40338fb3) x31 0x0002b9c8
core   0: 0x80003e50 (0x41765793) srai    a5, a2, 23
core   0: 3 0x80003e50 (0x41765793) x15 0xffffffff
core   0: 0x80003e54 (0x011d3a33) sltu    s4, s10, a7
core   0: 3 0x80003e54 (0x011d3a33) x20 0x00000001
core   0: 0x80003e58 (0x003edfb3) srl     t6, t4, gp
core   0: 3 0x80003e58 (0x003edfb3) x31 0x80011e64
core   0: 0x80003e5c (0x00000013) nop
core   0: 3 0x80003e5c (0x00000013)
core   0: 0x80003e60 (0x40ce5233) sra     tp, t3, a2
core   0: 3 0x80003e60 (0x40ce5233) x 4 0x00000000
core   0: 0x80003e64 (0x00f5d493) srli    s1, a1, 15
core   0: 3 0x80003e64 (0x00f5d493) x 9 0x00000000
core   0: 0x80003e68 (0x12ebbb97) auipc   s7, 0x12ebb
core   0: 3 0x80003e68 (0x12ebbb97) x23 0x92ebee68
core   0: 0x80003e6c (0x83e76d93) ori     s11, a4, -1986
core   0: 3 0x80003e6c (0x83e76d93) x27 0xfffff83e
core   0: 0x80003e70 (0x39f83513) sltiu   a0, a6, 927
core   0: 3 0x80003e70 (0x39f83513) x10 0x00000000
core   0: 0x80003e74 (0x258279b7) lui     s3, 0x25827
core   0: 3 0x80003e74 (0x258279b7) x19 0x25827000
core   0: 0x80003e78 (0x00bd1fb3) sll     t6, s10, a1
core   0: 3 0x80003e78 (0x00bd1fb3) x31 0x00000000
core   0: 0x80003e7c (0x41885d93) srai    s11, a6, 24
core   0: 3 0x80003e7c (0x41885d93) x27 0xffffffff
core   0: 0x80003e80 (0x000ad213) srli    tp, s5, 0
core   0: 3 0x80003e80 (0x000ad213) x 4 0x80000000
core   0: 0x80003e84 (0x013a74b3) and     s1, s4, s3
core   0: 3 0x80003e84 (0x013a74b3) x 9 0x00000000
core   0: 0x80003e88 (0x8419cf93) xori    t6, s3, -1983
core   0: 3 0x80003e88 (0x8419cf93) x31 0xda7d8841
core   0: 0x80003e8c (0x18eba913) slti    s2, s7, 398
core   0: 3 0x80003e8c (0x18eba913) x18 0x00000001
core   0: 0x80003e90 (0x90e87313) andi    t1, a6, -1778
core   0: 3 0x80003e90 (0x90e87313) x 6 0xfffff806
core   0: 0x80003e94 (0x40ac5a33) sra     s4, s8, a0
core   0: 3 0x80003e94 (0x40ac5a33) x20 0x0f3f9e40
core   0: 0x80003e98 (0x01095c33) srl     s8, s2, a6
core   0: 3 0x80003e98 (0x01095c33) x24 0x00000000
core   0: 0x80003e9c (0x00d1ca33) xor     s4, gp, a3
core   0: 3 0x80003e9c (0x00d1ca33) x20 0x00000000
core   0: 0x80003ea0 (0x416d5613) srai    a2, s10, 22
core   0: 3 0x80003ea0 (0x416d5613) x12 0x00000000
core   0: 0x80003ea4 (0x0045c7b3) xor     a5, a1, tp
core   0: 3 0x80003ea4 (0x0045c7b3) x15 0x80000000
core   0: 0x80003ea8 (0x00936bb3) or      s7, t1, s1
core   0: 3 0x80003ea8 (0x00936bb3) x23 0xfffff806
core   0: 0x80003eac (0x97f0d817) auipc   a6, 0x97f0d
core   0: 3 0x80003eac (0x97f0d817) x16 0x17f10eac
core   0: 0x80003eb0 (0xe8393013) sltiu   zero, s2, -381
core   0: 3 0x80003eb0 (0xe8393013)
core   0: 0x80003eb4 (0x00ff3e33) sltu    t3, t5, a5
core   0: 3 0x80003eb4 (0x00ff3e33) x28 0x00000001
core   0: 0x80003eb8 (0x5f4c7313) andi    t1, s8, 1524
core   0: 3 0x80003eb8 (0x5f4c7313) x 6 0x00000000
core   0: 0x80003ebc (0x40788ab3) sub     s5, a7, t2
core   0: 3 0x80003ebc (0x40788ab3) x21 0x3d691638
core   0: 0x80003ec0 (0x003a7833) and     a6, s4, gp
core   0: 3 0x80003ec0 (0x003a7833) x16 0x00000000
core   0: 0x80003ec4 (0x00c926b3) slt     a3, s2, a2
core   0: 3 0x80003ec4 (0x00c926b3) x13 0x00000000
core   0: 0x80003ec8 (0x009b9b13) slli    s6, s7, 9
core   0: 3 0x80003ec8 (0x009b9b13) x22 0xfff00c00
core   0: 0x80003ecc (0x00b2ab13) slti    s6, t0, 11
core   0: 3 0x80003ecc (0x00b2ab13) x22 0x00000001
core   0: 0x80003ed0 (0x0001ac33) slt     s8, gp, zero
core   0: 3 0x80003ed0 (0x0001ac33) x24 0x00000000
core   0: 0x80003ed4 (0x1fb94513) xori    a0, s2, 507
core   0: 3 0x80003ed4 (0x1fb94513) x10 0x000001fa
core   0: 0x80003ed8 (0x91193213) sltiu   tp, s2, -1775
core   0: 3 0x80003ed8 (0x91193213) x 4 0x00000001
core   0: 0x80003edc (0x40668533) sub     a0, a3, t1
core   0: 3 0x80003edc (0x40668533) x10 0x00000000
core   0: 0x80003ee0 (0x28553813) sltiu   a6, a0, 645
core   0: 3 0x80003ee0 (0x28553813) x16 0x00000001
core   0: 0x80003ee4 (0x00641313) slli    t1, s0, 6
core   0: 3 0x80003ee4 (0x00641313) x 6 0x00000000
core   0: 0x80003ee8 (0x016f9393) slli    t2, t6, 22
core   0: 3 0x80003ee8 (0x016f9393) x 7 0x10400000
core   0: 0x80003eec (0x10e1f913) andi    s2, gp, 270
core   0: 3 0x80003eec (0x10e1f913) x18 0x00000000
core   0: 0x80003ef0 (0x01eb63b3) or      t2, s6, t5
core   0: 3 0x80003ef0 (0x01eb63b3) x 7 0x20000001
core   0: 0x80003ef4 (0xc29f2c17) auipc   s8, 0xc29f2
core   0: 3 0x80003ef4 (0xc29f2c17) x24 0x429f5ef4
core   0: 0x80003ef8 (0xc6280f13) addi    t5, a6, -926
core   0: 3 0x80003ef8 (0xc6280f13) x30 0xfffffc63
core   0: 0x80003efc (0x756b8c13) addi    s8, s7, 1878
core   0: 3 0x80003efc (0x756b8c13) x24 0xffffff5c
core   0: 0x80003f00 (0x415b0433) sub     s0, s6, s5
core   0: 3 0x80003f00 (0x415b0433) x 8 0xc296e9c9
core   0: 0x80003f04 (0x4c04c813) xori    a6, s1, 1216
core   0: 3 0x80003f04 (0x4c04c813) x16 0x000004c0
core   0: 0x80003f08 (0x00000013) nop
core   0: 3 0x80003f08 (0x00000013)
core   0: 0x80003f0c (0x012496b3) sll     a3, s1, s2
core   0: 3 0x80003f0c (0x012496b3) x13 0x00000000
core   0: 0x80003f10 (0x009ab433) sltu    s0, s5, s1
core   0: 3 0x80003f10 (0x009ab433) x 8 0x00000000
core   0: 0x80003f14 (0x000aec33) or      s8, s5, zero
core   0: 3 0x80003f14 (0x000aec33) x24 0x3d691638
core   0: 0x80003f18 (0xfcad4db7) lui     s11, 0xfcad4
core   0: 3 0x80003f18 (0xfcad4db7) x27 0xfcad4000
core   0: 0x80003f1c (0x41d95893) srai    a7, s2, 29
core   0: 3 0x80003f1c (0x41d95893) x17 0x00000000
core   0: 0x80003f20 (0x41e5d013) srai    zero, a1, 30
core   0: 3 0x80003f20 (0x41e5d013)
core   0: 0x80003f24 (0x3ac32213) slti    tp, t1, 940
core   0: 3 0x80003f24 (0x3ac32213) x 4 0x00000001
core   0: 0x80003f28 (0x525f0113) addi    sp, t5, 1317
core   0: 3 0x80003f28 (0x525f0113) x 2 0x00000188
core   0: 0x80003f2c (0x00b50333) add     t1, a0, a1
core   0: 3 0x80003f2c (0x00b50333) x 6 0x00000000
core   0: 0x80003f30 (0x71ae8413) addi    s0, t4, 1818
core   0: 3 0x80003f30 (0x71ae8413) x 8 0x8001257e
core   0: 0x80003f34 (0x003e91b3) sll     gp, t4, gp
core   0: 3 0x80003f34 (0x003e91b3) x 3 0x80011e64
core   0: 0x80003f38 (0x012a0fb3) add     t6, s4, s2
core   0: 3 0x80003f38 (0x012a0fb3) x31 0x00000000
core   0: 0x80003f3c (0x5887b593) sltiu   a1, a5, 1416
core   0: 3 0x80003f3c (0x5887b593) x11 0x00000000
core   0: 0x80003f40 (0x12dd7b13) andi    s6, s10, 301
core   0: 3 0x80003f40 (0x12dd7b13) x22 0x00000000
core   0: 0x80003f44 (0x41465d93) srai    s11, a2, 20
core   0: 3 0x80003f44 (0x41465d93) x27 0x00000000
core   0: 0x80003f48 (0x015cda33) srl     s4, s9, s5
core   0: 3 0x80003f48 (0x015cda33) x20 0x00000080
core   0: 0x80003f4c (0x010fc833) xor     a6, t6, a6
core   0: 3 0x80003f4c (0x010fc833) x16 0x000004c0
core   0: 0x80003f50 (0x00c260b3) or      ra, tp, a2
core   0: 3 0x80003f50 (0x00c260b3) x 1 0x00000001
core   0: 0x80003f54 (0x41ea5c33) sra     s8, s4, t5
core   0: 3 0x80003f54 (0x41ea5c33) x24 0x00000010
core   0: 0x80003f58 (0x0073a8b3) slt     a7, t2, t2
core   0: 3 0x80003f58 (0x0073a8b3) x17 0x00000000
core   0: 0x80003f5c (0x402fda13) srai    s4, t6, 2
core   0: 3 0x80003f5c (0x402fda13) x20 0x00000000
core   0: 0x80003f60 (0x000f59b3) srl     s3, t5, zero
core   0: 3 0x80003f60 (0x000f59b3) x19 0xfffffc63
core   0: 0x80003f64 (0xcd414793) xori    a5, sp, -812
core   0: 3 0x80003f64 (0xcd414793) x15 0xfffffd5c
core   0: 0x80003f68 (0x403f5393) srai    t2, t5, 3
core   0: 3 0x80003f68 (0x403f5393) x 7 0xffffff8c
core   0: 0x80003f6c (0x90c96393) ori     t2, s2, -1780
core   0: 3 0x80003f6c (0x90c96393) x 7 0xfffff90c
core   0: 0x80003f70 (0xcf083297) auipc   t0, 0xcf083
core   0: 3 0x80003f70 (0xcf083297) x 5 0x4f086f70
core   0: 0x80003f74 (0x01e22db3) slt     s11, tp, t5
core   0: 3 0x80003f74 (0x01e22db3) x27 0x00000000
core   0: 0x80003f78 (0x691cab13) slti    s6, s9, 1681
core   0: 3 0x80003f78 (0x691cab13) x22 0x00000001
core   0: 0x80003f7c (0x6f93b393) sltiu   t2, t2, 1785
core   0: 3 0x80003f7c (0x6f93b393) x 7 0x00000000
core   0: 0x80003f80 (0x0148a333) slt     t1, a7, s4
core   0: 3 0x80003f80 (0x0148a333) x 6 0x00000000
core   0: 0x80003f84 (0x01e1bab3) sltu    s5, gp, t5
core   0: 3 0x80003f84 (0x01e1bab3) x21 0x00000001
core   0: 0x80003f88 (0x01001d33) sll     s10, zero, a6
core   0: 3 0x80003f88 (0x01001d33) x26 0x00000000
core   0: 0x80003f8c (0x01bddbb3) srl     s7, s11, s11
core   0: 3 0x80003f8c (0x01bddbb3) x23 0x00000000
core   0: 0x80003f90 (0xef658113) addi    sp, a1, -266
core   0: 3 0x80003f90 (0xef658113) x 2 0xfffffef6
core   0: 0x80003f94 (0x01775513) srli    a0, a4, 23
core   0: 3 0x80003f94 (0x01775513) x10 0x00000100
core   0: 0x80003f98 (0x0017fb33) and     s6, a5, ra
core   0: 3 0x80003f98 (0x0017fb33) x22 0x00000000
core   0: 0x80003f9c (0x003c5833) srl     a6, s8, gp
core   0: 3 0x80003f9c (0x003c5833) x16 0x00000001
core   0: 0x80003fa0 (0x0018ed33) or      s10, a7, ra
core   0: 3 0x80003fa0 (0x0018ed33) x26 0x00000001
core   0: 0x80003fa4 (0x01341c13) slli    s8, s0, 19
core   0: 3 0x80003fa4 (0x01341c13) x24 0x2bf00000
core   0: 0x80003fa8 (0x01109a33) sll     s4, ra, a7
core   0: 3 0x80003fa8 (0x01109a33) x20 0x00000001
core   0: 0x80003fac (0x4060d3b3) sra     t2, ra, t1
core   0: 3 0x80003fac (0x4060d3b3) x 7 0x00000001
core   0: 0x80003fb0 (0x0dd82493) slti    s1, a6, 221
core   0: 3 0x80003fb0 (0x0dd82493) x 9 0x00000001
core   0: 0x80003fb4 (0x00cd9013) slli    zero, s11, 12
core   0: 3 0x80003fb4 (0x00cd9013)
core   0: 0x80003fb8 (0x00000013) nop
core   0: 3 0x80003fb8 (0x00000013)
core   0: 0x80003fbc (0x003b21b3) slt     gp, s6, gp
core   0: 3 0x80003fbc (0x003b21b3) x 3 0x00000000
core   0: 0x80003fc0 (0x01cb9f33) sll     t5, s7, t3
core   0: 3 0x80003fc0 (0x01cb9f33) x30 0x00000000
core   0: 0x80003fc4 (0x40d2ddb3) sra     s11, t0, a3
core   0: 3 0x80003fc4 (0x40d2ddb3) x27 0x4f086f70
core   0: 0x80003fc8 (0x0071b133) sltu    sp, gp, t2
core   0: 3 0x80003fc8 (0x0071b133) x 2 0x00000001
core   0: 0x80003fcc (0x01edee33) or      t3, s11, t5
core   0: 3 0x80003fcc (0x01edee33) x28 0x4f086f70
core   0: 0x80003fd0 (0x40b58c33) sub     s8, a1, a1
core   0: 3 0x80003fd0 (0x40b58c33) x24 0x00000000
core   0: 0x80003fd4 (0x008479b3) and     s3, s0, s0
core   0: 3 0x80003fd4 (0x008479b3) x19 0x8001257e
core   0: 0x80003fd8 (0x01ff94b3) sll     s1, t6, t6
core   0: 3 0x80003fd8 (0x01ff94b3) x 9 0x00000000
core   0: 0x80003fdc (0x2ded0f97) auipc   t6, 0x2ded0
core   0: 3 0x80003fdc (0x2ded0f97) x31 0xaded3fdc
core   0: 0x80003fe0 (0x006f66b3) or      a3, t5, t1
core   0: 3 0x80003fe0 (0x006f66b3) x13 0x00000000
core   0: 0x80003fe4 (0x4bce3b13) sltiu   s6, t3, 1212
core   0: 3 0x80003fe4 (0x4bce3b13) x22 0x00000000
core   0: 0x80003fe8 (0x41a65f13) srai    t5, a2, 26
core   0: 3 0x80003fe8 (0x41a65f13) x30 0x00000000
core   0: 0x80003fec (0xe8d0e093) ori     ra, ra, -371
core   0: 3 0x80003fec (0xe8d0e093) x 1 0xfffffe8d
core   0: 0x80003ff0 (0x01d10133) add     sp, sp, t4
core   0: 3 0x80003ff0 (0x01d10133) x 2 0x80011e65
core   0: 0x80003ff4 (0xf8dee893) ori     a7, t4, -115
core   0: 3 0x80003ff4 (0xf8dee893) x17 0xffffffed
core   0: 0x80003ff8 (0x00b73e33) sltu    t3, a4, a1
core   0: 3 0x80003ff8 (0x00b73e33) x28 0x00000000
core   0: 0x80003ffc (0x41590fb3) sub     t6, s2, s5
core   0: 3 0x80003ffc (0x41590fb3) x31 0xffffffff
core   0: 0x80004000 (0x573f2613) slti    a2, t5, 1395
core   0: 3 0x80004000 (0x573f2613) x12 0x00000001
core   0: 0x80004004 (0x40fa5e13) srai    t3, s4, 15
core   0: 3 0x80004004 (0x40fa5e13) x28 0x00000000
core   0: 0x80004008 (0xd4342393) slti    t2, s0, -701
core   0: 3 0x80004008 (0xd4342393) x 7 0x00000001
core   0: 0x8000400c (0x54814113) xori    sp, sp, 1352
core   0: 3 0x8000400c (0x54814113) x 2 0x80011b2d
core   0: 0x80004010 (0x007f84b3) add     s1, t6, t2
core   0: 3 0x80004010 (0x007f84b3) x 9 0x00000000
core   0: 0x80004014 (0x2481f893) andi    a7, gp, 584
core   0: 3 0x80004014 (0x2481f893) x17 0x00000000
core   0: 0x80004018 (0x67294f97) auipc   t6, 0x67294
core   0: 3 0x80004018 (0x67294f97) x31 0xe7298018
core   0: 0x8000401c (0x011926b3) slt     a3, s2, a7
core   0: 3 0x8000401c (0x011926b3) x13 0x00000000
core   0: 0x80004020 (0x0093b033) sltu    zero, t2, s1
core   0: 3 0x80004020 (0x0093b033)
core   0: 0x80004024 (0x983c7db7) lui     s11, 0x983c7
core   0: 3 0x80004024 (0x983c7db7) x27 0x983c7000
core   0: 0x80004028 (0x6e40b693) sltiu   a3, ra, 1764
core   0: 3 0x80004028 (0x6e40b693) x13 0x00000000
core   0: 0x8000402c (0x00569a33) sll     s4, a3, t0
core   0: 3 0x8000402c (0x00569a33) x20 0x00000000
core   0: 0x80004030 (0x019d1793) slli    a5, s10, 25
core   0: 3 0x80004030 (0x019d1793) x15 0x02000000
core   0: 0x80004034 (0x01585c13) srli    s8, a6, 21
core   0: 3 0x80004034 (0x01585c13) x24 0x00000000
core   0: 0x80004038 (0xc6c129b7) lui     s3, 0xc6c12
core   0: 3 0x80004038 (0xc6c129b7) x19 0xc6c12000
core   0: 0x8000403c (0x01e675b3) and     a1, a2, t5
core   0: 3 0x8000403c (0x01e675b3) x11 0x00000000
core   0: 0x80004040 (0x48161097) auipc   ra, 0x48161
core   0: 3 0x80004040 (0x48161097) x 1 0xc8165040
core   0: 0x80004044 (0x45dc6a93) ori     s5, s8, 1117
core   0: 3 0x80004044 (0x45dc6a93) x21 0x0000045d
core   0: 0x80004048 (0x0160d4b3) srl     s1, ra, s6
core   0: 3 0x80004048 (0x0160d4b3) x 9 0xc8165040
core   0: 0x8000404c (0x01129db3) sll     s11, t0, a7
core   0: 3 0x8000404c (0x01129db3) x27 0x4f086f70
core   0: 0x80004050 (0x01d9edb3) or      s11, s3, t4
core   0: 3 0x80004050 (0x01d9edb3) x27 0xc6c13e64
core   0: 0x80004054 (0x93623e13) sltiu   t3, tp, -1738
core   0: 3 0x80004054 (0x93623e13) x28 0x00000001
core   0: 0x80004058 (0x40b709b3) sub     s3, a4, a1
core   0: 3 0x80004058 (0x40b709b3) x19 0x80000000
core   0: 0x8000405c (0x01b4ea33) or      s4, s1, s11
core   0: 3 0x8000405c (0x01b4ea33) x20 0xced77e64
core   0: 0x80004060 (0x0073df33) srl     t5, t2, t2
core   0: 3 0x80004060 (0x0073df33) x30 0x00000000
core   0: 0x80004064 (0x41670933) sub     s2, a4, s6
core   0: 3 0x80004064 (0x41670933) x18 0x80000000
core   0: 0x80004068 (0xd986f513) andi    a0, a3, -616
core   0: 3 0x80004068 (0xd986f513) x10 0x00000000
core   0: 0x8000406c (0x002d6c33) or      s8, s10, sp
core   0: 3 0x8000406c (0x002d6c33) x24 0x80011b2d
core   0: 0x80004070 (0x36dacfb7) lui     t6, 0x36dac
core   0: 3 0x80004070 (0x36dacfb7) x31 0x36dac000
core   0: 0x80004074 (0x00000013) nop
core   0: 3 0x80004074 (0x00000013)
core   0: 0x80004078 (0x0096ca33) xor     s4, a3, s1
core   0: 3 0x80004078 (0x0096ca33) x20 0xc8165040
core   0: 0x8000407c (0x010f1833) sll     a6, t5, a6
core   0: 3 0x8000407c (0x010f1833) x16 0x00000000
core   0: 0x80004080 (0x01d45db3) srl     s11, s0, t4
core   0: 3 0x80004080 (0x01d45db3) x27 0x08001257
core   0: 0x80004084 (0x01cc2c33) slt     s8, s8, t3
core   0: 3 0x80004084 (0x01cc2c33) x24 0x00000001
core   0: 0x80004088 (0x8f747313) andi    t1, s0, -1801
core   0: 3 0x80004088 (0x8f747313) x 6 0x80012076
core   0: 0x8000408c (0x8ba4db97) auipc   s7, 0x8ba4d
core   0: 3 0x8000408c (0x8ba4db97) x23 0x0ba5108c
core   0: 0x80004090 (0x015b0b33) add     s6, s6, s5
core   0: 3 0x80004090 (0x015b0b33) x22 0x0000045d
core   0: 0x80004094 (0x4075db13) srai    s6, a1, 7
core   0: 3 0x80004094 (0x4075db13) x22 0x00000000
core   0: 0x80004098 (0x00000013) nop
core   0: 3 0x80004098 (0x00000013)
core   0: 0x8000409c (0x010cb033) sltu    zero, s9, a6
core   0: 3 0x8000409c (0x010cb033)
core   0: 0x800040a0 (0x00000893) li      a7, 0
core   0: 3 0x800040a0 (0x00000893) x17 0x00000000
core   0: 0x800040a4 (0x800003b7) lui     t2, 0x80000
core   0: 3 0x800040a4 (0x800003b7) x 7 0x80000000
core   0: 0x800040a8 (0xfff00413) li      s0, -1
core   0: 3 0x800040a8 (0xfff00413) x 8 0xffffffff
core   0: 0x800040ac (0x28d92e37) lui     t3, 0x28d92
core   0: 3 0x800040ac (0x28d92e37) x28 0x28d92000
core   0: 0x800040b0 (0x500e0e13) addi    t3, t3, 1280
core   0: 3 0x800040b0 (0x500e0e13) x28 0x28d92500
core   0: 0x800040b4 (0x733d90b7) lui     ra, 0x733d9
core   0: 3 0x800040b4 (0x733d90b7) x 1 0x733d9000
core   0: 0x800040b8 (0x01508093) addi    ra, ra, 21
core   0: 3 0x800040b8 (0x01508093) x 1 0x733d9015
core   0: 0x800040bc (0x80000c37) lui     s8, 0x80000
core   0: 3 0x800040bc (0x80000c37) x24 0x80000000
core   0: 0x800040c0 (0x80000337) lui     t1, 0x80000
core   0: 3 0x800040c0 (0x80000337) x 6 0x80000000
core   0: 0x800040c4 (0x00000a93) li      s5, 0
core   0: 3 0x800040c4 (0x00000a93) x21 0x00000000
core   0: 0x800040c8 (0x800001b7) lui     gp, 0x80000
core   0: 3 0x800040c8 (0x800001b7) x 3 0x80000000
core   0: 0x800040cc (0x800002b7) lui     t0, 0x80000
core   0: 3 0x800040cc (0x800002b7) x 5 0x80000000
core   0: 0x800040d0 (0xe85c0a93) addi    s5, s8, -379
core   0: 3 0x800040d0 (0xe85c0a93) x21 0x7ffffe85
core   0: 0x800040d4 (0x00000013) nop
core   0: 3 0x800040d4 (0x00000013)
core   0: 0x800040d8 (0xf5fe13b7) lui     t2, 0xf5fe1
core   0: 3 0x800040d8 (0xf5fe13b7) x 7 0xf5fe1000
core   0: 0x800040dc (0x411408b3) sub     a7, s0, a7
core   0: 3 0x800040dc (0x411408b3) x17 0xffffffff
core   0: 0x800040e0 (0x411c0e33) sub     t3, s8, a7
core   0: 3 0x800040e0 (0x411c0e33) x28 0x80000001
core   0: 0x800040e4 (0xdeaad297) auipc   t0, 0xdeaad
core   0: 3 0x800040e4 (0xdeaad297) x 5 0x5eab10e4
core   0: 0x800040e8 (0x40530ab3) sub     s5, t1, t0
core   0: 3 0x800040e8 (0x40530ab3) x21 0x2154ef1c
core   0: 0x800040ec (0x29738313) addi    t1, t2, 663
core   0: 3 0x800040ec (0x29738313) x 6 0xf5fe1297
core   0: 0x800040f0 (0x0e7e0093) addi    ra, t3, 231
core   0: 3 0x800040f0 (0x0e7e0093) x 1 0x800000e8
core   0: 0x800040f4 (0x40328c33) sub     s8, t0, gp
core   0: 3 0x800040f4 (0x40328c33) x24 0xdeab10e4
core   0: 0x800040f8 (0xc1118093) addi    ra, gp, -1007
core   0: 3 0x800040f8 (0xc1118093) x 1 0x7ffffc11
core   0: 0x800040fc (0x401c0ab3) sub     s5, s8, ra
core   0: 3 0x800040fc (0x401c0ab3) x21 0x5eab14d3
core   0: 0x80004100 (0xcc0a8413) addi    s0, s5, -832
core   0: 3 0x80004100 (0xcc0a8413) x 8 0x5eab1193
core   0: 0x80004104 (0x00000013) nop
core   0: 3 0x80004104 (0x00000013)
core   0: 0x80004108 (0x0acd7337) lui     t1, 0xacd7
core   0: 3 0x80004108 (0x0acd7337) x 6 0x0acd7000
core   0: 0x8000410c (0x88286417) auipc   s0, 0x88286
core   0: 3 0x8000410c (0x88286417) x 8 0x0828a10c
core   0: 0x80004110 (0xf5a05397) auipc   t2, 0xf5a05
core   0: 3 0x80004110 (0xf5a05397) x 7 0x75a09110
core   0: 0x80004114 (0x403a8333) sub     t1, s5, gp
core   0: 3 0x80004114 (0x403a8333) x 6 0xdeab14d3
core   0: 0x80004118 (0x00000013) nop
core   0: 3 0x80004118 (0x00000013)
core   0: 0x8000411c (0x411082b3) sub     t0, ra, a7
core   0: 3 0x8000411c (0x411082b3) x 5 0x7ffffc12
core   0: 0x80004120 (0x00000013) nop
core   0: 3 0x80004120 (0x00000013)
core   0: 0x80004124 (0x62b15197) auipc   gp, 0x62b15
core   0: 3 0x80004124 (0x62b15197) x 3 0xe2b19124
core   0: 0x80004128 (0x00000013) nop
core   0: 3 0x80004128 (0x00000013)
core   0: 0x8000412c (0x06b40393) addi    t2, s0, 107
core   0: 3 0x8000412c (0x06b40393) x 7 0x0828a177
core   0: 0x80004130 (0x37ca62b7) lui     t0, 0x37ca6
core   0: 3 0x80004130 (0x37ca62b7) x 5 0x37ca6000
core   0: 0x80004134 (0xc6dcf493) andi    s1, s9, -915
core   0: 3 0x80004134 (0xc6dcf493) x 9 0x80015c64
core   0: 0x80004138 (0x00c19633) sll     a2, gp, a2
core   0: 3 0x80004138 (0x00c19633) x12 0xc5632248
core   0: 0x8000413c (0x4e2c7a13) andi    s4, s8, 1250
core   0: 3 0x8000413c (0x4e2c7a13) x20 0x000000e0
core   0: 0x80004140 (0x00e60133) add     sp, a2, a4
core   0: 3 0x80004140 (0x00e60133) x 2 0x45632248
core   0: 0x80004144 (0x016e5693) srli    a3, t3, 22
core   0: 3 0x80004144 (0x016e5693) x13 0x00000200
core   0: 0x80004148 (0x002503b3) add     t2, a0, sp
core   0: 3 0x80004148 (0x002503b3) x 7 0x45632248
core   0: 0x8000414c (0x81947093) andi    ra, s0, -2023
core   0: 3 0x8000414c (0x81947093) x 1 0x0828a008
core   0: 0x80004150 (0x7200bd93) sltiu   s11, ra, 1824
core   0: 3 0x80004150 (0x7200bd93) x27 0x00000000
core   0: 0x80004154 (0xbcb57193) andi    gp, a0, -1077
core   0: 3 0x80004154 (0xbcb57193) x 3 0x00000000
core   0: 0x80004158 (0x018cdbb3) srl     s7, s9, s8
core   0: 3 0x80004158 (0x018cdbb3) x23 0x080015ce
core   0: 0x8000415c (0x7a26f593) andi    a1, a3, 1954
core   0: 3 0x8000415c (0x7a26f593) x11 0x00000200
core   0: 0x80004160 (0xccdb8213) addi    tp, s7, -819
core   0: 3 0x80004160 (0xccdb8213) x 4 0x0800129b
core   0: 0x80004164 (0x00b79233) sll     tp, a5, a1
core   0: 3 0x80004164 (0x00b79233) x 4 0x02000000
core   0: 0x80004168 (0x02abf7b7) lui     a5, 0x2abf
core   0: 3 0x80004168 (0x02abf7b7) x15 0x02abf000
core   0: 0x8000416c (0x000275b3) and     a1, tp, zero
core   0: 3 0x8000416c (0x000275b3) x11 0x00000000
core   0: 0x80004170 (0x00000013) nop
core   0: 3 0x80004170 (0x00000013)
core   0: 0x80004174 (0x4089dfb3) sra     t6, s3, s0
core   0: 3 0x80004174 (0x4089dfb3) x31 0xfff80000
core   0: 0x80004178 (0x01add7b3) srl     a5, s11, s10
core   0: 3 0x80004178 (0x01add7b3) x15 0x00000000
core   0: 0x8000417c (0x00437433) and     s0, t1, tp
core   0: 3 0x8000417c (0x00437433) x 8 0x02000000
core   0: 0x80004180 (0xc8b93913) sltiu   s2, s2, -885
core   0: 3 0x80004180 (0xc8b93913) x18 0x00000001
core   0: 0x80004184 (0x22484893) xori    a7, a6, 548
core   0: 3 0x80004184 (0x22484893) x17 0x00000224
core   0: 0x80004188 (0x0066d833) srl     a6, a3, t1
core   0: 3 0x80004188 (0x0066d833) x16 0x00000000
core   0: 0x8000418c (0x410f06b3) sub     a3, t5, a6
core   0: 3 0x8000418c (0x410f06b3) x13 0x00000000
core   0: 0x80004190 (0x01fcd8b3) srl     a7, s9, t6
core   0: 3 0x80004190 (0x01fcd8b3) x17 0x80015ce4
core   0: 0x80004194 (0xc7b96a93) ori     s5, s2, -901
core   0: 3 0x80004194 (0xc7b96a93) x21 0xfffffc7b
core   0: 0x80004198 (0x01189213) slli    tp, a7, 17
core   0: 3 0x80004198 (0x01189213) x 4 0xb9c80000
core   0: 0x8000419c (0x002b02b3) add     t0, s6, sp
core   0: 3 0x8000419c (0x002b02b3) x 5 0x45632248
core   0: 0x800041a0 (0x01ed9813) slli    a6, s11, 30
core   0: 3 0x800041a0 (0x01ed9813) x16 0x00000000
core   0: 0x800041a4 (0x00804d33) xor     s10, zero, s0
core   0: 3 0x800041a4 (0x00804d33) x26 0x02000000
core   0: 0x800041a8 (0x00483b33) sltu    s6, a6, tp
core   0: 3 0x800041a8 (0x00483b33) x22 0x00000001
core   0: 0x800041ac (0x01e1a933) slt     s2, gp, t5
core   0: 3 0x800041ac (0x01e1a933) x18 0x00000000
core   0: 0x800041b0 (0x3e2f7693) andi    a3, t5, 994
core   0: 3 0x800041b0 (0x3e2f7693) x13 0x00000000
core   0: 0x800041b4 (0x017925b3) slt     a1, s2, s7
core   0: 3 0x800041b4 (0x017925b3) x11 0x00000001
core   0: 0x800041b8 (0x003bd6b3) srl     a3, s7, gp
core   0: 3 0x800041b8 (0x003bd6b3) x13 0x080015ce
core   0: 0x800041bc (0x00996d33) or      s10, s2, s1
core   0: 3 0x800041bc (0x00996d33) x26 0x80015c64
core   0: 0x800041c0 (0x00439ab3) sll     s5, t2, tp
core   0: 3 0x800041c0 (0x00439ab3) x21 0x45632248
core   0: 0x800041c4 (0x25bd4d13) xori    s10, s10, 603
core   0: 3 0x800041c4 (0x25bd4d13) x26 0x80015e3f
core   0: 0x800041c8 (0x12c47f93) andi    t6, s0, 300
core   0: 3 0x800041c8 (0x12c47f93) x31 0x00000000
core   0: 0x800041cc (0x40aa5b93) srai    s7, s4, 10
core   0: 3 0x800041cc (0x40aa5b93) x23 0x00000000
core   0: 0x800041d0 (0x0026c5b3) xor     a1, a3, sp
core   0: 3 0x800041d0 (0x0026c5b3) x11 0x4d633786
core   0: 0x800041d4 (0x72cea6b7) lui     a3, 0x72cea
core   0: 3 0x800041d4 (0x72cea6b7) x13 0x72cea000
core   0: 0x800041d8 (0x80000337) lui     t1, 0x80000
core   0: 3 0x800041d8 (0x80000337) x 6 0x80000000
core   0: 0x800041dc (0xfff00d13) li      s10, -1
core   0: 3 0x800041dc (0xfff00d13) x26 0xffffffff
core   0: 0x800041e0 (0xfff00e13) li      t3, -1
core   0: 3 0x800041e0 (0xfff00e13) x28 0xffffffff
core   0: 0x800041e4 (0xc61786b7) lui     a3, 0xc6178
core   0: 3 0x800041e4 (0xc61786b7) x13 0xc6178000
core   0: 0x800041e8 (0x64368693) addi    a3, a3, 1603
core   0: 3 0x800041e8 (0x64368693) x13 0xc6178643
core   0: 0x800041ec (0x80000fb7) lui     t6, 0x80000
core   0: 3 0x800041ec (0x80000fb7) x31 0x80000000
core   0: 0x800041f0 (0x00000093) li      ra, 0
core   0: 3 0x800041f0 (0x00000093) x 1 0x00000000
core   0: 0x800041f4 (0xd86f7537) lui     a0, 0xd86f7
core   0: 3 0x800041f4 (0xd86f7537) x10 0xd86f7000
core   0: 0x800041f8 (0xd4250513) addi    a0, a0, -702
core   0: 3 0x800041f8 (0xd4250513) x10 0xd86f6d42
core   0: 0x800041fc (0x800009b7) lui     s3, 0x80000
core   0: 3 0x800041fc (0x800009b7) x19 0x80000000
core   0: 0x80004200 (0x2b79fc37) lui     s8, 0x2b79f
core   0: 3 0x80004200 (0x2b79fc37) x24 0x2b79f000
core   0: 0x80004204 (0xb7ac0c13) addi    s8, s8, -1158
core   0: 3 0x80004204 (0xb7ac0c13) x24 0x2b79eb7a
core   0: 0x80004208 (0x00000193) li      gp, 0
core   0: 3 0x80004208 (0x00000193) x 3 0x00000000
core   0: 0x8000420c (0x5a5e0693) addi    a3, t3, 1445
core   0: 3 0x8000420c (0x5a5e0693) x13 0x000005a4
core   0: 0x80004210 (0x406681b3) sub     gp, a3, t1
core   0: 3 0x80004210 (0x406681b3) x 3 0x800005a4
core   0: 0x80004214 (0x013986b3) add     a3, s3, s3
core   0: 3 0x80004214 (0x013986b3) x13 0x00000000
core   0: 0x80004218 (0x66898e13) addi    t3, s3, 1640
core   0: 3 0x80004218 (0x66898e13) x28 0x80000668
core   0: 0x8000421c (0x00000013) nop
core   0: 3 0x8000421c (0x00000013)
core   0: 0x80004220 (0x22dd0c13) addi    s8, s10, 557
core   0: 3 0x80004220 (0x22dd0c13) x24 0x0000022c
core   0: 0x80004224 (0x00000013) nop
core   0: 3 0x80004224 (0x00000013)
core   0: 0x80004228 (0x62b4b997) auipc   s3, 0x62b4b
core   0: 3 0x80004228 (0x62b4b997) x19 0xe2b4f228
core   0: 0x8000422c (0x00000013) nop
core   0: 3 0x8000422c (0x00000013)
core   0: 0x80004230 (0x00000013) nop
core   0: 3 0x80004230 (0x00000013)
core   0: 0x80004234 (0x406080b3) sub     ra, ra, t1
core   0: 3 0x80004234 (0x406080b3) x 1 0x80000000
core   0: 0x80004238 (0x40de09b3) sub     s3, t3, a3
core   0: 3 0x80004238 (0x40de09b3) x19 0x80000668
core   0: 0x8000423c (0x00000013) nop
core   0: 3 0x8000423c (0x00000013)
core   0: 0x80004240 (0x632a0537) lui     a0, 0x632a0
core   0: 3 0x80004240 (0x632a0537) x10 0x632a0000
core   0: 0x80004244 (0x40698d33) sub     s10, s3, t1
core   0: 3 0x80004244 (0x40698d33) x26 0x00000668
core   0: 0x80004248 (0x00000013) nop
core   0: 3 0x80004248 (0x00000013)
core   0: 0x8000424c (0x16450e13) addi    t3, a0, 356
core   0: 3 0x8000424c (0x16450e13) x28 0x632a0164
core   0: 0x80004250 (0x00000013) nop
core   0: 3 0x80004250 (0x00000013)
core   0: 0x80004254 (0x00000013) nop
core   0: 3 0x80004254 (0x00000013)
core   0: 0x80004258 (0x0d9fcfb7) lui     t6, 0xd9fc
core   0: 3 0x80004258 (0x0d9fcfb7) x31 0x0d9fc000
core   0: 0x8000425c (0x40330c33) sub     s8, t1, gp
core   0: 3 0x8000425c (0x40330c33) x24 0xfffffa5c
core   0: 0x80004260 (0xb07b0e17) auipc   t3, 0xb07b0
core   0: 3 0x80004260 (0xb07b0e17) x28 0x307b4260
core   0: 0x80004264 (0xaa303f97) auipc   t6, 0xaa303
core   0: 3 0x80004264 (0xaa303f97) x31 0x2a307264
core   0: 0x80004268 (0xd0902197) auipc   gp, 0xd0902
core   0: 3 0x80004268 (0xd0902197) x 3 0x50906268
core   0: 0x8000426c (0x005524b3) slt     s1, a0, t0
core   0: 3 0x8000426c (0x005524b3) x 9 0x00000000
core   0: 0x80004270 (0x00936833) or      a6, t1, s1
core   0: 3 0x80004270 (0x00936833) x16 0x80000000
core   0: 0x80004274 (0x416c0e33) sub     t3, s8, s6
core   0: 3 0x80004274 (0x416c0e33) x28 0xfffffa5b
core   0: 0x80004278 (0x010819b3) sll     s3, a6, a6
core   0: 3 0x80004278 (0x010819b3) x19 0x80000000
core   0: 0x8000427c (0x010aa1b3) slt     gp, s5, a6
core   0: 3 0x8000427c (0x010aa1b3) x 3 0x00000000
core   0: 0x80004280 (0xd387af13) slti    t5, a5, -712
core   0: 3 0x80004280 (0xd387af13) x30 0x00000000
core   0: 0x80004284 (0x00000013) nop
core   0: 3 0x80004284 (0x00000013)
core   0: 0x80004288 (0xc536ae13) slti    t3, a3, -941
core   0: 3 0x80004288 (0xc536ae13) x28 0x00000000
core   0: 0x8000428c (0x41205113) srai    sp, zero, 18
core   0: 3 0x8000428c (0x41205113) x 2 0x00000000
core   0: 0x80004290 (0x50f76493) ori     s1, a4, 1295
core   0: 3 0x80004290 (0x50f76493) x 9 0x8000050f
core   0: 0x80004294 (0x0105b9b3) sltu    s3, a1, a6
core   0: 3 0x80004294 (0x0105b9b3) x19 0x00000001
core   0: 0x80004298 (0x41c15993) srai    s3, sp, 28
core   0: 3 0x80004298 (0x41c15993) x19 0x00000000
core   0: 0x8000429c (0x009f7c33) and     s8, t5, s1
core   0: 3 0x8000429c (0x009f7c33) x24 0x00000000
core   0: 0x800042a0 (0x40a25913) srai    s2, tp, 10
core   0: 3 0x800042a0 (0x40a25913) x18 0xffee7200
core   0: 0x800042a4 (0x01cd3c33) sltu    s8, s10, t3
core   0: 3 0x800042a4 (0x01cd3c33) x24 0x00000000
core   0: 0x800042a8 (0xb3478437) lui     s0, 0xb3478
core   0: 3 0x800042a8 (0xb3478437) x 8 0xb3478000
core   0: 0x800042ac (0x011cb333) sltu    t1, s9, a7
core   0: 3 0x800042ac (0x011cb333) x 6 0x00000000
core   0: 0x800042b0 (0x0018c433) xor     s0, a7, ra
core   0: 3 0x800042b0 (0x0018c433) x 8 0x00015ce4
core   0: 0x800042b4 (0xb05ec113) xori    sp, t4, -1275
core   0: 3 0x800042b4 (0xb05ec113) x 2 0x7ffee561
core   0: 0x800042b8 (0xca360217) auipc   tp, 0xca360
core   0: 3 0x800042b8 (0xca360217) x 4 0x4a3642b8
core   0: 0x800042bc (0x0138f933) and     s2, a7, s3
core   0: 3 0x800042bc (0x0138f933) x18 0x00000000
core   0: 0x800042c0 (0x01cc5133) srl     sp, s8, t3
core   0: 3 0x800042c0 (0x01cc5133) x 2 0x00000000
core   0: 0x800042c4 (0x00f9a3b3) slt     t2, s3, a5
core   0: 3 0x800042c4 (0x00f9a3b3) x 7 0x00000000
core   0: 0x800042c8 (0x2e92bd93) sltiu   s11, t0, 745
core   0: 3 0x800042c8 (0x2e92bd93) x27 0x00000000
core   0: 0x800042cc (0x00000013) nop
core   0: 3 0x800042cc (0x00000013)
core   0: 0x800042d0 (0x00a0c433) xor     s0, ra, a0
core   0: 3 0x800042d0 (0x00a0c433) x 8 0xe32a0000
core   0: 0x800042d4 (0x40908333) sub     t1, ra, s1
core   0: 3 0x800042d4 (0x40908333) x 6 0xfffffaf1
core   0: 0x800042d8 (0x02700813) li      a6, 39
core   0: 3 0x800042d8 (0x02700813) x16 0x00000027
core   0: 0x800042dc (0x00cc1913) slli    s2, s8, 12
core   0: 3 0x800042dc (0x00cc1913) x18 0x00000000
core   0: 0x800042e0 (0x016c8633) add     a2, s9, s6
core   0: 3 0x800042e0 (0x016c8633) x12 0x80015ce5
core   0: 0x800042e4 (0x013f1993) slli    s3, t5, 19
core   0: 3 0x800042e4 (0x013f1993) x19 0x00000000
core   0: 0x800042e8 (0x00b43633) sltu    a2, s0, a1
core   0: 3 0x800042e8 (0x00b43633) x12 0x00000000
core   0: 0x800042ec (0x80be8d13) addi    s10, t4, -2037
core   0: 3 0x800042ec (0x80be8d13) x26 0x8001166f
core   0: 0x800042f0 (0x6186e313) ori     t1, a3, 1560
core   0: 3 0x800042f0 (0x6186e313) x 6 0x00000618
core   0: 0x800042f4 (0x006d66b3) or      a3, s10, t1
core   0: 3 0x800042f4 (0x006d66b3) x13 0x8001167f
core   0: 0x800042f8 (0x011ab5b3) sltu    a1, s5, a7
core   0: 3 0x800042f8 (0x011ab5b3) x11 0x00000001
core   0: 0x800042fc (0xe38bcb93) xori    s7, s7, -456
core   0: 3 0x800042fc (0xe38bcb93) x23 0xfffffe38
core   0: 0x80004300 (0x00000013) nop
core   0: 3 0x80004300 (0x00000013)
core   0: 0x80004304 (0x01248233) add     tp, s1, s2
core   0: 3 0x80004304 (0x01248233) x 4 0x8000050f
core   0: 0x80004308 (0xadaba593) slti    a1, s7, -1318
core   0: 3 0x80004308 (0xadaba593) x11 0x00000000
core   0: 0x8000430c (0xaee66d13) ori     s10, a2, -1298
core   0: 3 0x8000430c (0xaee66d13) x26 0xfffffaee
core   0: 0x80004310 (0x40b00e33) sub     t3, zero, a1
core   0: 3 0x80004310 (0x40b00e33) x28 0x00000000
core   0: 0x80004314 (0x007a64b3) or      s1, s4, t2
core   0: 3 0x80004314 (0x007a64b3) x 9 0x000000e0
core   0: 0x80004318 (0xb21c88b7) lui     a7, 0xb21c8
core   0: 3 0x80004318 (0xb21c88b7) x17 0xb21c8000
core   0: 0x8000431c (0x018ed493) srli    s1, t4, 24
core   0: 3 0x8000431c (0x018ed493) x 9 0x00000080
core   0: 0x80004320 (0x41c95793) srai    a5, s2, 28
core   0: 3 0x80004320 (0x41c95793) x15 0x00000000
core   0: 0x80004324 (0x00e39c13) slli    s8, t2, 14
core   0: 3 0x80004324 (0x00e39c13) x24 0x00000000
core   0: 0x80004328 (0x019d34b3) sltu    s1, s10, s9
core   0: 3 0x80004328 (0x019d34b3) x 9 0x00000000
core   0: 0x8000432c (0x00281a93) slli    s5, a6, 2
core   0: 3 0x8000432c (0x00281a93) x21 0x0000009c
core   0: 0x80004330 (0x01d9c133) xor     sp, s3, t4
core   0: 3 0x80004330 (0x01d9c133) x 2 0x80011e64
core   0: 0x80004334 (0x404c52b3) sra     t0, s8, tp
core   0: 3 0x80004334 (0x404c52b3) x 5 0x00000000
core   0: 0x80004338 (0x41745bb3) sra     s7, s0, s7
core   0: 3 0x80004338 (0x41745bb3) x23 0xffffffe3
core   0: 0x8000433c (0x411954b3) sra     s1, s2, a7
core   0: 3 0x8000433c (0x411954b3) x 9 0x00000000
core   0: 0x80004340 (0xce333213) sltiu   tp, t1, -797
core   0: 3 0x80004340 (0xce333213) x 4 0x00000001
core   0: 0x80004344 (0x40c30b33) sub     s6, t1, a2
core   0: 3 0x80004344 (0x40c30b33) x22 0x00000618
core   0: 0x80004348 (0x0089f133) and     sp, s3, s0
core   0: 3 0x80004348 (0x0089f133) x 2 0x00000000
core   0: 0x8000434c (0xff230313) addi    t1, t1, -14
core   0: 3 0x8000434c (0xff230313) x 6 0x0000060a
core   0: 0x80004350 (0x538133b7) lui     t2, 0x53813
core   0: 3 0x80004350 (0x538133b7) x 7 0x53813000
core   0: 0x80004354 (0x013b8233) add     tp, s7, s3
core   0: 3 0x80004354 (0x013b8233) x 4 0xffffffe3
core   0: 0x80004358 (0x01bce8b3) or      a7, s9, s11
core   0: 3 0x80004358 (0x01bce8b3) x17 0x80015ce4
core   0: 0x8000435c (0x010e5633) srl     a2, t3, a6
core   0: 3 0x8000435c (0x010e5633) x12 0x00000000
core   0: 0x80004360 (0x41025313) srai    t1, tp, 16
core   0: 3 0x80004360 (0x41025313) x 6 0xffffffff
core   0: 0x80004364 (0x000648b3) xor     a7, a2, zero
core   0: 3 0x80004364 (0x000648b3) x17 0x00000000
core   0: 0x80004368 (0x4005d013) srai    zero, a1, 0
core   0: 3 0x80004368 (0x4005d013)
core   0: 0x8000436c (0x00ba1913) slli    s2, s4, 11
core   0: 3 0x8000436c (0x00ba1913) x18 0x00070000
core   0: 0x80004370 (0x408cd113) srai    sp, s9, 8
core   0: 3 0x80004370 (0x408cd113) x 2 0xff80015c
core   0: 0x80004374 (0x01af9913) slli    s2, t6, 26
core   0: 3 0x80004374 (0x01af9913) x18 0x90000000
core   0: 0x80004378 (0xf347ab13) slti    s6, a5, -204
core   0: 3 0x80004378 (0xf347ab13) x22 0x00000000
core   0: 0x8000437c (0x01d4d7b3) srl     a5, s1, t4
core   0: 3 0x8000437c (0x01d4d7b3) x15 0x00000000
core   0: 0x80004380 (0x12487093) andi    ra, a6, 292
core   0: 3 0x80004380 (0x12487093) x 1 0x00000024
core   0: 0x80004384 (0x00bd05b3) add     a1, s10, a1
core   0: 3 0x80004384 (0x00bd05b3) x11 0xfffffaee
core   0: 0x80004388 (0xb7960013) addi    zero, a2, -1159
core   0: 3 0x80004388 (0xb7960013)
core   0: 0x8000438c (0x00e187b3) add     a5, gp, a4
core   0: 3 0x8000438c (0x00e187b3) x15 0x80000000
core   0: 0x80004390 (0x014112b3) sll     t0, sp, s4
core   0: 3 0x80004390 (0x014112b3) x 5 0xff80015c
core   0: 0x80004394 (0x002cbbb3) sltu    s7, s9, sp
core   0: 3 0x80004394 (0x002cbbb3) x23 0x00000001
core   0: 0x80004398 (0xb211a493) slti    s1, gp, -1247
core   0: 3 0x80004398 (0xb211a493) x 9 0x00000000
core   0: 0x8000439c (0x0167d133) srl     sp, a5, s6
core   0: 3 0x8000439c (0x0167d133) x 2 0x80000000
core   0: 0x800043a0 (0x40b35a33) sra     s4, t1, a1
core   0: 3 0x800043a0 (0x40b35a33) x20 0xffffffff
core   0: 0x800043a4 (0x00d1d793) srli    a5, gp, 13
core   0: 3 0x800043a4 (0x00d1d793) x15 0x00000000
core   0: 0x800043a8 (0x4088d413) srai    s0, a7, 8
core   0: 3 0x800043a8 (0x4088d413) x 8 0x00000000
core   0: 0x800043ac (0x5b21fbb7) lui     s7, 0x5b21f
core   0: 3 0x800043ac (0x5b21fbb7) x23 0x5b21f000
core   0: 0x800043b0 (0x413b03b3) sub     t2, s6, s3
core   0: 3 0x800043b0 (0x413b03b3) x 7 0x00000000
core   0: 0x800043b4 (0xfafaba13) sltiu   s4, s5, -81
core   0: 3 0x800043b4 (0xfafaba13) x20 0x00000001
core   0: 0x800043b8 (0x917c8617) auipc   a2, 0x917c8
core   0: 3 0x800043b8 (0x917c8617) x12 0x117cc3b8
core   0: 0x800043bc (0x00ed9993) slli    s3, s11, 14
core   0: 3 0x800043bc (0x00ed9993) x19 0x00000000
core   0: 0x800043c0 (0x40ec83b3) sub     t2, s9, a4
core   0: 3 0x800043c0 (0x40ec83b3) x 7 0x00015ce4
core   0: 0x800043c4 (0xbf106913) ori     s2, zero, -1039
core   0: 3 0x800043c4 (0xbf106913) x18 0xfffffbf1
core   0: 0x800043c8 (0x41265b93) srai    s7, a2, 18
core   0: 3 0x800043c8 (0x41265b93) x23 0x0000045f
core   0: 0x800043cc (0x96c00213) li      tp, -1684
core   0: 3 0x800043cc (0x96c00213) x 4 0xfffff96c
core   0: 0x800043d0 (0x52214293) xori    t0, sp, 1314
core   0: 3 0x800043d0 (0x52214293) x 5 0x80000522
core   0: 0x800043d4 (0xe286a513) slti    a0, a3, -472
core   0: 3 0x800043d4 (0xe286a513) x10 0x00000001
core   0: 0x800043d8 (0x407cd833) sra     a6, s9, t2
core   0: 3 0x800043d8 (0x407cd833) x16 0xf80015ce
core   0: 0x800043dc (0x41a68c33) sub     s8, a3, s10
core   0: 3 0x800043dc (0x41a68c33) x24 0x80011b91
core   0: 0x800043e0 (0x00ed26b3) slt     a3, s10, a4
core   0: 3 0x800043e0 (0x00ed26b3) x13 0x00000000
core   0: 0x800043e4 (0x00b6f1b3) and     gp, a3, a1
core   0: 3 0x800043e4 (0x00b6f1b3) x 3 0x00000000
core   0: 0x800043e8 (0x6861f193) andi    gp, gp, 1670
core   0: 3 0x800043e8 (0x6861f193) x 3 0x00000000
core   0: 0x800043ec (0x01afdb13) srli    s6, t6, 26
core   0: 3 0x800043ec (0x01afdb13) x22 0x0000000a
core   0: 0x800043f0 (0x009ea3b3) slt     t2, t4, s1
core   0: 3 0x800043f0 (0x009ea3b3) x 7 0x00000001
core   0: 0x800043f4 (0x00000013) nop
core   0: 3 0x800043f4 (0x00000013)
core   0: 0x800043f8 (0x3c86fc13) andi    s8, a3, 968
core   0: 3 0x800043f8 (0x3c86fc13) x24 0x00000000
core   0: 0x800043fc (0x01407ab3) and     s5, zero, s4
core   0: 3 0x800043fc (0x01407ab3) x21 0x00000000
core   0: 0x80004400 (0x0156b7b3) sltu    a5, a3, s5
core   0: 3 0x80004400 (0x0156b7b3) x15 0x00000000
core   0: 0x80004404 (0x01a30db3) add     s11, t1, s10
core   0: 3 0x80004404 (0x01a30db3) x27 0xfffffaed
core   0: 0x80004408 (0x9b85fc13) andi    s8, a1, -1608
core   0: 3 0x80004408 (0x9b85fc13) x24 0xfffff8a8
core   0: 0x8000440c (0x00000013) nop
core   0: 3 0x8000440c (0x00000013)
core   0: 0x80004410 (0xc0a80693) addi    a3, a6, -1014
core   0: 3 0x80004410 (0xc0a80693) x13 0xf80011d8
core   0: 0x80004414 (0x38a29e37) lui     t3, 0x38a29
core   0: 3 0x80004414 (0x38a29e37) x28 0x38a29000
core   0: 0x80004418 (0x61367893) andi    a7, a2, 1555
core   0: 3 0x80004418 (0x61367893) x17 0x00000210
core   0: 0x8000441c (0x01e39d13) slli    s10, t2, 30
core   0: 3 0x8000441c (0x01e39d13) x26 0x40000000
core   0: 0x80004420 (0x009722b3) slt     t0, a4, s1
core   0: 3 0x80004420 (0x009722b3) x 5 0x00000001
core   0: 0x80004424 (0x008d3233) sltu    tp, s10, s0
core   0: 3 0x80004424 (0x008d3233) x 4 0x00000000
core   0: 0x80004428 (0x01ca7233) and     tp, s4, t3
core   0: 3 0x80004428 (0x01ca7233) x 4 0x00000000
core   0: 0x8000442c (0x1df1e793) ori     a5, gp, 479
core   0: 3 0x8000442c (0x1df1e793) x15 0x000001df
core   0: 0x80004430 (0x00e96533) or      a0, s2, a4
core   0: 3 0x80004430 (0x00e96533) x10 0xfffffbf1
core   0: 0x80004434 (0xdfcc6593) ori     a1, s8, -516
core   0: 3 0x80004434 (0xdfcc6593) x11 0xfffffdfc
core   0: 0x80004438 (0x00b351b3) srl     gp, t1, a1
core   0: 3 0x80004438 (0x00b351b3) x 3 0x0000000f
core   0: 0x8000443c (0x4c983213) sltiu   tp, a6, 1225
core   0: 3 0x8000443c (0x4c983213) x 4 0x00000000
core   0: 0x80004440 (0xdff4c513) xori    a0, s1, -513
core   0: 3 0x80004440 (0xdff4c513) x10 0xfffffdff
core   0: 0x80004444 (0x0f3d8f17) auipc   t5, 0xf3d8
core   0: 3 0x80004444 (0x0f3d8f17) x30 0x8f3dc444
core   0: 0x80004448 (0xd0808d37) lui     s10, 0xd0808
core   0: 3 0x80004448 (0xd0808d37) x26 0xd0808000
core   0: 0x8000444c (0xbbb88d13) addi    s10, a7, -1093
core   0: 3 0x8000444c (0xbbb88d13) x26 0xfffffdcb
core   0: 0x80004450 (0x01b3c8b3) xor     a7, t2, s11
core   0: 3 0x80004450 (0x01b3c8b3) x17 0xfffffaec
core   0: 0x80004454 (0xbd0ef813) andi    a6, t4, -1072
core   0: 3 0x80004454 (0xbd0ef813) x16 0x80011a40
core   0: 0x80004458 (0xa2b2be13) sltiu   t3, t0, -1493
core   0: 3 0x80004458 (0xa2b2be13) x28 0x00000001
core   0: 0x8000445c (0x1ca3f493) andi    s1, t2, 458
core   0: 3 0x8000445c (0x1ca3f493) x 9 0x00000000
core   0: 0x80004460 (0x40b25333) sra     t1, tp, a1
core   0: 3 0x80004460 (0x40b25333) x 6 0x00000000
core   0: 0x80004464 (0x00000013) nop
core   0: 3 0x80004464 (0x00000013)
core   0: 0x80004468 (0x00a0d1b3) srl     gp, ra, a0
core   0: 3 0x80004468 (0x00a0d1b3) x 3 0x00000000
core   0: 0x8000446c (0xff0e4c13) xori    s8, t3, -16
core   0: 3 0x8000446c (0xff0e4c13) x24 0xfffffff1
core   0: 0x80004470 (0x3df20193) addi    gp, tp, 991
core   0: 3 0x80004470 (0x3df20193) x 3 0x000003df
core   0: 0x80004474 (0xd650b393) sltiu   t2, ra, -667
core   0: 3 0x80004474 (0xd650b393) x 7 0x00000001
core   0: 0x80004478 (0x78e18697) auipc   a3, 0x78e18
core   0: 3 0x80004478 (0x78e18697) x13 0xf8e1c478
core   0: 0x8000447c (0x00188e13) addi    t3, a7, 1
core   0: 3 0x8000447c (0x00188e13) x28 0xfffffaed
core   0: 0x80004480 (0x855de417) auipc   s0, 0x855de
core   0: 3 0x80004480 (0x855de417) x 8 0x055e2480
core   0: 0x80004484 (0x00529a13) slli    s4, t0, 5
core   0: 3 0x80004484 (0x00529a13) x20 0x00000020
core   0: 0x80004488 (0x0117b5b3) sltu    a1, a5, a7
core   0: 3 0x80004488 (0x0117b5b3) x11 0x00000001
core   0: 0x8000448c (0x418b5333) sra     t1, s6, s8
core   0: 3 0x8000448c (0x418b5333) x 6 0x00000000
core   0: 0x80004490 (0x66bc8613) addi    a2, s9, 1643
core   0: 3 0x80004490 (0x66bc8613) x12 0x8001634f
core   0: 0x80004494 (0x41aad7b3) sra     a5, s5, s10
core   0: 3 0x80004494 (0x41aad7b3) x15 0x00000000
core   0: 0x80004498 (0x00115e33) srl     t3, sp, ra
core   0: 3 0x80004498 (0x00115e33) x28 0x08000000
core   0: 0x8000449c (0x1088b793) sltiu   a5, a7, 264
core   0: 3 0x8000449c (0x1088b793) x15 0x00000000
core   0: 0x800044a0 (0x00bb36b3) sltu    a3, s6, a1
core   0: 3 0x800044a0 (0x00bb36b3) x13 0x00000000
core   0: 0x800044a4 (0x924eb513) sltiu   a0, t4, -1756
core   0: 3 0x800044a4 (0x924eb513) x10 0x00000001
core   0: 0x800044a8 (0x3f08cd13) xori    s10, a7, 1008
core   0: 3 0x800044a8 (0x3f08cd13) x26 0xfffff91c
core   0: 0x800044ac (0x00524633) xor     a2, tp, t0
core   0: 3 0x800044ac (0x00524633) x12 0x00000001
core   0: 0x800044b0 (0x013d1793) slli    a5, s10, 19
core   0: 3 0x800044b0 (0x013d1793) x15 0xc8e00000
core   0: 0x800044b4 (0x41ca5893) srai    a7, s4, 28
core   0: 3 0x800044b4 (0x41ca5893) x17 0x00000000
core   0: 0x800044b8 (0x403681b3) sub     gp, a3, gp
core   0: 3 0x800044b8 (0x403681b3) x 3 0xfffffc21
core   0: 0x800044bc (0xbec5f413) andi    s0, a1, -1044
core   0: 3 0x800044bc (0xbec5f413) x 8 0x00000000
core   0: 0x800044c0 (0x00e1c0b3) xor     ra, gp, a4
core   0: 3 0x800044c0 (0x00e1c0b3) x 1 0x7ffffc21
core   0: 0x800044c4 (0x272d0317) auipc   t1, 0x272d0
core   0: 3 0x800044c4 (0x272d0317) x 6 0xa72d44c4
core   0: 0x800044c8 (0x0161adb3) slt     s11, gp, s6
core   0: 3 0x800044c8 (0x0161adb3) x27 0x00000001
core   0: 0x800044cc (0x5deef793) andi    a5, t4, 1502
core   0: 3 0x800044cc (0x5deef793) x15 0x00000444
core   0: 0x800044d0 (0x01699ab3) sll     s5, s3, s6
core   0: 3 0x800044d0 (0x01699ab3) x21 0x00000000
core   0: 0x800044d4 (0x89f06b93) ori     s7, zero, -1889
core   0: 3 0x800044d4 (0x89f06b93) x23 0xfffff89f
core   0: 0x800044d8 (0x01e0ae33) slt     t3, ra, t5
core   0: 3 0x800044d8 (0x01e0ae33) x28 0x00000000
core   0: 0x800044dc (0x00579933) sll     s2, a5, t0
core   0: 3 0x800044dc (0x00579933) x18 0x00000888
core   0: 0x800044e0 (0x0007ae33) slt     t3, a5, zero
core   0: 3 0x800044e0 (0x0007ae33) x28 0x00000000
core   0: 0x800044e4 (0x50d89d97) auipc   s11, 0x50d89
core   0: 3 0x800044e4 (0x50d89d97) x27 0xd0d8d4e4
core   0: 0x800044e8 (0x7d81b013) sltiu   zero, gp, 2008
core   0: 3 0x800044e8 (0x7d81b013)
core   0: 0x800044ec (0xf8697c37) lui     s8, 0xf8697
core   0: 3 0x800044ec (0xf8697c37) x24 0xf8697000
core   0: 0x800044f0 (0x291ac113) xori    sp, s5, 657
core   0: 3 0x800044f0 (0x291ac113) x 2 0x00000291
core   0: 0x800044f4 (0x01265033) srl     zero, a2, s2
core   0: 3 0x800044f4 (0x01265033)
core   0: 0x800044f8 (0xe34a6093) ori     ra, s4, -460
core   0: 3 0x800044f8 (0xe34a6093) x 1 0xfffffe34
core   0: 0x800044fc (0x0134b4b3) sltu    s1, s1, s3
core   0: 3 0x800044fc (0x0134b4b3) x 9 0x00000000
core   0: 0x80004500 (0x00500533) add     a0, zero, t0
core   0: 3 0x80004500 (0x00500533) x10 0x00000001
core   0: 0x80004504 (0x41360fb3) sub     t6, a2, s3
core   0: 3 0x80004504 (0x41360fb3) x31 0x00000001
core   0: 0x80004508 (0x002ccbb3) xor     s7, s9, sp
core   0: 3 0x80004508 (0x002ccbb3) x23 0x80015e75
core   0: 0x8000450c (0x40ed5693) srai    a3, s10, 14
core   0: 3 0x8000450c (0x40ed5693) x13 0xffffffff
core   0: 0x80004510 (0x8e5f8813) addi    a6, t6, -1819
core   0: 3 0x80004510 (0x8e5f8813) x16 0xfffff8e6
core   0: 0x80004514 (0x5aa0fc17) auipc   s8, 0x5aa0f
core   0: 3 0x80004514 (0x5aa0fc17) x24 0xdaa13514
core   0: 0x80004518 (0x40e0dd33) sra     s10, ra, a4
core   0: 3 0x80004518 (0x40e0dd33) x26 0xfffffe34
core   0: 0x8000451c (0x0606ff13) andi    t5, a3, 96
core   0: 3 0x8000451c (0x0606ff13) x30 0x00000060
core   0: 0x80004520 (0x0066cab3) xor     s5, a3, t1
core   0: 3 0x80004520 (0x0066cab3) x21 0x58d2bb3b
core   0: 0x80004524 (0x01773333) sltu    t1, a4, s7
core   0: 3 0x80004524 (0x01773333) x 6 0x00000001
core   0: 0x80004528 (0x018e68b3) or      a7, t3, s8
core   0: 3 0x80004528 (0x018e68b3) x17 0xdaa13514
core   0: 0x8000452c (0x01983db3) sltu    s11, a6, s9
core   0: 3 0x8000452c (0x01983db3) x27 0x00000000
core   0: 0x80004530 (0x01100233) add     tp, zero, a7
core   0: 3 0x80004530 (0x01100233) x 4 0xdaa13514
core   0: 0x80004534 (0x7dfbfd17) auipc   s10, 0x7dfbf
core   0: 3 0x80004534 (0x7dfbfd17) x26 0xfdfc3534
core   0: 0x80004538 (0x40d105b3) sub     a1, sp, a3
core   0: 3 0x80004538 (0x40d105b3) x11 0x00000292
core   0: 0x8000453c (0x40475e13) srai    t3, a4, 4
core   0: 3 0x8000453c (0x40475e13) x28 0xf8000000
core   0: 0x80004540 (0xcc63d497) auipc   s1, 0xcc63d
core   0: 3 0x80004540 (0xcc63d497) x 9 0x4c641540
core   0: 0x80004544 (0x00d4b0b3) sltu    ra, s1, a3
core   0: 3 0x80004544 (0x00d4b0b3) x 1 0x00000001
core   0: 0x80004548 (0x00cfe6b3) or      a3, t6, a2
core   0: 3 0x80004548 (0x00cfe6b3) x13 0x00000001
core   0: 0x8000454c (0x73a5c613) xori    a2, a1, 1850
core   0: 3 0x8000454c (0x73a5c613) x12 0x000005a8
core   0: 0x80004550 (0x01cbc633) xor     a2, s7, t3
core   0: 3 0x80004550 (0x01cbc633) x12 0x78015e75
core   0: 0x80004554 (0xc2d20f93) addi    t6, tp, -979
core   0: 3 0x80004554 (0xc2d20f93) x31 0xdaa13141
core   0: 0x80004558 (0x01525a93) srli    s5, tp, 21
core   0: 3 0x80004558 (0x01525a93) x21 0x000006d5
core   0: 0x8000455c (0xf68b2593) slti    a1, s6, -152
core   0: 3 0x8000455c (0xf68b2593) x11 0x00000000
core   0: 0x80004560 (0x2d01dc37) lui     s8, 0x2d01d
core   0: 3 0x80004560 (0x2d01dc37) x24 0x2d01d000
core   0: 0x80004564 (0x005373b3) and     t2, t1, t0
core   0: 3 0x80004564 (0x005373b3) x 7 0x00000001
core   0: 0x80004568 (0xff514613) xori    a2, sp, -11
core   0: 3 0x80004568 (0xff514613) x12 0xfffffd64
core   0: 0x8000456c (0x003ebd33) sltu    s10, t4, gp
core   0: 3 0x8000456c (0x003ebd33) x26 0x00000001
core   0: 0x80004570 (0xeb806997) auipc   s3, 0xeb806
core   0: 3 0x80004570 (0xeb806997) x19 0x6b80a570
core   0: 0x80004574 (0x00e7a533) slt     a0, a5, a4
core   0: 3 0x80004574 (0x00e7a533) x10 0x00000000
core   0: 0x80004578 (0x00b19013) slli    zero, gp, 11
core   0: 3 0x80004578 (0x00b19013)
core   0: 0x8000457c (0x00006f33) or      t5, zero, zero
core   0: 3 0x8000457c (0x00006f33) x30 0x00000000
core   0: 0x80004580 (0x0109d493) srli    s1, s3, 16
core   0: 3 0x80004580 (0x0109d493) x 9 0x00006b80
core   0: 0x80004584 (0x01f16db3) or      s11, sp, t6
core   0: 3 0x80004584 (0x01f16db3) x27 0xdaa133d1
core   0: 0x80004588 (0x00ba8b33) add     s6, s5, a1
core   0: 3 0x80004588 (0x00ba8b33) x22 0x000006d5
core   0: 0x8000458c (0x01331593) slli    a1, t1, 19
core   0: 3 0x8000458c (0x01331593) x11 0x00080000
core   0: 0x80004590 (0x01039513) slli    a0, t2, 16
core   0: 3 0x80004590 (0x01039513) x10 0x00010000
core   0: 0x80004594 (0x0082b533) sltu    a0, t0, s0
core   0: 3 0x80004594 (0x0082b533) x10 0x00000000
core   0: 0x80004598 (0x42933113) sltiu   sp, t1, 1065
core   0: 3 0x80004598 (0x42933113) x 2 0x00000001
core   0: 0x8000459c (0x8ca82313) slti    t1, a6, -1846
core   0: 3 0x8000459c (0x8ca82313) x 6 0x00000000
core   0: 0x800045a0 (0x01df2e33) slt     t3, t5, t4
core   0: 3 0x800045a0 (0x01df2e33) x28 0x00000000
core   0: 0x800045a4 (0x00e5cc33) xor     s8, a1, a4
core   0: 3 0x800045a4 (0x00e5cc33) x24 0x80080000
core   0: 0x800045a8 (0x015c9333) sll     t1, s9, s5
core   0: 3 0x800045a8 (0x015c9333) x 6 0x9c800000
core   0: 0x800045ac (0x0156fbb3) and     s7, a3, s5
core   0: 3 0x800045ac (0x0156fbb3) x23 0x00000001
core   0: 0x800045b0 (0x016a1093) slli    ra, s4, 22
core   0: 3 0x800045b0 (0x016a1093) x 1 0x08000000
core   0: 0x800045b4 (0x01436533) or      a0, t1, s4
core   0: 3 0x800045b4 (0x01436533) x10 0x9c800020
core   0: 0x800045b8 (0x22914593) xori    a1, sp, 553
core   0: 3 0x800045b8 (0x22914593) x11 0x00000228
core   0: 0x800045bc (0x014352b3) srl     t0, t1, s4
core   0: 3 0x800045bc (0x014352b3) x 5 0x9c800000
core   0: 0x800045c0 (0x0064bbb3) sltu    s7, s1, t1
core   0: 3 0x800045c0 (0x0064bbb3) x23 0x00000001
core   0: 0x800045c4 (0x40a755b3) sra     a1, a4, a0
core   0: 3 0x800045c4 (0x40a755b3) x11 0x80000000
core   0: 0x800045c8 (0x073ac893) xori    a7, s5, 115
core   0: 3 0x800045c8 (0x073ac893) x17 0x000006a6
core   0: 0x800045cc (0x01189a13) slli    s4, a7, 17
core   0: 3 0x800045cc (0x01189a13) x20 0x0d4c0000
core   0: 0x800045d0 (0x4018d3b3) sra     t2, a7, ra
core   0: 3 0x800045d0 (0x4018d3b3) x 7 0x000006a6
core   0: 0x800045d4 (0x191c7393) andi    t2, s8, 401
core   0: 3 0x800045d4 (0x191c7393) x 7 0x00000000
core   0: 0x800045d8 (0x4d6d8013) addi    zero, s11, 1238
core   0: 3 0x800045d8 (0x4d6d8013)
core   0: 0x800045dc (0x01be9db3) sll     s11, t4, s11
core   0: 3 0x800045dc (0x01be9db3) x27 0x3cc80000
core   0: 0x800045e0 (0x00f3d693) srli    a3, t2, 15
core   0: 3 0x800045e0 (0x00f3d693) x13 0x00000000
core   0: 0x800045e4 (0x5a0dff93) andi    t6, s11, 1440
core   0: 3 0x800045e4 (0x5a0dff93) x31 0x00000000
core   0: 0x800045e8 (0x0c7cf613) andi    a2, s9, 199
core   0: 3 0x800045e8 (0x0c7cf613) x12 0x000000c4
core   0: 0x800045ec (0x01612d33) slt     s10, sp, s6
core   0: 3 0x800045ec (0x01612d33) x26 0x00000001
core   0: 0x800045f0 (0x4049ddb3) sra     s11, s3, tp
core   0: 3 0x800045f0 (0x4049ddb3) x27 0x000006b8
core   0: 0x800045f4 (0x003633b3) sltu    t2, a2, gp
core   0: 3 0x800045f4 (0x003633b3) x 7 0x00000001
core   0: 0x800045f8 (0x00d05993) srli    s3, zero, 13
core   0: 3 0x800045f8 (0x00d05993) x19 0x00000000
core   0: 0x800045fc (0x68bf2b13) slti    s6, t5, 1675
core   0: 3 0x800045fc (0x68bf2b13) x22 0x00000001
core   0: 0x80004600 (0x00a72fb3) slt     t6, a4, a0
core   0: 3 0x80004600 (0x00a72fb3) x31 0x00000001
core   0: 0x80004604 (0x01578b33) add     s6, a5, s5
core   0: 3 0x80004604 (0x01578b33) x22 0x00000b19
core   0: 0x80004608 (0x017dcdb3) xor     s11, s11, s7
core   0: 3 0x80004608 (0x017dcdb3) x27 0x000006b9
core   0: 0x8000460c (0x00e35633) srl     a2, t1, a4
core   0: 3 0x8000460c (0x00e35633) x12 0x9c800000
core   0: 0x80004610 (0x002b10b3) sll     ra, s6, sp
core   0: 3 0x80004610 (0x002b10b3) x 1 0x00001632
core   0: 0x80004614 (0x01760c33) add     s8, a2, s7
core   0: 3 0x80004614 (0x01760c33) x24 0x9c800001
core   0: 0x80004618 (0x4402c613) xori    a2, t0, 1088
core   0: 3 0x80004618 (0x4402c613) x12 0x9c800440
core   0: 0x8000461c (0xcdae4e17) auipc   t3, 0xcdae4
core   0: 3 0x8000461c (0xcdae4e17) x28 0x4dae861c
core   0: 0x80004620 (0x01923233) sltu    tp, tp, s9
core   0: 3 0x80004620 (0x01923233) x 4 0x00000000
core   0: 0x80004624 (0x31e0f613) andi    a2, ra, 798
core   0: 3 0x80004624 (0x31e0f613) x12 0x00000212
core   0: 0x80004628 (0x411fdc33) sra     s8, t6, a7
core   0: 3 0x80004628 (0x411fdc33) x24 0x00000000
core   0: 0x8000462c (0x01571333) sll     t1, a4, s5
core   0: 3 0x8000462c (0x01571333) x 6 0x00000000
core   0: 0x80004630 (0x013a09b3) add     s3, s4, s3
core   0: 3 0x80004630 (0x013a09b3) x19 0x0d4c0000
core   0: 0x80004634 (0x41e3d233) sra     tp, t2, t5
core   0: 3 0x80004634 (0x41e3d233) x 4 0x00000001
core   0: 0x80004638 (0x01236833) or      a6, t1, s2
core   0: 3 0x80004638 (0x01236833) x16 0x00000888
core   0: 0x8000463c (0x01f7f6b3) and     a3, a5, t6
core   0: 3 0x8000463c (0x01f7f6b3) x13 0x00000000
core   0: 0x80004640 (0x41295b13) srai    s6, s2, 18
core   0: 3 0x80004640 (0x41295b13) x22 0x00000000
core   0: 0x80004644 (0x3456a293) slti    t0, a3, 837
core   0: 3 0x80004644 (0x3456a293) x 5 0x00000001
core   0: 0x80004648 (0x26ed6ab7) lui     s5, 0x26ed6
core   0: 3 0x80004648 (0x26ed6ab7) x21 0x26ed6000
core   0: 0x8000464c (0x019f1f13) slli    t5, t5, 25
core   0: 3 0x8000464c (0x019f1f13) x30 0x00000000
core   0: 0x80004650 (0x014e9793) slli    a5, t4, 20
core   0: 3 0x80004650 (0x014e9793) x15 0xe6400000
core   0: 0x80004654 (0xa6fd3913) sltiu   s2, s10, -1425
core   0: 3 0x80004654 (0xa6fd3913) x18 0x00000001
core   0: 0x80004658 (0x00f7d133) srl     sp, a5, a5
core   0: 3 0x80004658 (0x00f7d133) x 2 0xe6400000
core   0: 0x8000465c (0x01dd98b3) sll     a7, s11, t4
core   0: 3 0x8000465c (0x01dd98b3) x17 0x00006b90
core   0: 0x80004660 (0x8fdeef13) ori     t5, t4, -1795
core   0: 3 0x80004660 (0x8fdeef13) x30 0xfffffefd
core   0: 0x80004664 (0x3c64a813) slti    a6, s1, 966
core   0: 3 0x80004664 (0x3c64a813) x16 0x00000000
core   0: 0x80004668 (0x001f90b3) sll     ra, t6, ra
core   0: 3 0x80004668 (0x001f90b3) x 1 0x00040000
core   0: 0x8000466c (0x26f98313) addi    t1, s3, 623
core   0: 3 0x8000466c (0x26f98313) x 6 0x0d4c026f
core   0: 0x80004670 (0x05f36193) ori     gp, t1, 95
core   0: 3 0x80004670 (0x05f36193) x 3 0x0d4c027f
core   0: 0x80004674 (0x00556633) or      a2, a0, t0
core   0: 3 0x80004674 (0x00556633) x12 0x9c800021
core   0: 0x80004678 (0x00e59513) slli    a0, a1, 14
core   0: 3 0x80004678 (0x00e59513) x10 0x00000000
core   0: 0x8000467c (0x01960ab3) add     s5, a2, s9
core   0: 3 0x8000467c (0x01960ab3) x21 0x1c815d05
core   0: 0x80004680 (0x01c9e6b3) or      a3, s3, t3
core   0: 3 0x80004680 (0x01c9e6b3) x13 0x4dee861c
core   0: 0x80004684 (0x01cfe1b3) or      gp, t6, t3
core   0: 3 0x80004684 (0x01cfe1b3) x 3 0x4dae861d
core   0: 0x80004688 (0xb26757b7) lui     a5, 0xb2675
core   0: 3 0x80004688 (0xb26757b7) x15 0xb2675000
core   0: 0x8000468c (0x41a1d913) srai    s2, gp, 26
core   0: 3 0x8000468c (0x41a1d913) x18 0x00000013
core   0: 0x80004690 (0x000341b3) xor     gp, t1, zero
core   0: 3 0x80004690 (0x000341b3) x 3 0x0d4c026f
core   0: 0x80004694 (0x00db5493) srli    s1, s6, 13
core   0: 3 0x80004694 (0x00db5493) x 9 0x00000000
core   0: 0x80004698 (0x41135513) srai    a0, t1, 17
core   0: 3 0x80004698 (0x41135513) x10 0x000006a6
core   0: 0x8000469c (0x003d4a33) xor     s4, s10, gp
core   0: 3 0x8000469c (0x003d4a33) x20 0x0d4c026e
core   0: 0x800046a0 (0xc39d4b13) xori    s6, s10, -967
core   0: 3 0x800046a0 (0xc39d4b13) x22 0xfffffc38
core   0: 0x800046a4 (0x00000013) nop
core   0: 3 0x800046a4 (0x00000013)
core   0: 0x800046a8 (0x00ed9b33) sll     s6, s11, a4
core   0: 3 0x800046a8 (0x00ed9b33) x22 0x000006b9
core   0: 0x800046ac (0x002b31b3) sltu    gp, s6, sp
core   0: 3 0x800046ac (0x002b31b3) x 3 0x00000001
core   0: 0x800046b0 (0x00ecde13) srli    t3, s9, 14
core   0: 3 0x800046b0 (0x00ecde13) x28 0x00020005
core   0: 0x800046b4 (0x01819533) sll     a0, gp, s8
core   0: 3 0x800046b4 (0x01819533) x10 0x00000001
core   0: 0x800046b8 (0x00445213) srli    tp, s0, 4
core   0: 3 0x800046b8 (0x00445213) x 4 0x00000000
core   0: 0x800046bc (0x0099a5b3) slt     a1, s3, s1
core   0: 3 0x800046bc (0x0099a5b3) x11 0x00000000
core   0: 0x800046c0 (0x009f97b3) sll     a5, t6, s1
core   0: 3 0x800046c0 (0x009f97b3) x15 0x00000001
core   0: 0x800046c4 (0x017d1633) sll     a2, s10, s7
core   0: 3 0x800046c4 (0x017d1633) x12 0x00000002
core   0: 0x800046c8 (0x00409e13) slli    t3, ra, 4
core   0: 3 0x800046c8 (0x00409e13) x28 0x00400000
core   0: 0x800046cc (0x01e93433) sltu    s0, s2, t5
core   0: 3 0x800046cc (0x01e93433) x 8 0x00000001
core   0: 0x800046d0 (0xe9d41897) auipc   a7, 0xe9d41
core   0: 3 0x800046d0 (0xe9d41897) x17 0x69d456d0
core   0: 0x800046d4 (0xd8ffe293) ori     t0, t6, -625
core   0: 3 0x800046d4 (0xd8ffe293) x 5 0xfffffd8f
core   0: 0x800046d8 (0xc45f8313) addi    t1, t6, -955
core   0: 3 0x800046d8 (0xc45f8313) x 6 0xfffffc46
core   0: 0x800046dc (0xcc7c0693) addi    a3, s8, -825
core   0: 3 0x800046dc (0xcc7c0693) x13 0xfffffcc7
core   0: 0x800046e0 (0x4908f793) andi    a5, a7, 1168
core   0: 3 0x800046e0 (0x4908f793) x15 0x00000490
core   0: 0x800046e4 (0xd5130c13) addi    s8, t1, -687
core   0: 3 0x800046e4 (0xd5130c13) x24 0xfffff997
core   0: 0x800046e8 (0x01d64433) xor     s0, a2, t4
core   0: 3 0x800046e8 (0x01d64433) x 8 0x80011e66
core   0: 0x800046ec (0x9acf0a93) addi    s5, t5, -1620
core   0: 3 0x800046ec (0x9acf0a93) x21 0xfffff8a9
core   0: 0x800046f0 (0x8a888493) addi    s1, a7, -1880
core   0: 3 0x800046f0 (0x8a888493) x 9 0x69d44f78
core   0: 0x800046f4 (0x90613893) sltiu   a7, sp, -1786
core   0: 3 0x800046f4 (0x90613893) x17 0x00000001
core   0: 0x800046f8 (0x01cd9213) slli    tp, s11, 28
core   0: 3 0x800046f8 (0x01cd9213) x 4 0x90000000
core   0: 0x800046fc (0x009d7133) and     sp, s10, s1
core   0: 3 0x800046fc (0x009d7133) x 2 0x00000000
core   0: 0x80004700 (0x4016d433) sra     s0, a3, ra
core   0: 3 0x80004700 (0x4016d433) x 8 0xfffffcc7
core   0: 0x80004704 (0x017b68b3) or      a7, s6, s7
core   0: 3 0x80004704 (0x017b68b3) x17 0x000006b9
core   0: 0x80004708 (0x00739293) slli    t0, t2, 7
core   0: 3 0x80004708 (0x00739293) x 5 0x00000080
core   0: 0x8000470c (0x00000013) nop
core   0: 3 0x8000470c (0x00000013)
core   0: 0x80004710 (0x015b5913) srli    s2, s6, 21
core   0: 3 0x80004710 (0x015b5913) x18 0x00000000
core   0: 0x80004714 (0x0015a3b3) slt     t2, a1, ra
core   0: 3 0x80004714 (0x0015a3b3) x 7 0x00000001
core   0: 0x80004718 (0x01716a33) or      s4, sp, s7
core   0: 3 0x80004718 (0x01716a33) x20 0x00000001
core   0: 0x8000471c (0x00101d13) slli    s10, zero, 1
core   0: 3 0x8000471c (0x00101d13) x26 0x00000000
core   0: 0x80004720 (0x01f8b3b3) sltu    t2, a7, t6
core   0: 3 0x80004720 (0x01f8b3b3) x 7 0x00000000
core   0: 0x80004724 (0xce2b84b7) lui     s1, 0xce2b8
core   0: 3 0x80004724 (0xce2b84b7) x 9 0xce2b8000
core   0: 0x80004728 (0x419d8fb3) sub     t6, s11, s9
core   0: 3 0x80004728 (0x419d8fb3) x31 0x7ffea9d5
core   0: 0x8000472c (0x1924ba93) sltiu   s5, s1, 402
core   0: 3 0x8000472c (0x1924ba93) x21 0x00000000
core   0: 0x80004730 (0x007ad493) srli    s1, s5, 7
core   0: 3 0x80004730 (0x007ad493) x 9 0x00000000
core   0: 0x80004734 (0x403d5893) srai    a7, s10, 3
core   0: 3 0x80004734 (0x403d5893) x17 0x00000000
core   0: 0x80004738 (0x54e92917) auipc   s2, 0x54e92
core   0: 3 0x80004738 (0x54e92917) x18 0xd4e96738
core   0: 0x8000473c (0xfb236893) ori     a7, t1, -78
core   0: 3 0x8000473c (0xfb236893) x17 0xfffffff6
core   0: 0x80004740 (0x17f16f13) ori     t5, sp, 383
core   0: 3 0x80004740 (0x17f16f13) x30 0x0000017f
core   0: 0x80004744 (0x015a17b3) sll     a5, s4, s5
core   0: 3 0x80004744 (0x015a17b3) x15 0x00000001
core   0: 0x80004748 (0xeea6b513) sltiu   a0, a3, -278
core   0: 3 0x80004748 (0xeea6b513) x10 0x00000001
core   0: 0x8000474c (0x00000013) nop
core   0: 3 0x8000474c (0x00000013)
core   0: 0x80004750 (0x8266bf13) sltiu   t5, a3, -2010
core   0: 3 0x80004750 (0x8266bf13) x30 0x00000000
core   0: 0x80004754 (0x016b91b3) sll     gp, s7, s6
core   0: 3 0x80004754 (0x016b91b3) x 3 0x02000000
core   0: 0x80004758 (0x000d31b3) sltu    gp, s10, zero
core   0: 3 0x80004758 (0x000d31b3) x 3 0x00000000
core   0: 0x8000475c (0x01efb9b3) sltu    s3, t6, t5
core   0: 3 0x8000475c (0x01efb9b3) x19 0x00000000
core   0: 0x80004760 (0x404403b3) sub     t2, s0, tp
core   0: 3 0x80004760 (0x404403b3) x 7 0x6ffffcc7
core   0: 0x80004764 (0x677be293) ori     t0, s7, 1655
core   0: 3 0x80004764 (0x677be293) x 5 0x00000677
core   0: 0x80004768 (0xee9ecf93) xori    t6, t4, -279
core   0: 3 0x80004768 (0xee9ecf93) x31 0x7ffee08d
core   0: 0x8000476c (0x01af7bb3) and     s7, t5, s10
core   0: 3 0x8000476c (0x01af7bb3) x23 0x00000000
core   0: 0x80004770 (0x01258fb3) add     t6, a1, s2
core   0: 3 0x80004770 (0x01258fb3) x31 0xd4e96738
core   0: 0x80004774 (0x05b2f513) andi    a0, t0, 91
core   0: 3 0x80004774 (0x05b2f513) x10 0x00000053
core   0: 0x80004778 (0x4072dd93) srai    s11, t0, 7
core   0: 3 0x80004778 (0x4072dd93) x27 0x0000000c
core   0: 0x8000477c (0x410c51b3) sra     gp, s8, a6
core   0: 3 0x8000477c (0x410c51b3) x 3 0xfffff997
core   0: 0x80004780 (0x4193dc13) srai    s8, t2, 25
core   0: 3 0x80004780 (0x4193dc13) x24 0x00000037
core   0: 0x80004784 (0x0113ab33) slt     s6, t2, a7
core   0: 3 0x80004784 (0x0113ab33) x22 0x00000000
core   0: 0x80004788 (0xa5e53813) sltiu   a6, a0, -1442
core   0: 3 0x80004788 (0xa5e53813) x16 0x00000001
core   0: 0x8000478c (0x41bf87b3) sub     a5, t6, s11
core   0: 3 0x8000478c (0x41bf87b3) x15 0xd4e9672c
core   0: 0x80004790 (0xe0ebfc13) andi    s8, s7, -498
core   0: 3 0x80004790 (0xe0ebfc13) x24 0x00000000
core   0: 0x80004794 (0x0134d3b3) srl     t2, s1, s3
core   0: 3 0x80004794 (0x0134d3b3) x 7 0x00000000
core   0: 0x80004798 (0x00f5ba33) sltu    s4, a1, a5
core   0: 3 0x80004798 (0x00f5ba33) x20 0x00000001
core   0: 0x8000479c (0x014b2333) slt     t1, s6, s4
core   0: 3 0x8000479c (0x014b2333) x 6 0x00000001
core   0: 0x800047a0 (0x00063db3) sltu    s11, a2, zero
core   0: 3 0x800047a0 (0x00063db3) x27 0x00000000
core   0: 0x800047a4 (0x0124d293) srli    t0, s1, 18
core   0: 3 0x800047a4 (0x0124d293) x 5 0x00000000
core   0: 0x800047a8 (0xd98ae913) ori     s2, s5, -616
core   0: 3 0x800047a8 (0xd98ae913) x18 0xfffffd98
core   0: 0x800047ac (0x86040017) auipc   zero, 0x86040
core   0: 3 0x800047ac (0x86040017)
core   0: 0x800047b0 (0xc2858f93) addi    t6, a1, -984
core   0: 3 0x800047b0 (0xc2858f93) x31 0xfffffc28
core   0: 0x800047b4 (0x15dcabb7) lui     s7, 0x15dca
core   0: 3 0x800047b4 (0x15dcabb7) x23 0x15dca000
core   0: 0x800047b8 (0xe8da02b7) lui     t0, 0xe8da0
core   0: 3 0x800047b8 (0xe8da02b7) x 5 0xe8da0000
core   0: 0x800047bc (0x63973793) sltiu   a5, a4, 1593
core   0: 3 0x800047bc (0x63973793) x15 0x00000000
core   0: 0x800047c0 (0x5b353d93) sltiu   s11, a0, 1459
core   0: 3 0x800047c0 (0x5b353d93) x27 0x00000001
core   0: 0x800047c4 (0x07186593) ori     a1, a6, 113
core   0: 3 0x800047c4 (0x07186593) x11 0x00000071
core   0: 0x800047c8 (0x41b2d913) srai    s2, t0, 27
core   0: 3 0x800047c8 (0x41b2d913) x18 0xfffffffd
core   0: 0x800047cc (0x0039c133) xor     sp, s3, gp
core   0: 3 0x800047cc (0x0039c133) x 2 0xfffff997
core   0: 0x800047d0 (0xa2c5c893) xori    a7, a1, -1492
core   0: 3 0x800047d0 (0xa2c5c893) x17 0xfffffa5d
core   0: 0x800047d4 (0x9c473613) sltiu   a2, a4, -1596
core   0: 3 0x800047d4 (0x9c473613) x12 0x00000001
core   0: 0x800047d8 (0x013a89b3) add     s3, s5, s3
core   0: 3 0x800047d8 (0x013a89b3) x19 0x00000000
core   0: 0x800047dc (0x41660bb3) sub     s7, a2, s6
core   0: 3 0x800047dc (0x41660bb3) x23 0x00000001
core   0: 0x800047e0 (0x011af333) and     t1, s5, a7
core   0: 3 0x800047e0 (0x011af333) x 6 0x00000000
core   0: 0x800047e4 (0x01f0b6b3) sltu    a3, ra, t6
core   0: 3 0x800047e4 (0x01f0b6b3) x13 0x00000001
core   0: 0x800047e8 (0x00000013) nop
core   0: 3 0x800047e8 (0x00000013)
core   0: 0x800047ec (0x41e75a13) srai    s4, a4, 30
core   0: 3 0x800047ec (0x41e75a13) x20 0xfffffffe
core   0: 0x800047f0 (0x0036d533) srl     a0, a3, gp
core   0: 3 0x800047f0 (0x0036d533) x10 0x00000000
core   0: 0x800047f4 (0x23df6893) ori     a7, t5, 573
core   0: 3 0x800047f4 (0x23df6893) x17 0x0000023d
core   0: 0x800047f8 (0x00209fb3) sll     t6, ra, sp
core   0: 3 0x800047f8 (0x00209fb3) x31 0x00000000
core   0: 0x800047fc (0x009399b3) sll     s3, t2, s1
core   0: 3 0x800047fc (0x009399b3) x19 0x00000000
core   0: 0x80004800 (0x00ac1c13) slli    s8, s8, 10
core   0: 3 0x80004800 (0x00ac1c13) x24 0x00000000
core   0: 0x80004804 (0x00d74bb3) xor     s7, a4, a3
core   0: 3 0x80004804 (0x00d74bb3) x23 0x80000001
core   0: 0x80004808 (0x014f2b33) slt     s6, t5, s4
core   0: 3 0x80004808 (0x014f2b33) x22 0x00000000
core   0: 0x8000480c (0xe14fb997) auipc   s3, 0xe14fb
core   0: 3 0x8000480c (0xe14fb997) x19 0x614ff80c
core   0: 0x80004810 (0xa4a9a937) lui     s2, 0xa4a9a
core   0: 3 0x80004810 (0xa4a9a937) x18 0xa4a9a000
core   0: 0x80004814 (0x466cb113) sltiu   sp, s9, 1126
core   0: 3 0x80004814 (0x466cb113) x 2 0x00000000
core   0: 0x80004818 (0x00b3ee33) or      t3, t2, a1
core   0: 3 0x80004818 (0x00b3ee33) x28 0x00000071
core   0: 0x8000481c (0xa9fa6993) ori     s3, s4, -1377
core   0: 3 0x8000481c (0xa9fa6993) x19 0xffffffff
core   0: 0x80004820 (0x01a3ea33) or      s4, t2, s10
core   0: 3 0x80004820 (0x01a3ea33) x20 0x00000000
core   0: 0x80004824 (0x41945213) srai    tp, s0, 25
core   0: 3 0x80004824 (0x41945213) x 4 0xffffffff
core   0: 0x80004828 (0x961a0413) addi    s0, s4, -1695
core   0: 3 0x80004828 (0x961a0413) x 8 0xfffff961
core   0: 0x8000482c (0x07a56113) ori     sp, a0, 122
core   0: 3 0x8000482c (0x07a56113) x 2 0x0000007a
core   0: 0x80004830 (0x00000013) nop
core   0: 3 0x80004830 (0x00000013)
core   0: 0x80004834 (0x41ea5c33) sra     s8, s4, t5
core   0: 3 0x80004834 (0x41ea5c33) x24 0x00000000
core   0: 0x80004838 (0x41a40b33) sub     s6, s0, s10
core   0: 3 0x80004838 (0x41a40b33) x22 0xfffff961
core   0: 0x8000483c (0x004aa933) slt     s2, s5, tp
core   0: 3 0x8000483c (0x004aa933) x18 0x00000000
core   0: 0x80004840 (0xf5bb8193) addi    gp, s7, -165
core   0: 3 0x80004840 (0xf5bb8193) x 3 0x7fffff5c
core   0: 0x80004844 (0x20973393) sltiu   t2, a4, 521
core   0: 3 0x80004844 (0x20973393) x 7 0x00000000
core   0: 0x80004848 (0x41ce5693) srai    a3, t3, 28
core   0: 3 0x80004848 (0x41ce5693) x13 0x00000000
core   0: 0x8000484c (0x00c74e33) xor     t3, a4, a2
core   0: 3 0x8000484c (0x00c74e33) x28 0x80000001
core   0: 0x80004850 (0x00000013) nop
core   0: 3 0x80004850 (0x00000013)
core   0: 0x80004854 (0x00b1b133) sltu    sp, gp, a1
core   0: 3 0x80004854 (0x00b1b133) x 2 0x00000000
core   0: 0x80004858 (0xf26d6e13) ori     t3, s10, -218
core   0: 3 0x80004858 (0xf26d6e13) x28 0xffffff26
core   0: 0x8000485c (0x0073d2b3) srl     t0, t2, t2
core   0: 3 0x8000485c (0x0073d2b3) x 5 0x00000000
core   0: 0x80004860 (0x015d7fb3) and     t6, s10, s5
core   0: 3 0x80004860 (0x015d7fb3) x31 0x00000000
core   0: 0x80004864 (0x01471893) slli    a7, a4, 20
core   0: 3 0x80004864 (0x01471893) x17 0x00000000
core   0: 0x80004868 (0x0160d193) srli    gp, ra, 22
core   0: 3 0x80004868 (0x0160d193) x 3 0x00000000
core   0: 0x8000486c (0x006778b3) and     a7, a4, t1
core   0: 3 0x8000486c (0x006778b3) x17 0x00000000
core   0: 0x80004870 (0x01c5ba33) sltu    s4, a1, t3
core   0: 3 0x80004870 (0x01c5ba33) x20 0x00000001
core   0: 0x80004874 (0xc203a793) slti    a5, t2, -992
core   0: 3 0x80004874 (0xc203a793) x15 0x00000000
core   0: 0x80004878 (0x00bcafb3) slt     t6, s9, a1
core   0: 3 0x80004878 (0x00bcafb3) x31 0x00000001
core   0: 0x8000487c (0x7853a913) slti    s2, t2, 1925
core   0: 3 0x8000487c (0x7853a913) x18 0x00000001
core   0: 0x80004880 (0x4d1e4893) xori    a7, t3, 1233
core   0: 3 0x80004880 (0x4d1e4893) x17 0xfffffbf7
core   0: 0x80004884 (0x007d34b3) sltu    s1, s10, t2
core   0: 3 0x80004884 (0x007d34b3) x 9 0x00000000
core   0: 0x80004888 (0xd7a0c5b7) lui     a1, 0xd7a0c
core   0: 3 0x80004888 (0xd7a0c5b7) x11 0xd7a0c000
core   0: 0x8000488c (0xa8343313) sltiu   t1, s0, -1405
core   0: 3 0x8000488c (0xa8343313) x 6 0x00000001
core   0: 0x80004890 (0x00122c33) slt     s8, tp, ra
core   0: 3 0x80004890 (0x00122c33) x24 0x00000001
core   0: 0x80004894 (0x015f2e33) slt     t3, t5, s5
core   0: 3 0x80004894 (0x015f2e33) x28 0x00000000
core   0: 0x80004898 (0x9036d8b7) lui     a7, 0x9036d
core   0: 3 0x80004898 (0x9036d8b7) x17 0x9036d000
core   0: 0x8000489c (0x00906b33) or      s6, zero, s1
core   0: 3 0x8000489c (0x00906b33) x22 0x00000000
core   0: 0x800048a0 (0x018d9693) slli    a3, s11, 24
core   0: 3 0x800048a0 (0x018d9693) x13 0x01000000
core   0: 0x800048a4 (0xdd3f2913) slti    s2, t5, -557
core   0: 3 0x800048a4 (0xdd3f2913) x18 0x00000000
core   0: 0x800048a8 (0x8f1c0317) auipc   t1, 0x8f1c0
core   0: 3 0x800048a8 (0x8f1c0317) x 6 0x0f1c48a8
core   0: 0x800048ac (0x016bc233) xor     tp, s7, s6
core   0: 3 0x800048ac (0x016bc233) x 4 0x80000001
core   0: 0x800048b0 (0x01a62633) slt     a2, a2, s10
core   0: 3 0x800048b0 (0x01a62633) x12 0x00000000
core   0: 0x800048b4 (0x01dd1c13) slli    s8, s10, 29
core   0: 3 0x800048b4 (0x01dd1c13) x24 0x00000000
core   0: 0x800048b8 (0x8cf6e337) lui     t1, 0x8cf6e
core   0: 3 0x800048b8 (0x8cf6e337) x 6 0x8cf6e000
core   0: 0x800048bc (0x3dde2e13) slti    t3, t3, 989
core   0: 3 0x800048bc (0x3dde2e13) x28 0x00000001
core   0: 0x800048c0 (0x00000013) nop
core   0: 3 0x800048c0 (0x00000013)
core   0: 0x800048c4 (0x00bd1113) slli    sp, s10, 11
core   0: 3 0x800048c4 (0x00bd1113) x 2 0x00000000
core   0: 0x800048c8 (0x6f0f5e37) lui     t3, 0x6f0f5
core   0: 3 0x800048c8 (0x6f0f5e37) x28 0x6f0f5000
core   0: 0x800048cc (0x01ec1bb3) sll     s7, s8, t5
core   0: 3 0x800048cc (0x01ec1bb3) x23 0x00000000
core   0: 0x800048d0 (0x017139b3) sltu    s3, sp, s7
core   0: 3 0x800048d0 (0x017139b3) x19 0x00000000
core   0: 0x800048d4 (0x85656a93) ori     s5, a0, -1962
core   0: 3 0x800048d4 (0x85656a93) x21 0xfffff856
core   0: 0x800048d8 (0x01fc64b3) or      s1, s8, t6
core   0: 3 0x800048d8 (0x01fc64b3) x 9 0x00000001
core   0: 0x800048dc (0x0194f1b3) and     gp, s1, s9
core   0: 3 0x800048dc (0x0194f1b3) x 3 0x00000000
core   0: 0x800048e0 (0x45102037) lui     zero, 0x45102
core   0: 3 0x800048e0 (0x45102037)
core   0: 0x800048e4 (0x692a4293) xori    t0, s4, 1682
core   0: 3 0x800048e4 (0x692a4293) x 5 0x00000693
core   0: 0x800048e8 (0x25e731b7) lui     gp, 0x25e73
core   0: 3 0x800048e8 (0x25e731b7) x 3 0x25e73000
core   0: 0x800048ec (0x00469913) slli    s2, a3, 4
core   0: 3 0x800048ec (0x00469913) x18 0x10000000
core   0: 0x800048f0 (0xb5bd7813) andi    a6, s10, -1189
core   0: 3 0x800048f0 (0xb5bd7813) x16 0x00000000
core   0: 0x800048f4 (0x00ffc0b3) xor     ra, t6, a5
core   0: 3 0x800048f4 (0x00ffc0b3) x 1 0x00000001
core   0: 0x800048f8 (0x01bf3f33) sltu    t5, t5, s11
core   0: 3 0x800048f8 (0x01bf3f33) x30 0x00000001
core   0: 0x800048fc (0x0041f6b3) and     a3, gp, tp
core   0: 3 0x800048fc (0x0041f6b3) x13 0x00000000
core   0: 0x80004900 (0x40b58833) sub     a6, a1, a1
core   0: 3 0x80004900 (0x40b58833) x16 0x00000000
core   0: 0x80004904 (0xe23aa197) auipc   gp, 0xe23aa
core   0: 3 0x80004904 (0xe23aa197) x 3 0x623ae904
core   0: 0x80004908 (0x1d7fa817) auipc   a6, 0x1d7fa
core   0: 3 0x80004908 (0x1d7fa817) x16 0x9d7fe908
core   0: 0x8000490c (0x0107a133) slt     sp, a5, a6
core   0: 3 0x8000490c (0x0107a133) x 2 0x00000000
core   0: 0x80004910 (0x00b4e7b3) or      a5, s1, a1
core   0: 3 0x80004910 (0x00b4e7b3) x15 0xd7a0c001
core   0: 0x80004914 (0x01ab9333) sll     t1, s7, s10
core   0: 3 0x80004914 (0x01ab9333) x 6 0x00000000
core   0: 0x80004918 (0x41ec5f33) sra     t5, s8, t5
core   0: 3 0x80004918 (0x41ec5f33) x30 0x00000000
core   0: 0x8000491c (0x19fc6913) ori     s2, s8, 415
core   0: 3 0x8000491c (0x19fc6913) x18 0x0000019f
core   0: 0x80004920 (0x01e15b13) srli    s6, sp, 30
core   0: 3 0x80004920 (0x01e15b13) x22 0x00000000
core   0: 0x80004924 (0x00012db3) slt     s11, sp, zero
core   0: 3 0x80004924 (0x00012db3) x27 0x00000000
core   0: 0x80004928 (0x9688e293) ori     t0, a7, -1688
core   0: 3 0x80004928 (0x9688e293) x 5 0xfffff968
core   0: 0x8000492c (0x63f5c913) xori    s2, a1, 1599
core   0: 3 0x8000492c (0x63f5c913) x18 0xd7a0c63f
core   0: 0x80004930 (0xf7d57b13) andi    s6, a0, -131
core   0: 3 0x80004930 (0xf7d57b13) x22 0x00000000
core   0: 0x80004934 (0x009c2833) slt     a6, s8, s1
core   0: 3 0x80004934 (0x009c2833) x16 0x00000001
core   0: 0x80004938 (0x00f65313) srli    t1, a2, 15
core   0: 3 0x80004938 (0x00f65313) x 6 0x00000000
core   0: 0x8000493c (0x00c5a8b3) slt     a7, a1, a2
core   0: 3 0x8000493c (0x00c5a8b3) x17 0x00000001
core   0: 0x80004940 (0x4a33f993) andi    s3, t2, 1187
core   0: 3 0x80004940 (0x4a33f993) x19 0x00000000
core   0: 0x80004944 (0x00824d33) xor     s10, tp, s0
core   0: 3 0x80004944 (0x00824d33) x26 0x7ffff960
core   0: 0x80004948 (0x860a2997) auipc   s3, 0x860a2
core   0: 3 0x80004948 (0x860a2997) x19 0x060a6948
core   0: 0x8000494c (0x2945be13) sltiu   t3, a1, 660
core   0: 3 0x8000494c (0x2945be13) x28 0x00000000
core   0: 0x80004950 (0x51c0f393) andi    t2, ra, 1308
core   0: 3 0x80004950 (0x51c0f393) x 7 0x00000000
core   0: 0x80004954 (0x5fcfa413) slti    s0, t6, 1532
core   0: 3 0x80004954 (0x5fcfa413) x 8 0x00000001
core   0: 0x80004958 (0xe6430113) addi    sp, t1, -412
core   0: 3 0x80004958 (0xe6430113) x 2 0xfffffe64
core   0: 0x8000495c (0x7c8ae013) ori     zero, s5, 1992
core   0: 3 0x8000495c (0x7c8ae013)
core   0: 0x80004960 (0x24220c17) auipc   s8, 0x24220
core   0: 3 0x80004960 (0x24220c17) x24 0xa4224960
core   0: 0x80004964 (0xb3764b93) xori    s7, a2, -1225
core   0: 3 0x80004964 (0xb3764b93) x23 0xfffffb37
core   0: 0x80004968 (0x2821b913) sltiu   s2, gp, 642
core   0: 3 0x80004968 (0x2821b913) x18 0x00000000
core   0: 0x8000496c (0xac172213) slti    tp, a4, -1343
core   0: 3 0x8000496c (0xac172213) x 4 0x00000001
core   0: 0x80004970 (0x017c3833) sltu    a6, s8, s7
core   0: 3 0x80004970 (0x017c3833) x16 0x00000001
core   0: 0x80004974 (0x00b3d393) srli    t2, t2, 11
core   0: 3 0x80004974 (0x00b3d393) x 7 0x00000000
core   0: 0x80004978 (0x003774b3) and     s1, a4, gp
core   0: 3 0x80004978 (0x003774b3) x 9 0x00000000
core   0: 0x8000497c (0x40bf8533) sub     a0, t6, a1
core   0: 3 0x8000497c (0x40bf8533) x10 0x285f4001
core   0: 0x80004980 (0x3b80fbb7) lui     s7, 0x3b80f
core   0: 3 0x80004980 (0x3b80fbb7) x23 0x3b80f000
core   0: 0x80004984 (0x00c6d833) srl     a6, a3, a2
core   0: 3 0x80004984 (0x00c6d833) x16 0x00000000
core   0: 0x80004988 (0xb9f30013) addi    zero, t1, -1121
core   0: 3 0x80004988 (0xb9f30013)
core   0: 0x8000498c (0xdc05a093) slti    ra, a1, -576
core   0: 3 0x8000498c (0xdc05a093) x 1 0x00000001
core   0: 0x80004990 (0xaa3360b7) lui     ra, 0xaa336
core   0: 3 0x80004990 (0xaa3360b7) x 1 0xaa336000
core   0: 0x80004994 (0x4cd8a517) auipc   a0, 0x4cd8a
core   0: 3 0x80004994 (0x4cd8a517) x10 0xccd8e994
core   0: 0x80004998 (0x80176993) ori     s3, a4, -2047
core   0: 3 0x80004998 (0x80176993) x19 0xfffff801
core   0: 0x8000499c (0x00539193) slli    gp, t2, 5
core   0: 3 0x8000499c (0x00539193) x 3 0x00000000
core   0: 0x800049a0 (0x000f8f33) add     t5, t6, zero
core   0: 3 0x800049a0 (0x000f8f33) x30 0x00000001
core   0: 0x800049a4 (0x4101d793) srai    a5, gp, 16
core   0: 3 0x800049a4 (0x4101d793) x15 0x00000000
core   0: 0x800049a8 (0x0167a333) slt     t1, a5, s6
core   0: 3 0x800049a8 (0x0167a333) x 6 0x00000000
core   0: 0x800049ac (0x0076fb33) and     s6, a3, t2
core   0: 3 0x800049ac (0x0076fb33) x22 0x00000000
core   0: 0x800049b0 (0x17604493) xori    s1, zero, 374
core   0: 3 0x800049b0 (0x17604493) x 9 0x00000176
core   0: 0x800049b4 (0xb22aa413) slti    s0, s5, -1246
core   0: 3 0x800049b4 (0xb22aa413) x 8 0x00000001
core   0: 0x800049b8 (0x150f2e13) slti    t3, t5, 336
core   0: 3 0x800049b8 (0x150f2e13) x28 0x00000001
core   0: 0x800049bc (0xe9038693) addi    a3, t2, -368
core   0: 3 0x800049bc (0xe9038693) x13 0xfffffe90
core   0: 0x800049c0 (0x01275c33) srl     s8, a4, s2
core   0: 3 0x800049c0 (0x01275c33) x24 0x80000000
core   0: 0x800049c4 (0x14080693) addi    a3, a6, 320
core   0: 3 0x800049c4 (0x14080693) x13 0x00000140
core   0: 0x800049c8 (0xb1083893) sltiu   a7, a6, -1264
core   0: 3 0x800049c8 (0xb1083893) x17 0x00000001
core   0: 0x800049cc (0x00ad5d13) srli    s10, s10, 10
core   0: 3 0x800049cc (0x00ad5d13) x26 0x001ffffe
core   0: 0x800049d0 (0xa7577237) lui     tp, 0xa7577
core   0: 3 0x800049d0 (0xa7577237) x 4 0xa7577000
core   0: 0x800049d4 (0xf086f393) andi    t2, a3, -248
core   0: 3 0x800049d4 (0xf086f393) x 7 0x00000100
core   0: 0x800049d8 (0xba108813) addi    a6, ra, -1119
core   0: 3 0x800049d8 (0xba108813) x16 0xaa335ba1
core   0: 0x800049dc (0x012b8bb3) add     s7, s7, s2
core   0: 3 0x800049dc (0x012b8bb3) x23 0x3b80f000
core   0: 0x800049e0 (0x0020c633) xor     a2, ra, sp
core   0: 3 0x800049e0 (0x0020c633) x12 0x55cc9e64
core   0: 0x800049e4 (0x4068da13) srai    s4, a7, 6
core   0: 3 0x800049e4 (0x4068da13) x20 0x00000000
core   0: 0x800049e8 (0x00bfd293) srli    t0, t6, 11
core   0: 3 0x800049e8 (0x00bfd293) x 5 0x00000000
core   0: 0x800049ec (0x00679613) slli    a2, a5, 6
core   0: 3 0x800049ec (0x00679613) x12 0x00000000
core   0: 0x800049f0 (0xc3360193) addi    gp, a2, -973
core   0: 3 0x800049f0 (0xc3360193) x 3 0xfffffc33
core   0: 0x800049f4 (0x41c85db3) sra     s11, a6, t3
core   0: 3 0x800049f4 (0x41c85db3) x27 0xd519add0
core   0: 0x800049f8 (0xb5f57813) andi    a6, a0, -1185
core   0: 3 0x800049f8 (0xb5f57813) x16 0xccd8e914
core   0: 0x800049fc (0x40dc0133) sub     sp, s8, a3
core   0: 3 0x800049fc (0x40dc0133) x 2 0x7ffffec0
core   0: 0x80004a00 (0x0103c2b3) xor     t0, t2, a6
core   0: 3 0x80004a00 (0x0103c2b3) x 5 0xccd8e814
core   0: 0x80004a04 (0x403d06b3) sub     a3, s10, gp
core   0: 3 0x80004a04 (0x403d06b3) x13 0x002003cb
core   0: 0x80004a08 (0x015325b3) slt     a1, t1, s5
core   0: 3 0x80004a08 (0x015325b3) x11 0x00000000
core   0: 0x80004a0c (0x40ad5413) srai    s0, s10, 10
core   0: 3 0x80004a0c (0x40ad5413) x 8 0x000007ff
core   0: 0x80004a10 (0x01211933) sll     s2, sp, s2
core   0: 3 0x80004a10 (0x01211933) x18 0x7ffffec0
core   0: 0x80004a14 (0x40a756b3) sra     a3, a4, a0
core   0: 3 0x80004a14 (0x40a756b3) x13 0xfffff800
core   0: 0x80004a18 (0x00b34533) xor     a0, t1, a1
core   0: 3 0x80004a18 (0x00b34533) x10 0x00000000
core   0: 0x80004a1c (0xe8bd9e17) auipc   t3, 0xe8bd9
core   0: 3 0x80004a1c (0xe8bd9e17) x28 0x68bdda1c
core   0: 0x80004a20 (0x009e88b3) add     a7, t4, s1
core   0: 3 0x80004a20 (0x009e88b3) x17 0x80011fda
core   0: 0x80004a24 (0xab350817) auipc   a6, 0xab350
core   0: 3 0x80004a24 (0xab350817) x16 0x2b354a24
core   0: 0x80004a28 (0xee624913) xori    s2, tp, -282
core   0: 3 0x80004a28 (0xee624913) x18 0x58a88ee6
core   0: 0x80004a2c (0x00db7233) and     tp, s6, a3
core   0: 3 0x80004a2c (0x00db7233) x 4 0x00000000
core   0: 0x80004a30 (0x4081d893) srai    a7, gp, 8
core   0: 3 0x80004a30 (0x4081d893) x17 0xfffffffc
core   0: 0x80004a34 (0x01fcb7b3) sltu    a5, s9, t6
core   0: 3 0x80004a34 (0x01fcb7b3) x15 0x00000000
core   0: 0x80004a38 (0x014bc133) xor     sp, s7, s4
core   0: 3 0x80004a38 (0x014bc133) x 2 0x3b80f000
core   0: 0x80004a3c (0x00000013) nop
core   0: 3 0x80004a3c (0x00000013)
core   0: 0x80004a40 (0x014d0bb3) add     s7, s10, s4
core   0: 3 0x80004a40 (0x014d0bb3) x23 0x001ffffe
core   0: 0x80004a44 (0x01a69133) sll     sp, a3, s10
core   0: 3 0x80004a44 (0x01a69133) x 2 0x00000000
core   0: 0x80004a48 (0x00e5e933) or      s2, a1, a4
core   0: 3 0x80004a48 (0x00e5e933) x18 0x80000000
core   0: 0x80004a4c (0x01ee97b3) sll     a5, t4, t5
core   0: 3 0x80004a4c (0x01ee97b3) x15 0x00023cc8
core   0: 0x80004a50 (0x00513bb3) sltu    s7, sp, t0
core   0: 3 0x80004a50 (0x00513bb3) x23 0x00000001
core   0: 0x80004a54 (0x00d09393) slli    t2, ra, 13
core   0: 3 0x80004a54 (0x00d09393) x 7 0x6c000000
core   0: 0x80004a58 (0x01ae5113) srli    sp, t3, 26
core   0: 3 0x80004a58 (0x01ae5113) x 2 0x0000001a
core   0: 0x80004a5c (0x009bc433) xor     s0, s7, s1
core   0: 3 0x80004a5c (0x009bc433) x 8 0x00000177
core   0: 0x80004a60 (0x00000013) nop
core   0: 3 0x80004a60 (0x00000013)
core   0: 0x80004a64 (0x00fb4d13) xori    s10, s6, 15
core   0: 3 0x80004a64 (0x00fb4d13) x26 0x0000000f
core   0: 0x80004a68 (0x017ff7b3) and     a5, t6, s7
core   0: 3 0x80004a68 (0x017ff7b3) x15 0x00000001
core   0: 0x80004a6c (0x01209933) sll     s2, ra, s2
core   0: 3 0x80004a6c (0x01209933) x18 0xaa336000
core   0: 0x80004a70 (0x019e9e13) slli    t3, t4, 25
core   0: 3 0x80004a70 (0x019e9e13) x28 0xc8000000
core   0: 0x80004a74 (0x019936b3) sltu    a3, s2, s9
core   0: 3 0x80004a74 (0x019936b3) x13 0x00000000
core   0: 0x80004a78 (0x01607133) and     sp, zero, s6
core   0: 3 0x80004a78 (0x01607133) x 2 0x00000000
core   0: 0x80004a7c (0xa168a897) auipc   a7, 0xa168a
core   0: 3 0x80004a7c (0xa168a897) x17 0x2168ea7c
core   0: 0x80004a80 (0x014cd9b3) srl     s3, s9, s4
core   0: 3 0x80004a80 (0x014cd9b3) x19 0x80015ce4
core   0: 0x80004a84 (0x003f7c33) and     s8, t5, gp
core   0: 3 0x80004a84 (0x003f7c33) x24 0x00000001
core   0: 0x80004a88 (0xfb237513) andi    a0, t1, -78
core   0: 3 0x80004a88 (0xfb237513) x10 0x00000000
core   0: 0x80004a8c (0xf71ae693) ori     a3, s5, -143
core   0: 3 0x80004a8c (0xf71ae693) x13 0xffffff77
core   0: 0x80004a90 (0x62e303b7) lui     t2, 0x62e30
core   0: 3 0x80004a90 (0x62e303b7) x 7 0x62e30000
core   0: 0x80004a94 (0x40268633) sub     a2, a3, sp
core   0: 3 0x80004a94 (0x40268633) x12 0xffffff77
core   0: 0x80004a98 (0x016ed0b3) srl     ra, t4, s6
core   0: 3 0x80004a98 (0x016ed0b3) x 1 0x80011e64
core   0: 0x80004a9c (0x00000013) nop
core   0: 3 0x80004a9c (0x00000013)
core   0: 0x80004aa0 (0x1d294613) xori    a2, s2, 466
core   0: 3 0x80004aa0 (0x1d294613) x12 0xaa3361d2
core   0: 0x80004aa4 (0x0025fdb3) and     s11, a1, sp
core   0: 3 0x80004aa4 (0x0025fdb3) x27 0x00000000
core   0: 0x80004aa8 (0x30dbc513) xori    a0, s7, 781
core   0: 3 0x80004aa8 (0x30dbc513) x10 0x0000030c
core   0: 0x80004aac (0x74b0ab13) slti    s6, ra, 1867
core   0: 3 0x80004aac (0x74b0ab13) x22 0x00000001
core   0: 0x80004ab0 (0xaa6b7e13) andi    t3, s6, -1370
core   0: 3 0x80004ab0 (0xaa6b7e13) x28 0x00000000
core   0: 0x80004ab4 (0x01d89793) slli    a5, a7, 29
core   0: 3 0x80004ab4 (0x01d89793) x15 0x80000000
core   0: 0x80004ab8 (0x419d8c33) sub     s8, s11, s9
core   0: 3 0x80004ab8 (0x419d8c33) x24 0x7ffea31c
core   0: 0x80004abc (0x0039ca33) xor     s4, s3, gp
core   0: 3 0x80004abc (0x0039ca33) x20 0x7ffea0d7
core   0: 0x80004ac0 (0x015c6d33) or      s10, s8, s5
core   0: 3 0x80004ac0 (0x015c6d33) x26 0xfffffb5e
core   0: 0x80004ac4 (0xf7e37b13) andi    s6, t1, -130
core   0: 3 0x80004ac4 (0xf7e37b13) x22 0x00000000
core   0: 0x80004ac8 (0x17f3af93) slti    t6, t2, 383
core   0: 3 0x80004ac8 (0x17f3af93) x31 0x00000000
core   0: 0x80004acc (0xfeb92d93) slti    s11, s2, -21
core   0: 3 0x80004acc (0xfeb92d93) x27 0x00000001
core   0: 0x80004ad0 (0x017aabb3) slt     s7, s5, s7
core   0: 3 0x80004ad0 (0x017aabb3) x23 0x00000001
core   0: 0x80004ad4 (0x00f84c33) xor     s8, a6, a5
core   0: 3 0x80004ad4 (0x00f84c33) x24 0xab354a24
core   0: 0x80004ad8 (0x006a5993) srli    s3, s4, 6
core   0: 3 0x80004ad8 (0x006a5993) x19 0x01fffa83
core   0: 0x80004adc (0xbadd0117) auipc   sp, 0xbadd0
core   0: 3 0x80004adc (0xbadd0117) x 2 0x3add4adc
core   0: 0x80004ae0 (0x01208a33) add     s4, ra, s2
core   0: 3 0x80004ae0 (0x01208a33) x20 0x2a347e64
core   0: 0x80004ae4 (0x08f43617) auipc   a2, 0x8f43
core   0: 3 0x80004ae4 (0x08f43617) x12 0x88f47ae4
core   0: 0x80004ae8 (0x00000013) nop
core   0: 3 0x80004ae8 (0x00000013)
core   0: 0x80004aec (0x0d4ae013) ori     zero, s5, 212
core   0: 3 0x80004aec (0x0d4ae013)
core   0: 0x80004af0 (0x4e6b2b13) slti    s6, s6, 1254
core   0: 3 0x80004af0 (0x4e6b2b13) x22 0x00000001
core   0: 0x80004af4 (0xaccd8113) addi    sp, s11, -1332
core   0: 3 0x80004af4 (0xaccd8113) x 2 0xfffffacd
core   0: 0x80004af8 (0x01685233) srl     tp, a6, s6
core   0: 3 0x80004af8 (0x01685233) x 4 0x159aa512
core   0: 0x80004afc (0x013b4fb3) xor     t6, s6, s3
core   0: 3 0x80004afc (0x013b4fb3) x31 0x01fffa82
core   0: 0x80004b00 (0x409f84b3) sub     s1, t6, s1
core   0: 3 0x80004b00 (0x409f84b3) x 9 0x01fff90c
core   0: 0x80004b04 (0x4c3ac213) xori    tp, s5, 1219
core   0: 3 0x80004b04 (0x4c3ac213) x 4 0xfffffc95
core   0: 0x80004b08 (0x410d5133) sra     sp, s10, a6
core   0: 3 0x80004b08 (0x410d5133) x 2 0xffffffb5
core   0: 0x80004b0c (0x00000013) nop
core   0: 3 0x80004b0c (0x00000013)
core   0: 0x80004b10 (0x48cfa613) slti    a2, t6, 1164
core   0: 3 0x80004b10 (0x48cfa613) x12 0x00000000
core   0: 0x80004b14 (0x00000013) nop
core   0: 3 0x80004b14 (0x00000013)
core   0: 0x80004b18 (0x40bf57b3) sra     a5, t5, a1
core   0: 3 0x80004b18 (0x40bf57b3) x15 0x00000001
core   0: 0x80004b1c (0x006aa433) slt     s0, s5, t1
core   0: 3 0x80004b1c (0x006aa433) x 8 0x00000001
core   0: 0x80004b20 (0x41de5b13) srai    s6, t3, 29
core   0: 3 0x80004b20 (0x41de5b13) x22 0x00000000
core   0: 0x80004b24 (0x013de8b3) or      a7, s11, s3
core   0: 3 0x80004b24 (0x013de8b3) x17 0x01fffa83
core   0: 0x80004b28 (0x013a0933) add     s2, s4, s3
core   0: 3 0x80004b28 (0x013a0933) x18 0x2c3478e7
core   0: 0x80004b2c (0x002db4b3) sltu    s1, s11, sp
core   0: 3 0x80004b2c (0x002db4b3) x 9 0x00000001
core   0: 0x80004b30 (0x4135de33) sra     t3, a1, s3
core   0: 3 0x80004b30 (0x4135de33) x28 0x00000000
core   0: 0x80004b34 (0x01d5d513) srli    a0, a1, 29
core   0: 3 0x80004b34 (0x01d5d513) x10 0x00000000
core   0: 0x80004b38 (0x64a3a193) slti    gp, t2, 1610
core   0: 3 0x80004b38 (0x64a3a193) x 3 0x00000000
core   0: 0x80004b3c (0xe7d25517) auipc   a0, 0xe7d25
core   0: 3 0x80004b3c (0xe7d25517) x10 0x67d29b3c
core   0: 0x80004b40 (0x35ea0013) addi    zero, s4, 862
core   0: 3 0x80004b40 (0x35ea0013)
core   0: 0x80004b44 (0xbc424697) auipc   a3, 0xbc424
core   0: 3 0x80004b44 (0xbc424697) x13 0x3c428b44
core   0: 0x80004b48 (0x01cf5333) srl     t1, t5, t3
core   0: 3 0x80004b48 (0x01cf5333) x 6 0x00000001
core   0: 0x80004b4c (0x654f0db7) lui     s11, 0x654f0
core   0: 3 0x80004b4c (0x654f0db7) x27 0x654f0000
core   0: 0x80004b50 (0x015263b3) or      t2, tp, s5
core   0: 3 0x80004b50 (0x015263b3) x 7 0xfffffcd7
core   0: 0x80004b54 (0x40628e33) sub     t3, t0, t1
core   0: 3 0x80004b54 (0x40628e33) x28 0xccd8e813
core   0: 0x80004b58 (0xf9bec197) auipc   gp, 0xf9bec
core   0: 3 0x80004b58 (0xf9bec197) x 3 0x79bf0b58
core   0: 0x80004b5c (0x00f2e233) or      tp, t0, a5
core   0: 3 0x80004b5c (0x00f2e233) x 4 0xccd8e815
core   0: 0x80004b60 (0xe7cd4393) xori    t2, s10, -388
core   0: 3 0x80004b60 (0xe7cd4393) x 7 0x00000522
core   0: 0x80004b64 (0x01eadb93) srli    s7, s5, 30
core   0: 3 0x80004b64 (0x01eadb93) x23 0x00000003
core   0: 0x80004b68 (0x00038033) add     zero, t2, zero
core   0: 3 0x80004b68 (0x00038033)
core   0: 0x80004b6c (0x6846e013) ori     zero, a3, 1668
core   0: 3 0x80004b6c (0x6846e013)
core   0: 0x80004b70 (0x007508b3) add     a7, a0, t2
core   0: 3 0x80004b70 (0x007508b3) x17 0x67d2a05e
core   0: 0x80004b74 (0x01093d33) sltu    s10, s2, a6
core   0: 3 0x80004b74 (0x01093d33) x26 0x00000000
core   0: 0x80004b78 (0x01517d33) and     s10, sp, s5
core   0: 3 0x80004b78 (0x01517d33) x26 0xfffff814
core   0: 0x80004b7c (0x01815533) srl     a0, sp, s8
core   0: 3 0x80004b7c (0x01815533) x10 0x0ffffffb
core   0: 0x80004b80 (0x01573d33) sltu    s10, a4, s5
core   0: 3 0x80004b80 (0x01573d33) x26 0x00000001
core   0: 0x80004b84 (0x01cf4fb3) xor     t6, t5, t3
core   0: 3 0x80004b84 (0x01cf4fb3) x31 0xccd8e812
core   0: 0x80004b88 (0x00000013) nop
core   0: 3 0x80004b88 (0x00000013)
core   0: 0x80004b8c (0x40e3d8b3) sra     a7, t2, a4
core   0: 3 0x80004b8c (0x40e3d8b3) x17 0x00000522
core   0: 0x80004b90 (0x003a5db3) srl     s11, s4, gp
core   0: 3 0x80004b90 (0x003a5db3) x27 0x0000002a
core   0: 0x80004b94 (0x00be29b3) slt     s3, t3, a1
core   0: 3 0x80004b94 (0x00be29b3) x19 0x00000001
core   0: 0x80004b98 (0x01d55db3) srl     s11, a0, t4
core   0: 3 0x80004b98 (0x01d55db3) x27 0x00ffffff
core   0: 0x80004b9c (0xd99ae613) ori     a2, s5, -615
core   0: 3 0x80004b9c (0xd99ae613) x12 0xfffffddf
core   0: 0x80004ba0 (0x4f73e093) ori     ra, t2, 1271
core   0: 3 0x80004ba0 (0x4f73e093) x 1 0x000005f7
core   0: 0x80004ba4 (0x0108c5b3) xor     a1, a7, a6
core   0: 3 0x80004ba4 (0x0108c5b3) x11 0x2b354f06
core   0: 0x80004ba8 (0x692a0213) addi    tp, s4, 1682
core   0: 3 0x80004ba8 (0x692a0213) x 4 0x2a3484f6
core   0: 0x80004bac (0x01581413) slli    s0, a6, 21
core   0: 3 0x80004bac (0x01581413) x 8 0x44800000
core   0: 0x80004bb0 (0xecd86513) ori     a0, a6, -307
core   0: 3 0x80004bb0 (0xecd86513) x10 0xfffffeed
core   0: 0x80004bb4 (0xe7d0ff13) andi    t5, ra, -387
core   0: 3 0x80004bb4 (0xe7d0ff13) x30 0x00000475
core   0: 0x80004bb8 (0x01270633) add     a2, a4, s2
core   0: 3 0x80004bb8 (0x01270633) x12 0xac3478e7
core   0: 0x80004bbc (0xf2613093) sltiu   ra, sp, -218
core   0: 3 0x80004bbc (0xf2613093) x 1 0x00000000
core   0: 0x80004bc0 (0x00e365b3) or      a1, t1, a4
core   0: 3 0x80004bc0 (0x00e365b3) x11 0x80000001
core   0: 0x80004bc4 (0x6b5b4fb7) lui     t6, 0x6b5b4
core   0: 3 0x80004bc4 (0x6b5b4fb7) x31 0x6b5b4000
core   0: 0x80004bc8 (0x0082ac33) slt     s8, t0, s0
core   0: 3 0x80004bc8 (0x0082ac33) x24 0x00000001
core   0: 0x80004bcc (0x0132e7b3) or      a5, t0, s3
core   0: 3 0x80004bcc (0x0132e7b3) x15 0xccd8e815
core   0: 0x80004bd0 (0x00c11233) sll     tp, sp, a2
core   0: 3 0x80004bd0 (0x00c11233) x 4 0xffffda80
core   0: 0x80004bd4 (0x002ad413) srli    s0, s5, 2
core   0: 3 0x80004bd4 (0x002ad413) x 8 0x3ffffe15
core   0: 0x80004bd8 (0x41c5d4b3) sra     s1, a1, t3
core   0: 3 0x80004bd8 (0x41c5d4b3) x 9 0xfffff000
core   0: 0x80004bdc (0x00365793) srli    a5, a2, 3
core   0: 3 0x80004bdc (0x00365793) x15 0x15868f1c
core   0: 0x80004be0 (0x00000013) nop
core   0: 3 0x80004be0 (0x00000013)
core   0: 0x80004be4 (0xf98d6693) ori     a3, s10, -104
core   0: 3 0x80004be4 (0xf98d6693) x13 0xffffff99
core   0: 0x80004be8 (0x004057b3) srl     a5, zero, tp
core   0: 3 0x80004be8 (0x004057b3) x15 0x00000000
core   0: 0x80004bec (0x01e55193) srli    gp, a0, 30
core   0: 3 0x80004bec (0x01e55193) x 3 0x00000003
core   0: 0x80004bf0 (0x4192da33) sra     s4, t0, s9
core   0: 3 0x80004bf0 (0x4192da33) x20 0xfccd8e81
core   0: 0x80004bf4 (0x008e4433) xor     s0, t3, s0
core   0: 3 0x80004bf4 (0x008e4433) x 8 0xf3271606
core   0: 0x80004bf8 (0x0f8ad937) lui     s2, 0xf8ad
core   0: 3 0x80004bf8 (0x0f8ad937) x18 0x0f8ad000
core   0: 0x80004bfc (0x46c26413) ori     s0, tp, 1132
core   0: 3 0x80004bfc (0x46c26413) x 8 0xffffdeec
core   0: 0x80004c00 (0x0a64dd97) auipc   s11, 0xa64d
core   0: 3 0x80004c00 (0x0a64dd97) x27 0x8a651c00
core   0: 0x80004c04 (0xdd3fb813) sltiu   a6, t6, -557
core   0: 3 0x80004c04 (0xdd3fb813) x16 0x00000001
core   0: 0x80004c08 (0x02d48a93) addi    s5, s1, 45
core   0: 3 0x80004c08 (0x02d48a93) x21 0xfffff02d
core   0: 0x80004c0c (0x41f74a13) xori    s4, a4, 1055
core   0: 3 0x80004c0c (0x41f74a13) x20 0x8000041f
core   0: 0x80004c10 (0x01aa9493) slli    s1, s5, 26
core   0: 3 0x80004c10 (0x01aa9493) x 9 0xb4000000
core   0: 0x80004c14 (0x017b1e13) slli    t3, s6, 23
core   0: 3 0x80004c14 (0x017b1e13) x28 0x00000000
core   0: 0x80004c18 (0x6b8b2813) slti    a6, s6, 1720
core   0: 3 0x80004c18 (0x6b8b2813) x16 0x00000001
core   0: 0x80004c1c (0x4120db13) srai    s6, ra, 18
core   0: 3 0x80004c1c (0x4120db13) x22 0x00000000
core   0: 0x80004c20 (0x01f71fb3) sll     t6, a4, t6
core   0: 3 0x80004c20 (0x01f71fb3) x31 0x80000000
core   0: 0x80004c24 (0x14550f37) lui     t5, 0x14550
core   0: 3 0x80004c24 (0x14550f37) x30 0x14550000
core   0: 0x80004c28 (0x01401d33) sll     s10, zero, s4
core   0: 3 0x80004c28 (0x01401d33) x26 0x00000000
core   0: 0x80004c2c (0xf1566b93) ori     s7, a2, -235
core   0: 3 0x80004c2c (0xf1566b93) x23 0xfffffff7
core   0: 0x80004c30 (0x015dd933) srl     s2, s11, s5
core   0: 3 0x80004c30 (0x015dd933) x18 0x00045328
core   0: 0x80004c34 (0x24887793) andi    a5, a6, 584
core   0: 3 0x80004c34 (0x24887793) x15 0x00000000
core   0: 0x80004c38 (0x626ceb93) ori     s7, s9, 1574
core   0: 3 0x80004c38 (0x626ceb93) x23 0x80015ee6
core   0: 0x80004c3c (0x78f8a493) slti    s1, a7, 1935
core   0: 3 0x80004c3c (0x78f8a493) x 9 0x00000001
core   0: 0x80004c40 (0x01f1dc13) srli    s8, gp, 31
core   0: 3 0x80004c40 (0x01f1dc13) x24 0x00000000
core   0: 0x80004c44 (0xe0ba38b7) lui     a7, 0xe0ba3
core   0: 3 0x80004c44 (0xe0ba38b7) x17 0xe0ba3000
core   0: 0x80004c48 (0x345b5e17) auipc   t3, 0x345b5
core   0: 3 0x80004c48 (0x345b5e17) x28 0xb45b9c48
core   0: 0x80004c4c (0x5c6c3593) sltiu   a1, s8, 1478
core   0: 3 0x80004c4c (0x5c6c3593) x11 0x00000001
core   0: 0x80004c50 (0x00eb1c33) sll     s8, s6, a4
core   0: 3 0x80004c50 (0x00eb1c33) x24 0x00000000
core   0: 0x80004c54 (0x00101193) slli    gp, zero, 1
core   0: 3 0x80004c54 (0x00101193) x 3 0x00000000
core   0: 0x80004c58 (0x00000013) nop
core   0: 3 0x80004c58 (0x00000013)
core   0: 0x80004c5c (0x0039e533) or      a0, s3, gp
core   0: 3 0x80004c5c (0x0039e533) x10 0x00000001
core   0: 0x80004c60 (0x01c78bb3) add     s7, a5, t3
core   0: 3 0x80004c60 (0x01c78bb3) x23 0xb45b9c48
core   0: 0x80004c64 (0xd7f13493) sltiu   s1, sp, -641
core   0: 3 0x80004c64 (0xd7f13493) x 9 0x00000000
core   0: 0x80004c68 (0x01ce1d33) sll     s10, t3, t3
core   0: 3 0x80004c68 (0x01ce1d33) x26 0x5b9c4800
core   0: 0x80004c6c (0x6854a893) slti    a7, s1, 1669
core   0: 3 0x80004c6c (0x6854a893) x17 0x00000001
core   0: 0x80004c70 (0x8afc0db7) lui     s11, 0x8afc0
core   0: 3 0x80004c70 (0x8afc0db7) x27 0x8afc0000
core   0: 0x80004c74 (0x01dfdd93) srli    s11, t6, 29
core   0: 3 0x80004c74 (0x01dfdd93) x27 0x00000004
core   0: 0x80004c78 (0x1419f817) auipc   a6, 0x1419f
core   0: 3 0x80004c78 (0x1419f817) x16 0x941a3c78
core   0: 0x80004c7c (0x0106c4b3) xor     s1, a3, a6
core   0: 3 0x80004c7c (0x0106c4b3) x 9 0x6be5c3e1
core   0: 0x80004c80 (0x01f41f13) slli    t5, s0, 31
core   0: 3 0x80004c80 (0x01f41f13) x30 0x00000000
core   0: 0x80004c84 (0x00000013) nop
core   0: 3 0x80004c84 (0x00000013)
core   0: 0x80004c88 (0x015ebab3) sltu    s5, t4, s5
core   0: 3 0x80004c88 (0x015ebab3) x21 0x00000001
core   0: 0x80004c8c (0x00000013) nop
core   0: 3 0x80004c8c (0x00000013)
core   0: 0x80004c90 (0x005e5893) srli    a7, t3, 5
core   0: 3 0x80004c90 (0x005e5893) x17 0x05a2dce2
core   0: 0x80004c94 (0x00bddf33) srl     t5, s11, a1
core   0: 3 0x80004c94 (0x00bddf33) x30 0x00000002
core   0: 0x80004c98 (0xa9b78097) auipc   ra, 0xa9b78
core   0: 3 0x80004c98 (0xa9b78097) x 1 0x29b7cc98
core   0: 0x80004c9c (0x00000013) nop
core   0: 3 0x80004c9c (0x00000013)
core   0: 0x80004ca0 (0x034f0013) addi    zero, t5, 52
core   0: 3 0x80004ca0 (0x034f0013)
core   0: 0x80004ca4 (0xd8cf3937) lui     s2, 0xd8cf3
core   0: 3 0x80004ca4 (0xd8cf3937) x18 0xd8cf3000
core   0: 0x80004ca8 (0x41c65e13) srai    t3, a2, 28
core   0: 3 0x80004ca8 (0x41c65e13) x28 0xfffffffa
core   0: 0x80004cac (0x00981033) sll     zero, a6, s1
core   0: 3 0x80004cac (0x00981033)
core   0: 0x80004cb0 (0x607434b7) lui     s1, 0x60743
core   0: 3 0x80004cb0 (0x607434b7) x 9 0x60743000
core   0: 0x80004cb4 (0x40080e33) sub     t3, a6, zero
core   0: 3 0x80004cb4 (0x40080e33) x28 0x941a3c78
core   0: 0x80004cb8 (0x00f76e33) or      t3, a4, a5
core   0: 3 0x80004cb8 (0x00f76e33) x28 0x80000000
core   0: 0x80004cbc (0x012ce633) or      a2, s9, s2
core   0: 3 0x80004cbc (0x012ce633) x12 0xd8cf7ce4
core   0: 0x80004cc0 (0x134c7a93) andi    s5, s8, 308
core   0: 3 0x80004cc0 (0x134c7a93) x21 0x00000000
core   0: 0x80004cc4 (0x0176e633) or      a2, a3, s7
core   0: 3 0x80004cc4 (0x0176e633) x12 0xffffffd9
core   0: 0x80004cc8 (0x0013c833) xor     a6, t2, ra
core   0: 3 0x80004cc8 (0x0013c833) x16 0x29b7c9ba
core   0: 0x80004ccc (0x1e3e7d93) andi    s11, t3, 483
core   0: 3 0x80004ccc (0x1e3e7d93) x27 0x00000000
core   0: 0x80004cd0 (0x014931b3) sltu    gp, s2, s4
core   0: 3 0x80004cd0 (0x014931b3) x 3 0x00000000
core   0: 0x80004cd4 (0xd9a7b393) sltiu   t2, a5, -614
core   0: 3 0x80004cd4 (0xd9a7b393) x 7 0x00000001
core   0: 0x80004cd8 (0x00a9dfb3) srl     t6, s3, a0
core   0: 3 0x80004cd8 (0x00a9dfb3) x31 0x00000000
core   0: 0x80004cdc (0x01cb1413) slli    s0, s6, 28
core   0: 3 0x80004cdc (0x01cb1413) x 8 0x00000000
core   0: 0x80004ce0 (0x3fc32f93) slti    t6, t1, 1020
core   0: 3 0x80004ce0 (0x3fc32f93) x31 0x00000001
core   0: 0x80004ce4 (0x40075313) srai    t1, a4, 0
core   0: 3 0x80004ce4 (0x40075313) x 6 0x80000000
core   0: 0x80004ce8 (0x40a2d9b3) sra     s3, t0, a0
core   0: 3 0x80004ce8 (0x40a2d9b3) x19 0xe66c740a
core   0: 0x80004cec (0x41698633) sub     a2, s3, s6
core   0: 3 0x80004cec (0x41698633) x12 0xe66c740a
core   0: 0x80004cf0 (0x00000013) nop
core   0: 3 0x80004cf0 (0x00000013)
core   0: 0x80004cf4 (0x004e73b3) and     t2, t3, tp
core   0: 3 0x80004cf4 (0x004e73b3) x 7 0x80000000
core   0: 0x80004cf8 (0x01d986b3) add     a3, s3, t4
core   0: 3 0x80004cf8 (0x01d986b3) x13 0x666d926e
core   0: 0x80004cfc (0x4140d7b3) sra     a5, ra, s4
core   0: 3 0x80004cfc (0x4140d7b3) x15 0x00000000
core   0: 0x80004d00 (0x27b36793) ori     a5, t1, 635
core   0: 3 0x80004d00 (0x27b36793) x15 0x8000027b
core   0: 0x80004d04 (0x00000013) nop
core   0: 3 0x80004d04 (0x00000013)
core   0: 0x80004d08 (0xe2ac8093) addi    ra, s9, -470
core   0: 3 0x80004d08 (0xe2ac8093) x 1 0x80015b0e
core   0: 0x80004d0c (0x016303b3) add     t2, t1, s6
core   0: 3 0x80004d0c (0x016303b3) x 7 0x80000000
core   0: 0x80004d10 (0xc7aacd93) xori    s11, s5, -902
core   0: 3 0x80004d10 (0xc7aacd93) x27 0xfffffc7a
core   0: 0x80004d14 (0xcfc6e113) ori     sp, a3, -772
core   0: 3 0x80004d14 (0xcfc6e113) x 2 0xfffffefe
core   0: 0x80004d18 (0x01085633) srl     a2, a6, a6
core   0: 3 0x80004d18 (0x01085633) x12 0x0000000a
core   0: 0x80004d1c (0x407b07b3) sub     a5, s6, t2
core   0: 3 0x80004d1c (0x407b07b3) x15 0x80000000
core   0: 0x80004d20 (0x35b30137) lui     sp, 0x35b30
core   0: 3 0x80004d20 (0x35b30137) x 2 0x35b30000
core   0: 0x80004d24 (0x00dff433) and     s0, t6, a3
core   0: 3 0x80004d24 (0x00dff433) x 8 0x00000000
core   0: 0x80004d28 (0x7908cc17) auipc   s8, 0x7908c
core   0: 3 0x80004d28 (0x7908cc17) x24 0xf9090d28
core   0: 0x80004d2c (0x00d42bb3) slt     s7, s0, a3
core   0: 3 0x80004d2c (0x00d42bb3) x23 0x00000001
core   0: 0x80004d30 (0x702ba813) slti    a6, s7, 1794
core   0: 3 0x80004d30 (0x702ba813) x16 0x00000001
core   0: 0x80004d34 (0x00bf2ab3) slt     s5, t5, a1
core   0: 3 0x80004d34 (0x00bf2ab3) x21 0x00000000
core   0: 0x80004d38 (0x01d9a433) slt     s0, s3, t4
core   0: 3 0x80004d38 (0x01d9a433) x 8 0x00000000
core   0: 0x80004d3c (0x016493b3) sll     t2, s1, s6
core   0: 3 0x80004d3c (0x016493b3) x 7 0x60743000
core   0: 0x80004d40 (0x005a4a33) xor     s4, s4, t0
core   0: 3 0x80004d40 (0x005a4a33) x20 0x4cd8ec0b
core   0: 0x80004d44 (0x01dee533) or      a0, t4, t4
core   0: 3 0x80004d44 (0x01dee533) x10 0x80011e64
core   0: 0x80004d48 (0xad214b93) xori    s7, sp, -1326
core   0: 3 0x80004d48 (0xad214b93) x23 0xca4cfad2
core   0: 0x80004d4c (0x42c9f117) auipc   sp, 0x42c9f
core   0: 3 0x80004d4c (0x42c9f117) x 2 0xc2ca3d4c
core   0: 0x80004d50 (0x003b9393) slli    t2, s7, 3
core   0: 3 0x80004d50 (0x003b9393) x 7 0x5267d690
core   0: 0x80004d54 (0x009892b3) sll     t0, a7, s1
core   0: 3 0x80004d54 (0x009892b3) x 5 0x05a2dce2
core   0: 0x80004d58 (0x0069e1b3) or      gp, s3, t1
core   0: 3 0x80004d58 (0x0069e1b3) x 3 0xe66c740a
core   0: 0x80004d5c (0x01108433) add     s0, ra, a7
core   0: 3 0x80004d5c (0x01108433) x 8 0x85a437f0
core   0: 0x80004d60 (0x01e574b3) and     s1, a0, t5
core   0: 3 0x80004d60 (0x01e574b3) x 9 0x00000000
core   0: 0x80004d64 (0xdc586a13) ori     s4, a6, -571
core   0: 3 0x80004d64 (0xdc586a13) x20 0xfffffdc5
core   0: 0x80004d68 (0x00f75093) srli    ra, a4, 15
core   0: 3 0x80004d68 (0x00f75093) x 1 0x00010000
core   0: 0x80004d6c (0x1ba88593) addi    a1, a7, 442
core   0: 3 0x80004d6c (0x1ba88593) x11 0x05a2de9c
core   0: 0x80004d70 (0x015f84b3) add     s1, t6, s5
core   0: 3 0x80004d70 (0x015f84b3) x 9 0x00000001
core   0: 0x80004d74 (0x009791b3) sll     gp, a5, s1
core   0: 3 0x80004d74 (0x009791b3) x 3 0x00000000
core   0: 0x80004d78 (0x27c0a293) slti    t0, ra, 636
core   0: 3 0x80004d78 (0x27c0a293) x 5 0x00000000
core   0: 0x80004d7c (0x01479633) sll     a2, a5, s4
core   0: 3 0x80004d7c (0x01479633) x12 0x00000000
core   0: 0x80004d80 (0x38304d13) xori    s10, zero, 899
core   0: 3 0x80004d80 (0x38304d13) x26 0x00000383
core   0: 0x80004d84 (0x29b87e13) andi    t3, a6, 667
core   0: 3 0x80004d84 (0x29b87e13) x28 0x00000001
core   0: 0x80004d88 (0xce5ab113) sltiu   sp, s5, -795
core   0: 3 0x80004d88 (0xce5ab113) x 2 0x00000001
core   0: 0x80004d8c (0x00332c33) slt     s8, t1, gp
core   0: 3 0x80004d8c (0x00332c33) x24 0x00000001
core   0: 0x80004d90 (0x01ddc7b3) xor     a5, s11, t4
core   0: 3 0x80004d90 (0x01ddc7b3) x15 0x7ffee21e
core   0: 0x80004d94 (0x402b06b3) sub     a3, s6, sp
core   0: 3 0x80004d94 (0x402b06b3) x13 0xffffffff
core   0: 0x80004d98 (0x4087d8b3) sra     a7, a5, s0
core   0: 3 0x80004d98 (0x4087d8b3) x17 0x00007ffe
core   0: 0x80004d9c (0x011b54b3) srl     s1, s6, a7
core   0: 3 0x80004d9c (0x011b54b3) x 9 0x00000000
core   0: 0x80004da0 (0x93514f93) xori    t6, sp, -1739
core   0: 3 0x80004da0 (0x93514f93) x31 0xfffff934
core   0: 0x80004da4 (0x2d343f13) sltiu   t5, s0, 723
core   0: 3 0x80004da4 (0x2d343f13) x30 0x00000000
core   0: 0x80004da8 (0xdc79a017) auipc   zero, 0xdc79a
core   0: 3 0x80004da8 (0xdc79a017)
core   0: 0x80004dac (0x000d2f33) slt     t5, s10, zero
core   0: 3 0x80004dac (0x000d2f33) x30 0x00000000
core   0: 0x80004db0 (0x00000013) nop
core   0: 3 0x80004db0 (0x00000013)
core   0: 0x80004db4 (0x4076d393) srai    t2, a3, 7
core   0: 3 0x80004db4 (0x4076d393) x 7 0xffffffff
core   0: 0x80004db8 (0x00ff53b3) srl     t2, t5, a5
core   0: 3 0x80004db8 (0x00ff53b3) x 7 0x00000000
core   0: 0x80004dbc (0x01a866b3) or      a3, a6, s10
core   0: 3 0x80004dbc (0x01a866b3) x13 0x00000383
core   0: 0x80004dc0 (0x00000013) nop
core   0: 3 0x80004dc0 (0x00000013)
core   0: 0x80004dc4 (0x00af9193) slli    gp, t6, 10
core   0: 3 0x80004dc4 (0x00af9193) x 3 0xffe4d000
core   0: 0x80004dc8 (0x00800a33) add     s4, zero, s0
core   0: 3 0x80004dc8 (0x00800a33) x20 0x85a437f0
core   0: 0x80004dcc (0x3f299517) auipc   a0, 0x3f299
core   0: 3 0x80004dcc (0x3f299517) x10 0xbf29ddcc
core   0: 0x80004dd0 (0x01df1f93) slli    t6, t5, 29
core   0: 3 0x80004dd0 (0x01df1f93) x31 0x00000000
core   0: 0x80004dd4 (0x40add393) srai    t2, s11, 10
core   0: 3 0x80004dd4 (0x40add393) x 7 0xffffffff
core   0: 0x80004dd8 (0x00bdbb33) sltu    s6, s11, a1
core   0: 3 0x80004dd8 (0x00bdbb33) x22 0x00000000
core   0: 0x80004ddc (0xe5537137) lui     sp, 0xe5537
core   0: 3 0x80004ddc (0xe5537137) x 2 0xe5537000
core   0: 0x80004de0 (0xc7ce3593) sltiu   a1, t3, -900
core   0: 3 0x80004de0 (0xc7ce3593) x11 0x00000001
core   0: 0x80004de4 (0x9a98a813) slti    a6, a7, -1623
core   0: 3 0x80004de4 (0x9a98a813) x16 0x00000000
core   0: 0x80004de8 (0x01d7c4b3) xor     s1, a5, t4
core   0: 3 0x80004de8 (0x01d7c4b3) x 9 0xfffffc7a
core   0: 0x80004dec (0x79137593) andi    a1, t1, 1937
core   0: 3 0x80004dec (0x79137593) x11 0x00000000
core   0: 0x80004df0 (0xb32b8213) addi    tp, s7, -1230
core   0: 3 0x80004df0 (0xb32b8213) x 4 0xca4cf604
core   0: 0x80004df4 (0x010076b3) and     a3, zero, a6
core   0: 3 0x80004df4 (0x010076b3) x13 0x00000000
core   0: 0x80004df8 (0x01c3f0b3) and     ra, t2, t3
core   0: 3 0x80004df8 (0x01c3f0b3) x 1 0x00000001
core   0: 0x80004dfc (0x7db67a97) auipc   s5, 0x7db67
core   0: 3 0x80004dfc (0x7db67a97) x21 0xfdb6bdfc
core   0: 0x80004e00 (0x0e838413) addi    s0, t2, 232
core   0: 3 0x80004e00 (0x0e838413) x 8 0x000000e7
core   0: 0x80004e04 (0x00135433) srl     s0, t1, ra
core   0: 3 0x80004e04 (0x00135433) x 8 0x40000000
core   0: 0x80004e08 (0x2ba93f13) sltiu   t5, s2, 698
core   0: 3 0x80004e08 (0x2ba93f13) x30 0x00000000
core   0: 0x80004e0c (0x011321b3) slt     gp, t1, a7
core   0: 3 0x80004e0c (0x011321b3) x 3 0x00000001
core   0: 0x80004e10 (0x01bf1333) sll     t1, t5, s11
core   0: 3 0x80004e10 (0x01bf1333) x 6 0x00000000
core   0: 0x80004e14 (0xca80a993) slti    s3, ra, -856
core   0: 3 0x80004e14 (0xca80a993) x19 0x00000000
core   0: 0x80004e18 (0x0012c7b3) xor     a5, t0, ra
core   0: 3 0x80004e18 (0x0012c7b3) x15 0x00000001
core   0: 0x80004e1c (0x14863517) auipc   a0, 0x14863
core   0: 3 0x80004e1c (0x14863517) x10 0x94867e1c
core   0: 0x80004e20 (0x41c25693) srai    a3, tp, 28
core   0: 3 0x80004e20 (0x41c25693) x13 0xfffffffc
core   0: 0x80004e24 (0xb5433793) sltiu   a5, t1, -1196
core   0: 3 0x80004e24 (0xb5433793) x15 0x00000001
core   0: 0x80004e28 (0x00a20933) add     s2, tp, a0
core   0: 3 0x80004e28 (0x00a20933) x18 0x5ed37420
core   0: 0x80004e2c (0x01733533) sltu    a0, t1, s7
core   0: 3 0x80004e2c (0x01733533) x10 0x00000001
core   0: 0x80004e30 (0x10852a13) slti    s4, a0, 264
core   0: 3 0x80004e30 (0x10852a13) x20 0x00000001
core   0: 0x80004e34 (0x00be4f33) xor     t5, t3, a1
core   0: 3 0x80004e34 (0x00be4f33) x30 0x00000001
core   0: 0x80004e38 (0x015a00b3) add     ra, s4, s5
core   0: 3 0x80004e38 (0x015a00b3) x 1 0xfdb6bdfd
core   0: 0x80004e3c (0x003696b3) sll     a3, a3, gp
core   0: 3 0x80004e3c (0x003696b3) x13 0xfffffff8
core   0: 0x80004e40 (0xfad2e0b7) lui     ra, 0xfad2e
core   0: 3 0x80004e40 (0xfad2e0b7) x 1 0xfad2e000
core   0: 0x80004e44 (0x008fdf13) srli    t5, t6, 8
core   0: 3 0x80004e44 (0x008fdf13) x30 0x00000000
core   0: 0x80004e48 (0x01483133) sltu    sp, a6, s4
core   0: 3 0x80004e48 (0x01483133) x 2 0x00000001
core   0: 0x80004e4c (0xa4ebe213) ori     tp, s7, -1458
core   0: 3 0x80004e4c (0xa4ebe213) x 4 0xfffffade
core   0: 0x80004e50 (0x73a7ba93) sltiu   s5, a5, 1850
core   0: 3 0x80004e50 (0x73a7ba93) x21 0x00000001
core   0: 0x80004e54 (0x408ed313) srai    t1, t4, 8
core   0: 3 0x80004e54 (0x408ed313) x 6 0xff80011e
core   0: 0x80004e58 (0x0071ac33) slt     s8, gp, t2
core   0: 3 0x80004e58 (0x0071ac33) x24 0x00000000
core   0: 0x80004e5c (0xdb19ea97) auipc   s5, 0xdb19e
core   0: 3 0x80004e5c (0xdb19ea97) x21 0x5b1a2e5c
core   0: 0x80004e60 (0x00221a33) sll     s4, tp, sp
core   0: 3 0x80004e60 (0x00221a33) x20 0xfffff5bc
core   0: 0x80004e64 (0x41e68f33) sub     t5, a3, t5
core   0: 3 0x80004e64 (0x41e68f33) x30 0xfffffff8
core   0: 0x80004e68 (0x01659793) slli    a5, a1, 22
core   0: 3 0x80004e68 (0x01659793) x15 0x00000000
core   0: 0x80004e6c (0xa82dc037) lui     zero, 0xa82dc
core   0: 3 0x80004e6c (0xa82dc037)
core   0: 0x80004e70 (0x41208f13) addi    t5, ra, 1042
core   0: 3 0x80004e70 (0x41208f13) x30 0xfad2e412
core   0: 0x80004e74 (0xca082d13) slti    s10, a6, -864
core   0: 3 0x80004e74 (0xca082d13) x26 0x00000000
core   0: 0x80004e78 (0x122de917) auipc   s2, 0x122de
core   0: 3 0x80004e78 (0x122de917) x18 0x922e2e78
core   0: 0x80004e7c (0x00904d33) xor     s10, zero, s1
core   0: 3 0x80004e7c (0x00904d33) x26 0xfffffc7a
core   0: 0x80004e80 (0x00000013) nop
core   0: 3 0x80004e80 (0x00000013)
core   0: 0x80004e84 (0x40035633) sra     a2, t1, zero
core   0: 3 0x80004e84 (0x40035633) x12 0xff80011e
core   0: 0x80004e88 (0x00a97933) and     s2, s2, a0
core   0: 3 0x80004e88 (0x00a97933) x18 0x00000000
core   0: 0x80004e8c (0x00304a33) xor     s4, zero, gp
core   0: 3 0x80004e8c (0x00304a33) x20 0x00000001
core   0: 0x80004e90 (0x591def13) ori     t5, s11, 1425
core   0: 3 0x80004e90 (0x591def13) x30 0xfffffdfb
core   0: 0x80004e94 (0x0048e9b3) or      s3, a7, tp
core   0: 3 0x80004e94 (0x0048e9b3) x19 0xfffffffe
core   0: 0x80004e98 (0x00f391b3) sll     gp, t2, a5
core   0: 3 0x80004e98 (0x00f391b3) x 3 0xffffffff
core   0: 0x80004e9c (0x61baa437) lui     s0, 0x61baa
core   0: 3 0x80004e9c (0x61baa437) x 8 0x61baa000
core   0: 0x80004ea0 (0x00000013) nop
core   0: 3 0x80004ea0 (0x00000013)
core   0: 0x80004ea4 (0x8665bd97) auipc   s11, 0x8665b
core   0: 3 0x80004ea4 (0x8665bd97) x27 0x0665fea4
core   0: 0x80004ea8 (0x55b48b13) addi    s6, s1, 1371
core   0: 3 0x80004ea8 (0x55b48b13) x22 0x000001d5
core   0: 0x80004eac (0x9b5bf793) andi    a5, s7, -1611
core   0: 3 0x80004eac (0x9b5bf793) x15 0xca4cf890
core   0: 0x80004eb0 (0x04262493) slti    s1, a2, 66
core   0: 3 0x80004eb0 (0x04262493) x 9 0x00000001
core   0: 0x80004eb4 (0x01366133) or      sp, a2, s3
core   0: 3 0x80004eb4 (0x01366133) x 2 0xfffffffe
core   0: 0x80004eb8 (0x30036d97) auipc   s11, 0x30036
core   0: 3 0x80004eb8 (0x30036d97) x27 0xb003aeb8
core   0: 0x80004ebc (0x009d5e33) srl     t3, s10, s1
core   0: 3 0x80004ebc (0x009d5e33) x28 0x7ffffe3d
core   0: 0x80004ec0 (0x01be5a33) srl     s4, t3, s11
core   0: 3 0x80004ec0 (0x01be5a33) x20 0x0000007f
core   0: 0x80004ec4 (0x00d89a13) slli    s4, a7, 13
core   0: 3 0x80004ec4 (0x00d89a13) x20 0x0fffc000
core   0: 0x80004ec8 (0x00b7d193) srli    gp, a5, 11
core   0: 3 0x80004ec8 (0x00b7d193) x 3 0x0019499f
core   0: 0x80004ecc (0x41b1dbb3) sra     s7, gp, s11
core   0: 3 0x80004ecc (0x41b1dbb3) x23 0x00000000
core   0: 0x80004ed0 (0x27eea293) slti    t0, t4, 638
core   0: 3 0x80004ed0 (0x27eea293) x 5 0x00000001
core   0: 0x80004ed4 (0x5c6e9037) lui     zero, 0x5c6e9
core   0: 3 0x80004ed4 (0x5c6e9037)
core   0: 0x80004ed8 (0x409e5db3) sra     s11, t3, s1
core   0: 3 0x80004ed8 (0x409e5db3) x27 0x3fffff1e
core   0: 0x80004edc (0xa3b7ad13) slti    s10, a5, -1477
core   0: 3 0x80004edc (0xa3b7ad13) x26 0x00000001
core   0: 0x80004ee0 (0x0081de13) srli    t3, gp, 8
core   0: 3 0x80004ee0 (0x0081de13) x28 0x00001949
core   0: 0x80004ee4 (0xc1160c13) addi    s8, a2, -1007
core   0: 3 0x80004ee4 (0xc1160c13) x24 0xff7ffd2f
core   0: 0x80004ee8 (0xd115b3b7) lui     t2, 0xd115b
core   0: 3 0x80004ee8 (0xd115b3b7) x 7 0xd115b000
core   0: 0x80004eec (0x0131d413) srli    s0, gp, 19
core   0: 3 0x80004eec (0x0131d413) x 8 0x00000003
core   0: 0x80004ef0 (0x002ed5b3) srl     a1, t4, sp
core   0: 3 0x80004ef0 (0x002ed5b3) x11 0x00000002
core   0: 0x80004ef4 (0x0006ec33) or      s8, a3, zero
core   0: 3 0x80004ef4 (0x0006ec33) x24 0xfffffff8
core   0: 0x80004ef8 (0x19af2e17) auipc   t3, 0x19af2
core   0: 3 0x80004ef8 (0x19af2e17) x28 0x99af6ef8
core   0: 0x80004efc (0xc0ba4fb7) lui     t6, 0xc0ba4
core   0: 3 0x80004efc (0xc0ba4fb7) x31 0xc0ba4000
core   0: 0x80004f00 (0xceff8513) addi    a0, t6, -785
core   0: 3 0x80004f00 (0xceff8513) x10 0xc0ba3cef
core   0: 0x80004f04 (0x40ef0133) sub     sp, t5, a4
core   0: 3 0x80004f04 (0x40ef0133) x 2 0x7ffffdfb
core   0: 0x80004f08 (0xc4f40817) auipc   a6, 0xc4f40
core   0: 3 0x80004f08 (0xc4f40817) x16 0x44f44f08
core   0: 0x80004f0c (0x0141e833) or      a6, gp, s4
core   0: 3 0x80004f0c (0x0141e833) x16 0x0fffc99f
core   0: 0x80004f10 (0x00049633) sll     a2, s1, zero
core   0: 3 0x80004f10 (0x00049633) x12 0x00000001
core   0: 0x80004f14 (0x010c9513) slli    a0, s9, 16
core   0: 3 0x80004f14 (0x010c9513) x10 0x5ce40000
core   0: 0x80004f18 (0x2dbbc693) xori    a3, s7, 731
core   0: 3 0x80004f18 (0x2dbbc693) x13 0x000002db
core   0: 0x80004f1c (0x017874b3) and     s1, a6, s7
core   0: 3 0x80004f1c (0x017874b3) x 9 0x00000000
core   0: 0x80004f20 (0xa0722213) slti    tp, tp, -1529
core   0: 3 0x80004f20 (0xa0722213) x 4 0x00000000
core   0: 0x80004f24 (0x01ceae33) slt     t3, t4, t3
core   0: 3 0x80004f24 (0x01ceae33) x28 0x00000001
core   0: 0x80004f28 (0x87966213) ori     tp, a2, -1927
core   0: 3 0x80004f28 (0x87966213) x 4 0xfffff879
core   0: 0x80004f2c (0x19ca8413) addi    s0, s5, 412
core   0: 3 0x80004f2c (0x19ca8413) x 8 0x5b1a2ff8
core   0: 0x80004f30 (0x00000013) nop
core   0: 3 0x80004f30 (0x00000013)
core   0: 0x80004f34 (0x0119e233) or      tp, s3, a7
core   0: 3 0x80004f34 (0x0119e233) x 4 0xfffffffe
core   0: 0x80004f38 (0x00000013) nop
core   0: 3 0x80004f38 (0x00000013)
core   0: 0x80004f3c (0xdf3f4213) xori    tp, t5, -525
core   0: 3 0x80004f3c (0xdf3f4213) x 4 0x00000008
core   0: 0x80004f40 (0x00000013) nop
core   0: 3 0x80004f40 (0x00000013)
core   0: 0x80004f44 (0x4777cc13) xori    s8, a5, 1143
core   0: 3 0x80004f44 (0x4777cc13) x24 0xca4cfce7
core   0: 0x80004f48 (0x00000013) nop
core   0: 3 0x80004f48 (0x00000013)
core   0: 0x80004f4c (0x9a33f613) andi    a2, t2, -1629
core   0: 3 0x80004f4c (0x9a33f613) x12 0xd115b000
core   0: 0x80004f50 (0x003bd7b3) srl     a5, s7, gp
core   0: 3 0x80004f50 (0x003bd7b3) x15 0x00000000
core   0: 0x80004f54 (0x5255b313) sltiu   t1, a1, 1317
core   0: 3 0x80004f54 (0x5255b313) x 6 0x00000001
core   0: 0x80004f58 (0x004bce33) xor     t3, s7, tp
core   0: 3 0x80004f58 (0x004bce33) x28 0x00000008
core   0: 0x80004f5c (0x2df07a93) andi    s5, zero, 735
core   0: 3 0x80004f5c (0x2df07a93) x21 0x00000000
core   0: 0x80004f60 (0x00fbc7b3) xor     a5, s7, a5
core   0: 3 0x80004f60 (0x00fbc7b3) x15 0x00000000
core   0: 0x80004f64 (0x27d56d13) ori     s10, a0, 637
core   0: 3 0x80004f64 (0x27d56d13) x26 0x5ce4027d
core   0: 0x80004f68 (0xfdda6413) ori     s0, s4, -35
core   0: 3 0x80004f68 (0xfdda6413) x 8 0xffffffdd
core   0: 0x80004f6c (0x5cef4d13) xori    s10, t5, 1486
core   0: 3 0x80004f6c (0x5cef4d13) x26 0xfffff835
core   0: 0x80004f70 (0x01338bb3) add     s7, t2, s3
core   0: 3 0x80004f70 (0x01338bb3) x23 0xd115affe
core   0: 0x80004f74 (0x41410bb3) sub     s7, sp, s4
core   0: 3 0x80004f74 (0x41410bb3) x23 0x70003dfb
core   0: 0x80004f78 (0x9e837893) andi    a7, t1, -1560
core   0: 3 0x80004f78 (0x9e837893) x17 0x00000000
core   0: 0x80004f7c (0x40025013) srai    zero, tp, 0
core   0: 3 0x80004f7c (0x40025013)
core   0: 0x80004f80 (0x00000013) nop
core   0: 3 0x80004f80 (0x00000013)
core   0: 0x80004f84 (0x4171d633) sra     a2, gp, s7
core   0: 3 0x80004f84 (0x4171d633) x12 0x00000000
core   0: 0x80004f88 (0x4073d093) srai    ra, t2, 7
core   0: 3 0x80004f88 (0x4073d093) x 1 0xffa22b60
core   0: 0x80004f8c (0xd318b793) sltiu   a5, a7, -719
core   0: 3 0x80004f8c (0xd318b793) x15 0x00000001
core   0: 0x80004f90 (0x41f5dd93) srai    s11, a1, 31
core   0: 3 0x80004f90 (0x41f5dd93) x27 0x00000000
core   0: 0x80004f94 (0x7b4ee293) ori     t0, t4, 1972
core   0: 3 0x80004f94 (0x7b4ee293) x 5 0x80011ff4
core   0: 0x80004f98 (0x40dddfb3) sra     t6, s11, a3
core   0: 3 0x80004f98 (0x40dddfb3) x31 0x00000000
core   0: 0x80004f9c (0x40a65ab3) sra     s5, a2, a0
core   0: 3 0x80004f9c (0x40a65ab3) x21 0x00000000
core   0: 0x80004fa0 (0x40228c33) sub     s8, t0, sp
core   0: 3 0x80004fa0 (0x40228c33) x24 0x000121f9
core   0: 0x80004fa4 (0x00000013) nop
core   0: 3 0x80004fa4 (0x00000013)
core   0: 0x80004fa8 (0x010b5333) srl     t1, s6, a6
core   0: 3 0x80004fa8 (0x010b5333) x 6 0x00000000
core   0: 0x80004fac (0xbb5b8f13) addi    t5, s7, -1099
core   0: 3 0x80004fac (0xbb5b8f13) x30 0x700039b0
core   0: 0x80004fb0 (0x01b984b3) add     s1, s3, s11
core   0: 3 0x80004fb0 (0x01b984b3) x 9 0xfffffffe
core   0: 0x80004fb4 (0x00000013) nop
core   0: 3 0x80004fb4 (0x00000013)
core   0: 0x80004fb8 (0x01898133) add     sp, s3, s8
core   0: 3 0x80004fb8 (0x01898133) x 2 0x000121f7
core   0: 0x80004fbc (0x40e1d513) srai    a0, gp, 14
core   0: 3 0x80004fbc (0x40e1d513) x10 0x00000065
core   0: 0x80004fc0 (0x89448f13) addi    t5, s1, -1900
core   0: 3 0x80004fc0 (0x89448f13) x30 0xfffff892
core   0: 0x80004fc4 (0x4087d533) sra     a0, a5, s0
core   0: 3 0x80004fc4 (0x4087d533) x10 0x00000000
core   0: 0x80004fc8 (0x6ef78693) addi    a3, a5, 1775
core   0: 3 0x80004fc8 (0x6ef78693) x13 0x000006f0
core   0: 0x80004fcc (0x0bf5c893) xori    a7, a1, 191
core   0: 3 0x80004fcc (0x0bf5c893) x17 0x000000bd
core   0: 0x80004fd0 (0xe3836b13) ori     s6, t1, -456
core   0: 3 0x80004fd0 (0xe3836b13) x22 0xfffffe38
core   0: 0x80004fd4 (0xc377bf13) sltiu   t5, a5, -969
core   0: 3 0x80004fd4 (0xc377bf13) x30 0x00000001
core   0: 0x80004fd8 (0x00000013) nop
core   0: 3 0x80004fd8 (0x00000013)
core   0: 0x80004fdc (0x40905633) sra     a2, zero, s1
core   0: 3 0x80004fdc (0x40905633) x12 0x00000000
core   0: 0x80004fe0 (0x40428933) sub     s2, t0, tp
core   0: 3 0x80004fe0 (0x40428933) x18 0x80011fec
core   0: 0x80004fe4 (0x41ea5ab3) sra     s5, s4, t5
core   0: 3 0x80004fe4 (0x41ea5ab3) x21 0x07ffe000
core   0: 0x80004fe8 (0x00000013) nop
core   0: 3 0x80004fe8 (0x00000013)
core   0: 0x80004fec (0x41175393) srai    t2, a4, 17
core   0: 3 0x80004fec (0x41175393) x 7 0xffffc000
core   0: 0x80004ff0 (0x98dc78b7) lui     a7, 0x98dc7
core   0: 3 0x80004ff0 (0x98dc78b7) x17 0x98dc7000
core   0: 0x80004ff4 (0xec176217) auipc   tp, 0xec176
core   0: 3 0x80004ff4 (0xec176217) x 4 0x6c17aff4
core   0: 0x80004ff8 (0x70bf2813) slti    a6, t5, 1803
core   0: 3 0x80004ff8 (0x70bf2813) x16 0x00000001
core   0: 0x80004ffc (0x73307517) auipc   a0, 0x73307
core   0: 3 0x80004ffc (0x73307517) x10 0xf330bffc
core   0: 0x80005000 (0x414e5bb3) sra     s7, t3, s4
core   0: 3 0x80005000 (0x414e5bb3) x23 0x00000008
core   0: 0x80005004 (0x74c64d93) xori    s11, a2, 1868
core   0: 3 0x80005004 (0x74c64d93) x27 0x0000074c
core   0: 0x80005008 (0x005aa033) slt     zero, s5, t0
core   0: 3 0x80005008 (0x005aa033)
core   0: 0x8000500c (0x117d8d37) lui     s10, 0x117d8
core   0: 3 0x8000500c (0x117d8d37) x26 0x117d8000
core   0: 0x80005010 (0x18d62c13) slti    s8, a2, 397
core   0: 3 0x80005010 (0x18d62c13) x24 0x00000001
core   0: 0x80005014 (0x415ed7b3) sra     a5, t4, s5
core   0: 3 0x80005014 (0x415ed7b3) x15 0x80011e64
core   0: 0x80005018 (0x0182e4b3) or      s1, t0, s8
core   0: 3 0x80005018 (0x0182e4b3) x 9 0x80011ff5
core   0: 0x8000501c (0x3039e493) ori     s1, s3, 771
core   0: 3 0x8000501c (0x3039e493) x 9 0xffffffff
core   0: 0x80005020 (0x40af08b3) sub     a7, t5, a0
core   0: 3 0x80005020 (0x40af08b3) x17 0x0ccf4005
core   0: 0x80005024 (0x00c9de13) srli    t3, s3, 12
core   0: 3 0x80005024 (0x00c9de13) x28 0x000fffff
core   0: 0x80005028 (0x019374b3) and     s1, t1, s9
core   0: 3 0x80005028 (0x019374b3) x 9 0x00000000
core   0: 0x8000502c (0x011fc1b3) xor     gp, t6, a7
core   0: 3 0x8000502c (0x011fc1b3) x 3 0x0ccf4005
core   0: 0x80005030 (0x00b71213) slli    tp, a4, 11
core   0: 3 0x80005030 (0x00b71213) x 4 0x00000000
core   0: 0x80005034 (0x2b760b13) addi    s6, a2, 695
core   0: 3 0x80005034 (0x2b760b13) x22 0x000002b7
core   0: 0x80005038 (0xf8928013) addi    zero, t0, -119
core   0: 3 0x80005038 (0xf8928013)
core   0: 0x8000503c (0x01d3ee33) or      t3, t2, t4
core   0: 3 0x8000503c (0x01d3ee33) x28 0xffffde64
core   0: 0x80005040 (0x00902ab3) slt     s5, zero, s1
core   0: 3 0x80005040 (0x00902ab3) x21 0x00000000
core   0: 0x80005044 (0x00989233) sll     tp, a7, s1
core   0: 3 0x80005044 (0x00989233) x 4 0x0ccf4005
core   0: 0x80005048 (0x00c1fa33) and     s4, gp, a2
core   0: 3 0x80005048 (0x00c1fa33) x20 0x00000000
core   0: 0x8000504c (0x01743a33) sltu    s4, s0, s7
core   0: 3 0x8000504c (0x01743a33) x20 0x00000000
core   0: 0x80005050 (0x01913633) sltu    a2, sp, s9
core   0: 3 0x80005050 (0x01913633) x12 0x00000001
core   0: 0x80005054 (0xa30a38b7) lui     a7, 0xa30a3
core   0: 3 0x80005054 (0xa30a38b7) x17 0xa30a3000
core   0: 0x80005058 (0x04696897) auipc   a7, 0x4696
core   0: 3 0x80005058 (0x04696897) x17 0x8469b058
core   0: 0x8000505c (0x412c81b3) sub     gp, s9, s2
core   0: 3 0x8000505c (0x412c81b3) x 3 0x00003cf8
core   0: 0x80005060 (0xe0518b13) addi    s6, gp, -507
core   0: 3 0x80005060 (0xe0518b13) x22 0x00003afd
core   0: 0x80005064 (0x00f8e6b3) or      a3, a7, a5
core   0: 3 0x80005064 (0x00f8e6b3) x13 0x8469be7c
core   0: 0x80005068 (0x017d54b3) srl     s1, s10, s7
core   0: 3 0x80005068 (0x017d54b3) x 9 0x00117d80
core   0: 0x8000506c (0x8a8aac13) slti    s8, s5, -1880
core   0: 3 0x8000506c (0x8a8aac13) x24 0x00000000
core   0: 0x80005070 (0x0153e333) or      t1, t2, s5
core   0: 3 0x80005070 (0x0153e333) x 6 0xffffc000
core   0: 0x80005074 (0x00de1133) sll     sp, t3, a3
core   0: 3 0x80005074 (0x00de1133) x 2 0x40000000
core   0: 0x80005078 (0x001f0133) add     sp, t5, ra
core   0: 3 0x80005078 (0x001f0133) x 2 0xffa22b61
core   0: 0x8000507c (0x01f5d693) srli    a3, a1, 31
core   0: 3 0x8000507c (0x01f5d693) x13 0x00000000
core   0: 0x80005080 (0x012d1f93) slli    t6, s10, 18
core   0: 3 0x80005080 (0x012d1f93) x31 0x00000000
core   0: 0x80005084 (0x4162dc33) sra     s8, t0, s6
core   0: 3 0x80005084 (0x4162dc33) x24 0xfffffffc
core   0: 0x80005088 (0x005177b3) and     a5, sp, t0
core   0: 3 0x80005088 (0x005177b3) x15 0x80000b60
core   0: 0x8000508c (0xacdac1b7) lui     gp, 0xacdac
core   0: 3 0x8000508c (0xacdac1b7) x 3 0xacdac000
core   0: 0x80005090 (0x017d9933) sll     s2, s11, s7
core   0: 3 0x80005090 (0x017d9933) x18 0x00074c00
core   0: 0x80005094 (0x20ebe513) ori     a0, s7, 526
core   0: 3 0x80005094 (0x20ebe513) x10 0x0000020e
core   0: 0x80005098 (0x003a5ab3) srl     s5, s4, gp
core   0: 3 0x80005098 (0x003a5ab3) x21 0x00000000
core   0: 0x8000509c (0xac3f8317) auipc   t1, 0xac3f8
core   0: 3 0x8000509c (0xac3f8317) x 6 0x2c3fd09c
core   0: 0x800050a0 (0x4015d433) sra     s0, a1, ra
core   0: 3 0x800050a0 (0x4015d433) x 8 0x00000002
core   0: 0x800050a4 (0x18962293) slti    t0, a2, 393
core   0: 3 0x800050a4 (0x18962293) x 5 0x00000001
core   0: 0x800050a8 (0x9d8c7513) andi    a0, s8, -1576
core   0: 3 0x800050a8 (0x9d8c7513) x10 0xfffff9d8
core   0: 0x800050ac (0x40755513) srai    a0, a0, 7
core   0: 3 0x800050ac (0x40755513) x10 0xfffffff3
core   0: 0x800050b0 (0x92839197) auipc   gp, 0x92839
core   0: 3 0x800050b0 (0x92839197) x 3 0x1283e0b0
core   0: 0x800050b4 (0x4093d213) srai    tp, t2, 9
core   0: 3 0x800050b4 (0x4093d213) x 4 0xffffffe0
core   0: 0x800050b8 (0x00000013) nop
core   0: 3 0x800050b8 (0x00000013)
core   0: 0x800050bc (0xd7f04d17) auipc   s10, 0xd7f04
core   0: 3 0x800050bc (0xd7f04d17) x26 0x57f090bc
core   0: 0x800050c0 (0xb74b9217) auipc   tp, 0xb74b9
core   0: 3 0x800050c0 (0xb74b9217) x 4 0x374be0c0
core   0: 0x800050c4 (0x415e5493) srai    s1, t3, 21
core   0: 3 0x800050c4 (0x415e5493) x 9 0xffffffff
core   0: 0x800050c8 (0x00ee30b3) sltu    ra, t3, a4
core   0: 3 0x800050c8 (0x00ee30b3) x 1 0x00000000
core   0: 0x800050cc (0x0007da33) srl     s4, a5, zero
core   0: 3 0x800050cc (0x0007da33) x20 0x80000b60
core   0: 0x800050d0 (0x0482b317) auipc   t1, 0x482b
core   0: 3 0x800050d0 (0x0482b317) x 6 0x848300d0
core   0: 0x800050d4 (0x008abc33) sltu    s8, s5, s0
core   0: 3 0x800050d4 (0x008abc33) x24 0x00000001
core   0: 0x800050d8 (0x008a5193) srli    gp, s4, 8
core   0: 3 0x800050d8 (0x008a5193) x 3 0x0080000b
core   0: 0x800050dc (0xab18af13) slti    t5, a7, -1359
core   0: 3 0x800050dc (0xab18af13) x30 0x00000001
core   0: 0x800050e0 (0xbadcbb93) sltiu   s7, s9, -1107
core   0: 3 0x800050e0 (0xbadcbb93) x23 0x00000001
core   0: 0x800050e4 (0x4c096a93) ori     s5, s2, 1216
core   0: 3 0x800050e4 (0x4c096a93) x21 0x00074cc0
core   0: 0x800050e8 (0x00000013) nop
core   0: 3 0x800050e8 (0x00000013)
core   0: 0x800050ec (0x015f60b3) or      ra, t5, s5
core   0: 3 0x800050ec (0x015f60b3) x 1 0x00074cc1
core   0: 0x800050f0 (0x40a50b33) sub     s6, a0, a0
core   0: 3 0x800050f0 (0x40a50b33) x22 0x00000000
core   0: 0x800050f4 (0x01ab5993) srli    s3, s6, 26
core   0: 3 0x800050f4 (0x01ab5993) x19 0x00000000
core   0: 0x800050f8 (0x0043e9b3) or      s3, t2, tp
core   0: 3 0x800050f8 (0x0043e9b3) x19 0xffffe0c0
core   0: 0x800050fc (0x405f8133) sub     sp, t6, t0
core   0: 3 0x800050fc (0x405f8133) x 2 0xffffffff
core   0: 0x80005100 (0x01ef5233) srl     tp, t5, t5
core   0: 3 0x80005100 (0x01ef5233) x 4 0x00000000
core   0: 0x80005104 (0xbd314793) xori    a5, sp, -1069
core   0: 3 0x80005104 (0xbd314793) x15 0x0000042c
core   0: 0x80005108 (0x000846b3) xor     a3, a6, zero
core   0: 3 0x80005108 (0x000846b3) x13 0x00000001
core   0: 0x8000510c (0x49eef993) andi    s3, t4, 1182
core   0: 3 0x8000510c (0x49eef993) x19 0x00000404
core   0: 0x80005110 (0x00721293) slli    t0, tp, 7
core   0: 3 0x80005110 (0x00721293) x 5 0x00000000
core   0: 0x80005114 (0x7a149c17) auipc   s8, 0x7a149
core   0: 3 0x80005114 (0x7a149c17) x24 0xfa14e114
core   0: 0x80005118 (0x84bdbf13) sltiu   t5, s11, -1973
core   0: 3 0x80005118 (0x84bdbf13) x30 0x00000001
core   0: 0x8000511c (0xa07c8d13) addi    s10, s9, -1529
core   0: 3 0x8000511c (0xa07c8d13) x26 0x800156eb
core   0: 0x80005120 (0x015ff4b3) and     s1, t6, s5
core   0: 3 0x80005120 (0x015ff4b3) x 9 0x00000000
core   0: 0x80005124 (0x002195b3) sll     a1, gp, sp
core   0: 3 0x80005124 (0x002195b3) x11 0x80000000
core   0: 0x80005128 (0x858df413) andi    s0, s11, -1960
core   0: 3 0x80005128 (0x858df413) x 8 0x00000048
core   0: 0x8000512c (0x007190b3) sll     ra, gp, t2
core   0: 3 0x8000512c (0x007190b3) x 1 0x0080000b
core   0: 0x80005130 (0x40ffddb3) sra     s11, t6, a5
core   0: 3 0x80005130 (0x40ffddb3) x27 0x00000000
core   0: 0x80005134 (0xdefd2e13) slti    t3, s10, -529
core   0: 3 0x80005134 (0xdefd2e13) x28 0x00000001
core   0: 0x80005138 (0xb2143b93) sltiu   s7, s0, -1247
core   0: 3 0x80005138 (0xb2143b93) x23 0x00000001
core   0: 0x8000513c (0x195dac13) slti    s8, s11, 405
core   0: 3 0x8000513c (0x195dac13) x24 0x00000001
core   0: 0x80005140 (0x0112e5b3) or      a1, t0, a7
core   0: 3 0x80005140 (0x0112e5b3) x11 0x8469b058
core   0: 0x80005144 (0x0e5c4693) xori    a3, s8, 229
core   0: 3 0x80005144 (0x0e5c4693) x13 0x000000e4
core   0: 0x80005148 (0x00a3ddb3) srl     s11, t2, a0
core   0: 3 0x80005148 (0x00a3ddb3) x27 0x00001fff
core   0: 0x8000514c (0x804ebb13) sltiu   s6, t4, -2044
core   0: 3 0x8000514c (0x804ebb13) x22 0x00000001
core   0: 0x80005150 (0x4066df13) srai    t5, a3, 6
core   0: 3 0x80005150 (0x4066df13) x30 0x00000003
core   0: 0x80005154 (0x012ff7b3) and     a5, t6, s2
core   0: 3 0x80005154 (0x012ff7b3) x15 0x00000000
core   0: 0x80005158 (0x005f1093) slli    ra, t5, 5
core   0: 3 0x80005158 (0x005f1093) x 1 0x00000060
core   0: 0x8000515c (0x01570633) add     a2, a4, s5
core   0: 3 0x8000515c (0x01570633) x12 0x80074cc0
core   0: 0x80005160 (0x001da1b3) slt     gp, s11, ra
core   0: 3 0x80005160 (0x001da1b3) x 3 0x00000000
core   0: 0x80005164 (0x00000013) nop
core   0: 3 0x80005164 (0x00000013)
core   0: 0x80005168 (0x01b529b3) slt     s3, a0, s11
core   0: 3 0x80005168 (0x01b529b3) x19 0x00000001
core   0: 0x8000516c (0x8fcb4f13) xori    t5, s6, -1796
core   0: 3 0x8000516c (0x8fcb4f13) x30 0xfffff8fd
core   0: 0x80005170 (0x00109a13) slli    s4, ra, 1
core   0: 3 0x80005170 (0x00109a13) x20 0x000000c0
core   0: 0x80005174 (0x00214333) xor     t1, sp, sp
core   0: 3 0x80005174 (0x00214333) x 6 0x00000000
core   0: 0x80005178 (0x01763a33) sltu    s4, a2, s7
core   0: 3 0x80005178 (0x01763a33) x20 0x00000000
core   0: 0x8000517c (0xc7ed2293) slti    t0, s10, -898
core   0: 3 0x8000517c (0xc7ed2293) x 5 0x00000001
core   0: 0x80005180 (0x00d09a33) sll     s4, ra, a3
core   0: 3 0x80005180 (0x00d09a33) x20 0x00000600
core   0: 0x80005184 (0xd72d7493) andi    s1, s10, -654
core   0: 3 0x80005184 (0xd72d7493) x 9 0x80015462
core   0: 0x80005188 (0x01eee3b3) or      t2, t4, t5
core   0: 3 0x80005188 (0x01eee3b3) x 7 0xfffffefd
core   0: 0x8000518c (0x8561ca97) auipc   s5, 0x8561c
core   0: 3 0x8000518c (0x8561ca97) x21 0x0562118c
core   0: 0x80005190 (0xef9ce193) ori     gp, s9, -263
core   0: 3 0x80005190 (0xef9ce193) x 3 0xfffffefd
core   0: 0x80005194 (0x005c2433) slt     s0, s8, t0
core   0: 3 0x80005194 (0x005c2433) x 8 0x00000000
core   0: 0x80005198 (0xfb016993) ori     s3, sp, -80
core   0: 3 0x80005198 (0xfb016993) x19 0xffffffff
core   0: 0x8000519c (0xe9ae8113) addi    sp, t4, -358
core   0: 3 0x8000519c (0xe9ae8113) x 2 0x80011cfe
core   0: 0x800051a0 (0x00000013) nop
core   0: 3 0x800051a0 (0x00000013)
core   0: 0x800051a4 (0xa3a74993) xori    s3, a4, -1478
core   0: 3 0x800051a4 (0xa3a74993) x19 0x7ffffa3a
core   0: 0x800051a8 (0x5b6f24b7) lui     s1, 0x5b6f2
core   0: 3 0x800051a8 (0x5b6f24b7) x 9 0x5b6f2000
core   0: 0x800051ac (0xe153c197) auipc   gp, 0xe153c
core   0: 3 0x800051ac (0xe153c197) x 3 0x615411ac
core   0: 0x800051b0 (0x9aa00917) auipc   s2, 0x9aa00
core   0: 3 0x800051b0 (0x9aa00917) x18 0x1aa051b0
core   0: 0x800051b4 (0x019314b3) sll     s1, t1, s9
core   0: 3 0x800051b4 (0x019314b3) x 9 0x00000000
core   0: 0x800051b8 (0xc16f0693) addi    a3, t5, -1002
core   0: 3 0x800051b8 (0xc16f0693) x13 0xfffff513
core   0: 0x800051bc (0xbc088017) auipc   zero, 0xbc088
core   0: 3 0x800051bc (0xbc088017)
core   0: 0x800051c0 (0x40765033) sra     zero, a2, t2
core   0: 3 0x800051c0 (0x40765033)
core   0: 0x800051c4 (0x01d74133) xor     sp, a4, t4
core   0: 3 0x800051c4 (0x01d74133) x 2 0x00011e64
core   0: 0x800051c8 (0x00ab36b3) sltu    a3, s6, a0
core   0: 3 0x800051c8 (0x00ab36b3) x13 0x00000001
core   0: 0x800051cc (0x00252333) slt     t1, a0, sp
core   0: 3 0x800051cc (0x00252333) x 6 0x00000001
core   0: 0x800051d0 (0x003161b3) or      gp, sp, gp
core   0: 3 0x800051d0 (0x003161b3) x 3 0x61551fec
core   0: 0x800051d4 (0x41b580b3) sub     ra, a1, s11
core   0: 3 0x800051d4 (0x41b580b3) x 1 0x84699059
core   0: 0x800051d8 (0x30ecb093) sltiu   ra, s9, 782
core   0: 3 0x800051d8 (0x30ecb093) x 1 0x00000000
core   0: 0x800051dc (0xd0952093) slti    ra, a0, -759
core   0: 3 0x800051dc (0xd0952093) x 1 0x00000000
core   0: 0x800051e0 (0x00132533) slt     a0, t1, ra
core   0: 3 0x800051e0 (0x00132533) x10 0x00000000
core   0: 0x800051e4 (0x25704b97) auipc   s7, 0x25704
core   0: 3 0x800051e4 (0x25704b97) x23 0xa57091e4
core   0: 0x800051e8 (0x01260113) addi    sp, a2, 18
core   0: 3 0x800051e8 (0x01260113) x 2 0x80074cd2
core   0: 0x800051ec (0x014df133) and     sp, s11, s4
core   0: 3 0x800051ec (0x014df133) x 2 0x00000600
core   0: 0x800051f0 (0x00000013) nop
core   0: 3 0x800051f0 (0x00000013)
core   0: 0x800051f4 (0x00169633) sll     a2, a3, ra
core   0: 3 0x800051f4 (0x00169633) x12 0x00000001
core   0: 0x800051f8 (0x00e758b3) srl     a7, a4, a4
core   0: 3 0x800051f8 (0x00e758b3) x17 0x80000000
core   0: 0x800051fc (0x005103b3) add     t2, sp, t0
core   0: 3 0x800051fc (0x005103b3) x 7 0x00000601
core   0: 0x80005200 (0xb83e4e37) lui     t3, 0xb83e4
core   0: 3 0x80005200 (0xb83e4e37) x28 0xb83e4000
core   0: 0x80005204 (0x00785033) srl     zero, a6, t2
core   0: 3 0x80005204 (0x00785033)
core   0: 0x80005208 (0x41bad233) sra     tp, s5, s11
core   0: 3 0x80005208 (0x41bad233) x 4 0x00000000
core   0: 0x8000520c (0x01e06933) or      s2, zero, t5
core   0: 3 0x8000520c (0x01e06933) x18 0xfffff8fd
core   0: 0x80005210 (0x00788db3) add     s11, a7, t2
core   0: 3 0x80005210 (0x00788db3) x27 0x80000601
core   0: 0x80005214 (0x08212d93) slti    s11, sp, 130
core   0: 3 0x80005214 (0x08212d93) x27 0x00000000
core   0: 0x80005218 (0x413f8533) sub     a0, t6, s3
core   0: 3 0x80005218 (0x413f8533) x10 0x800005c6
core   0: 0x8000521c (0xcbd20413) addi    s0, tp, -835
core   0: 3 0x8000521c (0xcbd20413) x 8 0xfffffcbd
core   0: 0x80005220 (0x46f88993) addi    s3, a7, 1135
core   0: 3 0x80005220 (0x46f88993) x19 0x8000046f
core   0: 0x80005224 (0x019175b3) and     a1, sp, s9
core   0: 3 0x80005224 (0x019175b3) x11 0x00000400
core   0: 0x80005228 (0xbf306513) ori     a0, zero, -1037
core   0: 3 0x80005228 (0xbf306513) x10 0xfffffbf3
core   0: 0x8000522c (0x0022e3b3) or      t2, t0, sp
core   0: 3 0x8000522c (0x0022e3b3) x 7 0x00000601
core   0: 0x80005230 (0x72662913) slti    s2, a2, 1830
core   0: 3 0x80005230 (0x72662913) x18 0x00000001
core   0: 0x80005234 (0x012f5013) srli    zero, t5, 18
core   0: 3 0x80005234 (0x012f5013)
core   0: 0x80005238 (0x01104833) xor     a6, zero, a7
core   0: 3 0x80005238 (0x01104833) x16 0x80000000
core   0: 0x8000523c (0x0114af93) slti    t6, s1, 17
core   0: 3 0x8000523c (0x0114af93) x31 0x00000001
core   0: 0x80005240 (0x013cb933) sltu    s2, s9, s3
core   0: 3 0x80005240 (0x013cb933) x18 0x00000000
core   0: 0x80005244 (0x40bc52b3) sra     t0, s8, a1
core   0: 3 0x80005244 (0x40bc52b3) x 5 0x00000001
core   0: 0x80005248 (0xa1733413) sltiu   s0, t1, -1513
core   0: 3 0x80005248 (0xa1733413) x 8 0x00000001
core   0: 0x8000524c (0x51ad4413) xori    s0, s10, 1306
core   0: 3 0x8000524c (0x51ad4413) x 8 0x800153f1
core   0: 0x80005250 (0x00941d33) sll     s10, s0, s1
core   0: 3 0x80005250 (0x00941d33) x26 0x800153f1
core   0: 0x80005254 (0x0121c6b3) xor     a3, gp, s2
core   0: 3 0x80005254 (0x0121c6b3) x13 0x61551fec
core   0: 0x80005258 (0x572a7993) andi    s3, s4, 1394
core   0: 3 0x80005258 (0x572a7993) x19 0x00000400
core   0: 0x8000525c (0x40c2d213) srai    tp, t0, 12
core   0: 3 0x8000525c (0x40c2d213) x 4 0x00000000
core   0: 0x80005260 (0x01f7f233) and     tp, a5, t6
core   0: 3 0x80005260 (0x01f7f233) x 4 0x00000000
core   0: 0x80005264 (0x01bb1c33) sll     s8, s6, s11
core   0: 3 0x80005264 (0x01bb1c33) x24 0x00000001
core   0: 0x80005268 (0x6aaa6093) ori     ra, s4, 1706
core   0: 3 0x80005268 (0x6aaa6093) x 1 0x000006aa
core   0: 0x8000526c (0x262a3d93) sltiu   s11, s4, 610
core   0: 3 0x8000526c (0x262a3d93) x27 0x00000000
core   0: 0x80005270 (0x000ca4b3) slt     s1, s9, zero
core   0: 3 0x80005270 (0x000ca4b3) x 9 0x00000001
core   0: 0x80005274 (0x014a74b3) and     s1, s4, s4
core   0: 3 0x80005274 (0x014a74b3) x 9 0x00000600
core   0: 0x80005278 (0xa5f58d93) addi    s11, a1, -1441
core   0: 3 0x80005278 (0xa5f58d93) x27 0xfffffe5f
core   0: 0x8000527c (0x99124d93) xori    s11, tp, -1647
core   0: 3 0x8000527c (0x99124d93) x27 0xfffff991
core   0: 0x80005280 (0x01432233) slt     tp, t1, s4
core   0: 3 0x80005280 (0x01432233) x 4 0x00000001
core   0: 0x80005284 (0x737e7693) andi    a3, t3, 1847
core   0: 3 0x80005284 (0x737e7693) x13 0x00000000
core   0: 0x80005288 (0x00000013) nop
core   0: 3 0x80005288 (0x00000013)
core   0: 0x8000528c (0xe0308e13) addi    t3, ra, -509
core   0: 3 0x8000528c (0xe0308e13) x28 0x000004ad
core   0: 0x80005290 (0x00c41813) slli    a6, s0, 12
core   0: 3 0x80005290 (0x00c41813) x16 0x153f1000
core   0: 0x80005294 (0x009501b3) add     gp, a0, s1
core   0: 3 0x80005294 (0x009501b3) x 3 0x000001f3
core   0: 0x80005298 (0x2f8fa693) slti    a3, t6, 760
core   0: 3 0x80005298 (0x2f8fa693) x13 0x00000001
core   0: 0x8000529c (0x40e75513) srai    a0, a4, 14
core   0: 3 0x8000529c (0x40e75513) x10 0xfffe0000
core   0: 0x800052a0 (0x00634fb3) xor     t6, t1, t1
core   0: 3 0x800052a0 (0x00634fb3) x31 0x00000000
core   0: 0x800052a4 (0x00c5edb3) or      s11, a1, a2
core   0: 3 0x800052a4 (0x00c5edb3) x27 0x00000401
core   0: 0x800052a8 (0x8d9f8a93) addi    s5, t6, -1831
core   0: 3 0x800052a8 (0x8d9f8a93) x21 0xfffff8d9
core   0: 0x800052ac (0x000689b3) add     s3, a3, zero
core   0: 3 0x800052ac (0x000689b3) x19 0x00000001
core   0: 0x800052b0 (0xca1b3f13) sltiu   t5, s6, -863
core   0: 3 0x800052b0 (0xca1b3f13) x30 0x00000001
core   0: 0x800052b4 (0x002328b3) slt     a7, t1, sp
core   0: 3 0x800052b4 (0x002328b3) x17 0x00000001
core   0: 0x800052b8 (0x00000013) nop
core   0: 3 0x800052b8 (0x00000013)
core   0: 0x800052bc (0x01a703b3) add     t2, a4, s10
core   0: 3 0x800052bc (0x01a703b3) x 7 0x000153f1
core   0: 0x800052c0 (0x0126b133) sltu    sp, a3, s2
core   0: 3 0x800052c0 (0x0126b133) x 2 0x00000000
core   0: 0x800052c4 (0x011478b3) and     a7, s0, a7
core   0: 3 0x800052c4 (0x011478b3) x17 0x00000001
core   0: 0x800052c8 (0x00000013) nop
core   0: 3 0x800052c8 (0x00000013)
core   0: 0x800052cc (0x01f2d3b3) srl     t2, t0, t6
core   0: 3 0x800052cc (0x01f2d3b3) x 7 0x00000001
core   0: 0x800052d0 (0xe22517b7) lui     a5, 0xe2251
core   0: 3 0x800052d0 (0xe22517b7) x15 0xe2251000
core   0: 0x800052d4 (0x01c69f93) slli    t6, a3, 28
core   0: 3 0x800052d4 (0x01c69f93) x31 0x10000000
core   0: 0x800052d8 (0x01cec5b3) xor     a1, t4, t3
core   0: 3 0x800052d8 (0x01cec5b3) x11 0x80011ac9
core   0: 0x800052dc (0x01129113) slli    sp, t0, 17
core   0: 3 0x800052dc (0x01129113) x 2 0x00020000
core   0: 0x800052e0 (0x01dea433) slt     s0, t4, t4
core   0: 3 0x800052e0 (0x01dea433) x 8 0x00000000
core   0: 0x800052e4 (0x015715b3) sll     a1, a4, s5
core   0: 3 0x800052e4 (0x015715b3) x11 0x00000000
core   0: 0x800052e8 (0x01e1ff33) and     t5, gp, t5
core   0: 3 0x800052e8 (0x01e1ff33) x30 0x00000001
core   0: 0x800052ec (0x9fe3a413) slti    s0, t2, -1538
core   0: 3 0x800052ec (0x9fe3a413) x 8 0x00000000
core   0: 0x800052f0 (0xd50cbf13) sltiu   t5, s9, -688
core   0: 3 0x800052f0 (0xd50cbf13) x30 0x00000001
core   0: 0x800052f4 (0xecdd4993) xori    s3, s10, -307
core   0: 3 0x800052f4 (0xecdd4993) x19 0x7ffead3c
core   0: 0x800052f8 (0x22a1edb7) lui     s11, 0x22a1e
core   0: 3 0x800052f8 (0x22a1edb7) x27 0x22a1e000
core   0: 0x800052fc (0x45f36d13) ori     s10, t1, 1119
core   0: 3 0x800052fc (0x45f36d13) x26 0x0000045f
core   0: 0x80005300 (0x011c8d33) add     s10, s9, a7
core   0: 3 0x80005300 (0x011c8d33) x26 0x80015ce5
core   0: 0x80005304 (0x00789a93) slli    s5, a7, 7
core   0: 3 0x80005304 (0x00789a93) x21 0x00000080
core   0: 0x80005308 (0x00fb5593) srli    a1, s6, 15
core   0: 3 0x80005308 (0x00fb5593) x11 0x00000000
core   0: 0x8000530c (0x40b95933) sra     s2, s2, a1
core   0: 3 0x8000530c (0x40b95933) x18 0x00000000
core   0: 0x80005310 (0x0bc78493) addi    s1, a5, 188
core   0: 3 0x80005310 (0x0bc78493) x 9 0xe22510bc
core   0: 0x80005314 (0x00ccdf13) srli    t5, s9, 12
core   0: 3 0x80005314 (0x00ccdf13) x30 0x00080015
core   0: 0x80005318 (0xf042e013) ori     zero, t0, -252
core   0: 3 0x80005318 (0xf042e013)
core   0: 0x8000531c (0x00646fb3) or      t6, s0, t1
core   0: 3 0x8000531c (0x00646fb3) x31 0x00000001
core   0: 0x80005320 (0x01fb0c33) add     s8, s6, t6
core   0: 3 0x80005320 (0x01fb0c33) x24 0x00000002
core   0: 0x80005324 (0x44488313) addi    t1, a7, 1092
core   0: 3 0x80005324 (0x44488313) x 6 0x00000445
core   0: 0x80005328 (0xf0c82893) slti    a7, a6, -244
core   0: 3 0x80005328 (0xf0c82893) x17 0x00000000
core   0: 0x8000532c (0x019dd4b3) srl     s1, s11, s9
core   0: 3 0x8000532c (0x019dd4b3) x 9 0x022a1e00
core   0: 0x80005330 (0x00f31233) sll     tp, t1, a5
core   0: 3 0x80005330 (0x00f31233) x 4 0x00000445
core   0: 0x80005334 (0x36406893) ori     a7, zero, 868
core   0: 3 0x80005334 (0x36406893) x17 0x00000364
core   0: 0x80005338 (0x41995d33) sra     s10, s2, s9
core   0: 3 0x80005338 (0x41995d33) x26 0x00000000
core   0: 0x8000533c (0x105c8437) lui     s0, 0x105c8
core   0: 3 0x8000533c (0x105c8437) x 8 0x105c8000
core   0: 0x80005340 (0x73386637) lui     a2, 0x73386
core   0: 3 0x80005340 (0x73386637) x12 0x73386000
core   0: 0x80005344 (0x01f004b3) add     s1, zero, t6
core   0: 3 0x80005344 (0x01f004b3) x 9 0x00000001
core   0: 0x80005348 (0x00c0cfb3) xor     t6, ra, a2
core   0: 3 0x80005348 (0x00c0cfb3) x31 0x733866aa
core   0: 0x8000534c (0x00f8c033) xor     zero, a7, a5
core   0: 3 0x8000534c (0x00f8c033)
core   0: 0x80005350 (0x00000013) nop
core   0: 3 0x80005350 (0x00000013)
core   0: 0x80005354 (0x0134b5b3) sltu    a1, s1, s3
core   0: 3 0x80005354 (0x0134b5b3) x11 0x00000001
core   0: 0x80005358 (0x5c272693) slti    a3, a4, 1474
core   0: 3 0x80005358 (0x5c272693) x13 0x00000001
core   0: 0x8000535c (0x0081ef33) or      t5, gp, s0
core   0: 3 0x8000535c (0x0081ef33) x30 0x105c81f3
core   0: 0x80005360 (0x01c2ddb3) srl     s11, t0, t3
core   0: 3 0x80005360 (0x01c2ddb3) x27 0x00000000
core   0: 0x80005364 (0x01be6e33) or      t3, t3, s11
core   0: 3 0x80005364 (0x01be6e33) x28 0x000004ad
core   0: 0x80005368 (0x797e3d13) sltiu   s10, t3, 1943
core   0: 3 0x80005368 (0x797e3d13) x26 0x00000001
core   0: 0x8000536c (0x00d6cb33) xor     s6, a3, a3
core   0: 3 0x8000536c (0x00d6cb33) x22 0x00000000
core   0: 0x80005370 (0x00f2e133) or      sp, t0, a5
core   0: 3 0x80005370 (0x00f2e133) x 2 0xe2251001
core   0: 0x80005374 (0x000c6033) or      zero, s8, zero
core   0: 3 0x80005374 (0x000c6033)
core   0: 0x80005378 (0x00000013) nop
core   0: 3 0x80005378 (0x00000013)
core   0: 0x8000537c (0x01265813) srli    a6, a2, 18
core   0: 3 0x8000537c (0x01265813) x16 0x00001cce
core   0: 0x80005380 (0x01559213) slli    tp, a1, 21
core   0: 3 0x80005380 (0x01559213) x 4 0x00200000
core   0: 0x80005384 (0x40b2d413) srai    s0, t0, 11
core   0: 3 0x80005384 (0x40b2d413) x 8 0x00000000
core   0: 0x80005388 (0x41ed8db3) sub     s11, s11, t5
core   0: 3 0x80005388 (0x41ed8db3) x27 0xefa37e0d
core   0: 0x8000538c (0x01bd08b3) add     a7, s10, s11
core   0: 3 0x8000538c (0x01bd08b3) x17 0xefa37e0e
core   0: 0x80005390 (0xf6ee6613) ori     a2, t3, -146
core   0: 3 0x80005390 (0xf6ee6613) x12 0xffffffef
core   0: 0x80005394 (0x007620b3) slt     ra, a2, t2
core   0: 3 0x80005394 (0x007620b3) x 1 0x00000001
core   0: 0x80005398 (0x00d7adb3) slt     s11, a5, a3
core   0: 3 0x80005398 (0x00d7adb3) x27 0x00000001
core   0: 0x8000539c (0x01bbbd33) sltu    s10, s7, s11
core   0: 3 0x8000539c (0x01bbbd33) x26 0x00000000
core   0: 0x800053a0 (0x006ca2b3) slt     t0, s9, t1
core   0: 3 0x800053a0 (0x006ca2b3) x 5 0x00000001
core   0: 0x800053a4 (0x013d9693) slli    a3, s11, 19
core   0: 3 0x800053a4 (0x013d9693) x13 0x00080000
core   0: 0x800053a8 (0x0114bd33) sltu    s10, s1, a7
core   0: 3 0x800053a8 (0x0114bd33) x26 0x00000001
core   0: 0x800053ac (0x7a7f4f13) xori    t5, t5, 1959
core   0: 3 0x800053ac (0x7a7f4f13) x30 0x105c8654
core   0: 0x800053b0 (0x41f45c33) sra     s8, s0, t6
core   0: 3 0x800053b0 (0x41f45c33) x24 0x00000000
core   0: 0x800053b4 (0x00820933) add     s2, tp, s0
core   0: 3 0x800053b4 (0x00820933) x18 0x00200000
core   0: 0x800053b8 (0x002bddb3) srl     s11, s7, sp
core   0: 3 0x800053b8 (0x002bddb3) x27 0x52b848f2
core   0: 0x800053bc (0x4fc7e813) ori     a6, a5, 1276
core   0: 3 0x800053bc (0x4fc7e813) x16 0xe22514fc
core   0: 0x800053c0 (0x007ad193) srli    gp, s5, 7
core   0: 3 0x800053c0 (0x007ad193) x 3 0x00000001
core   0: 0x800053c4 (0x01581013) slli    zero, a6, 21
core   0: 3 0x800053c4 (0x01581013)
core   0: 0x800053c8 (0xd80e0437) lui     s0, 0xd80e0
core   0: 3 0x800053c8 (0xd80e0437) x 8 0xd80e0000
core   0: 0x800053cc (0x0028d833) srl     a6, a7, sp
core   0: 3 0x800053cc (0x0028d833) x16 0x77d1bf07
core   0: 0x800053d0 (0x401e53b3) sra     t2, t3, ra
core   0: 3 0x800053d0 (0x401e53b3) x 7 0x00000256
core   0: 0x800053d4 (0x00febb33) sltu    s6, t4, a5
core   0: 3 0x800053d4 (0x00febb33) x22 0x00000001
core   0: 0x800053d8 (0x01895113) srli    sp, s2, 24
core   0: 3 0x800053d8 (0x01895113) x 2 0x00000000
core   0: 0x800053dc (0x415dd813) srai    a6, s11, 21
core   0: 3 0x800053dc (0x415dd813) x16 0x00000295
core   0: 0x800053e0 (0x01d62f33) slt     t5, a2, t4
core   0: 3 0x800053e0 (0x01d62f33) x30 0x00000000
core   0: 0x800053e4 (0x00000013) nop
core   0: 3 0x800053e4 (0x00000013)
core   0: 0x800053e8 (0x4025d8b3) sra     a7, a1, sp
core   0: 3 0x800053e8 (0x4025d8b3) x17 0x00000001
core   0: 0x800053ec (0x0106df33) srl     t5, a3, a6
core   0: 3 0x800053ec (0x0106df33) x30 0x00000000
core   0: 0x800053f0 (0x03327693) andi    a3, tp, 51
core   0: 3 0x800053f0 (0x03327693) x13 0x00000000
core   0: 0x800053f4 (0x01dddf93) srli    t6, s11, 29
core   0: 3 0x800053f4 (0x01dddf93) x31 0x00000002
core   0: 0x800053f8 (0x37126893) ori     a7, tp, 881
core   0: 3 0x800053f8 (0x37126893) x17 0x00200371
core   0: 0x800053fc (0x709e1f17) auipc   t5, 0x709e1
core   0: 3 0x800053fc (0x709e1f17) x30 0xf09e63fc
core   0: 0x80005400 (0x00829913) slli    s2, t0, 8
core   0: 3 0x80005400 (0x00829913) x18 0x00000100
core   0: 0x80005404 (0x13862c37) lui     s8, 0x13862
core   0: 3 0x80005404 (0x13862c37) x24 0x13862000
core   0: 0x80005408 (0x2bd60093) addi    ra, a2, 701
core   0: 3 0x80005408 (0x2bd60093) x 1 0x000002ac
core   0: 0x8000540c (0x405187b3) sub     a5, gp, t0
core   0: 3 0x8000540c (0x405187b3) x15 0x00000000
core   0: 0x80005410 (0x418ad513) srai    a0, s5, 24
core   0: 3 0x80005410 (0x418ad513) x10 0x00000000
core   0: 0x80005414 (0x416a5893) srai    a7, s4, 22
core   0: 3 0x80005414 (0x416a5893) x17 0x00000000
core   0: 0x80005418 (0x691dbdb7) lui     s11, 0x691db
core   0: 3 0x80005418 (0x691dbdb7) x27 0x691db000
core   0: 0x8000541c (0x0087d5b3) srl     a1, a5, s0
core   0: 3 0x8000541c (0x0087d5b3) x11 0x00000000
core   0: 0x80005420 (0x01681113) slli    sp, a6, 22
core   0: 3 0x80005420 (0x01681113) x 2 0xa5400000
core   0: 0x80005424 (0x01fa9f93) slli    t6, s5, 31
core   0: 3 0x80005424 (0x01fa9f93) x31 0x00000000
core   0: 0x80005428 (0x41fd5d33) sra     s10, s10, t6
core   0: 3 0x80005428 (0x41fd5d33) x26 0x00000001
core   0: 0x8000542c (0x01be3ab3) sltu    s5, t3, s11
core   0: 3 0x8000542c (0x01be3ab3) x21 0x00000001
core   0: 0x80005430 (0x6ccc6797) auipc   a5, 0x6ccc6
core   0: 3 0x80005430 (0x6ccc6797) x15 0xecccb430
core   0: 0x80005434 (0x01f21413) slli    s0, tp, 31
core   0: 3 0x80005434 (0x01f21413) x 8 0x00000000
core   0: 0x80005438 (0x0d296593) ori     a1, s2, 210
core   0: 3 0x80005438 (0x0d296593) x11 0x000001d2
core   0: 0x8000543c (0xfb127613) andi    a2, tp, -79
core   0: 3 0x8000543c (0xfb127613) x12 0x00200000
core   0: 0x80005440 (0xc452c0b7) lui     ra, 0xc452c
core   0: 3 0x80005440 (0xc452c0b7) x 1 0xc452c000
core   0: 0x80005444 (0x01f6d813) srli    a6, a3, 31
core   0: 3 0x80005444 (0x01f6d813) x16 0x00000000
core   0: 0x80005448 (0x517a8897) auipc   a7, 0x517a8
core   0: 3 0x80005448 (0x517a8897) x17 0xd17ad448
core   0: 0x8000544c (0x008b1893) slli    a7, s6, 8
core   0: 3 0x8000544c (0x008b1893) x17 0x00000100
core   0: 0x80005450 (0x415b5833) sra     a6, s6, s5
core   0: 3 0x80005450 (0x415b5833) x16 0x00000000
core   0: 0x80005454 (0xe29c8e13) addi    t3, s9, -471
core   0: 3 0x80005454 (0xe29c8e13) x28 0x80015b0d
core   0: 0x80005458 (0x81b1b493) sltiu   s1, gp, -2021
core   0: 3 0x80005458 (0x81b1b493) x 9 0x00000001
core   0: 0x8000545c (0x7e94d617) auipc   a2, 0x7e94d
core   0: 3 0x8000545c (0x7e94d617) x12 0xfe95245c
core   0: 0x80005460 (0x00061513) slli    a0, a2, 0
core   0: 3 0x80005460 (0x00061513) x10 0xfe95245c
core   0: 0x80005464 (0x018b1633) sll     a2, s6, s8
core   0: 3 0x80005464 (0x018b1633) x12 0x00000001
core   0: 0x80005468 (0x00495093) srli    ra, s2, 4
core   0: 3 0x80005468 (0x00495093) x 1 0x00000010
core   0: 0x8000546c (0x00d978b3) and     a7, s2, a3
core   0: 3 0x8000546c (0x00d978b3) x17 0x00000000
core   0: 0x80005470 (0x00000013) nop
core   0: 3 0x80005470 (0x00000013)
core   0: 0x80005474 (0xef427793) andi    a5, tp, -268
core   0: 3 0x80005474 (0xef427793) x15 0x00200000
core   0: 0x80005478 (0x003b2233) slt     tp, s6, gp
core   0: 3 0x80005478 (0x003b2233) x 4 0x00000000
core   0: 0x8000547c (0x0145a833) slt     a6, a1, s4
core   0: 3 0x8000547c (0x0145a833) x16 0x00000001
core   0: 0x80005480 (0x01b2ec33) or      s8, t0, s11
core   0: 3 0x80005480 (0x01b2ec33) x24 0x691db001
core   0: 0x80005484 (0xf5e77913) andi    s2, a4, -162
core   0: 3 0x80005484 (0xf5e77913) x18 0x80000000
core   0: 0x80005488 (0x2700eb13) ori     s6, ra, 624
core   0: 3 0x80005488 (0x2700eb13) x22 0x00000270
core   0: 0x8000548c (0x018d5633) srl     a2, s10, s8
core   0: 3 0x8000548c (0x018d5633) x12 0x00000000
core   0: 0x80005490 (0x41a40033) sub     zero, s0, s10
core   0: 3 0x80005490 (0x41a40033)
core   0: 0x80005494 (0x010067b3) or      a5, zero, a6
core   0: 3 0x80005494 (0x010067b3) x15 0x00000001
core   0: 0x80005498 (0xf2407393) andi    t2, zero, -220
core   0: 3 0x80005498 (0xf2407393) x 7 0x00000000
core   0: 0x8000549c (0x01135333) srl     t1, t1, a7
core   0: 3 0x8000549c (0x01135333) x 6 0x00000445
core   0: 0x800054a0 (0x01031c13) slli    s8, t1, 16
core   0: 3 0x800054a0 (0x01031c13) x24 0x04450000
core   0: 0x800054a4 (0x0135bc33) sltu    s8, a1, s3
core   0: 3 0x800054a4 (0x0135bc33) x24 0x00000001
core   0: 0x800054a8 (0x69ffa193) slti    gp, t6, 1695
core   0: 3 0x800054a8 (0x69ffa193) x 3 0x00000001
core   0: 0x800054ac (0x6a7a4513) xori    a0, s4, 1703
core   0: 3 0x800054ac (0x6a7a4513) x10 0x000000a7
core   0: 0x800054b0 (0x003188b3) add     a7, gp, gp
core   0: 3 0x800054b0 (0x003188b3) x17 0x00000002
core   0: 0x800054b4 (0x418186b3) sub     a3, gp, s8
core   0: 3 0x800054b4 (0x418186b3) x13 0x00000000
core   0: 0x800054b8 (0x00000013) nop
core   0: 3 0x800054b8 (0x00000013)
core   0: 0x800054bc (0x0089c333) xor     t1, s3, s0
core   0: 3 0x800054bc (0x0089c333) x 6 0x7ffead3c
core   0: 0x800054c0 (0x0005a6b3) slt     a3, a1, zero
core   0: 3 0x800054c0 (0x0005a6b3) x13 0x00000000
core   0: 0x800054c4 (0x0077c133) xor     sp, a5, t2
core   0: 3 0x800054c4 (0x0077c133) x 2 0x00000001
core   0: 0x800054c8 (0x43f02493) slti    s1, zero, 1087
core   0: 3 0x800054c8 (0x43f02493) x 9 0x00000001
core   0: 0x800054cc (0x960a2513) slti    a0, s4, -1696
core   0: 3 0x800054cc (0x960a2513) x10 0x00000000
core   0: 0x800054d0 (0x00000013) nop
core   0: 3 0x800054d0 (0x00000013)
core   0: 0x800054d4 (0x41388a33) sub     s4, a7, s3
core   0: 3 0x800054d4 (0x41388a33) x20 0x800152c6
core   0: 0x800054d8 (0x011e1bb3) sll     s7, t3, a7
core   0: 3 0x800054d8 (0x011e1bb3) x23 0x00056c34
core   0: 0x800054dc (0x842b8693) addi    a3, s7, -1982
core   0: 3 0x800054dc (0x842b8693) x13 0x00056476
core   0: 0x800054e0 (0x4458a593) slti    a1, a7, 1093
core   0: 3 0x800054e0 (0x4458a593) x11 0x00000001
core   0: 0x800054e4 (0xbbe6ca13) xori    s4, a3, -1090
core   0: 3 0x800054e4 (0xbbe6ca13) x20 0xfffa9fc8
core   0: 0x800054e8 (0x009330b3) sltu    ra, t1, s1
core   0: 3 0x800054e8 (0x009330b3) x 1 0x00000000
core   0: 0x800054ec (0xa0a8ac13) slti    s8, a7, -1526
core   0: 3 0x800054ec (0xa0a8ac13) x24 0x00000000
core   0: 0x800054f0 (0x8fce3993) sltiu   s3, t3, -1796
core   0: 3 0x800054f0 (0x8fce3993) x19 0x00000001
core   0: 0x800054f4 (0x00225913) srli    s2, tp, 2
core   0: 3 0x800054f4 (0x00225913) x18 0x00000000
core   0: 0x800054f8 (0x003a4bb3) xor     s7, s4, gp
core   0: 3 0x800054f8 (0x003a4bb3) x23 0xfffa9fc9
core   0: 0x800054fc (0x41040d33) sub     s10, s0, a6
core   0: 3 0x800054fc (0x41040d33) x26 0xffffffff
core   0: 0x80005500 (0x41f00b33) sub     s6, zero, t6
core   0: 3 0x80005500 (0x41f00b33) x22 0x00000000
core   0: 0x80005504 (0x00c11013) slli    zero, sp, 12
core   0: 3 0x80005504 (0x00c11013)
core   0: 0x80005508 (0x4026d913) srai    s2, a3, 2
core   0: 3 0x80005508 (0x4026d913) x18 0x0001591d
core   0: 0x8000550c (0xb6d2f113) andi    sp, t0, -1171
core   0: 3 0x8000550c (0xb6d2f113) x 2 0x00000001
core   0: 0x80005510 (0x00000013) nop
core   0: 3 0x80005510 (0x00000013)
core   0: 0x80005514 (0x7d2a2493) slti    s1, s4, 2002
core   0: 3 0x80005514 (0x7d2a2493) x 9 0x00000001
core   0: 0x80005518 (0x008dd0b3) srl     ra, s11, s0
core   0: 3 0x80005518 (0x008dd0b3) x 1 0x691db000
core   0: 0x8000551c (0x446dbc17) auipc   s8, 0x446db
core   0: 3 0x8000551c (0x446dbc17) x24 0xc46e051c
core   0: 0x80005520 (0xa92ca613) slti    a2, s9, -1390
core   0: 3 0x80005520 (0xa92ca613) x12 0x00000001
core   0: 0x80005524 (0x1b1c6b13) ori     s6, s8, 433
core   0: 3 0x80005524 (0x1b1c6b13) x22 0xc46e05bd
core   0: 0x80005528 (0x41fe8e33) sub     t3, t4, t6
core   0: 3 0x80005528 (0x41fe8e33) x28 0x80011e64
core   0: 0x8000552c (0x399df037) lui     zero, 0x399df
core   0: 3 0x8000552c (0x399df037)
core   0: 0x80005530 (0x41acdb33) sra     s6, s9, s10
core   0: 3 0x80005530 (0x41acdb33) x22 0xffffffff
core   0: 0x80005534 (0x80000c37) lui     s8, 0x80000
core   0: 3 0x80005534 (0x80000c37) x24 0x80000000
core   0: 0x80005538 (0xfff00793) li      a5, -1
core   0: 3 0x80005538 (0xfff00793) x15 0xffffffff
core   0: 0x8000553c (0xfff00113) li      sp, -1
core   0: 3 0x8000553c (0xfff00113) x 2 0xffffffff
core   0: 0x80005540 (0x00000213) li      tp, 0
core   0: 3 0x80005540 (0x00000213) x 4 0x00000000
core   0: 0x80005544 (0x83df13b7) lui     t2, 0x83df1
core   0: 3 0x80005544 (0x83df13b7) x 7 0x83df1000
core   0: 0x80005548 (0xdd038393) addi    t2, t2, -560
core   0: 3 0x80005548 (0xdd038393) x 7 0x83df0dd0
core   0: 0x8000554c (0x00000b13) li      s6, 0
core   0: 3 0x8000554c (0x00000b13) x22 0x00000000
core   0: 0x80005550 (0x80000637) lui     a2, 0x80000
core   0: 3 0x80005550 (0x80000637) x12 0x80000000
core   0: 0x80005554 (0x52f8e5b7) lui     a1, 0x52f8e
core   0: 3 0x80005554 (0x52f8e5b7) x11 0x52f8e000
core   0: 0x80005558 (0x6db58593) addi    a1, a1, 1755
core   0: 3 0x80005558 (0x6db58593) x11 0x52f8e6db
core   0: 0x8000555c (0x80000f37) lui     t5, 0x80000
core   0: 3 0x8000555c (0x80000f37) x30 0x80000000
core   0: 0x80005560 (0xfff00293) li      t0, -1
core   0: 3 0x80005560 (0xfff00293) x 5 0xffffffff
core   0: 0x80005564 (0xd0db0793) addi    a5, s6, -755
core   0: 3 0x80005564 (0xd0db0793) x15 0xfffffd0d
core   0: 0x80005568 (0x40538f33) sub     t5, t2, t0
core   0: 3 0x80005568 (0x40538f33) x30 0x83df0dd1
core   0: 0x8000556c (0x6f6ce797) auipc   a5, 0x6f6ce
core   0: 3 0x8000556c (0x6f6ce797) x15 0xef6d356c
core   0: 0x80005570 (0xfb428793) addi    a5, t0, -76
core   0: 3 0x80005570 (0xfb428793) x15 0xffffffb3
core   0: 0x80005574 (0xb67913b7) lui     t2, 0xb6791
core   0: 3 0x80005574 (0xb67913b7) x 7 0xb6791000
core   0: 0x80005578 (0x00578233) add     tp, a5, t0
core   0: 3 0x80005578 (0x00578233) x 4 0xffffffb2
core   0: 0x8000557c (0x00bf0233) add     tp, t5, a1
core   0: 3 0x8000557c (0x00bf0233) x 4 0xd6d7f4ac
core   0: 0x80005580 (0x00000013) nop
core   0: 3 0x80005580 (0x00000013)
core   0: 0x80005584 (0x418285b3) sub     a1, t0, s8
core   0: 3 0x80005584 (0x418285b3) x11 0x7fffffff
core   0: 0x80005588 (0x771f0293) addi    t0, t5, 1905
core   0: 3 0x80005588 (0x771f0293) x 5 0x83df1542
core   0: 0x8000558c (0x93522c17) auipc   s8, 0x93522
core   0: 3 0x8000558c (0x93522c17) x24 0x1352758c
core   0: 0x80005590 (0x00000013) nop
core   0: 3 0x80005590 (0x00000013)
core   0: 0x80005594 (0x58038c13) addi    s8, t2, 1408
core   0: 3 0x80005594 (0x58038c13) x24 0xb6791580
core   0: 0x80005598 (0x1ec7a7b7) lui     a5, 0x1ec7a
core   0: 3 0x80005598 (0x1ec7a7b7) x15 0x1ec7a000
core   0: 0x8000559c (0xf7d5fc17) auipc   s8, 0xf7d5f
core   0: 3 0x8000559c (0xf7d5fc17) x24 0x77d6459c
core   0: 0x800055a0 (0x67d68597) auipc   a1, 0x67d68
core   0: 3 0x800055a0 (0x67d68597) x11 0xe7d6d5a0
core   0: 0x800055a4 (0xa3810113) addi    sp, sp, -1480
core   0: 3 0x800055a4 (0xa3810113) x 2 0xfffffa37
core   0: 0x800055a8 (0x41810c33) sub     s8, sp, s8
core   0: 3 0x800055a8 (0x41810c33) x24 0x8829b49b
core   0: 0x800055ac (0x004103b3) add     t2, sp, tp
core   0: 3 0x800055ac (0x004103b3) x 7 0xd6d7eee3
core   0: 0x800055b0 (0x03f2e617) auipc   a2, 0x3f2e
core   0: 3 0x800055b0 (0x03f2e617) x12 0x83f335b0
core   0: 0x800055b4 (0x00c78b33) add     s6, a5, a2
core   0: 3 0x800055b4 (0x00c78b33) x22 0xa2bad5b0
core   0: 0x800055b8 (0xbca6eb97) auipc   s7, 0xbca6e
core   0: 3 0x800055b8 (0xbca6eb97) x23 0x3ca735b8
core   0: 0x800055bc (0x0075fa33) and     s4, a1, t2
core   0: 3 0x800055bc (0x0075fa33) x20 0xc6d6c4a0
core   0: 0x800055c0 (0x415e5b13) srai    s6, t3, 21
core   0: 3 0x800055c0 (0x415e5b13) x22 0xfffffc00
core   0: 0x800055c4 (0x4121d393) srai    t2, gp, 18
core   0: 3 0x800055c4 (0x4121d393) x 7 0x00000000
core   0: 0x800055c8 (0x58422613) slti    a2, tp, 1412
core   0: 3 0x800055c8 (0x58422613) x12 0x00000001
core   0: 0x800055cc (0x40b2df93) srai    t6, t0, 11
core   0: 3 0x800055cc (0x40b2df93) x31 0xfff07be2
core   0: 0x800055d0 (0x01acc933) xor     s2, s9, s10
core   0: 3 0x800055d0 (0x01acc933) x18 0x7ffea31b
core   0: 0x800055d4 (0x00a355b3) srl     a1, t1, a0
core   0: 3 0x800055d4 (0x00a355b3) x11 0x7ffead3c
core   0: 0x800055d8 (0x012f0033) add     zero, t5, s2
core   0: 3 0x800055d8 (0x012f0033)
core   0: 0x800055dc (0x00209f13) slli    t5, ra, 2
core   0: 3 0x800055dc (0x00209f13) x30 0xa476c000
core   0: 0x800055e0 (0x9381ff93) andi    t6, gp, -1736
core   0: 3 0x800055e0 (0x9381ff93) x31 0x00000000
core   0: 0x800055e4 (0x406bd693) srai    a3, s7, 6
core   0: 3 0x800055e4 (0x406bd693) x13 0x00f29cd6
core   0: 0x800055e8 (0x7cc4a913) slti    s2, s1, 1996
core   0: 3 0x800055e8 (0x7cc4a913) x18 0x00000001
core   0: 0x800055ec (0x6b691f37) lui     t5, 0x6b691
core   0: 3 0x800055ec (0x6b691f37) x30 0x6b691000
core   0: 0x800055f0 (0x40228bb3) sub     s7, t0, sp
core   0: 3 0x800055f0 (0x40228bb3) x23 0x83df1b0b
core   0: 0x800055f4 (0x407d5193) srai    gp, s10, 7
core   0: 3 0x800055f4 (0x407d5193) x 3 0xffffffff
core   0: 0x800055f8 (0x32346017) auipc   zero, 0x32346
core   0: 3 0x800055f8 (0x32346017)
core   0: 0x800055fc (0x01c19393) slli    t2, gp, 28
core   0: 3 0x800055fc (0x01c19393) x 7 0xf0000000
core   0: 0x80005600 (0x296bc693) xori    a3, s7, 662
core   0: 3 0x80005600 (0x296bc693) x13 0x83df199d
core   0: 0x80005604 (0x01d804b3) add     s1, a6, t4
core   0: 3 0x80005604 (0x01d804b3) x 9 0x80011e65
core   0: 0x80005608 (0x01d27633) and     a2, tp, t4
core   0: 3 0x80005608 (0x01d27633) x12 0x80011424
core   0: 0x8000560c (0xce81a513) slti    a0, gp, -792
core   0: 3 0x8000560c (0xce81a513) x10 0x00000000
core   0: 0x80005610 (0x4020da33) sra     s4, ra, sp
core   0: 3 0x80005610 (0x4020da33) x20 0x000000d2
core   0: 0x80005614 (0x66c88493) addi    s1, a7, 1644
core   0: 3 0x80005614 (0x66c88493) x 9 0x0000066e
core   0: 0x80005618 (0x007cd3b3) srl     t2, s9, t2
core   0: 3 0x80005618 (0x007cd3b3) x 7 0x80015ce4
core   0: 0x8000561c (0x01d84f93) xori    t6, a6, 29
core   0: 3 0x8000561c (0x01d84f93) x31 0x0000001c
core   0: 0x80005620 (0xf1087793) andi    a5, a6, -240
core   0: 3 0x80005620 (0xf1087793) x15 0x00000000
core   0: 0x80005624 (0x003c6433) or      s0, s8, gp
core   0: 3 0x80005624 (0x003c6433) x 8 0xffffffff
core   0: 0x80005628 (0x3cbd2893) slti    a7, s10, 971
core   0: 3 0x80005628 (0x3cbd2893) x17 0x00000001
core   0: 0x8000562c (0x00000013) nop
core   0: 3 0x8000562c (0x00000013)
core   0: 0x80005630 (0x01ba1493) slli    s1, s4, 27
core   0: 3 0x80005630 (0x01ba1493) x 9 0x90000000
core   0: 0x80005634 (0x010f5e33) srl     t3, t5, a6
core   0: 3 0x80005634 (0x010f5e33) x28 0x35b48800
core   0: 0x80005638 (0x6900c413) xori    s0, ra, 1680
core   0: 3 0x80005638 (0x6900c413) x 8 0x691db690
core   0: 0x8000563c (0x01dbdc33) srl     s8, s7, t4
core   0: 3 0x8000563c (0x01dbdc33) x24 0x083df1b0
core   0: 0x80005640 (0x413b5933) sra     s2, s6, s3
core   0: 3 0x80005640 (0x413b5933) x18 0xfffffe00
core   0: 0x80005644 (0x016a4633) xor     a2, s4, s6
core   0: 3 0x80005644 (0x016a4633) x12 0xfffffcd2
core   0: 0x80005648 (0x014da6b3) slt     a3, s11, s4
core   0: 3 0x80005648 (0x014da6b3) x13 0x00000000
core   0: 0x8000564c (0x000381b3) add     gp, t2, zero
core   0: 3 0x8000564c (0x000381b3) x 3 0x80015ce4
core   0: 0x80005650 (0x744f3293) sltiu   t0, t5, 1860
core   0: 3 0x80005650 (0x744f3293) x 5 0x00000000
core   0: 0x80005654 (0x893d2b13) slti    s6, s10, -1901
core   0: 3 0x80005654 (0x893d2b13) x22 0x00000000
core   0: 0x80005658 (0xabd30613) addi    a2, t1, -1347
core   0: 3 0x80005658 (0xabd30613) x12 0x7ffea7f9
core   0: 0x8000565c (0x00c39693) slli    a3, t2, 12
core   0: 3 0x8000565c (0x00c39693) x13 0x15ce4000
core   0: 0x80005660 (0x00d25913) srli    s2, tp, 13
core   0: 3 0x80005660 (0x00d25913) x18 0x0006b6bf
core   0: 0x80005664 (0x01f399b3) sll     s3, t2, t6
core   0: 3 0x80005664 (0x01f399b3) x19 0x40000000
core   0: 0x80005668 (0x01dfdb33) srl     s6, t6, t4
core   0: 3 0x80005668 (0x01dfdb33) x22 0x00000001
core   0: 0x8000566c (0x00beadb3) slt     s11, t4, a1
core   0: 3 0x8000566c (0x00beadb3) x27 0x00000001
core   0: 0x80005670 (0x8a304f13) xori    t5, zero, -1885
core   0: 3 0x80005670 (0x8a304f13) x30 0xfffff8a3
core   0: 0x80005674 (0x0010d933) srl     s2, ra, ra
core   0: 3 0x80005674 (0x0010d933) x18 0x691db000
core   0: 0x80005678 (0x4065bf93) sltiu   t6, a1, 1030
core   0: 3 0x80005678 (0x4065bf93) x31 0x00000000
core   0: 0x8000567c (0x011179b3) and     s3, sp, a7
core   0: 3 0x8000567c (0x011179b3) x19 0x00000001
core   0: 0x80005680 (0x0076fd33) and     s10, a3, t2
core   0: 3 0x80005680 (0x0076fd33) x26 0x00004000
core   0: 0x80005684 (0x01f2f9b3) and     s3, t0, t6
core   0: 3 0x80005684 (0x01f2f9b3) x19 0x00000000
core   0: 0x80005688 (0x01b81293) slli    t0, a6, 27
core   0: 3 0x80005688 (0x01b81293) x 5 0x08000000
core   0: 0x8000568c (0x019ea0b3) slt     ra, t4, s9
core   0: 3 0x8000568c (0x019ea0b3) x 1 0x00000001
core   0: 0x80005690 (0x71f7ed13) ori     s10, a5, 1823
core   0: 3 0x80005690 (0x71f7ed13) x26 0x0000071f
core   0: 0x80005694 (0x6b359f37) lui     t5, 0x6b359
core   0: 3 0x80005694 (0x6b359f37) x30 0x6b359000
core   0: 0x80005698 (0x00aaeb33) or      s6, s5, a0
core   0: 3 0x80005698 (0x00aaeb33) x22 0x00000001
core   0: 0x8000569c (0x0083ee33) or      t3, t2, s0
core   0: 3 0x8000569c (0x0083ee33) x28 0xe91dfef4
core   0: 0x800056a0 (0x00000013) nop
core   0: 3 0x800056a0 (0x00000013)
core   0: 0x800056a4 (0x00000013) nop
core   0: 3 0x800056a4 (0x00000013)
core   0: 0x800056a8 (0x00064233) xor     tp, a2, zero
core   0: 3 0x800056a8 (0x00064233) x 4 0x7ffea7f9
core   0: 0x800056ac (0x01b53233) sltu    tp, a0, s11
core   0: 3 0x800056ac (0x01b53233) x 4 0x00000001
core   0: 0x800056b0 (0x000a53b3) srl     t2, s4, zero
core   0: 3 0x800056b0 (0x000a53b3) x 7 0x000000d2
core   0: 0x800056b4 (0x00000013) nop
core   0: 3 0x800056b4 (0x00000013)
core   0: 0x800056b8 (0x2ff74e13) xori    t3, a4, 767
core   0: 3 0x800056b8 (0x2ff74e13) x28 0x800002ff
core   0: 0x800056bc (0x3a929b17) auipc   s6, 0x3a929
core   0: 3 0x800056bc (0x3a929b17) x22 0xba92e6bc
core   0: 0x800056c0 (0x00000013) nop
core   0: 3 0x800056c0 (0x00000013)
core   0: 0x800056c4 (0x01cef4b3) and     s1, t4, t3
core   0: 3 0x800056c4 (0x01cef4b3) x 9 0x80000264
core   0: 0x800056c8 (0x407a59b3) sra     s3, s4, t2
core   0: 3 0x800056c8 (0x407a59b3) x19 0x00000000
core   0: 0x800056cc (0x40285433) sra     s0, a6, sp
core   0: 3 0x800056cc (0x40285433) x 8 0x00000000
core   0: 0x800056d0 (0x01c33633) sltu    a2, t1, t3
core   0: 3 0x800056d0 (0x01c33633) x12 0x00000001
core   0: 0x800056d4 (0x01de9193) slli    gp, t4, 29
core   0: 3 0x800056d4 (0x01de9193) x 3 0x80000000
core   0: 0x800056d8 (0x5cc68a13) addi    s4, a3, 1484
core   0: 3 0x800056d8 (0x5cc68a13) x20 0x15ce45cc
core   0: 0x800056dc (0x01709893) slli    a7, ra, 23
core   0: 3 0x800056dc (0x01709893) x17 0x00800000
core   0: 0x800056e0 (0x01301e33) sll     t3, zero, s3
core   0: 3 0x800056e0 (0x01301e33) x28 0x00000000
core   0: 0x800056e4 (0x005a7bb3) and     s7, s4, t0
core   0: 3 0x800056e4 (0x005a7bb3) x23 0x00000000
core   0: 0x800056e8 (0x015314b3) sll     s1, t1, s5
core   0: 3 0x800056e8 (0x015314b3) x 9 0xfffd5a78
core   0: 0x800056ec (0xbb9d8f93) addi    t6, s11, -1095
core   0: 3 0x800056ec (0xbb9d8f93) x31 0xfffffbba
core   0: 0x800056f0 (0x00c2a2b3) slt     t0, t0, a2
core   0: 3 0x800056f0 (0x00c2a2b3) x 5 0x00000000
core   0: 0x800056f4 (0x01309593) slli    a1, ra, 19
core   0: 3 0x800056f4 (0x01309593) x11 0x00080000
core   0: 0x800056f8 (0x419908b3) sub     a7, s2, s9
core   0: 3 0x800056f8 (0x419908b3) x17 0xe91c531c
core   0: 0x800056fc (0x291fa793) slti    a5, t6, 657
core   0: 3 0x800056fc (0x291fa793) x15 0x00000001
core   0: 0x80005700 (0x0069b833) sltu    a6, s3, t1
core   0: 3 0x80005700 (0x0069b833) x16 0x00000001
core   0: 0x80005704 (0x3f683893) sltiu   a7, a6, 1014
core   0: 3 0x80005704 (0x3f683893) x17 0x00000001
core   0: 0x80005708 (0x00000013) nop
core   0: 3 0x80005708 (0x00000013)
core   0: 0x8000570c (0x8a847f93) andi    t6, s0, -1880
core   0: 3 0x8000570c (0x8a847f93) x31 0x00000000
core   0: 0x80005710 (0x00f37fb3) and     t6, t1, a5
core   0: 3 0x80005710 (0x00f37fb3) x31 0x00000000
core   0: 0x80005714 (0x13cfa313) slti    t1, t6, 316
core   0: 3 0x80005714 (0x13cfa313) x 6 0x00000001
core   0: 0x80005718 (0x00189d33) sll     s10, a7, ra
core   0: 3 0x80005718 (0x00189d33) x26 0x00000002
core   0: 0x8000571c (0x00041c13) slli    s8, s0, 0
core   0: 3 0x8000571c (0x00041c13) x24 0x00000000
core   0: 0x80005720 (0x00e95a13) srli    s4, s2, 14
core   0: 3 0x80005720 (0x00e95a13) x20 0x0001a476
core   0: 0x80005724 (0x005906b3) add     a3, s2, t0
core   0: 3 0x80005724 (0x005906b3) x13 0x691db000
core   0: 0x80005728 (0x00000013) nop
core   0: 3 0x80005728 (0x00000013)
core   0: 0x8000572c (0x248e8413) addi    s0, t4, 584
core   0: 3 0x8000572c (0x248e8413) x 8 0x800120ac
core   0: 0x80005730 (0x08b89b37) lui     s6, 0x8b89
core   0: 3 0x80005730 (0x08b89b37) x22 0x08b89000
core   0: 0x80005734 (0x009bd313) srli    t1, s7, 9
core   0: 3 0x80005734 (0x009bd313) x 6 0x00000000
core   0: 0x80005738 (0x01b6dc13) srli    s8, a3, 27
core   0: 3 0x80005738 (0x01b6dc13) x24 0x0000000d
core   0: 0x8000573c (0x00676fb3) or      t6, a4, t1
core   0: 3 0x8000573c (0x00676fb3) x31 0x80000000
core   0: 0x80005740 (0x40c30fb3) sub     t6, t1, a2
core   0: 3 0x80005740 (0x40c30fb3) x31 0xffffffff
core   0: 0x80005744 (0x4058d4b3) sra     s1, a7, t0
core   0: 3 0x80005744 (0x4058d4b3) x 9 0x00000001
core   0: 0x80005748 (0x40424213) xori    tp, tp, 1028
core   0: 3 0x80005748 (0x40424213) x 4 0x00000405
core   0: 0x8000574c (0x00775893) srli    a7, a4, 7
core   0: 3 0x8000574c (0x00775893) x17 0x01000000
core   0: 0x80005750 (0x00a570b3) and     ra, a0, a0
core   0: 3 0x80005750 (0x00a570b3) x 1 0x00000000
core   0: 0x80005754 (0x00284fb3) xor     t6, a6, sp
core   0: 3 0x80005754 (0x00284fb3) x31 0xfffffa36
core   0: 0x80005758 (0x3a400f13) li      t5, 932
core   0: 3 0x80005758 (0x3a400f13) x30 0x000003a4
core   0: 0x8000575c (0x502fd217) auipc   tp, 0x502fd
core   0: 3 0x8000575c (0x502fd217) x 4 0xd030275c
core   0: 0x80005760 (0x00d7bab3) sltu    s5, a5, a3
core   0: 3 0x80005760 (0x00d7bab3) x21 0x00000001
core   0: 0x80005764 (0x4097d8b3) sra     a7, a5, s1
core   0: 3 0x80005764 (0x4097d8b3) x17 0x00000000
core   0: 0x80005768 (0x0132d633) srl     a2, t0, s3
core   0: 3 0x80005768 (0x0132d633) x12 0x00000000
core   0: 0x8000576c (0x8189a893) slti    a7, s3, -2024
core   0: 3 0x8000576c (0x8189a893) x17 0x00000000
core   0: 0x80005770 (0x00a39393) slli    t2, t2, 10
core   0: 3 0x80005770 (0x00a39393) x 7 0x00034800
core   0: 0x80005774 (0x40675c13) srai    s8, a4, 6
core   0: 3 0x80005774 (0x40675c13) x24 0xfe000000
core   0: 0x80005778 (0x01c78333) add     t1, a5, t3
core   0: 3 0x80005778 (0x01c78333) x 6 0x00000001
core   0: 0x8000577c (0x00e078b3) and     a7, zero, a4
core   0: 3 0x8000577c (0x00e078b3) x17 0x00000000
core   0: 0x80005780 (0x010374b3) and     s1, t1, a6
core   0: 3 0x80005780 (0x010374b3) x 9 0x00000001
core   0: 0x80005784 (0x0042fdb3) and     s11, t0, tp
core   0: 3 0x80005784 (0x0042fdb3) x27 0x00000000
core   0: 0x80005788 (0x015f7f33) and     t5, t5, s5
core   0: 3 0x80005788 (0x015f7f33) x30 0x00000000
core   0: 0x8000578c (0x84218397) auipc   t2, 0x84218
core   0: 3 0x8000578c (0x84218397) x 7 0x0421d78c
core   0: 0x80005790 (0x00829a13) slli    s4, t0, 8
core   0: 3 0x80005790 (0x00829a13) x20 0x00000000
core   0: 0x80005794 (0x01986b33) or      s6, a6, s9
core   0: 3 0x80005794 (0x01986b33) x22 0x80015ce5
core   0: 0x80005798 (0x010f1bb3) sll     s7, t5, a6
core   0: 3 0x80005798 (0x010f1bb3) x23 0x00000000
core   0: 0x8000579c (0x00ac1e33) sll     t3, s8, a0
core   0: 3 0x8000579c (0x00ac1e33) x28 0xfe000000
core   0: 0x800057a0 (0x004165b3) or      a1, sp, tp
core   0: 3 0x800057a0 (0x004165b3) x11 0xffffff7f
core   0: 0x800057a4 (0x40405933) sra     s2, zero, tp
core   0: 3 0x800057a4 (0x40405933) x18 0x00000000
core   0: 0x800057a8 (0x01a14933) xor     s2, sp, s10
core   0: 3 0x800057a8 (0x01a14933) x18 0xfffffa35
core   0: 0x800057ac (0x01fe2433) slt     s0, t3, t6
core   0: 3 0x800057ac (0x01fe2433) x 8 0x00000001
core   0: 0x800057b0 (0x01f98f33) add     t5, s3, t6
core   0: 3 0x800057b0 (0x01f98f33) x30 0xfffffa36
core   0: 0x800057b4 (0x00000013) nop
core   0: 3 0x800057b4 (0x00000013)
core   0: 0x800057b8 (0x5d354397) auipc   t2, 0x5d354
core   0: 3 0x800057b8 (0x5d354397) x 7 0xdd3597b8
core   0: 0x800057bc (0x00606233) or      tp, zero, t1
core   0: 3 0x800057bc (0x00606233) x 4 0x00000001
core   0: 0x800057c0 (0x7657e413) ori     s0, a5, 1893
core   0: 3 0x800057c0 (0x7657e413) x 8 0x00000765
core   0: 0x800057c4 (0x01c65193) srli    gp, a2, 28
core   0: 3 0x800057c4 (0x01c65193) x 3 0x00000000
core   0: 0x800057c8 (0x41110533) sub     a0, sp, a7
core   0: 3 0x800057c8 (0x41110533) x10 0xfffffa37
core   0: 0x800057cc (0xeb6fcd93) xori    s11, t6, -330
core   0: 3 0x800057cc (0xeb6fcd93) x27 0x00000480
core   0: 0x800057d0 (0xed4acb13) xori    s6, s5, -300
core   0: 3 0x800057d0 (0xed4acb13) x22 0xfffffed5
core   0: 0x800057d4 (0x00a71593) slli    a1, a4, 10
core   0: 3 0x800057d4 (0x00a71593) x11 0x00000000
core   0: 0x800057d8 (0x520b8c37) lui     s8, 0x520b8
core   0: 3 0x800057d8 (0x520b8c37) x24 0x520b8000
core   0: 0x800057dc (0x6da44413) xori    s0, s0, 1754
core   0: 3 0x800057dc (0x6da44413) x 8 0x000001bf
core   0: 0x800057e0 (0x40cd5993) srai    s3, s10, 12
core   0: 3 0x800057e0 (0x40cd5993) x19 0x00000000
core   0: 0x800057e4 (0xd87cff97) auipc   t6, 0xd87cf
core   0: 3 0x800057e4 (0xd87cff97) x31 0x587d47e4
core   0: 0x800057e8 (0x40fd5293) srai    t0, s10, 15
core   0: 3 0x800057e8 (0x40fd5293) x 5 0x00000000
core   0: 0x800057ec (0x019f1313) slli    t1, t5, 25
core   0: 3 0x800057ec (0x019f1313) x 6 0x6c000000
core   0: 0x800057f0 (0x00da1933) sll     s2, s4, a3
core   0: 3 0x800057f0 (0x00da1933) x18 0x00000000
core   0: 0x800057f4 (0xd3ddf013) andi    zero, s11, -707
core   0: 3 0x800057f4 (0xd3ddf013)
core   0: 0x800057f8 (0xd15b0693) addi    a3, s6, -747
core   0: 3 0x800057f8 (0xd15b0693) x13 0xfffffbea
core   0: 0x800057fc (0x0199d933) srl     s2, s3, s9
core   0: 3 0x800057fc (0x0199d933) x18 0x00000000
core   0: 0x80005800 (0x00d9d313) srli    t1, s3, 13
core   0: 3 0x80005800 (0x00d9d313) x 6 0x00000000
core   0: 0x80005804 (0x0175f133) and     sp, a1, s7
core   0: 3 0x80005804 (0x0175f133) x 2 0x00000000
core   0: 0x80005808 (0x905fb913) sltiu   s2, t6, -1787
core   0: 3 0x80005808 (0x905fb913) x18 0x00000001
core   0: 0x8000580c (0x002f8d33) add     s10, t6, sp
core   0: 3 0x8000580c (0x002f8d33) x26 0x587d47e4
core   0: 0x80005810 (0xc24ab193) sltiu   gp, s5, -988
core   0: 3 0x80005810 (0xc24ab193) x 3 0x00000001
core   0: 0x80005814 (0x018798b3) sll     a7, a5, s8
core   0: 3 0x80005814 (0x018798b3) x17 0x00000001
core   0: 0x80005818 (0x5ade9d17) auipc   s10, 0x5ade9
core   0: 3 0x80005818 (0x5ade9d17) x26 0xdadee818
core   0: 0x8000581c (0x019ed813) srli    a6, t4, 25
core   0: 3 0x8000581c (0x019ed813) x16 0x00000040
core   0: 0x80005820 (0x64d02f13) slti    t5, zero, 1613
core   0: 3 0x80005820 (0x64d02f13) x30 0x00000001
core   0: 0x80005824 (0x006253b3) srl     t2, tp, t1
core   0: 3 0x80005824 (0x006253b3) x 7 0x00000001
core   0: 0x80005828 (0xe16db293) sltiu   t0, s11, -490
core   0: 3 0x80005828 (0xe16db293) x 5 0x00000001
core   0: 0x8000582c (0x6f578893) addi    a7, a5, 1781
core   0: 3 0x8000582c (0x6f578893) x17 0x000006f6
core   0: 0x80005830 (0xd9184813) xori    a6, a6, -623
core   0: 3 0x80005830 (0xd9184813) x16 0xfffffdd1
core   0: 0x80005834 (0xc2941837) lui     a6, 0xc2941
core   0: 3 0x80005834 (0xc2941837) x16 0xc2941000
core   0: 0x80005838 (0x012834b3) sltu    s1, a6, s2
core   0: 3 0x80005838 (0x012834b3) x 9 0x00000000
core   0: 0x8000583c (0x00000013) nop
core   0: 3 0x8000583c (0x00000013)
core   0: 0x80005840 (0x401989b3) sub     s3, s3, ra
core   0: 3 0x80005840 (0x401989b3) x19 0x00000000
core   0: 0x80005844 (0x40165393) srai    t2, a2, 1
core   0: 3 0x80005844 (0x40165393) x 7 0x00000000
core   0: 0x80005848 (0x00879e33) sll     t3, a5, s0
core   0: 3 0x80005848 (0x00879e33) x28 0x80000000
core   0: 0x8000584c (0x40398bb3) sub     s7, s3, gp
core   0: 3 0x8000584c (0x40398bb3) x23 0xffffffff
core   0: 0x80005850 (0x00294433) xor     s0, s2, sp
core   0: 3 0x80005850 (0x00294433) x 8 0x00000001
core   0: 0x80005854 (0x50440997) auipc   s3, 0x50440
core   0: 3 0x80005854 (0x50440997) x19 0xd0445854
core   0: 0x80005858 (0x51652213) slti    tp, a0, 1302
core   0: 3 0x80005858 (0x51652213) x 4 0x00000001
core   0: 0x8000585c (0x01adc2b3) xor     t0, s11, s10
core   0: 3 0x8000585c (0x01adc2b3) x 5 0xdadeec98
core   0: 0x80005860 (0x012ec1b3) xor     gp, t4, s2
core   0: 3 0x80005860 (0x012ec1b3) x 3 0x80011e65
core   0: 0x80005864 (0x41d9d633) sra     a2, s3, t4
core   0: 3 0x80005864 (0x41d9d633) x12 0xfd044585
core   0: 0x80005868 (0xcb233593) sltiu   a1, t1, -846
core   0: 3 0x80005868 (0xcb233593) x11 0x00000001
core   0: 0x8000586c (0x41b252b3) sra     t0, tp, s11
core   0: 3 0x8000586c (0x41b252b3) x 5 0x00000001
core   0: 0x80005870 (0x00db8b33) add     s6, s7, a3
core   0: 3 0x80005870 (0x00db8b33) x22 0xfffffbe9
core   0: 0x80005874 (0x006b4e33) xor     t3, s6, t1
core   0: 3 0x80005874 (0x006b4e33) x28 0xfffffbe9
core   0: 0x80005878 (0x00aa8ab3) add     s5, s5, a0
core   0: 3 0x80005878 (0x00aa8ab3) x21 0xfffffa38
core   0: 0x8000587c (0x002d83b3) add     t2, s11, sp
core   0: 3 0x8000587c (0x002d83b3) x 7 0x00000480
core   0: 0x80005880 (0xd2747b93) andi    s7, s0, -729
core   0: 3 0x80005880 (0xd2747b93) x23 0x00000001
core   0: 0x80005884 (0x00301793) slli    a5, zero, 3
core   0: 3 0x80005884 (0x00301793) x15 0x00000000
core   0: 0x80005888 (0x772eef13) ori     t5, t4, 1906
core   0: 3 0x80005888 (0x772eef13) x30 0x80011f76
core   0: 0x8000588c (0x41a607b3) sub     a5, a2, s10
core   0: 3 0x8000588c (0x41a607b3) x15 0x22255d6d
core   0: 0x80005890 (0x43161fb7) lui     t6, 0x43161
core   0: 3 0x80005890 (0x43161fb7) x31 0x43161000
core   0: 0x80005894 (0x00a519b3) sll     s3, a0, a0
core   0: 3 0x80005894 (0x00a519b3) x19 0x1b800000
core   0: 0x80005898 (0x00955c33) srl     s8, a0, s1
core   0: 3 0x80005898 (0x00955c33) x24 0xfffffa37
core   0: 0x8000589c (0xb4086fb7) lui     t6, 0xb4086
core   0: 3 0x8000589c (0xb4086fb7) x31 0xb4086000
core   0: 0x800058a0 (0x4f78bc13) sltiu   s8, a7, 1271
core   0: 3 0x800058a0 (0x4f78bc13) x24 0x00000000
core   0: 0x800058a4 (0x00e75b13) srli    s6, a4, 14
core   0: 3 0x800058a4 (0x00e75b13) x22 0x00020000
core   0: 0x800058a8 (0x016cefb3) or      t6, s9, s6
core   0: 3 0x800058a8 (0x016cefb3) x31 0x80035ce4
core   0: 0x800058ac (0x00a85333) srl     t1, a6, a0
core   0: 3 0x800058ac (0x00a85333) x 6 0x00000185
core   0: 0x800058b0 (0x00b382b3) add     t0, t2, a1
core   0: 3 0x800058b0 (0x00b382b3) x 5 0x00000481
core   0: 0x800058b4 (0x01378bb3) add     s7, a5, s3
core   0: 3 0x800058b4 (0x01378bb3) x23 0x3da55d6d
core   0: 0x800058b8 (0x014dda93) srli    s5, s11, 20
core   0: 3 0x800058b8 (0x014dda93) x21 0x00000000
core   0: 0x800058bc (0x00b194b3) sll     s1, gp, a1
core   0: 3 0x800058bc (0x00b194b3) x 9 0x00023cca
core   0: 0x800058c0 (0x00234833) xor     a6, t1, sp
core   0: 3 0x800058c0 (0x00234833) x16 0x00000185
core   0: 0x800058c4 (0xa6ee8513) addi    a0, t4, -1426
core   0: 3 0x800058c4 (0xa6ee8513) x10 0x800118d2
core   0: 0x800058c8 (0x00000013) nop
core   0: 3 0x800058c8 (0x00000013)
core   0: 0x800058cc (0x01ea4033) xor     zero, s4, t5
core   0: 3 0x800058cc (0x01ea4033)
core   0: 0x800058d0 (0x01595993) srli    s3, s2, 21
core   0: 3 0x800058d0 (0x01595993) x19 0x00000000
core   0: 0x800058d4 (0x121a83b7) lui     t2, 0x121a8
core   0: 3 0x800058d4 (0x121a83b7) x 7 0x121a8000
core   0: 0x800058d8 (0x07c02d93) slti    s11, zero, 124
core   0: 3 0x800058d8 (0x07c02d93) x27 0x00000001
core   0: 0x800058dc (0x01691493) slli    s1, s2, 22
core   0: 3 0x800058dc (0x01691493) x 9 0x00400000
core   0: 0x800058e0 (0x00000013) nop
core   0: 3 0x800058e0 (0x00000013)
core   0: 0x800058e4 (0x00294ab3) xor     s5, s2, sp
core   0: 3 0x800058e4 (0x00294ab3) x21 0x00000001
core   0: 0x800058e8 (0xa74fec13) ori     s8, t6, -1420
core   0: 3 0x800058e8 (0xa74fec13) x24 0xfffffef4
core   0: 0x800058ec (0x00000013) nop
core   0: 3 0x800058ec (0x00000013)
core   0: 0x800058f0 (0x0172ed33) or      s10, t0, s7
core   0: 3 0x800058f0 (0x0172ed33) x26 0x3da55ded
core   0: 0x800058f4 (0x01711813) slli    a6, sp, 23
core   0: 3 0x800058f4 (0x01711813) x16 0x00000000
core   0: 0x800058f8 (0x40bddc13) srai    s8, s11, 11
core   0: 3 0x800058f8 (0x40bddc13) x24 0x00000000
core   0: 0x800058fc (0x010be5b3) or      a1, s7, a6
core   0: 3 0x800058fc (0x010be5b3) x11 0x3da55d6d
core   0: 0x80005900 (0x00728e33) add     t3, t0, t2
core   0: 3 0x80005900 (0x00728e33) x28 0x121a8481
core   0: 0x80005904 (0xdfccfa93) andi    s5, s9, -516
core   0: 3 0x80005904 (0xdfccfa93) x21 0x80015ce4
core   0: 0x80005908 (0x00d60833) add     a6, a2, a3
core   0: 3 0x80005908 (0x00d60833) x16 0xfd04416f
core   0: 0x8000590c (0x01475fb3) srl     t6, a4, s4
core   0: 3 0x8000590c (0x01475fb3) x31 0x80000000
core   0: 0x80005910 (0xb8854d97) auipc   s11, 0xb8854
core   0: 3 0x80005910 (0xb8854d97) x27 0x38859910
core   0: 0x80005914 (0xd6dbc897) auipc   a7, 0xd6dbc
core   0: 3 0x80005914 (0xd6dbc897) x17 0x56dc1914
core   0: 0x80005918 (0x0029d6b3) srl     a3, s3, sp
core   0: 3 0x80005918 (0x0029d6b3) x13 0x00000000
core   0: 0x8000591c (0x00000013) nop
core   0: 3 0x8000591c (0x00000013)
core   0: 0x80005920 (0x0048d633) srl     a2, a7, tp
core   0: 3 0x80005920 (0x0048d633) x12 0x2b6e0c8a
core   0: 0x80005924 (0x00751913) slli    s2, a0, 7
core   0: 3 0x80005924 (0x00751913) x18 0x008c6900
core   0: 0x80005928 (0xecec4b17) auipc   s6, 0xecec4
core   0: 3 0x80005928 (0xecec4b17) x22 0x6cec9928
core   0: 0x8000592c (0xc4d70093) addi    ra, a4, -947
core   0: 3 0x8000592c (0xc4d70093) x 1 0x7ffffc4d
core   0: 0x80005930 (0x38f86e13) ori     t3, a6, 911
core   0: 3 0x80005930 (0x38f86e13) x28 0xfd0443ef
core   0: 0x80005934 (0x1c502f93) slti    t6, zero, 453
core   0: 3 0x80005934 (0x1c502f93) x31 0x00000001
core   0: 0x80005938 (0x00ce5493) srli    s1, t3, 12
core   0: 3 0x80005938 (0x00ce5493) x 9 0x000fd044
core   0: 0x8000593c (0x00000013) nop
core   0: 3 0x8000593c (0x00000013)
core   0: 0x80005940 (0x013fbc33) sltu    s8, t6, s3
core   0: 3 0x80005940 (0x013fbc33) x24 0x00000000
core   0: 0x80005944 (0x0195eb33) or      s6, a1, s9
core   0: 3 0x80005944 (0x0195eb33) x22 0xbda55ded
core   0: 0x80005948 (0x01d5d793) srli    a5, a1, 29
core   0: 3 0x80005948 (0x01d5d793) x15 0x00000001
core   0: 0x8000594c (0x00cf56b3) srl     a3, t5, a2
core   0: 3 0x8000594c (0x00cf56b3) x13 0x00200047
core   0: 0x80005950 (0x05ff7413) andi    s0, t5, 95
core   0: 3 0x80005950 (0x05ff7413) x 8 0x00000056
core   0: 0x80005954 (0x009c4033) xor     zero, s8, s1
core   0: 3 0x80005954 (0x009c4033)
core   0: 0x80005958 (0xb2e43513) sltiu   a0, s0, -1234
core   0: 3 0x80005958 (0xb2e43513) x10 0x00000001
core   0: 0x8000595c (0x41a35333) sra     t1, t1, s10
core   0: 3 0x8000595c (0x41a35333) x 6 0x00000000
core   0: 0x80005960 (0x00e8c3b3) xor     t2, a7, a4
core   0: 3 0x80005960 (0x00e8c3b3) x 7 0xd6dc1914
core   0: 0x80005964 (0xaa4dbd13) sltiu   s10, s11, -1372
core   0: 3 0x80005964 (0xaa4dbd13) x26 0x00000001
core   0: 0x80005968 (0x00000013) nop
core   0: 3 0x80005968 (0x00000013)
core   0: 0x8000596c (0x238cad17) auipc   s10, 0x238ca
core   0: 3 0x8000596c (0x238cad17) x26 0xa38cf96c
core   0: 0x80005970 (0xc6b8a213) slti    tp, a7, -917
core   0: 3 0x80005970 (0xc6b8a213) x 4 0x00000000
core   0: 0x80005974 (0x00109793) slli    a5, ra, 1
core   0: 3 0x80005974 (0x00109793) x15 0xfffff89a
core   0: 0x80005978 (0x4fc70c13) addi    s8, a4, 1276
core   0: 3 0x80005978 (0x4fc70c13) x24 0x800004fc
core   0: 0x8000597c (0x01485533) srl     a0, a6, s4
core   0: 3 0x8000597c (0x01485533) x10 0xfd04416f
core   0: 0x80005980 (0xce99c697) auipc   a3, 0xce99c
core   0: 3 0x80005980 (0xce99c697) x13 0x4e9a1980
core   0: 0x80005984 (0x016bfbb3) and     s7, s7, s6
core   0: 3 0x80005984 (0x016bfbb3) x23 0x3da55d6d
core   0: 0x80005988 (0x40070d33) sub     s10, a4, zero
core   0: 3 0x80005988 (0x40070d33) x26 0x80000000
core   0: 0x8000598c (0x84350993) addi    s3, a0, -1981
core   0: 3 0x8000598c (0x84350993) x19 0xfd0439b2
core   0: 0x80005990 (0x00000013) nop
core   0: 3 0x80005990 (0x00000013)
core   0: 0x80005994 (0xe7aa0f13) addi    t5, s4, -390
core   0: 3 0x80005994 (0xe7aa0f13) x30 0xfffffe7a
core   0: 0x80005998 (0x4959fd93) andi    s11, s3, 1173
core   0: 3 0x80005998 (0x4959fd93) x27 0x00000090
core   0: 0x8000599c (0x80bab793) sltiu   a5, s5, -2037
core   0: 3 0x8000599c (0x80bab793) x15 0x00000001
core   0: 0x800059a0 (0x401b85b3) sub     a1, s7, ra
core   0: 3 0x800059a0 (0x401b85b3) x11 0xbda56120
core   0: 0x800059a4 (0x01846533) or      a0, s0, s8
core   0: 3 0x800059a4 (0x01846533) x10 0x800004fe
core   0: 0x800059a8 (0x00714c33) xor     s8, sp, t2
core   0: 3 0x800059a8 (0x00714c33) x24 0xd6dc1914
core   0: 0x800059ac (0x00000013) nop
core   0: 3 0x800059ac (0x00000013)
core   0: 0x800059b0 (0x011a86b3) add     a3, s5, a7
core   0: 3 0x800059b0 (0x011a86b3) x13 0xd6dd75f8
core   0: 0x800059b4 (0x41c9d013) srai    zero, s3, 28
core   0: 3 0x800059b4 (0x41c9d013)
core   0: 0x800059b8 (0x3a35b613) sltiu   a2, a1, 931
core   0: 3 0x800059b8 (0x3a35b613) x12 0x00000000
core   0: 0x800059bc (0x67d10493) addi    s1, sp, 1661
core   0: 3 0x800059bc (0x67d10493) x 9 0x0000067d
core   0: 0x800059c0 (0x01f53fb3) sltu    t6, a0, t6
core   0: 3 0x800059c0 (0x01f53fb3) x31 0x00000000
core   0: 0x800059c4 (0x00545493) srli    s1, s0, 5
core   0: 3 0x800059c4 (0x00545493) x 9 0x00000002
core   0: 0x800059c8 (0x0099d613) srli    a2, s3, 9
core   0: 3 0x800059c8 (0x0099d613) x12 0x007e821c
core   0: 0x800059cc (0x41735913) srai    s2, t1, 23
core   0: 3 0x800059cc (0x41735913) x18 0x00000000
core   0: 0x800059d0 (0x908aa493) slti    s1, s5, -1784
core   0: 3 0x800059d0 (0x908aa493) x 9 0x00000001
core   0: 0x800059d4 (0x000fc9b3) xor     s3, t6, zero
core   0: 3 0x800059d4 (0x000fc9b3) x19 0x00000000
core   0: 0x800059d8 (0xd51e4993) xori    s3, t3, -687
core   0: 3 0x800059d8 (0xd51e4993) x19 0x02fbbebe
core   0: 0x800059dc (0x40b205b3) sub     a1, tp, a1
core   0: 3 0x800059dc (0x40b205b3) x11 0x425a9ee0
core   0: 0x800059e0 (0x4044dd13) srai    s10, s1, 4
core   0: 3 0x800059e0 (0x4044dd13) x26 0x00000000
core   0: 0x800059e4 (0xdc1ecf13) xori    t5, t4, -575
core   0: 3 0x800059e4 (0xdc1ecf13) x30 0x7ffee3a5
core   0: 0x800059e8 (0x40afd593) srai    a1, t6, 10
core   0: 3 0x800059e8 (0x40afd593) x11 0x00000000
core   0: 0x800059ec (0x00cb36b3) sltu    a3, s6, a2
core   0: 3 0x800059ec (0x00cb36b3) x13 0x00000000
core   0: 0x800059f0 (0x005514b3) sll     s1, a0, t0
core   0: 3 0x800059f0 (0x005514b3) x 9 0x000009fc
core   0: 0x800059f4 (0x000aa433) slt     s0, s5, zero
core   0: 3 0x800059f4 (0x000aa433) x 8 0x00000001
core   0: 0x800059f8 (0x14afe513) ori     a0, t6, 330
core   0: 3 0x800059f8 (0x14afe513) x10 0x0000014a
core   0: 0x800059fc (0x01397ab3) and     s5, s2, s3
core   0: 3 0x800059fc (0x01397ab3) x21 0x00000000
core   0: 0x80005a00 (0x63e90f13) addi    t5, s2, 1598
core   0: 3 0x80005a00 (0x63e90f13) x30 0x0000063e
core   0: 0x80005a04 (0xc4c0e413) ori     s0, ra, -948
core   0: 3 0x80005a04 (0xc4c0e413) x 8 0xfffffc4d
core   0: 0x80005a08 (0xe04dc893) xori    a7, s11, -508
core   0: 3 0x80005a08 (0xe04dc893) x17 0xfffffe94
core   0: 0x80005a0c (0x16afb213) sltiu   tp, t6, 362
core   0: 3 0x80005a0c (0x16afb213) x 4 0x00000001
core   0: 0x80005a10 (0xbf0b4793) xori    a5, s6, -1040
core   0: 3 0x80005a10 (0xbf0b4793) x15 0x425aa61d
core   0: 0x80005a14 (0x007b5033) srl     zero, s6, t2
core   0: 3 0x80005a14 (0x007b5033)
core   0: 0x80005a18 (0x5edc3213) sltiu   tp, s8, 1517
core   0: 3 0x80005a18 (0x5edc3213) x 4 0x00000000
core   0: 0x80005a1c (0xd00ebc13) sltiu   s8, t4, -768
core   0: 3 0x80005a1c (0xd00ebc13) x24 0x00000001
core   0: 0x80005a20 (0x01acdf93) srli    t6, s9, 26
core   0: 3 0x80005a20 (0x01acdf93) x31 0x00000020
core   0: 0x80005a24 (0x409f07b3) sub     a5, t5, s1
core   0: 3 0x80005a24 (0x409f07b3) x15 0xfffffc42
core   0: 0x80005a28 (0x40845c13) srai    s8, s0, 8
core   0: 3 0x80005a28 (0x40845c13) x24 0xfffffffc
core   0: 0x80005a2c (0xe984b393) sltiu   t2, s1, -360
core   0: 3 0x80005a2c (0xe984b393) x 7 0x00000001
core   0: 0x80005a30 (0x004a5493) srli    s1, s4, 4
core   0: 3 0x80005a30 (0x004a5493) x 9 0x00000000
core   0: 0x80005a34 (0x00000013) nop
core   0: 3 0x80005a34 (0x00000013)
core   0: 0x80005a38 (0x6d283913) sltiu   s2, a6, 1746
core   0: 3 0x80005a38 (0x6d283913) x18 0x00000000
core   0: 0x80005a3c (0x409b04b3) sub     s1, s6, s1
core   0: 3 0x80005a3c (0x409b04b3) x 9 0xbda55ded
core   0: 0x80005a40 (0x00000013) nop
core   0: 3 0x80005a40 (0x00000013)
core   0: 0x80005a44 (0x006150b3) srl     ra, sp, t1
core   0: 3 0x80005a44 (0x006150b3) x 1 0x00000000
core   0: 0x80005a48 (0x2edd0e13) addi    t3, s10, 749
core   0: 3 0x80005a48 (0x2edd0e13) x28 0x000002ed
core   0: 0x80005a4c (0x00b14f13) xori    t5, sp, 11
core   0: 3 0x80005a4c (0x00b14f13) x30 0x0000000b
core   0: 0x80005a50 (0x89639f37) lui     t5, 0x89639
core   0: 3 0x80005a50 (0x89639f37) x30 0x89639000
core   0: 0x80005a54 (0x94c9c893) xori    a7, s3, -1716
core   0: 3 0x80005a54 (0x94c9c893) x17 0xfd0447f2
core   0: 0x80005a58 (0xee2b0013) addi    zero, s6, -286
core   0: 3 0x80005a58 (0xee2b0013)
core   0: 0x80005a5c (0x40725593) srai    a1, tp, 7
core   0: 3 0x80005a5c (0x40725593) x11 0x00000000
core   0: 0x80005a60 (0x014a5693) srli    a3, s4, 20
core   0: 3 0x80005a60 (0x014a5693) x13 0x00000000
core   0: 0x80005a64 (0xc99aa813) slti    a6, s5, -871
core   0: 3 0x80005a64 (0xc99aa813) x16 0x00000000
core   0: 0x80005a68 (0x017e9b93) slli    s7, t4, 23
core   0: 3 0x80005a68 (0x017e9b93) x23 0x32000000
core   0: 0x80005a6c (0x4110d613) srai    a2, ra, 17
core   0: 3 0x80005a6c (0x4110d613) x12 0x00000000
core   0: 0x80005a70 (0x017bda13) srli    s4, s7, 23
core   0: 3 0x80005a70 (0x017bda13) x20 0x00000064
core   0: 0x80005a74 (0x00f64fb3) xor     t6, a2, a5
core   0: 3 0x80005a74 (0x00f64fb3) x31 0xfffffc42
core   0: 0x80005a78 (0xfcdd4113) xori    sp, s10, -51
core   0: 3 0x80005a78 (0xfcdd4113) x 2 0xffffffcd
core   0: 0x80005a7c (0x8b204bb7) lui     s7, 0x8b204
core   0: 3 0x80005a7c (0x8b204bb7) x23 0x8b204000
core   0: 0x80005a80 (0x0565c913) xori    s2, a1, 86
core   0: 3 0x80005a80 (0x0565c913) x18 0x00000056
core   0: 0x80005a84 (0x01d91b33) sll     s6, s2, t4
core   0: 3 0x80005a84 (0x01d91b33) x22 0x00000560
core   0: 0x80005a88 (0x019b5233) srl     tp, s6, s9
core   0: 3 0x80005a88 (0x019b5233) x 4 0x00000056
core   0: 0x80005a8c (0x013fc6b3) xor     a3, t6, s3
core   0: 3 0x80005a8c (0x013fc6b3) x13 0xfd0442fc
core   0: 0x80005a90 (0x1ff6e613) ori     a2, a3, 511
core   0: 3 0x80005a90 (0x1ff6e613) x12 0xfd0443ff
core   0: 0x80005a94 (0x00d55893) srli    a7, a0, 13
core   0: 3 0x80005a94 (0x00d55893) x17 0x00000000
core   0: 0x80005a98 (0x41d1d593) srai    a1, gp, 29
core   0: 3 0x80005a98 (0x41d1d593) x11 0xfffffffc
core   0: 0x80005a9c (0x98178793) addi    a5, a5, -1663
core   0: 3 0x80005a9c (0x98178793) x15 0xfffff5c3
core   0: 0x80005aa0 (0x3123af13) slti    t5, t2, 786
core   0: 3 0x80005aa0 (0x3123af13) x30 0x00000001
core   0: 0x80005aa4 (0xf31ea513) slti    a0, t4, -207
core   0: 3 0x80005aa4 (0xf31ea513) x10 0x00000001
core   0: 0x80005aa8 (0x40c9d193) srai    gp, s3, 12
core   0: 3 0x80005aa8 (0x40c9d193) x 3 0x00002fbb
core   0: 0x80005aac (0x6bf9fa37) lui     s4, 0x6bf9f
core   0: 3 0x80005aac (0x6bf9fa37) x20 0x6bf9f000
core   0: 0x80005ab0 (0x016a8433) add     s0, s5, s6
core   0: 3 0x80005ab0 (0x016a8433) x 8 0x00000560
core   0: 0x80005ab4 (0x00ac91b3) sll     gp, s9, a0
core   0: 3 0x80005ab4 (0x00ac91b3) x 3 0x0002b9c8
core   0: 0x80005ab8 (0x01767133) and     sp, a2, s7
core   0: 3 0x80005ab8 (0x01767133) x 2 0x89004000
core   0: 0x80005abc (0x019bd533) srl     a0, s7, s9
core   0: 3 0x80005abc (0x019bd533) x10 0x08b20400
core   0: 0x80005ac0 (0x567e8e13) addi    t3, t4, 1383
core   0: 3 0x80005ac0 (0x567e8e13) x28 0x800123cb
core   0: 0x80005ac4 (0x01ec9293) slli    t0, s9, 30
core   0: 3 0x80005ac4 (0x01ec9293) x 5 0x00000000
core   0: 0x80005ac8 (0x758c4793) xori    a5, s8, 1880
core   0: 3 0x80005ac8 (0x758c4793) x15 0xfffff8a4
core   0: 0x80005acc (0xc6bd2193) slti    gp, s10, -917
core   0: 3 0x80005acc (0xc6bd2193) x 3 0x00000000
core   0: 0x80005ad0 (0x01e9ad33) slt     s10, s3, t5
core   0: 3 0x80005ad0 (0x01e9ad33) x26 0x00000000
core   0: 0x80005ad4 (0x74adad93) slti    s11, s11, 1866
core   0: 3 0x80005ad4 (0x74adad93) x27 0x00000001
core   0: 0x80005ad8 (0x0118e7b3) or      a5, a7, a7
core   0: 3 0x80005ad8 (0x0118e7b3) x15 0x00000000
core   0: 0x80005adc (0x150ca413) slti    s0, s9, 336
core   0: 3 0x80005adc (0x150ca413) x 8 0x00000001
core   0: 0x80005ae0 (0x003080b3) add     ra, ra, gp
core   0: 3 0x80005ae0 (0x003080b3) x 1 0x00000000
core   0: 0x80005ae4 (0x01a20233) add     tp, tp, s10
core   0: 3 0x80005ae4 (0x01a20233) x 4 0x00000056
core   0: 0x80005ae8 (0x0108b433) sltu    s0, a7, a6
core   0: 3 0x80005ae8 (0x0108b433) x 8 0x00000000
core   0: 0x80005aec (0x01ef59b3) srl     s3, t5, t5
core   0: 3 0x80005aec (0x01ef59b3) x19 0x00000000
core   0: 0x80005af0 (0xfb03cd93) xori    s11, t2, -80
core   0: 3 0x80005af0 (0xfb03cd93) x27 0xffffffb1
core   0: 0x80005af4 (0x00a1b133) sltu    sp, gp, a0
core   0: 3 0x80005af4 (0x00a1b133) x 2 0x00000001
core   0: 0x80005af8 (0x01640133) add     sp, s0, s6
core   0: 3 0x80005af8 (0x01640133) x 2 0x00000560
core   0: 0x80005afc (0x00330133) add     sp, t1, gp
core   0: 3 0x80005afc (0x00330133) x 2 0x00000000
core   0: 0x80005b00 (0x00cd9b93) slli    s7, s11, 12
core   0: 3 0x80005b00 (0x00cd9b93) x23 0xfffb1000
core   0: 0x80005b04 (0xfb564413) xori    s0, a2, -75
core   0: 3 0x80005b04 (0xfb564413) x 8 0x02fbbc4a
core   0: 0x80005b08 (0x00000013) nop
core   0: 3 0x80005b08 (0x00000013)
core   0: 0x80005b0c (0x014022b3) slt     t0, zero, s4
core   0: 3 0x80005b0c (0x014022b3) x 5 0x00000001
core   0: 0x80005b10 (0x0060a933) slt     s2, ra, t1
core   0: 3 0x80005b10 (0x0060a933) x18 0x00000000
core   0: 0x80005b14 (0x2e639b17) auipc   s6, 0x2e639
core   0: 3 0x80005b14 (0x2e639b17) x22 0xae63eb14
core   0: 0x80005b18 (0x000e02b3) add     t0, t3, zero
core   0: 3 0x80005b18 (0x000e02b3) x 5 0x800123cb
core   0: 0x80005b1c (0xa5ae4793) xori    a5, t3, -1446
core   0: 3 0x80005b1c (0xa5ae4793) x15 0x7ffed991
core   0: 0x80005b20 (0x01e49633) sll     a2, s1, t5
core   0: 3 0x80005b20 (0x01e49633) x12 0x7b4abbda
core   0: 0x80005b24 (0x00a235b3) sltu    a1, tp, a0
core   0: 3 0x80005b24 (0x00a235b3) x11 0x00000001
core   0: 0x80005b28 (0xdd93cdb7) lui     s11, 0xdd93c
core   0: 3 0x80005b28 (0xdd93cdb7) x27 0xdd93c000
core   0: 0x80005b2c (0x014cdab3) srl     s5, s9, s4
core   0: 3 0x80005b2c (0x014cdab3) x21 0x80015ce4
core   0: 0x80005b30 (0xfd0a5537) lui     a0, 0xfd0a5
core   0: 3 0x80005b30 (0xfd0a5537) x10 0xfd0a5000
core   0: 0x80005b34 (0x00f5f5b3) and     a1, a1, a5
core   0: 3 0x80005b34 (0x00f5f5b3) x11 0x00000001
core   0: 0x80005b38 (0x01c9ebb3) or      s7, s3, t3
core   0: 3 0x80005b38 (0x01c9ebb3) x23 0x800123cb
core   0: 0x80005b3c (0x00502833) slt     a6, zero, t0
core   0: 3 0x80005b3c (0x00502833) x16 0x00000000
core   0: 0x80005b40 (0x00cc0033) add     zero, s8, a2
core   0: 3 0x80005b40 (0x00cc0033)
core   0: 0x80005b44 (0x33e30793) addi    a5, t1, 830
core   0: 3 0x80005b44 (0x33e30793) x15 0x0000033e
core   0: 0x80005b48 (0xe9823893) sltiu   a7, tp, -360
core   0: 3 0x80005b48 (0xe9823893) x17 0x00000001
core   0: 0x80005b4c (0x40cf8633) sub     a2, t6, a2
core   0: 3 0x80005b4c (0x40cf8633) x12 0x84b54068
core   0: 0x80005b50 (0x01505f93) srli    t6, zero, 21
core   0: 3 0x80005b50 (0x01505f93) x31 0x00000000
core   0: 0x80005b54 (0x175d4a37) lui     s4, 0x175d4
core   0: 3 0x80005b54 (0x175d4a37) x20 0x175d4000
core   0: 0x80005b58 (0x00ff3333) sltu    t1, t5, a5
core   0: 3 0x80005b58 (0x00ff3333) x 6 0x00000001
core   0: 0x80005b5c (0x73e43093) sltiu   ra, s0, 1854
core   0: 3 0x80005b5c (0x73e43093) x 1 0x00000000
core   0: 0x80005b60 (0xd82cf493) andi    s1, s9, -638
core   0: 3 0x80005b60 (0xd82cf493) x 9 0x80015c80
core   0: 0x80005b64 (0x248e8913) addi    s2, t4, 584
core   0: 3 0x80005b64 (0x248e8913) x18 0x800120ac
core   0: 0x80005b68 (0x00d99f93) slli    t6, s3, 13
core   0: 3 0x80005b68 (0x00d99f93) x31 0x00000000
core   0: 0x80005b6c (0x9a291e37) lui     t3, 0x9a291
core   0: 3 0x80005b6c (0x9a291e37) x28 0x9a291000
core   0: 0x80005b70 (0xdca6e493) ori     s1, a3, -566
core   0: 3 0x80005b70 (0xdca6e493) x 9 0xfffffffe
core   0: 0x80005b74 (0x01255233) srl     tp, a0, s2
core   0: 3 0x80005b74 (0x01255233) x 4 0x000fd0a5
core   0: 0x80005b78 (0x3b26ad13) slti    s10, a3, 946
core   0: 3 0x80005b78 (0x3b26ad13) x26 0x00000001
core   0: 0x80005b7c (0x00bf4333) xor     t1, t5, a1
core   0: 3 0x80005b7c (0x00bf4333) x 6 0x00000000
core   0: 0x80005b80 (0xb1ccae13) slti    t3, s9, -1252
core   0: 3 0x80005b80 (0xb1ccae13) x28 0x00000001
core   0: 0x80005b84 (0x93a7bd13) sltiu   s10, a5, -1734
core   0: 3 0x80005b84 (0x93a7bd13) x26 0x00000001
core   0: 0x80005b88 (0xaaeb8117) auipc   sp, 0xaaeb8
core   0: 3 0x80005b88 (0xaaeb8117) x 2 0x2aebdb88
core   0: 0x80005b8c (0xf12b3393) sltiu   t2, s6, -238
core   0: 3 0x80005b8c (0xf12b3393) x 7 0x00000001
core   0: 0x80005b90 (0x0171d433) srl     s0, gp, s7
core   0: 3 0x80005b90 (0x0171d433) x 8 0x00000000
core   0: 0x80005b94 (0x9dedf313) andi    t1, s11, -1570
core   0: 3 0x80005b94 (0x9dedf313) x 6 0xdd93c000
core   0: 0x80005b98 (0xd1673913) sltiu   s2, a4, -746
core   0: 3 0x80005b98 (0xd1673913) x18 0x00000001
core   0: 0x80005b9c (0x0005bb33) sltu    s6, a1, zero
core   0: 3 0x80005b9c (0x0005bb33) x22 0x00000000
core   0: 0x80005ba0 (0x00f4b2b3) sltu    t0, s1, a5
core   0: 3 0x80005ba0 (0x00f4b2b3) x 5 0x00000000
core   0: 0x80005ba4 (0xead6ce13) xori    t3, a3, -339
core   0: 3 0x80005ba4 (0xead6ce13) x28 0x02fbbc51
core   0: 0x80005ba8 (0x00e683b3) add     t2, a3, a4
core   0: 3 0x80005ba8 (0x00e683b3) x 7 0x7d0442fc
core   0: 0x80005bac (0x02ba7013) andi    zero, s4, 43
core   0: 3 0x80005bac (0x02ba7013)
core   0: 0x80005bb0 (0x019ddd33) srl     s10, s11, s9
core   0: 3 0x80005bb0 (0x019ddd33) x26 0x0dd93c00
core   0: 0x80005bb4 (0x00abafb3) slt     t6, s7, a0
core   0: 3 0x80005bb4 (0x00abafb3) x31 0x00000001
core   0: 0x80005bb8 (0xd1110613) addi    a2, sp, -751
core   0: 3 0x80005bb8 (0xd1110613) x12 0x2aebd899
core   0: 0x80005bbc (0x00e22c33) slt     s8, tp, a4
core   0: 3 0x80005bbc (0x00e22c33) x24 0x00000000
core   0: 0x80005bc0 (0xaee4c213) xori    tp, s1, -1298
core   0: 3 0x80005bc0 (0xaee4c213) x 4 0x00000510
core   0: 0x80005bc4 (0x01f35f93) srli    t6, t1, 31
core   0: 3 0x80005bc4 (0x01f35f93) x31 0x00000001
core   0: 0x80005bc8 (0x40a15db3) sra     s11, sp, a0
core   0: 3 0x80005bc8 (0x40a15db3) x27 0x2aebdb88
core   0: 0x80005bcc (0x2f1eba13) sltiu   s4, t4, 753
core   0: 3 0x80005bcc (0x2f1eba13) x20 0x00000000
core   0: 0x80005bd0 (0x0074d3b3) srl     t2, s1, t2
core   0: 3 0x80005bd0 (0x0074d3b3) x 7 0x0000000f
core   0: 0x80005bd4 (0x01791c13) slli    s8, s2, 23
core   0: 3 0x80005bd4 (0x01791c13) x24 0x00800000
core   0: 0x80005bd8 (0x5de70393) addi    t2, a4, 1502
core   0: 3 0x80005bd8 (0x5de70393) x 7 0x800005de
core   0: 0x80005bdc (0x00e16233) or      tp, sp, a4
core   0: 3 0x80005bdc (0x00e16233) x 4 0xaaebdb88
core   0: 0x80005be0 (0x0119eab3) or      s5, s3, a7
core   0: 3 0x80005be0 (0x0119eab3) x21 0x00000001
core   0: 0x80005be4 (0x007c8833) add     a6, s9, t2
core   0: 3 0x80005be4 (0x007c8833) x16 0x000162c2
core   0: 0x80005be8 (0x40f2d3b3) sra     t2, t0, a5
core   0: 3 0x80005be8 (0x40f2d3b3) x 7 0x00000000
core   0: 0x80005bec (0x0080a9b3) slt     s3, ra, s0
core   0: 3 0x80005bec (0x0080a9b3) x19 0x00000000
core   0: 0x80005bf0 (0xb93b3613) sltiu   a2, s6, -1133
core   0: 3 0x80005bf0 (0xb93b3613) x12 0x00000001
core   0: 0x80005bf4 (0x41e28633) sub     a2, t0, t5
core   0: 3 0x80005bf4 (0x41e28633) x12 0xffffffff
core   0: 0x80005bf8 (0xc43b3993) sltiu   s3, s6, -957
core   0: 3 0x80005bf8 (0xc43b3993) x19 0x00000001
core   0: 0x80005bfc (0x00000013) nop
core   0: 3 0x80005bfc (0x00000013)
core   0: 0x80005c00 (0x40afdf33) sra     t5, t6, a0
core   0: 3 0x80005c00 (0x40afdf33) x30 0x00000001
core   0: 0x80005c04 (0x01acd6b3) srl     a3, s9, s10
core   0: 3 0x80005c04 (0x01acd6b3) x13 0x80015ce4
core   0: 0x80005c08 (0x4097da93) srai    s5, a5, 9
core   0: 3 0x80005c08 (0x4097da93) x21 0x00000001
core   0: 0x80005c0c (0x00eb7c33) and     s8, s6, a4
core   0: 3 0x80005c0c (0x00eb7c33) x24 0x00000000
core   0: 0x80005c10 (0x4fb60313) addi    t1, a2, 1275
core   0: 3 0x80005c10 (0x4fb60313) x 6 0x000004fa
core   0: 0x80005c14 (0x00b12c33) slt     s8, sp, a1
core   0: 3 0x80005c14 (0x00b12c33) x24 0x00000000
core   0: 0x80005c18 (0x409e06b3) sub     a3, t3, s1
core   0: 3 0x80005c18 (0x409e06b3) x13 0x02fbbc53
core   0: 0x80005c1c (0x00000013) nop
core   0: 3 0x80005c1c (0x00000013)
core   0: 0x80005c20 (0x8ae52d93) slti    s11, a0, -1874
core   0: 3 0x80005c20 (0x8ae52d93) x27 0x00000001
core   0: 0x80005c24 (0x00ca4d33) xor     s10, s4, a2
core   0: 3 0x80005c24 (0x00ca4d33) x26 0xffffffff
core   0: 0x80005c28 (0x305fc793) xori    a5, t6, 773
core   0: 3 0x80005c28 (0x305fc793) x15 0x00000304
core   0: 0x80005c2c (0x60ab2917) auipc   s2, 0x60ab2
core   0: 3 0x80005c2c (0x60ab2917) x18 0xe0ab7c2c
core   0: 0x80005c30 (0x00f80433) add     s0, a6, a5
core   0: 3 0x80005c30 (0x00f80433) x 8 0x000165c6
core   0: 0x80005c34 (0x5489b813) sltiu   a6, s3, 1352
core   0: 3 0x80005c34 (0x5489b813) x16 0x00000001
core   0: 0x80005c38 (0x01074633) xor     a2, a4, a6
core   0: 3 0x80005c38 (0x01074633) x12 0x80000001
core   0: 0x80005c3c (0x0134d1b3) srl     gp, s1, s3
core   0: 3 0x80005c3c (0x0134d1b3) x 3 0x7fffffff
core   0: 0x80005c40 (0x00a0c333) xor     t1, ra, a0
core   0: 3 0x80005c40 (0x00a0c333) x 6 0xfd0a5000
core   0: 0x80005c44 (0xc33c3b13) sltiu   s6, s8, -973
core   0: 3 0x80005c44 (0xc33c3b13) x22 0x00000001
core   0: 0x80005c48 (0x404fdbb3) sra     s7, t6, tp
core   0: 3 0x80005c48 (0x404fdbb3) x23 0x00000000
core   0: 0x80005c4c (0x01d6e533) or      a0, a3, t4
core   0: 3 0x80005c4c (0x01d6e533) x10 0x82fbbe77
core   0: 0x80005c50 (0x009f5ab3) srl     s5, t5, s1
core   0: 3 0x80005c50 (0x009f5ab3) x21 0x00000000
core   0: 0x80005c54 (0x413cd5b3) sra     a1, s9, s3
core   0: 3 0x80005c54 (0x413cd5b3) x11 0xc000ae72
core   0: 0x80005c58 (0x0186d793) srli    a5, a3, 24
core   0: 3 0x80005c58 (0x0186d793) x15 0x00000002
core   0: 0x80005c5c (0x00c8d3b3) srl     t2, a7, a2
core   0: 3 0x80005c5c (0x00c8d3b3) x 7 0x00000000
core   0: 0x80005c60 (0x006717b3) sll     a5, a4, t1
core   0: 3 0x80005c60 (0x006717b3) x15 0x80000000
core   0: 0x80005c64 (0xb89ef313) andi    t1, t4, -1143
core   0: 3 0x80005c64 (0xb89ef313) x 6 0x80011a00
core   0: 0x80005c68 (0x01b33033) sltu    zero, t1, s11
core   0: 3 0x80005c68 (0x01b33033)
core   0: 0x80005c6c (0x69c39a17) auipc   s4, 0x69c39
core   0: 3 0x80005c6c (0x69c39a17) x20 0xe9c3ec6c
core   0: 0x80005c70 (0xe5dd2193) slti    gp, s10, -419
core   0: 3 0x80005c70 (0xe5dd2193) x 3 0x00000000
core   0: 0x80005c74 (0x0081c2b3) xor     t0, gp, s0
core   0: 3 0x80005c74 (0x0081c2b3) x 5 0x000165c6
core   0: 0x80005c78 (0x012f1f13) slli    t5, t5, 18
core   0: 3 0x80005c78 (0x012f1f13) x30 0x00040000
core   0: 0x80005c7c (0x40be5f93) srai    t6, t3, 11
core   0: 3 0x80005c7c (0x40be5f93) x31 0x00005f77
core   0: 0x80005c80 (0xf3590a13) addi    s4, s2, -203
core   0: 3 0x80005c80 (0xf3590a13) x20 0xe0ab7b61
core   0: 0x80005c84 (0x50324d93) xori    s11, tp, 1283
core   0: 3 0x80005c84 (0x50324d93) x27 0xaaebde8b
core   0: 0x80005c88 (0x01fbd413) srli    s0, s7, 31
core   0: 3 0x80005c88 (0x01fbd413) x 8 0x00000000
core   0: 0x80005c8c (0x4112d513) srai    a0, t0, 17
core   0: 3 0x80005c8c (0x4112d513) x10 0x00000000
core   0: 0x80005c90 (0x01c4c5b3) xor     a1, s1, t3
core   0: 3 0x80005c90 (0x01c4c5b3) x11 0xfd0443af
core   0: 0x80005c94 (0xeb1c2db7) lui     s11, 0xeb1c2
core   0: 3 0x80005c94 (0xeb1c2db7) x27 0xeb1c2000
core   0: 0x80005c98 (0x0050dc13) srli    s8, ra, 5
core   0: 3 0x80005c98 (0x0050dc13) x24 0x00000000
core   0: 0x80005c9c (0x00000013) nop
core   0: 3 0x80005c9c (0x00000013)
core   0: 0x80005ca0 (0x0111f533) and     a0, gp, a7
core   0: 3 0x80005ca0 (0x0111f533) x10 0x00000000
core   0: 0x80005ca4 (0x00883d33) sltu    s10, a6, s0
core   0: 3 0x80005ca4 (0x00883d33) x26 0x00000000
core   0: 0x80005ca8 (0x01c5ee33) or      t3, a1, t3
core   0: 3 0x80005ca8 (0x01c5ee33) x28 0xffffffff
core   0: 0x80005cac (0x1c904893) xori    a7, zero, 457
core   0: 3 0x80005cac (0x1c904893) x17 0x000001c9
core   0: 0x80005cb0 (0x006e9933) sll     s2, t4, t1
core   0: 3 0x80005cb0 (0x006e9933) x18 0x80011e64
core   0: 0x80005cb4 (0x3d79f013) andi    zero, s3, 983
core   0: 3 0x80005cb4 (0x3d79f013)
core   0: 0x80005cb8 (0x40abda93) srai    s5, s7, 10
core   0: 3 0x80005cb8 (0x40abda93) x21 0x00000000
core   0: 0x80005cbc (0x0138e0b3) or      ra, a7, s3
core   0: 3 0x80005cbc (0x0138e0b3) x 1 0x000001c9
core   0: 0x80005cc0 (0x8e4c3813) sltiu   a6, s8, -1820
core   0: 3 0x80005cc0 (0x8e4c3813) x16 0x00000001
core   0: 0x80005cc4 (0xceb66493) ori     s1, a2, -789
core   0: 3 0x80005cc4 (0xceb66493) x 9 0xfffffceb
core   0: 0x80005cc8 (0x40d75a93) srai    s5, a4, 13
core   0: 3 0x80005cc8 (0x40d75a93) x21 0xfffc0000
core   0: 0x80005ccc (0x00f47933) and     s2, s0, a5
core   0: 3 0x80005ccc (0x00f47933) x18 0x00000000
core   0: 0x80005cd0 (0x004a5333) srl     t1, s4, tp
core   0: 3 0x80005cd0 (0x004a5333) x 6 0x00e0ab7b
core   0: 0x80005cd4 (0x000881b3) add     gp, a7, zero
core   0: 3 0x80005cd4 (0x000881b3) x 3 0x000001c9
core   0: 0x80005cd8 (0x00c0d8b3) srl     a7, ra, a2
core   0: 3 0x80005cd8 (0x00c0d8b3) x17 0x000000e4
core   0: 0x80005cdc (0x00000013) nop
core   0: 3 0x80005cdc (0x00000013)
core   0: 0x80005ce0 (0x0194bdb3) sltu    s11, s1, s9
core   0: 3 0x80005ce0 (0x0194bdb3) x27 0x00000000
core   0: 0x80005ce4 (0x43d0e613) ori     a2, ra, 1085
core   0: 3 0x80005ce4 (0x43d0e613) x12 0x000005fd
core   0: 0x80005ce8 (0x0099c4b3) xor     s1, s3, s1
core   0: 3 0x80005ce8 (0x0099c4b3) x 9 0xfffffcea
core   0: 0x80005cec (0xb0fc8093) addi    ra, s9, -1265
core   0: 3 0x80005cec (0xb0fc8093) x 1 0x800157f3
core   0: 0x80005cf0 (0x008e75b3) and     a1, t3, s0
core   0: 3 0x80005cf0 (0x008e75b3) x11 0x00000000
core   0: 0x80005cf4 (0x00000013) nop
core   0: 3 0x80005cf4 (0x00000013)
core   0: 0x80005cf8 (0x011199b3) sll     s3, gp, a7
core   0: 3 0x80005cf8 (0x011199b3) x19 0x00001c90
core   0: 0x80005cfc (0x3b40e893) ori     a7, ra, 948
core   0: 3 0x80005cfc (0x3b40e893) x17 0x800157f7
core   0: 0x80005d00 (0xaef4c893) xori    a7, s1, -1297
core   0: 3 0x80005d00 (0xaef4c893) x17 0x00000605
core   0: 0x80005d04 (0x00623b33) sltu    s6, tp, t1
core   0: 3 0x80005d04 (0x00623b33) x22 0x00000000
core   0: 0x80005d08 (0x01ac9e13) slli    t3, s9, 26
core   0: 3 0x80005d08 (0x01ac9e13) x28 0x90000000
core   0: 0x80005d0c (0x004703b3) add     t2, a4, tp
core   0: 3 0x80005d0c (0x004703b3) x 7 0x2aebdb88
core   0: 0x80005d10 (0x00806fb3) or      t6, zero, s0
core   0: 3 0x80005d10 (0x00806fb3) x31 0x00000000
core   0: 0x80005d14 (0x006cd313) srli    t1, s9, 6
core   0: 3 0x80005d14 (0x006cd313) x 6 0x02000573
core   0: 0x80005d18 (0x419a83b3) sub     t2, s5, s9
core   0: 3 0x80005d18 (0x419a83b3) x 7 0x7ffaa31c
core   0: 0x80005d1c (0x6481ed13) ori     s10, gp, 1608
core   0: 3 0x80005d1c (0x6481ed13) x26 0x000007c9
core   0: 0x80005d20 (0xb0540d13) addi    s10, s0, -1275
core   0: 3 0x80005d20 (0xb0540d13) x26 0xfffffb05
core   0: 0x80005d24 (0x00000013) nop
core   0: 3 0x80005d24 (0x00000013)
core   0: 0x80005d28 (0xa8058493) addi    s1, a1, -1408
core   0: 3 0x80005d28 (0xa8058493) x 9 0xfffffa80
core   0: 0x80005d2c (0x00031b33) sll     s6, t1, zero
core   0: 3 0x80005d2c (0x00031b33) x22 0x02000573
core   0: 0x80005d30 (0xbaa97937) lui     s2, 0xbaa97
core   0: 3 0x80005d30 (0xbaa97937) x18 0xbaa97000
core   0: 0x80005d34 (0xf7ea3b93) sltiu   s7, s4, -130
core   0: 3 0x80005d34 (0xf7ea3b93) x23 0x00000001
core   0: 0x80005d38 (0x413402b3) sub     t0, s0, s3
core   0: 3 0x80005d38 (0x413402b3) x 5 0xffffe370
core   0: 0x80005d3c (0xb1084017) auipc   zero, 0xb1084
core   0: 3 0x80005d3c (0xb1084017)
core   0: 0x80005d40 (0x41be5193) srai    gp, t3, 27
core   0: 3 0x80005d40 (0x41be5193) x 3 0xfffffff2
core   0: 0x80005d44 (0x001c5293) srli    t0, s8, 1
core   0: 3 0x80005d44 (0x001c5293) x 5 0x00000000
core   0: 0x80005d48 (0x00476fb3) or      t6, a4, tp
core   0: 3 0x80005d48 (0x00476fb3) x31 0xaaebdb88
core   0: 0x80005d4c (0x7cafb793) sltiu   a5, t6, 1994
core   0: 3 0x80005d4c (0x7cafb793) x15 0x00000000
core   0: 0x80005d50 (0x46c1ff13) andi    t5, gp, 1132
core   0: 3 0x80005d50 (0x46c1ff13) x30 0x00000460
core   0: 0x80005d54 (0x15ed09b7) lui     s3, 0x15ed0
core   0: 3 0x80005d54 (0x15ed09b7) x19 0x15ed0000
core   0: 0x80005d58 (0x006772b3) and     t0, a4, t1
core   0: 3 0x80005d58 (0x006772b3) x 5 0x00000000
core   0: 0x80005d5c (0x407e5bb3) sra     s7, t3, t2
core   0: 3 0x80005d5c (0x407e5bb3) x23 0xfffffff9
core   0: 0x80005d60 (0x138e2313) slti    t1, t3, 312
core   0: 3 0x80005d60 (0x138e2313) x 6 0x00000001
core   0: 0x80005d64 (0x01c00b33) add     s6, zero, t3
core   0: 3 0x80005d64 (0x01c00b33) x22 0x90000000
core   0: 0x80005d68 (0x40ded693) srai    a3, t4, 13
core   0: 3 0x80005d68 (0x40ded693) x13 0xfffc0008
core   0: 0x80005d6c (0x00000013) nop
core   0: 3 0x80005d6c (0x00000013)
core   0: 0x80005d70 (0x01c5ff33) and     t5, a1, t3
core   0: 3 0x80005d70 (0x01c5ff33) x30 0x00000000
core   0: 0x80005d74 (0x0150d4b3) srl     s1, ra, s5
core   0: 3 0x80005d74 (0x0150d4b3) x 9 0x800157f3
core   0: 0x80005d78 (0xedaa4593) xori    a1, s4, -294
core   0: 3 0x80005d78 (0xedaa4593) x11 0x1f5485bb
core   0: 0x80005d7c (0x009a9d13) slli    s10, s5, 9
core   0: 3 0x80005d7c (0x009a9d13) x26 0xf8000000
core   0: 0x80005d80 (0x4056d593) srai    a1, a3, 5
core   0: 3 0x80005d80 (0x4056d593) x11 0xffffe000
core   0: 0x80005d84 (0x401609b3) sub     s3, a2, ra
core   0: 3 0x80005d84 (0x401609b3) x19 0x7ffeae0a
core   0: 0x80005d88 (0x414d87b3) sub     a5, s11, s4
core   0: 3 0x80005d88 (0x414d87b3) x15 0x1f54849f
core   0: 0x80005d8c (0xca128113) addi    sp, t0, -863
core   0: 3 0x80005d8c (0xca128113) x 2 0xfffffca1
core   0: 0x80005d90 (0x55001637) lui     a2, 0x55001
core   0: 3 0x80005d90 (0x55001637) x12 0x55001000
core   0: 0x80005d94 (0x6917ae13) slti    t3, a5, 1681
core   0: 3 0x80005d94 (0x6917ae13) x28 0x00000000
core   0: 0x80005d98 (0x00aa8533) add     a0, s5, a0
core   0: 3 0x80005d98 (0x00aa8533) x10 0xfffc0000
core   0: 0x80005d9c (0x0003fc33) and     s8, t2, zero
core   0: 3 0x80005d9c (0x0003fc33) x24 0x00000000
core   0: 0x80005da0 (0x011d7b33) and     s6, s10, a7
core   0: 3 0x80005da0 (0x011d7b33) x22 0x00000000
core   0: 0x80005da4 (0x5704a513) slti    a0, s1, 1392
core   0: 3 0x80005da4 (0x5704a513) x10 0x00000001
core   0: 0x80005da8 (0x0165afb3) slt     t6, a1, s6
core   0: 3 0x80005da8 (0x0165afb3) x31 0x00000001
core   0: 0x80005dac (0xde9ffb93) andi    s7, t6, -535
core   0: 3 0x80005dac (0xde9ffb93) x23 0x00000001
core   0: 0x80005db0 (0x57c2ec13) ori     s8, t0, 1404
core   0: 3 0x80005db0 (0x57c2ec13) x24 0x0000057c
core   0: 0x80005db4 (0x4026d193) srai    gp, a3, 2
core   0: 3 0x80005db4 (0x4026d193) x 3 0xffff0002
core   0: 0x80005db8 (0x40965293) srai    t0, a2, 9
core   0: 3 0x80005db8 (0x40965293) x 5 0x002a8008
core   0: 0x80005dbc (0xaa3dca13) xori    s4, s11, -1373
core   0: 3 0x80005dbc (0xaa3dca13) x20 0xfffffaa3
core   0: 0x80005dc0 (0x00000013) nop
core   0: 3 0x80005dc0 (0x00000013)
core   0: 0x80005dc4 (0x007abab3) sltu    s5, s5, t2
core   0: 3 0x80005dc4 (0x007abab3) x21 0x00000000
core   0: 0x80005dc8 (0x01917a33) and     s4, sp, s9
core   0: 3 0x80005dc8 (0x01917a33) x20 0x80015ca0
core   0: 0x80005dcc (0x00613b33) sltu    s6, sp, t1
core   0: 3 0x80005dcc (0x00613b33) x22 0x00000000
core   0: 0x80005dd0 (0x3da9adb7) lui     s11, 0x3da9a
core   0: 3 0x80005dd0 (0x3da9adb7) x27 0x3da9a000
core   0: 0x80005dd4 (0xe481a693) slti    a3, gp, -440
core   0: 3 0x80005dd4 (0xe481a693) x13 0x00000001
core   0: 0x80005dd8 (0x007ceb33) or      s6, s9, t2
core   0: 3 0x80005dd8 (0x007ceb33) x22 0xfffbfffc
core   0: 0x80005ddc (0x73333437) lui     s0, 0x73333
core   0: 3 0x80005ddc (0x73333437) x 8 0x73333000
core   0: 0x80005de0 (0x01fc2d33) slt     s10, s8, t6
core   0: 3 0x80005de0 (0x01fc2d33) x26 0x00000000
core   0: 0x80005de4 (0xffd47113) andi    sp, s0, -3
core   0: 3 0x80005de4 (0xffd47113) x 2 0x73333000
core   0: 0x80005de8 (0x0135b8b3) sltu    a7, a1, s3
core   0: 3 0x80005de8 (0x0135b8b3) x17 0x00000000
core   0: 0x80005dec (0x01396a33) or      s4, s2, s3
core   0: 3 0x80005dec (0x01396a33) x20 0xfffffe0a
core   0: 0x80005df0 (0x00ebc633) xor     a2, s7, a4
core   0: 3 0x80005df0 (0x00ebc633) x12 0x80000001
core   0: 0x80005df4 (0xd8f1a493) slti    s1, gp, -625
core   0: 3 0x80005df4 (0xd8f1a493) x 9 0x00000001
core   0: 0x80005df8 (0x00cb5d93) srli    s11, s6, 12
core   0: 3 0x80005df8 (0x00cb5d93) x27 0x000fffbf
core   0: 0x80005dfc (0x41825893) srai    a7, tp, 24
core   0: 3 0x80005dfc (0x41825893) x17 0xffffffaa
core   0: 0x80005e00 (0xbb400513) li      a0, -1100
core   0: 3 0x80005e00 (0xbb400513) x10 0xfffffbb4
core   0: 0x80005e04 (0x0146d493) srli    s1, a3, 20
core   0: 3 0x80005e04 (0x0146d493) x 9 0x00000000
core   0: 0x80005e08 (0xb5b57313) andi    t1, a0, -1189
core   0: 3 0x80005e08 (0xb5b57313) x 6 0xfffffb10
core   0: 0x80005e0c (0x00afe9b3) or      s3, t6, a0
core   0: 3 0x80005e0c (0x00afe9b3) x19 0xfffffbb5
core   0: 0x80005e10 (0x416e0db3) sub     s11, t3, s6
core   0: 3 0x80005e10 (0x416e0db3) x27 0x00040004
core   0: 0x80005e14 (0x00000013) nop
core   0: 3 0x80005e14 (0x00000013)
core   0: 0x80005e18 (0x3d69e013) ori     zero, s3, 982
core   0: 3 0x80005e18 (0x3d69e013)
core   0: 0x80005e1c (0x001f0433) add     s0, t5, ra
core   0: 3 0x80005e1c (0x001f0433) x 8 0x800157f3
core   0: 0x80005e20 (0x009cca33) xor     s4, s9, s1
core   0: 3 0x80005e20 (0x009cca33) x20 0x80015ce4
core   0: 0x80005e24 (0x01165b13) srli    s6, a2, 17
core   0: 3 0x80005e24 (0x01165b13) x22 0x00004000
core   0: 0x80005e28 (0x00c15593) srli    a1, sp, 12
core   0: 3 0x80005e28 (0x00c15593) x11 0x00073333
core   0: 0x80005e2c (0x014d9433) sll     s0, s11, s4
core   0: 3 0x80005e2c (0x014d9433) x 8 0x00400040
core   0: 0x80005e30 (0x00000013) nop
core   0: 3 0x80005e30 (0x00000013)
core   0: 0x80005e34 (0x00000013) nop
core   0: 3 0x80005e34 (0x00000013)
core   0: 0x80005e38 (0x01f34433) xor     s0, t1, t6
core   0: 3 0x80005e38 (0x01f34433) x 8 0xfffffb11
core   0: 0x80005e3c (0x01f99993) slli    s3, s3, 31
core   0: 3 0x80005e3c (0x01f99993) x19 0x80000000
core   0: 0x80005e40 (0x40a6d833) sra     a6, a3, a0
core   0: 3 0x80005e40 (0x40a6d833) x16 0x00000000
core   0: 0x80005e44 (0x0109db13) srli    s6, s3, 16
core   0: 3 0x80005e44 (0x0109db13) x22 0x00008000
core   0: 0x80005e48 (0x418c01b3) sub     gp, s8, s8
core   0: 3 0x80005e48 (0x418c01b3) x 3 0x00000000
core   0: 0x80005e4c (0x012611b3) sll     gp, a2, s2
core   0: 3 0x80005e4c (0x012611b3) x 3 0x80000001
core   0: 0x80005e50 (0x01b312b3) sll     t0, t1, s11
core   0: 3 0x80005e50 (0x01b312b3) x 5 0xffffb100
core   0: 0x80005e54 (0x012b53b3) srl     t2, s6, s2
core   0: 3 0x80005e54 (0x012b53b3) x 7 0x00008000
core   0: 0x80005e58 (0x01901413) slli    s0, zero, 25
core   0: 3 0x80005e58 (0x01901413) x 8 0x00000000
core   0: 0x80005e5c (0x002c3533) sltu    a0, s8, sp
core   0: 3 0x80005e5c (0x002c3533) x10 0x00000001
core   0: 0x80005e60 (0x01962f33) slt     t5, a2, s9
core   0: 3 0x80005e60 (0x01962f33) x30 0x00000001
core   0: 0x80005e64 (0xa864c617) auipc   a2, 0xa864c
core   0: 3 0x80005e64 (0xa864c617) x12 0x28651e64
core   0: 0x80005e68 (0x6c4337b7) lui     a5, 0x6c433
core   0: 3 0x80005e68 (0x6c4337b7) x15 0x6c433000
core   0: 0x80005e6c (0x010b7ab3) and     s5, s6, a6
core   0: 3 0x80005e6c (0x010b7ab3) x21 0x00000000
core   0: 0x80005e70 (0x41b4d533) sra     a0, s1, s11
core   0: 3 0x80005e70 (0x41b4d533) x10 0x00000000
core   0: 0x80005e74 (0xcfbf0837) lui     a6, 0xcfbf0
core   0: 3 0x80005e74 (0xcfbf0837) x16 0xcfbf0000
core   0: 0x80005e78 (0x0003c833) xor     a6, t2, zero
core   0: 3 0x80005e78 (0x0003c833) x16 0x00008000
core   0: 0x80005e7c (0x7b66c593) xori    a1, a3, 1974
core   0: 3 0x80005e7c (0x7b66c593) x11 0x000007b7
core   0: 0x80005e80 (0x01c4f7b3) and     a5, s1, t3
core   0: 3 0x80005e80 (0x01c4f7b3) x15 0x00000000
core   0: 0x80005e84 (0x00d94bb3) xor     s7, s2, a3
core   0: 3 0x80005e84 (0x00d94bb3) x23 0xbaa97001
core   0: 0x80005e88 (0xec6ac917) auipc   s2, 0xec6ac
core   0: 3 0x80005e88 (0xec6ac917) x18 0x6c6b1e88
core   0: 0x80005e8c (0x1ae93d17) auipc   s10, 0x1ae93
core   0: 3 0x80005e8c (0x1ae93d17) x26 0x9ae98e8c
core   0: 0x80005e90 (0x00196a33) or      s4, s2, ra
core   0: 3 0x80005e90 (0x00196a33) x20 0xec6b5ffb
core   0: 0x80005e94 (0x01915193) srli    gp, sp, 25
core   0: 3 0x80005e94 (0x01915193) x 3 0x00000039
core   0: 0x80005e98 (0xbed8c313) xori    t1, a7, -1043
core   0: 3 0x80005e98 (0xbed8c313) x 6 0x00000447
core   0: 0x80005e9c (0x00e7d9b3) srl     s3, a5, a4
core   0: 3 0x80005e9c (0x00e7d9b3) x19 0x00000000
core   0: 0x80005ea0 (0x4299df97) auipc   t6, 0x4299d
core   0: 3 0x80005ea0 (0x4299df97) x31 0xc29a2ea0
core   0: 0x80005ea4 (0xb5727893) andi    a7, tp, -1193
core   0: 3 0x80005ea4 (0xb5727893) x17 0xaaebdb00
core   0: 0x80005ea8 (0x2e7b6d13) ori     s10, s6, 743
core   0: 3 0x80005ea8 (0x2e7b6d13) x26 0x000082e7
core   0: 0x80005eac (0x35450313) addi    t1, a0, 852
core   0: 3 0x80005eac (0x35450313) x 6 0x00000354
core   0: 0x80005eb0 (0x41e58333) sub     t1, a1, t5
core   0: 3 0x80005eb0 (0x41e58333) x 6 0x000007b6
core   0: 0x80005eb4 (0x019b9693) slli    a3, s7, 25
core   0: 3 0x80005eb4 (0x019b9693) x13 0x02000000
core   0: 0x80005eb8 (0xb51a8197) auipc   gp, 0xb51a8
core   0: 3 0x80005eb8 (0xb51a8197) x 3 0x351adeb8
core   0: 0x80005ebc (0x012b1693) slli    a3, s6, 18
core   0: 3 0x80005ebc (0x012b1693) x13 0x00000000
core   0: 0x80005ec0 (0x01f30b33) add     s6, t1, t6
core   0: 3 0x80005ec0 (0x01f30b33) x22 0xc29a3656
core   0: 0x80005ec4 (0x00c25593) srli    a1, tp, 12
core   0: 3 0x80005ec4 (0x00c25593) x11 0x000aaebd
core   0: 0x80005ec8 (0x01fafe33) and     t3, s5, t6
core   0: 3 0x80005ec8 (0x01fafe33) x28 0x00000000
core   0: 0x80005ecc (0xd011cb13) xori    s6, gp, -767
core   0: 3 0x80005ecc (0xd011cb13) x22 0xcae523b9
core   0: 0x80005ed0 (0x00000013) nop
core   0: 3 0x80005ed0 (0x00000013)
core   0: 0x80005ed4 (0xacde3293) sltiu   t0, t3, -1331
core   0: 3 0x80005ed4 (0xacde3293) x 5 0x00000001
core   0: 0x80005ed8 (0xd3111537) lui     a0, 0xd3111
core   0: 3 0x80005ed8 (0xd3111537) x10 0xd3111000
core   0: 0x80005edc (0x00fcb633) sltu    a2, s9, a5
core   0: 3 0x80005edc (0x00fcb633) x12 0x00000000
core   0: 0x80005ee0 (0x41905913) srai    s2, zero, 25
core   0: 3 0x80005ee0 (0x41905913) x18 0x00000000
core   0: 0x80005ee4 (0x00bb9093) slli    ra, s7, 11
core   0: 3 0x80005ee4 (0x00bb9093) x 1 0x4b800800
core   0: 0x80005ee8 (0x4083d233) sra     tp, t2, s0
core   0: 3 0x80005ee8 (0x4083d233) x 4 0x00008000
core   0: 0x80005eec (0x2b093913) sltiu   s2, s2, 688
core   0: 3 0x80005eec (0x2b093913) x18 0x00000001
core   0: 0x80005ef0 (0xffbfa413) slti    s0, t6, -5
core   0: 3 0x80005ef0 (0xffbfa413) x 8 0x00000001
core   0: 0x80005ef4 (0x41c2de13) srai    t3, t0, 28
core   0: 3 0x80005ef4 (0x41c2de13) x28 0x00000000
core   0: 0x80005ef8 (0x00691c33) sll     s8, s2, t1
core   0: 3 0x80005ef8 (0x00691c33) x24 0x00400000
core   0: 0x80005efc (0x01769813) slli    a6, a3, 23
core   0: 3 0x80005efc (0x01769813) x16 0x00000000
core   0: 0x80005f00 (0x007cf4b3) and     s1, s9, t2
core   0: 3 0x80005f00 (0x007cf4b3) x 9 0x00000000
core   0: 0x80005f04 (0xc2fe8913) addi    s2, t4, -977
core   0: 3 0x80005f04 (0xc2fe8913) x18 0x80011a93
core   0: 0x80005f08 (0x403ddc13) srai    s8, s11, 3
core   0: 3 0x80005f08 (0x403ddc13) x24 0x00008000
core   0: 0x80005f0c (0x403cd8b3) sra     a7, s9, gp
core   0: 3 0x80005f0c (0x403cd8b3) x17 0xffffff80
core   0: 0x80005f10 (0xd1803b93) sltiu   s7, zero, -744
core   0: 3 0x80005f10 (0xd1803b93) x23 0x00000001
core   0: 0x80005f14 (0xff5aa393) slti    t2, s5, -11
core   0: 3 0x80005f14 (0xff5aa393) x 7 0x00000000
core   0: 0x80005f18 (0xe70ba413) slti    s0, s7, -400
core   0: 3 0x80005f18 (0xe70ba413) x 8 0x00000000
core   0: 0x80005f1c (0x019b5ab3) srl     s5, s6, s9
core   0: 3 0x80005f1c (0x019b5ab3) x21 0x0cae523b
core   0: 0x80005f20 (0x40c58d33) sub     s10, a1, a2
core   0: 3 0x80005f20 (0x40c58d33) x26 0x000aaebd
core   0: 0x80005f24 (0x019868b3) or      a7, a6, s9
core   0: 3 0x80005f24 (0x019868b3) x17 0x80015ce4
core   0: 0x80005f28 (0x4ea34113) xori    sp, t1, 1258
core   0: 3 0x80005f28 (0x4ea34113) x 2 0x0000035c
core   0: 0x80005f2c (0x7f47f313) andi    t1, a5, 2036
core   0: 3 0x80005f2c (0x7f47f313) x 6 0x00000000
core   0: 0x80005f30 (0x40e00d33) sub     s10, zero, a4
core   0: 3 0x80005f30 (0x40e00d33) x26 0x80000000
core   0: 0x80005f34 (0x7a857e37) lui     t3, 0x7a857
core   0: 3 0x80005f34 (0x7a857e37) x28 0x7a857000
core   0: 0x80005f38 (0x54c5c313) xori    t1, a1, 1356
core   0: 3 0x80005f38 (0x54c5c313) x 6 0x000aabf1
core   0: 0x80005f3c (0x688ea593) slti    a1, t4, 1672
core   0: 3 0x80005f3c (0x688ea593) x11 0x00000001
core   0: 0x80005f40 (0xeb437217) auipc   tp, 0xeb437
core   0: 3 0x80005f40 (0xeb437217) x 4 0x6b43cf40
core   0: 0x80005f44 (0x0197c0b3) xor     ra, a5, s9
core   0: 3 0x80005f44 (0x0197c0b3) x 1 0x80015ce4
core   0: 0x80005f48 (0x66ae5617) auipc   a2, 0x66ae5
core   0: 3 0x80005f48 (0x66ae5617) x12 0xe6aeaf48
core   0: 0x80005f4c (0x05d14113) xori    sp, sp, 93
core   0: 3 0x80005f4c (0x05d14113) x 2 0x00000301
core   0: 0x80005f50 (0x00cc5613) srli    a2, s8, 12
core   0: 3 0x80005f50 (0x00cc5613) x12 0x00000008
core   0: 0x80005f54 (0x40890933) sub     s2, s2, s0
core   0: 3 0x80005f54 (0x40890933) x18 0x80011a93
core   0: 0x80005f58 (0x69388613) addi    a2, a7, 1683
core   0: 3 0x80005f58 (0x69388613) x12 0x80016377
core   0: 0x80005f5c (0x01755fb3) srl     t6, a0, s7
core   0: 3 0x80005f5c (0x01755fb3) x31 0x69888800
core   0: 0x80005f60 (0x40235db3) sra     s11, t1, sp
core   0: 3 0x80005f60 (0x40235db3) x27 0x000555f8
core   0: 0x80005f64 (0x6207ff13) andi    t5, a5, 1568
core   0: 3 0x80005f64 (0x6207ff13) x30 0x00000000
core   0: 0x80005f68 (0x4040dd33) sra     s10, ra, tp
core   0: 3 0x80005f68 (0x4040dd33) x26 0x80015ce4
core   0: 0x80005f6c (0x54d2b293) sltiu   t0, t0, 1357
core   0: 3 0x80005f6c (0x54d2b293) x 5 0x00000001
core   0: 0x80005f70 (0x01876933) or      s2, a4, s8
core   0: 3 0x80005f70 (0x01876933) x18 0x80008000
core   0: 0x80005f74 (0x00000013) nop
core   0: 3 0x80005f74 (0x00000013)
core   0: 0x80005f78 (0x01208e33) add     t3, ra, s2
core   0: 3 0x80005f78 (0x01208e33) x28 0x0001dce4
core   0: 0x80005f7c (0x68aca913) slti    s2, s9, 1674
core   0: 3 0x80005f7c (0x68aca913) x18 0x00000001
core   0: 0x80005f80 (0x2e97bc13) sltiu   s8, a5, 745
core   0: 3 0x80005f80 (0x2e97bc13) x24 0x00000001
core   0: 0x80005f84 (0x01d81613) slli    a2, a6, 29
core   0: 3 0x80005f84 (0x01d81613) x12 0x00000000
core   0: 0x80005f88 (0x01715333) srl     t1, sp, s7
core   0: 3 0x80005f88 (0x01715333) x 6 0x00000180
core   0: 0x80005f8c (0x00000013) nop
core   0: 3 0x80005f8c (0x00000013)
core   0: 0x80005f90 (0xd434a893) slti    a7, s1, -701
core   0: 3 0x80005f90 (0xd434a893) x17 0x00000000
core   0: 0x80005f94 (0x7922d897) auipc   a7, 0x7922d
core   0: 3 0x80005f94 (0x7922d897) x17 0xf9232f94
core   0: 0x80005f98 (0x005e75b3) and     a1, t3, t0
core   0: 3 0x80005f98 (0x005e75b3) x11 0x00000000
core   0: 0x80005f9c (0xd9773f93) sltiu   t6, a4, -617
core   0: 3 0x80005f9c (0xd9773f93) x31 0x00000001
core   0: 0x80005fa0 (0x003c8fb3) add     t6, s9, gp
core   0: 3 0x80005fa0 (0x003c8fb3) x31 0xb51c3b9c
core   0: 0x80005fa4 (0x01ae6433) or      s0, t3, s10
core   0: 3 0x80005fa4 (0x01ae6433) x 8 0x8001dce4
core   0: 0x80005fa8 (0x013a9f33) sll     t5, s5, s3
core   0: 3 0x80005fa8 (0x013a9f33) x30 0x0cae523b
core   0: 0x80005fac (0xcd47b813) sltiu   a6, a5, -812
core   0: 3 0x80005fac (0xcd47b813) x16 0x00000001
core   0: 0x80005fb0 (0x00000013) nop
core   0: 3 0x80005fb0 (0x00000013)
core   0: 0x80005fb4 (0x0093c833) xor     a6, t2, s1
core   0: 3 0x80005fb4 (0x0093c833) x16 0x00000000
core   0: 0x80005fb8 (0xa2f58013) addi    zero, a1, -1489
core   0: 3 0x80005fb8 (0xa2f58013)
core   0: 0x80005fbc (0x028b4e13) xori    t3, s6, 40
core   0: 3 0x80005fbc (0x028b4e13) x28 0xcae52391
core   0: 0x80005fc0 (0x0164dbb3) srl     s7, s1, s6
core   0: 3 0x80005fc0 (0x0164dbb3) x23 0x00000000
core   0: 0x80005fc4 (0x7d57f613) andi    a2, a5, 2005
core   0: 3 0x80005fc4 (0x7d57f613) x12 0x00000000
core   0: 0x80005fc8 (0x72da6417) auipc   s0, 0x72da6
core   0: 3 0x80005fc8 (0x72da6417) x 8 0xf2dabfc8
core   0: 0x80005fcc (0x40450833) sub     a6, a0, tp
core   0: 3 0x80005fcc (0x40450833) x16 0x67cd40c0
core   0: 0x80005fd0 (0x0020edb3) or      s11, ra, sp
core   0: 3 0x80005fd0 (0x0020edb3) x27 0x80015fe5
core   0: 0x80005fd4 (0x7a14b993) sltiu   s3, s1, 1953
core   0: 3 0x80005fd4 (0x7a14b993) x19 0x00000001
core   0: 0x80005fd8 (0xad2fa113) slti    sp, t6, -1326
core   0: 3 0x80005fd8 (0xad2fa113) x 2 0x00000001
core   0: 0x80005fdc (0x4127de13) srai    t3, a5, 18
core   0: 3 0x80005fdc (0x4127de13) x28 0x00000000
core   0: 0x80005fe0 (0x00594433) xor     s0, s2, t0
core   0: 3 0x80005fe0 (0x00594433) x 8 0x00000000
core   0: 0x80005fe4 (0x7981a793) slti    a5, gp, 1944
core   0: 3 0x80005fe4 (0x7981a793) x15 0x00000000
core   0: 0x80005fe8 (0x00b5cf33) xor     t5, a1, a1
core   0: 3 0x80005fe8 (0x00b5cf33) x30 0x00000000
core   0: 0x80005fec (0x8b074097) auipc   ra, 0x8b074
core   0: 3 0x80005fec (0x8b074097) x 1 0x0b079fec
core   0: 0x80005ff0 (0x01da9b13) slli    s6, s5, 29
core   0: 3 0x80005ff0 (0x01da9b13) x22 0x60000000
core   0: 0x80005ff4 (0x49ebc913) xori    s2, s7, 1182
core   0: 3 0x80005ff4 (0x49ebc913) x18 0x0000049e
core   0: 0x80005ff8 (0xfbf43b93) sltiu   s7, s0, -65
core   0: 3 0x80005ff8 (0xfbf43b93) x23 0x00000001
core   0: 0x80005ffc (0x40a1d233) sra     tp, gp, a0
core   0: 3 0x80005ffc (0x40a1d233) x 4 0x351adeb8
core   0: 0x80006000 (0x33fbe513) ori     a0, s7, 831
core   0: 3 0x80006000 (0x33fbe513) x10 0x0000033f
core   0: 0x80006004 (0x2f03c993) xori    s3, t2, 752
core   0: 3 0x80006004 (0x2f03c993) x19 0x000002f0
core   0: 0x80006008 (0xb4e30393) addi    t2, t1, -1202
core   0: 3 0x80006008 (0xb4e30393) x 7 0xfffffcce
core   0: 0x8000600c (0xbc5e1f97) auipc   t6, 0xbc5e1
core   0: 3 0x8000600c (0xbc5e1f97) x31 0x3c5e700c
core   0: 0x80006010 (0x00443233) sltu    tp, s0, tp
core   0: 3 0x80006010 (0x00443233) x 4 0x00000001
core   0: 0x80006014 (0xd8bffd37) lui     s10, 0xd8bff
core   0: 3 0x80006014 (0xd8bffd37) x26 0xd8bff000
core   0: 0x80006018 (0x801aab93) slti    s7, s5, -2047
core   0: 3 0x80006018 (0x801aab93) x23 0x00000000
core   0: 0x8000601c (0x00505c13) srli    s8, zero, 5
core   0: 3 0x8000601c (0x00505c13) x24 0x00000000
core   0: 0x80006020 (0x40b65813) srai    a6, a2, 11
core   0: 3 0x80006020 (0x40b65813) x16 0x00000000
core   0: 0x80006024 (0x016546b3) xor     a3, a0, s6
core   0: 3 0x80006024 (0x016546b3) x13 0x6000033f
core   0: 0x80006028 (0x85077813) andi    a6, a4, -1968
core   0: 3 0x80006028 (0x85077813) x16 0x80000000
core   0: 0x8000602c (0xc5b37f13) andi    t5, t1, -933
core   0: 3 0x8000602c (0xc5b37f13) x30 0x00000000
core   0: 0x80006030 (0x41555b33) sra     s6, a0, s5
core   0: 3 0x80006030 (0x41555b33) x22 0x00000000
core   0: 0x80006034 (0x01c382b3) add     t0, t2, t3
core   0: 3 0x80006034 (0x01c382b3) x 5 0xfffffcce
core   0: 0x80006038 (0x01b21f33) sll     t5, tp, s11
core   0: 3 0x80006038 (0x01b21f33) x30 0x00000020
core   0: 0x8000603c (0x41525893) srai    a7, tp, 21
core   0: 3 0x8000603c (0x41525893) x17 0x00000000
core   0: 0x80006040 (0x76708993) addi    s3, ra, 1895
core   0: 3 0x80006040 (0x76708993) x19 0x0b07a753
core   0: 0x80006044 (0xc27c7693) andi    a3, s8, -985
core   0: 3 0x80006044 (0xc27c7693) x13 0x00000000
core   0: 0x80006048 (0xb656a813) slti    a6, a3, -1179
core   0: 3 0x80006048 (0xb656a813) x16 0x00000000
core   0: 0x8000604c (0xfcb63013) sltiu   zero, a2, -53
core   0: 3 0x8000604c (0xfcb63013)
core   0: 0x80006050 (0x017041b3) xor     gp, zero, s7
core   0: 3 0x80006050 (0x017041b3) x 3 0x00000000
core   0: 0x80006054 (0x408dd0b3) sra     ra, s11, s0
core   0: 3 0x80006054 (0x408dd0b3) x 1 0x80015fe5
core   0: 0x80006058 (0x401cd433) sra     s0, s9, ra
core   0: 3 0x80006058 (0x401cd433) x 8 0xfc000ae7
core   0: 0x8000605c (0x001c0233) add     tp, s8, ra
core   0: 3 0x8000605c (0x001c0233) x 4 0x80015fe5
core   0: 0x80006060 (0x00210fb3) add     t6, sp, sp
core   0: 3 0x80006060 (0x00210fb3) x31 0x00000002
core   0: 0x80006064 (0x00000013) nop
core   0: 3 0x80006064 (0x00000013)
core   0: 0x80006068 (0x4b393e17) auipc   t3, 0x4b393
core   0: 3 0x80006068 (0x4b393e17) x28 0xcb399068
core   0: 0x8000606c (0x3efb7137) lui     sp, 0x3efb7
core   0: 3 0x8000606c (0x3efb7137) x 2 0x3efb7000
core   0: 0x80006070 (0x9e76ce13) xori    t3, a3, -1561
core   0: 3 0x80006070 (0x9e76ce13) x28 0xfffff9e7
core   0: 0x80006074 (0x00fab133) sltu    sp, s5, a5
core   0: 3 0x80006074 (0x00fab133) x 2 0x00000000
core   0: 0x80006078 (0x01c801b3) add     gp, a6, t3
core   0: 3 0x80006078 (0x01c801b3) x 3 0xfffff9e7
core   0: 0x8000607c (0x01878933) add     s2, a5, s8
core   0: 3 0x8000607c (0x01878933) x18 0x00000000
core   0: 0x80006080 (0x65814793) xori    a5, sp, 1624
core   0: 3 0x80006080 (0x65814793) x15 0x00000658
core   0: 0x80006084 (0x006022b3) slt     t0, zero, t1
core   0: 3 0x80006084 (0x006022b3) x 5 0x00000001
core   0: 0x80006088 (0x40f8d433) sra     s0, a7, a5
core   0: 3 0x80006088 (0x40f8d433) x 8 0x00000000
core   0: 0x8000608c (0x00c21793) slli    a5, tp, 12
core   0: 3 0x8000608c (0x00c21793) x15 0x15fe5000
core   0: 0x80006090 (0xace3bf93) sltiu   t6, t2, -1330
core   0: 3 0x80006090 (0xace3bf93) x31 0x00000000
core   0: 0x80006094 (0x0170e433) or      s0, ra, s7
core   0: 3 0x80006094 (0x0170e433) x 8 0x80015fe5
core   0: 0x80006098 (0x41ca5e33) sra     t3, s4, t3
core   0: 3 0x80006098 (0x41ca5e33) x28 0xffd8d6bf
core   0: 0x8000609c (0x8ac4a313) slti    t1, s1, -1876
core   0: 3 0x8000609c (0x8ac4a313) x 6 0x00000000
core   0: 0x800060a0 (0x01e2af33) slt     t5, t0, t5
core   0: 3 0x800060a0 (0x01e2af33) x30 0x00000001
core   0: 0x800060a4 (0x01985013) srli    zero, a6, 25
core   0: 3 0x800060a4 (0x01985013)
core   0: 0x800060a8 (0xc7857493) andi    s1, a0, -904
core   0: 3 0x800060a8 (0xc7857493) x 9 0x00000038
core   0: 0x800060ac (0x41cdd293) srai    t0, s11, 28
core   0: 3 0x800060ac (0x41cdd293) x 5 0xfffffff8
core   0: 0x800060b0 (0x40b65d33) sra     s10, a2, a1
core   0: 3 0x800060b0 (0x40b65d33) x26 0x00000000
core   0: 0x800060b4 (0xb3b81e37) lui     t3, 0xb3b81
core   0: 3 0x800060b4 (0xb3b81e37) x28 0xb3b81000
core   0: 0x800060b8 (0x00dc6333) or      t1, s8, a3
core   0: 3 0x800060b8 (0x00dc6333) x 6 0x00000000
core   0: 0x800060bc (0x1a9192b7) lui     t0, 0x1a919
core   0: 3 0x800060bc (0x1a9192b7) x 5 0x1a919000
core   0: 0x800060c0 (0xad749f37) lui     t5, 0xad749
core   0: 3 0x800060c0 (0xad749f37) x30 0xad749000
core   0: 0x800060c4 (0x844013b7) lui     t2, 0x84401
core   0: 3 0x800060c4 (0x844013b7) x 7 0x84401000
core   0: 0x800060c8 (0x12f58213) addi    tp, a1, 303
core   0: 3 0x800060c8 (0x12f58213) x 4 0x0000012f
core   0: 0x800060cc (0x1115e117) auipc   sp, 0x1115e
core   0: 3 0x800060cc (0x1115e117) x 2 0x911640cc
core   0: 0x800060d0 (0x00000013) nop
core   0: 3 0x800060d0 (0x00000013)
core   0: 0x800060d4 (0x01a4b8b3) sltu    a7, s1, s10
core   0: 3 0x800060d4 (0x01a4b8b3) x17 0x00000000
core   0: 0x800060d8 (0x4083da93) srai    s5, t2, 8
core   0: 3 0x800060d8 (0x4083da93) x21 0xff844010
core   0: 0x800060dc (0x009f11b3) sll     gp, t5, s1
core   0: 3 0x800060dc (0x009f11b3) x 3 0x00000000
core   0: 0x800060e0 (0x0c51a593) slti    a1, gp, 197
core   0: 3 0x800060e0 (0x0c51a593) x11 0x00000001
core   0: 0x800060e4 (0x01455db3) srl     s11, a0, s4
core   0: 3 0x800060e4 (0x01455db3) x27 0x00000000
core   0: 0x800060e8 (0x01525813) srli    a6, tp, 21
core   0: 3 0x800060e8 (0x01525813) x16 0x00000000
core   0: 0x800060ec (0x00000013) nop
core   0: 3 0x800060ec (0x00000013)
core   0: 0x800060f0 (0x00501793) slli    a5, zero, 5
core   0: 3 0x800060f0 (0x00501793) x15 0x00000000
core   0: 0x800060f4 (0xa7e49f37) lui     t5, 0xa7e49
core   0: 3 0x800060f4 (0xa7e49f37) x30 0xa7e49000
core   0: 0x800060f8 (0x5fbf5db7) lui     s11, 0x5fbf5
core   0: 3 0x800060f8 (0x5fbf5db7) x27 0x5fbf5000
core   0: 0x800060fc (0x2dce8a13) addi    s4, t4, 732
core   0: 3 0x800060fc (0x2dce8a13) x20 0x80012140
core   0: 0x80006100 (0x01f801b3) add     gp, a6, t6
core   0: 3 0x80006100 (0x01f801b3) x 3 0x00000000
core   0: 0x80006104 (0x01c4df13) srli    t5, s1, 28
core   0: 3 0x80006104 (0x01c4df13) x30 0x00000000
core   0: 0x80006108 (0x001f1093) slli    ra, t5, 1
core   0: 3 0x80006108 (0x001f1093) x 1 0x00000000
core   0: 0x8000610c (0x01abd493) srli    s1, s7, 26
core   0: 3 0x8000610c (0x01abd493) x 9 0x00000000
core   0: 0x80006110 (0x41948fb3) sub     t6, s1, s9
core   0: 3 0x80006110 (0x41948fb3) x31 0x7ffea31c
core   0: 0x80006114 (0x00722233) slt     tp, tp, t2
core   0: 3 0x80006114 (0x00722233) x 4 0x00000000
core   0: 0x80006118 (0x4004de13) srai    t3, s1, 0
core   0: 3 0x80006118 (0x4004de13) x28 0x00000000
core   0: 0x8000611c (0x00cb7133) and     sp, s6, a2
core   0: 3 0x8000611c (0x00cb7133) x 2 0x00000000
core   0: 0x80006120 (0x7497a993) slti    s3, a5, 1865
core   0: 3 0x80006120 (0x7497a993) x19 0x00000001
core   0: 0x80006124 (0x7b0c2213) slti    tp, s8, 1968
core   0: 3 0x80006124 (0x7b0c2213) x 4 0x00000001
core   0: 0x80006128 (0x0081f1b3) and     gp, gp, s0
core   0: 3 0x80006128 (0x0081f1b3) x 3 0x00000000
core   0: 0x8000612c (0x00863833) sltu    a6, a2, s0
core   0: 3 0x8000612c (0x00863833) x16 0x00000001
core   0: 0x80006130 (0x00976333) or      t1, a4, s1
core   0: 3 0x80006130 (0x00976333) x 6 0x80000000
core   0: 0x80006134 (0x00522233) slt     tp, tp, t0
core   0: 3 0x80006134 (0x00522233) x 4 0x00000001
core   0: 0x80006138 (0x39d81d37) lui     s10, 0x39d81
core   0: 3 0x80006138 (0x39d81d37) x26 0x39d81000
core   0: 0x8000613c (0x0025f4b3) and     s1, a1, sp
core   0: 3 0x8000613c (0x0025f4b3) x 9 0x00000000
core   0: 0x80006140 (0x41d6dfb3) sra     t6, a3, t4
core   0: 3 0x80006140 (0x41d6dfb3) x31 0x00000000
core   0: 0x80006144 (0x0071de33) srl     t3, gp, t2
core   0: 3 0x80006144 (0x0071de33) x28 0x00000000
core   0: 0x80006148 (0x8e9d4317) auipc   t1, 0x8e9d4
core   0: 3 0x80006148 (0x8e9d4317) x 6 0x0e9da148
core   0: 0x8000614c (0xca54ea93) ori     s5, s1, -859
core   0: 3 0x8000614c (0xca54ea93) x21 0xfffffca5
core   0: 0x80006150 (0x00023233) sltu    tp, tp, zero
core   0: 3 0x80006150 (0x00023233) x 4 0x00000000
core   0: 0x80006154 (0xee8e4013) xori    zero, t3, -280
core   0: 3 0x80006154 (0xee8e4013)
core   0: 0x80006158 (0x01f77db3) and     s11, a4, t6
core   0: 3 0x80006158 (0x01f77db3) x27 0x00000000
core   0: 0x8000615c (0x557cae13) slti    t3, s9, 1367
core   0: 3 0x8000615c (0x557cae13) x28 0x00000001
core   0: 0x80006160 (0x9365b693) sltiu   a3, a1, -1738
core   0: 3 0x80006160 (0x9365b693) x13 0x00000001
core   0: 0x80006164 (0x0134ebb3) or      s7, s1, s3
core   0: 3 0x80006164 (0x0134ebb3) x23 0x00000001
core   0: 0x80006168 (0x19812113) slti    sp, sp, 408
core   0: 3 0x80006168 (0x19812113) x 2 0x00000001
core   0: 0x8000616c (0x411f55b3) sra     a1, t5, a7
core   0: 3 0x8000616c (0x411f55b3) x11 0x00000000
core   0: 0x80006170 (0x00c3f5b3) and     a1, t2, a2
core   0: 3 0x80006170 (0x00c3f5b3) x11 0x00000000
core   0: 0x80006174 (0x0088c533) xor     a0, a7, s0
core   0: 3 0x80006174 (0x0088c533) x10 0x80015fe5
core   0: 0x80006178 (0x0006d9b3) srl     s3, a3, zero
core   0: 3 0x80006178 (0x0006d9b3) x19 0x00000001
core   0: 0x8000617c (0x01f8afb3) slt     t6, a7, t6
core   0: 3 0x8000617c (0x01f8afb3) x31 0x00000000
core   0: 0x80006180 (0x31ccbe13) sltiu   t3, s9, 796
core   0: 3 0x80006180 (0x31ccbe13) x28 0x00000000
core   0: 0x80006184 (0x75202993) slti    s3, zero, 1874
core   0: 3 0x80006184 (0x75202993) x19 0x00000001
core   0: 0x80006188 (0x50876b13) ori     s6, a4, 1288
core   0: 3 0x80006188 (0x50876b13) x22 0x80000508
core   0: 0x8000618c (0x7a423a13) sltiu   s4, tp, 1956
core   0: 3 0x8000618c (0x7a423a13) x20 0x00000001
core   0: 0x80006190 (0x01939013) slli    zero, t2, 25
core   0: 3 0x80006190 (0x01939013)
core   0: 0x80006194 (0xf0f8aa37) lui     s4, 0xf0f8a
core   0: 3 0x80006194 (0xf0f8aa37) x20 0xf0f8a000
core   0: 0x80006198 (0x5d347793) andi    a5, s0, 1491
core   0: 3 0x80006198 (0x5d347793) x15 0x000005c1
core   0: 0x8000619c (0x00f547b3) xor     a5, a0, a5
core   0: 3 0x8000619c (0x00f547b3) x15 0x80015a24
core   0: 0x800061a0 (0x0cd08813) addi    a6, ra, 205
core   0: 3 0x800061a0 (0x0cd08813) x16 0x000000cd
core   0: 0x800061a4 (0x01f305b3) add     a1, t1, t6
core   0: 3 0x800061a4 (0x01f305b3) x11 0x0e9da148
core   0: 0x800061a8 (0x009db333) sltu    t1, s11, s1
core   0: 3 0x800061a8 (0x009db333) x 6 0x00000000
core   0: 0x800061ac (0x8b7d7393) andi    t2, s10, -1865
core   0: 3 0x800061ac (0x8b7d7393) x 7 0x39d81000
core   0: 0x800061b0 (0x6c242b93) slti    s7, s0, 1730
core   0: 3 0x800061b0 (0x6c242b93) x23 0x00000001
core   0: 0x800061b4 (0xe934fe13) andi    t3, s1, -365
core   0: 3 0x800061b4 (0xe934fe13) x28 0x00000000
core   0: 0x800061b8 (0x00000013) nop
core   0: 3 0x800061b8 (0x00000013)
core   0: 0x800061bc (0x40e9d613) srai    a2, s3, 14
core   0: 3 0x800061bc (0x40e9d613) x12 0x00000000
core   0: 0x800061c0 (0xdb0a2493) slti    s1, s4, -592
core   0: 3 0x800061c0 (0xdb0a2493) x 9 0x00000001
core   0: 0x800061c4 (0x40de5a13) srai    s4, t3, 13
core   0: 3 0x800061c4 (0x40de5a13) x20 0x00000000
core   0: 0x800061c8 (0xf37de193) ori     gp, s11, -201
core   0: 3 0x800061c8 (0xf37de193) x 3 0xffffff37
core   0: 0x800061cc (0x00000013) nop
core   0: 3 0x800061cc (0x00000013)
core   0: 0x800061d0 (0x016f9033) sll     zero, t6, s6
core   0: 3 0x800061d0 (0x016f9033)
core   0: 0x800061d4 (0x0103b8b3) sltu    a7, t2, a6
core   0: 3 0x800061d4 (0x0103b8b3) x17 0x00000000
core   0: 0x800061d8 (0xa2596193) ori     gp, s2, -1499
core   0: 3 0x800061d8 (0xa2596193) x 3 0xfffffa25
core   0: 0x800061dc (0x409bd7b3) sra     a5, s7, s1
core   0: 3 0x800061dc (0x409bd7b3) x15 0x00000000
core   0: 0x800061e0 (0x405ddf13) srai    t5, s11, 5
core   0: 3 0x800061e0 (0x405ddf13) x30 0x00000000
core   0: 0x800061e4 (0x004bcab3) xor     s5, s7, tp
core   0: 3 0x800061e4 (0x004bcab3) x21 0x00000001
core   0: 0x800061e8 (0xab3fbc13) sltiu   s8, t6, -1357
core   0: 3 0x800061e8 (0xab3fbc13) x24 0x00000001
core   0: 0x800061ec (0x40da08b3) sub     a7, s4, a3
core   0: 3 0x800061ec (0x40da08b3) x17 0xffffffff
core   0: 0x800061f0 (0x0069d9b3) srl     s3, s3, t1
core   0: 3 0x800061f0 (0x0069d9b3) x19 0x00000001
core   0: 0x800061f4 (0x01da15b3) sll     a1, s4, t4
core   0: 3 0x800061f4 (0x01da15b3) x11 0x00000000
core   0: 0x800061f8 (0x4188d933) sra     s2, a7, s8
core   0: 3 0x800061f8 (0x4188d933) x18 0xffffffff
core   0: 0x800061fc (0x014ded33) or      s10, s11, s4
core   0: 3 0x800061fc (0x014ded33) x26 0x00000000
core   0: 0x80006200 (0x18a2ff93) andi    t6, t0, 394
core   0: 3 0x80006200 (0x18a2ff93) x31 0x00000000
core   0: 0x80006204 (0x40e15d13) srai    s10, sp, 14
core   0: 3 0x80006204 (0x40e15d13) x26 0x00000000
core   0: 0x80006208 (0x00000013) nop
core   0: 3 0x80006208 (0x00000013)
core   0: 0x8000620c (0x014f5bb3) srl     s7, t5, s4
core   0: 3 0x8000620c (0x014f5bb3) x23 0x00000000
core   0: 0x80006210 (0x0088bab3) sltu    s5, a7, s0
core   0: 3 0x80006210 (0x0088bab3) x21 0x00000000
core   0: 0x80006214 (0x9ce8c893) xori    a7, a7, -1586
core   0: 3 0x80006214 (0x9ce8c893) x17 0x00000631
core   0: 0x80006218 (0x56c02b93) slti    s7, zero, 1388
core   0: 3 0x80006218 (0x56c02b93) x23 0x00000001
core   0: 0x8000621c (0x01daa433) slt     s0, s5, t4
core   0: 3 0x8000621c (0x01daa433) x 8 0x00000000
core   0: 0x80006220 (0x4adb6e13) ori     t3, s6, 1197
core   0: 3 0x80006220 (0x4adb6e13) x28 0x800005ad
core   0: 0x80006224 (0x0180f933) and     s2, ra, s8
core   0: 3 0x80006224 (0x0180f933) x18 0x00000000
core   0: 0x80006228 (0x40445f33) sra     t5, s0, tp
core   0: 3 0x80006228 (0x40445f33) x30 0x00000000
core   0: 0x8000622c (0x01fd1833) sll     a6, s10, t6
core   0: 3 0x8000622c (0x01fd1833) x16 0x00000000
core   0: 0x80006230 (0x00000013) nop
core   0: 3 0x80006230 (0x00000013)
core   0: 0x80006234 (0xb4074693) xori    a3, a4, -1216
core   0: 3 0x80006234 (0xb4074693) x13 0x7ffffb40
core   0: 0x80006238 (0x00000013) nop
core   0: 3 0x80006238 (0x00000013)
core   0: 0x8000623c (0x9e84f593) andi    a1, s1, -1560
core   0: 3 0x8000623c (0x9e84f593) x11 0x00000000
core   0: 0x80006240 (0x016902b3) add     t0, s2, s6
core   0: 3 0x80006240 (0x016902b3) x 5 0x80000508
core   0: 0x80006244 (0x647c4513) xori    a0, s8, 1607
core   0: 3 0x80006244 (0x647c4513) x10 0x00000646
core   0: 0x80006248 (0x01c2a9b3) slt     s3, t0, t3
core   0: 3 0x80006248 (0x01c2a9b3) x19 0x00000001
core   0: 0x8000624c (0x00671313) slli    t1, a4, 6
core   0: 3 0x8000624c (0x00671313) x 6 0x00000000
core   0: 0x80006250 (0x24764613) xori    a2, a2, 583
core   0: 3 0x80006250 (0x24764613) x12 0x00000247
core   0: 0x80006254 (0x00781333) sll     t1, a6, t2
core   0: 3 0x80006254 (0x00781333) x 6 0x00000000
core   0: 0x80006258 (0x4f74a113) slti    sp, s1, 1271
core   0: 3 0x80006258 (0x4f74a113) x 2 0x00000001
core   0: 0x8000625c (0x407380b3) sub     ra, t2, t2
core   0: 3 0x8000625c (0x407380b3) x 1 0x00000000
core   0: 0x80006260 (0x7b1f7d93) andi    s11, t5, 1969
core   0: 3 0x80006260 (0x7b1f7d93) x27 0x00000000
core   0: 0x80006264 (0x00b2a433) slt     s0, t0, a1
core   0: 3 0x80006264 (0x00b2a433) x 8 0x00000001
core   0: 0x80006268 (0x36ffe593) ori     a1, t6, 879
core   0: 3 0x80006268 (0x36ffe593) x11 0x0000036f
core   0: 0x8000626c (0x00adeab3) or      s5, s11, a0
core   0: 3 0x8000626c (0x00adeab3) x21 0x00000646
core   0: 0x80006270 (0x401fd833) sra     a6, t6, ra
core   0: 3 0x80006270 (0x401fd833) x16 0x00000000
core   0: 0x80006274 (0x04585d97) auipc   s11, 0x4585
core   0: 3 0x80006274 (0x04585d97) x27 0x8458b274
core   0: 0x80006278 (0x007cb033) sltu    zero, s9, t2
core   0: 3 0x80006278 (0x007cb033)
core   0: 0x8000627c (0x009e0d33) add     s10, t3, s1
core   0: 3 0x8000627c (0x009e0d33) x26 0x800005ae
core   0: 0x80006280 (0x00000013) nop
core   0: 3 0x80006280 (0x00000013)
core   0: 0x80006284 (0x01dce6b3) or      a3, s9, t4
core   0: 3 0x80006284 (0x01dce6b3) x13 0x80015ee4
core   0: 0x80006288 (0x007b3e33) sltu    t3, s6, t2
core   0: 3 0x80006288 (0x007b3e33) x28 0x00000000
core   0: 0x8000628c (0x0042e4b3) or      s1, t0, tp
core   0: 3 0x8000628c (0x0042e4b3) x 9 0x80000508
core   0: 0x80006290 (0x014897b3) sll     a5, a7, s4
core   0: 3 0x80006290 (0x014897b3) x15 0x00000631
core   0: 0x80006294 (0x2e60ef13) ori     t5, ra, 742
core   0: 3 0x80006294 (0x2e60ef13) x30 0x000002e6
core   0: 0x80006298 (0xec15ec13) ori     s8, a1, -319
core   0: 3 0x80006298 (0xec15ec13) x24 0xffffffef
core   0: 0x8000629c (0x01abb1b3) sltu    gp, s7, s10
core   0: 3 0x8000629c (0x01abb1b3) x 3 0x00000001
core   0: 0x800062a0 (0x41795d93) srai    s11, s2, 23
core   0: 3 0x800062a0 (0x41795d93) x27 0x00000000
core   0: 0x800062a4 (0xcd037197) auipc   gp, 0xcd037
core   0: 3 0x800062a4 (0xcd037197) x 3 0x4d03d2a4
core   0: 0x800062a8 (0x005fef33) or      t5, t6, t0
core   0: 3 0x800062a8 (0x005fef33) x30 0x80000508
core   0: 0x800062ac (0x00de5693) srli    a3, t3, 13
core   0: 3 0x800062ac (0x00de5693) x13 0x00000000
core   0: 0x800062b0 (0x15ed0e17) auipc   t3, 0x15ed0
core   0: 3 0x800062b0 (0x15ed0e17) x28 0x95ed62b0
core   0: 0x800062b4 (0x402e05b3) sub     a1, t3, sp
core   0: 3 0x800062b4 (0x402e05b3) x11 0x95ed62af
core   0: 0x800062b8 (0x019b4fb3) xor     t6, s6, s9
core   0: 3 0x800062b8 (0x019b4fb3) x31 0x000159ec
core   0: 0x800062bc (0x00cb4433) xor     s0, s6, a2
core   0: 3 0x800062bc (0x00cb4433) x 8 0x8000074f
core   0: 0x800062c0 (0x01e341b3) xor     gp, t1, t5
core   0: 3 0x800062c0 (0x01e341b3) x 3 0x80000508
core   0: 0x800062c4 (0x01e09fb3) sll     t6, ra, t5
core   0: 3 0x800062c4 (0x01e09fb3) x31 0x00000000
core   0: 0x800062c8 (0x00000013) nop
core   0: 3 0x800062c8 (0x00000013)
core   0: 0x800062cc (0x00589c33) sll     s8, a7, t0
core   0: 3 0x800062cc (0x00589c33) x24 0x00063100
core   0: 0x800062d0 (0x0085fb33) and     s6, a1, s0
core   0: 3 0x800062d0 (0x0085fb33) x22 0x8000020f
core   0: 0x800062d4 (0x40d585b3) sub     a1, a1, a3
core   0: 3 0x800062d4 (0x40d585b3) x11 0x95ed62af
core   0: 0x800062d8 (0x452b7893) andi    a7, s6, 1106
core   0: 3 0x800062d8 (0x452b7893) x17 0x00000002
core   0: 0x800062dc (0x01751033) sll     zero, a0, s7
core   0: 3 0x800062dc (0x01751033)
core   0: 0x800062e0 (0x01fb1fb3) sll     t6, s6, t6
core   0: 3 0x800062e0 (0x01fb1fb3) x31 0x8000020f
core   0: 0x800062e4 (0xc7ceaa13) slti    s4, t4, -900
core   0: 3 0x800062e4 (0xc7ceaa13) x20 0x00000001
core   0: 0x800062e8 (0x00000013) nop
core   0: 3 0x800062e8 (0x00000013)
core   0: 0x800062ec (0x007690b3) sll     ra, a3, t2
core   0: 3 0x800062ec (0x007690b3) x 1 0x00000000
core   0: 0x800062f0 (0x0015eab3) or      s5, a1, ra
core   0: 3 0x800062f0 (0x0015eab3) x21 0x95ed62af
core   0: 0x800062f4 (0x3b857d93) andi    s11, a0, 952
core   0: 3 0x800062f4 (0x3b857d93) x27 0x00000200
core   0: 0x800062f8 (0xfeb25097) auipc   ra, 0xfeb25
core   0: 3 0x800062f8 (0xfeb25097) x 1 0x7eb2b2f8
core   0: 0x800062fc (0x00ce0fb3) add     t6, t3, a2
core   0: 3 0x800062fc (0x00ce0fb3) x31 0x95ed64f7
core   0: 0x80006300 (0x074c8db7) lui     s11, 0x74c8
core   0: 3 0x80006300 (0x074c8db7) x27 0x074c8000
core   0: 0x80006304 (0x36714893) xori    a7, sp, 871
core   0: 3 0x80006304 (0x36714893) x17 0x00000366
core   0: 0x80006308 (0x00aaaab3) slt     s5, s5, a0
core   0: 3 0x80006308 (0x00aaaab3) x21 0x00000001
core   0: 0x8000630c (0xcbdf0c13) addi    s8, t5, -835
core   0: 3 0x8000630c (0xcbdf0c13) x24 0x800001c5
core   0: 0x80006310 (0x013143b3) xor     t2, sp, s3
core   0: 3 0x80006310 (0x013143b3) x 7 0x00000000
core   0: 0x80006314 (0x97287b93) andi    s7, a6, -1678
core   0: 3 0x80006314 (0x97287b93) x23 0x00000000
core   0: 0x80006318 (0x00f32133) slt     sp, t1, a5
core   0: 3 0x80006318 (0x00f32133) x 2 0x00000001
core   0: 0x8000631c (0x013177b3) and     a5, sp, s3
core   0: 3 0x8000631c (0x013177b3) x15 0x00000001
core   0: 0x80006320 (0x0120de13) srli    t3, ra, 18
core   0: 3 0x80006320 (0x0120de13) x28 0x00001fac
core   0: 0x80006324 (0x0052b1b3) sltu    gp, t0, t0
core   0: 3 0x80006324 (0x0052b1b3) x 3 0x00000000
core   0: 0x80006328 (0x00263533) sltu    a0, a2, sp
core   0: 3 0x80006328 (0x00263533) x10 0x00000000
core   0: 0x8000632c (0x00000013) nop
core   0: 3 0x8000632c (0x00000013)
core   0: 0x80006330 (0x00c725b3) slt     a1, a4, a2
core   0: 3 0x80006330 (0x00c725b3) x11 0x00000001
core   0: 0x80006334 (0x560bb093) sltiu   ra, s7, 1376
core   0: 3 0x80006334 (0x560bb093) x 1 0x00000001
core   0: 0x80006338 (0x00561313) slli    t1, a2, 5
core   0: 3 0x80006338 (0x00561313) x 6 0x000048e0
core   0: 0x8000633c (0x351dbb37) lui     s6, 0x351db
core   0: 3 0x8000633c (0x351dbb37) x22 0x351db000
core   0: 0x80006340 (0x405d5db3) sra     s11, s10, t0
core   0: 3 0x80006340 (0x405d5db3) x27 0xff800005
core   0: 0x80006344 (0x00000013) nop
core   0: 3 0x80006344 (0x00000013)
core   0: 0x80006348 (0x01d40233) add     tp, s0, t4
core   0: 3 0x80006348 (0x01d40233) x 4 0x000125b3
core   0: 0x8000634c (0x003f9633) sll     a2, t6, gp
core   0: 3 0x8000634c (0x003f9633) x12 0x95ed64f7
core   0: 0x80006350 (0x013e27b3) slt     a5, t3, s3
core   0: 3 0x80006350 (0x013e27b3) x15 0x00000000
core   0: 0x80006354 (0x00558133) add     sp, a1, t0
core   0: 3 0x80006354 (0x00558133) x 2 0x80000509
core   0: 0x80006358 (0x01f6d213) srli    tp, a3, 31
core   0: 3 0x80006358 (0x01f6d213) x 4 0x00000000
core   0: 0x8000635c (0x405c5213) srai    tp, s8, 5
core   0: 3 0x8000635c (0x405c5213) x 4 0xfc00000e
core   0: 0x80006360 (0x00cd6fb3) or      t6, s10, a2
core   0: 3 0x80006360 (0x00cd6fb3) x31 0x95ed65ff
core   0: 0x80006364 (0xb9ff8693) addi    a3, t6, -1121
core   0: 3 0x80006364 (0xb9ff8693) x13 0x95ed619e
core   0: 0x80006368 (0xd9270613) addi    a2, a4, -622
core   0: 3 0x80006368 (0xd9270613) x12 0x7ffffd92
core   0: 0x8000636c (0x41538933) sub     s2, t2, s5
core   0: 3 0x8000636c (0x41538933) x18 0xffffffff
core   0: 0x80006370 (0x01f40ab3) add     s5, s0, t6
core   0: 3 0x80006370 (0x01f40ab3) x21 0x15ed6d4e
core   0: 0x80006374 (0x0e0aba17) auipc   s4, 0xe0ab
core   0: 3 0x80006374 (0x0e0aba17) x20 0x8e0b1374
core   0: 0x80006378 (0x00914f33) xor     t5, sp, s1
core   0: 3 0x80006378 (0x00914f33) x30 0x00000001
core   0: 0x8000637c (0x004cb1b3) sltu    gp, s9, tp
core   0: 3 0x8000637c (0x004cb1b3) x 3 0x00000001
core   0: 0x80006380 (0x0112bd13) sltiu   s10, t0, 17
core   0: 3 0x80006380 (0x0112bd13) x26 0x00000000
core   0: 0x80006384 (0x011e87b3) add     a5, t4, a7
core   0: 3 0x80006384 (0x011e87b3) x15 0x800121ca
core   0: 0x80006388 (0x01f6a4b3) slt     s1, a3, t6
core   0: 3 0x80006388 (0x01f6a4b3) x 9 0x00000001
core   0: 0x8000638c (0x40305613) srai    a2, zero, 3
core   0: 3 0x8000638c (0x40305613) x12 0x00000000
core   0: 0x80006390 (0x01b231b3) sltu    gp, tp, s11
core   0: 3 0x80006390 (0x01b231b3) x 3 0x00000001
core   0: 0x80006394 (0x4124d613) srai    a2, s1, 18
core   0: 3 0x80006394 (0x4124d613) x12 0x00000000
core   0: 0x80006398 (0x416e08b3) sub     a7, t3, s6
core   0: 3 0x80006398 (0x416e08b3) x17 0xcae26fac
core   0: 0x8000639c (0x008ce633) or      a2, s9, s0
core   0: 3 0x8000639c (0x008ce633) x12 0x80015fef
core   0: 0x800063a0 (0x00f816b3) sll     a3, a6, a5
core   0: 3 0x800063a0 (0x00f816b3) x13 0x00000000
core   0: 0x800063a4 (0x012b5b93) srli    s7, s6, 18
core   0: 3 0x800063a4 (0x012b5b93) x23 0x00000d47
core   0: 0x800063a8 (0xdc590293) addi    t0, s2, -571
core   0: 3 0x800063a8 (0xdc590293) x 5 0xfffffdc4
core   0: 0x800063ac (0x3bdd0093) addi    ra, s10, 957
core   0: 3 0x800063ac (0x3bdd0093) x 1 0x000003bd
core   0: 0x800063b0 (0x41ea0133) sub     sp, s4, t5
core   0: 3 0x800063b0 (0x41ea0133) x 2 0x8e0b1373
core   0: 0x800063b4 (0x4004df93) srai    t6, s1, 0
core   0: 3 0x800063b4 (0x4004df93) x31 0x00000001
core   0: 0x800063b8 (0x0890b013) sltiu   zero, ra, 137
core   0: 3 0x800063b8 (0x0890b013)
core   0: 0x800063bc (0x01768333) add     t1, a3, s7
core   0: 3 0x800063bc (0x01768333) x 6 0x00000d47
core   0: 0x800063c0 (0xbb687813) andi    a6, a6, -1098
core   0: 3 0x800063c0 (0xbb687813) x16 0x00000000
core   0: 0x800063c4 (0x014f5033) srl     zero, t5, s4
core   0: 3 0x800063c4 (0x014f5033)
core   0: 0x800063c8 (0x24dcc5b7) lui     a1, 0x24dcc
core   0: 3 0x800063c8 (0x24dcc5b7) x11 0x24dcc000
core   0: 0x800063cc (0x01b254b3) srl     s1, tp, s11
core   0: 3 0x800063cc (0x01b254b3) x 9 0x07e00000
core   0: 0x800063d0 (0x40a5d033) sra     zero, a1, a0
core   0: 3 0x800063d0 (0x40a5d033)
core   0: 0x800063d4 (0x9fc52893) slti    a7, a0, -1540
core   0: 3 0x800063d4 (0x9fc52893) x17 0x00000000
core   0: 0x800063d8 (0x00b453b3) srl     t2, s0, a1
core   0: 3 0x800063d8 (0x00b453b3) x 7 0x8000074f
core   0: 0x800063dc (0xa81f4193) xori    gp, t5, -1407
core   0: 3 0x800063dc (0xa81f4193) x 3 0xfffffa80
core   0: 0x800063e0 (0x00681b33) sll     s6, a6, t1
core   0: 3 0x800063e0 (0x00681b33) x22 0x00000000
core   0: 0x800063e4 (0x105d3393) sltiu   t2, s10, 261
core   0: 3 0x800063e4 (0x105d3393) x 7 0x00000001
core   0: 0x800063e8 (0x017a9193) slli    gp, s5, 23
core   0: 3 0x800063e8 (0x017a9193) x 3 0xa7000000
core   0: 0x800063ec (0x00f3db13) srli    s6, t2, 15
core   0: 3 0x800063ec (0x00f3db13) x22 0x00000000
core   0: 0x800063f0 (0x49b6e513) ori     a0, a3, 1179
core   0: 3 0x800063f0 (0x49b6e513) x10 0x0000049b
core   0: 0x800063f4 (0x00b59833) sll     a6, a1, a1
core   0: 3 0x800063f4 (0x00b59833) x16 0x24dcc000
core   0: 0x800063f8 (0x7d0c3a13) sltiu   s4, s8, 2000
core   0: 3 0x800063f8 (0x7d0c3a13) x20 0x00000000
core   0: 0x800063fc (0x417758b3) sra     a7, a4, s7
core   0: 3 0x800063fc (0x417758b3) x17 0xff000000
core   0: 0x80006400 (0x40865933) sra     s2, a2, s0
core   0: 3 0x80006400 (0x40865933) x18 0xffff0002
core   0: 0x80006404 (0x41a4d013) srai    zero, s1, 26
core   0: 3 0x80006404 (0x41a4d013)
core   0: 0x80006408 (0x41f95433) sra     s0, s2, t6
core   0: 3 0x80006408 (0x41f95433) x 8 0xffff8001
core   0: 0x8000640c (0x00932fb3) slt     t6, t1, s1
core   0: 3 0x8000640c (0x00932fb3) x31 0x00000001
core   0: 0x80006410 (0x96807f93) andi    t6, zero, -1688
core   0: 3 0x80006410 (0x96807f93) x31 0x00000000
core   0: 0x80006414 (0x381cc293) xori    t0, s9, 897
core   0: 3 0x80006414 (0x381cc293) x 5 0x80015f65
core   0: 0x80006418 (0x00805013) srli    zero, zero, 8
core   0: 3 0x80006418 (0x00805013)
core   0: 0x8000641c (0x417e0633) sub     a2, t3, s7
core   0: 3 0x8000641c (0x417e0633) x12 0x00001265
core   0: 0x80006420 (0x00cc45b3) xor     a1, s8, a2
core   0: 3 0x80006420 (0x00cc45b3) x11 0x800013a0
core   0: 0x80006424 (0x40cc00b3) sub     ra, s8, a2
core   0: 3 0x80006424 (0x40cc00b3) x 1 0x7fffef60
core   0: 0x80006428 (0x00116d33) or      s10, sp, ra
core   0: 3 0x80006428 (0x00116d33) x26 0xffffff73
core   0: 0x8000642c (0x00a25193) srli    gp, tp, 10
core   0: 3 0x8000642c (0x00a25193) x 3 0x003f0000
core   0: 0x80006430 (0x4032df93) srai    t6, t0, 3
core   0: 3 0x80006430 (0x4032df93) x31 0xf0002bec
core   0: 0x80006434 (0x40f8d013) srai    zero, a7, 15
core   0: 3 0x80006434 (0x40f8d013)
core   0: 0x80006438 (0x018934b3) sltu    s1, s2, s8
core   0: 3 0x80006438 (0x018934b3) x 9 0x00000000
core   0: 0x8000643c (0x01db38b3) sltu    a7, s6, t4
core   0: 3 0x8000643c (0x01db38b3) x17 0x00000001
core   0: 0x80006440 (0xb99ff593) andi    a1, t6, -1127
core   0: 3 0x80006440 (0xb99ff593) x11 0xf0002b88
core   0: 0x80006444 (0x01784333) xor     t1, a6, s7
core   0: 3 0x80006444 (0x01784333) x 6 0x24dccd47
core   0: 0x80006448 (0x41768233) sub     tp, a3, s7
core   0: 3 0x80006448 (0x41768233) x 4 0xfffff2b9
core   0: 0x8000644c (0x01e146b3) xor     a3, sp, t5
core   0: 3 0x8000644c (0x01e146b3) x13 0x8e0b1372
core   0: 0x80006450 (0x18ef9fb7) lui     t6, 0x18ef9
core   0: 3 0x80006450 (0x18ef9fb7) x31 0x18ef9000
core   0: 0x80006454 (0x0176c4b3) xor     s1, a3, s7
core   0: 3 0x80006454 (0x0176c4b3) x 9 0x8e0b1e35
core   0: 0x80006458 (0xf41fbf13) sltiu   t5, t6, -191
core   0: 3 0x80006458 (0xf41fbf13) x30 0x00000001
core   0: 0x8000645c (0x01ef11b3) sll     gp, t5, t5
core   0: 3 0x8000645c (0x01ef11b3) x 3 0x00000002
core   0: 0x80006460 (0xeb6ef513) andi    a0, t4, -330
core   0: 3 0x80006460 (0xeb6ef513) x10 0x80011e24
core   0: 0x80006464 (0x00dfde33) srl     t3, t6, a3
core   0: 3 0x80006464 (0x00dfde33) x28 0x0000063b
core   0: 0x80006468 (0x00000013) nop
core   0: 3 0x80006468 (0x00000013)
core   0: 0x8000646c (0x00f7a933) slt     s2, a5, a5
core   0: 3 0x8000646c (0x00f7a933) x18 0x00000000
core   0: 0x80006470 (0x05bf6913) ori     s2, t5, 91
core   0: 3 0x80006470 (0x05bf6913) x18 0x0000005b
core   0: 0x80006474 (0x22ed3193) sltiu   gp, s10, 558
core   0: 3 0x80006474 (0x22ed3193) x 3 0x00000000
core   0: 0x80006478 (0x01cf9433) sll     s0, t6, t3
core   0: 3 0x80006478 (0x01cf9433) x 8 0x00000000
core   0: 0x8000647c (0x9c24bf37) lui     t5, 0x9c24b
core   0: 3 0x8000647c (0x9c24bf37) x30 0x9c24b000
core   0: 0x80006480 (0x533873b7) lui     t2, 0x53387
core   0: 3 0x80006480 (0x533873b7) x 7 0x53387000
core   0: 0x80006484 (0x401c03b3) sub     t2, s8, ra
core   0: 3 0x80006484 (0x401c03b3) x 7 0x00001265
core   0: 0x80006488 (0x013fe1b3) or      gp, t6, s3
core   0: 3 0x80006488 (0x013fe1b3) x 3 0x18ef9001
core   0: 0x8000648c (0x40685513) srai    a0, a6, 6
core   0: 3 0x8000648c (0x40685513) x10 0x00937300
core   0: 0x80006490 (0x01b2f333) and     t1, t0, s11
core   0: 3 0x80006490 (0x01b2f333) x 6 0x80000005
core   0: 0x80006494 (0x006c2233) slt     tp, s8, t1
core   0: 3 0x80006494 (0x006c2233) x 4 0x00000000
core   0: 0x80006498 (0xb6d1b937) lui     s2, 0xb6d1b
core   0: 3 0x80006498 (0xb6d1b937) x18 0xb6d1b000
core   0: 0x8000649c (0x01409893) slli    a7, ra, 20
core   0: 3 0x8000649c (0x01409893) x17 0xf6000000
core   0: 0x800064a0 (0x75d58893) addi    a7, a1, 1885
core   0: 3 0x800064a0 (0x75d58893) x17 0xf00032e5
core   0: 0x800064a4 (0x655aed13) ori     s10, s5, 1621
core   0: 3 0x800064a4 (0x655aed13) x26 0x15ed6f5f
core   0: 0x800064a8 (0x0165a5b3) slt     a1, a1, s6
core   0: 3 0x800064a8 (0x0165a5b3) x11 0x00000001
core   0: 0x800064ac (0xd1ade093) ori     ra, s11, -742
core   0: 3 0x800064ac (0xd1ade093) x 1 0xfffffd1f
core   0: 0x800064b0 (0x000b48b3) xor     a7, s6, zero
core   0: 3 0x800064b0 (0x000b48b3) x17 0x00000000
core   0: 0x800064b4 (0xc99b7313) andi    t1, s6, -871
core   0: 3 0x800064b4 (0xc99b7313) x 6 0x00000000
core   0: 0x800064b8 (0x00000013) nop
core   0: 3 0x800064b8 (0x00000013)
core   0: 0x800064bc (0x00000013) nop
core   0: 3 0x800064bc (0x00000013)
core   0: 0x800064c0 (0x013e3133) sltu    sp, t3, s3
core   0: 3 0x800064c0 (0x013e3133) x 2 0x00000000
core   0: 0x800064c4 (0x72abfd13) andi    s10, s7, 1834
core   0: 3 0x800064c4 (0x72abfd13) x26 0x00000502
core   0: 0x800064c8 (0x0198ad33) slt     s10, a7, s9
core   0: 3 0x800064c8 (0x0198ad33) x26 0x00000000
core   0: 0x800064cc (0x01ba51b3) srl     gp, s4, s11
core   0: 3 0x800064cc (0x01ba51b3) x 3 0x00000000
core   0: 0x800064d0 (0x00751513) slli    a0, a0, 7
core   0: 3 0x800064d0 (0x00751513) x10 0x49b98000
core   0: 0x800064d4 (0x003e5533) srl     a0, t3, gp
core   0: 3 0x800064d4 (0x003e5533) x10 0x0000063b
core   0: 0x800064d8 (0x01421913) slli    s2, tp, 20
core   0: 3 0x800064d8 (0x01421913) x18 0x00000000
core   0: 0x800064dc (0x5915a693) slti    a3, a1, 1425
core   0: 3 0x800064dc (0x5915a693) x13 0x00000001
core   0: 0x800064e0 (0x407ad013) srai    zero, s5, 7
core   0: 3 0x800064e0 (0x407ad013)
core   0: 0x800064e4 (0x6641f613) andi    a2, gp, 1636
core   0: 3 0x800064e4 (0x6641f613) x12 0x00000000
core   0: 0x800064e8 (0x011715b3) sll     a1, a4, a7
core   0: 3 0x800064e8 (0x011715b3) x11 0x80000000
core   0: 0x800064ec (0xdec57693) andi    a3, a0, -532
core   0: 3 0x800064ec (0xdec57693) x13 0x00000428
core   0: 0x800064f0 (0x01d70f33) add     t5, a4, t4
core   0: 3 0x800064f0 (0x01d70f33) x30 0x00011e64
core   0: 0x800064f4 (0x000de833) or      a6, s11, zero
core   0: 3 0x800064f4 (0x000de833) x16 0xff800005
core   0: 0x800064f8 (0x4081d913) srai    s2, gp, 8
core   0: 3 0x800064f8 (0x4081d913) x18 0x00000000
core   0: 0x800064fc (0x1c9dba13) sltiu   s4, s11, 457
core   0: 3 0x800064fc (0x1c9dba13) x20 0x00000000
core   0: 0x80006500 (0x4195dd93) srai    s11, a1, 25
core   0: 3 0x80006500 (0x4195dd93) x27 0xffffffc0
core   0: 0x80006504 (0x416458b3) sra     a7, s0, s6
core   0: 3 0x80006504 (0x416458b3) x17 0x00000000
core   0: 0x80006508 (0x01001013) slli    zero, zero, 16
core   0: 3 0x80006508 (0x01001013)
core   0: 0x8000650c (0x8636bb13) sltiu   s6, a3, -1949
core   0: 3 0x8000650c (0x8636bb13) x22 0x00000001
core   0: 0x80006510 (0xb65d7313) andi    t1, s10, -1179
core   0: 3 0x80006510 (0xb65d7313) x 6 0x00000000
core   0: 0x80006514 (0xe4045c37) lui     s8, 0xe4045
core   0: 3 0x80006514 (0xe4045c37) x24 0xe4045000
core   0: 0x80006518 (0x01d96a33) or      s4, s2, t4
core   0: 3 0x80006518 (0x01d96a33) x20 0x80011e64
core   0: 0x8000651c (0x00a3fa33) and     s4, t2, a0
core   0: 3 0x8000651c (0x00a3fa33) x20 0x00000221
core   0: 0x80006520 (0x02be6113) ori     sp, t3, 43
core   0: 3 0x80006520 (0x02be6113) x 2 0x0000063b
core   0: 0x80006524 (0xf67b3337) lui     t1, 0xf67b3
core   0: 3 0x80006524 (0xf67b3337) x 6 0xf67b3000
core   0: 0x80006528 (0x0099d793) srli    a5, s3, 9
core   0: 3 0x80006528 (0x0099d793) x15 0x00000000
core   0: 0x8000652c (0x87617913) andi    s2, sp, -1930
core   0: 3 0x8000652c (0x87617913) x18 0x00000032
core   0: 0x80006530 (0x008fad33) slt     s10, t6, s0
core   0: 3 0x80006530 (0x008fad33) x26 0x00000000
core   0: 0x80006534 (0x008ad433) srl     s0, s5, s0
core   0: 3 0x80006534 (0x008ad433) x 8 0x15ed6d4e
core   0: 0x80006538 (0x0138d913) srli    s2, a7, 19
core   0: 3 0x80006538 (0x0138d913) x18 0x00000000
core   0: 0x8000653c (0x90e27613) andi    a2, tp, -1778
core   0: 3 0x8000653c (0x90e27613) x12 0x00000000
core   0: 0x80006540 (0x416988b3) sub     a7, s3, s6
core   0: 3 0x80006540 (0x416988b3) x17 0x00000000
core   0: 0x80006544 (0x00000013) nop
core   0: 3 0x80006544 (0x00000013)
core   0: 0x80006548 (0x4aa4ff97) auipc   t6, 0x4aa4f
core   0: 3 0x80006548 (0x4aa4ff97) x31 0xcaa55548
core   0: 0x8000654c (0x41a85a33) sra     s4, a6, s10
core   0: 3 0x8000654c (0x41a85a33) x20 0xff800005
core   0: 0x80006550 (0xd8206513) ori     a0, zero, -638
core   0: 3 0x80006550 (0xd8206513) x10 0xfffffd82
core   0: 0x80006554 (0xd2efa893) slti    a7, t6, -722
core   0: 3 0x80006554 (0xd2efa893) x17 0x00000001
core   0: 0x80006558 (0x94ac0f13) addi    t5, s8, -1718
core   0: 3 0x80006558 (0x94ac0f13) x30 0xe404494a
core   0: 0x8000655c (0x015a2933) slt     s2, s4, s5
core   0: 3 0x8000655c (0x015a2933) x18 0x00000001
core   0: 0x80006560 (0x6f8dab93) slti    s7, s11, 1784
core   0: 3 0x80006560 (0x6f8dab93) x23 0x00000001
core   0: 0x80006564 (0x01ac9233) sll     tp, s9, s10
core   0: 3 0x80006564 (0x01ac9233) x 4 0x80015ce4
core   0: 0x80006568 (0xa99a04b7) lui     s1, 0xa99a0
core   0: 3 0x80006568 (0xa99a04b7) x 9 0xa99a0000
core   0: 0x8000656c (0x4bea8613) addi    a2, s5, 1214
core   0: 3 0x8000656c (0x4bea8613) x12 0x15ed720c
core   0: 0x80006570 (0x0062a933) slt     s2, t0, t1
core   0: 3 0x80006570 (0x0062a933) x18 0x00000001
core   0: 0x80006574 (0x20a63b93) sltiu   s7, a2, 522
core   0: 3 0x80006574 (0x20a63b93) x23 0x00000000
core   0: 0x80006578 (0x005f7fb3) and     t6, t5, t0
core   0: 3 0x80006578 (0x005f7fb3) x31 0x80004940
core   0: 0x8000657c (0x0022e6b3) or      a3, t0, sp
core   0: 3 0x8000657c (0x0022e6b3) x13 0x80015f7f
core   0: 0x80006580 (0x01044b33) xor     s6, s0, a6
core   0: 3 0x80006580 (0x01044b33) x22 0xea6d6d4b
core   0: 0x80006584 (0x00ba94b3) sll     s1, s5, a1
core   0: 3 0x80006584 (0x00ba94b3) x 9 0x15ed6d4e
core   0: 0x80006588 (0xca530593) addi    a1, t1, -859
core   0: 3 0x80006588 (0xca530593) x11 0xf67b2ca5
core   0: 0x8000658c (0x008161b3) or      gp, sp, s0
core   0: 3 0x8000658c (0x008161b3) x 3 0x15ed6f7f
core   0: 0x80006590 (0x0149f4b3) and     s1, s3, s4
core   0: 3 0x80006590 (0x0149f4b3) x 9 0x00000001
core   0: 0x80006594 (0x00491a13) slli    s4, s2, 4
core   0: 3 0x80006594 (0x00491a13) x20 0x00000010
core   0: 0x80006598 (0x00e822b3) slt     t0, a6, a4
core   0: 3 0x80006598 (0x00e822b3) x 5 0x00000000
core   0: 0x8000659c (0x40838f33) sub     t5, t2, s0
core   0: 3 0x8000659c (0x40838f33) x30 0xea12a517
core   0: 0x800065a0 (0xa7489f37) lui     t5, 0xa7489
core   0: 3 0x800065a0 (0xa7489f37) x30 0xa7489000
core   0: 0x800065a4 (0x00057433) and     s0, a0, zero
core   0: 3 0x800065a4 (0x00057433) x 8 0x00000000
core   0: 0x800065a8 (0xd08a7597) auipc   a1, 0xd08a7
core   0: 3 0x800065a8 (0xd08a7597) x11 0x508ad5a8
core   0: 0x800065ac (0x74860913) addi    s2, a2, 1864
core   0: 3 0x800065ac (0x74860913) x18 0x15ed7954
core   0: 0x800065b0 (0xd88604b7) lui     s1, 0xd8860
core   0: 3 0x800065b0 (0xd88604b7) x 9 0xd8860000
core   0: 0x800065b4 (0x00341293) slli    t0, s0, 3
core   0: 3 0x800065b4 (0x00341293) x 5 0x00000000
core   0: 0x800065b8 (0x00cde8b3) or      a7, s11, a2
core   0: 3 0x800065b8 (0x00cde8b3) x17 0xffffffcc
core   0: 0x800065bc (0x01bf7c33) and     s8, t5, s11
core   0: 3 0x800065bc (0x01bf7c33) x24 0xa7489000
core   0: 0x800065c0 (0x845db513) sltiu   a0, s11, -1979
core   0: 3 0x800065c0 (0x845db513) x10 0x00000000
core   0: 0x800065c4 (0x2d952793) slti    a5, a0, 729
core   0: 3 0x800065c4 (0x2d952793) x15 0x00000001
core   0: 0x800065c8 (0x41bb5e13) srai    t3, s6, 27
core   0: 3 0x800065c8 (0x41bb5e13) x28 0xfffffffd
core   0: 0x800065cc (0x6c21c893) xori    a7, gp, 1730
core   0: 3 0x800065cc (0x6c21c893) x17 0x15ed69bd
core   0: 0x800065d0 (0x00000013) nop
core   0: 3 0x800065d0 (0x00000013)
core   0: 0x800065d4 (0xed7f0e13) addi    t3, t5, -297
core   0: 3 0x800065d4 (0xed7f0e13) x28 0xa7488ed7
core   0: 0x800065d8 (0x8b7d7a93) andi    s5, s10, -1865
core   0: 3 0x800065d8 (0x8b7d7a93) x21 0x00000000
core   0: 0x800065dc (0x4103d513) srai    a0, t2, 16
core   0: 3 0x800065dc (0x4103d513) x10 0x00000000
core   0: 0x800065e0 (0x00fbf7b3) and     a5, s7, a5
core   0: 3 0x800065e0 (0x00fbf7b3) x15 0x00000000
core   0: 0x800065e4 (0x00531413) slli    s0, t1, 5
core   0: 3 0x800065e4 (0x00531413) x 8 0xcf660000
core   0: 0x800065e8 (0x00000013) nop
core   0: 3 0x800065e8 (0x00000013)
core   0: 0x800065ec (0x005fbfb3) sltu    t6, t6, t0
core   0: 3 0x800065ec (0x005fbfb3) x31 0x00000000
core   0: 0x800065f0 (0x22e07093) andi    ra, zero, 558
core   0: 3 0x800065f0 (0x22e07093) x 1 0x00000000
core   0: 0x800065f4 (0x01ee92b3) sll     t0, t4, t5
core   0: 3 0x800065f4 (0x01ee92b3) x 5 0x80011e64
core   0: 0x800065f8 (0x01a2eab3) or      s5, t0, s10
core   0: 3 0x800065f8 (0x01a2eab3) x21 0x80011e64
core   0: 0x800065fc (0x55e5c993) xori    s3, a1, 1374
core   0: 3 0x800065fc (0x55e5c993) x19 0x508ad0f6
core   0: 0x80006600 (0x013857b3) srl     a5, a6, s3
core   0: 3 0x80006600 (0x013857b3) x15 0x000003fe
core   0: 0x80006604 (0x01e71b13) slli    s6, a4, 30
core   0: 3 0x80006604 (0x01e71b13) x22 0x00000000
core   0: 0x80006608 (0x00db65b3) or      a1, s6, a3
core   0: 3 0x80006608 (0x00db65b3) x11 0x80015f7f
core   0: 0x8000660c (0x408ad613) srai    a2, s5, 8
core   0: 3 0x8000660c (0x408ad613) x12 0xff80011e
core   0: 0x80006610 (0x01249633) sll     a2, s1, s2
core   0: 3 0x80006610 (0x01249633) x12 0x00000000
core   0: 0x80006614 (0xabf57413) andi    s0, a0, -1345
core   0: 3 0x80006614 (0xabf57413) x 8 0x00000000
core   0: 0x80006618 (0x013f91b3) sll     gp, t6, s3
core   0: 3 0x80006618 (0x013f91b3) x 3 0x00000000
core   0: 0x8000661c (0x40efd4b3) sra     s1, t6, a4
core   0: 3 0x8000661c (0x40efd4b3) x 9 0x00000000
core   0: 0x80006620 (0xe007a113) slti    sp, a5, -512
core   0: 3 0x80006620 (0xe007a113) x 2 0x00000000
core   0: 0x80006624 (0x01a03233) snez    tp, s10
core   0: 3 0x80006624 (0x01a03233) x 4 0x00000000
core   0: 0x80006628 (0x007b1833) sll     a6, s6, t2
core   0: 3 0x80006628 (0x007b1833) x16 0x00000000
core   0: 0x8000662c (0x00366133) or      sp, a2, gp
core   0: 3 0x8000662c (0x00366133) x 2 0x00000000
core   0: 0x80006630 (0x00719b13) slli    s6, gp, 7
core   0: 3 0x80006630 (0x00719b13) x22 0x00000000
core   0: 0x80006634 (0x01701113) slli    sp, zero, 23
core   0: 3 0x80006634 (0x01701113) x 2 0x00000000
core   0: 0x80006638 (0x01afa2b3) slt     t0, t6, s10
core   0: 3 0x80006638 (0x01afa2b3) x 5 0x00000000
core   0: 0x8000663c (0x01c1dfb3) srl     t6, gp, t3
core   0: 3 0x8000663c (0x01c1dfb3) x31 0x00000000
core   0: 0x80006640 (0x003959b3) srl     s3, s2, gp
core   0: 3 0x80006640 (0x003959b3) x19 0x15ed7954
core   0: 0x80006644 (0x00449993) slli    s3, s1, 4
core   0: 3 0x80006644 (0x00449993) x19 0x00000000
core   0: 0x80006648 (0x017919b3) sll     s3, s2, s7
core   0: 3 0x80006648 (0x017919b3) x19 0x15ed7954
core   0: 0x8000664c (0x013d9793) slli    a5, s11, 19
core   0: 3 0x8000664c (0x013d9793) x15 0xfe000000
core   0: 0x80006650 (0xd9d74493) xori    s1, a4, -611
core   0: 3 0x80006650 (0xd9d74493) x 9 0x7ffffd9d
core   0: 0x80006654 (0x24a67813) andi    a6, a2, 586
core   0: 3 0x80006654 (0x24a67813) x16 0x00000000
core   0: 0x80006658 (0x01820c33) add     s8, tp, s8
core   0: 3 0x80006658 (0x01820c33) x24 0xa7489000
core   0: 0x8000665c (0x016c0e33) add     t3, s8, s6
core   0: 3 0x8000665c (0x016c0e33) x28 0xa7489000
core   0: 0x80006660 (0xc34b8f13) addi    t5, s7, -972
core   0: 3 0x80006660 (0xc34b8f13) x30 0xfffffc34
core   0: 0x80006664 (0x017d2933) slt     s2, s10, s7
core   0: 3 0x80006664 (0x017d2933) x18 0x00000000
core   0: 0x80006668 (0xe0c44813) xori    a6, s0, -500
core   0: 3 0x80006668 (0xe0c44813) x16 0xfffffe0c
core   0: 0x8000666c (0x00ce7c33) and     s8, t3, a2
core   0: 3 0x8000666c (0x00ce7c33) x24 0x00000000
core   0: 0x80006670 (0x4065d413) srai    s0, a1, 6
core   0: 3 0x80006670 (0x4065d413) x 8 0xfe00057d
core   0: 0x80006674 (0x40255593) srai    a1, a0, 2
core   0: 3 0x80006674 (0x40255593) x11 0x00000000
core   0: 0x80006678 (0x86e4ab13) slti    s6, s1, -1938
core   0: 3 0x80006678 (0x86e4ab13) x22 0x00000000
core   0: 0x8000667c (0x006a4033) xor     zero, s4, t1
core   0: 3 0x8000667c (0x006a4033)
core   0: 0x80006680 (0x0158ea33) or      s4, a7, s5
core   0: 3 0x80006680 (0x0158ea33) x20 0x95ed7ffd
core   0: 0x80006684 (0xb5d0cc13) xori    s8, ra, -1187
core   0: 3 0x80006684 (0xb5d0cc13) x24 0xfffffb5d
core   0: 0x80006688 (0x01884ab3) xor     s5, a6, s8
core   0: 3 0x80006688 (0x01884ab3) x21 0x00000551
core   0: 0x8000668c (0x79f77293) andi    t0, a4, 1951
core   0: 3 0x8000668c (0x79f77293) x 5 0x00000000
core   0: 0x80006690 (0x3f823c13) sltiu   s8, tp, 1016
core   0: 3 0x80006690 (0x3f823c13) x24 0x00000001
core   0: 0x80006694 (0x00aa9a93) slli    s5, s5, 10
core   0: 3 0x80006694 (0x00aa9a93) x21 0x00154400
core   0: 0x80006698 (0xa1a3bb13) sltiu   s6, t2, -1510
core   0: 3 0x80006698 (0xa1a3bb13) x22 0x00000001
core   0: 0x8000669c (0x00000013) nop
core   0: 3 0x8000669c (0x00000013)
core   0: 0x800066a0 (0x4097d933) sra     s2, a5, s1
core   0: 3 0x800066a0 (0x4097d933) x18 0xffffffff
core   0: 0x800066a4 (0x41cf5513) srai    a0, t5, 28
core   0: 3 0x800066a4 (0x41cf5513) x10 0xffffffff
core   0: 0x800066a8 (0x41ba5513) srai    a0, s4, 27
core   0: 3 0x800066a8 (0x41ba5513) x10 0xfffffff2
core   0: 0x800066ac (0x40c2db93) srai    s7, t0, 12
core   0: 3 0x800066ac (0x40c2db93) x23 0x00000000
core   0: 0x800066b0 (0x00715533) srl     a0, sp, t2
core   0: 3 0x800066b0 (0x00715533) x10 0x00000000
core   0: 0x800066b4 (0x712ba693) slti    a3, s7, 1810
core   0: 3 0x800066b4 (0x712ba693) x13 0x00000001
core   0: 0x800066b8 (0x41838c33) sub     s8, t2, s8
core   0: 3 0x800066b8 (0x41838c33) x24 0x00001264
core   0: 0x800066bc (0x001e3533) sltu    a0, t3, ra
core   0: 3 0x800066bc (0x001e3533) x10 0x00000000
core   0: 0x800066c0 (0xe462e997) auipc   s3, 0xe462e
core   0: 3 0x800066c0 (0xe462e997) x19 0x646346c0
core   0: 0x800066c4 (0xcc5cf393) andi    t2, s9, -827
core   0: 3 0x800066c4 (0xcc5cf393) x 7 0x80015cc4
core   0: 0x800066c8 (0xdf7b8a37) lui     s4, 0xdf7b8
core   0: 3 0x800066c8 (0xdf7b8a37) x20 0xdf7b8000
core   0: 0x800066cc (0x40428c33) sub     s8, t0, tp
core   0: 3 0x800066cc (0x40428c33) x24 0x00000000
core   0: 0x800066d0 (0x78912193) slti    gp, sp, 1929
core   0: 3 0x800066d0 (0x78912193) x 3 0x00000001
core   0: 0x800066d4 (0x01e52833) slt     a6, a0, t5
core   0: 3 0x800066d4 (0x01e52833) x16 0x00000000
core   0: 0x800066d8 (0xa88212b7) lui     t0, 0xa8821
core   0: 3 0x800066d8 (0xa88212b7) x 5 0xa8821000
core   0: 0x800066dc (0x4042d133) sra     sp, t0, tp
core   0: 3 0x800066dc (0x4042d133) x 2 0xa8821000
core   0: 0x800066e0 (0x00fc49b3) xor     s3, s8, a5
core   0: 3 0x800066e0 (0x00fc49b3) x19 0xfe000000
core   0: 0x800066e4 (0x2377ffb7) lui     t6, 0x2377f
core   0: 3 0x800066e4 (0x2377ffb7) x31 0x2377f000
core   0: 0x800066e8 (0x950f8213) addi    tp, t6, -1712
core   0: 3 0x800066e8 (0x950f8213) x 4 0x2377e950
core   0: 0x800066ec (0xa82eb793) sltiu   a5, t4, -1406
core   0: 3 0x800066ec (0xa82eb793) x15 0x00000001
core   0: 0x800066f0 (0x404f0a33) sub     s4, t5, tp
core   0: 3 0x800066f0 (0x404f0a33) x20 0xdc8812e4
core   0: 0x800066f4 (0x00601d93) slli    s11, zero, 6
core   0: 3 0x800066f4 (0x00601d93) x27 0x00000000
core   0: 0x800066f8 (0x00420fb3) add     t6, tp, tp
core   0: 3 0x800066f8 (0x00420fb3) x31 0x46efd2a0
core   0: 0x800066fc (0x01f883b3) add     t2, a7, t6
core   0: 3 0x800066fc (0x01f883b3) x 7 0x5cdd3c5d
core   0: 0x80006700 (0x2948e893) ori     a7, a7, 660
core   0: 3 0x80006700 (0x2948e893) x17 0x15ed6bbd
core   0: 0x80006704 (0x41660db3) sub     s11, a2, s6
core   0: 3 0x80006704 (0x41660db3) x27 0xffffffff
core   0: 0x80006708 (0x00000013) nop
core   0: 3 0x80006708 (0x00000013)
core   0: 0x8000670c (0x00e61233) sll     tp, a2, a4
core   0: 3 0x8000670c (0x00e61233) x 4 0x00000000
core   0: 0x80006710 (0x40030333) sub     t1, t1, zero
core   0: 3 0x80006710 (0x40030333) x 6 0xf67b3000
core   0: 0x80006714 (0x01311233) sll     tp, sp, s3
core   0: 3 0x80006714 (0x01311233) x 4 0xa8821000
core   0: 0x80006718 (0x41cb5633) sra     a2, s6, t3
core   0: 3 0x80006718 (0x41cb5633) x12 0x00000001
core   0: 0x8000671c (0x00149933) sll     s2, s1, ra
core   0: 3 0x8000671c (0x00149933) x18 0x7ffffd9d
core   0: 0x80006720 (0x00561f13) slli    t5, a2, 5
core   0: 3 0x80006720 (0x00561f13) x30 0x00000020
core   0: 0x80006724 (0x80000ab7) lui     s5, 0x80000
core   0: 3 0x80006724 (0x80000ab7) x21 0x80000000
core   0: 0x80006728 (0x80000b37) lui     s6, 0x80000
core   0: 3 0x80006728 (0x80000b37) x22 0x80000000
core   0: 0x8000672c (0x80000d37) lui     s10, 0x80000
core   0: 3 0x8000672c (0x80000d37) x26 0x80000000
core   0: 0x80006730 (0x84990337) lui     t1, 0x84990
core   0: 3 0x80006730 (0x84990337) x 6 0x84990000
core   0: 0x80006734 (0x53430313) addi    t1, t1, 1332
core   0: 3 0x80006734 (0x53430313) x 6 0x84990534
core   0: 0x80006738 (0x800008b7) lui     a7, 0x80000
core   0: 3 0x80006738 (0x800008b7) x17 0x80000000
core   0: 0x8000673c (0x0b9045b7) lui     a1, 0xb904
core   0: 3 0x8000673c (0x0b9045b7) x11 0x0b904000
core   0: 0x80006740 (0xaeb58593) addi    a1, a1, -1301
core   0: 3 0x80006740 (0xaeb58593) x11 0x0b903aeb
core   0: 0x80006744 (0x80000537) lui     a0, 0x80000
core   0: 3 0x80006744 (0x80000537) x10 0x80000000
core   0: 0x80006748 (0x845f0237) lui     tp, 0x845f0
core   0: 3 0x80006748 (0x845f0237) x 4 0x845f0000
core   0: 0x8000674c (0xc7820213) addi    tp, tp, -904
core   0: 3 0x8000674c (0xc7820213) x 4 0x845efc78
core   0: 0x80006750 (0xfff00793) li      a5, -1
core   0: 3 0x80006750 (0xfff00793) x15 0xffffffff
core   0: 0x80006754 (0x80000e37) lui     t3, 0x80000
core   0: 3 0x80006754 (0x80000e37) x28 0x80000000
core   0: 0x80006758 (0x8145ab37) lui     s6, 0x8145a
core   0: 3 0x80006758 (0x8145ab37) x22 0x8145a000
core   0: 0x8000675c (0x004207b3) add     a5, tp, tp
core   0: 3 0x8000675c (0x004207b3) x15 0x08bdf8f0
core   0: 0x80006760 (0x41620ab3) sub     s5, tp, s6
core   0: 3 0x80006760 (0x41620ab3) x21 0x03195c78
core   0: 0x80006764 (0x79159597) auipc   a1, 0x79159
core   0: 3 0x80006764 (0x79159597) x11 0xf915f764
core   0: 0x80006768 (0x2e7e3217) auipc   tp, 0x2e7e3
core   0: 3 0x80006768 (0x2e7e3217) x 4 0xae7e9768
core   0: 0x8000676c (0x004585b3) add     a1, a1, tp
core   0: 3 0x8000676c (0x004585b3) x11 0xa7948ecc
core   0: 0x80006770 (0x2e2ed517) auipc   a0, 0x2e2ed
core   0: 3 0x80006770 (0x2e2ed517) x10 0xae2f3770
core   0: 0x80006774 (0x015788b3) add     a7, a5, s5
core   0: 3 0x80006774 (0x015788b3) x17 0x0bd75568
core   0: 0x80006778 (0xf49d0a93) addi    s5, s10, -183
core   0: 3 0x80006778 (0xf49d0a93) x21 0x7fffff49
core   0: 0x8000677c (0x01c787b3) add     a5, a5, t3
core   0: 3 0x8000677c (0x01c787b3) x15 0x88bdf8f0
core   0: 0x80006780 (0x00f20233) add     tp, tp, a5
core   0: 3 0x80006780 (0x00f20233) x 4 0x373c9058
core   0: 0x80006784 (0x0ff8be37) lui     t3, 0xff8b
core   0: 3 0x80006784 (0x0ff8be37) x28 0x0ff8b000
core   0: 0x80006788 (0x0ad30793) addi    a5, t1, 173
core   0: 3 0x80006788 (0x0ad30793) x15 0x849905e1
core   0: 0x8000678c (0x00678e33) add     t3, a5, t1
core   0: 3 0x8000678c (0x00678e33) x28 0x09320b15
core   0: 0x80006790 (0x01520e33) add     t3, tp, s5
core   0: 3 0x80006790 (0x01520e33) x28 0xb73c8fa1
core   0: 0x80006794 (0xc8088e13) addi    t3, a7, -896
core   0: 3 0x80006794 (0xc8088e13) x28 0x0bd751e8
core   0: 0x80006798 (0x41ad0533) sub     a0, s10, s10
core   0: 3 0x80006798 (0x41ad0533) x10 0x00000000
core   0: 0x8000679c (0x00ba8333) add     t1, s5, a1
core   0: 3 0x8000679c (0x00ba8333) x 6 0x27948e15
core   0: 0x800067a0 (0x527e7537) lui     a0, 0x527e7
core   0: 3 0x800067a0 (0x527e7537) x10 0x527e7000
core   0: 0x800067a4 (0xcc612897) auipc   a7, 0xcc612
core   0: 3 0x800067a4 (0xcc612897) x17 0x4c6187a4
core   0: 0x800067a8 (0x01cb0b33) add     s6, s6, t3
core   0: 3 0x800067a8 (0x01cb0b33) x22 0x8d1cf1e8
core   0: 0x800067ac (0x40f587b3) sub     a5, a1, a5
core   0: 3 0x800067ac (0x40f587b3) x15 0x22fb88eb
core   0: 0x800067b0 (0x00f50233) add     tp, a0, a5
core   0: 3 0x800067b0 (0x00f50233) x 4 0x7579f8eb
core   0: 0x800067b4 (0x00e63333) sltu    t1, a2, a4
core   0: 3 0x800067b4 (0x00e63333) x 6 0x00000001
core   0: 0x800067b8 (0x01d59c13) slli    s8, a1, 29
core   0: 3 0x800067b8 (0x01d59c13) x24 0x80000000
core   0: 0x800067bc (0x9e3ffd13) andi    s10, t6, -1565
core   0: 3 0x800067bc (0x9e3ffd13) x26 0x46efd0a0
core   0: 0x800067c0 (0xe5a0fc13) andi    s8, ra, -422
core   0: 3 0x800067c0 (0xe5a0fc13) x24 0x00000000
core   0: 0x800067c4 (0x00432433) slt     s0, t1, tp
core   0: 3 0x800067c4 (0x00432433) x 8 0x00000001
core   0: 0x800067c8 (0x00b56833) or      a6, a0, a1
core   0: 3 0x800067c8 (0x00b56833) x16 0xf7fefecc
core   0: 0x800067cc (0x40acdd93) srai    s11, s9, 10
core   0: 3 0x800067cc (0x40acdd93) x27 0xffe00057
core   0: 0x800067d0 (0x004cd633) srl     a2, s9, tp
core   0: 3 0x800067d0 (0x004cd633) x12 0x0010002b
core   0: 0x800067d4 (0x00c592b3) sll     t0, a1, a2
core   0: 3 0x800067d4 (0x00c592b3) x 5 0xa4766000
core   0: 0x800067d8 (0x0024f833) and     a6, s1, sp
core   0: 3 0x800067d8 (0x0024f833) x16 0x28821000
core   0: 0x800067dc (0x00fb9013) slli    zero, s7, 15
core   0: 3 0x800067dc (0x00fb9013)
core   0: 0x800067e0 (0x696a7013) andi    zero, s4, 1686
core   0: 3 0x800067e0 (0x696a7013)
core   0: 0x800067e4 (0xc4efee13) ori     t3, t6, -946
core   0: 3 0x800067e4 (0xc4efee13) x28 0xfffffeee
core   0: 0x800067e8 (0x019b40b3) xor     ra, s6, s9
core   0: 3 0x800067e8 (0x019b40b3) x 1 0x0d1dad0c
core   0: 0x800067ec (0x0df81017) auipc   zero, 0xdf81
core   0: 3 0x800067ec (0x0df81017)
core   0: 0x800067f0 (0x0048db33) srl     s6, a7, tp
core   0: 3 0x800067f0 (0x0048db33) x22 0x00098c30
core   0: 0x800067f4 (0x51dcaf93) slti    t6, s9, 1309
core   0: 3 0x800067f4 (0x51dcaf93) x31 0x00000001
core   0: 0x800067f8 (0x015c1093) slli    ra, s8, 21
core   0: 3 0x800067f8 (0x015c1093) x 1 0x00000000
core   0: 0x800067fc (0x6ab0b213) sltiu   tp, ra, 1707
core   0: 3 0x800067fc (0x6ab0b213) x 4 0x00000001
core   0: 0x80006800 (0x003343b3) xor     t2, t1, gp
core   0: 3 0x80006800 (0x003343b3) x 7 0x00000000
core   0: 0x80006804 (0x013137b3) sltu    a5, sp, s3
core   0: 3 0x80006804 (0x013137b3) x15 0x00000001
core   0: 0x80006808 (0x418dd0b3) sra     ra, s11, s8
core   0: 3 0x80006808 (0x418dd0b3) x 1 0xffe00057
core   0: 0x8000680c (0x0137b7b3) sltu    a5, a5, s3
core   0: 3 0x8000680c (0x0137b7b3) x15 0x00000001
core   0: 0x80006810 (0x015c9a13) slli    s4, s9, 21
core   0: 3 0x80006810 (0x015c9a13) x20 0x9c800000
core   0: 0x80006814 (0x408e0533) sub     a0, t3, s0
core   0: 3 0x80006814 (0x408e0533) x10 0xfffffeed
core   0: 0x80006818 (0x00ef96b3) sll     a3, t6, a4
core   0: 3 0x80006818 (0x00ef96b3) x13 0x00000001
core   0: 0x8000681c (0x44758393) addi    t2, a1, 1095
core   0: 3 0x8000681c (0x44758393) x 7 0xa7949313
core   0: 0x80006820 (0xaca7f193) andi    gp, a5, -1334
core   0: 3 0x80006820 (0xaca7f193) x 3 0x00000000
core   0: 0x80006824 (0xd1e84597) auipc   a1, 0xd1e84
core   0: 3 0x80006824 (0xd1e84597) x11 0x51e8a824
core   0: 0x80006828 (0x40398c33) sub     s8, s3, gp
core   0: 3 0x80006828 (0x40398c33) x24 0xfe000000
core   0: 0x8000682c (0x890a0a93) addi    s5, s4, -1904
core   0: 3 0x8000682c (0x890a0a93) x21 0x9c7ff890
core   0: 0x80006830 (0x14d56837) lui     a6, 0x14d56
core   0: 3 0x80006830 (0x14d56837) x16 0x14d56000
core   0: 0x80006834 (0x01147433) and     s0, s0, a7
core   0: 3 0x80006834 (0x01147433) x 8 0x00000000
core   0: 0x80006838 (0x013fe8b3) or      a7, t6, s3
core   0: 3 0x80006838 (0x013fe8b3) x17 0xfe000001
core   0: 0x8000683c (0x01e39813) slli    a6, t2, 30
core   0: 3 0x8000683c (0x01e39813) x16 0xc0000000
core   0: 0x80006840 (0x01d21ab3) sll     s5, tp, t4
core   0: 3 0x80006840 (0x01d21ab3) x21 0x00000010
core   0: 0x80006844 (0x408e81b3) sub     gp, t4, s0
core   0: 3 0x80006844 (0x408e81b3) x 3 0x80011e64
core   0: 0x80006848 (0x00f58333) add     t1, a1, a5
core   0: 3 0x80006848 (0x00f58333) x 6 0x51e8a825
core   0: 0x8000684c (0x01e106b3) add     a3, sp, t5
core   0: 3 0x8000684c (0x01e106b3) x13 0xa8821020
core   0: 0x80006850 (0x1c70b793) sltiu   a5, ra, 455
core   0: 3 0x80006850 (0x1c70b793) x15 0x00000000
core   0: 0x80006854 (0x007620b3) slt     ra, a2, t2
core   0: 3 0x80006854 (0x007620b3) x 1 0x00000000
core   0: 0x80006858 (0x014040b3) xor     ra, zero, s4
core   0: 3 0x80006858 (0x014040b3) x 1 0x9c800000
core   0: 0x8000685c (0x00247333) and     t1, s0, sp
core   0: 3 0x8000685c (0x00247333) x 6 0x00000000
core   0: 0x80006860 (0x00506033) or      zero, zero, t0
core   0: 3 0x80006860 (0x00506033)
core   0: 0x80006864 (0xe3bbe0b7) lui     ra, 0xe3bbe
core   0: 3 0x80006864 (0xe3bbe0b7) x 1 0xe3bbe000
core   0: 0x80006868 (0x00691813) slli    a6, s2, 6
core   0: 3 0x80006868 (0x00691813) x16 0xffff6740
core   0: 0x8000686c (0x053da893) slti    a7, s11, 83
core   0: 3 0x8000686c (0x053da893) x17 0x00000001
core   0: 0x80006870 (0x0150d313) srli    t1, ra, 21
core   0: 3 0x80006870 (0x0150d313) x 6 0x0000071d
core   0: 0x80006874 (0x00547fb3) and     t6, s0, t0
core   0: 3 0x80006874 (0x00547fb3) x31 0x00000000
core   0: 0x80006878 (0x01ecf2b3) and     t0, s9, t5
core   0: 3 0x80006878 (0x01ecf2b3) x 5 0x00000020
core   0: 0x8000687c (0x013a9213) slli    tp, s5, 19
core   0: 3 0x8000687c (0x013a9213) x 4 0x00800000
core   0: 0x80006880 (0x01ea6ab3) or      s5, s4, t5
core   0: 3 0x80006880 (0x01ea6ab3) x21 0x9c800020
core   0: 0x80006884 (0x84e1ff93) andi    t6, gp, -1970
core   0: 3 0x80006884 (0x84e1ff93) x31 0x80011844
core   0: 0x80006888 (0x00000013) nop
core   0: 3 0x80006888 (0x00000013)
core   0: 0x8000688c (0x84057a97) auipc   s5, 0x84057
core   0: 3 0x8000688c (0x84057a97) x21 0x0405d88c
core   0: 0x80006890 (0x4009d633) sra     a2, s3, zero
core   0: 3 0x80006890 (0x4009d633) x12 0xfe000000
core   0: 0x80006894 (0x4006d1b3) sra     gp, a3, zero
core   0: 3 0x80006894 (0x4006d1b3) x 3 0xa8821020
core   0: 0x80006898 (0x40565ab3) sra     s5, a2, t0
core   0: 3 0x80006898 (0x40565ab3) x21 0xfe000000
core   0: 0x8000689c (0x5945a697) auipc   a3, 0x5945a
core   0: 3 0x8000689c (0x5945a697) x13 0xd946089c
core   0: 0x800068a0 (0xcfba4f93) xori    t6, s4, -773
core   0: 3 0x800068a0 (0xcfba4f93) x31 0x637ffcfb
core   0: 0x800068a4 (0x00cc5f13) srli    t5, s8, 12
core   0: 3 0x800068a4 (0x00cc5f13) x30 0x000fe000
core   0: 0x800068a8 (0x01b94fb3) xor     t6, s2, s11
core   0: 3 0x800068a8 (0x01b94fb3) x31 0x801ffdca
core   0: 0x800068ac (0xd971f313) andi    t1, gp, -617
core   0: 3 0x800068ac (0xd971f313) x 6 0xa8821000
core   0: 0x800068b0 (0xcf39e493) ori     s1, s3, -781
core   0: 3 0x800068b0 (0xcf39e493) x 9 0xfffffcf3
core   0: 0x800068b4 (0x1db68c13) addi    s8, a3, 475
core   0: 3 0x800068b4 (0x1db68c13) x24 0xd9460a77
core   0: 0x800068b8 (0xbe4e0813) addi    a6, t3, -1052
core   0: 3 0x800068b8 (0xbe4e0813) x16 0xfffffad2
core   0: 0x800068bc (0x41728533) sub     a0, t0, s7
core   0: 3 0x800068bc (0x41728533) x10 0x00000020
core   0: 0x800068c0 (0x0051d393) srli    t2, gp, 5
core   0: 3 0x800068c0 (0x0051d393) x 7 0x05441081
core   0: 0x800068c4 (0xd35c0137) lui     sp, 0xd35c0
core   0: 3 0x800068c4 (0xd35c0137) x 2 0xd35c0000
core   0: 0x800068c8 (0xd102f593) andi    a1, t0, -752
core   0: 3 0x800068c8 (0xd102f593) x11 0x00000000
core   0: 0x800068cc (0x4091e293) ori     t0, gp, 1033
core   0: 3 0x800068cc (0x4091e293) x 5 0xa8821429
core   0: 0x800068d0 (0x41f685b3) sub     a1, a3, t6
core   0: 3 0x800068d0 (0x41f685b3) x11 0x59260ad2
core   0: 0x800068d4 (0x004380b3) add     ra, t2, tp
core   0: 3 0x800068d4 (0x004380b3) x 1 0x05c41081
core   0: 0x800068d8 (0x0034e433) or      s0, s1, gp
core   0: 3 0x800068d8 (0x0034e433) x 8 0xfffffcf3
core   0: 0x800068dc (0x0049df13) srli    t5, s3, 4
core   0: 3 0x800068dc (0x0049df13) x30 0x0fe00000
core   0: 0x800068e0 (0x01611613) slli    a2, sp, 22
core   0: 3 0x800068e0 (0x01611613) x12 0x00000000
core   0: 0x800068e4 (0xdb8fb413) sltiu   s0, t6, -584
core   0: 3 0x800068e4 (0xdb8fb413) x 8 0x00000001
core   0: 0x800068e8 (0x3a274093) xori    ra, a4, 930
core   0: 3 0x800068e8 (0x3a274093) x 1 0x800003a2
core   0: 0x800068ec (0x0126d933) srl     s2, a3, s2
core   0: 3 0x800068ec (0x0126d933) x18 0x00000006
core   0: 0x800068f0 (0x20e03213) sltiu   tp, zero, 526
core   0: 3 0x800068f0 (0x20e03213) x 4 0x00000001
core   0: 0x800068f4 (0x1b243093) sltiu   ra, s0, 434
core   0: 3 0x800068f4 (0x1b243093) x 1 0x00000001
core   0: 0x800068f8 (0x4013df93) srai    t6, t2, 1
core   0: 3 0x800068f8 (0x4013df93) x31 0x02a20840
core   0: 0x800068fc (0x41295993) srai    s3, s2, 18
core   0: 3 0x800068fc (0x41295993) x19 0x00000000
core   0: 0x80006900 (0x0081d493) srli    s1, gp, 8
core   0: 3 0x80006900 (0x0081d493) x 9 0x00a88210
core   0: 0x80006904 (0x1381e113) ori     sp, gp, 312
core   0: 3 0x80006904 (0x1381e113) x 2 0xa8821138
core   0: 0x80006908 (0x011dfbb3) and     s7, s11, a7
core   0: 3 0x80006908 (0x011dfbb3) x23 0x00000001
core   0: 0x8000690c (0xa5120893) addi    a7, tp, -1455
core   0: 3 0x8000690c (0xa5120893) x17 0xfffffa52
core   0: 0x80006910 (0x172ce493) ori     s1, s9, 370
core   0: 3 0x80006910 (0x172ce493) x 9 0x80015df6
core   0: 0x80006914 (0x01c700b3) add     ra, a4, t3
core   0: 3 0x80006914 (0x01c700b3) x 1 0x7ffffeee
core   0: 0x80006918 (0x004ddd93) srli    s11, s11, 4
core   0: 3 0x80006918 (0x004ddd93) x27 0x0ffe0005
core   0: 0x8000691c (0x40d9dc13) srai    s8, s3, 13
core   0: 3 0x8000691c (0x40d9dc13) x24 0x00000000
core   0: 0x80006920 (0x7b114993) xori    s3, sp, 1969
core   0: 3 0x80006920 (0x7b114993) x19 0xa8821689
core   0: 0x80006924 (0x41705b13) srai    s6, zero, 23
core   0: 3 0x80006924 (0x41705b13) x22 0x00000000
core   0: 0x80006928 (0x680a2a93) slti    s5, s4, 1664
core   0: 3 0x80006928 (0x680a2a93) x21 0x00000001
core   0: 0x8000692c (0x017f26b3) slt     a3, t5, s7
core   0: 3 0x8000692c (0x017f26b3) x13 0x00000000
core   0: 0x80006930 (0x005759b3) srl     s3, a4, t0
core   0: 3 0x80006930 (0x005759b3) x19 0x00400000
core   0: 0x80006934 (0x01012633) slt     a2, sp, a6
core   0: 3 0x80006934 (0x01012633) x12 0x00000001
core   0: 0x80006938 (0x402c5833) sra     a6, s8, sp
core   0: 3 0x80006938 (0x402c5833) x16 0x00000000
core   0: 0x8000693c (0xfff00313) li      t1, -1
core   0: 3 0x8000693c (0xfff00313) x 6 0xffffffff
core   0: 0x80006940 (0x00000193) li      gp, 0
core   0: 3 0x80006940 (0x00000193) x 3 0x00000000
core   0: 0x80006944 (0x00000a93) li      s5, 0
core   0: 3 0x80006944 (0x00000a93) x21 0x00000000
core   0: 0x80006948 (0xc643cfb7) lui     t6, 0xc643c
core   0: 3 0x80006948 (0xc643cfb7) x31 0xc643c000
core   0: 0x8000694c (0x8f3f8f93) addi    t6, t6, -1805
core   0: 3 0x8000694c (0x8f3f8f93) x31 0xc643b8f3
core   0: 0x80006950 (0xe8871437) lui     s0, 0xe8871
core   0: 3 0x80006950 (0xe8871437) x 8 0xe8871000
core   0: 0x80006954 (0xa5640413) addi    s0, s0, -1450
core   0: 3 0x80006954 (0xa5640413) x 8 0xe8870a56
core   0: 0x80006958 (0x1cfaee37) lui     t3, 0x1cfae
core   0: 3 0x80006958 (0x1cfaee37) x28 0x1cfae000
core   0: 0x8000695c (0x627e0e13) addi    t3, t3, 1575
core   0: 3 0x8000695c (0x627e0e13) x28 0x1cfae627
core   0: 0x80006960 (0x642e3c37) lui     s8, 0x642e3
core   0: 3 0x80006960 (0x642e3c37) x24 0x642e3000
core   0: 0x80006964 (0xfdfc0c13) addi    s8, s8, -33
core   0: 3 0x80006964 (0xfdfc0c13) x24 0x642e2fdf
core   0: 0x80006968 (0x1aadd5b7) lui     a1, 0x1aadd
core   0: 3 0x80006968 (0x1aadd5b7) x11 0x1aadd000
core   0: 0x8000696c (0xe2258593) addi    a1, a1, -478
core   0: 3 0x8000696c (0xe2258593) x11 0x1aadce22
core   0: 0x80006970 (0xf55c59b7) lui     s3, 0xf55c5
core   0: 3 0x80006970 (0xf55c59b7) x19 0xf55c5000
core   0: 0x80006974 (0x12098993) addi    s3, s3, 288
core   0: 3 0x80006974 (0x12098993) x19 0xf55c5120
core   0: 0x80006978 (0x80000637) lui     a2, 0x80000
core   0: 3 0x80006978 (0x80000637) x12 0x80000000
core   0: 0x8000697c (0x00000013) nop
core   0: 3 0x8000697c (0x00000013)
core   0: 0x80006980 (0x408e0ab3) sub     s5, t3, s0
core   0: 3 0x80006980 (0x408e0ab3) x21 0x3473dbd1
core   0: 0x80006984 (0x5e4c4a97) auipc   s5, 0x5e4c4
core   0: 3 0x80006984 (0x5e4c4a97) x21 0xde4ca984
core   0: 0x80006988 (0x01358e33) add     t3, a1, s3
core   0: 3 0x80006988 (0x01358e33) x28 0x100a1f42
core   0: 0x8000698c (0x403a8fb3) sub     t6, s5, gp
core   0: 3 0x8000698c (0x403a8fb3) x31 0xde4ca984
core   0: 0x80006990 (0x92a8f1b7) lui     gp, 0x92a8f
core   0: 3 0x80006990 (0x92a8f1b7) x 3 0x92a8f000
core   0: 0x80006994 (0x00c985b3) add     a1, s3, a2
core   0: 3 0x80006994 (0x00c985b3) x11 0x755c5120
core   0: 0x80006998 (0x00000013) nop
core   0: 3 0x80006998 (0x00000013)
core   0: 0x8000699c (0x8fc729b7) lui     s3, 0x8fc72
core   0: 3 0x8000699c (0x8fc729b7) x19 0x8fc72000
core   0: 0x800069a0 (0xe2559637) lui     a2, 0xe2559
core   0: 3 0x800069a0 (0xe2559637) x12 0xe2559000
core   0: 0x800069a4 (0x01840fb3) add     t6, s0, s8
core   0: 3 0x800069a4 (0x01840fb3) x31 0x4cb53a35
core   0: 0x800069a8 (0x8cde2637) lui     a2, 0x8cde2
core   0: 3 0x800069a8 (0x8cde2637) x12 0x8cde2000
core   0: 0x800069ac (0x00b989b3) add     s3, s3, a1
core   0: 3 0x800069ac (0x00b989b3) x19 0x05237120
core   0: 0x800069b0 (0x0e1e9597) auipc   a1, 0xe1e9
core   0: 3 0x800069b0 (0x0e1e9597) x11 0x8e1ef9b0
core   0: 0x800069b4 (0xc847afb7) lui     t6, 0xc847a
core   0: 3 0x800069b4 (0xc847afb7) x31 0xc847a000
core   0: 0x800069b8 (0x00000013) nop
core   0: 3 0x800069b8 (0x00000013)
core   0: 0x800069bc (0x415605b3) sub     a1, a2, s5
core   0: 3 0x800069bc (0x415605b3) x11 0xae91767c
core   0: 0x800069c0 (0xc73aec17) auipc   s8, 0xc73ae
core   0: 3 0x800069c0 (0xc73aec17) x24 0x473b49c0
core   0: 0x800069c4 (0x00000013) nop
core   0: 3 0x800069c4 (0x00000013)
core   0: 0x800069c8 (0x00000013) nop
core   0: 3 0x800069c8 (0x00000013)
core   0: 0x800069cc (0x19fde197) auipc   gp, 0x19fde
core   0: 3 0x800069cc (0x19fde197) x 3 0x99fe49cc
core   0: 0x800069d0 (0x22ff3597) auipc   a1, 0x22ff3
core   0: 3 0x800069d0 (0x22ff3597) x11 0xa2ff99d0
core   0: 0x800069d4 (0x2f098e13) addi    t3, s3, 752
core   0: 3 0x800069d4 (0x2f098e13) x28 0x05237410
core   0: 0x800069d8 (0x518daa97) auipc   s5, 0x518da
core   0: 3 0x800069d8 (0x518daa97) x21 0xd18e09d8
core   0: 0x800069dc (0xb4d9be37) lui     t3, 0xb4d9b
core   0: 3 0x800069dc (0xb4d9be37) x28 0xb4d9b000
core   0: 0x800069e0 (0x3616dc37) lui     s8, 0x3616d
core   0: 3 0x800069e0 (0x3616dc37) x24 0x3616d000
core   0: 0x800069e4 (0x408c0ab3) sub     s5, s8, s0
core   0: 3 0x800069e4 (0x408c0ab3) x21 0x4d8fc5aa
core   0: 0x800069e8 (0x00b409b3) add     s3, s0, a1
core   0: 3 0x800069e8 (0x00b409b3) x19 0x8b86a426
core   0: 0x800069ec (0x403f85b3) sub     a1, t6, gp
core   0: 3 0x800069ec (0x403f85b3) x11 0x2e495634
core   0: 0x800069f0 (0x008405b3) add     a1, s0, s0
core   0: 3 0x800069f0 (0x008405b3) x11 0xd10e14ac
core   0: 0x800069f4 (0x01aead33) slt     s10, t4, s10
core   0: 3 0x800069f4 (0x01aead33) x26 0x00000001
core   0: 0x800069f8 (0x3e9cfa93) andi    s5, s9, 1001
core   0: 3 0x800069f8 (0x3e9cfa93) x21 0x000000e0
core   0: 0x800069fc (0x0177d513) srli    a0, a5, 23
core   0: 3 0x800069fc (0x0177d513) x10 0x00000000
core   0: 0x80006a00 (0x008cb4b3) sltu    s1, s9, s0
core   0: 3 0x80006a00 (0x008cb4b3) x 9 0x00000001
core   0: 0x80006a04 (0x652ea637) lui     a2, 0x652ea
core   0: 3 0x80006a04 (0x652ea637) x12 0x652ea000
core   0: 0x80006a08 (0x01a61b13) slli    s6, a2, 26
core   0: 3 0x80006a08 (0x01a61b13) x22 0x00000000
core   0: 0x80006a0c (0x01715813) srli    a6, sp, 23
core   0: 3 0x80006a0c (0x01715813) x16 0x00000151
core   0: 0x80006a10 (0x78626837) lui     a6, 0x78626
core   0: 3 0x80006a10 (0x78626837) x16 0x78626000
core   0: 0x80006a14 (0x01ef1d33) sll     s10, t5, t5
core   0: 3 0x80006a14 (0x01ef1d33) x26 0x0fe00000
core   0: 0x80006a18 (0xa0df2993) slti    s3, t5, -1523
core   0: 3 0x80006a18 (0xa0df2993) x19 0x00000000
core   0: 0x80006a1c (0x417489b3) sub     s3, s1, s7
core   0: 3 0x80006a1c (0x417489b3) x19 0x00000000
core   0: 0x80006a20 (0x21eb4393) xori    t2, s6, 542
core   0: 3 0x80006a20 (0x21eb4393) x 7 0x0000021e
core   0: 0x80006a24 (0x5072dbb7) lui     s7, 0x5072d
core   0: 3 0x80006a24 (0x5072dbb7) x23 0x5072d000
core   0: 0x80006a28 (0x593fba13) sltiu   s4, t6, 1427
core   0: 3 0x80006a28 (0x593fba13) x20 0x00000000
core   0: 0x80006a2c (0x370e0513) addi    a0, t3, 880
core   0: 3 0x80006a2c (0x370e0513) x10 0xb4d9b370
core   0: 0x80006a30 (0x8cc5e513) ori     a0, a1, -1844
core   0: 3 0x80006a30 (0x8cc5e513) x10 0xfffffcec
core   0: 0x80006a34 (0xabc97793) andi    a5, s2, -1348
core   0: 3 0x80006a34 (0xabc97793) x15 0x00000004
core   0: 0x80006a38 (0x01d810b3) sll     ra, a6, t4
core   0: 3 0x80006a38 (0x01d810b3) x 1 0x86260000
core   0: 0x80006a3c (0x41695613) srai    a2, s2, 22
core   0: 3 0x80006a3c (0x41695613) x12 0x00000000
core   0: 0x80006a40 (0x40e1d493) srai    s1, gp, 14
core   0: 3 0x80006a40 (0x40e1d493) x 9 0xfffe67f9
core   0: 0x80006a44 (0xa646b313) sltiu   t1, a3, -1436
core   0: 3 0x80006a44 (0xa646b313) x 6 0x00000001
core   0: 0x80006a48 (0x2a376d93) ori     s11, a4, 675
core   0: 3 0x80006a48 (0x2a376d93) x27 0x800002a3
core   0: 0x80006a4c (0x00bdefb3) or      t6, s11, a1
core   0: 3 0x80006a4c (0x00bdefb3) x31 0xd10e16af
core   0: 0x80006a50 (0x5db4c793) xori    a5, s1, 1499
core   0: 3 0x80006a50 (0x5db4c793) x15 0xfffe6222
core   0: 0x80006a54 (0x01447d33) and     s10, s0, s4
core   0: 3 0x80006a54 (0x01447d33) x26 0x00000000
core   0: 0x80006a58 (0xd57f7637) lui     a2, 0xd57f7
core   0: 3 0x80006a58 (0xd57f7637) x12 0xd57f7000
core   0: 0x80006a5c (0x40e50b33) sub     s6, a0, a4
core   0: 3 0x80006a5c (0x40e50b33) x22 0x7ffffcec
core   0: 0x80006a60 (0x01f423b3) slt     t2, s0, t6
core   0: 3 0x80006a60 (0x01f423b3) x 7 0x00000000
core   0: 0x80006a64 (0x40d683b3) sub     t2, a3, a3
core   0: 3 0x80006a64 (0x40d683b3) x 7 0x00000000
core   0: 0x80006a68 (0x008374b3) and     s1, t1, s0
core   0: 3 0x80006a68 (0x008374b3) x 9 0x00000000
core   0: 0x80006a6c (0x014794b3) sll     s1, a5, s4
core   0: 3 0x80006a6c (0x014794b3) x 9 0xfffe6222
core   0: 0x80006a70 (0x005e6d33) or      s10, t3, t0
core   0: 3 0x80006a70 (0x005e6d33) x26 0xbcdbb429
core   0: 0x80006a74 (0x0035b0b3) sltu    ra, a1, gp
core   0: 3 0x80006a74 (0x0035b0b3) x 1 0x00000000
core   0: 0x80006a78 (0x013c1293) slli    t0, s8, 19
core   0: 3 0x80006a78 (0x013c1293) x 5 0x80000000
core   0: 0x80006a7c (0x40e05993) srai    s3, zero, 14
core   0: 3 0x80006a7c (0x40e05993) x19 0x00000000
core   0: 0x80006a80 (0x8ee60a13) addi    s4, a2, -1810
core   0: 3 0x80006a80 (0x8ee60a13) x20 0xd57f68ee
core   0: 0x80006a84 (0x3d822a93) slti    s5, tp, 984
core   0: 3 0x80006a84 (0x3d822a93) x21 0x00000001
core   0: 0x80006a88 (0x003263b3) or      t2, tp, gp
core   0: 3 0x80006a88 (0x003263b3) x 7 0x99fe49cd
core   0: 0x80006a8c (0x590315b7) lui     a1, 0x59031
core   0: 3 0x80006a8c (0x590315b7) x11 0x59031000
core   0: 0x80006a90 (0xbcd98793) addi    a5, s3, -1075
core   0: 3 0x80006a90 (0xbcd98793) x15 0xfffffbcd
core   0: 0x80006a94 (0x17a6e113) ori     sp, a3, 378
core   0: 3 0x80006a94 (0x17a6e113) x 2 0x0000017a
core   0: 0x80006a98 (0x0601f493) andi    s1, gp, 96
core   0: 3 0x80006a98 (0x0601f493) x 9 0x00000040
core   0: 0x80006a9c (0x01b10d33) add     s10, sp, s11
core   0: 3 0x80006a9c (0x01b10d33) x26 0x8000041d
core   0: 0x80006aa0 (0x005590b3) sll     ra, a1, t0
core   0: 3 0x80006aa0 (0x005590b3) x 1 0x59031000
core   0: 0x80006aa4 (0x7a04c4b7) lui     s1, 0x7a04c
core   0: 3 0x80006aa4 (0x7a04c4b7) x 9 0x7a04c000
core   0: 0x80006aa8 (0x2494a913) slti    s2, s1, 585
core   0: 3 0x80006aa8 (0x2494a913) x18 0x00000000
core   0: 0x80006aac (0x00d1b6b3) sltu    a3, gp, a3
core   0: 3 0x80006aac (0x00d1b6b3) x13 0x00000000
core   0: 0x80006ab0 (0x01431813) slli    a6, t1, 20
core   0: 3 0x80006ab0 (0x01431813) x16 0x00100000
core   0: 0x80006ab4 (0x01d06033) or      zero, zero, t4
core   0: 3 0x80006ab4 (0x01d06033)
core   0: 0x80006ab8 (0x009ddc33) srl     s8, s11, s1
core   0: 3 0x80006ab8 (0x009ddc33) x24 0x800002a3
core   0: 0x80006abc (0x00ffdd13) srli    s10, t6, 15
core   0: 3 0x80006abc (0x00ffdd13) x26 0x0001a21c
core   0: 0x80006ac0 (0x015a2a33) slt     s4, s4, s5
core   0: 3 0x80006ac0 (0x015a2a33) x20 0x00000001
core   0: 0x80006ac4 (0xe7940e13) addi    t3, s0, -391
core   0: 3 0x80006ac4 (0xe7940e13) x28 0xe88708cf
core   0: 0x80006ac8 (0xfacce593) ori     a1, s9, -84
core   0: 3 0x80006ac8 (0xfacce593) x11 0xffffffec
core   0: 0x80006acc (0x017c7c33) and     s8, s8, s7
core   0: 3 0x80006acc (0x017c7c33) x24 0x00000000
core   0: 0x80006ad0 (0x00840b33) add     s6, s0, s0
core   0: 3 0x80006ad0 (0x00840b33) x22 0xd10e14ac
core   0: 0x80006ad4 (0x0016cc33) xor     s8, a3, ra
core   0: 3 0x80006ad4 (0x0016cc33) x24 0x59031000
core   0: 0x80006ad8 (0x00f441b3) xor     gp, s0, a5
core   0: 3 0x80006ad8 (0x00f441b3) x 3 0x1778f19b
core   0: 0x80006adc (0x1fccb797) auipc   a5, 0x1fccb
core   0: 3 0x80006adc (0x1fccb797) x15 0x9fcd1adc
core   0: 0x80006ae0 (0x016ffe33) and     t3, t6, s6
core   0: 3 0x80006ae0 (0x016ffe33) x28 0xd10e14ac
core   0: 0x80006ae4 (0x253d3413) sltiu   s0, s10, 595
core   0: 3 0x80006ae4 (0x253d3413) x 8 0x00000000
core   0: 0x80006ae8 (0x6bdcea13) ori     s4, s9, 1725
core   0: 3 0x80006ae8 (0x6bdcea13) x20 0x80015efd
core   0: 0x80006aec (0xbd0bb4b7) lui     s1, 0xbd0bb
core   0: 3 0x80006aec (0xbd0bb4b7) x 9 0xbd0bb000
core   0: 0x80006af0 (0x92f9c113) xori    sp, s3, -1745
core   0: 3 0x80006af0 (0x92f9c113) x 2 0xfffff92f
core   0: 0x80006af4 (0x715c6593) ori     a1, s8, 1813
core   0: 3 0x80006af4 (0x715c6593) x11 0x59031715
core   0: 0x80006af8 (0x012c2e33) slt     t3, s8, s2
core   0: 3 0x80006af8 (0x012c2e33) x28 0x00000000
core   0: 0x80006afc (0x00000013) nop
core   0: 3 0x80006afc (0x00000013)
core   0: 0x80006b00 (0x4189d133) sra     sp, s3, s8
core   0: 3 0x80006b00 (0x4189d133) x 2 0x00000000
core   0: 0x80006b04 (0x40ae83b3) sub     t2, t4, a0
core   0: 3 0x80006b04 (0x40ae83b3) x 7 0x80012178
core   0: 0x80006b08 (0x4c90a493) slti    s1, ra, 1225
core   0: 3 0x80006b08 (0x4c90a493) x 9 0x00000000
core   0: 0x80006b0c (0x377b8a13) addi    s4, s7, 887
core   0: 3 0x80006b0c (0x377b8a13) x20 0x5072d377
core   0: 0x80006b10 (0x01c7fd33) and     s10, a5, t3
core   0: 3 0x80006b10 (0x01c7fd33) x26 0x00000000
core   0: 0x80006b14 (0x005d33b3) sltu    t2, s10, t0
core   0: 3 0x80006b14 (0x005d33b3) x 7 0x00000001
core   0: 0x80006b18 (0x00e80ab3) add     s5, a6, a4
core   0: 3 0x80006b18 (0x00e80ab3) x21 0x80100000
core   0: 0x80006b1c (0x72418c13) addi    s8, gp, 1828
core   0: 3 0x80006b1c (0x72418c13) x24 0x1778f8bf
core   0: 0x80006b20 (0x00648233) add     tp, s1, t1
core   0: 3 0x80006b20 (0x00648233) x 4 0x00000001
core   0: 0x80006b24 (0x00e269b3) or      s3, tp, a4
core   0: 3 0x80006b24 (0x00e269b3) x19 0x80000001
core   0: 0x80006b28 (0x008c38b3) sltu    a7, s8, s0
core   0: 3 0x80006b28 (0x008c38b3) x17 0x00000000
core   0: 0x80006b2c (0x6811b393) sltiu   t2, gp, 1665
core   0: 3 0x80006b2c (0x6811b393) x 7 0x00000000
core   0: 0x80006b30 (0x991b8197) auipc   gp, 0x991b8
core   0: 3 0x80006b30 (0x991b8197) x 3 0x191beb30
core   0: 0x80006b34 (0x01459893) slli    a7, a1, 20
core   0: 3 0x80006b34 (0x01459893) x17 0x71500000
core   0: 0x80006b38 (0x00311133) sll     sp, sp, gp
core   0: 3 0x80006b38 (0x00311133) x 2 0x00000000
core   0: 0x80006b3c (0x01c8db33) srl     s6, a7, t3
core   0: 3 0x80006b3c (0x01c8db33) x22 0x71500000
core   0: 0x80006b40 (0x401e5113) srai    sp, t3, 1
core   0: 3 0x80006b40 (0x401e5113) x 2 0x00000000
core   0: 0x80006b44 (0x3ed71b97) auipc   s7, 0x3ed71
core   0: 3 0x80006b44 (0x3ed71b97) x23 0xbed77b44
core   0: 0x80006b48 (0x41775213) srai    tp, a4, 23
core   0: 3 0x80006b48 (0x41775213) x 4 0xffffff00
core   0: 0x80006b4c (0x01fd1c33) sll     s8, s10, t6
core   0: 3 0x80006b4c (0x01fd1c33) x24 0x00000000
core   0: 0x80006b50 (0x012d2433) slt     s0, s10, s2
core   0: 3 0x80006b50 (0x012d2433) x 8 0x00000000
core   0: 0x80006b54 (0x40d85333) sra     t1, a6, a3
core   0: 3 0x80006b54 (0x40d85333) x 6 0x00100000
core   0: 0x80006b58 (0x001f5293) srli    t0, t5, 1
core   0: 3 0x80006b58 (0x001f5293) x 5 0x07f00000
core   0: 0x80006b5c (0x4089d693) srai    a3, s3, 8
core   0: 3 0x80006b5c (0x4089d693) x13 0xff800000
core   0: 0x80006b60 (0x015111b3) sll     gp, sp, s5
core   0: 3 0x80006b60 (0x015111b3) x 3 0x00000000
core   0: 0x80006b64 (0x004dd5b3) srl     a1, s11, tp
core   0: 3 0x80006b64 (0x004dd5b3) x11 0x800002a3
core   0: 0x80006b68 (0x40840a33) sub     s4, s0, s0
core   0: 3 0x80006b68 (0x40840a33) x20 0x00000000
core   0: 0x80006b6c (0x016da833) slt     a6, s11, s6
core   0: 3 0x80006b6c (0x016da833) x16 0x00000001
core   0: 0x80006b70 (0x6dff0293) addi    t0, t5, 1759
core   0: 3 0x80006b70 (0x6dff0293) x 5 0x0fe006df
core   0: 0x80006b74 (0x8caaf213) andi    tp, s5, -1846
core   0: 3 0x80006b74 (0x8caaf213) x 4 0x80100000
core   0: 0x80006b78 (0x4171d393) srai    t2, gp, 23
core   0: 3 0x80006b78 (0x4171d393) x 7 0x00000000
core   0: 0x80006b7c (0x013bd193) srli    gp, s7, 19
core   0: 3 0x80006b7c (0x013bd193) x 3 0x000017da
core   0: 0x80006b80 (0x41a786b3) sub     a3, a5, s10
core   0: 3 0x80006b80 (0x41a786b3) x13 0x9fcd1adc
core   0: 0x80006b84 (0x416f0933) sub     s2, t5, s6
core   0: 3 0x80006b84 (0x416f0933) x18 0x9e900000
core   0: 0x80006b88 (0x8bffe913) ori     s2, t6, -1857
core   0: 3 0x80006b88 (0x8bffe913) x18 0xfffffebf
core   0: 0x80006b8c (0x01c17bb3) and     s7, sp, t3
core   0: 3 0x80006b8c (0x01c17bb3) x23 0x00000000
core   0: 0x80006b90 (0x72f02393) slti    t2, zero, 1839
core   0: 3 0x80006b90 (0x72f02393) x 7 0x00000001
core   0: 0x80006b94 (0x017dae33) slt     t3, s11, s7
core   0: 3 0x80006b94 (0x017dae33) x28 0x00000001
core   0: 0x80006b98 (0xbaaab7b7) lui     a5, 0xbaaab
core   0: 3 0x80006b98 (0xbaaab7b7) x15 0xbaaab000
core   0: 0x80006b9c (0x0096d893) srli    a7, a3, 9
core   0: 3 0x80006b9c (0x0096d893) x17 0x004fe68d
core   0: 0x80006ba0 (0xb6198513) addi    a0, s3, -1183
core   0: 3 0x80006ba0 (0xb6198513) x10 0x7ffffb62
core   0: 0x80006ba4 (0xd6b5cb13) xori    s6, a1, -661
core   0: 3 0x80006ba4 (0xd6b5cb13) x22 0x7fffffc8
core   0: 0x80006ba8 (0x010c1a33) sll     s4, s8, a6
core   0: 3 0x80006ba8 (0x010c1a33) x20 0x00000000
core   0: 0x80006bac (0x012a4133) xor     sp, s4, s2
core   0: 3 0x80006bac (0x012a4133) x 2 0xfffffebf
core   0: 0x80006bb0 (0x008cc333) xor     t1, s9, s0
core   0: 3 0x80006bb0 (0x008cc333) x 6 0x80015ce4
core   0: 0x80006bb4 (0x0153ed33) or      s10, t2, s5
core   0: 3 0x80006bb4 (0x0153ed33) x26 0x80100001
core   0: 0x80006bb8 (0x46aeb593) sltiu   a1, t4, 1130
core   0: 3 0x80006bb8 (0x46aeb593) x11 0x00000000
core   0: 0x80006bbc (0x00fbb533) sltu    a0, s7, a5
core   0: 3 0x80006bbc (0x00fbb533) x10 0x00000001
core   0: 0x80006bc0 (0x22c4b793) sltiu   a5, s1, 556
core   0: 3 0x80006bc0 (0x22c4b793) x15 0x00000001
core   0: 0x80006bc4 (0x418f5e13) srai    t3, t5, 24
core   0: 3 0x80006bc4 (0x418f5e13) x28 0x0000000f
core   0: 0x80006bc8 (0x7f1a7d13) andi    s10, s4, 2033
core   0: 3 0x80006bc8 (0x7f1a7d13) x26 0x00000000
core   0: 0x80006bcc (0x00000013) nop
core   0: 3 0x80006bcc (0x00000013)
core   0: 0x80006bd0 (0x00661813) slli    a6, a2, 6
core   0: 3 0x80006bd0 (0x00661813) x16 0x5fdc0000
core   0: 0x80006bd4 (0x003fa133) slt     sp, t6, gp
core   0: 3 0x80006bd4 (0x003fa133) x 2 0x00000001
core   0: 0x80006bd8 (0x00a739b3) sltu    s3, a4, a0
core   0: 3 0x80006bd8 (0x00a739b3) x19 0x00000000
core   0: 0x80006bdc (0x9c754b93) xori    s7, a0, -1593
core   0: 3 0x80006bdc (0x9c754b93) x23 0xfffff9c6
core   0: 0x80006be0 (0x711f2613) slti    a2, t5, 1809
core   0: 3 0x80006be0 (0x711f2613) x12 0x00000000
core   0: 0x80006be4 (0x00d340b3) xor     ra, t1, a3
core   0: 3 0x80006be4 (0x00d340b3) x 1 0x1fcc4638
core   0: 0x80006be8 (0x00b574b3) and     s1, a0, a1
core   0: 3 0x80006be8 (0x00b574b3) x 9 0x00000000
core   0: 0x80006bec (0x25c0d637) lui     a2, 0x25c0d
core   0: 3 0x80006bec (0x25c0d637) x12 0x25c0d000
core   0: 0x80006bf0 (0x41e458b3) sra     a7, s0, t5
core   0: 3 0x80006bf0 (0x41e458b3) x17 0x00000000
core   0: 0x80006bf4 (0x00f08bb3) add     s7, ra, a5
core   0: 3 0x80006bf4 (0x00f08bb3) x23 0x1fcc4639
core   0: 0x80006bf8 (0x01d41893) slli    a7, s0, 29
core   0: 3 0x80006bf8 (0x01d41893) x17 0x00000000
core   0: 0x80006bfc (0x4baa0093) addi    ra, s4, 1210
core   0: 3 0x80006bfc (0x4baa0093) x 1 0x000004ba
core   0: 0x80006c00 (0x40b0d2b3) sra     t0, ra, a1
core   0: 3 0x80006c00 (0x40b0d2b3) x 5 0x000004ba
core   0: 0x80006c04 (0x00d1cab3) xor     s5, gp, a3
core   0: 3 0x80006c04 (0x00d1cab3) x21 0x9fcd0d06
core   0: 0x80006c08 (0x7090df37) lui     t5, 0x7090d
core   0: 3 0x80006c08 (0x7090df37) x30 0x7090d000
core   0: 0x80006c0c (0x3ff12813) slti    a6, sp, 1023
core   0: 3 0x80006c0c (0x3ff12813) x16 0x00000001
core   0: 0x80006c10 (0x1cef7d93) andi    s11, t5, 462
core   0: 3 0x80006c10 (0x1cef7d93) x27 0x00000000
core   0: 0x80006c14 (0xb7ed7897) auipc   a7, 0xb7ed7
core   0: 3 0x80006c14 (0xb7ed7897) x17 0x37eddc14
core   0: 0x80006c18 (0x0afa7093) andi    ra, s4, 175
core   0: 3 0x80006c18 (0x0afa7093) x 1 0x00000000
core   0: 0x80006c1c (0x4eb84693) xori    a3, a6, 1259
core   0: 3 0x80006c1c (0x4eb84693) x13 0x000004ea
core   0: 0x80006c20 (0x13463693) sltiu   a3, a2, 308
core   0: 3 0x80006c20 (0x13463693) x13 0x00000000
core   0: 0x80006c24 (0x00289f13) slli    t5, a7, 2
core   0: 3 0x80006c24 (0x00289f13) x30 0xdfb77050
core   0: 0x80006c28 (0x018ae033) or      zero, s5, s8
core   0: 3 0x80006c28 (0x018ae033)
core   0: 0x80006c2c (0xaafe7d13) andi    s10, t3, -1361
core   0: 3 0x80006c2c (0xaafe7d13) x26 0x0000000f
core   0: 0x80006c30 (0x589e2217) auipc   tp, 0x589e2
core   0: 3 0x80006c30 (0x589e2217) x 4 0xd89e8c30
core   0: 0x80006c34 (0x1c45b493) sltiu   s1, a1, 452
core   0: 3 0x80006c34 (0x1c45b493) x 9 0x00000001
core   0: 0x80006c38 (0x017fb3b3) sltu    t2, t6, s7
core   0: 3 0x80006c38 (0x017fb3b3) x 7 0x00000000
core   0: 0x80006c3c (0x40db0db3) sub     s11, s6, a3
core   0: 3 0x80006c3c (0x40db0db3) x27 0x7fffffc8
core   0: 0x80006c40 (0x00cf1f13) slli    t5, t5, 12
core   0: 3 0x80006c40 (0x00cf1f13) x30 0x77050000
core   0: 0x80006c44 (0xfe493d93) sltiu   s11, s2, -28
core   0: 3 0x80006c44 (0xfe493d93) x27 0x00000001
core   0: 0x80006c48 (0x98adaf13) slti    t5, s11, -1654
core   0: 3 0x80006c48 (0x98adaf13) x30 0x00000000
core   0: 0x80006c4c (0x01ad0433) add     s0, s10, s10
core   0: 3 0x80006c4c (0x01ad0433) x 8 0x0000001e
core   0: 0x80006c50 (0x01c70133) add     sp, a4, t3
core   0: 3 0x80006c50 (0x01c70133) x 2 0x8000000f
core   0: 0x80006c54 (0x01cc8513) addi    a0, s9, 28
core   0: 3 0x80006c54 (0x01cc8513) x10 0x80015d00
core   0: 0x80006c58 (0x404c58b3) sra     a7, s8, tp
core   0: 3 0x80006c58 (0x404c58b3) x17 0x00000000
core   0: 0x80006c5c (0xc403cb13) xori    s6, t2, -960
core   0: 3 0x80006c5c (0xc403cb13) x22 0xfffffc40
core   0: 0x80006c60 (0xd1510b13) addi    s6, sp, -747
core   0: 3 0x80006c60 (0xd1510b13) x22 0x7ffffd24
core   0: 0x80006c64 (0x40c0d013) srai    zero, ra, 12
core   0: 3 0x80006c64 (0x40c0d013)
core   0: 0x80006c68 (0x002207b3) add     a5, tp, sp
core   0: 3 0x80006c68 (0x002207b3) x15 0x589e8c3f
core   0: 0x80006c6c (0x008b5393) srli    t2, s6, 8
core   0: 3 0x80006c6c (0x008b5393) x 7 0x007ffffd
core   0: 0x80006c70 (0x415ada33) sra     s4, s5, s5
core   0: 3 0x80006c70 (0x415ada33) x20 0xfe7f3434
core   0: 0x80006c74 (0xcf2d3693) sltiu   a3, s10, -782
core   0: 3 0x80006c74 (0xcf2d3693) x13 0x00000001
core   0: 0x80006c78 (0x0189f9b3) and     s3, s3, s8
core   0: 3 0x80006c78 (0x0189f9b3) x19 0x00000000
core   0: 0x80006c7c (0x00f066b3) or      a3, zero, a5
core   0: 3 0x80006c7c (0x00f066b3) x13 0x589e8c3f
core   0: 0x80006c80 (0x41cadc33) sra     s8, s5, t3
core   0: 3 0x80006c80 (0x41cadc33) x24 0xffff3f9a
core   0: 0x80006c84 (0x005c5a93) srli    s5, s8, 5
core   0: 3 0x80006c84 (0x005c5a93) x21 0x07fff9fc
core   0: 0x80006c88 (0x6ebb8897) auipc   a7, 0x6ebb8
core   0: 3 0x80006c88 (0x6ebb8897) x17 0xeebbec88
core   0: 0x80006c8c (0x89d8b013) sltiu   zero, a7, -1891
core   0: 3 0x80006c8c (0x89d8b013)
core   0: 0x80006c90 (0x008e2db3) slt     s11, t3, s0
core   0: 3 0x80006c90 (0x008e2db3) x27 0x00000001
core   0: 0x80006c94 (0x018d5d93) srli    s11, s10, 24
core   0: 3 0x80006c94 (0x018d5d93) x27 0x00000000
core   0: 0x80006c98 (0xb98ab697) auipc   a3, 0xb98ab
core   0: 3 0x80006c98 (0xb98ab697) x13 0x398b1c98
core   0: 0x80006c9c (0x0082df33) srl     t5, t0, s0
core   0: 3 0x80006c9c (0x0082df33) x30 0x00000000
core   0: 0x80006ca0 (0x7ba72013) slti    zero, a4, 1978
core   0: 3 0x80006ca0 (0x7ba72013)
core   0: 0x80006ca4 (0x0191f033) and     zero, gp, s9
core   0: 3 0x80006ca4 (0x0191f033)
core   0: 0x80006ca8 (0x01af4db3) xor     s11, t5, s10
core   0: 3 0x80006ca8 (0x01af4db3) x27 0x0000000f
core   0: 0x80006cac (0xae89cd97) auipc   s11, 0xae89c
core   0: 3 0x80006cac (0xae89cd97) x27 0x2e8a2cac
core   0: 0x80006cb0 (0x01a8ebb3) or      s7, a7, s10
core   0: 3 0x80006cb0 (0x01a8ebb3) x23 0xeebbec8f
core   0: 0x80006cb4 (0x36f9b913) sltiu   s2, s3, 879
core   0: 3 0x80006cb4 (0x36f9b913) x18 0x00000001
core   0: 0x80006cb8 (0x0101eb33) or      s6, gp, a6
core   0: 3 0x80006cb8 (0x0101eb33) x22 0x000017db
core   0: 0x80006cbc (0x00f2e5b3) or      a1, t0, a5
core   0: 3 0x80006cbc (0x00f2e5b3) x11 0x589e8cbf
core   0: 0x80006cc0 (0xaffa7213) andi    tp, s4, -1281
core   0: 3 0x80006cc0 (0xaffa7213) x 4 0xfe7f3034
core   0: 0x80006cc4 (0x1c016693) ori     a3, sp, 448
core   0: 3 0x80006cc4 (0x1c016693) x13 0x800001cf
core   0: 0x80006cc8 (0x410d5a33) sra     s4, s10, a6
core   0: 3 0x80006cc8 (0x410d5a33) x20 0x00000007
core   0: 0x80006ccc (0x40b30833) sub     a6, t1, a1
core   0: 3 0x80006ccc (0x40b30833) x16 0x2762d025
core   0: 0x80006cd0 (0xe3110893) addi    a7, sp, -463
core   0: 3 0x80006cd0 (0xe3110893) x17 0x7ffffe40
core   0: 0x80006cd4 (0x411e5333) sra     t1, t3, a7
core   0: 3 0x80006cd4 (0x411e5333) x 6 0x0000000f
core   0: 0x80006cd8 (0x00379a13) slli    s4, a5, 3
core   0: 3 0x80006cd8 (0x00379a13) x20 0xc4f461f8
core   0: 0x80006cdc (0x14d635b7) lui     a1, 0x14d63
core   0: 3 0x80006cdc (0x14d635b7) x11 0x14d63000
core   0: 0x80006ce0 (0x63b92e17) auipc   t3, 0x63b92
core   0: 3 0x80006ce0 (0x63b92e17) x28 0xe3b98ce0
core   0: 0x80006ce4 (0x00000013) nop
core   0: 3 0x80006ce4 (0x00000013)
core   0: 0x80006ce8 (0x00fe7433) and     s0, t3, a5
core   0: 3 0x80006ce8 (0x00fe7433) x 8 0x40988c20
core   0: 0x80006cec (0x5f3c1d17) auipc   s10, 0x5f3c1
core   0: 3 0x80006cec (0x5f3c1d17) x26 0xdf3c7cec
core   0: 0x80006cf0 (0x01186033) or      zero, a6, a7
core   0: 3 0x80006cf0 (0x01186033)
core   0: 0x80006cf4 (0xafd3c693) xori    a3, t2, -1283
core   0: 3 0x80006cf4 (0xafd3c693) x13 0xff800500
core   0: 0x80006cf8 (0x9b4e4d93) xori    s11, t3, -1612
core   0: 3 0x80006cf8 (0x9b4e4d93) x27 0x1c467554
core   0: 0x80006cfc (0x4177d193) srai    gp, a5, 23
core   0: 3 0x80006cfc (0x4177d193) x 3 0x000000b1
core   0: 0x80006d00 (0x72ecc813) xori    a6, s9, 1838
core   0: 3 0x80006d00 (0x72ecc813) x16 0x80015bca
core   0: 0x80006d04 (0x642eb337) lui     t1, 0x642eb
core   0: 3 0x80006d04 (0x642eb337) x 6 0x642eb000
core   0: 0x80006d08 (0x00421313) slli    t1, tp, 4
core   0: 3 0x80006d08 (0x00421313) x 6 0xe7f30340
core   0: 0x80006d0c (0x010d1f33) sll     t5, s10, a6
core   0: 3 0x80006d0c (0x010d1f33) x30 0xf1f3b000
core   0: 0x80006d10 (0x013c5a93) srli    s5, s8, 19
core   0: 3 0x80006d10 (0x013c5a93) x21 0x00001fff
core   0: 0x80006d14 (0x009a1933) sll     s2, s4, s1
core   0: 3 0x80006d14 (0x009a1933) x18 0x89e8c3f0
core   0: 0x80006d18 (0xd30f6c37) lui     s8, 0xd30f6
core   0: 3 0x80006d18 (0xd30f6c37) x24 0xd30f6000
core   0: 0x80006d1c (0x416a8f33) sub     t5, s5, s6
core   0: 3 0x80006d1c (0x416a8f33) x30 0x00000824
core   0: 0x80006d20 (0x0181a333) slt     t1, gp, s8
core   0: 3 0x80006d20 (0x0181a333) x 6 0x00000000
core   0: 0x80006d24 (0x004ff5b3) and     a1, t6, tp
core   0: 3 0x80006d24 (0x004ff5b3) x11 0xd00e1024
core   0: 0x80006d28 (0x00000013) nop
core   0: 3 0x80006d28 (0x00000013)
core   0: 0x80006d2c (0x0059abb3) slt     s7, s3, t0
core   0: 3 0x80006d2c (0x0059abb3) x23 0x00000001
core   0: 0x80006d30 (0x4db56a93) ori     s5, a0, 1243
core   0: 3 0x80006d30 (0x4db56a93) x21 0x80015ddb
core   0: 0x80006d34 (0xaf35ba13) sltiu   s4, a1, -1293
core   0: 3 0x80006d34 (0xaf35ba13) x20 0x00000001
core   0: 0x80006d38 (0x00560333) add     t1, a2, t0
core   0: 3 0x80006d38 (0x00560333) x 6 0x25c0d4ba
core   0: 0x80006d3c (0xd456a697) auipc   a3, 0xd456a
core   0: 3 0x80006d3c (0xd456a697) x13 0x54570d3c
core   0: 0x80006d40 (0x4a01e637) lui     a2, 0x4a01e
core   0: 3 0x80006d40 (0x4a01e637) x12 0x4a01e000
core   0: 0x80006d44 (0xd898fe37) lui     t3, 0xd898f
core   0: 3 0x80006d44 (0xd898fe37) x28 0xd898f000
core   0: 0x80006d48 (0xc3656393) ori     t2, a0, -970
core   0: 3 0x80006d48 (0xc3656393) x 7 0xfffffd36
core   0: 0x80006d4c (0x01a2d133) srl     sp, t0, s10
core   0: 3 0x80006d4c (0x01a2d133) x 2 0x00000000
core   0: 0x80006d50 (0x014c3333) sltu    t1, s8, s4
core   0: 3 0x80006d50 (0x014c3333) x 6 0x00000000
core   0: 0x80006d54 (0x000e8f33) add     t5, t4, zero
core   0: 3 0x80006d54 (0x000e8f33) x30 0x80011e64
core   0: 0x80006d58 (0x01b5e533) or      a0, a1, s11
core   0: 3 0x80006d58 (0x01b5e533) x10 0xdc4e7574
core   0: 0x80006d5c (0x40265e13) srai    t3, a2, 2
core   0: 3 0x80006d5c (0x40265e13) x28 0x12807800
core   0: 0x80006d60 (0x405d5e33) sra     t3, s10, t0
core   0: 3 0x80006d60 (0x405d5e33) x28 0xfffffff7
core   0: 0x80006d64 (0x98871197) auipc   gp, 0x98871
core   0: 3 0x80006d64 (0x98871197) x 3 0x18877d64
core   0: 0x80006d68 (0x014bb933) sltu    s2, s7, s4
core   0: 3 0x80006d68 (0x014bb933) x18 0x00000000
core   0: 0x80006d6c (0x00e664b3) or      s1, a2, a4
core   0: 3 0x80006d6c (0x00e664b3) x 9 0xca01e000
core   0: 0x80006d70 (0x406f5b93) srai    s7, t5, 6
core   0: 3 0x80006d70 (0x406f5b93) x23 0xfe000479
core   0: 0x80006d74 (0x46da6b13) ori     s6, s4, 1133
core   0: 3 0x80006d74 (0x46da6b13) x22 0x0000046d
core   0: 0x80006d78 (0x40f3d193) srai    gp, t2, 15
core   0: 3 0x80006d78 (0x40f3d193) x 3 0xffffffff
core   0: 0x80006d7c (0x009fbd17) auipc   s10, 0x9fb
core   0: 3 0x80006d7c (0x009fbd17) x26 0x80a01d7c
core   0: 0x80006d80 (0x017868b3) or      a7, a6, s7
core   0: 3 0x80006d80 (0x017868b3) x17 0xfe015ffb
core   0: 0x80006d84 (0x0095a7b3) slt     a5, a1, s1
core   0: 3 0x80006d84 (0x0095a7b3) x15 0x00000000
core   0: 0x80006d88 (0x0101a8b3) slt     a7, gp, a6
core   0: 3 0x80006d88 (0x0101a8b3) x17 0x00000000
core   0: 0x80006d8c (0x004f5813) srli    a6, t5, 4
core   0: 3 0x80006d8c (0x004f5813) x16 0x080011e6
core   0: 0x80006d90 (0x01845033) srl     zero, s0, s8
core   0: 3 0x80006d90 (0x01845033)
core   0: 0x80006d94 (0x006ee333) or      t1, t4, t1
core   0: 3 0x80006d94 (0x006ee333) x 6 0x80011e64
core   0: 0x80006d98 (0x017bb033) sltu    zero, s7, s7
core   0: 3 0x80006d98 (0x017bb033)
core   0: 0x80006d9c (0x01645613) srli    a2, s0, 22
core   0: 3 0x80006d9c (0x01645613) x12 0x00000102
core   0: 0x80006da0 (0xdeb03193) sltiu   gp, zero, -533
core   0: 3 0x80006da0 (0xdeb03193) x 3 0x00000001
core   0: 0x80006da4 (0x006c8933) add     s2, s9, t1
core   0: 3 0x80006da4 (0x006c8933) x18 0x00027b48
core   0: 0x80006da8 (0x009816b3) sll     a3, a6, s1
core   0: 3 0x80006da8 (0x009816b3) x13 0x080011e6
core   0: 0x80006dac (0x01641693) slli    a3, s0, 22
core   0: 3 0x80006dac (0x01641693) x13 0x08000000
core   0: 0x80006db0 (0xf1dff593) andi    a1, t6, -227
core   0: 3 0x80006db0 (0xf1dff593) x11 0xd10e160d
core   0: 0x80006db4 (0xce41e993) ori     s3, gp, -796
core   0: 3 0x80006db4 (0xce41e993) x19 0xfffffce5
core   0: 0x80006db8 (0x00f33233) sltu    tp, t1, a5
core   0: 3 0x80006db8 (0x00f33233) x 4 0x00000000
core   0: 0x80006dbc (0xcab0e293) ori     t0, ra, -853
core   0: 3 0x80006dbc (0xcab0e293) x 5 0xfffffcab
core   0: 0x80006dc0 (0x011ca1b3) slt     gp, s9, a7
core   0: 3 0x80006dc0 (0x011ca1b3) x 3 0x00000001
core   0: 0x80006dc4 (0x51726b13) ori     s6, tp, 1303
core   0: 3 0x80006dc4 (0x51726b13) x22 0x00000517
core   0: 0x80006dc8 (0xa340e513) ori     a0, ra, -1484
core   0: 3 0x80006dc8 (0xa340e513) x10 0xfffffa34
core   0: 0x80006dcc (0x000452b3) srl     t0, s0, zero
core   0: 3 0x80006dcc (0x000452b3) x 5 0x40988c20
core   0: 0x80006dd0 (0x01b8f333) and     t1, a7, s11
core   0: 3 0x80006dd0 (0x01b8f333) x 6 0x00000000
core   0: 0x80006dd4 (0xbb1faf93) slti    t6, t6, -1103
core   0: 3 0x80006dd4 (0xbb1faf93) x31 0x00000001
core   0: 0x80006dd8 (0x008dd0b3) srl     ra, s11, s0
core   0: 3 0x80006dd8 (0x008dd0b3) x 1 0x1c467554
core   0: 0x80006ddc (0x852feb13) ori     s6, t6, -1966
core   0: 3 0x80006ddc (0x852feb13) x22 0xfffff853
core   0: 0x80006de0 (0x00d389b3) add     s3, t2, a3
core   0: 3 0x80006de0 (0x00d389b3) x19 0x07fffd36
core   0: 0x80006de4 (0x096abd97) auipc   s11, 0x96ab
core   0: 3 0x80006de4 (0x096abd97) x27 0x896b1de4
core   0: 0x80006de8 (0x41ae80b3) sub     ra, t4, s10
core   0: 3 0x80006de8 (0x41ae80b3) x 1 0xff6100e8
core   0: 0x80006dec (0xecc00613) li      a2, -308
core   0: 3 0x80006dec (0xecc00613) x12 0xfffffecc
core   0: 0x80006df0 (0x4026db93) srai    s7, a3, 2
core   0: 3 0x80006df0 (0x4026db93) x23 0x02000000
core   0: 0x80006df4 (0x7b1b3d13) sltiu   s10, s6, 1969
core   0: 3 0x80006df4 (0x7b1b3d13) x26 0x00000000
core   0: 0x80006df8 (0x404cd893) srai    a7, s9, 4
core   0: 3 0x80006df8 (0x404cd893) x17 0xf80015ce
core   0: 0x80006dfc (0x98282a13) slti    s4, a6, -1662
core   0: 3 0x80006dfc (0x98282a13) x20 0x00000000
core   0: 0x80006e00 (0x9057fb93) andi    s7, a5, -1787
core   0: 3 0x80006e00 (0x9057fb93) x23 0x00000000
core   0: 0x80006e04 (0x28428593) addi    a1, t0, 644
core   0: 3 0x80006e04 (0x28428593) x11 0x40988ea4
core   0: 0x80006e08 (0x41f88b33) sub     s6, a7, t6
core   0: 3 0x80006e08 (0x41f88b33) x22 0xf80015cd
core   0: 0x80006e0c (0x3010b093) sltiu   ra, ra, 769
core   0: 3 0x80006e0c (0x3010b093) x 1 0x00000000
core   0: 0x80006e10 (0x00879913) slli    s2, a5, 8
core   0: 3 0x80006e10 (0x00879913) x18 0x00000000
core   0: 0x80006e14 (0x01f9d793) srli    a5, s3, 31
core   0: 3 0x80006e14 (0x01f9d793) x15 0x00000000
core   0: 0x80006e18 (0x01903bb3) snez    s7, s9
core   0: 3 0x80006e18 (0x01903bb3) x23 0x00000001
core   0: 0x80006e1c (0x0098d293) srli    t0, a7, 9
core   0: 3 0x80006e1c (0x0098d293) x 5 0x007c000a
core   0: 0x80006e20 (0x5217f7b7) lui     a5, 0x5217f
core   0: 3 0x80006e20 (0x5217f7b7) x15 0x5217f000
core   0: 0x80006e24 (0xd3248093) addi    ra, s1, -718
core   0: 3 0x80006e24 (0xd3248093) x 1 0xca01dd32
core   0: 0x80006e28 (0x4093d6b3) sra     a3, t2, s1
core   0: 3 0x80006e28 (0x4093d6b3) x13 0xfffffd36
core   0: 0x80006e2c (0x01744c33) xor     s8, s0, s7
core   0: 3 0x80006e2c (0x01744c33) x24 0x40988c21
core   0: 0x80006e30 (0x01853db3) sltu    s11, a0, s8
core   0: 3 0x80006e30 (0x01853db3) x27 0x00000000
core   0: 0x80006e34 (0xb7554c17) auipc   s8, 0xb7554
core   0: 3 0x80006e34 (0xb7554c17) x24 0x3755ae34
core   0: 0x80006e38 (0x017addb3) srl     s11, s5, s7
core   0: 3 0x80006e38 (0x017addb3) x27 0x4000aeed
core   0: 0x80006e3c (0x01eb63b3) or      t2, s6, t5
core   0: 3 0x80006e3c (0x01eb63b3) x 7 0xf8011fed
core   0: 0x80006e40 (0x010a2c33) slt     s8, s4, a6
core   0: 3 0x80006e40 (0x010a2c33) x24 0x00000001
core   0: 0x80006e44 (0x01bed7b3) srl     a5, t4, s11
core   0: 3 0x80006e44 (0x01bed7b3) x15 0x00040008
core   0: 0x80006e48 (0x00231693) slli    a3, t1, 2
core   0: 3 0x80006e48 (0x00231693) x13 0x00000000
core   0: 0x80006e4c (0x015c3833) sltu    a6, s8, s5
core   0: 3 0x80006e4c (0x015c3833) x16 0x00000001
core   0: 0x80006e50 (0x41965db3) sra     s11, a2, s9
core   0: 3 0x80006e50 (0x41965db3) x27 0xffffffec
core   0: 0x80006e54 (0x00000013) nop
core   0: 3 0x80006e54 (0x00000013)
core   0: 0x80006e58 (0x01008533) add     a0, ra, a6
core   0: 3 0x80006e58 (0x01008533) x10 0xca01dd33
core   0: 0x80006e5c (0x012b6033) or      zero, s6, s2
core   0: 3 0x80006e5c (0x012b6033)
core   0: 0x80006e60 (0x0060d233) srl     tp, ra, t1
core   0: 3 0x80006e60 (0x0060d233) x 4 0xca01dd32
core   0: 0x80006e64 (0x6fbfe793) ori     a5, t6, 1787
core   0: 3 0x80006e64 (0x6fbfe793) x15 0x000006fb
core   0: 0x80006e68 (0x12920b93) addi    s7, tp, 297
core   0: 3 0x80006e68 (0x12920b93) x23 0xca01de5b
core   0: 0x80006e6c (0x356cab93) slti    s7, s9, 854
core   0: 3 0x80006e6c (0x356cab93) x23 0x00000001
core   0: 0x80006e70 (0x40f58f33) sub     t5, a1, a5
core   0: 3 0x80006e70 (0x40f58f33) x30 0x409887a9
core   0: 0x80006e74 (0x002962b3) or      t0, s2, sp
core   0: 3 0x80006e74 (0x002962b3) x 5 0x00000000
core   0: 0x80006e78 (0x010d36b3) sltu    a3, s10, a6
core   0: 3 0x80006e78 (0x010d36b3) x13 0x00000001
core   0: 0x80006e7c (0x3e7bbd13) sltiu   s10, s7, 999
core   0: 3 0x80006e7c (0x3e7bbd13) x26 0x00000001
core   0: 0x80006e80 (0x00aa6633) or      a2, s4, a0
core   0: 3 0x80006e80 (0x00aa6633) x12 0xca01dd33
core   0: 0x80006e84 (0x019a9793) slli    a5, s5, 25
core   0: 3 0x80006e84 (0x019a9793) x15 0xb6000000
core   0: 0x80006e88 (0x136582b7) lui     t0, 0x13658
core   0: 3 0x80006e88 (0x136582b7) x 5 0x13658000
core   0: 0x80006e8c (0x53528293) addi    t0, t0, 1333
core   0: 3 0x80006e8c (0x53528293) x 5 0x13658535
core   0: 0x80006e90 (0xfff00413) li      s0, -1
core   0: 3 0x80006e90 (0xfff00413) x 8 0xffffffff
core   0: 0x80006e94 (0x80000db7) lui     s11, 0x80000
core   0: 3 0x80006e94 (0x80000db7) x27 0x80000000
core   0: 0x80006e98 (0x800006b7) lui     a3, 0x80000
core   0: 3 0x80006e98 (0x800006b7) x13 0x80000000
core   0: 0x80006e9c (0x00000793) li      a5, 0
core   0: 3 0x80006e9c (0x00000793) x15 0x00000000
core   0: 0x80006ea0 (0x80000fb7) lui     t6, 0x80000
core   0: 3 0x80006ea0 (0x80000fb7) x31 0x80000000
core   0: 0x80006ea4 (0xfff00213) li      tp, -1
core   0: 3 0x80006ea4 (0xfff00213) x 4 0xffffffff
core   0: 0x80006ea8 (0x800005b7) lui     a1, 0x80000
core   0: 3 0x80006ea8 (0x800005b7) x11 0x80000000
core   0: 0x80006eac (0x800009b7) lui     s3, 0x80000
core   0: 3 0x80006eac (0x800009b7) x19 0x80000000
core   0: 0x80006eb0 (0x80000e37) lui     t3, 0x80000
core   0: 3 0x80006eb0 (0x80000e37) x28 0x80000000
core   0: 0x80006eb4 (0x00000013) nop
core   0: 3 0x80006eb4 (0x00000013)
core   0: 0x80006eb8 (0x833a37b7) lui     a5, 0x833a3
core   0: 3 0x80006eb8 (0x833a37b7) x15 0x833a3000
core   0: 0x80006ebc (0x00000013) nop
core   0: 3 0x80006ebc (0x00000013)
core   0: 0x80006ec0 (0x15894237) lui     tp, 0x15894
core   0: 3 0x80006ec0 (0x15894237) x 4 0x15894000
core   0: 0x80006ec4 (0x01cf8e33) add     t3, t6, t3
core   0: 3 0x80006ec4 (0x01cf8e33) x28 0x00000000
core   0: 0x80006ec8 (0x72008997) auipc   s3, 0x72008
core   0: 3 0x80006ec8 (0x72008997) x19 0xf200eec8
core   0: 0x80006ecc (0xe77effb7) lui     t6, 0xe77ef
core   0: 3 0x80006ecc (0xe77effb7) x31 0xe77ef000
core   0: 0x80006ed0 (0x404e05b3) sub     a1, t3, tp
core   0: 3 0x80006ed0 (0x404e05b3) x11 0xea76c000
core   0: 0x80006ed4 (0xf776d597) auipc   a1, 0xf776d
core   0: 3 0x80006ed4 (0xf776d597) x11 0x77773ed4
core   0: 0x80006ed8 (0x00898433) add     s0, s3, s0
core   0: 3 0x80006ed8 (0x00898433) x 8 0xf200eec7
core   0: 0x80006edc (0x00f589b3) add     s3, a1, a5
core   0: 3 0x80006edc (0x00f589b3) x19 0xfab16ed4
core   0: 0x80006ee0 (0x98b99297) auipc   t0, 0x98b99
core   0: 3 0x80006ee0 (0x98b99297) x 5 0x18b9fee0
core   0: 0x80006ee4 (0x06e97437) lui     s0, 0x6e97
core   0: 3 0x80006ee4 (0x06e97437) x 8 0x06e97000
core   0: 0x80006ee8 (0x01c406b3) add     a3, s0, t3
core   0: 3 0x80006ee8 (0x01c406b3) x13 0x06e97000
core   0: 0x80006eec (0xb0c479b7) lui     s3, 0xb0c47
core   0: 3 0x80006eec (0xb0c479b7) x19 0xb0c47000
core   0: 0x80006ef0 (0x50347417) auipc   s0, 0x50347
core   0: 3 0x80006ef0 (0x50347417) x 8 0xd034def0
core   0: 0x80006ef4 (0x30798413) addi    s0, s3, 775
core   0: 3 0x80006ef4 (0x30798413) x 8 0xb0c47307
core   0: 0x80006ef8 (0x9a4a8997) auipc   s3, 0x9a4a8
core   0: 3 0x80006ef8 (0x9a4a8997) x19 0x1a4aeef8
core   0: 0x80006efc (0x01b98e33) add     t3, s3, s11
core   0: 3 0x80006efc (0x01b98e33) x28 0x9a4aeef8
core   0: 0x80006f00 (0x013285b3) add     a1, t0, s3
core   0: 3 0x80006f00 (0x013285b3) x11 0x3304edd8
core   0: 0x80006f04 (0x004959b3) srl     s3, s2, tp
core   0: 3 0x80006f04 (0x004959b3) x19 0x00000000
core   0: 0x80006f08 (0x01757b33) and     s6, a0, s7
core   0: 3 0x80006f08 (0x01757b33) x22 0x00000001
core   0: 0x80006f0c (0x01da9a93) slli    s5, s5, 29
core   0: 3 0x80006f0c (0x01da9a93) x21 0x60000000
core   0: 0x80006f10 (0x40de0933) sub     s2, t3, a3
core   0: 3 0x80006f10 (0x40de0933) x18 0x93617ef8
core   0: 0x80006f14 (0x015ddf33) srl     t5, s11, s5
core   0: 3 0x80006f14 (0x015ddf33) x30 0x80000000
core   0: 0x80006f18 (0x74e4f593) andi    a1, s1, 1870
core   0: 3 0x80006f18 (0x74e4f593) x11 0x00000000
core   0: 0x80006f1c (0x01274b33) xor     s6, a4, s2
core   0: 3 0x80006f1c (0x01274b33) x22 0x13617ef8
core   0: 0x80006f20 (0x00dd6033) or      zero, s10, a3
core   0: 3 0x80006f20 (0x00dd6033)
core   0: 0x80006f24 (0x404bbd13) sltiu   s10, s7, 1028
core   0: 3 0x80006f24 (0x404bbd13) x26 0x00000001
core   0: 0x80006f28 (0x00000013) nop
core   0: 3 0x80006f28 (0x00000013)
core   0: 0x80006f2c (0xeeaee693) ori     a3, t4, -278
core   0: 3 0x80006f2c (0xeeaee693) x13 0xfffffeee
core   0: 0x80006f30 (0x41845393) srai    t2, s0, 24
core   0: 3 0x80006f30 (0x41845393) x 7 0xffffffb0
core   0: 0x80006f34 (0x00f948b3) xor     a7, s2, a5
core   0: 3 0x80006f34 (0x00f948b3) x17 0x105b4ef8
core   0: 0x80006f38 (0x00000013) nop
core   0: 3 0x80006f38 (0x00000013)
core   0: 0x80006f3c (0x018a57b3) srl     a5, s4, s8
core   0: 3 0x80006f3c (0x018a57b3) x15 0x00000000
core   0: 0x80006f40 (0x00000013) nop
core   0: 3 0x80006f40 (0x00000013)
core   0: 0x80006f44 (0x01d64bb3) xor     s7, a2, t4
core   0: 3 0x80006f44 (0x01d64bb3) x23 0x4a00c357
core   0: 0x80006f48 (0x00e1bab3) sltu    s5, gp, a4
core   0: 3 0x80006f48 (0x00e1bab3) x21 0x00000001
core   0: 0x80006f4c (0x41f6df33) sra     t5, a3, t6
core   0: 3 0x80006f4c (0x41f6df33) x30 0xfffffeee
core   0: 0x80006f50 (0x92597b93) andi    s7, s2, -1755
core   0: 3 0x80006f50 (0x92597b93) x23 0x93617820
core   0: 0x80006f54 (0x000f62b3) or      t0, t5, zero
core   0: 3 0x80006f54 (0x000f62b3) x 5 0xfffffeee
core   0: 0x80006f58 (0x00000013) nop
core   0: 3 0x80006f58 (0x00000013)
core   0: 0x80006f5c (0x01cd7633) and     a2, s10, t3
core   0: 3 0x80006f5c (0x01cd7633) x12 0x00000000
core   0: 0x80006f60 (0x00a3e833) or      a6, t2, a0
core   0: 3 0x80006f60 (0x00a3e833) x16 0xffffffb3
core   0: 0x80006f64 (0x418b0093) addi    ra, s6, 1048
core   0: 3 0x80006f64 (0x418b0093) x 1 0x13618310
core   0: 0x80006f68 (0x0178d0b3) srl     ra, a7, s7
core   0: 3 0x80006f68 (0x0178d0b3) x 1 0x105b4ef8
core   0: 0x80006f6c (0x414a5933) sra     s2, s4, s4
core   0: 3 0x80006f6c (0x414a5933) x18 0x00000000
core   0: 0x80006f70 (0x00be1ab3) sll     s5, t3, a1
core   0: 3 0x80006f70 (0x00be1ab3) x21 0x9a4aeef8
core   0: 0x80006f74 (0x574e3c13) sltiu   s8, t3, 1396
core   0: 3 0x80006f74 (0x574e3c13) x24 0x00000000
core   0: 0x80006f78 (0x00530933) add     s2, t1, t0
core   0: 3 0x80006f78 (0x00530933) x18 0xfffffeee
core   0: 0x80006f7c (0x0067cb33) xor     s6, a5, t1
core   0: 3 0x80006f7c (0x0067cb33) x22 0x00000000
core   0: 0x80006f80 (0x00d1b8b3) sltu    a7, gp, a3
core   0: 3 0x80006f80 (0x00d1b8b3) x17 0x00000001
core   0: 0x80006f84 (0x018348b3) xor     a7, t1, s8
core   0: 3 0x80006f84 (0x018348b3) x17 0x00000000
core   0: 0x80006f88 (0x002a1433) sll     s0, s4, sp
core   0: 3 0x80006f88 (0x002a1433) x 8 0x00000000
core   0: 0x80006f8c (0x412659b3) sra     s3, a2, s2
core   0: 3 0x80006f8c (0x412659b3) x19 0x00000000
core   0: 0x80006f90 (0x403385b3) sub     a1, t2, gp
core   0: 3 0x80006f90 (0x403385b3) x11 0xffffffaf
core   0: 0x80006f94 (0x007e3b33) sltu    s6, t3, t2
core   0: 3 0x80006f94 (0x007e3b33) x22 0x00000001
core   0: 0x80006f98 (0xb5c6f5b7) lui     a1, 0xb5c6f
core   0: 3 0x80006f98 (0xb5c6f5b7) x11 0xb5c6f000
core   0: 0x80006f9c (0x6e51c213) xori    tp, gp, 1765
core   0: 3 0x80006f9c (0x6e51c213) x 4 0x000006e4
core   0: 0x80006fa0 (0x01b4b0b3) sltu    ra, s1, s11
core   0: 3 0x80006fa0 (0x01b4b0b3) x 1 0x00000000
core   0: 0x80006fa4 (0x00e6e133) or      sp, a3, a4
core   0: 3 0x80006fa4 (0x00e6e133) x 2 0xfffffeee
core   0: 0x80006fa8 (0x036de393) ori     t2, s11, 54
core   0: 3 0x80006fa8 (0x036de393) x 7 0x80000036
core   0: 0x80006fac (0x00913c33) sltu    s8, sp, s1
core   0: 3 0x80006fac (0x00913c33) x24 0x00000000
core   0: 0x80006fb0 (0x00550333) add     t1, a0, t0
core   0: 3 0x80006fb0 (0x00550333) x 6 0xca01dc21
core   0: 0x80006fb4 (0x00537fb3) and     t6, t1, t0
core   0: 3 0x80006fb4 (0x00537fb3) x31 0xca01dc20
core   0: 0x80006fb8 (0x2e97ca93) xori    s5, a5, 745
core   0: 3 0x80006fb8 (0x2e97ca93) x21 0x000002e9
core   0: 0x80006fbc (0xe0343613) sltiu   a2, s0, -509
core   0: 3 0x80006fbc (0xe0343613) x12 0x00000001
core   0: 0x80006fc0 (0x00e72bb3) slt     s7, a4, a4
core   0: 3 0x80006fc0 (0x00e72bb3) x23 0x00000000
core   0: 0x80006fc4 (0x40a288b3) sub     a7, t0, a0
core   0: 3 0x80006fc4 (0x40a288b3) x17 0x35fe21bb
core   0: 0x80006fc8 (0x42fdad93) slti    s11, s11, 1071
core   0: 3 0x80006fc8 (0x42fdad93) x27 0x00000001
core   0: 0x80006fcc (0x31996d93) ori     s11, s2, 793
core   0: 3 0x80006fcc (0x31996d93) x27 0xffffffff
core   0: 0x80006fd0 (0x41860e33) sub     t3, a2, s8
core   0: 3 0x80006fd0 (0x41860e33) x28 0x00000001
core   0: 0x80006fd4 (0x00b07fb3) and     t6, zero, a1
core   0: 3 0x80006fd4 (0x00b07fb3) x31 0x00000000
core   0: 0x80006fd8 (0x828dd9b7) lui     s3, 0x828dd
core   0: 3 0x80006fd8 (0x828dd9b7) x19 0x828dd000
core   0: 0x80006fdc (0x013d0db3) add     s11, s10, s3
core   0: 3 0x80006fdc (0x013d0db3) x27 0x828dd001
core   0: 0x80006fe0 (0x0fb7c313) xori    t1, a5, 251
core   0: 3 0x80006fe0 (0x0fb7c313) x 6 0x000000fb
core   0: 0x80006fe4 (0x5d73ed13) ori     s10, t2, 1495
core   0: 3 0x80006fe4 (0x5d73ed13) x26 0x800005f7
core   0: 0x80006fe8 (0x0084b0b3) sltu    ra, s1, s0
core   0: 3 0x80006fe8 (0x0084b0b3) x 1 0x00000000
core   0: 0x80006fec (0x00000013) nop
core   0: 3 0x80006fec (0x00000013)
core   0: 0x80006ff0 (0x01826933) or      s2, tp, s8
core   0: 3 0x80006ff0 (0x01826933) x18 0x000006e4
core   0: 0x80006ff4 (0x004829b3) slt     s3, a6, tp
core   0: 3 0x80006ff4 (0x004829b3) x19 0x00000001
core   0: 0x80006ff8 (0x41b5d293) srai    t0, a1, 27
core   0: 3 0x80006ff8 (0x41b5d293) x 5 0xfffffff6
core   0: 0x80006ffc (0x01f7ebb3) or      s7, a5, t6
core   0: 3 0x80006ffc (0x01f7ebb3) x23 0x00000000
core   0: 0x80007000 (0x40d65433) sra     s0, a2, a3
core   0: 3 0x80007000 (0x40d65433) x 8 0x00000000
core   0: 0x80007004 (0x80767913) andi    s2, a2, -2041
core   0: 3 0x80007004 (0x80767913) x18 0x00000001
core   0: 0x80007008 (0x01d097b3) sll     a5, ra, t4
core   0: 3 0x80007008 (0x01d097b3) x15 0x00000000
core   0: 0x8000700c (0x400d8c33) sub     s8, s11, zero
core   0: 3 0x8000700c (0x400d8c33) x24 0x828dd001
core   0: 0x80007010 (0x5df0cd93) xori    s11, ra, 1503
core   0: 3 0x80007010 (0x5df0cd93) x27 0x000005df
core   0: 0x80007014 (0x01d9e7b3) or      a5, s3, t4
core   0: 3 0x80007014 (0x01d9e7b3) x15 0x80011e65
core   0: 0x80007018 (0x0154ca33) xor     s4, s1, s5
core   0: 3 0x80007018 (0x0154ca33) x20 0xca01e2e9
core   0: 0x8000701c (0x012dd933) srl     s2, s11, s2
core   0: 3 0x8000701c (0x012dd933) x18 0x000002ef
core   0: 0x80007020 (0x0145ff33) and     t5, a1, s4
core   0: 3 0x80007020 (0x0145ff33) x30 0x8000e000
core   0: 0x80007024 (0x0083b533) sltu    a0, t2, s0
core   0: 3 0x80007024 (0x0083b533) x10 0x00000000
core   0: 0x80007028 (0x41af0db3) sub     s11, t5, s10
core   0: 3 0x80007028 (0x41af0db3) x27 0x0000da09
core   0: 0x8000702c (0x00000013) nop
core   0: 3 0x8000702c (0x00000013)
core   0: 0x80007030 (0x40ef08b3) sub     a7, t5, a4
core   0: 3 0x80007030 (0x40ef08b3) x17 0x0000e000
core   0: 0x80007034 (0x00e7cf33) xor     t5, a5, a4
core   0: 3 0x80007034 (0x00e7cf33) x30 0x00011e65
core   0: 0x80007038 (0x010a1833) sll     a6, s4, a6
core   0: 3 0x80007038 (0x010a1833) x16 0x17480000
core   0: 0x8000703c (0x00af4b33) xor     s6, t5, a0
core   0: 3 0x8000703c (0x00af4b33) x22 0x00011e65
core   0: 0x80007040 (0x68134213) xori    tp, t1, 1665
core   0: 3 0x80007040 (0x68134213) x 4 0x0000067a
core   0: 0x80007044 (0x40cbd7b3) sra     a5, s7, a2
core   0: 3 0x80007044 (0x40cbd7b3) x15 0x00000000
core   0: 0x80007048 (0x35663413) sltiu   s0, a2, 854
core   0: 3 0x80007048 (0x35663413) x 8 0x00000001
core   0: 0x8000704c (0x36a94493) xori    s1, s2, 874
core   0: 3 0x8000704c (0x36a94493) x 9 0x00000185
core   0: 0x80007050 (0x88998b93) addi    s7, s3, -1911
core   0: 3 0x80007050 (0x88998b93) x23 0xfffff88a
core   0: 0x80007054 (0x40aa0db3) sub     s11, s4, a0
core   0: 3 0x80007054 (0x40aa0db3) x27 0xca01e2e9
core   0: 0x80007058 (0xa40de393) ori     t2, s11, -1472
core   0: 3 0x80007058 (0xa40de393) x 7 0xfffffae9
core   0: 0x8000705c (0x41965493) srai    s1, a2, 25
core   0: 3 0x8000705c (0x41965493) x 9 0x00000000
core   0: 0x80007060 (0x412adfb3) sra     t6, s5, s2
core   0: 3 0x80007060 (0x412adfb3) x31 0x00000000
core   0: 0x80007064 (0x01a475b3) and     a1, s0, s10
core   0: 3 0x80007064 (0x01a475b3) x11 0x00000001
core   0: 0x80007068 (0x7eb1efb7) lui     t6, 0x7eb1e
core   0: 3 0x80007068 (0x7eb1efb7) x31 0x7eb1e000
core   0: 0x8000706c (0x006f4ab3) xor     s5, t5, t1
core   0: 3 0x8000706c (0x006f4ab3) x21 0x00011e9e
core   0: 0x80007070 (0x01526133) or      sp, tp, s5
core   0: 3 0x80007070 (0x01526133) x 2 0x00011efe
core   0: 0x80007074 (0xf215b793) sltiu   a5, a1, -223
core   0: 3 0x80007074 (0xf215b793) x15 0x00000001
core   0: 0x80007078 (0x40868933) sub     s2, a3, s0
core   0: 3 0x80007078 (0x40868933) x18 0xfffffeed
core   0: 0x8000707c (0xba084213) xori    tp, a6, -1120
core   0: 3 0x8000707c (0xba084213) x 4 0xe8b7fba0
core   0: 0x80007080 (0x2b43f493) andi    s1, t2, 692
core   0: 3 0x80007080 (0x2b43f493) x 9 0x000002a0
core   0: 0x80007084 (0x00a9edb3) or      s11, s3, a0
core   0: 3 0x80007084 (0x00a9edb3) x27 0x00000001
core   0: 0x80007088 (0x0054db13) srli    s6, s1, 5
core   0: 3 0x80007088 (0x0054db13) x22 0x00000015
core   0: 0x8000708c (0x012e9533) sll     a0, t4, s2
core   0: 3 0x8000708c (0x012e9533) x10 0x23cc8000
core   0: 0x80007090 (0x41d18833) sub     a6, gp, t4
core   0: 3 0x80007090 (0x41d18833) x16 0x7ffee19d
core   0: 0x80007094 (0xfb500f13) li      t5, -75
core   0: 3 0x80007094 (0xfb500f13) x30 0xffffffb5
core   0: 0x80007098 (0x009b6fb3) or      t6, s6, s1
core   0: 3 0x80007098 (0x009b6fb3) x31 0x000002b5
core   0: 0x8000709c (0x010527b3) slt     a5, a0, a6
core   0: 3 0x8000709c (0x010527b3) x15 0x00000001
core   0: 0x800070a0 (0x50e58d13) addi    s10, a1, 1294
core   0: 3 0x800070a0 (0x50e58d13) x26 0x0000050f
core   0: 0x800070a4 (0x01f80533) add     a0, a6, t6
core   0: 3 0x800070a4 (0x01f80533) x10 0x7ffee452
core   0: 0x800070a8 (0x00545433) srl     s0, s0, t0
core   0: 3 0x800070a8 (0x00545433) x 8 0x00000000
core   0: 0x800070ac (0x0012b2b3) sltu    t0, t0, ra
core   0: 3 0x800070ac (0x0012b2b3) x 5 0x00000000
core   0: 0x800070b0 (0x0023b433) sltu    s0, t2, sp
core   0: 3 0x800070b0 (0x0023b433) x 8 0x00000000
core   0: 0x800070b4 (0x90044d17) auipc   s10, 0x90044
core   0: 3 0x800070b4 (0x90044d17) x26 0x1004b0b4
core   0: 0x800070b8 (0x99418a93) addi    s5, gp, -1644
core   0: 3 0x800070b8 (0x99418a93) x21 0xfffff995
core   0: 0x800070bc (0x01da4633) xor     a2, s4, t4
core   0: 3 0x800070bc (0x01da4633) x12 0x4a00fc8d
core   0: 0x800070c0 (0xc6474a93) xori    s5, a4, -924
core   0: 3 0x800070c0 (0xc6474a93) x21 0x7ffffc64
core   0: 0x800070c4 (0x002137b3) sltu    a5, sp, sp
core   0: 3 0x800070c4 (0x002137b3) x15 0x00000000
core   0: 0x800070c8 (0x0050ee33) or      t3, ra, t0
core   0: 3 0x800070c8 (0x0050ee33) x28 0x00000000
core   0: 0x800070cc (0x00d85a33) srl     s4, a6, a3
core   0: 3 0x800070cc (0x00d85a33) x20 0x0001fffb
core   0: 0x800070d0 (0x2f8eaf93) slti    t6, t4, 760
core   0: 3 0x800070d0 (0x2f8eaf93) x31 0x00000001
core   0: 0x800070d4 (0x005cdd13) srli    s10, s9, 5
core   0: 3 0x800070d4 (0x005cdd13) x26 0x04000ae7
core   0: 0x800070d8 (0x413f5533) sra     a0, t5, s3
core   0: 3 0x800070d8 (0x413f5533) x10 0xffffffda
core   0: 0x800070dc (0x4f2a3993) sltiu   s3, s4, 1266
core   0: 3 0x800070dc (0x4f2a3993) x19 0x00000000
core   0: 0x800070e0 (0x406402b3) sub     t0, s0, t1
core   0: 3 0x800070e0 (0x406402b3) x 5 0xffffff05
core   0: 0x800070e4 (0x40a35e33) sra     t3, t1, a0
core   0: 3 0x800070e4 (0x40a35e33) x28 0x00000000
core   0: 0x800070e8 (0x0f75ed13) ori     s10, a1, 247
core   0: 3 0x800070e8 (0x0f75ed13) x26 0x000000f7
core   0: 0x800070ec (0xe7d69437) lui     s0, 0xe7d69
core   0: 3 0x800070ec (0xe7d69437) x 8 0xe7d69000
core   0: 0x800070f0 (0x0141a2b3) slt     t0, gp, s4
core   0: 3 0x800070f0 (0x0141a2b3) x 5 0x00000001
core   0: 0x800070f4 (0x5d4b0a13) addi    s4, s6, 1492
core   0: 3 0x800070f4 (0x5d4b0a13) x20 0x000005e9
core   0: 0x800070f8 (0x3b94c513) xori    a0, s1, 953
core   0: 3 0x800070f8 (0x3b94c513) x10 0x00000119
core   0: 0x800070fc (0x40ea5c13) srai    s8, s4, 14
core   0: 3 0x800070fc (0x40ea5c13) x24 0x00000000
core   0: 0x80007100 (0x01b231b3) sltu    gp, tp, s11
core   0: 3 0x80007100 (0x01b231b3) x 3 0x00000000
core   0: 0x80007104 (0x737e6113) ori     sp, t3, 1847
core   0: 3 0x80007104 (0x737e6113) x 2 0x00000737
core   0: 0x80007108 (0x01e31493) slli    s1, t1, 30
core   0: 3 0x80007108 (0x01e31493) x 9 0xc0000000
core   0: 0x8000710c (0x01cf0133) add     sp, t5, t3
core   0: 3 0x8000710c (0x01cf0133) x 2 0xffffffb5
core   0: 0x80007110 (0x00a69d13) slli    s10, a3, 10
core   0: 3 0x80007110 (0x00a69d13) x26 0xfffbb800
core   0: 0x80007114 (0x00ef36b3) sltu    a3, t5, a4
core   0: 3 0x80007114 (0x00ef36b3) x13 0x00000000
core   0: 0x80007118 (0x4671ef93) ori     t6, gp, 1127
core   0: 3 0x80007118 (0x4671ef93) x31 0x00000467
core   0: 0x8000711c (0x0002ab33) slt     s6, t0, zero
core   0: 3 0x8000711c (0x0002ab33) x22 0x00000000
core   0: 0x80007120 (0x419d5db3) sra     s11, s10, s9
core   0: 3 0x80007120 (0x419d5db3) x27 0xffffbb80
core   0: 0x80007124 (0x9ca44497) auipc   s1, 0x9ca44
core   0: 3 0x80007124 (0x9ca44497) x 9 0x1ca4b124
core   0: 0x80007128 (0x41f655b3) sra     a1, a2, t6
core   0: 3 0x80007128 (0x41f655b3) x11 0x009401f9
core   0: 0x8000712c (0x41625113) srai    sp, tp, 22
core   0: 3 0x8000712c (0x41625113) x 2 0xffffffa2
core   0: 0x80007130 (0xece20d17) auipc   s10, 0xece20
core   0: 3 0x80007130 (0xece20d17) x26 0x6ce27130
core   0: 0x80007134 (0x407a88b3) sub     a7, s5, t2
core   0: 3 0x80007134 (0x407a88b3) x17 0x8000017b
core   0: 0x80007138 (0x009a39b3) sltu    s3, s4, s1
core   0: 3 0x80007138 (0x009a39b3) x19 0x00000001
core   0: 0x8000713c (0x01c78433) add     s0, a5, t3
core   0: 3 0x8000713c (0x01c78433) x 8 0x00000000
core   0: 0x80007140 (0x01f86c33) or      s8, a6, t6
core   0: 3 0x80007140 (0x01f86c33) x24 0x7ffee5ff
core   0: 0x80007144 (0x01a3c6b3) xor     a3, t2, s10
core   0: 3 0x80007144 (0x01a3c6b3) x13 0x931d8bd9
core   0: 0x80007148 (0x00cee533) or      a0, t4, a2
core   0: 3 0x80007148 (0x00cee533) x10 0xca01feed
core   0: 0x8000714c (0x40b3dc33) sra     s8, t2, a1
core   0: 3 0x8000714c (0x40b3dc33) x24 0xffffffff
core   0: 0x80007150 (0x40d00c33) sub     s8, zero, a3
core   0: 3 0x80007150 (0x40d00c33) x24 0x6ce27427
core   0: 0x80007154 (0x00b89593) slli    a1, a7, 11
core   0: 3 0x80007154 (0x00b89593) x11 0x000bd800
core   0: 0x80007158 (0xb2a1ddb7) lui     s11, 0xb2a1d
core   0: 3 0x80007158 (0xb2a1ddb7) x27 0xb2a1d000
core   0: 0x8000715c (0x2f7cfd93) andi    s11, s9, 759
core   0: 3 0x8000715c (0x2f7cfd93) x27 0x000000e4
core   0: 0x80007160 (0x01d35d93) srli    s11, t1, 29
core   0: 3 0x80007160 (0x01d35d93) x27 0x00000000
core   0: 0x80007164 (0x03d7a193) slti    gp, a5, 61
core   0: 3 0x80007164 (0x03d7a193) x 3 0x00000001
core   0: 0x80007168 (0x0060bfb3) sltu    t6, ra, t1
core   0: 3 0x80007168 (0x0060bfb3) x31 0x00000001
core   0: 0x8000716c (0x01003f33) snez    t5, a6
core   0: 3 0x8000716c (0x01003f33) x30 0x00000001
core   0: 0x80007170 (0x008574b3) and     s1, a0, s0
core   0: 3 0x80007170 (0x008574b3) x 9 0x00000000
core   0: 0x80007174 (0x0177fab3) and     s5, a5, s7
core   0: 3 0x80007174 (0x0177fab3) x21 0x00000000
core   0: 0x80007178 (0xcbf48913) addi    s2, s1, -833
core   0: 3 0x80007178 (0xcbf48913) x18 0xfffffcbf
core   0: 0x8000717c (0x0081a4b3) slt     s1, gp, s0
core   0: 3 0x8000717c (0x0081a4b3) x 9 0x00000000
core   0: 0x80007180 (0x0dd2ac13) slti    s8, t0, 221
core   0: 3 0x80007180 (0x0dd2ac13) x24 0x00000001
core   0: 0x80007184 (0x007f15b3) sll     a1, t5, t2
core   0: 3 0x80007184 (0x007f15b3) x11 0x00000200
core   0: 0x80007188 (0xd70b6037) lui     zero, 0xd70b6
core   0: 3 0x80007188 (0xd70b6037)
core   0: 0x8000718c (0x00cd9a93) slli    s5, s11, 12
core   0: 3 0x8000718c (0x00cd9a93) x21 0x00000000
core   0: 0x80007190 (0x01419993) slli    s3, gp, 20
core   0: 3 0x80007190 (0x01419993) x19 0x00100000
core   0: 0x80007194 (0x004e1413) slli    s0, t3, 4
core   0: 3 0x80007194 (0x004e1413) x 8 0x00000000
core   0: 0x80007198 (0x018d4633) xor     a2, s10, s8
core   0: 3 0x80007198 (0x018d4633) x12 0x6ce27131
core   0: 0x8000719c (0x012d8233) add     tp, s11, s2
core   0: 3 0x8000719c (0x012d8233) x 4 0xfffffcbf
core   0: 0x800071a0 (0x4188d933) sra     s2, a7, s8
core   0: 3 0x800071a0 (0x4188d933) x18 0xc00000bd
core   0: 0x800071a4 (0xf0f1e913) ori     s2, gp, -241
core   0: 3 0x800071a4 (0xf0f1e913) x18 0xffffff0f
core   0: 0x800071a8 (0x054fee13) ori     t3, t6, 84
core   0: 3 0x800071a8 (0x054fee13) x28 0x00000055
core   0: 0x800071ac (0x01053b33) sltu    s6, a0, a6
core   0: 3 0x800071ac (0x01053b33) x22 0x00000000
core   0: 0x800071b0 (0x00000013) nop
core   0: 3 0x800071b0 (0x00000013)
core   0: 0x800071b4 (0x019b4333) xor     t1, s6, s9
core   0: 3 0x800071b4 (0x019b4333) x 6 0x80015ce4
core   0: 0x800071b8 (0x41dd8d33) sub     s10, s11, t4
core   0: 3 0x800071b8 (0x41dd8d33) x26 0x7ffee19c
core   0: 0x800071bc (0x010b6a33) or      s4, s6, a6
core   0: 3 0x800071bc (0x010b6a33) x20 0x7ffee19d
core   0: 0x800071c0 (0x0175aa33) slt     s4, a1, s7
core   0: 3 0x800071c0 (0x0175aa33) x20 0x00000000
core   0: 0x800071c4 (0x004e8f33) add     t5, t4, tp
core   0: 3 0x800071c4 (0x004e8f33) x30 0x80011b23
core   0: 0x800071c8 (0x0f798013) addi    zero, s3, 247
core   0: 3 0x800071c8 (0x0f798013)
core   0: 0x800071cc (0x01bab5b3) sltu    a1, s5, s11
core   0: 3 0x800071cc (0x01bab5b3) x11 0x00000000
core   0: 0x800071d0 (0x01c03d33) snez    s10, t3
core   0: 3 0x800071d0 (0x01c03d33) x26 0x00000001
core   0: 0x800071d4 (0x41ea5033) sra     zero, s4, t5
core   0: 3 0x800071d4 (0x41ea5033)
core   0: 0x800071d8 (0x00723db3) sltu    s11, tp, t2
core   0: 3 0x800071d8 (0x00723db3) x27 0x00000000
core   0: 0x800071dc (0x133782b7) lui     t0, 0x13378
core   0: 3 0x800071dc (0x133782b7) x 5 0x13378000
core   0: 0x800071e0 (0x47918017) auipc   zero, 0x47918
core   0: 3 0x800071e0 (0x47918017)
core   0: 0x800071e4 (0x2f39a613) slti    a2, s3, 755
core   0: 3 0x800071e4 (0x2f39a613) x12 0x00000000
core   0: 0x800071e8 (0x44792493) slti    s1, s2, 1095
core   0: 3 0x800071e8 (0x44792493) x 9 0x00000001
core   0: 0x800071ec (0xb6274f93) xori    t6, a4, -1182
core   0: 3 0x800071ec (0xb6274f93) x31 0x7ffffb62
core   0: 0x800071f0 (0x7e5b0493) addi    s1, s6, 2021
core   0: 3 0x800071f0 (0x7e5b0493) x 9 0x000007e5
core   0: 0x800071f4 (0x00d40533) add     a0, s0, a3
core   0: 3 0x800071f4 (0x00d40533) x10 0x931d8bd9
core   0: 0x800071f8 (0x413f8c33) sub     s8, t6, s3
core   0: 3 0x800071f8 (0x413f8c33) x24 0x7feffb62
core   0: 0x800071fc (0x0e372a93) slti    s5, a4, 227
core   0: 3 0x800071fc (0x0e372a93) x21 0x00000001
core   0: 0x80007200 (0x984c6613) ori     a2, s8, -1660
core   0: 3 0x80007200 (0x984c6613) x12 0xfffffbe6
core   0: 0x80007204 (0x40dd5313) srai    t1, s10, 13
core   0: 3 0x80007204 (0x40dd5313) x 6 0x00000000
core   0: 0x80007208 (0x00afb333) sltu    t1, t6, a0
core   0: 3 0x80007208 (0x00afb333) x 6 0x00000001
core   0: 0x8000720c (0xd8568893) addi    a7, a3, -635
core   0: 3 0x8000720c (0xd8568893) x17 0x931d895e
core   0: 0x80007210 (0x00000013) nop
core   0: 3 0x80007210 (0x00000013)
core   0: 0x80007214 (0x019f57b3) srl     a5, t5, s9
core   0: 3 0x80007214 (0x019f57b3) x15 0x080011b2
core   0: 0x80007218 (0xec52f913) andi    s2, t0, -315
core   0: 3 0x80007218 (0xec52f913) x18 0x13378000
core   0: 0x8000721c (0xc4060d93) addi    s11, a2, -960
core   0: 3 0x8000721c (0xc4060d93) x27 0xfffff826
core   0: 0x80007220 (0x64086f93) ori     t6, a6, 1600
core   0: 3 0x80007220 (0x64086f93) x31 0x7ffee7dd
core   0: 0x80007224 (0xf83bc613) xori    a2, s7, -125
core   0: 3 0x80007224 (0xf83bc613) x12 0x00000709
core   0: 0x80007228 (0x30b32c13) slti    s8, t1, 779
core   0: 3 0x80007228 (0x30b32c13) x24 0x00000001
core   0: 0x8000722c (0x01126bb3) or      s7, tp, a7
core   0: 3 0x8000722c (0x01126bb3) x23 0xfffffdff
core   0: 0x80007230 (0x01b05db3) srl     s11, zero, s11
core   0: 3 0x80007230 (0x01b05db3) x27 0x00000000
core   0: 0x80007234 (0x29f40193) addi    gp, s0, 671
core   0: 3 0x80007234 (0x29f40193) x 3 0x0000029f
core   0: 0x80007238 (0x4134d213) srai    tp, s1, 19
core   0: 3 0x80007238 (0x4134d213) x 4 0x00000000
core   0: 0x8000723c (0x00e4d793) srli    a5, s1, 14
core   0: 3 0x8000723c (0x00e4d793) x15 0x00000000
core   0: 0x80007240 (0x015ae1b3) or      gp, s5, s5
core   0: 3 0x80007240 (0x015ae1b3) x 3 0x00000001
core   0: 0x80007244 (0xed180237) lui     tp, 0xed180
core   0: 3 0x80007244 (0xed180237) x 4 0xed180000
core   0: 0x80007248 (0x01dbd793) srli    a5, s7, 29
core   0: 3 0x80007248 (0x01dbd793) x15 0x00000007
core   0: 0x8000724c (0x00000013) nop
core   0: 3 0x8000724c (0x00000013)
core   0: 0x80007250 (0x01741fb3) sll     t6, s0, s7
core   0: 3 0x80007250 (0x01741fb3) x31 0x00000000
core   0: 0x80007254 (0x8de12813) slti    a6, sp, -1826
core   0: 3 0x80007254 (0x8de12813) x16 0x00000000
core   0: 0x80007258 (0x0013e8b3) or      a7, t2, ra
core   0: 3 0x80007258 (0x0013e8b3) x17 0xfffffae9
core   0: 0x8000725c (0x35644913) xori    s2, s0, 854
core   0: 3 0x8000725c (0x35644913) x18 0x00000356
core   0: 0x80007260 (0x010a1f93) slli    t6, s4, 16
core   0: 3 0x80007260 (0x010a1f93) x31 0x00000000
core   0: 0x80007264 (0x414854b3) sra     s1, a6, s4
core   0: 3 0x80007264 (0x414854b3) x 9 0x00000000
core   0: 0x80007268 (0x01ded933) srl     s2, t4, t4
core   0: 3 0x80007268 (0x01ded933) x18 0x080011e6
core   0: 0x8000726c (0x00665b93) srli    s7, a2, 6
core   0: 3 0x8000726c (0x00665b93) x23 0x0000001c
core   0: 0x80007270 (0x7b739a37) lui     s4, 0x7b739
core   0: 3 0x80007270 (0x7b739a37) x20 0x7b739000
core   0: 0x80007274 (0x01569c33) sll     s8, a3, s5
core   0: 3 0x80007274 (0x01569c33) x24 0x263b17b2
core   0: 0x80007278 (0x593df837) lui     a6, 0x593df
core   0: 3 0x80007278 (0x593df837) x16 0x593df000
core   0: 0x8000727c (0x0118df33) srl     t5, a7, a7
core   0: 3 0x8000727c (0x0118df33) x30 0x007ffffd
core   0: 0x80007280 (0x6a78ff93) andi    t6, a7, 1703
core   0: 3 0x80007280 (0x6a78ff93) x31 0x000002a1
core   0: 0x80007284 (0x8bf68b93) addi    s7, a3, -1857
core   0: 3 0x80007284 (0x8bf68b93) x23 0x931d8498
core   0: 0x80007288 (0xc1c6f1b7) lui     gp, 0xc1c6f
core   0: 3 0x80007288 (0xc1c6f1b7) x 3 0xc1c6f000
core   0: 0x8000728c (0x015dc633) xor     a2, s11, s5
core   0: 3 0x8000728c (0x015dc633) x12 0x00000001
core   0: 0x80007290 (0x01504433) xor     s0, zero, s5
core   0: 3 0x80007290 (0x01504433) x 8 0x00000001
core   0: 0x80007294 (0x00000013) nop
core   0: 3 0x80007294 (0x00000013)
core   0: 0x80007298 (0xe2e50317) auipc   t1, 0xe2e50
core   0: 3 0x80007298 (0xe2e50317) x 6 0x62e57298
core   0: 0x8000729c (0x010373b3) and     t2, t1, a6
core   0: 3 0x8000729c (0x010373b3) x 7 0x40257000
core   0: 0x800072a0 (0x00d52b33) slt     s6, a0, a3
core   0: 3 0x800072a0 (0x00d52b33) x22 0x00000000
core   0: 0x800072a4 (0x41c353b3) sra     t2, t1, t3
core   0: 3 0x800072a4 (0x41c353b3) x 7 0x00000317
core   0: 0x800072a8 (0x1f2c2493) slti    s1, s8, 498
core   0: 3 0x800072a8 (0x1f2c2493) x 9 0x00000000
core   0: 0x800072ac (0x01cbffb3) and     t6, s7, t3
core   0: 3 0x800072ac (0x01cbffb3) x31 0x00000010
core   0: 0x800072b0 (0x00000013) nop
core   0: 3 0x800072b0 (0x00000013)
core   0: 0x800072b4 (0xb0d8f493) andi    s1, a7, -1267
core   0: 3 0x800072b4 (0xb0d8f493) x 9 0xfffffa09
core   0: 0x800072b8 (0x019ca7b3) slt     a5, s9, s9
core   0: 3 0x800072b8 (0x019ca7b3) x15 0x00000000
core   0: 0x800072bc (0x408e5693) srai    a3, t3, 8
core   0: 3 0x800072bc (0x408e5693) x13 0x00000000
core   0: 0x800072c0 (0x5986f193) andi    gp, a3, 1432
core   0: 3 0x800072c0 (0x5986f193) x 3 0x00000000
core   0: 0x800072c4 (0x003909b3) add     s3, s2, gp
core   0: 3 0x800072c4 (0x003909b3) x19 0x080011e6
core   0: 0x800072c8 (0x00b518b3) sll     a7, a0, a1
core   0: 3 0x800072c8 (0x00b518b3) x17 0x931d8bd9
core   0: 0x800072cc (0xa352cc13) xori    s8, t0, -1483
core   0: 3 0x800072cc (0xa352cc13) x24 0xecc87a35
core   0: 0x800072d0 (0x0142a3b3) slt     t2, t0, s4
core   0: 3 0x800072d0 (0x0142a3b3) x 7 0x00000001
core   0: 0x800072d4 (0x01d4d933) srl     s2, s1, t4
core   0: 3 0x800072d4 (0x01d4d933) x18 0x0fffffa0
core   0: 0x800072d8 (0x012c06b3) add     a3, s8, s2
core   0: 3 0x800072d8 (0x012c06b3) x13 0xfcc879d5
core   0: 0x800072dc (0x412f5813) srai    a6, t5, 18
core   0: 3 0x800072dc (0x412f5813) x16 0x0000001f
core   0: 0x800072e0 (0x00fed793) srli    a5, t4, 15
core   0: 3 0x800072e0 (0x00fed793) x15 0x00010002
core   0: 0x800072e4 (0x00000013) nop
core   0: 3 0x800072e4 (0x00000013)
core   0: 0x800072e8 (0x061d4f13) xori    t5, s10, 97
core   0: 3 0x800072e8 (0x061d4f13) x30 0x00000060
core   0: 0x800072ec (0x009eefb3) or      t6, t4, s1
core   0: 3 0x800072ec (0x009eefb3) x31 0xfffffe6d
core   0: 0x800072f0 (0xce992313) slti    t1, s2, -791
core   0: 3 0x800072f0 (0xce992313) x 6 0x00000000
core   0: 0x800072f4 (0x3a33be13) sltiu   t3, t2, 931
core   0: 3 0x800072f4 (0x3a33be13) x28 0x00000001
core   0: 0x800072f8 (0xa58b3193) sltiu   gp, s6, -1448
core   0: 3 0x800072f8 (0xa58b3193) x 3 0x00000001
core   0: 0x800072fc (0x015e6b33) or      s6, t3, s5
core   0: 3 0x800072fc (0x015e6b33) x22 0x00000001
core   0: 0x80007300 (0x001a91b3) sll     gp, s5, ra
core   0: 3 0x80007300 (0x001a91b3) x 3 0x00000001
core   0: 0x80007304 (0x5c10be13) sltiu   t3, ra, 1473
core   0: 3 0x80007304 (0x5c10be13) x28 0x00000001
core   0: 0x80007308 (0x00f78db3) add     s11, a5, a5
core   0: 3 0x80007308 (0x00f78db3) x27 0x00020004
core   0: 0x8000730c (0x011079b3) and     s3, zero, a7
core   0: 3 0x8000730c (0x011079b3) x19 0x00000000
core   0: 0x80007310 (0x019fc5b3) xor     a1, t6, s9
core   0: 3 0x80007310 (0x019fc5b3) x11 0x7ffea289
core   0: 0x80007314 (0xc3524537) lui     a0, 0xc3524
core   0: 3 0x80007314 (0xc3524537) x10 0xc3524000
core   0: 0x80007318 (0xd32d2813) slti    a6, s10, -718
core   0: 3 0x80007318 (0xd32d2813) x16 0x00000000
core   0: 0x8000731c (0x460fcf93) xori    t6, t6, 1120
core   0: 3 0x8000731c (0x460fcf93) x31 0xfffffa0d
core   0: 0x80007320 (0x013319b3) sll     s3, t1, s3
core   0: 3 0x80007320 (0x013319b3) x19 0x00000000
core   0: 0x80007324 (0x403cd593) srai    a1, s9, 3
core   0: 3 0x80007324 (0x403cd593) x11 0xf0002b9c
core   0: 0x80007328 (0x40ddd413) srai    s0, s11, 13
core   0: 3 0x80007328 (0x40ddd413) x 8 0x00000010
core   0: 0x8000732c (0xcd00ef93) ori     t6, ra, -816
core   0: 3 0x8000732c (0xcd00ef93) x31 0xfffffcd0
core   0: 0x80007330 (0x9cc12d97) auipc   s11, 0x9cc12
core   0: 3 0x80007330 (0x9cc12d97) x27 0x1cc19330
core   0: 0x80007334 (0x41e704b3) sub     s1, a4, t5
core   0: 3 0x80007334 (0x41e704b3) x 9 0x7fffffa0
core   0: 0x80007338 (0xfa88e393) ori     t2, a7, -88
core   0: 3 0x80007338 (0xfa88e393) x 7 0xfffffff9
core   0: 0x8000733c (0x4061d813) srai    a6, gp, 6
core   0: 3 0x8000733c (0x4061d813) x16 0x00000000
core   0: 0x80007340 (0x00161b93) slli    s7, a2, 1
core   0: 3 0x80007340 (0x00161b93) x23 0x00000002
core   0: 0x80007344 (0x012d9a93) slli    s5, s11, 18
core   0: 3 0x80007344 (0x012d9a93) x21 0x4cc00000
core   0: 0x80007348 (0x405fd893) srai    a7, t6, 5
core   0: 3 0x80007348 (0x405fd893) x17 0xffffffe6
core   0: 0x8000734c (0x40f78f33) sub     t5, a5, a5
core   0: 3 0x8000734c (0x40f78f33) x30 0x00000000
core   0: 0x80007350 (0x0c61f797) auipc   a5, 0xc61f
core   0: 3 0x80007350 (0x0c61f797) x15 0x8c626350
core   0: 0x80007354 (0x01ef9693) slli    a3, t6, 30
core   0: 3 0x80007354 (0x01ef9693) x13 0x00000000
core   0: 0x80007358 (0x0108a433) slt     s0, a7, a6
core   0: 3 0x80007358 (0x0108a433) x 8 0x00000001
core   0: 0x8000735c (0xff1fcc13) xori    s8, t6, -15
core   0: 3 0x8000735c (0xff1fcc13) x24 0x00000321
core   0: 0x80007360 (0x37a4bf13) sltiu   t5, s1, 890
core   0: 3 0x80007360 (0x37a4bf13) x30 0x00000000
core   0: 0x80007364 (0xc869f313) andi    t1, s3, -890
core   0: 3 0x80007364 (0xc869f313) x 6 0x00000000
core   0: 0x80007368 (0xf1772213) slti    tp, a4, -233
core   0: 3 0x80007368 (0xf1772213) x 4 0x00000001
core   0: 0x8000736c (0x255d3213) sltiu   tp, s10, 597
core   0: 3 0x8000736c (0x255d3213) x 4 0x00000001
core   0: 0x80007370 (0xb51a2113) slti    sp, s4, -1199
core   0: 3 0x80007370 (0xb51a2113) x 2 0x00000000
core   0: 0x80007374 (0x00f3dc33) srl     s8, t2, a5
core   0: 3 0x80007374 (0x00f3dc33) x24 0x0000ffff
core   0: 0x80007378 (0x016b5993) srli    s3, s6, 22
core   0: 3 0x80007378 (0x016b5993) x19 0x00000000
core   0: 0x8000737c (0x87524313) xori    t1, tp, -1931
core   0: 3 0x8000737c (0x87524313) x 6 0xfffff874
core   0: 0x80007380 (0x0042d293) srli    t0, t0, 4
core   0: 3 0x80007380 (0x0042d293) x 5 0x01337800
core   0: 0x80007384 (0x9cb7cd13) xori    s10, a5, -1589
core   0: 3 0x80007384 (0x9cb7cd13) x26 0x739d9a9b
core   0: 0x80007388 (0x007104b3) add     s1, sp, t2
core   0: 3 0x80007388 (0x007104b3) x 9 0xfffffff9
core   0: 0x8000738c (0x000c1993) slli    s3, s8, 0
core   0: 3 0x8000738c (0x000c1993) x19 0x0000ffff
core   0: 0x80007390 (0x004d2533) slt     a0, s10, tp
core   0: 3 0x80007390 (0x004d2533) x10 0x00000000
core   0: 0x80007394 (0x01e79633) sll     a2, a5, t5
core   0: 3 0x80007394 (0x01e79633) x12 0x8c626350
core   0: 0x80007398 (0x405901b3) sub     gp, s2, t0
core   0: 3 0x80007398 (0x405901b3) x 3 0x0ecc87a0
core   0: 0x8000739c (0x74824693) xori    a3, tp, 1864
core   0: 3 0x8000739c (0x74824693) x13 0x00000749
core   0: 0x800073a0 (0xcaebc613) xori    a2, s7, -850
core   0: 3 0x800073a0 (0xcaebc613) x12 0xfffffcac
core   0: 0x800073a4 (0x011c10b3) sll     ra, s8, a7
core   0: 3 0x800073a4 (0x011c10b3) x 1 0x003fffc0
core   0: 0x800073a8 (0x91694b13) xori    s6, s2, -1770
core   0: 3 0x800073a8 (0x91694b13) x22 0xf00006b6
core   0: 0x800073ac (0x00b6b6b3) sltu    a3, a3, a1
core   0: 3 0x800073ac (0x00b6b6b3) x13 0x00000001
core   0: 0x800073b0 (0x013e1a93) slli    s5, t3, 19
core   0: 3 0x800073b0 (0x013e1a93) x21 0x00080000
core   0: 0x800073b4 (0xb5bc4c13) xori    s8, s8, -1189
core   0: 3 0x800073b4 (0xb5bc4c13) x24 0xffff04a4
core   0: 0x800073b8 (0x00464793) xori    a5, a2, 4
core   0: 3 0x800073b8 (0x00464793) x15 0xfffffca8
core   0: 0x800073bc (0x00914633) xor     a2, sp, s1
core   0: 3 0x800073bc (0x00914633) x12 0xfffffff9
core   0: 0x800073c0 (0x0149d013) srli    zero, s3, 20
core   0: 3 0x800073c0 (0x0149d013)
core   0: 0x800073c4 (0x7605b537) lui     a0, 0x7605b
core   0: 3 0x800073c4 (0x7605b537) x10 0x7605b000
core   0: 0x800073c8 (0x9ee3fc37) lui     s8, 0x9ee3f
core   0: 3 0x800073c8 (0x9ee3fc37) x24 0x9ee3f000
core   0: 0x800073cc (0x919ba917) auipc   s2, 0x919ba
core   0: 3 0x800073cc (0x919ba917) x18 0x119c13cc
core   0: 0x800073d0 (0x00000013) nop
core   0: 3 0x800073d0 (0x00000013)
core   0: 0x800073d4 (0xbf00f817) auipc   a6, 0xbf00f
core   0: 3 0x800073d4 (0xbf00f817) x16 0x3f0163d4
core   0: 0x800073d8 (0x00b805b3) add     a1, a6, a1
core   0: 3 0x800073d8 (0x00b805b3) x11 0x2f018f70
core   0: 0x800073dc (0x41980e33) sub     t3, a6, s9
core   0: 3 0x800073dc (0x41980e33) x28 0xbf0006f0
core   0: 0x800073e0 (0x01325833) srl     a6, tp, s3
core   0: 3 0x800073e0 (0x01325833) x16 0x00000000
core   0: 0x800073e4 (0x414edc33) sra     s8, t4, s4
core   0: 3 0x800073e4 (0x414edc33) x24 0x80011e64
core   0: 0x800073e8 (0x00bb0833) add     a6, s6, a1
core   0: 3 0x800073e8 (0x00bb0833) x16 0x1f019626
core   0: 0x800073ec (0x41e4d193) srai    gp, s1, 30
core   0: 3 0x800073ec (0x41e4d193) x 3 0xffffffff
core   0: 0x800073f0 (0x4a812413) slti    s0, sp, 1192
core   0: 3 0x800073f0 (0x4a812413) x 8 0x00000001
core   0: 0x800073f4 (0x40a285b3) sub     a1, t0, a0
core   0: 3 0x800073f4 (0x40a285b3) x11 0x8b2dc800
core   0: 0x800073f8 (0x41d50a33) sub     s4, a0, t4
core   0: 3 0x800073f8 (0x41d50a33) x20 0xf604919c
core   0: 0x800073fc (0x92376517) auipc   a0, 0x92376
core   0: 3 0x800073fc (0x92376517) x10 0x1237d3fc
core   0: 0x80007400 (0x89c78317) auipc   t1, 0x89c78
core   0: 3 0x80007400 (0x89c78317) x 6 0x09c7f400
core   0: 0x80007404 (0x41fe0c33) sub     s8, t3, t6
core   0: 3 0x80007404 (0x41fe0c33) x24 0xbf000a20
core   0: 0x80007408 (0x015b08b3) add     a7, s6, s5
core   0: 3 0x80007408 (0x015b08b3) x17 0xf00806b6
core   0: 0x8000740c (0xbd4ff793) andi    a5, t6, -1068
core   0: 3 0x8000740c (0xbd4ff793) x15 0xfffff8d0
core   0: 0x80007410 (0x0031e3b3) or      t2, gp, gp
core   0: 3 0x80007410 (0x0031e3b3) x 7 0xffffffff
core   0: 0x80007414 (0x019fb7b3) sltu    a5, t6, s9
core   0: 3 0x80007414 (0x019fb7b3) x15 0x00000000
core   0: 0x80007418 (0x006d7c33) and     s8, s10, t1
core   0: 3 0x80007418 (0x006d7c33) x24 0x01859000
core   0: 0x8000741c (0x414904b3) sub     s1, s2, s4
core   0: 3 0x8000741c (0x414904b3) x 9 0x1b978230
core   0: 0x80007420 (0xa96d2613) slti    a2, s10, -1386
core   0: 3 0x80007420 (0xa96d2613) x12 0x00000000
core   0: 0x80007424 (0x00eabdb3) sltu    s11, s5, a4
core   0: 3 0x80007424 (0x00eabdb3) x27 0x00000001
core   0: 0x80007428 (0x10a57113) andi    sp, a0, 266
core   0: 3 0x80007428 (0x10a57113) x 2 0x00000108
core   0: 0x8000742c (0x01f7c3b3) xor     t2, a5, t6
core   0: 3 0x8000742c (0x01f7c3b3) x 7 0xfffffcd0
core   0: 0x80007430 (0x007fcf33) xor     t5, t6, t2
core   0: 3 0x80007430 (0x007fcf33) x30 0x00000000
core   0: 0x80007434 (0x00000013) nop
core   0: 3 0x80007434 (0x00000013)
core   0: 0x80007438 (0x007ed593) srli    a1, t4, 7
core   0: 3 0x80007438 (0x007ed593) x11 0x0100023c
core   0: 0x8000743c (0x29efa193) slti    gp, t6, 670
core   0: 3 0x8000743c (0x29efa193) x 3 0x00000001
core   0: 0x80007440 (0x18aa2213) slti    tp, s4, 394
core   0: 3 0x80007440 (0x18aa2213) x 4 0x00000001
core   0: 0x80007444 (0x68ddcf13) xori    t5, s11, 1677
core   0: 3 0x80007444 (0x68ddcf13) x30 0x0000068c
core   0: 0x80007448 (0x01c91913) slli    s2, s2, 28
core   0: 3 0x80007448 (0x01c91913) x18 0xc0000000
core   0: 0x8000744c (0xb3202213) slti    tp, zero, -1230
core   0: 3 0x8000744c (0xb3202213) x 4 0x00000000
core   0: 0x80007450 (0x002ee833) or      a6, t4, sp
core   0: 3 0x80007450 (0x002ee833) x16 0x80011f6c
core   0: 0x80007454 (0x40af0033) sub     zero, t5, a0
core   0: 3 0x80007454 (0x40af0033)
core   0: 0x80007458 (0x003104b3) add     s1, sp, gp
core   0: 3 0x80007458 (0x003104b3) x 9 0x00000109
core   0: 0x8000745c (0x41f3dc33) sra     s8, t2, t6
core   0: 3 0x8000745c (0x41f3dc33) x24 0xffffffff
core   0: 0x80007460 (0x018d5793) srli    a5, s10, 24
core   0: 3 0x80007460 (0x018d5793) x15 0x00000073
core   0: 0x80007464 (0x9381ab17) auipc   s6, 0x9381a
core   0: 3 0x80007464 (0x9381ab17) x22 0x13821464
core   0: 0x80007468 (0x763239b7) lui     s3, 0x76323
core   0: 3 0x80007468 (0x763239b7) x19 0x76323000
core   0: 0x8000746c (0x00ad5f93) srli    t6, s10, 10
core   0: 3 0x8000746c (0x00ad5f93) x31 0x001ce766
core   0: 0x80007470 (0x7e2fb593) sltiu   a1, t6, 2018
core   0: 3 0x80007470 (0x7e2fb593) x11 0x00000000
core   0: 0x80007474 (0x6faab013) sltiu   zero, s5, 1786
core   0: 3 0x80007474 (0x6faab013)
core   0: 0x80007478 (0x39280597) auipc   a1, 0x39280
core   0: 3 0x80007478 (0x39280597) x11 0xb9287478
core   0: 0x8000747c (0x0083be33) sltu    t3, t2, s0
core   0: 3 0x8000747c (0x0083be33) x28 0x00000000
core   0: 0x80007480 (0x01d1c133) xor     sp, gp, t4
core   0: 3 0x80007480 (0x01d1c133) x 2 0x80011e65
core   0: 0x80007484 (0x36affe13) andi    t3, t6, 874
core   0: 3 0x80007484 (0x36affe13) x28 0x00000362
core   0: 0x80007488 (0xde8cc013) xori    zero, s9, -536
core   0: 3 0x80007488 (0xde8cc013)
core   0: 0x8000748c (0x01e40933) add     s2, s0, t5
core   0: 3 0x8000748c (0x01e40933) x18 0x0000068d
core   0: 0x80007490 (0x001f71b3) and     gp, t5, ra
core   0: 3 0x80007490 (0x001f71b3) x 3 0x00000680
core   0: 0x80007494 (0x001d9793) slli    a5, s11, 1
core   0: 3 0x80007494 (0x001d9793) x15 0x00000002
core   0: 0x80007498 (0x013dc1b3) xor     gp, s11, s3
core   0: 3 0x80007498 (0x013dc1b3) x 3 0x76323001
core   0: 0x8000749c (0x00363533) sltu    a0, a2, gp
core   0: 3 0x8000749c (0x00363533) x10 0x00000001
core   0: 0x800074a0 (0x01c29a93) slli    s5, t0, 28
core   0: 3 0x800074a0 (0x01c29a93) x21 0x00000000
core   0: 0x800074a4 (0x0171e5b3) or      a1, gp, s7
core   0: 3 0x800074a4 (0x0171e5b3) x11 0x76323003
core   0: 0x800074a8 (0x414bd6b3) sra     a3, s7, s4
core   0: 3 0x800074a8 (0x414bd6b3) x13 0x00000000
core   0: 0x800074ac (0x9f4fa213) slti    tp, t6, -1548
core   0: 3 0x800074ac (0x9f4fa213) x 4 0x00000000
core   0: 0x800074b0 (0x011b2f33) slt     t5, s6, a7
core   0: 3 0x800074b0 (0x011b2f33) x30 0x00000000
core   0: 0x800074b4 (0xc3aae413) ori     s0, s5, -966
core   0: 3 0x800074b4 (0xc3aae413) x 8 0xfffffc3a
core   0: 0x800074b8 (0x0074bd33) sltu    s10, s1, t2
core   0: 3 0x800074b8 (0x0074bd33) x26 0x00000001
core   0: 0x800074bc (0x003d9f13) slli    t5, s11, 3
core   0: 3 0x800074bc (0x003d9f13) x30 0x00000008
core   0: 0x800074c0 (0x8ddc4337) lui     t1, 0x8ddc4
core   0: 3 0x800074c0 (0x8ddc4337) x 6 0x8ddc4000
core   0: 0x800074c4 (0x01909ab3) sll     s5, ra, s9
core   0: 3 0x800074c4 (0x01909ab3) x21 0x03fffc00
core   0: 0x800074c8 (0x019fc3b3) xor     t2, t6, s9
core   0: 3 0x800074c8 (0x019fc3b3) x 7 0x801dbb82
core   0: 0x800074cc (0x40f088b3) sub     a7, ra, a5
core   0: 3 0x800074cc (0x40f088b3) x17 0x003fffbe
core   0: 0x800074d0 (0x66848f13) addi    t5, s1, 1640
core   0: 3 0x800074d0 (0x66848f13) x30 0x00000771
core   0: 0x800074d4 (0x01d33033) sltu    zero, t1, t4
core   0: 3 0x800074d4 (0x01d33033)
core   0: 0x800074d8 (0x00000013) nop
core   0: 3 0x800074d8 (0x00000013)
core   0: 0x800074dc (0x4b5b9f17) auipc   t5, 0x4b5b9
core   0: 3 0x800074dc (0x4b5b9f17) x30 0xcb5c04dc
core   0: 0x800074e0 (0x0097b5b3) sltu    a1, a5, s1
core   0: 3 0x800074e0 (0x0097b5b3) x11 0x00000001
core   0: 0x800074e4 (0xc741f293) andi    t0, gp, -908
core   0: 3 0x800074e4 (0xc741f293) x 5 0x76323000
core   0: 0x800074e8 (0x6bbaab13) slti    s6, s5, 1723
core   0: 3 0x800074e8 (0x6bbaab13) x22 0x00000000
core   0: 0x800074ec (0x00424633) xor     a2, tp, tp
core   0: 3 0x800074ec (0x00424633) x12 0x00000000
core   0: 0x800074f0 (0x010ec5b3) xor     a1, t4, a6
core   0: 3 0x800074f0 (0x010ec5b3) x11 0x00000108
core   0: 0x800074f4 (0x00958433) add     s0, a1, s1
core   0: 3 0x800074f4 (0x00958433) x 8 0x00000211
core   0: 0x800074f8 (0x000574b3) and     s1, a0, zero
core   0: 3 0x800074f8 (0x000574b3) x 9 0x00000000
core   0: 0x800074fc (0x01d623b3) slt     t2, a2, t4
core   0: 3 0x800074fc (0x01d623b3) x 7 0x00000000
core   0: 0x80007500 (0x015843b3) xor     t2, a6, s5
core   0: 3 0x80007500 (0x015843b3) x 7 0x83fee36c
core   0: 0x80007504 (0x000f58b3) srl     a7, t5, zero
core   0: 3 0x80007504 (0x000f58b3) x17 0xcb5c04dc
core   0: 0x80007508 (0x0008a033) slt     zero, a7, zero
core   0: 3 0x80007508 (0x0008a033)
core   0: 0x8000750c (0x279e2a93) slti    s5, t3, 633
core   0: 3 0x8000750c (0x279e2a93) x21 0x00000000
core   0: 0x80007510 (0x001ac0b3) xor     ra, s5, ra
core   0: 3 0x80007510 (0x001ac0b3) x 1 0x003fffc0
core   0: 0x80007514 (0x00dac033) xor     zero, s5, a3
core   0: 3 0x80007514 (0x00dac033)
core   0: 0x80007518 (0x41345313) srai    t1, s0, 19
core   0: 3 0x80007518 (0x41345313) x 6 0x00000000
core   0: 0x8000751c (0x018a4f33) xor     t5, s4, s8
core   0: 3 0x8000751c (0x018a4f33) x30 0x09fb6e63
core   0: 0x80007520 (0x41450ab3) sub     s5, a0, s4
core   0: 3 0x80007520 (0x41450ab3) x21 0x09fb6e65
core   0: 0x80007524 (0x01d59e33) sll     t3, a1, t4
core   0: 3 0x80007524 (0x01d59e33) x28 0x00001080
core   0: 0x80007528 (0x01a57a33) and     s4, a0, s10
core   0: 3 0x80007528 (0x01a57a33) x20 0x00000001
core   0: 0x8000752c (0xe4c2e593) ori     a1, t0, -436
core   0: 3 0x8000752c (0xe4c2e593) x11 0xfffffe4c
core   0: 0x80007530 (0x00c31893) slli    a7, t1, 12
core   0: 3 0x80007530 (0x00c31893) x17 0x00000000
core   0: 0x80007534 (0x01fad613) srli    a2, s5, 31
core   0: 3 0x80007534 (0x01fad613) x12 0x00000000
core   0: 0x80007538 (0x0084b333) sltu    t1, s1, s0
core   0: 3 0x80007538 (0x0084b333) x 6 0x00000001
core   0: 0x8000753c (0x01081db3) sll     s11, a6, a6
core   0: 3 0x8000753c (0x01081db3) x27 0x11f6c000
core   0: 0x80007540 (0x00c51633) sll     a2, a0, a2
core   0: 3 0x80007540 (0x00c51633) x12 0x00000001
core   0: 0x80007544 (0x01ea0b33) add     s6, s4, t5
core   0: 3 0x80007544 (0x01ea0b33) x22 0x09fb6e64
core   0: 0x80007548 (0x5246c693) xori    a3, a3, 1316
core   0: 3 0x80007548 (0x5246c693) x13 0x00000524
core   0: 0x8000754c (0x01415533) srl     a0, sp, s4
core   0: 3 0x8000754c (0x01415533) x10 0x40008f32
core   0: 0x80007550 (0xa9113193) sltiu   gp, sp, -1391
core   0: 3 0x80007550 (0xa9113193) x 3 0x00000001
core   0: 0x80007554 (0x69592313) slti    t1, s2, 1685
core   0: 3 0x80007554 (0x69592313) x 6 0x00000001
core   0: 0x80007558 (0xc625fe13) andi    t3, a1, -926
core   0: 3 0x80007558 (0xc625fe13) x28 0xfffffc40
core   0: 0x8000755c (0x00e91493) slli    s1, s2, 14
core   0: 3 0x8000755c (0x00e91493) x 9 0x01a34000
core   0: 0x80007560 (0x00266333) or      t1, a2, sp
core   0: 3 0x80007560 (0x00266333) x 6 0x80011e65
core   0: 0x80007564 (0xda5e0f93) addi    t6, t3, -603
core   0: 3 0x80007564 (0xda5e0f93) x31 0xfffff9e5
core   0: 0x80007568 (0x00313433) sltu    s0, sp, gp
core   0: 3 0x80007568 (0x00313433) x 8 0x00000000
core   0: 0x8000756c (0x01453833) sltu    a6, a0, s4
core   0: 3 0x8000756c (0x01453833) x16 0x00000000
core   0: 0x80007570 (0x02946c13) ori     s8, s0, 41
core   0: 3 0x80007570 (0x02946c13) x24 0x00000029
core   0: 0x80007574 (0x018c2b33) slt     s6, s8, s8
core   0: 3 0x80007574 (0x018c2b33) x22 0x00000000
core   0: 0x80007578 (0x00000013) nop
core   0: 3 0x80007578 (0x00000013)
core   0: 0x8000757c (0x00d11f13) slli    t5, sp, 13
core   0: 3 0x8000757c (0x00d11f13) x30 0x23cca000
core   0: 0x80007580 (0x0062a9b3) slt     s3, t0, t1
core   0: 3 0x80007580 (0x0062a9b3) x19 0x00000000
core   0: 0x80007584 (0xd0d561b7) lui     gp, 0xd0d56
core   0: 3 0x80007584 (0xd0d561b7) x 3 0xd0d56000
core   0: 0x80007588 (0x00000013) nop
core   0: 3 0x80007588 (0x00000013)
core   0: 0x8000758c (0x00e5dd93) srli    s11, a1, 14
core   0: 3 0x8000758c (0x00e5dd93) x27 0x0003ffff
core   0: 0x80007590 (0x40665db3) sra     s11, a2, t1
core   0: 3 0x80007590 (0x40665db3) x27 0x00000000
core   0: 0x80007594 (0x004028b3) slt     a7, zero, tp
core   0: 3 0x80007594 (0x004028b3) x17 0x00000000
core   0: 0x80007598 (0x3ab25f17) auipc   t5, 0x3ab25
core   0: 3 0x80007598 (0x3ab25f17) x30 0xbab2c598
core   0: 0x8000759c (0x00a25113) srli    sp, tp, 10
core   0: 3 0x8000759c (0x00a25113) x 2 0x00000000
core   0: 0x800075a0 (0x01f5adb3) slt     s11, a1, t6
core   0: 3 0x800075a0 (0x01f5adb3) x27 0x00000000
core   0: 0x800075a4 (0x65de4a17) auipc   s4, 0x65de4
core   0: 3 0x800075a4 (0x65de4a17) x20 0xe5deb5a4
core   0: 0x800075a8 (0x01069433) sll     s0, a3, a6
core   0: 3 0x800075a8 (0x01069433) x 8 0x00000524
core   0: 0x800075ac (0x400f88b3) sub     a7, t6, zero
core   0: 3 0x800075ac (0x400f88b3) x17 0xfffff9e5
core   0: 0x800075b0 (0x003476b3) and     a3, s0, gp
core   0: 3 0x800075b0 (0x003476b3) x13 0x00000000
core   0: 0x800075b4 (0x00f76433) or      s0, a4, a5
core   0: 3 0x800075b4 (0x00f76433) x 8 0x80000002
core   0: 0x800075b8 (0x018584b3) add     s1, a1, s8
core   0: 3 0x800075b8 (0x018584b3) x 9 0xfffffe75
core   0: 0x800075bc (0x00000013) nop
core   0: 3 0x800075bc (0x00000013)
core   0: 0x800075c0 (0x014e5d93) srli    s11, t3, 20
core   0: 3 0x800075c0 (0x014e5d93) x27 0x00000fff
core   0: 0x800075c4 (0x00c3f8b3) and     a7, t2, a2
core   0: 3 0x800075c4 (0x00c3f8b3) x17 0x00000000
core   0: 0x800075c8 (0x00ea9513) slli    a0, s5, 14
core   0: 3 0x800075c8 (0x00ea9513) x10 0xdb994000
core   0: 0x800075cc (0x3cec2893) slti    a7, s8, 974
core   0: 3 0x800075cc (0x3cec2893) x17 0x00000001
core   0: 0x800075d0 (0x00797a33) and     s4, s2, t2
core   0: 3 0x800075d0 (0x00797a33) x20 0x0000020c
core   0: 0x800075d4 (0x012c99b3) sll     s3, s9, s2
core   0: 3 0x800075d4 (0x012c99b3) x19 0x2b9c8000
core   0: 0x800075d8 (0x01cab7b3) sltu    a5, s5, t3
core   0: 3 0x800075d8 (0x01cab7b3) x15 0x00000001
core   0: 0x800075dc (0x40390ab3) sub     s5, s2, gp
core   0: 3 0x800075dc (0x40390ab3) x21 0x2f2aa68d
core   0: 0x800075e0 (0x00000013) nop
core   0: 3 0x800075e0 (0x00000013)
core   0: 0x800075e4 (0x40ce51b3) sra     gp, t3, a2
core   0: 3 0x800075e4 (0x40ce51b3) x 3 0xfffffe20
core   0: 0x800075e8 (0x00e93f33) sltu    t5, s2, a4
core   0: 3 0x800075e8 (0x00e93f33) x30 0x00000001
core   0: 0x800075ec (0x01675133) srl     sp, a4, s6
core   0: 3 0x800075ec (0x01675133) x 2 0x80000000
core   0: 0x800075f0 (0x00000013) nop
core   0: 3 0x800075f0 (0x00000013)
core   0: 0x800075f4 (0x00c4bab3) sltu    s5, s1, a2
core   0: 3 0x800075f4 (0x00c4bab3) x21 0x00000000
core   0: 0x800075f8 (0x4153d393) srai    t2, t2, 21
core   0: 3 0x800075f8 (0x4153d393) x 7 0xfffffc1f
core   0: 0x800075fc (0x00000013) nop
core   0: 3 0x800075fc (0x00000013)
core   0: 0x80007600 (0x7a61cb93) xori    s7, gp, 1958
core   0: 3 0x80007600 (0x7a61cb93) x23 0xfffff986
core   0: 0x80007604 (0x003c5513) srli    a0, s8, 3
core   0: 3 0x80007604 (0x003c5513) x10 0x00000005
core   0: 0x80007608 (0x017d0833) add     a6, s10, s7
core   0: 3 0x80007608 (0x017d0833) x16 0xfffff987
core   0: 0x8000760c (0x012d20b3) slt     ra, s10, s2
core   0: 3 0x8000760c (0x012d20b3) x 1 0x00000001
core   0: 0x80007610 (0x8151e1b7) lui     gp, 0x8151e
core   0: 3 0x80007610 (0x8151e1b7) x 3 0x8151e000
core   0: 0x80007614 (0x0033e0b3) or      ra, t2, gp
core   0: 3 0x80007614 (0x0033e0b3) x 1 0xfffffc1f
core   0: 0x80007618 (0x01c72a33) slt     s4, a4, t3
core   0: 3 0x80007618 (0x01c72a33) x20 0x00000001
core   0: 0x8000761c (0xa0acc413) xori    s0, s9, -1526
core   0: 3 0x8000761c (0xa0acc413) x 8 0x7ffea6ee
core   0: 0x80007620 (0x00000013) nop
core   0: 3 0x80007620 (0x00000013)
core   0: 0x80007624 (0x00399333) sll     t1, s3, gp
core   0: 3 0x80007624 (0x00399333) x 6 0x2b9c8000
core   0: 0x80007628 (0xcba7f013) andi    zero, a5, -838
core   0: 3 0x80007628 (0xcba7f013)
core   0: 0x8000762c (0x0e6ebd13) sltiu   s10, t4, 230
core   0: 3 0x8000762c (0x0e6ebd13) x26 0x00000000
core   0: 0x80007630 (0x00dae333) or      t1, s5, a3
core   0: 3 0x80007630 (0x00dae333) x 6 0x00000000
core   0: 0x80007634 (0x00260833) add     a6, a2, sp
core   0: 3 0x80007634 (0x00260833) x16 0x80000001
core   0: 0x80007638 (0x40f68d33) sub     s10, a3, a5
core   0: 3 0x80007638 (0x40f68d33) x26 0xffffffff
core   0: 0x8000763c (0x1739a813) slti    a6, s3, 371
core   0: 3 0x8000763c (0x1739a813) x16 0x00000000
core   0: 0x80007640 (0x9b0d6913) ori     s2, s10, -1616
core   0: 3 0x80007640 (0x9b0d6913) x18 0xffffffff
core   0: 0x80007644 (0x0172f9b3) and     s3, t0, s7
core   0: 3 0x80007644 (0x0172f9b3) x19 0x76323000
core   0: 0x80007648 (0x2db02bb7) lui     s7, 0x2db02
core   0: 3 0x80007648 (0x2db02bb7) x23 0x2db02000
core   0: 0x8000764c (0x014d62b3) or      t0, s10, s4
core   0: 3 0x8000764c (0x014d62b3) x 5 0xffffffff
core   0: 0x80007650 (0x840aa613) slti    a2, s5, -1984
core   0: 3 0x80007650 (0x840aa613) x12 0x00000000
core   0: 0x80007654 (0x41930333) sub     t1, t1, s9
core   0: 3 0x80007654 (0x41930333) x 6 0x7ffea31c
core   0: 0x80007658 (0x50372413) slti    s0, a4, 1283
core   0: 3 0x80007658 (0x50372413) x 8 0x00000001
core   0: 0x8000765c (0x28612293) slti    t0, sp, 646
core   0: 3 0x8000765c (0x28612293) x 5 0x00000001
core   0: 0x80007660 (0x1626b813) sltiu   a6, a3, 354
core   0: 3 0x80007660 (0x1626b813) x16 0x00000001
core   0: 0x80007664 (0x46abcd93) xori    s11, s7, 1130
core   0: 3 0x80007664 (0x46abcd93) x27 0x2db0246a
core   0: 0x80007668 (0x01ece1b3) or      gp, s9, t5
core   0: 3 0x80007668 (0x01ece1b3) x 3 0x80015ce5
core   0: 0x8000766c (0x01714f33) xor     t5, sp, s7
core   0: 3 0x8000766c (0x01714f33) x30 0xadb02000
core   0: 0x80007670 (0x01a02db3) slt     s11, zero, s10
core   0: 3 0x80007670 (0x01a02db3) x27 0x00000000
core   0: 0x80007674 (0xd992bf93) sltiu   t6, t0, -615
core   0: 3 0x80007674 (0xd992bf93) x31 0x00000001
core   0: 0x80007678 (0x010e4bb3) xor     s7, t3, a6
core   0: 3 0x80007678 (0x010e4bb3) x23 0xfffffc41
core   0: 0x8000767c (0x40edd793) srai    a5, s11, 14
core   0: 3 0x8000767c (0x40edd793) x15 0x00000000
core   0: 0x80007680 (0x0195a233) slt     tp, a1, s9
core   0: 3 0x80007680 (0x0195a233) x 4 0x00000000
core   0: 0x80007684 (0xb5e2a113) slti    sp, t0, -1186
core   0: 3 0x80007684 (0xb5e2a113) x 2 0x00000000
core   0: 0x80007688 (0x0177e933) or      s2, a5, s7
core   0: 3 0x80007688 (0x0177e933) x18 0xfffffc41
core   0: 0x8000768c (0x00142833) slt     a6, s0, ra
core   0: 3 0x8000768c (0x00142833) x16 0x00000000
core   0: 0x80007690 (0xd1b23113) sltiu   sp, tp, -741
core   0: 3 0x80007690 (0xd1b23113) x 2 0x00000001
core   0: 0x80007694 (0x00000013) nop
core   0: 3 0x80007694 (0x00000013)
core   0: 0x80007698 (0xb9184413) xori    s0, a6, -1135
core   0: 3 0x80007698 (0xb9184413) x 8 0xfffffb91
core   0: 0x8000769c (0xb3a74393) xori    t2, a4, -1222
core   0: 3 0x8000769c (0xb3a74393) x 7 0x7ffffb3a
core   0: 0x800076a0 (0x006d43b3) xor     t2, s10, t1
core   0: 3 0x800076a0 (0x006d43b3) x 7 0x80015ce3
core   0: 0x800076a4 (0x00ce2133) slt     sp, t3, a2
core   0: 3 0x800076a4 (0x00ce2133) x 2 0x00000001
core   0: 0x800076a8 (0x015f9633) sll     a2, t6, s5
core   0: 3 0x800076a8 (0x015f9633) x12 0x00000001
core   0: 0x800076ac (0x9dae6d13) ori     s10, t3, -1574
core   0: 3 0x800076ac (0x9dae6d13) x26 0xfffffdda
core   0: 0x800076b0 (0x01e53433) sltu    s0, a0, t5
core   0: 3 0x800076b0 (0x01e53433) x 8 0x00000001
core   0: 0x800076b4 (0x0aaf6393) ori     t2, t5, 170
core   0: 3 0x800076b4 (0x0aaf6393) x 7 0xadb020aa
core   0: 0x800076b8 (0x000f9693) slli    a3, t6, 0
core   0: 3 0x800076b8 (0x000f9693) x13 0x00000001
core   0: 0x800076bc (0x40745e33) sra     t3, s0, t2
core   0: 3 0x800076bc (0x40745e33) x28 0x00000000
core   0: 0x800076c0 (0x41aad793) srai    a5, s5, 26
core   0: 3 0x800076c0 (0x41aad793) x15 0x00000000
core   0: 0x800076c4 (0x25f5b513) sltiu   a0, a1, 607
core   0: 3 0x800076c4 (0x25f5b513) x10 0x00000000
core   0: 0x800076c8 (0x001cc2b3) xor     t0, s9, ra
core   0: 3 0x800076c8 (0x001cc2b3) x 5 0x7ffea0fb
core   0: 0x800076cc (0x4107d113) srai    sp, a5, 16
core   0: 3 0x800076cc (0x4107d113) x 2 0x00000000
core   0: 0x800076d0 (0x019ffab3) and     s5, t6, s9
core   0: 3 0x800076d0 (0x019ffab3) x21 0x00000000
core   0: 0x800076d4 (0x59b9ea93) ori     s5, s3, 1435
core   0: 3 0x800076d4 (0x59b9ea93) x21 0x7632359b
core   0: 0x800076d8 (0xea022113) slti    sp, tp, -352
core   0: 3 0x800076d8 (0xea022113) x 2 0x00000000
core   0: 0x800076dc (0x01e75ab3) srl     s5, a4, t5
core   0: 3 0x800076dc (0x01e75ab3) x21 0x80000000
core   0: 0x800076e0 (0x6fc07793) andi    a5, zero, 1788
core   0: 3 0x800076e0 (0x6fc07793) x15 0x00000000
core   0: 0x800076e4 (0x006f54b3) srl     s1, t5, t1
core   0: 3 0x800076e4 (0x006f54b3) x 9 0x0000000a
core   0: 0x800076e8 (0x49b87493) andi    s1, a6, 1179
core   0: 3 0x800076e8 (0x49b87493) x 9 0x00000000
core   0: 0x800076ec (0x4045df13) srai    t5, a1, 4
core   0: 3 0x800076ec (0x4045df13) x30 0xffffffe4
core   0: 0x800076f0 (0x01653bb3) sltu    s7, a0, s6
core   0: 3 0x800076f0 (0x01653bb3) x23 0x00000000
core   0: 0x800076f4 (0x320cb513) sltiu   a0, s9, 800
core   0: 3 0x800076f4 (0x320cb513) x10 0x00000000
core   0: 0x800076f8 (0x6c3b0093) addi    ra, s6, 1731
core   0: 3 0x800076f8 (0x6c3b0093) x 1 0x000006c3
core   0: 0x800076fc (0x007ca8b3) slt     a7, s9, t2
core   0: 3 0x800076fc (0x007ca8b3) x17 0x00000001
core   0: 0x80007700 (0x01b928b3) slt     a7, s2, s11
core   0: 3 0x80007700 (0x01b928b3) x17 0x00000001
core   0: 0x80007704 (0xaf82a113) slti    sp, t0, -1288
core   0: 3 0x80007704 (0xaf82a113) x 2 0x00000000
core   0: 0x80007708 (0x002b8233) add     tp, s7, sp
core   0: 3 0x80007708 (0x002b8233) x 4 0x00000000
core   0: 0x8000770c (0x418350b3) sra     ra, t1, s8
core   0: 3 0x8000770c (0x418350b3) x 1 0x003fff51
core   0: 0x80007710 (0x016a5413) srli    s0, s4, 22
core   0: 3 0x80007710 (0x016a5413) x 8 0x00000000
core   0: 0x80007714 (0x004d2db3) slt     s11, s10, tp
core   0: 3 0x80007714 (0x004d2db3) x27 0x00000001
core   0: 0x80007718 (0x4055d033) sra     zero, a1, t0
core   0: 3 0x80007718 (0x4055d033)
core   0: 0x8000771c (0xa86e0c17) auipc   s8, 0xa86e0
core   0: 3 0x8000771c (0xa86e0c17) x24 0x286e771c
core   0: 0x80007720 (0x41ecd5b3) sra     a1, s9, t5
core   0: 3 0x80007720 (0x41ecd5b3) x11 0xf80015ce
core   0: 0x80007724 (0x40fc0233) sub     tp, s8, a5
core   0: 3 0x80007724 (0x40fc0233) x 4 0x286e771c
core   0: 0x80007728 (0x01461d93) slli    s11, a2, 20
core   0: 3 0x80007728 (0x01461d93) x27 0x00100000
core   0: 0x8000772c (0xb3f5ca93) xori    s5, a1, -1217
core   0: 3 0x8000772c (0xb3f5ca93) x21 0x07ffeef1
core   0: 0x80007730 (0x015dd1b3) srl     gp, s11, s5
core   0: 3 0x80007730 (0x015dd1b3) x 3 0x00000008
core   0: 0x80007734 (0x1cd6e593) ori     a1, a3, 461
core   0: 3 0x80007734 (0x1cd6e593) x11 0x000001cd
core   0: 0x80007738 (0xddb2c213) xori    tp, t0, -549
core   0: 3 0x80007738 (0xddb2c213) x 4 0x80015d20
core   0: 0x8000773c (0x1a0796b7) lui     a3, 0x1a079
core   0: 3 0x8000773c (0x1a0796b7) x13 0x1a079000
core   0: 0x80007740 (0x0031e633) or      a2, gp, gp
core   0: 3 0x80007740 (0x0031e633) x12 0x00000008
core   0: 0x80007744 (0x66e7f193) andi    gp, a5, 1646
core   0: 3 0x80007744 (0x66e7f193) x 3 0x00000000
core   0: 0x80007748 (0x41978433) sub     s0, a5, s9
core   0: 3 0x80007748 (0x41978433) x 8 0x7ffea31c
core   0: 0x8000774c (0x20dfe993) ori     s3, t6, 525
core   0: 3 0x8000774c (0x20dfe993) x19 0x0000020d
core   0: 0x80007750 (0xe0266093) ori     ra, a2, -510
core   0: 3 0x80007750 (0xe0266093) x 1 0xfffffe0a
core   0: 0x80007754 (0xacf96393) ori     t2, s2, -1329
core   0: 3 0x80007754 (0xacf96393) x 7 0xfffffecf
core   0: 0x80007758 (0xf16f2b93) slti    s7, t5, -234
core   0: 3 0x80007758 (0xf16f2b93) x23 0x00000000
core   0: 0x8000775c (0x30cfe893) ori     a7, t6, 780
core   0: 3 0x8000775c (0x30cfe893) x17 0x0000030d
core   0: 0x80007760 (0x410ed493) srai    s1, t4, 16
core   0: 3 0x80007760 (0x410ed493) x 9 0xffff8001
core   0: 0x80007764 (0x00000013) nop
core   0: 3 0x80007764 (0x00000013)
core   0: 0x80007768 (0x00000013) nop
core   0: 3 0x80007768 (0x00000013)
core   0: 0x8000776c (0x01891433) sll     s0, s2, s8
core   0: 3 0x8000776c (0x01891433) x 8 0x10000000
core   0: 0x80007770 (0x41b08933) sub     s2, ra, s11
core   0: 3 0x80007770 (0x41b08933) x18 0xffeffe0a
core   0: 0x80007774 (0x017cac33) slt     s8, s9, s7
core   0: 3 0x80007774 (0x017cac33) x24 0x00000001
core   0: 0x80007778 (0x01637333) and     t1, t1, s6
core   0: 3 0x80007778 (0x01637333) x 6 0x00000000
core   0: 0x8000777c (0x00000013) nop
core   0: 3 0x8000777c (0x00000013)
core   0: 0x80007780 (0x393f6013) ori     zero, t5, 915
core   0: 3 0x80007780 (0x393f6013)
core   0: 0x80007784 (0x40290f33) sub     t5, s2, sp
core   0: 3 0x80007784 (0x40290f33) x30 0xffeffe0a
core   0: 0x80007788 (0x41ad8fb3) sub     t6, s11, s10
core   0: 3 0x80007788 (0x41ad8fb3) x31 0x00100226
core   0: 0x8000778c (0x00b0edb3) or      s11, ra, a1
core   0: 3 0x8000778c (0x00b0edb3) x27 0xffffffcf
core   0: 0x80007790 (0x416cd913) srai    s2, s9, 22
core   0: 3 0x80007790 (0x416cd913) x18 0xfffffe00
core   0: 0x80007794 (0x00019b13) slli    s6, gp, 0
core   0: 3 0x80007794 (0x00019b13) x22 0x00000000
core   0: 0x80007798 (0x006114b3) sll     s1, sp, t1
core   0: 3 0x80007798 (0x006114b3) x 9 0x00000000
core   0: 0x8000779c (0x01191d13) slli    s10, s2, 17
core   0: 3 0x8000779c (0x01191d13) x26 0xfc000000
core   0: 0x800077a0 (0xf37c8793) addi    a5, s9, -201
core   0: 3 0x800077a0 (0xf37c8793) x15 0x80015c1b
core   0: 0x800077a4 (0x419ad4b3) sra     s1, s5, s9
core   0: 3 0x800077a4 (0x419ad4b3) x 9 0x007ffeef
core   0: 0x800077a8 (0x00459013) slli    zero, a1, 4
core   0: 3 0x800077a8 (0x00459013)
core   0: 0x800077ac (0x584eb313) sltiu   t1, t4, 1412
core   0: 3 0x800077ac (0x584eb313) x 6 0x00000000
core   0: 0x800077b0 (0x551df893) andi    a7, s11, 1361
core   0: 3 0x800077b0 (0x551df893) x17 0x00000541
core   0: 0x800077b4 (0x73feea13) ori     s4, t4, 1855
core   0: 3 0x800077b4 (0x73feea13) x20 0x80011f7f
core   0: 0x800077b8 (0x00000013) nop
core   0: 3 0x800077b8 (0x00000013)
core   0: 0x800077bc (0x007a1013) slli    zero, s4, 7
core   0: 3 0x800077bc (0x007a1013)
core   0: 0x800077c0 (0x7df5f413) andi    s0, a1, 2015
core   0: 3 0x800077c0 (0x7df5f413) x 8 0x000001cd
core   0: 0x800077c4 (0x01e9c9b3) xor     s3, s3, t5
core   0: 3 0x800077c4 (0x01e9c9b3) x19 0xffeffc07
core   0: 0x800077c8 (0x01e5ab33) slt     s6, a1, t5
core   0: 3 0x800077c8 (0x01e5ab33) x22 0x00000000
core   0: 0x800077cc (0x00eb40b3) xor     ra, s6, a4
core   0: 3 0x800077cc (0x00eb40b3) x 1 0x80000000
core   0: 0x800077d0 (0xbddfabb7) lui     s7, 0xbddfa
core   0: 3 0x800077d0 (0xbddfabb7) x23 0xbddfa000
core   0: 0x800077d4 (0x05552013) slti    zero, a0, 85
core   0: 3 0x800077d4 (0x05552013)
core   0: 0x800077d8 (0x594cbf13) sltiu   t5, s9, 1428
core   0: 3 0x800077d8 (0x594cbf13) x30 0x00000000
core   0: 0x800077dc (0x5db8a393) slti    t2, a7, 1499
core   0: 3 0x800077dc (0x5db8a393) x 7 0x00000001
core   0: 0x800077e0 (0xb0063f13) sltiu   t5, a2, -1280
core   0: 3 0x800077e0 (0xb0063f13) x30 0x00000001
core   0: 0x800077e4 (0x01500033) add     zero, zero, s5
core   0: 3 0x800077e4 (0x01500033)
core   0: 0x800077e8 (0x3d27e693) ori     a3, a5, 978
core   0: 3 0x800077e8 (0x3d27e693) x13 0x80015fdb
core   0: 0x800077ec (0x00ce43b3) xor     t2, t3, a2
core   0: 3 0x800077ec (0x00ce43b3) x 7 0x00000008
core   0: 0x800077f0 (0x00e14d33) xor     s10, sp, a4
core   0: 3 0x800077f0 (0x00e14d33) x26 0x80000000
core   0: 0x800077f4 (0x002bfe33) and     t3, s7, sp
core   0: 3 0x800077f4 (0x002bfe33) x28 0x00000000
core   0: 0x800077f8 (0x00d20633) add     a2, tp, a3
core   0: 3 0x800077f8 (0x00d20633) x12 0x0002bcfb
core   0: 0x800077fc (0x0083edb3) or      s11, t2, s0
core   0: 3 0x800077fc (0x0083edb3) x27 0x000001cd
core   0: 0x80007800 (0xd4b8e493) ori     s1, a7, -693
core   0: 3 0x80007800 (0xd4b8e493) x 9 0xfffffd4b
core   0: 0x80007804 (0x40755913) srai    s2, a0, 7
core   0: 3 0x80007804 (0x40755913) x18 0x00000000
core   0: 0x80007808 (0x013823b3) slt     t2, a6, s3
core   0: 3 0x80007808 (0x013823b3) x 7 0x00000000
core   0: 0x8000780c (0x009522b3) slt     t0, a0, s1
core   0: 3 0x8000780c (0x009522b3) x 5 0x00000000
core   0: 0x80007810 (0x4a2a6537) lui     a0, 0x4a2a6
core   0: 3 0x80007810 (0x4a2a6537) x10 0x4a2a6000
core   0: 0x80007814 (0x00ec5513) srli    a0, s8, 14
core   0: 3 0x80007814 (0x00ec5513) x10 0x00000000
core   0: 0x80007818 (0x00557433) and     s0, a0, t0
core   0: 3 0x80007818 (0x00557433) x 8 0x00000000
core   0: 0x8000781c (0x013d7633) and     a2, s10, s3
core   0: 3 0x8000781c (0x013d7633) x12 0x80000000
core   0: 0x80007820 (0xd526e693) ori     a3, a3, -686
core   0: 3 0x80007820 (0xd526e693) x13 0xffffffdb
core   0: 0x80007824 (0x00615f33) srl     t5, sp, t1
core   0: 3 0x80007824 (0x00615f33) x30 0x00000000
core   0: 0x80007828 (0x41690db3) sub     s11, s2, s6
core   0: 3 0x80007828 (0x41690db3) x27 0x00000000
core   0: 0x8000782c (0x01d0c633) xor     a2, ra, t4
core   0: 3 0x8000782c (0x01d0c633) x12 0x00011e64
core   0: 0x80007830 (0x133288b7) lui     a7, 0x13328
core   0: 3 0x80007830 (0x133288b7) x17 0x13328000
core   0: 0x80007834 (0x41dc0e33) sub     t3, s8, t4
core   0: 3 0x80007834 (0x41dc0e33) x28 0x7ffee19d
core   0: 0x80007838 (0x001ea133) slt     sp, t4, ra
core   0: 3 0x80007838 (0x001ea133) x 2 0x00000000
core   0: 0x8000783c (0x1a4ba093) slti    ra, s7, 420
core   0: 3 0x8000783c (0x1a4ba093) x 1 0x00000001
core   0: 0x80007840 (0x017fe4b3) or      s1, t6, s7
core   0: 3 0x80007840 (0x017fe4b3) x 9 0xbddfa226
core   0: 0x80007844 (0x0119cfb3) xor     t6, s3, a7
core   0: 3 0x80007844 (0x0119cfb3) x31 0xecdd7c07
core   0: 0x80007848 (0x01bad5b3) srl     a1, s5, s11
core   0: 3 0x80007848 (0x01bad5b3) x11 0x07ffeef1
core   0: 0x8000784c (0x41b581b3) sub     gp, a1, s11
core   0: 3 0x8000784c (0x41b581b3) x 3 0x07ffeef1
core   0: 0x80007850 (0x0129a2b3) slt     t0, s3, s2
core   0: 3 0x80007850 (0x0129a2b3) x 5 0x00000001
core   0: 0x80007854 (0x00539413) slli    s0, t2, 5
core   0: 3 0x80007854 (0x00539413) x 8 0x00000000
core   0: 0x80007858 (0xf08db417) auipc   s0, 0xf08db
core   0: 3 0x80007858 (0xf08db417) x 8 0x708e2858
core   0: 0x8000785c (0x1483ab13) slti    s6, t2, 328
core   0: 3 0x8000785c (0x1483ab13) x22 0x00000001
core   0: 0x80007860 (0x279a3193) sltiu   gp, s4, 633
core   0: 3 0x80007860 (0x279a3193) x 3 0x00000000
core   0: 0x80007864 (0x40c48233) sub     tp, s1, a2
core   0: 3 0x80007864 (0x40c48233) x 4 0xbdde83c2
core   0: 0x80007868 (0x00a2e833) or      a6, t0, a0
core   0: 3 0x80007868 (0x00a2e833) x16 0x00000001
core   0: 0x8000786c (0x0030a1b3) slt     gp, ra, gp
core   0: 3 0x8000786c (0x0030a1b3) x 3 0x00000000
core   0: 0x80007870 (0x004ec433) xor     s0, t4, tp
core   0: 3 0x80007870 (0x004ec433) x 8 0x3ddf9da6
core   0: 0x80007874 (0x0124d613) srli    a2, s1, 18
core   0: 3 0x80007874 (0x0124d613) x12 0x00002f77
core   0: 0x80007878 (0x9d6e0813) addi    a6, t3, -1578
core   0: 3 0x80007878 (0x9d6e0813) x16 0x7ffedb73
core   0: 0x8000787c (0x01371493) slli    s1, a4, 19
core   0: 3 0x8000787c (0x01371493) x 9 0x00000000
core   0: 0x80007880 (0xd5e8eb13) ori     s6, a7, -674
core   0: 3 0x80007880 (0xd5e8eb13) x22 0xfffffd5e
core   0: 0x80007884 (0x00e699b3) sll     s3, a3, a4
core   0: 3 0x80007884 (0x00e699b3) x19 0xffffffdb
core   0: 0x80007888 (0x01baeab3) or      s5, s5, s11
core   0: 3 0x80007888 (0x01baeab3) x21 0x07ffeef1
core   0: 0x8000788c (0x0186be33) sltu    t3, a3, s8
core   0: 3 0x8000788c (0x0186be33) x28 0x00000000
core   0: 0x80007890 (0x01bb5813) srli    a6, s6, 27
core   0: 3 0x80007890 (0x01bb5813) x16 0x0000001f
core   0: 0x80007894 (0x1885e393) ori     t2, a1, 392
core   0: 3 0x80007894 (0x1885e393) x 7 0x07ffeff9
core   0: 0x80007898 (0x01b5e2b3) or      t0, a1, s11
core   0: 3 0x80007898 (0x01b5e2b3) x 5 0x07ffeef1
core   0: 0x8000789c (0x4c267a93) andi    s5, a2, 1218
core   0: 3 0x8000789c (0x4c267a93) x21 0x00000442
core   0: 0x800078a0 (0xcdf52513) slti    a0, a0, -801
core   0: 3 0x800078a0 (0xcdf52513) x10 0x00000000
core   0: 0x800078a4 (0x012ff333) and     t1, t6, s2
core   0: 3 0x800078a4 (0x012ff333) x 6 0x00000000
core   0: 0x800078a8 (0x01fb9f33) sll     t5, s7, t6
core   0: 3 0x800078a8 (0x01fb9f33) x30 0xefd00000
core   0: 0x800078ac (0x00000013) nop
core   0: 3 0x800078ac (0x00000013)
core   0: 0x800078b0 (0xead46993) ori     s3, s0, -339
core   0: 3 0x800078b0 (0xead46993) x19 0xffffffaf
core   0: 0x800078b4 (0x00dea6b3) slt     a3, t4, a3
core   0: 3 0x800078b4 (0x00dea6b3) x13 0x00000001
core   0: 0x800078b8 (0xad6ae513) ori     a0, s5, -1322
core   0: 3 0x800078b8 (0xad6ae513) x10 0xfffffed6
core   0: 0x800078bc (0xda3a4493) xori    s1, s4, -605
core   0: 3 0x800078bc (0xda3a4493) x 9 0x7ffee2dc
core   0: 0x800078c0 (0xac22b993) sltiu   s3, t0, -1342
core   0: 3 0x800078c0 (0xac22b993) x19 0x00000001
core   0: 0x800078c4 (0x4b390a93) addi    s5, s2, 1203
core   0: 3 0x800078c4 (0x4b390a93) x21 0x000004b3
core   0: 0x800078c8 (0xd1f46493) ori     s1, s0, -737
core   0: 3 0x800078c8 (0xd1f46493) x 9 0xfffffdbf
core   0: 0x800078cc (0x00934a33) xor     s4, t1, s1
core   0: 3 0x800078cc (0x00934a33) x20 0xfffffdbf
core   0: 0x800078d0 (0x0144f633) and     a2, s1, s4
core   0: 3 0x800078d0 (0x0144f633) x12 0xfffffdbf
core   0: 0x800078d4 (0x402a5493) srai    s1, s4, 2
core   0: 3 0x800078d4 (0x402a5493) x 9 0xffffff6f
core   0: 0x800078d8 (0x4cfc7513) andi    a0, s8, 1231
core   0: 3 0x800078d8 (0x4cfc7513) x10 0x00000001
core   0: 0x800078dc (0xe786c6b7) lui     a3, 0xe786c
core   0: 3 0x800078dc (0xe786c6b7) x13 0xe786c000
core   0: 0x800078e0 (0x00000013) nop
core   0: 3 0x800078e0 (0x00000013)
core   0: 0x800078e4 (0xdce5f513) andi    a0, a1, -562
core   0: 3 0x800078e4 (0xdce5f513) x10 0x07ffecc0
core   0: 0x800078e8 (0x015b1ab3) sll     s5, s6, s5
core   0: 3 0x800078e8 (0x015b1ab3) x21 0xeaf00000
core   0: 0x800078ec (0x01b1b5b3) sltu    a1, gp, s11
core   0: 3 0x800078ec (0x01b1b5b3) x11 0x00000000
core   0: 0x800078f0 (0x017d33b3) sltu    t2, s10, s7
core   0: 3 0x800078f0 (0x017d33b3) x 7 0x00000001
core   0: 0x800078f4 (0x01285913) srli    s2, a6, 18
core   0: 3 0x800078f4 (0x01285913) x18 0x00000000
core   0: 0x800078f8 (0x00f44533) xor     a0, s0, a5
core   0: 3 0x800078f8 (0x00f44533) x10 0xbddec1bd
core   0: 0x800078fc (0x0019de33) srl     t3, s3, ra
core   0: 3 0x800078fc (0x0019de33) x28 0x00000000
core   0: 0x80007900 (0x00a1dd93) srli    s11, gp, 10
core   0: 3 0x80007900 (0x00a1dd93) x27 0x00000000
core   0: 0x80007904 (0x40dc5d13) srai    s10, s8, 13
core   0: 3 0x80007904 (0x40dc5d13) x26 0x00000000
core   0: 0x80007908 (0xfe24a593) slti    a1, s1, -30
core   0: 3 0x80007908 (0xfe24a593) x11 0x00000001
core   0: 0x8000790c (0x0154e5b3) or      a1, s1, s5
core   0: 3 0x8000790c (0x0154e5b3) x11 0xffffff6f
core   0: 0x80007910 (0x0173b2b3) sltu    t0, t2, s7
core   0: 3 0x80007910 (0x0173b2b3) x 5 0x00000001
core   0: 0x80007914 (0xbbf84b13) xori    s6, a6, -1089
core   0: 3 0x80007914 (0xbbf84b13) x22 0xfffffba0
core   0: 0x80007918 (0x018e1293) slli    t0, t3, 24
core   0: 3 0x80007918 (0x018e1293) x 5 0x00000000
core   0: 0x8000791c (0x7e93c313) xori    t1, t2, 2025
core   0: 3 0x8000791c (0x7e93c313) x 6 0x000007e8
core   0: 0x80007920 (0xba5d8993) addi    s3, s11, -1115
core   0: 3 0x80007920 (0xba5d8993) x19 0xfffffba5
core   0: 0x80007924 (0x019f1bb3) sll     s7, t5, s9
core   0: 3 0x80007924 (0x019f1bb3) x23 0xfd000000
core   0: 0x80007928 (0x3b258c13) addi    s8, a1, 946
core   0: 3 0x80007928 (0x3b258c13) x24 0x00000321
core   0: 0x8000792c (0x01e324b3) slt     s1, t1, t5
core   0: 3 0x8000792c (0x01e324b3) x 9 0x00000000
core   0: 0x80007930 (0x00676c33) or      s8, a4, t1
core   0: 3 0x80007930 (0x00676c33) x24 0x800007e8
core   0: 0x80007934 (0x00000013) nop
core   0: 3 0x80007934 (0x00000013)
core   0: 0x80007938 (0x00831413) slli    s0, t1, 8
core   0: 3 0x80007938 (0x00831413) x 8 0x0007e800
core   0: 0x8000793c (0x01058833) add     a6, a1, a6
core   0: 3 0x8000793c (0x01058833) x16 0xffffff8e
core   0: 0x80007940 (0x4528eb13) ori     s6, a7, 1106
core   0: 3 0x80007940 (0x4528eb13) x22 0x13328452
core   0: 0x80007944 (0x017889b3) add     s3, a7, s7
core   0: 3 0x80007944 (0x017889b3) x19 0x10328000
core   0: 0x80007948 (0x65c6b8b7) lui     a7, 0x65c6b
core   0: 3 0x80007948 (0x65c6b8b7) x17 0x65c6b000
core   0: 0x8000794c (0x8f2bb393) sltiu   t2, s7, -1806
core   0: 3 0x8000794c (0x8f2bb393) x 7 0x00000001
core   0: 0x80007950 (0x4061dfb3) sra     t6, gp, t1
core   0: 3 0x80007950 (0x4061dfb3) x31 0x00000000
core   0: 0x80007954 (0x00188ab3) add     s5, a7, ra
core   0: 3 0x80007954 (0x00188ab3) x21 0x65c6b001
core   0: 0x80007958 (0x01884f33) xor     t5, a6, s8
core   0: 3 0x80007958 (0x01884f33) x30 0x7ffff866
core   0: 0x8000795c (0x099e3513) sltiu   a0, t3, 153
core   0: 3 0x8000795c (0x099e3513) x10 0x00000001
core   0: 0x80007960 (0x00b688b3) add     a7, a3, a1
core   0: 3 0x80007960 (0x00b688b3) x17 0xe786bf6f
core   0: 0x80007964 (0x3afb4093) xori    ra, s6, 943
core   0: 3 0x80007964 (0x3afb4093) x 1 0x133287fd
core   0: 0x80007968 (0xe2ad7113) andi    sp, s10, -470
core   0: 3 0x80007968 (0xe2ad7113) x 2 0x00000000
core   0: 0x8000796c (0x850f5297) auipc   t0, 0x850f5
core   0: 3 0x8000796c (0x850f5297) x 5 0x050fc96c
core   0: 0x80007970 (0x01d5f3b3) and     t2, a1, t4
core   0: 3 0x80007970 (0x01d5f3b3) x 7 0x80011e64
core   0: 0x80007974 (0x00611993) slli    s3, sp, 6
core   0: 3 0x80007974 (0x00611993) x19 0x00000000
core   0: 0x80007978 (0x429c3393) sltiu   t2, s8, 1065
core   0: 3 0x80007978 (0x429c3393) x 7 0x00000000
core   0: 0x8000797c (0x96780213) addi    tp, a6, -1689
core   0: 3 0x8000797c (0x96780213) x 4 0xfffff8f5
core   0: 0x80007980 (0x88841d17) auipc   s10, 0x88841
core   0: 3 0x80007980 (0x88841d17) x26 0x08848980
core   0: 0x80007984 (0x413e8fb3) sub     t6, t4, s3
core   0: 3 0x80007984 (0x413e8fb3) x31 0x80011e64
core   0: 0x80007988 (0x41a7d9b3) sra     s3, a5, s10
core   0: 3 0x80007988 (0x41a7d9b3) x19 0x80015c1b
core   0: 0x8000798c (0x01a87c33) and     s8, a6, s10
core   0: 3 0x8000798c (0x01a87c33) x24 0x08848980
core   0: 0x80007990 (0x71a2e393) ori     t2, t0, 1818
core   0: 3 0x80007990 (0x71a2e393) x 7 0x050fcf7e
core   0: 0x80007994 (0x409dd413) srai    s0, s11, 9
core   0: 3 0x80007994 (0x409dd413) x 8 0x00000000
core   0: 0x80007998 (0x00d84fb3) xor     t6, a6, a3
core   0: 3 0x80007998 (0x00d84fb3) x31 0x18793f8e
core   0: 0x8000799c (0x41fc8933) sub     s2, s9, t6
core   0: 3 0x8000799c (0x41fc8933) x18 0x67881d56
core   0: 0x800079a0 (0x00d07033) and     zero, zero, a3
core   0: 3 0x800079a0 (0x00d07033)
core   0: 0x800079a4 (0xd5e42f13) slti    t5, s0, -674
core   0: 3 0x800079a4 (0xd5e42f13) x30 0x00000000
core   0: 0x800079a8 (0x2e892593) slti    a1, s2, 744
core   0: 3 0x800079a8 (0x2e892593) x11 0x00000000
core   0: 0x800079ac (0x212b7613) andi    a2, s6, 530
core   0: 3 0x800079ac (0x212b7613) x12 0x00000012
core   0: 0x800079b0 (0x00538ab3) add     s5, t2, t0
core   0: 3 0x800079b0 (0x00538ab3) x21 0x0a1f98ea
core   0: 0x800079b4 (0x00000013) nop
core   0: 3 0x800079b4 (0x00000013)
core   0: 0x800079b8 (0x401c0d33) sub     s10, s8, ra
core   0: 3 0x800079b8 (0x401c0d33) x26 0xf5520183
core   0: 0x800079bc (0x4184d893) srai    a7, s1, 24
core   0: 3 0x800079bc (0x4184d893) x17 0x00000000
core   0: 0x800079c0 (0x496b4413) xori    s0, s6, 1174
core   0: 3 0x800079c0 (0x496b4413) x 8 0x133280c4
core   0: 0x800079c4 (0x00526233) or      tp, tp, t0
core   0: 3 0x800079c4 (0x00526233) x 4 0xfffff9fd
core   0: 0x800079c8 (0x01f88ab3) add     s5, a7, t6
core   0: 3 0x800079c8 (0x01f88ab3) x21 0x18793f8e
core   0: 0x800079cc (0x00d9dd93) srli    s11, s3, 13
core   0: 3 0x800079cc (0x00d9dd93) x27 0x0004000a
core   0: 0x800079d0 (0x01f849b3) xor     s3, a6, t6
core   0: 3 0x800079d0 (0x01f849b3) x19 0xe786c000
core   0: 0x800079d4 (0x00000013) nop
core   0: 3 0x800079d4 (0x00000013)
core   0: 0x800079d8 (0x40248e33) sub     t3, s1, sp
core   0: 3 0x800079d8 (0x40248e33) x28 0x00000000
core   0: 0x800079dc (0x40ded933) sra     s2, t4, a3
core   0: 3 0x800079dc (0x40ded933) x18 0x80011e64
core   0: 0x800079e0 (0x00e14e33) xor     t3, sp, a4
core   0: 3 0x800079e0 (0x00e14e33) x28 0x80000000
core   0: 0x800079e4 (0xb3af4a37) lui     s4, 0xb3af4
core   0: 3 0x800079e4 (0xb3af4a37) x20 0xb3af4000
core   0: 0x800079e8 (0x41350ab3) sub     s5, a0, s3
core   0: 3 0x800079e8 (0x41350ab3) x21 0x18794001
core   0: 0x800079ec (0xe099f693) andi    a3, s3, -503
core   0: 3 0x800079ec (0xe099f693) x13 0xe786c000
core   0: 0x800079f0 (0xf1ee2f13) slti    t5, t3, -226
core   0: 3 0x800079f0 (0xf1ee2f13) x30 0x00000001
core   0: 0x800079f4 (0x9d032d13) slti    s10, t1, -1584
core   0: 3 0x800079f4 (0x9d032d13) x26 0x00000000
core   0: 0x800079f8 (0x40a78833) sub     a6, a5, a0
core   0: 3 0x800079f8 (0x40a78833) x16 0x80015c1a
core   0: 0x800079fc (0x971c8b37) lui     s6, 0x971c8
core   0: 3 0x800079fc (0x971c8b37) x22 0x971c8000
core   0: 0x80007a00 (0x39d56213) ori     tp, a0, 925
core   0: 3 0x80007a00 (0x39d56213) x 4 0x0000039d
core   0: 0x80007a04 (0xc4a73093) sltiu   ra, a4, -950
core   0: 3 0x80007a04 (0xc4a73093) x 1 0x00000001
core   0: 0x80007a08 (0x013f73b3) and     t2, t5, s3
core   0: 3 0x80007a08 (0x013f73b3) x 7 0x00000000
core   0: 0x80007a0c (0xac425c17) auipc   s8, 0xac425
core   0: 3 0x80007a0c (0xac425c17) x24 0x2c42ca0c
core   0: 0x80007a10 (0x4d542613) slti    a2, s0, 1237
core   0: 3 0x80007a10 (0x4d542613) x12 0x00000000
core   0: 0x80007a14 (0x8df9f313) andi    t1, s3, -1825
core   0: 3 0x80007a14 (0x8df9f313) x 6 0xe786c000
core   0: 0x80007a18 (0x015b90b3) sll     ra, s7, s5
core   0: 3 0x80007a18 (0x015b90b3) x 1 0xfa000000
core   0: 0x80007a1c (0x40c0dc13) srai    s8, ra, 12
core   0: 3 0x80007a1c (0x40c0dc13) x24 0xffffa000
core   0: 0x80007a20 (0x0083dd13) srli    s10, t2, 8
core   0: 3 0x80007a20 (0x0083dd13) x26 0x00000000
core   0: 0x80007a24 (0x01509013) slli    zero, ra, 21
core   0: 3 0x80007a24 (0x01509013)
core   0: 0x80007a28 (0x00207db3) and     s11, zero, sp
core   0: 3 0x80007a28 (0x00207db3) x27 0x00000000
core   0: 0x80007a2c (0xc1027513) andi    a0, tp, -1008
core   0: 3 0x80007a2c (0xc1027513) x10 0x00000010
core   0: 0x80007a30 (0x0063d093) srli    ra, t2, 6
core   0: 3 0x80007a30 (0x0063d093) x 1 0x00000000
core   0: 0x80007a34 (0x016cd613) srli    a2, s9, 22
core   0: 3 0x80007a34 (0x016cd613) x12 0x00000200
core   0: 0x80007a38 (0x00243d33) sltu    s10, s0, sp
core   0: 3 0x80007a38 (0x00243d33) x26 0x00000000
core   0: 0x80007a3c (0x000eed33) or      s10, t4, zero
core   0: 3 0x80007a3c (0x000eed33) x26 0x80011e64
core   0: 0x80007a40 (0x01899093) slli    ra, s3, 24
core   0: 3 0x80007a40 (0x01899093) x 1 0x00000000
core   0: 0x80007a44 (0x41e4d413) srai    s0, s1, 30
core   0: 3 0x80007a44 (0x41e4d413) x 8 0x00000000
core   0: 0x80007a48 (0x408dd233) sra     tp, s11, s0
core   0: 3 0x80007a48 (0x408dd233) x 4 0x00000000
core   0: 0x80007a4c (0x41c95a13) srai    s4, s2, 28
core   0: 3 0x80007a4c (0x41c95a13) x20 0xfffffff8
core   0: 0x80007a50 (0x007944b3) xor     s1, s2, t2
core   0: 3 0x80007a50 (0x007944b3) x 9 0x80011e64
core   0: 0x80007a54 (0x01b953b3) srl     t2, s2, s11
core   0: 3 0x80007a54 (0x01b953b3) x 7 0x80011e64
core   0: 0x80007a58 (0x000a9db3) sll     s11, s5, zero
core   0: 3 0x80007a58 (0x000a9db3) x27 0x18794001
core   0: 0x80007a5c (0x159e2413) slti    s0, t3, 345
core   0: 3 0x80007a5c (0x159e2413) x 8 0x00000001
core   0: 0x80007a60 (0x164cf513) andi    a0, s9, 356
core   0: 3 0x80007a60 (0x164cf513) x10 0x00000064
core   0: 0x80007a64 (0xfce9cb93) xori    s7, s3, -50
core   0: 3 0x80007a64 (0xfce9cb93) x23 0x18793fce
core   0: 0x80007a68 (0xfb841217) auipc   tp, 0xfb841
core   0: 3 0x80007a68 (0xfb841217) x 4 0x7b848a68
core   0: 0x80007a6c (0xb9ade293) ori     t0, s11, -1126
core   0: 3 0x80007a6c (0xb9ade293) x 5 0xfffffb9b
core   0: 0x80007a70 (0x5639ef93) ori     t6, s3, 1379
core   0: 3 0x80007a70 (0x5639ef93) x31 0xe786c563
core   0: 0x80007a74 (0xa6406137) lui     sp, 0xa6406
core   0: 3 0x80007a74 (0xa6406137) x 2 0xa6406000
core   0: 0x80007a78 (0x01b58b33) add     s6, a1, s11
core   0: 3 0x80007a78 (0x01b58b33) x22 0x18794001
core   0: 0x80007a7c (0x00b1bd33) sltu    s10, gp, a1
core   0: 3 0x80007a7c (0x00b1bd33) x26 0x00000000
core   0: 0x80007a80 (0x009f26b3) slt     a3, t5, s1
core   0: 3 0x80007a80 (0x009f26b3) x13 0x00000000
core   0: 0x80007a84 (0x1808be13) sltiu   t3, a7, 384
core   0: 3 0x80007a84 (0x1808be13) x28 0x00000001
core   0: 0x80007a88 (0x403c0533) sub     a0, s8, gp
core   0: 3 0x80007a88 (0x403c0533) x10 0xffffa000
core   0: 0x80007a8c (0x0121ddb3) srl     s11, gp, s2
core   0: 3 0x80007a8c (0x0121ddb3) x27 0x00000000
core   0: 0x80007a90 (0x01c00d33) add     s10, zero, t3
core   0: 3 0x80007a90 (0x01c00d33) x26 0x00000001
core   0: 0x80007a94 (0x00161f13) slli    t5, a2, 1
core   0: 3 0x80007a94 (0x00161f13) x30 0x00000400
core   0: 0x80007a98 (0x00d1d113) srli    sp, gp, 13
core   0: 3 0x80007a98 (0x00d1d113) x 2 0x00000000
core   0: 0x80007a9c (0x4182d633) sra     a2, t0, s8
core   0: 3 0x80007a9c (0x4182d633) x12 0xfffffb9b
core   0: 0x80007aa0 (0x00000013) nop
core   0: 3 0x80007aa0 (0x00000013)
core   0: 0x80007aa4 (0xcafa0c13) addi    s8, s4, -849
core   0: 3 0x80007aa4 (0xcafa0c13) x24 0xfffffca7
core   0: 0x80007aa8 (0x01ddb2b3) sltu    t0, s11, t4
core   0: 3 0x80007aa8 (0x01ddb2b3) x 5 0x00000001
core   0: 0x80007aac (0x00d21a93) slli    s5, tp, 13
core   0: 3 0x80007aac (0x00d21a93) x21 0x914d0000
core   0: 0x80007ab0 (0xb3ecc213) xori    tp, s9, -1218
core   0: 3 0x80007ab0 (0xb3ecc213) x 4 0x7ffea7da
core   0: 0x80007ab4 (0x01185393) srli    t2, a6, 17
core   0: 3 0x80007ab4 (0x01185393) x 7 0x00004000
core   0: 0x80007ab8 (0x40df55b3) sra     a1, t5, a3
core   0: 3 0x80007ab8 (0x40df55b3) x11 0x00000400
core   0: 0x80007abc (0x0060fa33) and     s4, ra, t1
core   0: 3 0x80007abc (0x0060fa33) x20 0x00000000
core   0: 0x80007ac0 (0x58d75b37) lui     s6, 0x58d75
core   0: 3 0x80007ac0 (0x58d75b37) x22 0x58d75000
core   0: 0x80007ac4 (0x92ea0993) addi    s3, s4, -1746
core   0: 3 0x80007ac4 (0x92ea0993) x19 0xfffff92e
core   0: 0x80007ac8 (0x6913a013) slti    zero, t2, 1681
core   0: 3 0x80007ac8 (0x6913a013)
core   0: 0x80007acc (0xfe110937) lui     s2, 0xfe110
core   0: 3 0x80007acc (0xfe110937) x18 0xfe110000
core   0: 0x80007ad0 (0xa7e90913) addi    s2, s2, -1410
core   0: 3 0x80007ad0 (0xa7e90913) x18 0xfe10fa7e
core   0: 0x80007ad4 (0x8e2439b7) lui     s3, 0x8e243
core   0: 3 0x80007ad4 (0x8e2439b7) x19 0x8e243000
core   0: 0x80007ad8 (0xe5898993) addi    s3, s3, -424
core   0: 3 0x80007ad8 (0xe5898993) x19 0x8e242e58
core   0: 0x80007adc (0x00000213) li      tp, 0
core   0: 3 0x80007adc (0x00000213) x 4 0x00000000
core   0: 0x80007ae0 (0xca85fe37) lui     t3, 0xca85f
core   0: 3 0x80007ae0 (0xca85fe37) x28 0xca85f000
core   0: 0x80007ae4 (0xd1ce0e13) addi    t3, t3, -740
core   0: 3 0x80007ae4 (0xd1ce0e13) x28 0xca85ed1c
core   0: 0x80007ae8 (0x9cb52ab7) lui     s5, 0x9cb52
core   0: 3 0x80007ae8 (0x9cb52ab7) x21 0x9cb52000
core   0: 0x80007aec (0x06ca8a93) addi    s5, s5, 108
core   0: 3 0x80007aec (0x06ca8a93) x21 0x9cb5206c
core   0: 0x80007af0 (0x6395bfb7) lui     t6, 0x6395b
core   0: 3 0x80007af0 (0x6395bfb7) x31 0x6395b000
core   0: 0x80007af4 (0x643f8f93) addi    t6, t6, 1603
core   0: 3 0x80007af4 (0x643f8f93) x31 0x6395b643
core   0: 0x80007af8 (0x80000f37) lui     t5, 0x80000
core   0: 3 0x80007af8 (0x80000f37) x30 0x80000000
core   0: 0x80007afc (0x642f6837) lui     a6, 0x642f6
core   0: 3 0x80007afc (0x642f6837) x16 0x642f6000
core   0: 0x80007b00 (0x4a080813) addi    a6, a6, 1184
core   0: 3 0x80007b00 (0x4a080813) x16 0x642f64a0
core   0: 0x80007b04 (0x86e1f1b7) lui     gp, 0x86e1f
core   0: 3 0x80007b04 (0x86e1f1b7) x 3 0x86e1f000
core   0: 0x80007b08 (0x0af18193) addi    gp, gp, 175
core   0: 3 0x80007b08 (0x0af18193) x 3 0x86e1f0af
core   0: 0x80007b0c (0xd013a7b7) lui     a5, 0xd013a
core   0: 3 0x80007b0c (0xd013a7b7) x15 0xd013a000
core   0: 0x80007b10 (0xc1678793) addi    a5, a5, -1002
core   0: 3 0x80007b10 (0xc1678793) x15 0xd0139c16
core   0: 0x80007b14 (0x00000013) nop
core   0: 3 0x80007b14 (0x00000013)
core   0: 0x80007b18 (0x38872237) lui     tp, 0x38872
core   0: 3 0x80007b18 (0x38872237) x 4 0x38872000
core   0: 0x80007b1c (0xd5b18e37) lui     t3, 0xd5b18
core   0: 3 0x80007b1c (0xd5b18e37) x28 0xd5b18000
core   0: 0x80007b20 (0xc13a8f93) addi    t6, s5, -1005
core   0: 3 0x80007b20 (0xc13a8f93) x31 0x9cb51c7f
core   0: 0x80007b24 (0x00f807b3) add     a5, a6, a5
core   0: 3 0x80007b24 (0x00f807b3) x15 0x344300b6
core   0: 0x80007b28 (0x2bc4ff17) auipc   t5, 0x2bc4f
core   0: 3 0x80007b28 (0x2bc4ff17) x30 0xabc56b28
core   0: 0x80007b2c (0x40418233) sub     tp, gp, tp
core   0: 3 0x80007b2c (0x40418233) x 4 0x4e5ad0af
core   0: 0x80007b30 (0x412f01b3) sub     gp, t5, s2
core   0: 3 0x80007b30 (0x412f01b3) x 3 0xadb470aa
core   0: 0x80007b34 (0x9c41a7b7) lui     a5, 0x9c41a
core   0: 3 0x80007b34 (0x9c41a7b7) x15 0x9c41a000
core   0: 0x80007b38 (0x259607b7) lui     a5, 0x25960
core   0: 3 0x80007b38 (0x259607b7) x15 0x25960000
core   0: 0x80007b3c (0x00000013) nop
core   0: 3 0x80007b3c (0x00000013)
core   0: 0x80007b40 (0x40490f33) sub     t5, s2, tp
core   0: 3 0x80007b40 (0x40490f33) x30 0xafb629cf
core   0: 0x80007b44 (0xffc98193) addi    gp, s3, -4
core   0: 3 0x80007b44 (0xffc98193) x 3 0x8e242e54
core   0: 0x80007b48 (0x010a81b3) add     gp, s5, a6
core   0: 3 0x80007b48 (0x010a81b3) x 3 0x00e4850c
core   0: 0x80007b4c (0xaa298f93) addi    t6, s3, -1374
core   0: 3 0x80007b4c (0xaa298f93) x31 0x8e2428fa
core   0: 0x80007b50 (0x00ef07b3) add     a5, t5, a4
core   0: 3 0x80007b50 (0x00ef07b3) x15 0x2fb629cf
core   0: 0x80007b54 (0x01a2b3b3) sltu    t2, t0, s10
core   0: 3 0x80007b54 (0x01a2b3b3) x 7 0x00000000
core   0: 0x80007b58 (0x0054e633) or      a2, s1, t0
core   0: 3 0x80007b58 (0x0054e633) x12 0x80011e65
core   0: 0x80007b5c (0x2950bdb7) lui     s11, 0x2950b
core   0: 3 0x80007b5c (0x2950bdb7) x27 0x2950b000
core   0: 0x80007b60 (0x416d5093) srai    ra, s10, 22
core   0: 3 0x80007b60 (0x416d5093) x 1 0x00000000
core   0: 0x80007b64 (0x418fd413) srai    s0, t6, 24
core   0: 3 0x80007b64 (0x418fd413) x 8 0xffffff8e
core   0: 0x80007b68 (0x00000013) nop
core   0: 3 0x80007b68 (0x00000013)
core   0: 0x80007b6c (0x410e05b3) sub     a1, t3, a6
core   0: 3 0x80007b6c (0x410e05b3) x11 0x71821b60
core   0: 0x80007b70 (0x005e5033) srl     zero, t3, t0
core   0: 3 0x80007b70 (0x005e5033)
core   0: 0x80007b74 (0x004fd293) srli    t0, t6, 4
core   0: 3 0x80007b74 (0x004fd293) x 5 0x08e2428f
core   0: 0x80007b78 (0x012d2f33) slt     t5, s10, s2
core   0: 3 0x80007b78 (0x012d2f33) x30 0x00000000
core   0: 0x80007b7c (0x00d9e0b3) or      ra, s3, a3
core   0: 3 0x80007b7c (0x00d9e0b3) x 1 0x8e242e58
core   0: 0x80007b80 (0x00742b33) slt     s6, s0, t2
core   0: 3 0x80007b80 (0x00742b33) x22 0x00000001
core   0: 0x80007b84 (0x41e853b3) sra     t2, a6, t5
core   0: 3 0x80007b84 (0x41e853b3) x 7 0x642f64a0
core   0: 0x80007b88 (0x00d5d8b3) srl     a7, a1, a3
core   0: 3 0x80007b88 (0x00d5d8b3) x17 0x71821b60
core   0: 0x80007b8c (0x41dd5693) srai    a3, s10, 29
core   0: 3 0x80007b8c (0x41dd5693) x13 0x00000000
core   0: 0x80007b90 (0x005fb333) sltu    t1, t6, t0
core   0: 3 0x80007b90 (0x005fb333) x 6 0x00000000
core   0: 0x80007b94 (0x01408d33) add     s10, ra, s4
core   0: 3 0x80007b94 (0x01408d33) x26 0x8e242e58
core   0: 0x80007b98 (0x41b356b3) sra     a3, t1, s11
core   0: 3 0x80007b98 (0x41b356b3) x13 0x00000000
core   0: 0x80007b9c (0x010ed533) srl     a0, t4, a6
core   0: 3 0x80007b9c (0x010ed533) x10 0x80011e64
core   0: 0x80007ba0 (0x00000013) nop
core   0: 3 0x80007ba0 (0x00000013)
core   0: 0x80007ba4 (0x0df73f13) sltiu   t5, a4, 223
core   0: 3 0x80007ba4 (0x0df73f13) x30 0x00000000
core   0: 0x80007ba8 (0x01ff1db3) sll     s11, t5, t6
core   0: 3 0x80007ba8 (0x01ff1db3) x27 0x00000000
core   0: 0x80007bac (0x2ec2cb93) xori    s7, t0, 748
core   0: 3 0x80007bac (0x2ec2cb93) x23 0x08e24063
core   0: 0x80007bb0 (0x411b5f13) srai    t5, s6, 17
core   0: 3 0x80007bb0 (0x411b5f13) x30 0x00000000
core   0: 0x80007bb4 (0x00000013) nop
core   0: 3 0x80007bb4 (0x00000013)
core   0: 0x80007bb8 (0x01f913b3) sll     t2, s2, t6
core   0: 3 0x80007bb8 (0x01f913b3) x 7 0xf8000000
core   0: 0x80007bbc (0x0004f233) and     tp, s1, zero
core   0: 3 0x80007bbc (0x0004f233) x 4 0x00000000
core   0: 0x80007bc0 (0xe46d09b7) lui     s3, 0xe46d0
core   0: 3 0x80007bc0 (0xe46d09b7) x19 0xe46d0000
core   0: 0x80007bc4 (0x415588b3) sub     a7, a1, s5
core   0: 3 0x80007bc4 (0x415588b3) x17 0xd4ccfaf4
core   0: 0x80007bc8 (0x25186493) ori     s1, a6, 593
core   0: 3 0x80007bc8 (0x25186493) x 9 0x642f66f1
core   0: 0x80007bcc (0x2e1d8f93) addi    t6, s11, 737
core   0: 3 0x80007bcc (0x2e1d8f93) x31 0x000002e1
core   0: 0x80007bd0 (0x00aa5433) srl     s0, s4, a0
core   0: 3 0x80007bd0 (0x00aa5433) x 8 0x00000000
core   0: 0x80007bd4 (0xa58415b7) lui     a1, 0xa5841
core   0: 3 0x80007bd4 (0xa58415b7) x11 0xa5841000
core   0: 0x80007bd8 (0x00000013) nop
core   0: 3 0x80007bd8 (0x00000013)
core   0: 0x80007bdc (0xc41b6013) ori     zero, s6, -959
core   0: 3 0x80007bdc (0xc41b6013)
core   0: 0x80007be0 (0x41140fb3) sub     t6, s0, a7
core   0: 3 0x80007be0 (0x41140fb3) x31 0x2b33050c
core   0: 0x80007be4 (0x4005db33) sra     s6, a1, zero
core   0: 3 0x80007be4 (0x4005db33) x22 0xa5841000
core   0: 0x80007be8 (0x01559b93) slli    s7, a1, 21
core   0: 3 0x80007be8 (0x01559b93) x23 0x00000000
core   0: 0x80007bec (0xceeec693) xori    a3, t4, -786
core   0: 3 0x80007bec (0xceeec693) x13 0x7ffee28a
core   0: 0x80007bf0 (0x00000013) nop
core   0: 3 0x80007bf0 (0x00000013)
core   0: 0x80007bf4 (0x25253693) sltiu   a3, a0, 594
core   0: 3 0x80007bf4 (0x25253693) x13 0x00000000
core   0: 0x80007bf8 (0x40985213) srai    tp, a6, 9
core   0: 3 0x80007bf8 (0x40985213) x 4 0x003217b2
core   0: 0x80007bfc (0xfc653893) sltiu   a7, a0, -58
core   0: 3 0x80007bfc (0xfc653893) x17 0x00000001
core   0: 0x80007c00 (0x013f1193) slli    gp, t5, 19
core   0: 3 0x80007c00 (0x013f1193) x 3 0x00000000
core   0: 0x80007c04 (0x1124cd17) auipc   s10, 0x1124c
core   0: 3 0x80007c04 (0x1124cd17) x26 0x91253c04
core   0: 0x80007c08 (0x00000013) nop
core   0: 3 0x80007c08 (0x00000013)
core   0: 0x80007c0c (0x76d6f213) andi    tp, a3, 1901
core   0: 3 0x80007c0c (0x76d6f213) x 4 0x00000000
core   0: 0x80007c10 (0x5a093413) sltiu   s0, s2, 1440
core   0: 3 0x80007c10 (0x5a093413) x 8 0x00000000
core   0: 0x80007c14 (0x1a363913) sltiu   s2, a2, 419
core   0: 3 0x80007c14 (0x1a363913) x18 0x00000000
core   0: 0x80007c18 (0x00f3e833) or      a6, t2, a5
core   0: 3 0x80007c18 (0x00f3e833) x16 0xffb629cf
core   0: 0x80007c1c (0x007bcb33) xor     s6, s7, t2
core   0: 3 0x80007c1c (0x007bcb33) x22 0xf8000000
core   0: 0x80007c20 (0x406787b3) sub     a5, a5, t1
core   0: 3 0x80007c20 (0x406787b3) x15 0x2fb629cf
core   0: 0x80007c24 (0x01e01ab3) sll     s5, zero, t5
core   0: 3 0x80007c24 (0x01e01ab3) x21 0x00000000
core   0: 0x80007c28 (0x00499f33) sll     t5, s3, tp
core   0: 3 0x80007c28 (0x00499f33) x30 0xe46d0000
core   0: 0x80007c2c (0xc8d0b5b7) lui     a1, 0xc8d0b
core   0: 3 0x80007c2c (0xc8d0b5b7) x11 0xc8d0b000
core   0: 0x80007c30 (0x40f7d7b3) sra     a5, a5, a5
core   0: 3 0x80007c30 (0x40f7d7b3) x15 0x00005f6c
core   0: 0x80007c34 (0x01a85213) srli    tp, a6, 26
core   0: 3 0x80007c34 (0x01a85213) x 4 0x0000003f
core   0: 0x80007c38 (0x012ba6b3) slt     a3, s7, s2
core   0: 3 0x80007c38 (0x012ba6b3) x13 0x00000000
core   0: 0x80007c3c (0x01cef5b3) and     a1, t4, t3
core   0: 3 0x80007c3c (0x01cef5b3) x11 0x80010000
core   0: 0x80007c40 (0x00000013) nop
core   0: 3 0x80007c40 (0x00000013)
core   0: 0x80007c44 (0x41b50533) sub     a0, a0, s11
core   0: 3 0x80007c44 (0x41b50533) x10 0x80011e64
core   0: 0x80007c48 (0x005848b3) xor     a7, a6, t0
core   0: 3 0x80007c48 (0x005848b3) x17 0xf7546b40
core   0: 0x80007c4c (0x010bb8b3) sltu    a7, s7, a6
core   0: 3 0x80007c4c (0x010bb8b3) x17 0x00000001
core   0: 0x80007c50 (0x01c35fb3) srl     t6, t1, t3
core   0: 3 0x80007c50 (0x01c35fb3) x31 0x00000000
core   0: 0x80007c54 (0x00000013) nop
core   0: 3 0x80007c54 (0x00000013)
core   0: 0x80007c58 (0xc21ae237) lui     tp, 0xc21ae
core   0: 3 0x80007c58 (0xc21ae237) x 4 0xc21ae000
core   0: 0x80007c5c (0x01113e33) sltu    t3, sp, a7
core   0: 3 0x80007c5c (0x01113e33) x28 0x00000001
core   0: 0x80007c60 (0x00089d33) sll     s10, a7, zero
core   0: 3 0x80007c60 (0x00089d33) x26 0x00000001
core   0: 0x80007c64 (0x00748d33) add     s10, s1, t2
core   0: 3 0x80007c64 (0x00748d33) x26 0x5c2f66f1
core   0: 0x80007c68 (0x5433ee37) lui     t3, 0x5433e
core   0: 3 0x80007c68 (0x5433ee37) x28 0x5433e000
core   0: 0x80007c6c (0x008f7233) and     tp, t5, s0
core   0: 3 0x80007c6c (0x008f7233) x 4 0x00000000
core   0: 0x80007c70 (0xfb33be13) sltiu   t3, t2, -77
core   0: 3 0x80007c70 (0xfb33be13) x28 0x00000001
core   0: 0x80007c74 (0x0059d2b3) srl     t0, s3, t0
core   0: 3 0x80007c74 (0x0059d2b3) x 5 0x0001c8da
core   0: 0x80007c78 (0x010131b3) sltu    gp, sp, a6
core   0: 3 0x80007c78 (0x010131b3) x 3 0x00000001
core   0: 0x80007c7c (0x400ede33) sra     t3, t4, zero
core   0: 3 0x80007c7c (0x400ede33) x28 0x80011e64
core   0: 0x80007c80 (0x0aa2cf13) xori    t5, t0, 170
core   0: 3 0x80007c80 (0x0aa2cf13) x30 0x0001c870
core   0: 0x80007c84 (0x0086f9b3) and     s3, a3, s0
core   0: 3 0x80007c84 (0x0086f9b3) x19 0x00000000
core   0: 0x80007c88 (0x357cef93) ori     t6, s9, 855
core   0: 3 0x80007c88 (0x357cef93) x31 0x80015ff7
core   0: 0x80007c8c (0x01f139b3) sltu    s3, sp, t6
core   0: 3 0x80007c8c (0x01f139b3) x19 0x00000001
core   0: 0x80007c90 (0x66062d13) slti    s10, a2, 1632
core   0: 3 0x80007c90 (0x66062d13) x26 0x00000001
core   0: 0x80007c94 (0x01409013) slli    zero, ra, 20
core   0: 3 0x80007c94 (0x01409013)
core   0: 0x80007c98 (0x40aa5793) srai    a5, s4, 10
core   0: 3 0x80007c98 (0x40aa5793) x15 0x00000000
core   0: 0x80007c9c (0x6ae53993) sltiu   s3, a0, 1710
core   0: 3 0x80007c9c (0x6ae53993) x19 0x00000000
core   0: 0x80007ca0 (0x48627813) andi    a6, tp, 1158
core   0: 3 0x80007ca0 (0x48627813) x16 0x00000000
core   0: 0x80007ca4 (0x498a2293) slti    t0, s4, 1176
core   0: 3 0x80007ca4 (0x498a2293) x 5 0x00000001
core   0: 0x80007ca8 (0x57df7513) andi    a0, t5, 1405
core   0: 3 0x80007ca8 (0x57df7513) x10 0x00000070
core   0: 0x80007cac (0xa518a2b7) lui     t0, 0xa518a
core   0: 3 0x80007cac (0xa518a2b7) x 5 0xa518a000
core   0: 0x80007cb0 (0x01651d33) sll     s10, a0, s6
core   0: 3 0x80007cb0 (0x01651d33) x26 0x00000070
core   0: 0x80007cb4 (0x00841793) slli    a5, s0, 8
core   0: 3 0x80007cb4 (0x00841793) x15 0x00000000
core   0: 0x80007cb8 (0x3a036f93) ori     t6, t1, 928
core   0: 3 0x80007cb8 (0x3a036f93) x31 0x000003a0
core   0: 0x80007cbc (0x016c9833) sll     a6, s9, s6
core   0: 3 0x80007cbc (0x016c9833) x16 0x80015ce4
core   0: 0x80007cc0 (0x29cf2ab7) lui     s5, 0x29cf2
core   0: 3 0x80007cc0 (0x29cf2ab7) x21 0x29cf2000
core   0: 0x80007cc4 (0x40415c13) srai    s8, sp, 4
core   0: 3 0x80007cc4 (0x40415c13) x24 0x00000000
core   0: 0x80007cc8 (0x0123c333) xor     t1, t2, s2
core   0: 3 0x80007cc8 (0x0123c333) x 6 0xf8000000
core   0: 0x80007ccc (0x00fae2b3) or      t0, s5, a5
core   0: 3 0x80007ccc (0x00fae2b3) x 5 0x29cf2000
core   0: 0x80007cd0 (0x018a2333) slt     t1, s4, s8
core   0: 3 0x80007cd0 (0x018a2333) x 6 0x00000000
core   0: 0x80007cd4 (0x00c74b33) xor     s6, a4, a2
core   0: 3 0x80007cd4 (0x00c74b33) x22 0x00011e65
core   0: 0x80007cd8 (0x01a1ddb3) srl     s11, gp, s10
core   0: 3 0x80007cd8 (0x01a1ddb3) x27 0x00000000
core   0: 0x80007cdc (0xd7adf613) andi    a2, s11, -646
core   0: 3 0x80007cdc (0xd7adf613) x12 0x00000000
core   0: 0x80007ce0 (0x4c8c8893) addi    a7, s9, 1224
core   0: 3 0x80007ce0 (0x4c8c8893) x17 0x800161ac
core   0: 0x80007ce4 (0xe487e193) ori     gp, a5, -440
core   0: 3 0x80007ce4 (0xe487e193) x 3 0xfffffe48
core   0: 0x80007ce8 (0x71ba7537) lui     a0, 0x71ba7
core   0: 3 0x80007ce8 (0x71ba7537) x10 0x71ba7000
core   0: 0x80007cec (0xc5382293) slti    t0, a6, -941
core   0: 3 0x80007cec (0xc5382293) x 5 0x00000001
core   0: 0x80007cf0 (0x0115ea33) or      s4, a1, a7
core   0: 3 0x80007cf0 (0x0115ea33) x20 0x800161ac
core   0: 0x80007cf4 (0x0142bab3) sltu    s5, t0, s4
core   0: 3 0x80007cf4 (0x0142bab3) x21 0x00000001
core   0: 0x80007cf8 (0x409384b3) sub     s1, t2, s1
core   0: 3 0x80007cf8 (0x409384b3) x 9 0x93d0990f
core   0: 0x80007cfc (0xa01f3113) sltiu   sp, t5, -1535
core   0: 3 0x80007cfc (0xa01f3113) x 2 0x00000001
core   0: 0x80007d00 (0x79060397) auipc   t2, 0x79060
core   0: 3 0x80007d00 (0x79060397) x 7 0xf9067d00
core   0: 0x80007d04 (0x01435bb3) srl     s7, t1, s4
core   0: 3 0x80007d04 (0x01435bb3) x23 0x00000000
core   0: 0x80007d08 (0x8a2ebe37) lui     t3, 0x8a2eb
core   0: 3 0x80007d08 (0x8a2ebe37) x28 0x8a2eb000
core   0: 0x80007d0c (0x34792a93) slti    s5, s2, 839
core   0: 3 0x80007d0c (0x34792a93) x21 0x00000001
core   0: 0x80007d10 (0xd3572e17) auipc   t3, 0xd3572
core   0: 3 0x80007d10 (0xd3572e17) x28 0x53579d10
core   0: 0x80007d14 (0x416fda93) srai    s5, t6, 22
core   0: 3 0x80007d14 (0x416fda93) x21 0x00000000
core   0: 0x80007d18 (0x12a47297) auipc   t0, 0x12a47
core   0: 3 0x80007d18 (0x12a47297) x 5 0x92a4ed18
core   0: 0x80007d1c (0x413cd333) sra     t1, s9, s3
core   0: 3 0x80007d1c (0x413cd333) x 6 0x80015ce4
core   0: 0x80007d20 (0x00c20bb3) add     s7, tp, a2
core   0: 3 0x80007d20 (0x00c20bb3) x23 0x00000000
core   0: 0x80007d24 (0xdee96a93) ori     s5, s2, -530
core   0: 3 0x80007d24 (0xdee96a93) x21 0xfffffdee
core   0: 0x80007d28 (0x38617593) andi    a1, sp, 902
core   0: 3 0x80007d28 (0x38617593) x11 0x00000000
core   0: 0x80007d2c (0x40675833) sra     a6, a4, t1
core   0: 3 0x80007d2c (0x40675833) x16 0xf8000000
core   0: 0x80007d30 (0x1c90e793) ori     a5, ra, 457
core   0: 3 0x80007d30 (0x1c90e793) x15 0x8e242fd9
core   0: 0x80007d34 (0x010872b3) and     t0, a6, a6
core   0: 3 0x80007d34 (0x010872b3) x 5 0xf8000000
core   0: 0x80007d38 (0xab37aab7) lui     s5, 0xab37a
core   0: 3 0x80007d38 (0xab37aab7) x21 0xab37a000
core   0: 0x80007d3c (0xf5504113) xori    sp, zero, -171
core   0: 3 0x80007d3c (0xf5504113) x 2 0xffffff55
core   0: 0x80007d40 (0x8e0aa213) slti    tp, s5, -1824
core   0: 3 0x80007d40 (0x8e0aa213) x 4 0x00000001
core   0: 0x80007d44 (0x40add693) srai    a3, s11, 10
core   0: 3 0x80007d44 (0x40add693) x13 0x00000000
core   0: 0x80007d48 (0x0190edb3) or      s11, ra, s9
core   0: 3 0x80007d48 (0x0190edb3) x27 0x8e257efc
core   0: 0x80007d4c (0x0087f7b3) and     a5, a5, s0
core   0: 3 0x80007d4c (0x0087f7b3) x15 0x00000000
core   0: 0x80007d50 (0x00000013) nop
core   0: 3 0x80007d50 (0x00000013)
core   0: 0x80007d54 (0x019ca0b3) slt     ra, s9, s9
core   0: 3 0x80007d54 (0x019ca0b3) x 1 0x00000000
core   0: 0x80007d58 (0x00000013) nop
core   0: 3 0x80007d58 (0x00000013)
core   0: 0x80007d5c (0x005d9993) slli    s3, s11, 5
core   0: 3 0x80007d5c (0x005d9993) x19 0xc4afdf80
core   0: 0x80007d60 (0x50b1cdb7) lui     s11, 0x50b1c
core   0: 3 0x80007d60 (0x50b1cdb7) x27 0x50b1c000
core   0: 0x80007d64 (0xea54ba13) sltiu   s4, s1, -347
core   0: 3 0x80007d64 (0xea54ba13) x20 0x00000001
core   0: 0x80007d68 (0x74ac6e17) auipc   t3, 0x74ac6
core   0: 3 0x80007d68 (0x74ac6e17) x28 0xf4acdd68
core   0: 0x80007d6c (0x01d9f533) and     a0, s3, t4
core   0: 3 0x80007d6c (0x01d9f533) x10 0x80011e00
core   0: 0x80007d70 (0x00cae633) or      a2, s5, a2
core   0: 3 0x80007d70 (0x00cae633) x12 0xab37a000
core   0: 0x80007d74 (0xbdb3c293) xori    t0, t2, -1061
core   0: 3 0x80007d74 (0xbdb3c293) x 5 0x06f986db
core   0: 0x80007d78 (0xf38ecf17) auipc   t5, 0xf38ec
core   0: 3 0x80007d78 (0xf38ecf17) x30 0x738f3d78
core   0: 0x80007d7c (0x21a0c313) xori    t1, ra, 538
core   0: 3 0x80007d7c (0x21a0c313) x 6 0x0000021a
core   0: 0x80007d80 (0x00000013) nop
core   0: 3 0x80007d80 (0x00000013)
core   0: 0x80007d84 (0x00b078b3) and     a7, zero, a1
core   0: 3 0x80007d84 (0x00b078b3) x17 0x00000000
core   0: 0x80007d88 (0xad048293) addi    t0, s1, -1328
core   0: 3 0x80007d88 (0xad048293) x 5 0x93d093df
core   0: 0x80007d8c (0x00e39533) sll     a0, t2, a4
core   0: 3 0x80007d8c (0x00e39533) x10 0xf9067d00
core   0: 0x80007d90 (0x0136c5b3) xor     a1, a3, s3
core   0: 3 0x80007d90 (0x0136c5b3) x11 0xc4afdf80
core   0: 0x80007d94 (0xd6b9ec13) ori     s8, s3, -661
core   0: 3 0x80007d94 (0xd6b9ec13) x24 0xffffffeb
core   0: 0x80007d98 (0xe92a7d13) andi    s10, s4, -366
core   0: 3 0x80007d98 (0xe92a7d13) x26 0x00000000
core   0: 0x80007d9c (0x80cc6313) ori     t1, s8, -2036
core   0: 3 0x80007d9c (0x80cc6313) x 6 0xffffffef
core   0: 0x80007da0 (0x00275ab3) srl     s5, a4, sp
core   0: 3 0x80007da0 (0x00275ab3) x21 0x00000400
core   0: 0x80007da4 (0x0092c9b3) xor     s3, t0, s1
core   0: 3 0x80007da4 (0x0092c9b3) x19 0x00000ad0
core   0: 0x80007da8 (0x41a28633) sub     a2, t0, s10
core   0: 3 0x80007da8 (0x41a28633) x12 0x93d093df
core   0: 0x80007dac (0x402c5433) sra     s0, s8, sp
core   0: 3 0x80007dac (0x402c5433) x 8 0xffffffff
core   0: 0x80007db0 (0x00000013) nop
core   0: 3 0x80007db0 (0x00000013)
core   0: 0x80007db4 (0xb3f54197) auipc   gp, 0xb3f54
core   0: 3 0x80007db4 (0xb3f54197) x 3 0x33f5bdb4
core   0: 0x80007db8 (0x007d2d33) slt     s10, s10, t2
core   0: 3 0x80007db8 (0x007d2d33) x26 0x00000000
core   0: 0x80007dbc (0x41060b33) sub     s6, a2, a6
core   0: 3 0x80007dbc (0x41060b33) x22 0x9bd093df
core   0: 0x80007dc0 (0x014869b3) or      s3, a6, s4
core   0: 3 0x80007dc0 (0x014869b3) x19 0xf8000001
core   0: 0x80007dc4 (0x00411013) slli    zero, sp, 4
core   0: 3 0x80007dc4 (0x00411013)
core   0: 0x80007dc8 (0x1360b113) sltiu   sp, ra, 310
core   0: 3 0x80007dc8 (0x1360b113) x 2 0x00000001
core   0: 0x80007dcc (0x0101db33) srl     s6, gp, a6
core   0: 3 0x80007dcc (0x0101db33) x22 0x33f5bdb4
core   0: 0x80007dd0 (0x99cf2413) slti    s0, t5, -1636
core   0: 3 0x80007dd0 (0x99cf2413) x 8 0x00000000
core   0: 0x80007dd4 (0x010884b3) add     s1, a7, a6
core   0: 3 0x80007dd4 (0x010884b3) x 9 0xf8000000
core   0: 0x80007dd8 (0x01adaa33) slt     s4, s11, s10
core   0: 3 0x80007dd8 (0x01adaa33) x20 0x00000000
core   0: 0x80007ddc (0x00e86a33) or      s4, a6, a4
core   0: 3 0x80007ddc (0x00e86a33) x20 0xf8000000
core   0: 0x80007de0 (0x00c82e33) slt     t3, a6, a2
core   0: 3 0x80007de0 (0x00c82e33) x28 0x00000000
core   0: 0x80007de4 (0x016e20b3) slt     ra, t3, s6
core   0: 3 0x80007de4 (0x016e20b3) x 1 0x00000001
core   0: 0x80007de8 (0x49910313) addi    t1, sp, 1177
core   0: 3 0x80007de8 (0x49910313) x 6 0x0000049a
core   0: 0x80007dec (0xb0568113) addi    sp, a3, -1275
core   0: 3 0x80007dec (0xb0568113) x 2 0xfffffb05
core   0: 0x80007df0 (0x0ffd7813) andi    a6, s10, 255
core   0: 3 0x80007df0 (0x0ffd7813) x16 0x00000000
core   0: 0x80007df4 (0x4192d193) srai    gp, t0, 25
core   0: 3 0x80007df4 (0x4192d193) x 3 0xffffffc9
core   0: 0x80007df8 (0x4152df13) srai    t5, t0, 21
core   0: 3 0x80007df8 (0x4152df13) x30 0xfffffc9e
core   0: 0x80007dfc (0x00a7ffb3) and     t6, a5, a0
core   0: 3 0x80007dfc (0x00a7ffb3) x31 0x00000000
core   0: 0x80007e00 (0xe0e1f693) andi    a3, gp, -498
core   0: 3 0x80007e00 (0xe0e1f693) x13 0xfffffe08
core   0: 0x80007e04 (0x3fa23b93) sltiu   s7, tp, 1018
core   0: 3 0x80007e04 (0x3fa23b93) x23 0x00000001
core   0: 0x80007e08 (0x123c2d13) slti    s10, s8, 291
core   0: 3 0x80007e08 (0x123c2d13) x26 0x00000001
core   0: 0x80007e0c (0x0153ed33) or      s10, t2, s5
core   0: 3 0x80007e0c (0x0153ed33) x26 0xf9067d00
core   0: 0x80007e10 (0x0185e8b3) or      a7, a1, s8
core   0: 3 0x80007e10 (0x0185e8b3) x17 0xffffffeb
core   0: 0x80007e14 (0x00a336b3) sltu    a3, t1, a0
core   0: 3 0x80007e14 (0x00a336b3) x13 0x00000001
core   0: 0x80007e18 (0x69a16c13) ori     s8, sp, 1690
core   0: 3 0x80007e18 (0x69a16c13) x24 0xffffff9f
core   0: 0x80007e1c (0x016a1b93) slli    s7, s4, 22
core   0: 3 0x80007e1c (0x016a1b93) x23 0x00000000
core   0: 0x80007e20 (0x01669f33) sll     t5, a3, s6
core   0: 3 0x80007e20 (0x01669f33) x30 0x00100000
core   0: 0x80007e24 (0x00000013) nop
core   0: 3 0x80007e24 (0x00000013)
core   0: 0x80007e28 (0x01d893b3) sll     t2, a7, t4
core   0: 3 0x80007e28 (0x01d893b3) x 7 0xfffffeb0
core   0: 0x80007e2c (0x001c9913) slli    s2, s9, 1
core   0: 3 0x80007e2c (0x001c9913) x18 0x0002b9c8
core   0: 0x80007e30 (0x40685113) srai    sp, a6, 6
core   0: 3 0x80007e30 (0x40685113) x 2 0x00000000
core   0: 0x80007e34 (0xee50a017) auipc   zero, 0xee50a
core   0: 3 0x80007e34 (0xee50a017)
core   0: 0x80007e38 (0x40cb5693) srai    a3, s6, 12
core   0: 3 0x80007e38 (0x40cb5693) x13 0x00033f5b
core   0: 0x80007e3c (0x01643133) sltu    sp, s0, s6
core   0: 3 0x80007e3c (0x01643133) x 2 0x00000001
core   0: 0x80007e40 (0x41dcd113) srai    sp, s9, 29
core   0: 3 0x80007e40 (0x41dcd113) x 2 0xfffffffc
core   0: 0x80007e44 (0x015612b3) sll     t0, a2, s5
core   0: 3 0x80007e44 (0x015612b3) x 5 0x93d093df
core   0: 0x80007e48 (0x9ad6f997) auipc   s3, 0x9ad6f
core   0: 3 0x80007e48 (0x9ad6f997) x19 0x1ad76e48
core   0: 0x80007e4c (0x00a5b4b3) sltu    s1, a1, a0
core   0: 3 0x80007e4c (0x00a5b4b3) x 9 0x00000001
core   0: 0x80007e50 (0xc1d673b7) lui     t2, 0xc1d67
core   0: 3 0x80007e50 (0xc1d673b7) x 7 0xc1d67000
core   0: 0x80007e54 (0x40d68633) sub     a2, a3, a3
core   0: 3 0x80007e54 (0x40d68633) x12 0x00000000
core   0: 0x80007e58 (0x549e8813) addi    a6, t4, 1353
core   0: 3 0x80007e58 (0x549e8813) x16 0x800123ad
core   0: 0x80007e5c (0x01d8eb33) or      s6, a7, t4
core   0: 3 0x80007e5c (0x01d8eb33) x22 0xffffffef
core   0: 0x80007e60 (0x40305233) sra     tp, zero, gp
core   0: 3 0x80007e60 (0x40305233) x 4 0x00000000
core   0: 0x80007e64 (0xfc206993) ori     s3, zero, -62
core   0: 3 0x80007e64 (0xfc206993) x19 0xffffffc2
core   0: 0x80007e68 (0x01b09313) slli    t1, ra, 27
core   0: 3 0x80007e68 (0x01b09313) x 6 0x08000000
core   0: 0x80007e6c (0x00bf4e33) xor     t3, t5, a1
core   0: 3 0x80007e6c (0x00bf4e33) x28 0xc4bfdf80
core   0: 0x80007e70 (0x009c0a33) add     s4, s8, s1
core   0: 3 0x80007e70 (0x009c0a33) x20 0xffffffa0
core   0: 0x80007e74 (0x016f5d33) srl     s10, t5, s6
core   0: 3 0x80007e74 (0x016f5d33) x26 0x00000020
core   0: 0x80007e78 (0x41f75293) srai    t0, a4, 31
core   0: 3 0x80007e78 (0x41f75293) x 5 0xffffffff
core   0: 0x80007e7c (0x4ae6b913) sltiu   s2, a3, 1198
core   0: 3 0x80007e7c (0x4ae6b913) x18 0x00000000
core   0: 0x80007e80 (0x00e379b3) and     s3, t1, a4
core   0: 3 0x80007e80 (0x00e379b3) x19 0x00000000
core   0: 0x80007e84 (0x410f8b33) sub     s6, t6, a6
core   0: 3 0x80007e84 (0x410f8b33) x22 0x7ffedc53
core   0: 0x80007e88 (0x4d9dc693) xori    a3, s11, 1241
core   0: 3 0x80007e88 (0x4d9dc693) x13 0x50b1c4d9
core   0: 0x80007e8c (0x4d7bed97) auipc   s11, 0x4d7be
core   0: 3 0x80007e8c (0x4d7bed97) x27 0xcd7c5e8c
core   0: 0x80007e90 (0x005f97b3) sll     a5, t6, t0
core   0: 3 0x80007e90 (0x005f97b3) x15 0x00000000
core   0: 0x80007e94 (0x01c4af33) slt     t5, s1, t3
core   0: 3 0x80007e94 (0x01c4af33) x30 0x00000000
core   0: 0x80007e98 (0x005fdf93) srli    t6, t6, 5
core   0: 3 0x80007e98 (0x005fdf93) x31 0x00000000
core   0: 0x80007e9c (0x0159c1b3) xor     gp, s3, s5
core   0: 3 0x80007e9c (0x0159c1b3) x 3 0x00000400
core   0: 0x80007ea0 (0x416785b3) sub     a1, a5, s6
core   0: 3 0x80007ea0 (0x416785b3) x11 0x800123ad
core   0: 0x80007ea4 (0x014a2bb3) slt     s7, s4, s4
core   0: 3 0x80007ea4 (0x014a2bb3) x23 0x00000000
core   0: 0x80007ea8 (0x00c91d33) sll     s10, s2, a2
core   0: 3 0x80007ea8 (0x00c91d33) x26 0x00000000
core   0: 0x80007eac (0xdf7ace13) xori    t3, s5, -521
core   0: 3 0x80007eac (0xdf7ace13) x28 0xfffff9f7
core   0: 0x80007eb0 (0xf175f793) andi    a5, a1, -233
core   0: 3 0x80007eb0 (0xf175f793) x15 0x80012305
core   0: 0x80007eb4 (0x004ab1b3) sltu    gp, s5, tp
core   0: 3 0x80007eb4 (0x004ab1b3) x 3 0x00000000
core   0: 0x80007eb8 (0x00640e33) add     t3, s0, t1
core   0: 3 0x80007eb8 (0x00640e33) x28 0x08000000
core   0: 0x80007ebc (0x00592c33) slt     s8, s2, t0
core   0: 3 0x80007ebc (0x00592c33) x24 0x00000000
core   0: 0x80007ec0 (0x4bdbeb97) auipc   s7, 0x4bdbe
core   0: 3 0x80007ec0 (0x4bdbeb97) x23 0xcbdc5ec0
core   0: 0x80007ec4 (0x01b4f533) and     a0, s1, s11
core   0: 3 0x80007ec4 (0x01b4f533) x10 0x00000000
core   0: 0x80007ec8 (0x1b433f97) auipc   t6, 0x1b433
core   0: 3 0x80007ec8 (0x1b433f97) x31 0x9b43aec8
core   0: 0x80007ecc (0x01325c33) srl     s8, tp, s3
core   0: 3 0x80007ecc (0x01325c33) x24 0x00000000
core   0: 0x80007ed0 (0x41dc5493) srai    s1, s8, 29
core   0: 3 0x80007ed0 (0x41dc5493) x 9 0x00000000
core   0: 0x80007ed4 (0xe5b44093) xori    ra, s0, -421
core   0: 3 0x80007ed4 (0xe5b44093) x 1 0xfffffe5b
core   0: 0x80007ed8 (0x4055d413) srai    s0, a1, 5
core   0: 3 0x80007ed8 (0x4055d413) x 8 0xfc00091d
core   0: 0x80007edc (0x0157d393) srli    t2, a5, 21
core   0: 3 0x80007edc (0x0157d393) x 7 0x00000400
core   0: 0x80007ee0 (0x400e5a93) srai    s5, t3, 0
core   0: 3 0x80007ee0 (0x400e5a93) x21 0x08000000
core   0: 0x80007ee4 (0x01ccda33) srl     s4, s9, t3
core   0: 3 0x80007ee4 (0x01ccda33) x20 0x80015ce4
core   0: 0x80007ee8 (0x00bad2b3) srl     t0, s5, a1
core   0: 3 0x80007ee8 (0x00bad2b3) x 5 0x00004000
core   0: 0x80007eec (0x81ea8b37) lui     s6, 0x81ea8
core   0: 3 0x80007eec (0x81ea8b37) x22 0x81ea8000
core   0: 0x80007ef0 (0xb5c83437) lui     s0, 0xb5c83
core   0: 3 0x80007ef0 (0xb5c83437) x 8 0xb5c83000
core   0: 0x80007ef4 (0x00ca1933) sll     s2, s4, a2
core   0: 3 0x80007ef4 (0x00ca1933) x18 0x80015ce4
core   0: 0x80007ef8 (0x41d40333) sub     t1, s0, t4
core   0: 3 0x80007ef8 (0x41d40333) x 6 0x35c7119c
core   0: 0x80007efc (0x00c778b3) and     a7, a4, a2
core   0: 3 0x80007efc (0x00c778b3) x17 0x00000000
core   0: 0x80007f00 (0x79ff8813) addi    a6, t6, 1951
core   0: 3 0x80007f00 (0x79ff8813) x16 0x9b43b667
core   0: 0x80007f04 (0x6d23c793) xori    a5, t2, 1746
core   0: 3 0x80007f04 (0x6d23c793) x15 0x000002d2
core   0: 0x80007f08 (0x7334cd13) xori    s10, s1, 1843
core   0: 3 0x80007f08 (0x7334cd13) x26 0x00000733
core   0: 0x80007f0c (0x012e7b33) and     s6, t3, s2
core   0: 3 0x80007f0c (0x012e7b33) x22 0x00000000
core   0: 0x80007f10 (0x4014de13) srai    t3, s1, 1
core   0: 3 0x80007f10 (0x4014de13) x28 0x00000000
core   0: 0x80007f14 (0x01f819b3) sll     s3, a6, t6
core   0: 3 0x80007f14 (0x01f819b3) x19 0x43b66700
core   0: 0x80007f18 (0x006a1433) sll     s0, s4, t1
core   0: 3 0x80007f18 (0x006a1433) x 8 0x40000000
core   0: 0x80007f1c (0x01b714b3) sll     s1, a4, s11
core   0: 3 0x80007f1c (0x01b714b3) x 9 0x00000000
core   0: 0x80007f20 (0x0d48eb97) auipc   s7, 0xd48e
core   0: 3 0x80007f20 (0x0d48eb97) x23 0x8d495f20
core   0: 0x80007f24 (0x0074db33) srl     s6, s1, t2
core   0: 3 0x80007f24 (0x0074db33) x22 0x00000000
core   0: 0x80007f28 (0x42c1e513) ori     a0, gp, 1068
core   0: 3 0x80007f28 (0x42c1e513) x10 0x0000042c
core   0: 0x80007f2c (0x74b96893) ori     a7, s2, 1867
core   0: 3 0x80007f2c (0x74b96893) x17 0x80015fef
core   0: 0x80007f30 (0xb8536d13) ori     s10, t1, -1147
core   0: 3 0x80007f30 (0xb8536d13) x26 0xfffffb9d
core   0: 0x80007f34 (0x01635913) srli    s2, t1, 22
core   0: 3 0x80007f34 (0x01635913) x18 0x000000d7
core   0: 0x80007f38 (0x0132db93) srli    s7, t0, 19
core   0: 3 0x80007f38 (0x0132db93) x23 0x00000000
core   0: 0x80007f3c (0x00971d93) slli    s11, a4, 9
core   0: 3 0x80007f3c (0x00971d93) x27 0x00000000
core   0: 0x80007f40 (0x009d83b3) add     t2, s11, s1
core   0: 3 0x80007f40 (0x009d83b3) x 7 0x00000000
core   0: 0x80007f44 (0x0011d893) srli    a7, gp, 1
core   0: 3 0x80007f44 (0x0011d893) x17 0x00000000
core   0: 0x80007f48 (0x406dd593) srai    a1, s11, 6
core   0: 3 0x80007f48 (0x406dd593) x11 0x00000000
core   0: 0x80007f4c (0x00fe26b3) slt     a3, t3, a5
core   0: 3 0x80007f4c (0x00fe26b3) x13 0x00000001
core   0: 0x80007f50 (0x011593b3) sll     t2, a1, a7
core   0: 3 0x80007f50 (0x011593b3) x 7 0x00000000
core   0: 0x80007f54 (0x41a2d233) sra     tp, t0, s10
core   0: 3 0x80007f54 (0x41a2d233) x 4 0x00000000
core   0: 0x80007f58 (0x4086f913) andi    s2, a3, 1032
core   0: 3 0x80007f58 (0x4086f913) x18 0x00000000
core   0: 0x80007f5c (0x41aad613) srai    a2, s5, 26
core   0: 3 0x80007f5c (0x41aad613) x12 0x00000002
core   0: 0x80007f60 (0xecd80813) addi    a6, a6, -307
core   0: 3 0x80007f60 (0xecd80813) x16 0x9b43b534
core   0: 0x80007f64 (0x53f4ba97) auipc   s5, 0x53f4b
core   0: 3 0x80007f64 (0x53f4ba97) x21 0xd3f52f64
core   0: 0x80007f68 (0xbdb5c293) xori    t0, a1, -1061
core   0: 3 0x80007f68 (0xbdb5c293) x 5 0xfffffbdb
core   0: 0x80007f6c (0x8d2e6337) lui     t1, 0x8d2e6
core   0: 3 0x80007f6c (0x8d2e6337) x 6 0x8d2e6000
core   0: 0x80007f70 (0x00000013) nop
core   0: 3 0x80007f70 (0x00000013)
core   0: 0x80007f74 (0x2fc1ba93) sltiu   s5, gp, 764
core   0: 3 0x80007f74 (0x2fc1ba93) x21 0x00000001
core   0: 0x80007f78 (0x008c99b3) sll     s3, s9, s0
core   0: 3 0x80007f78 (0x008c99b3) x19 0x80015ce4
core   0: 0x80007f7c (0x00d95ab3) srl     s5, s2, a3
core   0: 3 0x80007f7c (0x00d95ab3) x21 0x00000000
core   0: 0x80007f80 (0x40395533) sra     a0, s2, gp
core   0: 3 0x80007f80 (0x40395533) x10 0x00000000
core   0: 0x80007f84 (0x1996b013) sltiu   zero, a3, 409
core   0: 3 0x80007f84 (0x1996b013)
core   0: 0x80007f88 (0x0063a0b3) slt     ra, t2, t1
core   0: 3 0x80007f88 (0x0063a0b3) x 1 0x00000000
core   0: 0x80007f8c (0x81e9b293) sltiu   t0, s3, -2018
core   0: 3 0x80007f8c (0x81e9b293) x 5 0x00000001
core   0: 0x80007f90 (0x4c274293) xori    t0, a4, 1218
core   0: 3 0x80007f90 (0x4c274293) x 5 0x800004c2
core   0: 0x80007f94 (0x86014f13) xori    t5, sp, -1952
core   0: 3 0x80007f94 (0x86014f13) x30 0x0000079c
core   0: 0x80007f98 (0x0dd56a97) auipc   s5, 0xdd56
core   0: 3 0x80007f98 (0x0dd56a97) x21 0x8dd5df98
core   0: 0x80007f9c (0x01465693) srli    a3, a2, 20
core   0: 3 0x80007f9c (0x01465693) x13 0x00000000
core   0: 0x80007fa0 (0x01134033) xor     zero, t1, a7
core   0: 3 0x80007fa0 (0x01134033)
core   0: 0x80007fa4 (0x4922a293) slti    t0, t0, 1170
core   0: 3 0x80007fa4 (0x4922a293) x 5 0x00000001
core   0: 0x80007fa8 (0x41b95413) srai    s0, s2, 27
core   0: 3 0x80007fa8 (0x41b95413) x 8 0x00000000
core   0: 0x80007fac (0x40955413) srai    s0, a0, 9
core   0: 3 0x80007fac (0x40955413) x 8 0x00000000
core   0: 0x80007fb0 (0x01c7c9b3) xor     s3, a5, t3
core   0: 3 0x80007fb0 (0x01c7c9b3) x19 0x000002d2
core   0: 0x80007fb4 (0x41e35d13) srai    s10, t1, 30
core   0: 3 0x80007fb4 (0x41e35d13) x26 0xfffffffe
core   0: 0x80007fb8 (0x001c17b3) sll     a5, s8, ra
core   0: 3 0x80007fb8 (0x001c17b3) x15 0x00000000
core   0: 0x80007fbc (0x6eb5cb93) xori    s7, a1, 1771
core   0: 3 0x80007fbc (0x6eb5cb93) x23 0x000006eb
core   0: 0x80007fc0 (0x96bf62b7) lui     t0, 0x96bf6
core   0: 3 0x80007fc0 (0x96bf62b7) x 5 0x96bf6000
core   0: 0x80007fc4 (0x5e528293) addi    t0, t0, 1509
core   0: 3 0x80007fc4 (0x5e528293) x 5 0x96bf65e5
core   0: 0x80007fc8 (0x800007b7) lui     a5, 0x80000
core   0: 3 0x80007fc8 (0x800007b7) x15 0x80000000
core   0: 0x80007fcc (0x5d27dbb7) lui     s7, 0x5d27d
core   0: 3 0x80007fcc (0x5d27dbb7) x23 0x5d27d000
core   0: 0x80007fd0 (0xc0ab8b93) addi    s7, s7, -1014
core   0: 3 0x80007fd0 (0xc0ab8b93) x23 0x5d27cc0a
core   0: 0x80007fd4 (0x00000613) li      a2, 0
core   0: 3 0x80007fd4 (0x00000613) x12 0x00000000
core   0: 0x80007fd8 (0xfff00893) li      a7, -1
core   0: 3 0x80007fd8 (0xfff00893) x17 0xffffffff
core   0: 0x80007fdc (0xfff00493) li      s1, -1
core   0: 3 0x80007fdc (0xfff00493) x 9 0xffffffff
core   0: 0x80007fe0 (0x80000e37) lui     t3, 0x80000
core   0: 3 0x80007fe0 (0x80000e37) x28 0x80000000
core   0: 0x80007fe4 (0x00000113) li      sp, 0
core   0: 3 0x80007fe4 (0x00000113) x 2 0x00000000
core   0: 0x80007fe8 (0xfff00913) li      s2, -1
core   0: 3 0x80007fe8 (0xfff00913) x18 0xffffffff
core   0: 0x80007fec (0x1b7cc0b7) lui     ra, 0x1b7cc
core   0: 3 0x80007fec (0x1b7cc0b7) x 1 0x1b7cc000
core   0: 0x80007ff0 (0x78408093) addi    ra, ra, 1924
core   0: 3 0x80007ff0 (0x78408093) x 1 0x1b7cc784
core   0: 0x80007ff4 (0x005887b3) add     a5, a7, t0
core   0: 3 0x80007ff4 (0x005887b3) x15 0x96bf65e4
core   0: 0x80007ff8 (0x00000013) nop
core   0: 3 0x80007ff8 (0x00000013)
core   0: 0x80007ffc (0x00000013) nop
core   0: 3 0x80007ffc (0x00000013)
core   0: 0x80008000 (0x00000013) nop
core   0: 3 0x80008000 (0x00000013)
core   0: 0x80008004 (0xa3e48b93) addi    s7, s1, -1474
core   0: 3 0x80008004 (0xa3e48b93) x23 0xfffffa3d
core   0: 0x80008008 (0xd6778793) addi    a5, a5, -665
core   0: 3 0x80008008 (0xd6778793) x15 0x96bf634b
core   0: 0x8000800c (0x08be0613) addi    a2, t3, 139
core   0: 3 0x8000800c (0x08be0613) x12 0x8000008b
core   0: 0x80008010 (0xd64e72b7) lui     t0, 0xd64e7
core   0: 3 0x80008010 (0xd64e72b7) x 5 0xd64e7000
core   0: 0x80008014 (0x00000013) nop
core   0: 3 0x80008014 (0x00000013)
core   0: 0x80008018 (0x40908633) sub     a2, ra, s1
core   0: 3 0x80008018 (0x40908633) x12 0x1b7cc785
core   0: 0x8000801c (0x0fb28e13) addi    t3, t0, 251
core   0: 3 0x8000801c (0x0fb28e13) x28 0xd64e70fb
core   0: 0x80008020 (0x40960933) sub     s2, a2, s1
core   0: 3 0x80008020 (0x40960933) x18 0x1b7cc786
core   0: 0x80008024 (0xdb382637) lui     a2, 0xdb382
core   0: 3 0x80008024 (0xdb382637) x12 0xdb382000
core   0: 0x80008028 (0x00000013) nop
core   0: 3 0x80008028 (0x00000013)
core   0: 0x8000802c (0x00c108b3) add     a7, sp, a2
core   0: 3 0x8000802c (0x00c108b3) x17 0xdb382000
core   0: 0x80008030 (0x40548133) sub     sp, s1, t0
core   0: 3 0x80008030 (0x40548133) x 2 0x29b18fff
core   0: 0x80008034 (0x83b2b8b7) lui     a7, 0x83b2b
core   0: 3 0x80008034 (0x83b2b8b7) x17 0x83b2b000
core   0: 0x80008038 (0x3b8ef937) lui     s2, 0x3b8ef
core   0: 3 0x80008038 (0x3b8ef937) x18 0x3b8ef000
core   0: 0x8000803c (0x412b88b3) sub     a7, s7, s2
core   0: 3 0x8000803c (0x412b88b3) x17 0xc4710a3d
core   0: 0x80008040 (0x41ce0933) sub     s2, t3, t3
core   0: 3 0x80008040 (0x41ce0933) x18 0x00000000
core   0: 0x80008044 (0x30526b93) ori     s7, tp, 773
core   0: 3 0x80008044 (0x30526b93) x23 0x00000305
core   0: 0x80008048 (0x00dfb5b3) sltu    a1, t6, a3
core   0: 3 0x80008048 (0x00dfb5b3) x11 0x00000000
core   0: 0x8000804c (0x00601313) slli    t1, zero, 6
core   0: 3 0x8000804c (0x00601313) x 6 0x00000000
core   0: 0x80008050 (0x412d5413) srai    s0, s10, 18
core   0: 3 0x80008050 (0x412d5413) x 8 0xffffffff
core   0: 0x80008054 (0xf7cb3b13) sltiu   s6, s6, -132
core   0: 3 0x80008054 (0xf7cb3b13) x22 0x00000001
core   0: 0x80008058 (0x018f9fb3) sll     t6, t6, s8
core   0: 3 0x80008058 (0x018f9fb3) x31 0x9b43aec8
core   0: 0x8000805c (0xada4aa13) slti    s4, s1, -1318
core   0: 3 0x8000805c (0xada4aa13) x20 0x00000000
core   0: 0x80008060 (0x00000013) nop
core   0: 3 0x80008060 (0x00000013)
core   0: 0x80008064 (0x01c2fbb3) and     s7, t0, t3
core   0: 3 0x80008064 (0x01c2fbb3) x23 0xd64e7000
core   0: 0x80008068 (0x0029de13) srli    t3, s3, 2
core   0: 3 0x80008068 (0x0029de13) x28 0x000000b4
core   0: 0x8000806c (0x01975533) srl     a0, a4, s9
core   0: 3 0x8000806c (0x01975533) x10 0x08000000
core   0: 0x80008070 (0x39d5a0b7) lui     ra, 0x39d5a
core   0: 3 0x80008070 (0x39d5a0b7) x 1 0x39d5a000
core   0: 0x80008074 (0xde686893) ori     a7, a6, -538
core   0: 3 0x80008074 (0xde686893) x17 0xfffffdf6
core   0: 0x80008078 (0x68f52b13) slti    s6, a0, 1679
core   0: 3 0x80008078 (0x68f52b13) x22 0x00000000
core   0: 0x8000807c (0x125d2313) slti    t1, s10, 293
core   0: 3 0x8000807c (0x125d2313) x 6 0x00000001
core   0: 0x80008080 (0x016b46b3) xor     a3, s6, s6
core   0: 3 0x80008080 (0x016b46b3) x13 0x00000000
core   0: 0x80008084 (0x417ff113) andi    sp, t6, 1047
core   0: 3 0x80008084 (0x417ff113) x 2 0x00000400
core   0: 0x80008088 (0x018911b3) sll     gp, s2, s8
core   0: 3 0x80008088 (0x018911b3) x 3 0x00000000
core   0: 0x8000808c (0x01764ab3) xor     s5, a2, s7
core   0: 3 0x8000808c (0x01764ab3) x21 0x0d765000
core   0: 0x80008090 (0xfc39d537) lui     a0, 0xfc39d
core   0: 3 0x80008090 (0xfc39d537) x10 0xfc39d000
core   0: 0x80008094 (0x01335593) srli    a1, t1, 19
core   0: 3 0x80008094 (0x01335593) x11 0x00000000
core   0: 0x80008098 (0x00439f93) slli    t6, t2, 4
core   0: 3 0x80008098 (0x00439f93) x31 0x00000000
core   0: 0x8000809c (0xa1710d37) lui     s10, 0xa1710
core   0: 3 0x8000809c (0xa1710d37) x26 0xa1710000
core   0: 0x800080a0 (0x00380333) add     t1, a6, gp
core   0: 3 0x800080a0 (0x00380333) x 6 0x9b43b534
core   0: 0x800080a4 (0x00000013) nop
core   0: 3 0x800080a4 (0x00000013)
core   0: 0x800080a8 (0x0187f9b3) and     s3, a5, s8
core   0: 3 0x800080a8 (0x0187f9b3) x19 0x00000000
core   0: 0x800080ac (0xa4962b93) slti    s7, a2, -1463
core   0: 3 0x800080ac (0xa4962b93) x23 0x00000001
core   0: 0x800080b0 (0x01e14bb3) xor     s7, sp, t5
core   0: 3 0x800080b0 (0x01e14bb3) x23 0x0000039c
core   0: 0x800080b4 (0x259f7b13) andi    s6, t5, 601
core   0: 3 0x800080b4 (0x259f7b13) x22 0x00000218
core   0: 0x800080b8 (0x40d7de13) srai    t3, a5, 13
core   0: 3 0x800080b8 (0x40d7de13) x28 0xfffcb5fb
core   0: 0x800080bc (0x647b4e13) xori    t3, s6, 1607
core   0: 3 0x800080bc (0x647b4e13) x28 0x0000045f
core   0: 0x800080c0 (0xe195cf93) xori    t6, a1, -487
core   0: 3 0x800080c0 (0xe195cf93) x31 0xfffffe19
core   0: 0x800080c4 (0x08187693) andi    a3, a6, 129
core   0: 3 0x800080c4 (0x08187693) x13 0x00000000
core   0: 0x800080c8 (0x66266937) lui     s2, 0x66266
core   0: 3 0x800080c8 (0x66266937) x18 0x66266000
core   0: 0x800080cc (0x16210213) addi    tp, sp, 354
core   0: 3 0x800080cc (0x16210213) x 4 0x00000562
core   0: 0x800080d0 (0x027aa613) slti    a2, s5, 39
core   0: 3 0x800080d0 (0x027aa613) x12 0x00000000
core   0: 0x800080d4 (0x00000013) nop
core   0: 3 0x800080d4 (0x00000013)
core   0: 0x800080d8 (0x41e35913) srai    s2, t1, 30
core   0: 3 0x800080d8 (0x41e35913) x18 0xfffffffe
core   0: 0x800080dc (0x999eaa13) slti    s4, t4, -1639
core   0: 3 0x800080dc (0x999eaa13) x20 0x00000001
core   0: 0x800080e0 (0x015f9f93) slli    t6, t6, 21
core   0: 3 0x800080e0 (0x015f9f93) x31 0xc3200000
core   0: 0x800080e4 (0x0044b233) sltu    tp, s1, tp
core   0: 3 0x800080e4 (0x0044b233) x 4 0x00000000
core   0: 0x800080e8 (0x74d4f793) andi    a5, s1, 1869
core   0: 3 0x800080e8 (0x74d4f793) x15 0x0000074d
core   0: 0x800080ec (0x219eb193) sltiu   gp, t4, 537
core   0: 3 0x800080ec (0x219eb193) x 3 0x00000000
core   0: 0x800080f0 (0x26e93817) auipc   a6, 0x26e93
core   0: 3 0x800080f0 (0x26e93817) x16 0xa6e9b0f0
core   0: 0x800080f4 (0x01255db3) srl     s11, a0, s2
core   0: 3 0x800080f4 (0x01255db3) x27 0x00000003
core   0: 0x800080f8 (0x01391433) sll     s0, s2, s3
core   0: 3 0x800080f8 (0x01391433) x 8 0xfffffffe
core   0: 0x800080fc (0x40f65493) srai    s1, a2, 15
core   0: 3 0x800080fc (0x40f65493) x 9 0x00000000
core   0: 0x80008100 (0x420e0897) auipc   a7, 0x420e0
core   0: 3 0x80008100 (0x420e0897) x17 0xc20e8100
core   0: 0x80008104 (0x3608f517) auipc   a0, 0x3608f
core   0: 3 0x80008104 (0x3608f517) x10 0xb6097104
core   0: 0x80008108 (0x00307933) and     s2, zero, gp
core   0: 3 0x80008108 (0x00307933) x18 0x00000000
core   0: 0x8000810c (0x01ca1f93) slli    t6, s4, 28
core   0: 3 0x8000810c (0x01ca1f93) x31 0x10000000
core   0: 0x80008110 (0x0330a313) slti    t1, ra, 51
core   0: 3 0x80008110 (0x0330a313) x 6 0x00000000
core   0: 0x80008114 (0x01a53b33) sltu    s6, a0, s10
core   0: 3 0x80008114 (0x01a53b33) x22 0x00000000
core   0: 0x80008118 (0x006fcdb3) xor     s11, t6, t1
core   0: 3 0x80008118 (0x006fcdb3) x27 0x10000000
core   0: 0x8000811c (0x41c4dc13) srai    s8, s1, 28
core   0: 3 0x8000811c (0x41c4dc13) x24 0x00000000
core   0: 0x80008120 (0x00b80fb3) add     t6, a6, a1
core   0: 3 0x80008120 (0x00b80fb3) x31 0xa6e9b0f0
core   0: 0x80008124 (0xf4777a93) andi    s5, a4, -185
core   0: 3 0x80008124 (0xf4777a93) x21 0x80000000
core   0: 0x80008128 (0x263d0913) addi    s2, s10, 611
core   0: 3 0x80008128 (0x263d0913) x18 0xa1710263
core   0: 0x8000812c (0x00000013) nop
core   0: 3 0x8000812c (0x00000013)
core   0: 0x80008130 (0x7ea30a93) addi    s5, t1, 2026
core   0: 3 0x80008130 (0x7ea30a93) x21 0x000007ea
core   0: 0x80008134 (0xb0594413) xori    s0, s2, -1275
core   0: 3 0x80008134 (0xb0594413) x 8 0x5e8ef966
core   0: 0x80008138 (0x018365b3) or      a1, t1, s8
core   0: 3 0x80008138 (0x018365b3) x11 0x00000000
core   0: 0x8000813c (0x01aebc33) sltu    s8, t4, s10
core   0: 3 0x8000813c (0x01aebc33) x24 0x00000001
core   0: 0x80008140 (0x004ab4b3) sltu    s1, s5, tp
core   0: 3 0x80008140 (0x004ab4b3) x 9 0x00000000
core   0: 0x80008144 (0x010262b3) or      t0, tp, a6
core   0: 3 0x80008144 (0x010262b3) x 5 0xa6e9b0f0
core   0: 0x80008148 (0x01ede4b3) or      s1, s11, t5
core   0: 3 0x80008148 (0x01ede4b3) x 9 0x1000079c
core   0: 0x8000814c (0x39457113) andi    sp, a0, 916
core   0: 3 0x8000814c (0x39457113) x 2 0x00000104
core   0: 0x80008150 (0x0120b5b3) sltu    a1, ra, s2
core   0: 3 0x80008150 (0x0120b5b3) x11 0x00000001
core   0: 0x80008154 (0xaafeb993) sltiu   s3, t4, -1361
core   0: 3 0x80008154 (0xaafeb993) x19 0x00000001
core   0: 0x80008158 (0xaaa93b93) sltiu   s7, s2, -1366
core   0: 3 0x80008158 (0xaaa93b93) x23 0x00000001
core   0: 0x8000815c (0x01435a13) srli    s4, t1, 20
core   0: 3 0x8000815c (0x01435a13) x20 0x00000000
core   0: 0x80008160 (0x01a04933) xor     s2, zero, s10
core   0: 3 0x80008160 (0x01a04933) x18 0xa1710000
core   0: 0x80008164 (0x00000013) nop
core   0: 3 0x80008164 (0x00000013)
core   0: 0x80008168 (0x00d72133) slt     sp, a4, a3
core   0: 3 0x80008168 (0x00d72133) x 2 0x00000001
core   0: 0x8000816c (0x00cdf7b3) and     a5, s11, a2
core   0: 3 0x8000816c (0x00cdf7b3) x15 0x00000000
core   0: 0x80008170 (0x01c821b3) slt     gp, a6, t3
core   0: 3 0x80008170 (0x01c821b3) x 3 0x00000001
core   0: 0x80008174 (0x014bddb3) srl     s11, s7, s4
core   0: 3 0x80008174 (0x014bddb3) x27 0x00000001
core   0: 0x80008178 (0x00000013) nop
core   0: 3 0x80008178 (0x00000013)
core   0: 0x8000817c (0x00635f33) srl     t5, t1, t1
core   0: 3 0x8000817c (0x00635f33) x30 0x00000000
core   0: 0x80008180 (0x018b9333) sll     t1, s7, s8
core   0: 3 0x80008180 (0x018b9333) x 6 0x00000002
core   0: 0x80008184 (0x00408a33) add     s4, ra, tp
core   0: 3 0x80008184 (0x00408a33) x20 0x39d5a000
core   0: 0x80008188 (0xce0ea9b7) lui     s3, 0xce0ea
core   0: 3 0x80008188 (0xce0ea9b7) x19 0xce0ea000
core   0: 0x8000818c (0x01e1dd93) srli    s11, gp, 30
core   0: 3 0x8000818c (0x01e1dd93) x27 0x00000000
core   0: 0x80008190 (0x00d35533) srl     a0, t1, a3
core   0: 3 0x80008190 (0x00d35533) x10 0x00000002
core   0: 0x80008194 (0x018b1c33) sll     s8, s6, s8
core   0: 3 0x80008194 (0x018b1c33) x24 0x00000000
core   0: 0x80008198 (0x0030e133) or      sp, ra, gp
core   0: 3 0x80008198 (0x0030e133) x 2 0x39d5a001
core   0: 0x8000819c (0x00cf9fb3) sll     t6, t6, a2
core   0: 3 0x8000819c (0x00cf9fb3) x31 0xa6e9b0f0
core   0: 0x800081a0 (0x419609b3) sub     s3, a2, s9
core   0: 3 0x800081a0 (0x419609b3) x19 0x7ffea31c
core   0: 0x800081a4 (0x012cb933) sltu    s2, s9, s2
core   0: 3 0x800081a4 (0x012cb933) x18 0x00000001
core   0: 0x800081a8 (0x00cedab3) srl     s5, t4, a2
core   0: 3 0x800081a8 (0x00cedab3) x21 0x80011e64
core   0: 0x800081ac (0x53d1c817) auipc   a6, 0x53d1c
core   0: 3 0x800081ac (0x53d1c817) x16 0xd3d241ac
core   0: 0x800081b0 (0x01726833) or      a6, tp, s7
core   0: 3 0x800081b0 (0x01726833) x16 0x00000001
core   0: 0x800081b4 (0xefe4cf13) xori    t5, s1, -258
core   0: 3 0x800081b4 (0xefe4cf13) x30 0xeffff962
core   0: 0x800081b8 (0x28cd8937) lui     s2, 0x28cd8
core   0: 3 0x800081b8 (0x28cd8937) x18 0x28cd8000
core   0: 0x800081bc (0x01aa7833) and     a6, s4, s10
core   0: 3 0x800081bc (0x01aa7833) x16 0x21510000
core   0: 0x800081c0 (0x0033dab3) srl     s5, t2, gp
core   0: 3 0x800081c0 (0x0033dab3) x21 0x00000000
core   0: 0x800081c4 (0x008103b3) add     t2, sp, s0
core   0: 3 0x800081c4 (0x008103b3) x 7 0x98649967
core   0: 0x800081c8 (0xf2e9b993) sltiu   s3, s3, -210
core   0: 3 0x800081c8 (0xf2e9b993) x19 0x00000001
core   0: 0x800081cc (0xf4119037) lui     zero, 0xf4119
core   0: 3 0x800081cc (0xf4119037)
core   0: 0x800081d0 (0x315e6c13) ori     s8, t3, 789
core   0: 3 0x800081d0 (0x315e6c13) x24 0x0000075f
core   0: 0x800081d4 (0x00000013) nop
core   0: 3 0x800081d4 (0x00000013)
core   0: 0x800081d8 (0xf988cb93) xori    s7, a7, -104
core   0: 3 0x800081d8 (0xf988cb93) x23 0x3df17e98
core   0: 0x800081dc (0x00be57b3) srl     a5, t3, a1
core   0: 3 0x800081dc (0x00be57b3) x15 0x0000022f
core   0: 0x800081e0 (0xa3f6b693) sltiu   a3, a3, -1473
core   0: 3 0x800081e0 (0xa3f6b693) x13 0x00000001
core   0: 0x800081e4 (0x0031a0b3) slt     ra, gp, gp
core   0: 3 0x800081e4 (0x0031a0b3) x 1 0x00000000
core   0: 0x800081e8 (0x0142a9b3) slt     s3, t0, s4
core   0: 3 0x800081e8 (0x0142a9b3) x19 0x00000001
core   0: 0x800081ec (0x01edc233) xor     tp, s11, t5
core   0: 3 0x800081ec (0x01edc233) x 4 0xeffff962
core   0: 0x800081f0 (0x40bdd693) srai    a3, s11, 11
core   0: 3 0x800081f0 (0x40bdd693) x13 0x00000000
core   0: 0x800081f4 (0x00000013) nop
core   0: 3 0x800081f4 (0x00000013)
core   0: 0x800081f8 (0x70c707b7) lui     a5, 0x70c70
core   0: 3 0x800081f8 (0x70c707b7) x15 0x70c70000
core   0: 0x800081fc (0x6ae2a337) lui     t1, 0x6ae2a
core   0: 3 0x800081fc (0x6ae2a337) x 6 0x6ae2a000
core   0: 0x80008200 (0x016dec33) or      s8, s11, s6
core   0: 3 0x80008200 (0x016dec33) x24 0x00000000
core   0: 0x80008204 (0x01be8333) add     t1, t4, s11
core   0: 3 0x80008204 (0x01be8333) x 6 0x80011e64
core   0: 0x80008208 (0x019d6633) or      a2, s10, s9
core   0: 3 0x80008208 (0x019d6633) x12 0xa1715ce4
core   0: 0x8000820c (0x40e4dd93) srai    s11, s1, 14
core   0: 3 0x8000820c (0x40e4dd93) x27 0x00004000
core   0: 0x80008210 (0x001f14b3) sll     s1, t5, ra
core   0: 3 0x80008210 (0x001f14b3) x 9 0xeffff962
core   0: 0x80008214 (0x41db5533) sra     a0, s6, t4
core   0: 3 0x80008214 (0x41db5533) x10 0x00000000
core   0: 0x80008218 (0xe7ff0113) addi    sp, t5, -385
core   0: 3 0x80008218 (0xe7ff0113) x 2 0xeffff7e1
core   0: 0x8000821c (0x007028b3) slt     a7, zero, t2
core   0: 3 0x8000821c (0x007028b3) x17 0x00000000
core   0: 0x80008220 (0xeb1817b7) lui     a5, 0xeb181
core   0: 3 0x80008220 (0xeb1817b7) x15 0xeb181000
core   0: 0x80008224 (0x01a7dd93) srli    s11, a5, 26
core   0: 3 0x80008224 (0x01a7dd93) x27 0x0000003a
core   0: 0x80008228 (0xb975f4b7) lui     s1, 0xb975f
core   0: 3 0x80008228 (0xb975f4b7) x 9 0xb975f000
core   0: 0x8000822c (0x018a9233) sll     tp, s5, s8
core   0: 3 0x8000822c (0x018a9233) x 4 0x00000000
core   0: 0x80008230 (0x017be7b3) or      a5, s7, s7
core   0: 3 0x80008230 (0x017be7b3) x15 0x3df17e98
core   0: 0x80008234 (0x01ae9793) slli    a5, t4, 26
core   0: 3 0x80008234 (0x01ae9793) x15 0x90000000
core   0: 0x80008238 (0xf36b6393) ori     t2, s6, -202
core   0: 3 0x80008238 (0xf36b6393) x 7 0xffffff36
core   0: 0x8000823c (0xae1eff97) auipc   t6, 0xae1ef
core   0: 3 0x8000823c (0xae1eff97) x31 0x2e1f723c
core   0: 0x80008240 (0x91eae593) ori     a1, s5, -1762
core   0: 3 0x80008240 (0x91eae593) x11 0xfffff91e
core   0: 0x80008244 (0x01dc6933) or      s2, s8, t4
core   0: 3 0x80008244 (0x01dc6933) x18 0x80011e64
core   0: 0x80008248 (0x40a65f13) srai    t5, a2, 10
core   0: 3 0x80008248 (0x40a65f13) x30 0xffe85c57
core   0: 0x8000824c (0x018c6833) or      a6, s8, s8
core   0: 3 0x8000824c (0x018c6833) x16 0x00000000
core   0: 0x80008250 (0x45fd6b13) ori     s6, s10, 1119
core   0: 3 0x80008250 (0x45fd6b13) x22 0xa171045f
core   0: 0x80008254 (0xd3a6e093) ori     ra, a3, -710
core   0: 3 0x80008254 (0xd3a6e093) x 1 0xfffffd3a
core   0: 0x80008258 (0x01fedbb3) srl     s7, t4, t6
core   0: 3 0x80008258 (0x01fedbb3) x23 0x00000008
core   0: 0x8000825c (0x96428413) addi    s0, t0, -1692
core   0: 3 0x8000825c (0x96428413) x 8 0xa6e9aa54
core   0: 0x80008260 (0x4141d093) srai    ra, gp, 20
core   0: 3 0x80008260 (0x4141d093) x 1 0x00000000
core   0: 0x80008264 (0x2443ff93) andi    t6, t2, 580
core   0: 3 0x80008264 (0x2443ff93) x31 0x00000204
core   0: 0x80008268 (0x00125693) srli    a3, tp, 1
core   0: 3 0x80008268 (0x00125693) x13 0x00000000
core   0: 0x8000826c (0x014ebe33) sltu    t3, t4, s4
core   0: 3 0x8000826c (0x014ebe33) x28 0x00000000
core   0: 0x80008270 (0x01c404b3) add     s1, s0, t3
core   0: 3 0x80008270 (0x01c404b3) x 9 0xa6e9aa54
core   0: 0x80008274 (0x80ed0213) addi    tp, s10, -2034
core   0: 3 0x80008274 (0x80ed0213) x 4 0xa170f80e
core   0: 0x80008278 (0x00b60133) add     sp, a2, a1
core   0: 3 0x80008278 (0x00b60133) x 2 0xa1715602
core   0: 0x8000827c (0x40db59b3) sra     s3, s6, a3
core   0: 3 0x8000827c (0x40db59b3) x19 0xa171045f
core   0: 0x80008280 (0xecfccf93) xori    t6, s9, -305
core   0: 3 0x80008280 (0xecfccf93) x31 0x7ffea22b
core   0: 0x80008284 (0x73099797) auipc   a5, 0x73099
core   0: 3 0x80008284 (0x73099797) x15 0xf30a1284
core   0: 0x80008288 (0x33cb8813) addi    a6, s7, 828
core   0: 3 0x80008288 (0x33cb8813) x16 0x00000344
core   0: 0x8000828c (0x0e708613) addi    a2, ra, 231
core   0: 3 0x8000828c (0x0e708613) x12 0x000000e7
core   0: 0x80008290 (0x932edf37) lui     t5, 0x932ed
core   0: 3 0x80008290 (0x932edf37) x30 0x932ed000
core   0: 0x80008294 (0x197d4e13) xori    t3, s10, 407
core   0: 3 0x80008294 (0x197d4e13) x28 0xa1710197
core   0: 0x80008298 (0x4087d293) srai    t0, a5, 8
core   0: 3 0x80008298 (0x4087d293) x 5 0xfff30a12
core   0: 0x8000829c (0x40760d33) sub     s10, a2, t2
core   0: 3 0x8000829c (0x40760d33) x26 0x000001b1
core   0: 0x800082a0 (0x01834db3) xor     s11, t1, s8
core   0: 3 0x800082a0 (0x01834db3) x27 0x80011e64
core   0: 0x800082a4 (0x54c8fa93) andi    s5, a7, 1356
core   0: 3 0x800082a4 (0x54c8fa93) x21 0x00000000
core   0: 0x800082a8 (0x00a23bb3) sltu    s7, tp, a0
core   0: 3 0x800082a8 (0x00a23bb3) x23 0x00000000
core   0: 0x800082ac (0x3b6381b7) lui     gp, 0x3b638
core   0: 3 0x800082ac (0x3b6381b7) x 3 0x3b638000
core   0: 0x800082b0 (0x006d38b3) sltu    a7, s10, t1
core   0: 3 0x800082b0 (0x006d38b3) x17 0x00000001
core   0: 0x800082b4 (0x2c758813) addi    a6, a1, 711
core   0: 3 0x800082b4 (0x2c758813) x16 0xfffffbe5
core   0: 0x800082b8 (0x4194d433) sra     s0, s1, s9
core   0: 3 0x800082b8 (0x4194d433) x 8 0xfa6e9aa5
core   0: 0x800082bc (0x15146313) ori     t1, s0, 337
core   0: 3 0x800082bc (0x15146313) x 6 0xfa6e9bf5
core   0: 0x800082c0 (0x00975633) srl     a2, a4, s1
core   0: 3 0x800082c0 (0x00975633) x12 0x00000800
core   0: 0x800082c4 (0x0065dd93) srli    s11, a1, 6
core   0: 3 0x800082c4 (0x0065dd93) x27 0x03ffffe4
core   0: 0x800082c8 (0xce31f593) andi    a1, gp, -797
core   0: 3 0x800082c8 (0xce31f593) x11 0x3b638000
core   0: 0x800082cc (0xbb61e113) ori     sp, gp, -1098
core   0: 3 0x800082cc (0xbb61e113) x 2 0xfffffbb6
core   0: 0x800082d0 (0x01b0a0b3) slt     ra, ra, s11
core   0: 3 0x800082d0 (0x01b0a0b3) x 1 0x00000001
core   0: 0x800082d4 (0x01011393) slli    t2, sp, 16
core   0: 3 0x800082d4 (0x01011393) x 7 0xfbb60000
core   0: 0x800082d8 (0x01793433) sltu    s0, s2, s7
core   0: 3 0x800082d8 (0x01793433) x 8 0x00000000
core   0: 0x800082dc (0x019a76b3) and     a3, s4, s9
core   0: 3 0x800082dc (0x019a76b3) x13 0x00010000
core   0: 0x800082e0 (0x00fe5493) srli    s1, t3, 15
core   0: 3 0x800082e0 (0x00fe5493) x 9 0x000142e2
core   0: 0x800082e4 (0x000b31b3) sltu    gp, s6, zero
core   0: 3 0x800082e4 (0x000b31b3) x 3 0x00000000
core   0: 0x800082e8 (0x41b35593) srai    a1, t1, 27
core   0: 3 0x800082e8 (0x41b35593) x11 0xffffffff
core   0: 0x800082ec (0x40460ab3) sub     s5, a2, tp
core   0: 3 0x800082ec (0x40460ab3) x21 0x5e8f0ff2
core   0: 0x800082f0 (0x88b0b493) sltiu   s1, ra, -1909
core   0: 3 0x800082f0 (0x88b0b493) x 9 0x00000001
core   0: 0x800082f4 (0x01f21033) sll     zero, tp, t6
core   0: 3 0x800082f4 (0x01f21033)
core   0: 0x800082f8 (0xa7620f93) addi    t6, tp, -1418
core   0: 3 0x800082f8 (0xa7620f93) x31 0xa170f284
core   0: 0x800082fc (0xf9dba893) slti    a7, s7, -99
core   0: 3 0x800082fc (0xf9dba893) x17 0x00000000
core   0: 0x80008300 (0x01fd4c33) xor     s8, s10, t6
core   0: 3 0x80008300 (0x01fd4c33) x24 0xa170f335
core   0: 0x80008304 (0x00000013) nop
core   0: 3 0x80008304 (0x00000013)
core   0: 0x80008308 (0x01d19893) slli    a7, gp, 29
core   0: 3 0x80008308 (0x01d19893) x17 0x00000000
core   0: 0x8000830c (0x4065d7b3) sra     a5, a1, t1
core   0: 3 0x8000830c (0x4065d7b3) x15 0xffffffff
core   0: 0x80008310 (0x121d8093) addi    ra, s11, 289
core   0: 3 0x80008310 (0x121d8093) x 1 0x04000105
core   0: 0x80008314 (0x004e36b3) sltu    a3, t3, tp
core   0: 3 0x80008314 (0x004e36b3) x13 0x00000000
core   0: 0x80008318 (0x00ec0033) add     zero, s8, a4
core   0: 3 0x80008318 (0x00ec0033)
core   0: 0x8000831c (0x016fb1b3) sltu    gp, t6, s6
core   0: 3 0x8000831c (0x016fb1b3) x 3 0x00000001
core   0: 0x80008320 (0xdc1fab93) slti    s7, t6, -575
core   0: 3 0x80008320 (0xdc1fab93) x23 0x00000001
core   0: 0x80008324 (0xedcfeab7) lui     s5, 0xedcfe
core   0: 3 0x80008324 (0xedcfeab7) x21 0xedcfe000
core   0: 0x80008328 (0x000cd393) srli    t2, s9, 0
core   0: 3 0x80008328 (0x000cd393) x 7 0x80015ce4
core   0: 0x8000832c (0x016c4ab3) xor     s5, s8, s6
core   0: 3 0x8000832c (0x016c4ab3) x21 0x0001f76a
core   0: 0x80008330 (0xf5489697) auipc   a3, 0xf5489
core   0: 3 0x80008330 (0xf5489697) x13 0x75491330
core   0: 0x80008334 (0x005480b3) add     ra, s1, t0
core   0: 3 0x80008334 (0x005480b3) x 1 0xfff30a13
core   0: 0x80008338 (0x01085db3) srl     s11, a6, a6
core   0: 3 0x80008338 (0x01085db3) x27 0x07ffffdf
core   0: 0x8000833c (0x60be4413) xori    s0, t3, 1547
core   0: 3 0x8000833c (0x60be4413) x 8 0xa171079c
core   0: 0x80008340 (0x001a4333) xor     t1, s4, ra
core   0: 3 0x80008340 (0x001a4333) x 6 0xc626aa13
core   0: 0x80008344 (0xf929e0b7) lui     ra, 0xf929e
core   0: 3 0x80008344 (0xf929e0b7) x 1 0xf929e000
core   0: 0x80008348 (0x014b6d33) or      s10, s6, s4
core   0: 3 0x80008348 (0x014b6d33) x26 0xb9f5a45f
core   0: 0x8000834c (0x00000013) nop
core   0: 3 0x8000834c (0x00000013)
core   0: 0x80008350 (0x00000013) nop
core   0: 3 0x80008350 (0x00000013)
core   0: 0x80008354 (0x91d68293) addi    t0, a3, -1763
core   0: 3 0x80008354 (0x91d68293) x 5 0x75490c4d
core   0: 0x80008358 (0x4108d1b3) sra     gp, a7, a6
core   0: 3 0x80008358 (0x4108d1b3) x 3 0x00000000
core   0: 0x8000835c (0x01c05933) srl     s2, zero, t3
core   0: 3 0x8000835c (0x01c05933) x18 0x00000000
core   0: 0x80008360 (0x39ad2f13) slti    t5, s10, 922
core   0: 3 0x80008360 (0x39ad2f13) x30 0x00000001
core   0: 0x80008364 (0x0181de33) srl     t3, gp, s8
core   0: 3 0x80008364 (0x0181de33) x28 0x00000000
core   0: 0x80008368 (0xc2763537) lui     a0, 0xc2763
core   0: 3 0x80008368 (0xc2763537) x10 0xc2763000
core   0: 0x8000836c (0x365b4113) xori    sp, s6, 869
core   0: 3 0x8000836c (0x365b4113) x 2 0xa171073a
core   0: 0x80008370 (0x55fc3793) sltiu   a5, s8, 1375
core   0: 3 0x80008370 (0x55fc3793) x15 0x00000000
core   0: 0x80008374 (0x47660593) addi    a1, a2, 1142
core   0: 3 0x80008374 (0x47660593) x11 0x00000c76
core   0: 0x80008378 (0x47e70813) addi    a6, a4, 1150
core   0: 3 0x80008378 (0x47e70813) x16 0x8000047e
core   0: 0x8000837c (0x00000013) nop
core   0: 3 0x8000837c (0x00000013)
core   0: 0x80008380 (0x00bf9593) slli    a1, t6, 11
core   0: 3 0x80008380 (0x00bf9593) x11 0x87942000
core   0: 0x80008384 (0x0167f6b3) and     a3, a5, s6
core   0: 3 0x80008384 (0x0167f6b3) x13 0x00000000
core   0: 0x80008388 (0xd3734693) xori    a3, t1, -713
core   0: 3 0x80008388 (0xd3734693) x13 0x39d95724
core   0: 0x8000838c (0x012a1593) slli    a1, s4, 18
core   0: 3 0x8000838c (0x012a1593) x11 0x80000000
core   0: 0x80008390 (0x01035e13) srli    t3, t1, 16
core   0: 3 0x80008390 (0x01035e13) x28 0x0000c626
core   0: 0x80008394 (0x00955633) srl     a2, a0, s1
core   0: 3 0x80008394 (0x00955633) x12 0x613b1800
core   0: 0x80008398 (0xd0433793) sltiu   a5, t1, -764
core   0: 3 0x80008398 (0xd0433793) x15 0x00000001
core   0: 0x8000839c (0x01a3a9b3) slt     s3, t2, s10
core   0: 3 0x8000839c (0x01a3a9b3) x19 0x00000001
core   0: 0x800083a0 (0x415ddf93) srai    t6, s11, 21
core   0: 3 0x800083a0 (0x415ddf93) x31 0x0000003f
core   0: 0x800083a4 (0xf39c8a13) addi    s4, s9, -199
core   0: 3 0x800083a4 (0xf39c8a13) x20 0x80015c1d
core   0: 0x800083a8 (0x739fce13) xori    t3, t6, 1849
core   0: 3 0x800083a8 (0x739fce13) x28 0x00000706
core   0: 0x800083ac (0x00e6ee33) or      t3, a3, a4
core   0: 3 0x800083ac (0x00e6ee33) x28 0xb9d95724
core   0: 0x800083b0 (0xa12b3497) auipc   s1, 0xa12b3
core   0: 3 0x800083b0 (0xa12b3497) x 9 0x212bb3b0
core   0: 0x800083b4 (0x0087a933) slt     s2, a5, s0
core   0: 3 0x800083b4 (0x0087a933) x18 0x00000000
core   0: 0x800083b8 (0x3c4c9d37) lui     s10, 0x3c4c9
core   0: 3 0x800083b8 (0x3c4c9d37) x26 0x3c4c9000
core   0: 0x800083bc (0x01d37233) and     tp, t1, t4
core   0: 3 0x800083bc (0x01d37233) x 4 0x80000a00
core   0: 0x800083c0 (0xfa9ce113) ori     sp, s9, -87
core   0: 3 0x800083c0 (0xfa9ce113) x 2 0xffffffed
core   0: 0x800083c4 (0x684d7613) andi    a2, s10, 1668
core   0: 3 0x800083c4 (0x684d7613) x12 0x00000000
core   0: 0x800083c8 (0x4130d833) sra     a6, ra, s3
core   0: 3 0x800083c8 (0x4130d833) x16 0xfc94f000
core   0: 0x800083cc (0x01939693) slli    a3, t2, 25
core   0: 3 0x800083cc (0x01939693) x13 0xc8000000
core   0: 0x800083d0 (0x41705ab3) sra     s5, zero, s7
core   0: 3 0x800083d0 (0x41705ab3) x21 0x00000000
core   0: 0x800083d4 (0x0109f3b3) and     t2, s3, a6
core   0: 3 0x800083d4 (0x0109f3b3) x 7 0x00000000
core   0: 0x800083d8 (0x00da8333) add     t1, s5, a3
core   0: 3 0x800083d8 (0x00da8333) x 6 0xc8000000
core   0: 0x800083dc (0xaadc8793) addi    a5, s9, -1363
core   0: 3 0x800083dc (0xaadc8793) x15 0x80015791
core   0: 0x800083e0 (0x6be36093) ori     ra, t1, 1726
core   0: 3 0x800083e0 (0x6be36093) x 1 0xc80006be
core   0: 0x800083e4 (0x00000013) nop
core   0: 3 0x800083e4 (0x00000013)
core   0: 0x800083e8 (0x4030dd13) srai    s10, ra, 3
core   0: 3 0x800083e8 (0x4030dd13) x26 0xf90000d7
core   0: 0x800083ec (0xded7a417) auipc   s0, 0xded7a
core   0: 3 0x800083ec (0xded7a417) x 8 0x5ed823ec
core   0: 0x800083f0 (0x01f30d33) add     s10, t1, t6
core   0: 3 0x800083f0 (0x01f30d33) x26 0xc800003f
core   0: 0x800083f4 (0xc80a7313) andi    t1, s4, -896
core   0: 3 0x800083f4 (0xc80a7313) x 6 0x80015c00
core   0: 0x800083f8 (0x0088dab3) srl     s5, a7, s0
core   0: 3 0x800083f8 (0x0088dab3) x21 0x00000000
core   0: 0x800083fc (0xfa37e913) ori     s2, a5, -93
core   0: 3 0x800083fc (0xfa37e913) x18 0xffffffb3
core   0: 0x80008400 (0x0076dab3) srl     s5, a3, t2
core   0: 3 0x80008400 (0x0076dab3) x21 0xc8000000
core   0: 0x80008404 (0x01e082b3) add     t0, ra, t5
core   0: 3 0x80008404 (0x01e082b3) x 5 0xc80006bf
core   0: 0x80008408 (0x736cfd13) andi    s10, s9, 1846
core   0: 3 0x80008408 (0x736cfd13) x26 0x00000424
core   0: 0x8000840c (0x00ee1933) sll     s2, t3, a4
core   0: 3 0x8000840c (0x00ee1933) x18 0xb9d95724
core   0: 0x80008410 (0x00882133) slt     sp, a6, s0
core   0: 3 0x80008410 (0x00882133) x 2 0x00000001
core   0: 0x80008414 (0x00000013) nop
core   0: 3 0x80008414 (0x00000013)
core   0: 0x80008418 (0x415cd533) sra     a0, s9, s5
core   0: 3 0x80008418 (0x415cd533) x10 0x80015ce4
core   0: 0x8000841c (0x016611b3) sll     gp, a2, s6
core   0: 3 0x8000841c (0x016611b3) x 3 0x00000000
core   0: 0x80008420 (0x412c5913) srai    s2, s8, 18
core   0: 3 0x80008420 (0x412c5913) x18 0xffffe85c
core   0: 0x80008424 (0x009505b3) add     a1, a0, s1
core   0: 3 0x80008424 (0x009505b3) x11 0xa12d1094
core   0: 0x80008428 (0x017b3a33) sltu    s4, s6, s7
core   0: 3 0x80008428 (0x017b3a33) x20 0x00000000
core   0: 0x8000842c (0x00000013) nop
core   0: 3 0x8000842c (0x00000013)
core   0: 0x80008430 (0x0032adb3) slt     s11, t0, gp
core   0: 3 0x80008430 (0x0032adb3) x27 0x00000001
core   0: 0x80008434 (0x012ba033) slt     zero, s7, s2
core   0: 3 0x80008434 (0x012ba033)
core   0: 0x80008438 (0x00baf533) and     a0, s5, a1
core   0: 3 0x80008438 (0x00baf533) x10 0x80000000
core   0: 0x8000843c (0x00a6e6b3) or      a3, a3, a0
core   0: 3 0x8000843c (0x00a6e6b3) x13 0xc8000000
core   0: 0x80008440 (0x002416b3) sll     a3, s0, sp
core   0: 3 0x80008440 (0x002416b3) x13 0xbdb047d8
core   0: 0x80008444 (0xe562b493) sltiu   s1, t0, -426
core   0: 3 0x80008444 (0xe562b493) x 9 0x00000001
core   0: 0x80008448 (0x405bd793) srai    a5, s7, 5
core   0: 3 0x80008448 (0x405bd793) x15 0x00000000
core   0: 0x8000844c (0xd4713e13) sltiu   t3, sp, -697
core   0: 3 0x8000844c (0xd4713e13) x28 0x00000001
core   0: 0x80008450 (0x002f9613) slli    a2, t6, 2
core   0: 3 0x80008450 (0x002f9613) x12 0x000000fc
core   0: 0x80008454 (0x01d092b3) sll     t0, ra, t4
core   0: 3 0x80008454 (0x01d092b3) x 5 0x80006be0
core   0: 0x80008458 (0x001c5113) srli    sp, s8, 1
core   0: 3 0x80008458 (0x001c5113) x 2 0x50b8799a
core   0: 0x8000845c (0x9dfe7213) andi    tp, t3, -1569
core   0: 3 0x8000845c (0x9dfe7213) x 4 0x00000001
core   0: 0x80008460 (0xff0ea593) slti    a1, t4, -16
core   0: 3 0x80008460 (0xff0ea593) x11 0x00000001
core   0: 0x80008464 (0x0072d213) srli    tp, t0, 7
core   0: 3 0x80008464 (0x0072d213) x 4 0x010000d7
core   0: 0x80008468 (0x0a6c0f13) addi    t5, s8, 166
core   0: 3 0x80008468 (0x0a6c0f13) x30 0xa170f3db
core   0: 0x8000846c (0x001250b3) srl     ra, tp, ra
core   0: 3 0x8000846c (0x001250b3) x 1 0x00000000
core   0: 0x80008470 (0x00aa1d13) slli    s10, s4, 10
core   0: 3 0x80008470 (0x00aa1d13) x26 0x00000000
core   0: 0x80008474 (0x00ed2b33) slt     s6, s10, a4
core   0: 3 0x80008474 (0x00ed2b33) x22 0x00000000
core   0: 0x80008478 (0x0051d033) srl     zero, gp, t0
core   0: 3 0x80008478 (0x0051d033)
core   0: 0x8000847c (0x00a75133) srl     sp, a4, a0
core   0: 3 0x8000847c (0x00a75133) x 2 0x80000000
core   0: 0x80008480 (0x41880a33) sub     s4, a6, s8
core   0: 3 0x80008480 (0x41880a33) x20 0x5b23fccb
core   0: 0x80008484 (0x00839a93) slli    s5, t2, 8
core   0: 3 0x80008484 (0x00839a93) x21 0x00000000
core   0: 0x80008488 (0x01f27e33) and     t3, tp, t6
core   0: 3 0x80008488 (0x01f27e33) x28 0x00000017
core   0: 0x8000848c (0x4011dc13) srai    s8, gp, 1
core   0: 3 0x8000848c (0x4011dc13) x24 0x00000000
core   0: 0x80008490 (0x6984f213) andi    tp, s1, 1688
core   0: 3 0x80008490 (0x6984f213) x 4 0x00000000
core   0: 0x80008494 (0x4783ae13) slti    t3, t2, 1144
core   0: 3 0x80008494 (0x4783ae13) x28 0x00000001
core   0: 0x80008498 (0x5ea18613) addi    a2, gp, 1514
core   0: 3 0x80008498 (0x5ea18613) x12 0x000005ea
core   0: 0x8000849c (0x00f47633) and     a2, s0, a5
core   0: 3 0x8000849c (0x00f47633) x12 0x00000000
core   0: 0x800084a0 (0x430fe093) ori     ra, t6, 1072
core   0: 3 0x800084a0 (0x430fe093) x 1 0x0000043f
core   0: 0x800084a4 (0x1a11f393) andi    t2, gp, 417
core   0: 3 0x800084a4 (0x1a11f393) x 7 0x00000000
core   0: 0x800084a8 (0x01eb5113) srli    sp, s6, 30
core   0: 3 0x800084a8 (0x01eb5113) x 2 0x00000000
core   0: 0x800084ac (0x41338d33) sub     s10, t2, s3
core   0: 3 0x800084ac (0x41338d33) x26 0xffffffff
core   0: 0x800084b0 (0x00000013) nop
core   0: 3 0x800084b0 (0x00000013)
core   0: 0x800084b4 (0x017047b3) xor     a5, zero, s7
core   0: 3 0x800084b4 (0x017047b3) x15 0x00000001
core   0: 0x800084b8 (0x387c4a93) xori    s5, s8, 903
core   0: 3 0x800084b8 (0x387c4a93) x21 0x00000387
core   0: 0x800084bc (0x39f17a13) andi    s4, sp, 927
core   0: 3 0x800084bc (0x39f17a13) x20 0x00000000
core   0: 0x800084c0 (0x33af2f37) lui     t5, 0x33af2
core   0: 3 0x800084c0 (0x33af2f37) x30 0x33af2000
core   0: 0x800084c4 (0x01b15213) srli    tp, sp, 27
core   0: 3 0x800084c4 (0x01b15213) x 4 0x00000000
core   0: 0x800084c8 (0x00fdbf33) sltu    t5, s11, a5
core   0: 3 0x800084c8 (0x00fdbf33) x30 0x00000000
core   0: 0x800084cc (0xa7fda313) slti    t1, s11, -1409
core   0: 3 0x800084cc (0xa7fda313) x 6 0x00000000
core   0: 0x800084d0 (0x01a26833) or      a6, tp, s10
core   0: 3 0x800084d0 (0x01a26833) x16 0xffffffff
core   0: 0x800084d4 (0x4096db13) srai    s6, a3, 9
core   0: 3 0x800084d4 (0x4096db13) x22 0xffded823
core   0: 0x800084d8 (0x0099e133) or      sp, s3, s1
core   0: 3 0x800084d8 (0x0099e133) x 2 0x00000001
core   0: 0x800084dc (0x409a00b3) sub     ra, s4, s1
core   0: 3 0x800084dc (0x409a00b3) x 1 0xffffffff
core   0: 0x800084e0 (0x889a9fb7) lui     t6, 0x889a9
core   0: 3 0x800084e0 (0x889a9fb7) x31 0x889a9000
core   0: 0x800084e4 (0x00b57fb3) and     t6, a0, a1
core   0: 3 0x800084e4 (0x00b57fb3) x31 0x00000000
core   0: 0x800084e8 (0x009708b3) add     a7, a4, s1
core   0: 3 0x800084e8 (0x009708b3) x17 0x80000001
core   0: 0x800084ec (0x406254b3) sra     s1, tp, t1
core   0: 3 0x800084ec (0x406254b3) x 9 0x00000000
core   0: 0x800084f0 (0x00000013) nop
core   0: 3 0x800084f0 (0x00000013)
core   0: 0x800084f4 (0x4083d6b3) sra     a3, t2, s0
core   0: 3 0x800084f4 (0x4083d6b3) x13 0x00000000
core   0: 0x800084f8 (0xcdb29c37) lui     s8, 0xcdb29
core   0: 3 0x800084f8 (0xcdb29c37) x24 0xcdb29000
core   0: 0x800084fc (0x01ce5d33) srl     s10, t3, t3
core   0: 3 0x800084fc (0x01ce5d33) x26 0x00000000
core   0: 0x80008500 (0x003933b3) sltu    t2, s2, gp
core   0: 3 0x80008500 (0x003933b3) x 7 0x00000000
core   0: 0x80008504 (0x61e1fe13) andi    t3, gp, 1566
core   0: 3 0x80008504 (0x61e1fe13) x28 0x00000000
core   0: 0x80008508 (0x82ff0193) addi    gp, t5, -2001
core   0: 3 0x80008508 (0x82ff0193) x 3 0xfffff82f
core   0: 0x8000850c (0x015602b3) add     t0, a2, s5
core   0: 3 0x8000850c (0x015602b3) x 5 0x00000387
core   0: 0x80008510 (0xa472b193) sltiu   gp, t0, -1465
core   0: 3 0x80008510 (0xa472b193) x 3 0x00000001
core   0: 0x80008514 (0xc547bc13) sltiu   s8, a5, -940
core   0: 3 0x80008514 (0xc547bc13) x24 0x00000001
core   0: 0x80008518 (0x009e5233) srl     tp, t3, s1
core   0: 3 0x80008518 (0x009e5233) x 4 0x00000000
core   0: 0x8000851c (0x0131dbb3) srl     s7, gp, s3
core   0: 3 0x8000851c (0x0131dbb3) x23 0x00000000
core   0: 0x80008520 (0x019bebb3) or      s7, s7, s9
core   0: 3 0x80008520 (0x019bebb3) x23 0x80015ce4
core   0: 0x80008524 (0xf4fd0913) addi    s2, s10, -177
core   0: 3 0x80008524 (0xf4fd0913) x18 0xffffff4f
core   0: 0x80008528 (0x004d9093) slli    ra, s11, 4
core   0: 3 0x80008528 (0x004d9093) x 1 0x00000010
core   0: 0x8000852c (0x01326333) or      t1, tp, s3
core   0: 3 0x8000852c (0x01326333) x 6 0x00000001
core   0: 0x80008530 (0x40c95b13) srai    s6, s2, 12
core   0: 3 0x80008530 (0x40c95b13) x22 0xffffffff
core   0: 0x80008534 (0x57e2ca13) xori    s4, t0, 1406
core   0: 3 0x80008534 (0x57e2ca13) x20 0x000006f9
core   0: 0x80008538 (0x40295b33) sra     s6, s2, sp
core   0: 3 0x80008538 (0x40295b33) x22 0xffffffa7
core   0: 0x8000853c (0xd4b46a13) ori     s4, s0, -693
core   0: 3 0x8000853c (0xd4b46a13) x20 0xffffffef
core   0: 0x80008540 (0x00cfc933) xor     s2, t6, a2
core   0: 3 0x80008540 (0x00cfc933) x18 0x00000000
core   0: 0x80008544 (0x0113ffb3) and     t6, t2, a7
core   0: 3 0x80008544 (0x0113ffb3) x31 0x00000000
core   0: 0x80008548 (0x01468333) add     t1, a3, s4
core   0: 3 0x80008548 (0x01468333) x 6 0xffffffef
core   0: 0x8000854c (0x2642ea93) ori     s5, t0, 612
core   0: 3 0x8000854c (0x2642ea93) x21 0x000003e7
core   0: 0x80008550 (0x01bdd7b3) srl     a5, s11, s11
core   0: 3 0x80008550 (0x01bdd7b3) x15 0x00000000
core   0: 0x80008554 (0x014477b3) and     a5, s0, s4
core   0: 3 0x80008554 (0x014477b3) x15 0x5ed823ec
core   0: 0x80008558 (0x7fea0137) lui     sp, 0x7fea0
core   0: 3 0x80008558 (0x7fea0137) x 2 0x7fea0000
core   0: 0x8000855c (0xb3487893) andi    a7, a6, -1228
core   0: 3 0x8000855c (0xb3487893) x17 0xfffffb34
core   0: 0x80008560 (0x01847333) and     t1, s0, s8
core   0: 3 0x80008560 (0x01847333) x 6 0x00000000
core   0: 0x80008564 (0x0184e0b3) or      ra, s1, s8
core   0: 3 0x80008564 (0x0184e0b3) x 1 0x00000001
core   0: 0x80008568 (0x000c6c33) or      s8, s8, zero
core   0: 3 0x80008568 (0x000c6c33) x24 0x00000001
core   0: 0x8000856c (0x00bade13) srli    t3, s5, 11
core   0: 3 0x8000856c (0x00bade13) x28 0x00000000
core   0: 0x80008570 (0x59f43817) auipc   a6, 0x59f43
core   0: 3 0x80008570 (0x59f43817) x16 0xd9f4b570
core   0: 0x80008574 (0x00936ab3) or      s5, t1, s1
core   0: 3 0x80008574 (0x00936ab3) x21 0x00000000
core   0: 0x80008578 (0x00009d33) sll     s10, ra, zero
core   0: 3 0x80008578 (0x00009d33) x26 0x00000001
core   0: 0x8000857c (0xee608c37) lui     s8, 0xee608
core   0: 3 0x8000857c (0xee608c37) x24 0xee608000
core   0: 0x80008580 (0x40090fb3) sub     t6, s2, zero
core   0: 3 0x80008580 (0x40090fb3) x31 0x00000000
core   0: 0x80008584 (0x8632ba93) sltiu   s5, t0, -1949
core   0: 3 0x80008584 (0x8632ba93) x21 0x00000001
core   0: 0x80008588 (0x497cf513) andi    a0, s9, 1175
core   0: 3 0x80008588 (0x497cf513) x10 0x00000484
core   0: 0x8000858c (0xcaa2ff13) andi    t5, t0, -854
core   0: 3 0x8000858c (0xcaa2ff13) x30 0x00000082
core   0: 0x80008590 (0x01261c33) sll     s8, a2, s2
core   0: 3 0x80008590 (0x01261c33) x24 0x00000000
core   0: 0x80008594 (0x018b2633) slt     a2, s6, s8
core   0: 3 0x80008594 (0x018b2633) x12 0x00000001
core   0: 0x80008598 (0x00a76633) or      a2, a4, a0
core   0: 3 0x80008598 (0x00a76633) x12 0x80000484
core   0: 0x8000859c (0x404b5993) srai    s3, s6, 4
core   0: 3 0x8000859c (0x404b5993) x19 0xfffffffa
core   0: 0x800085a0 (0x01977333) and     t1, a4, s9
core   0: 3 0x800085a0 (0x01977333) x 6 0x80000000
core   0: 0x800085a4 (0x00906933) or      s2, zero, s1
core   0: 3 0x800085a4 (0x00906933) x18 0x00000000
core   0: 0x800085a8 (0xc9cea317) auipc   t1, 0xc9cea
core   0: 3 0x800085a8 (0xc9cea317) x 6 0x49cf25a8
core   0: 0x800085ac (0x01d5ad33) slt     s10, a1, t4
core   0: 3 0x800085ac (0x01d5ad33) x26 0x00000000
core   0: 0x800085b0 (0x01109993) slli    s3, ra, 17
core   0: 3 0x800085b0 (0x01109993) x19 0x00020000
core   0: 0x800085b4 (0x00825a93) srli    s5, tp, 8
core   0: 3 0x800085b4 (0x00825a93) x21 0x00000000
core   0: 0x800085b8 (0x00e92c33) slt     s8, s2, a4
core   0: 3 0x800085b8 (0x00e92c33) x24 0x00000000
core   0: 0x800085bc (0x40ae8db3) sub     s11, t4, a0
core   0: 3 0x800085bc (0x40ae8db3) x27 0x800119e0
core   0: 0x800085c0 (0x01d37d33) and     s10, t1, t4
core   0: 3 0x800085c0 (0x01d37d33) x26 0x00010420
core   0: 0x800085c4 (0x00abafb3) slt     t6, s7, a0
core   0: 3 0x800085c4 (0x00abafb3) x31 0x00000001
core   0: 0x800085c8 (0x002b2e33) slt     t3, s6, sp
core   0: 3 0x800085c8 (0x002b2e33) x28 0x00000001
core   0: 0x800085cc (0x41e35f93) srai    t6, t1, 30
core   0: 3 0x800085cc (0x41e35f93) x31 0x00000001
core   0: 0x800085d0 (0x85255237) lui     tp, 0x85255
core   0: 3 0x800085d0 (0x85255237) x 4 0x85255000
core   0: 0x800085d4 (0x00481ab3) sll     s5, a6, tp
core   0: 3 0x800085d4 (0x00481ab3) x21 0xd9f4b570
core   0: 0x800085d8 (0x00000013) nop
core   0: 3 0x800085d8 (0x00000013)
core   0: 0x800085dc (0x4b8892b7) lui     t0, 0x4b889
core   0: 3 0x800085dc (0x4b8892b7) x 5 0x4b889000
core   0: 0x800085e0 (0x46644093) xori    ra, s0, 1126
core   0: 3 0x800085e0 (0x46644093) x 1 0x5ed8278a
core   0: 0x800085e4 (0x00886e33) or      t3, a6, s0
core   0: 3 0x800085e4 (0x00886e33) x28 0xdffcb7fc
core   0: 0x800085e8 (0x138f8f93) addi    t6, t6, 312
core   0: 3 0x800085e8 (0x138f8f93) x31 0x00000139
core   0: 0x800085ec (0xc822bb93) sltiu   s7, t0, -894
core   0: 3 0x800085ec (0xc822bb93) x23 0x00000001
core   0: 0x800085f0 (0x01c205b3) add     a1, tp, t3
core   0: 3 0x800085f0 (0x01c205b3) x11 0x652207fc
core   0: 0x800085f4 (0x66353693) sltiu   a3, a0, 1635
core   0: 3 0x800085f4 (0x66353693) x13 0x00000001
core   0: 0x800085f8 (0x0076bdb3) sltu    s11, a3, t2
core   0: 3 0x800085f8 (0x0076bdb3) x27 0x00000000
core   0: 0x800085fc (0x00feb133) sltu    sp, t4, a5
core   0: 3 0x800085fc (0x00feb133) x 2 0x00000000
core   0: 0x80008600 (0x95c2c913) xori    s2, t0, -1700
core   0: 3 0x80008600 (0x95c2c913) x18 0xb477695c
core   0: 0x80008604 (0x00000013) nop
core   0: 3 0x80008604 (0x00000013)
core   0: 0x80008608 (0x006b7433) and     s0, s6, t1
core   0: 3 0x80008608 (0x006b7433) x 8 0x49cf25a0
core   0: 0x8000860c (0x86220497) auipc   s1, 0x86220
core   0: 3 0x8000860c (0x86220497) x 9 0x0622860c
core   0: 0x80008610 (0x41175613) srai    a2, a4, 17
core   0: 3 0x80008610 (0x41175613) x12 0xffffc000
core   0: 0x80008614 (0x00df9313) slli    t1, t6, 13
core   0: 3 0x80008614 (0x00df9313) x 6 0x00272000
core   0: 0x80008618 (0x01a3dfb3) srl     t6, t2, s10
core   0: 3 0x80008618 (0x01a3dfb3) x31 0x00000000
core   0: 0x8000861c (0x8e3e4f13) xori    t5, t3, -1821
core   0: 3 0x8000861c (0x8e3e4f13) x30 0x20034f1f
core   0: 0x80008620 (0x1ac2cdb7) lui     s11, 0x1ac2c
core   0: 3 0x80008620 (0x1ac2cdb7) x27 0x1ac2c000
core   0: 0x80008624 (0x007379b3) and     s3, t1, t2
core   0: 3 0x80008624 (0x007379b3) x19 0x00000000
core   0: 0x80008628 (0x01182a33) slt     s4, a6, a7
core   0: 3 0x80008628 (0x01182a33) x20 0x00000001
core   0: 0x8000862c (0x4075ddb3) sra     s11, a1, t2
core   0: 3 0x8000862c (0x4075ddb3) x27 0x652207fc
core   0: 0x80008630 (0x00a3d233) srl     tp, t2, a0
core   0: 3 0x80008630 (0x00a3d233) x 4 0x00000000
core   0: 0x80008634 (0x0068a1b3) slt     gp, a7, t1
core   0: 3 0x80008634 (0x0068a1b3) x 3 0x00000001
core   0: 0x80008638 (0x304e0f93) addi    t6, t3, 772
core   0: 3 0x80008638 (0x304e0f93) x31 0xdffcbb00
core   0: 0x8000863c (0x0194ffb3) and     t6, s1, s9
core   0: 3 0x8000863c (0x0194ffb3) x31 0x00000404
core   0: 0x80008640 (0x00c86833) or      a6, a6, a2
core   0: 3 0x80008640 (0x00c86833) x16 0xfffff570
core   0: 0x80008644 (0x0097a0b3) slt     ra, a5, s1
core   0: 3 0x80008644 (0x0097a0b3) x 1 0x00000000
core   0: 0x80008648 (0x006fc9b3) xor     s3, t6, t1
core   0: 3 0x80008648 (0x006fc9b3) x19 0x00272404
core   0: 0x8000864c (0x000310b3) sll     ra, t1, zero
core   0: 3 0x8000864c (0x000310b3) x 1 0x00272000
core   0: 0x80008650 (0x3e99a093) slti    ra, s3, 1001
core   0: 3 0x80008650 (0x3e99a093) x 1 0x00000000
core   0: 0x80008654 (0x00a6f9b3) and     s3, a3, a0
core   0: 3 0x80008654 (0x00a6f9b3) x19 0x00000000
core   0: 0x80008658 (0xa20b0893) addi    a7, s6, -1504
core   0: 3 0x80008658 (0xa20b0893) x17 0xfffff9c7
core   0: 0x8000865c (0x010d7833) and     a6, s10, a6
core   0: 3 0x8000865c (0x010d7833) x16 0x00010420
core   0: 0x80008660 (0x012b5893) srli    a7, s6, 18
core   0: 3 0x80008660 (0x012b5893) x17 0x00003fff
core   0: 0x80008664 (0x0ea06193) ori     gp, zero, 234
core   0: 3 0x80008664 (0x0ea06193) x 3 0x000000ea
core   0: 0x80008668 (0x8c3ecf13) xori    t5, t4, -1853
core   0: 3 0x80008668 (0x8c3ecf13) x30 0x7ffee6a7
core   0: 0x8000866c (0xd9703a97) auipc   s5, 0xd9703
core   0: 3 0x8000866c (0xd9703a97) x21 0x5970b66c
core   0: 0x80008670 (0x00131f33) sll     t5, t1, ra
core   0: 3 0x80008670 (0x00131f33) x30 0x00272000
core   0: 0x80008674 (0x009e52b3) srl     t0, t3, s1
core   0: 3 0x80008674 (0x009e52b3) x 5 0x000dffcb
core   0: 0x80008678 (0x00000013) nop
core   0: 3 0x80008678 (0x00000013)
core   0: 0x8000867c (0x321145b7) lui     a1, 0x32114
core   0: 3 0x8000867c (0x321145b7) x11 0x32114000
core   0: 0x80008680 (0x45158593) addi    a1, a1, 1105
core   0: 3 0x80008680 (0x45158593) x11 0x32114451
core   0: 0x80008684 (0x61fae1b7) lui     gp, 0x61fae
core   0: 3 0x80008684 (0x61fae1b7) x 3 0x61fae000
core   0: 0x80008688 (0x42f18193) addi    gp, gp, 1071
core   0: 3 0x80008688 (0x42f18193) x 3 0x61fae42f
core   0: 0x8000868c (0x80000837) lui     a6, 0x80000
core   0: 3 0x8000868c (0x80000837) x16 0x80000000
core   0: 0x80008690 (0x80000537) lui     a0, 0x80000
core   0: 3 0x80008690 (0x80000537) x10 0x80000000
core   0: 0x80008694 (0x00000413) li      s0, 0
core   0: 3 0x80008694 (0x00000413) x 8 0x00000000
core   0: 0x80008698 (0xfff00e13) li      t3, -1
core   0: 3 0x80008698 (0xfff00e13) x28 0xffffffff
core   0: 0x8000869c (0x00000a93) li      s5, 0
core   0: 3 0x8000869c (0x00000a93) x21 0x00000000
core   0: 0x800086a0 (0x041600b7) lui     ra, 0x4160
core   0: 3 0x800086a0 (0x041600b7) x 1 0x04160000
core   0: 0x800086a4 (0xf3208093) addi    ra, ra, -206
core   0: 3 0x800086a4 (0xf3208093) x 1 0x0415ff32
core   0: 0x800086a8 (0x00000b93) li      s7, 0
core   0: 3 0x800086a8 (0x00000b93) x23 0x00000000
core   0: 0x800086ac (0x00000493) li      s1, 0
core   0: 3 0x800086ac (0x00000493) x 9 0x00000000
core   0: 0x800086b0 (0xd5a6fe37) lui     t3, 0xd5a6f
core   0: 3 0x800086b0 (0xd5a6fe37) x28 0xd5a6f000
core   0: 0x800086b4 (0xdef82ab7) lui     s5, 0xdef82
core   0: 3 0x800086b4 (0xdef82ab7) x21 0xdef82000
core   0: 0x800086b8 (0x2bf50413) addi    s0, a0, 703
core   0: 3 0x800086b8 (0x2bf50413) x 8 0x800002bf
core   0: 0x800086bc (0x01c08e33) add     t3, ra, t3
core   0: 3 0x800086bc (0x01c08e33) x28 0xd9bcef32
core   0: 0x800086c0 (0x466b8813) addi    a6, s7, 1126
core   0: 3 0x800086c0 (0x466b8813) x16 0x00000466
core   0: 0x800086c4 (0x015e0833) add     a6, t3, s5
core   0: 3 0x800086c4 (0x015e0833) x16 0xb8b50f32
core   0: 0x800086c8 (0x015484b3) add     s1, s1, s5
core   0: 3 0x800086c8 (0x015484b3) x 9 0xdef82000
core   0: 0x800086cc (0x409a8533) sub     a0, s5, s1
core   0: 3 0x800086cc (0x409a8533) x10 0x00000000
core   0: 0x800086d0 (0x01580ab3) add     s5, a6, s5
core   0: 3 0x800086d0 (0x01580ab3) x21 0x97ad2f32
core   0: 0x800086d4 (0x001184b3) add     s1, gp, ra
core   0: 3 0x800086d4 (0x001184b3) x 9 0x6610e361
core   0: 0x800086d8 (0x546ecb97) auipc   s7, 0x546ec
core   0: 3 0x800086d8 (0x546ecb97) x23 0xd46f46d8
core   0: 0x800086dc (0x46dab517) auipc   a0, 0x46dab
core   0: 3 0x800086dc (0x46dab517) x10 0xc6db36dc
core   0: 0x800086e0 (0x00000013) nop
core   0: 3 0x800086e0 (0x00000013)
core   0: 0x800086e4 (0x00000013) nop
core   0: 3 0x800086e4 (0x00000013)
core   0: 0x800086e8 (0x017581b3) add     gp, a1, s7
core   0: 3 0x800086e8 (0x017581b3) x 3 0x06808b29
core   0: 0x800086ec (0xe90e0a93) addi    s5, t3, -368
core   0: 3 0x800086ec (0xe90e0a93) x21 0xd9bcedc2
core   0: 0x800086f0 (0xe9eb5a97) auipc   s5, 0xe9eb5
core   0: 3 0x800086f0 (0xe9eb5a97) x21 0x69ebd6f0
core   0: 0x800086f4 (0x415b81b3) sub     gp, s7, s5
core   0: 3 0x800086f4 (0x415b81b3) x 3 0x6a836fe8
core   0: 0x800086f8 (0x42150513) addi    a0, a0, 1057
core   0: 3 0x800086f8 (0x42150513) x10 0xc6db3afd
core   0: 0x800086fc (0x3bad5837) lui     a6, 0x3bad5
core   0: 3 0x800086fc (0x3bad5837) x16 0x3bad5000
core   0: 0x80008700 (0x00000013) nop
core   0: 3 0x80008700 (0x00000013)
core   0: 0x80008704 (0x41268233) sub     tp, a3, s2
core   0: 3 0x80008704 (0x41268233) x 4 0x4b8896a5
core   0: 0x80008708 (0x004a9f13) slli    t5, s5, 4
core   0: 3 0x80008708 (0x004a9f13) x30 0x9ebd6f00
core   0: 0x8000870c (0xfe9f6513) ori     a0, t5, -23
core   0: 3 0x8000870c (0xfe9f6513) x10 0xffffffe9
core   0: 0x80008710 (0x01665ab3) srl     s5, a2, s6
core   0: 3 0x80008710 (0x01665ab3) x21 0x01ffff80
core   0: 0x80008714 (0x809f8a37) lui     s4, 0x809f8
core   0: 3 0x80008714 (0x809f8a37) x20 0x809f8000
core   0: 0x80008718 (0x004f4ab3) xor     s5, t5, tp
core   0: 3 0x80008718 (0x004f4ab3) x21 0xd535f9a5
core   0: 0x8000871c (0x70b3b493) sltiu   s1, t2, 1803
core   0: 3 0x8000871c (0x70b3b493) x 9 0x00000001
core   0: 0x80008720 (0x01aa74b3) and     s1, s4, s10
core   0: 3 0x80008720 (0x01aa74b3) x 9 0x00010000
core   0: 0x80008724 (0x003a3933) sltu    s2, s4, gp
core   0: 3 0x80008724 (0x003a3933) x18 0x00000000
core   0: 0x80008728 (0x39586393) ori     t2, a6, 917
core   0: 3 0x80008728 (0x39586393) x 7 0x3bad5395
core   0: 0x8000872c (0x00e11f13) slli    t5, sp, 14
core   0: 3 0x8000872c (0x00e11f13) x30 0x00000000
core   0: 0x80008730 (0xd3da0093) addi    ra, s4, -707
core   0: 3 0x80008730 (0xd3da0093) x 1 0x809f7d3d
core   0: 0x80008734 (0x01d59c13) slli    s8, a1, 29
core   0: 3 0x80008734 (0x01d59c13) x24 0x20000000
core   0: 0x80008738 (0x00325313) srli    t1, tp, 3
core   0: 3 0x80008738 (0x00325313) x 6 0x097112d4
core   0: 0x8000873c (0x01d1b633) sltu    a2, gp, t4
core   0: 3 0x8000873c (0x01d1b633) x12 0x00000001
core   0: 0x80008740 (0x01805193) srli    gp, zero, 24
core   0: 3 0x80008740 (0x01805193) x 3 0x00000000
core   0: 0x80008744 (0x41340b33) sub     s6, s0, s3
core   0: 3 0x80008744 (0x41340b33) x22 0x800002bf
core   0: 0x80008748 (0x8b1d4b93) xori    s7, s10, -1871
core   0: 3 0x80008748 (0x8b1d4b93) x23 0xfffefc91
core   0: 0x8000874c (0x0168b933) sltu    s2, a7, s6
core   0: 3 0x8000874c (0x0168b933) x18 0x00000001
core   0: 0x80008750 (0x005e4333) xor     t1, t3, t0
core   0: 3 0x80008750 (0x005e4333) x 6 0xd9b110f9
core   0: 0x80008754 (0x628bf413) andi    s0, s7, 1576
core   0: 3 0x80008754 (0x628bf413) x 8 0x00000400
core   0: 0x80008758 (0x4d0d3493) sltiu   s1, s10, 1232
core   0: 3 0x80008758 (0x4d0d3493) x 9 0x00000000
core   0: 0x8000875c (0x01f81a13) slli    s4, a6, 31
core   0: 3 0x8000875c (0x01f81a13) x20 0x00000000
core   0: 0x80008760 (0xd7f3ba13) sltiu   s4, t2, -641
core   0: 3 0x80008760 (0xd7f3ba13) x20 0x00000001
core   0: 0x80008764 (0x982ea813) slti    a6, t4, -1662
core   0: 3 0x80008764 (0x982ea813) x16 0x00000001
core   0: 0x80008768 (0x00f45193) srli    gp, s0, 15
core   0: 3 0x80008768 (0x00f45193) x 3 0x00000000
core   0: 0x8000876c (0x00145c13) srli    s8, s0, 1
core   0: 3 0x8000876c (0x00145c13) x24 0x00000200
core   0: 0x80008770 (0x017e4ab3) xor     s5, t3, s7
core   0: 3 0x80008770 (0x017e4ab3) x21 0x264213a3
core   0: 0x80008774 (0xfff00b13) li      s6, -1
core   0: 3 0x80008774 (0xfff00b13) x22 0xffffffff
core   0: 0x80008778 (0x00000393) li      t2, 0
core   0: 3 0x80008778 (0x00000393) x 7 0x00000000
core   0: 0x8000877c (0x80000637) lui     a2, 0x80000
core   0: 3 0x8000877c (0x80000637) x12 0x80000000
core   0: 0x80008780 (0x800007b7) lui     a5, 0x80000
core   0: 3 0x80008780 (0x800007b7) x15 0x80000000
core   0: 0x80008784 (0x00000293) li      t0, 0
core   0: 3 0x80008784 (0x00000293) x 5 0x00000000
core   0: 0x80008788 (0xe24c1a37) lui     s4, 0xe24c1
core   0: 3 0x80008788 (0xe24c1a37) x20 0xe24c1000
core   0: 0x8000878c (0x832a0a13) addi    s4, s4, -1998
core   0: 3 0x8000878c (0x832a0a13) x20 0xe24c0832
core   0: 0x80008790 (0x00000493) li      s1, 0
core   0: 3 0x80008790 (0x00000493) x 9 0x00000000
core   0: 0x80008794 (0xfff00c13) li      s8, -1
core   0: 3 0x80008794 (0xfff00c13) x24 0xffffffff
core   0: 0x80008798 (0x00000d13) li      s10, 0
core   0: 3 0x80008798 (0x00000d13) x26 0x00000000
core   0: 0x8000879c (0x0a4d7437) lui     s0, 0xa4d7
core   0: 3 0x8000879c (0x0a4d7437) x 8 0x0a4d7000
core   0: 0x800087a0 (0x4cb40413) addi    s0, s0, 1227
core   0: 3 0x800087a0 (0x4cb40413) x 8 0x0a4d74cb
core   0: 0x800087a4 (0x405c0b33) sub     s6, s8, t0
core   0: 3 0x800087a4 (0x405c0b33) x22 0xffffffff
core   0: 0x800087a8 (0x40848633) sub     a2, s1, s0
core   0: 3 0x800087a8 (0x40848633) x12 0xf5b28b35
core   0: 0x800087ac (0x515a0c13) addi    s8, s4, 1301
core   0: 3 0x800087ac (0x515a0c13) x24 0xe24c0d47
core   0: 0x800087b0 (0x40bee437) lui     s0, 0x40bee
core   0: 3 0x800087b0 (0x40bee437) x 8 0x40bee000
core   0: 0x800087b4 (0x00000013) nop
core   0: 3 0x800087b4 (0x00000013)
core   0: 0x800087b8 (0xc9a28d13) addi    s10, t0, -870
core   0: 3 0x800087b8 (0xc9a28d13) x26 0xfffffc9a
core   0: 0x800087bc (0x408787b3) sub     a5, a5, s0
core   0: 3 0x800087bc (0x408787b3) x15 0x3f412000
core   0: 0x800087c0 (0x01ac02b3) add     t0, s8, s10
core   0: 3 0x800087c0 (0x01ac02b3) x 5 0xe24c09e1
core   0: 0x800087c4 (0x00c48a33) add     s4, s1, a2
core   0: 3 0x800087c4 (0x00c48a33) x20 0xf5b28b35
core   0: 0x800087c8 (0x40948b33) sub     s6, s1, s1
core   0: 3 0x800087c8 (0x40948b33) x22 0x00000000
core   0: 0x800087cc (0x00000013) nop
core   0: 3 0x800087cc (0x00000013)
core   0: 0x800087d0 (0x0f57c397) auipc   t2, 0xf57c
core   0: 3 0x800087d0 (0x0f57c397) x 7 0x8f5847d0
core   0: 0x800087d4 (0x40ca0a33) sub     s4, s4, a2
core   0: 3 0x800087d4 (0x40ca0a33) x20 0x00000000
core   0: 0x800087d8 (0x00000013) nop
core   0: 3 0x800087d8 (0x00000013)
core   0: 0x800087dc (0x111b23b7) lui     t2, 0x111b2
core   0: 3 0x800087dc (0x111b23b7) x 7 0x111b2000
core   0: 0x800087e0 (0x95fc7d37) lui     s10, 0x95fc7
core   0: 3 0x800087e0 (0x95fc7d37) x26 0x95fc7000
core   0: 0x800087e4 (0xf60c0a13) addi    s4, s8, -160
core   0: 3 0x800087e4 (0xf60c0a13) x20 0xe24c0ca7
core   0: 0x800087e8 (0xbbb70393) addi    t2, a4, -1093
core   0: 3 0x800087e8 (0xbbb70393) x 7 0x7ffffbbb
core   0: 0x800087ec (0x35ed0113) addi    sp, s10, 862
core   0: 3 0x800087ec (0x35ed0113) x 2 0x95fc735e
core   0: 0x800087f0 (0x41c357b3) sra     a5, t1, t3
core   0: 3 0x800087f0 (0x41c357b3) x15 0xfffff66c
core   0: 0x800087f4 (0x010fdc13) srli    s8, t6, 16
core   0: 3 0x800087f4 (0x010fdc13) x24 0x00000000
core   0: 0x800087f8 (0x004edfb3) srl     t6, t4, tp
core   0: 3 0x800087f8 (0x004edfb3) x31 0x040008f3
core   0: 0x800087fc (0x0006d813) srli    a6, a3, 0
core   0: 3 0x800087fc (0x0006d813) x16 0x00000001
core   0: 0x80008800 (0x00205013) srli    zero, zero, 2
core   0: 3 0x80008800 (0x00205013)
core   0: 0x80008804 (0x0151a033) slt     zero, gp, s5
core   0: 3 0x80008804 (0x0151a033)
core   0: 0x80008808 (0x40f7d933) sra     s2, a5, a5
core   0: 3 0x80008808 (0x40f7d933) x18 0xffffffff
core   0: 0x8000880c (0xc6518213) addi    tp, gp, -923
core   0: 3 0x8000880c (0xc6518213) x 4 0xfffffc65
core   0: 0x80008810 (0x404ed393) srai    t2, t4, 4
core   0: 3 0x80008810 (0x404ed393) x 7 0xf80011e6
core   0: 0x80008814 (0x40460c33) sub     s8, a2, tp
core   0: 3 0x80008814 (0x40460c33) x24 0xf5b28ed0
core   0: 0x80008818 (0x00072e33) slt     t3, a4, zero
core   0: 3 0x80008818 (0x00072e33) x28 0x00000001
core   0: 0x8000881c (0x01975c13) srli    s8, a4, 25
core   0: 3 0x8000881c (0x01975c13) x24 0x00000040
core   0: 0x80008820 (0x0185d333) srl     t1, a1, s8
core   0: 3 0x80008820 (0x0185d333) x 6 0x32114451
core   0: 0x80008824 (0xe4657413) andi    s0, a0, -442
core   0: 3 0x80008824 (0xe4657413) x 8 0xfffffe40
core   0: 0x80008828 (0x15072217) auipc   tp, 0x15072
core   0: 3 0x80008828 (0x15072217) x 4 0x9507a828
core   0: 0x8000882c (0x00000013) nop
core   0: 3 0x8000882c (0x00000013)
core   0: 0x80008830 (0x00b946b3) xor     a3, s2, a1
core   0: 3 0x80008830 (0x00b946b3) x13 0xcdeebbae
core   0: 0x80008834 (0x00000013) nop
core   0: 3 0x80008834 (0x00000013)
core   0: 0x80008838 (0x00000013) nop
core   0: 3 0x80008838 (0x00000013)
core   0: 0x8000883c (0x00ff5093) srli    ra, t5, 15
core   0: 3 0x8000883c (0x00ff5093) x 1 0x00000000
core   0: 0x80008840 (0x5289f493) andi    s1, s3, 1320
core   0: 3 0x80008840 (0x5289f493) x 9 0x00000000
core   0: 0x80008844 (0x00b96db3) or      s11, s2, a1
core   0: 3 0x80008844 (0x00b96db3) x27 0xffffffff
core   0: 0x80008848 (0x40340a33) sub     s4, s0, gp
core   0: 3 0x80008848 (0x40340a33) x20 0xfffffe40
core   0: 0x8000884c (0x297c8893) addi    a7, s9, 663
core   0: 3 0x8000884c (0x297c8893) x17 0x80015f7b
core   0: 0x80008850 (0xa3abcc13) xori    s8, s7, -1478
core   0: 3 0x80008850 (0xa3abcc13) x24 0x000106ab
core   0: 0x80008854 (0x93734093) xori    ra, t1, -1737
core   0: 3 0x80008854 (0x93734093) x 1 0xcdeebd66
core   0: 0x80008858 (0xa0b12113) slti    sp, sp, -1525
core   0: 3 0x80008858 (0xa0b12113) x 2 0x00000001
core   0: 0x8000885c (0x00f0ce33) xor     t3, ra, a5
core   0: 3 0x8000885c (0x00f0ce33) x28 0x32114b0a
core   0: 0x80008860 (0x002bff33) and     t5, s7, sp
core   0: 3 0x80008860 (0x002bff33) x30 0x00000001
core   0: 0x80008864 (0x01f57533) and     a0, a0, t6
core   0: 3 0x80008864 (0x01f57533) x10 0x040008e1
core   0: 0x80008868 (0x40a581b3) sub     gp, a1, a0
core   0: 3 0x80008868 (0x40a581b3) x 3 0x2e113b70
core   0: 0x8000886c (0x028e7797) auipc   a5, 0x28e7
core   0: 3 0x8000886c (0x028e7797) x15 0x828ef86c
core   0: 0x80008870 (0x009b96b3) sll     a3, s7, s1
core   0: 3 0x80008870 (0x009b96b3) x13 0xfffefc91
core   0: 0x80008874 (0x007a8ab3) add     s5, s5, t2
core   0: 3 0x80008874 (0x007a8ab3) x21 0x1e422589
core   0: 0x80008878 (0x00000013) nop
core   0: 3 0x80008878 (0x00000013)
core   0: 0x8000887c (0xec1ab013) sltiu   zero, s5, -319
core   0: 3 0x8000887c (0xec1ab013)
core   0: 0x80008880 (0x00177a33) and     s4, a4, ra
core   0: 3 0x80008880 (0x00177a33) x20 0x80000000
core   0: 0x80008884 (0x407b5433) sra     s0, s6, t2
core   0: 3 0x80008884 (0x407b5433) x 8 0x00000000
core   0: 0x80008888 (0x00000013) nop
core   0: 3 0x80008888 (0x00000013)
core   0: 0x8000888c (0x01255213) srli    tp, a0, 18
core   0: 3 0x8000888c (0x01255213) x 4 0x00000100
core   0: 0x80008890 (0x282c0213) addi    tp, s8, 642
core   0: 3 0x80008890 (0x282c0213) x 4 0x0001092d
core   0: 0x80008894 (0xdff90293) addi    t0, s2, -513
core   0: 3 0x80008894 (0xdff90293) x 5 0xfffffdfe
core   0: 0x80008898 (0x1701e2b7) lui     t0, 0x1701e
core   0: 3 0x80008898 (0x1701e2b7) x 5 0x1701e000
core   0: 0x8000889c (0x01001a13) slli    s4, zero, 16
core   0: 3 0x8000889c (0x01001a13) x20 0x00000000
core   0: 0x800088a0 (0x00d18bb3) add     s7, gp, a3
core   0: 3 0x800088a0 (0x00d18bb3) x23 0x2e103801
core   0: 0x800088a4 (0x33d32b13) slti    s6, t1, 829
core   0: 3 0x800088a4 (0x33d32b13) x22 0x00000000
core   0: 0x800088a8 (0x40ab8833) sub     a6, s7, a0
core   0: 3 0x800088a8 (0x40ab8833) x16 0x2a102f20
core   0: 0x800088ac (0x408f0533) sub     a0, t5, s0
core   0: 3 0x800088ac (0x408f0533) x10 0x00000001
core   0: 0x800088b0 (0x00715e13) srli    t3, sp, 7
core   0: 3 0x800088b0 (0x00715e13) x28 0x00000000
core   0: 0x800088b4 (0x002bda33) srl     s4, s7, sp
core   0: 3 0x800088b4 (0x002bda33) x20 0x17081c00
core   0: 0x800088b8 (0x13e83297) auipc   t0, 0x13e83
core   0: 3 0x800088b8 (0x13e83297) x 5 0x93e8b8b8
core   0: 0x800088bc (0x00c6de13) srli    t3, a3, 12
core   0: 3 0x800088bc (0x00c6de13) x28 0x000fffef
core   0: 0x800088c0 (0xd489fb93) andi    s7, s3, -696
core   0: 3 0x800088c0 (0xd489fb93) x23 0x00000000
core   0: 0x800088c4 (0x41f6d2b3) sra     t0, a3, t6
core   0: 3 0x800088c4 (0x41f6d2b3) x 5 0xffffffff
core   0: 0x800088c8 (0x012617b3) sll     a5, a2, s2
core   0: 3 0x800088c8 (0x012617b3) x15 0x80000000
core   0: 0x800088cc (0x287d3b93) sltiu   s7, s10, 647
core   0: 3 0x800088cc (0x287d3b93) x23 0x00000000
core   0: 0x800088d0 (0xcba98293) addi    t0, s3, -838
core   0: 3 0x800088d0 (0xcba98293) x 5 0xfffffcba
core   0: 0x800088d4 (0x01fada13) srli    s4, s5, 31
core   0: 3 0x800088d4 (0x01fada13) x20 0x00000000
core   0: 0x800088d8 (0x41f95793) srai    a5, s2, 31
core   0: 3 0x800088d8 (0x41f95793) x15 0xffffffff
core   0: 0x800088dc (0x01de1f33) sll     t5, t3, t4
core   0: 3 0x800088dc (0x01de1f33) x30 0x00fffef0
core   0: 0x800088e0 (0x01fad4b3) srl     s1, s5, t6
core   0: 3 0x800088e0 (0x01fad4b3) x 9 0x000003c8
core   0: 0x800088e4 (0x00412a33) slt     s4, sp, tp
core   0: 3 0x800088e4 (0x00412a33) x20 0x00000001
core   0: 0x800088e8 (0x40885333) sra     t1, a6, s0
core   0: 3 0x800088e8 (0x40885333) x 6 0x2a102f20
core   0: 0x800088ec (0x01f21fb3) sll     t6, tp, t6
core   0: 3 0x800088ec (0x01f21fb3) x31 0x49680000
core   0: 0x800088f0 (0x1acb3c13) sltiu   s8, s6, 428
core   0: 3 0x800088f0 (0x1acb3c13) x24 0x00000001
core   0: 0x800088f4 (0x4225f217) auipc   tp, 0x4225f
core   0: 3 0x800088f4 (0x4225f217) x 4 0xc22678f4
core   0: 0x800088f8 (0x016e2133) slt     sp, t3, s6
core   0: 3 0x800088f8 (0x016e2133) x 2 0x00000000
core   0: 0x800088fc (0x0052d113) srli    sp, t0, 5
core   0: 3 0x800088fc (0x0052d113) x 2 0x07ffffe5
core   0: 0x80008900 (0xe9b43c17) auipc   s8, 0xe9b43
core   0: 3 0x80008900 (0xe9b43c17) x24 0x69b4b900
core   0: 0x80008904 (0x01cfaab3) slt     s5, t6, t3
core   0: 3 0x80008904 (0x01cfaab3) x21 0x00000000
core   0: 0x80008908 (0xdae07793) andi    a5, zero, -594
core   0: 3 0x80008908 (0xdae07793) x15 0x00000000
core   0: 0x8000890c (0x00780233) add     tp, a6, t2
core   0: 3 0x8000890c (0x00780233) x 4 0x22104106
core   0: 0x80008910 (0x7fe08093) addi    ra, ra, 2046
core   0: 3 0x80008910 (0x7fe08093) x 1 0xcdeec564
core   0: 0x80008914 (0xaaa2a993) slti    s3, t0, -1366
core   0: 3 0x80008914 (0xaaa2a993) x19 0x00000000
core   0: 0x80008918 (0xe9c37a13) andi    s4, t1, -356
core   0: 3 0x80008918 (0xe9c37a13) x20 0x2a102e00
core   0: 0x8000891c (0x194c6337) lui     t1, 0x194c6
core   0: 3 0x8000891c (0x194c6337) x 6 0x194c6000
core   0: 0x80008920 (0x012bd193) srli    gp, s7, 18
core   0: 3 0x80008920 (0x012bd193) x 3 0x00000000
core   0: 0x80008924 (0x0a30eb97) auipc   s7, 0xa30e
core   0: 3 0x80008924 (0x0a30eb97) x23 0x8a316924
core   0: 0x80008928 (0x0786c6b7) lui     a3, 0x786c
core   0: 3 0x80008928 (0x0786c6b7) x13 0x0786c000
core   0: 0x8000892c (0x01958db3) add     s11, a1, s9
core   0: 3 0x8000892c (0x01958db3) x27 0xb212a135
core   0: 0x80008930 (0xbac77297) auipc   t0, 0xbac77
core   0: 3 0x80008930 (0xbac77297) x 5 0x3ac7f930
core   0: 0x80008934 (0x23743d93) sltiu   s11, s0, 567
core   0: 3 0x80008934 (0x23743d93) x27 0x00000001
core   0: 0x80008938 (0x00cd2db3) slt     s11, s10, a2
core   0: 3 0x80008938 (0x00cd2db3) x27 0x00000001
core   0: 0x8000893c (0x38ccf213) andi    tp, s9, 908
core   0: 3 0x8000893c (0x38ccf213) x 4 0x00000084
core   0: 0x80008940 (0xf7fa7313) andi    t1, s4, -129
core   0: 3 0x80008940 (0xf7fa7313) x 6 0x2a102e00
core   0: 0x80008944 (0x418904b7) lui     s1, 0x41890
core   0: 3 0x80008944 (0x418904b7) x 9 0x41890000
core   0: 0x80008948 (0x00fa80b3) add     ra, s5, a5
core   0: 3 0x80008948 (0x00fa80b3) x 1 0x00000000
core   0: 0x8000894c (0x9f496413) ori     s0, s2, -1548
core   0: 3 0x8000894c (0x9f496413) x 8 0xffffffff
core   0: 0x80008950 (0x0070fe33) and     t3, ra, t2
core   0: 3 0x80008950 (0x0070fe33) x28 0x00000000
core   0: 0x80008954 (0x01c63e33) sltu    t3, a2, t3
core   0: 3 0x80008954 (0x01c63e33) x28 0x00000000
core   0: 0x80008958 (0x0100b633) sltu    a2, ra, a6
core   0: 3 0x80008958 (0x0100b633) x12 0x00000001
core   0: 0x8000895c (0xdcbe3813) sltiu   a6, t3, -565
core   0: 3 0x8000895c (0xdcbe3813) x16 0x00000001
core   0: 0x80008960 (0x00525813) srli    a6, tp, 5
core   0: 3 0x80008960 (0x00525813) x16 0x00000004
core   0: 0x80008964 (0x01903db3) snez    s11, s9
core   0: 3 0x80008964 (0x01903db3) x27 0x00000001
core   0: 0x80008968 (0x00509893) slli    a7, ra, 5
core   0: 3 0x80008968 (0x00509893) x17 0x00000000
core   0: 0x8000896c (0x41d55593) srai    a1, a0, 29
core   0: 3 0x8000896c (0x41d55593) x11 0x00000000
core   0: 0x80008970 (0x01c9ea33) or      s4, s3, t3
core   0: 3 0x80008970 (0x01c9ea33) x20 0x00000000
core   0: 0x80008974 (0x014e5ab3) srl     s5, t3, s4
core   0: 3 0x80008974 (0x014e5ab3) x21 0x00000000
core   0: 0x80008978 (0xb55c4813) xori    a6, s8, -1195
core   0: 3 0x80008978 (0xb55c4813) x16 0x964b4255
core   0: 0x8000897c (0x1596f393) andi    t2, a3, 345
core   0: 3 0x8000897c (0x1596f393) x 7 0x00000000
core   0: 0x80008980 (0x40ba5b13) srai    s6, s4, 11
core   0: 3 0x80008980 (0x40ba5b13) x22 0x00000000
core   0: 0x80008984 (0xe523b193) sltiu   gp, t2, -430
core   0: 3 0x80008984 (0xe523b193) x 3 0x00000001
core   0: 0x80008988 (0x40f1d313) srai    t1, gp, 15
core   0: 3 0x80008988 (0x40f1d313) x 6 0x00000000
core   0: 0x8000898c (0x01a1f933) and     s2, gp, s10
core   0: 3 0x8000898c (0x01a1f933) x18 0x00000000
core   0: 0x80008990 (0x0039e933) or      s2, s3, gp
core   0: 3 0x80008990 (0x0039e933) x18 0x00000001
core   0: 0x80008994 (0x4008d3b3) sra     t2, a7, zero
core   0: 3 0x80008994 (0x4008d3b3) x 7 0x00000000
core   0: 0x80008998 (0x2e7ce293) ori     t0, s9, 743
core   0: 3 0x80008998 (0x2e7ce293) x 5 0x80015ee7
core   0: 0x8000899c (0x00000013) nop
core   0: 3 0x8000899c (0x00000013)
core   0: 0x800089a0 (0x00027933) and     s2, tp, zero
core   0: 3 0x800089a0 (0x00027933) x18 0x00000000
core   0: 0x800089a4 (0x010a1513) slli    a0, s4, 16
core   0: 3 0x800089a4 (0x010a1513) x10 0x00000000
core   0: 0x800089a8 (0x415fd493) srai    s1, t6, 21
core   0: 3 0x800089a8 (0x415fd493) x 9 0x0000024b
core   0: 0x800089ac (0x9317b613) sltiu   a2, a5, -1743
core   0: 3 0x800089ac (0x9317b613) x12 0x00000001
core   0: 0x800089b0 (0x2e01eb37) lui     s6, 0x2e01e
core   0: 3 0x800089b0 (0x2e01eb37) x22 0x2e01e000
core   0: 0x800089b4 (0x4133db33) sra     s6, t2, s3
core   0: 3 0x800089b4 (0x4133db33) x22 0x00000000
core   0: 0x800089b8 (0x01a8d033) srl     zero, a7, s10
core   0: 3 0x800089b8 (0x01a8d033)
core   0: 0x800089bc (0xbf308fb7) lui     t6, 0xbf308
core   0: 3 0x800089bc (0xbf308fb7) x31 0xbf308000
core   0: 0x800089c0 (0xe87d9e17) auipc   t3, 0xe87d9
core   0: 3 0x800089c0 (0xe87d9e17) x28 0x687e19c0
core   0: 0x800089c4 (0x01e65993) srli    s3, a2, 30
core   0: 3 0x800089c4 (0x01e65993) x19 0x00000000
core   0: 0x800089c8 (0x00c35313) srli    t1, t1, 12
core   0: 3 0x800089c8 (0x00c35313) x 6 0x00000000
core   0: 0x800089cc (0xcfdac013) xori    zero, s5, -771
core   0: 3 0x800089cc (0xcfdac013)
core   0: 0x800089d0 (0xd92e8c13) addi    s8, t4, -622
core   0: 3 0x800089d0 (0xd92e8c13) x24 0x80011bf6
core   0: 0x800089d4 (0x40a55c33) sra     s8, a0, a0
core   0: 3 0x800089d4 (0x40a55c33) x24 0x00000000
core   0: 0x800089d8 (0x40825b93) srai    s7, tp, 8
core   0: 3 0x800089d8 (0x40825b93) x23 0x00000000
core   0: 0x800089dc (0x415e58b3) sra     a7, t3, s5
core   0: 3 0x800089dc (0x415e58b3) x17 0x687e19c0
core   0: 0x800089e0 (0x41aa8533) sub     a0, s5, s10
core   0: 3 0x800089e0 (0x41aa8533) x10 0x6a039000
core   0: 0x800089e4 (0x003a05b3) add     a1, s4, gp
core   0: 3 0x800089e4 (0x003a05b3) x11 0x00000001
core   0: 0x800089e8 (0x19b57d13) andi    s10, a0, 411
core   0: 3 0x800089e8 (0x19b57d13) x26 0x00000000
core   0: 0x800089ec (0x00000013) nop
core   0: 3 0x800089ec (0x00000013)
core   0: 0x800089f0 (0x00000013) nop
core   0: 3 0x800089f0 (0x00000013)
core   0: 0x800089f4 (0x341b7c17) auipc   s8, 0x341b7
core   0: 3 0x800089f4 (0x341b7c17) x24 0xb41bf9f4
core   0: 0x800089f8 (0x01bf8333) add     t1, t6, s11
core   0: 3 0x800089f8 (0x01bf8333) x 6 0xbf308001
core   0: 0x800089fc (0x0104dd93) srli    s11, s1, 16
core   0: 3 0x800089fc (0x0104dd93) x27 0x00000000
core   0: 0x80008a00 (0xcb2bb117) auipc   sp, 0xcb2bb
core   0: 3 0x80008a00 (0xcb2bb117) x 2 0x4b2c3a00
core   0: 0x80008a04 (0x00e1a7b3) slt     a5, gp, a4
core   0: 3 0x80008a04 (0x00e1a7b3) x15 0x00000000
core   0: 0x80008a08 (0x90f08313) addi    t1, ra, -1777
core   0: 3 0x80008a08 (0x90f08313) x 6 0xfffff90f
core   0: 0x80008a0c (0x00929f33) sll     t5, t0, s1
core   0: 3 0x80008a0c (0x00929f33) x30 0x0af73800
core   0: 0x80008a10 (0x4b865637) lui     a2, 0x4b865
core   0: 3 0x80008a10 (0x4b865637) x12 0x4b865000
core   0: 0x80008a14 (0x44290593) addi    a1, s2, 1090
core   0: 3 0x80008a14 (0x44290593) x11 0x00000442
core   0: 0x80008a18 (0x008f97b3) sll     a5, t6, s0
core   0: 3 0x80008a18 (0x008f97b3) x15 0x00000000
core   0: 0x80008a1c (0xebb28f13) addi    t5, t0, -325
core   0: 3 0x80008a1c (0xebb28f13) x30 0x80015da2
core   0: 0x80008a20 (0x67294813) xori    a6, s2, 1650
core   0: 3 0x80008a20 (0x67294813) x16 0x00000672
core   0: 0x80008a24 (0x006c8333) add     t1, s9, t1
core   0: 3 0x80008a24 (0x006c8333) x 6 0x800155f3
core   0: 0x80008a28 (0x000d4633) xor     a2, s10, zero
core   0: 3 0x80008a28 (0x000d4633) x12 0x00000000
core   0: 0x80008a2c (0xd4d5f593) andi    a1, a1, -691
core   0: 3 0x80008a2c (0xd4d5f593) x11 0x00000440
core   0: 0x80008a30 (0xce508097) auipc   ra, 0xce508
core   0: 3 0x80008a30 (0xce508097) x 1 0x4e510a30
core   0: 0x80008a34 (0x926e7793) andi    a5, t3, -1754
core   0: 3 0x80008a34 (0x926e7793) x15 0x687e1900
core   0: 0x80008a38 (0x017cc7b3) xor     a5, s9, s7
core   0: 3 0x80008a38 (0x017cc7b3) x15 0x80015ce4
core   0: 0x80008a3c (0x00c3a533) slt     a0, t2, a2
core   0: 3 0x80008a3c (0x00c3a533) x10 0x00000000
core   0: 0x80008a40 (0x00ff9d13) slli    s10, t6, 15
core   0: 3 0x80008a40 (0x00ff9d13) x26 0x40000000
core   0: 0x80008a44 (0x2e1f6193) ori     gp, t5, 737
core   0: 3 0x80008a44 (0x2e1f6193) x 3 0x80015fe3
core   0: 0x80008a48 (0x01c86933) or      s2, a6, t3
core   0: 3 0x80008a48 (0x01c86933) x18 0x687e1ff2
core   0: 0x80008a4c (0x9af1a1b7) lui     gp, 0x9af1a
core   0: 3 0x80008a4c (0x9af1a1b7) x 3 0x9af1a000
core   0: 0x80008a50 (0x00a3e4b3) or      s1, t2, a0
core   0: 3 0x80008a50 (0x00a3e4b3) x 9 0x00000000
core   0: 0x80008a54 (0x00dd1313) slli    t1, s10, 13
core   0: 3 0x80008a54 (0x00dd1313) x 6 0x00000000
core   0: 0x80008a58 (0x4053da33) sra     s4, t2, t0
core   0: 3 0x80008a58 (0x4053da33) x20 0x00000000
core   0: 0x80008a5c (0x6aa77613) andi    a2, a4, 1706
core   0: 3 0x80008a5c (0x6aa77613) x12 0x00000000
core   0: 0x80008a60 (0x22d2b013) sltiu   zero, t0, 557
core   0: 3 0x80008a60 (0x22d2b013)
core   0: 0x80008a64 (0x40465db3) sra     s11, a2, tp
core   0: 3 0x80008a64 (0x40465db3) x27 0x00000000
core   0: 0x80008a68 (0x506a8b93) addi    s7, s5, 1286
core   0: 3 0x80008a68 (0x506a8b93) x23 0x00000506
core   0: 0x80008a6c (0x00e75613) srli    a2, a4, 14
core   0: 3 0x80008a6c (0x00e75613) x12 0x00020000
core   0: 0x80008a70 (0x0053c9b3) xor     s3, t2, t0
core   0: 3 0x80008a70 (0x0053c9b3) x19 0x80015ee7
core   0: 0x80008a74 (0x0152f7b3) and     a5, t0, s5
core   0: 3 0x80008a74 (0x0152f7b3) x15 0x00000000
core   0: 0x80008a78 (0x0101db33) srl     s6, gp, a6
core   0: 3 0x80008a78 (0x0101db33) x22 0x000026bc
core   0: 0x80008a7c (0x0193d5b3) srl     a1, t2, s9
core   0: 3 0x80008a7c (0x0193d5b3) x11 0x00000000
core   0: 0x80008a80 (0x00b658b3) srl     a7, a2, a1
core   0: 3 0x80008a80 (0x00b658b3) x17 0x00020000
core   0: 0x80008a84 (0x01bf1d93) slli    s11, t5, 27
core   0: 3 0x80008a84 (0x01bf1d93) x27 0x10000000
core   0: 0x80008a88 (0x00191113) slli    sp, s2, 1
core   0: 3 0x80008a88 (0x00191113) x 2 0xd0fc3fe4
core   0: 0x80008a8c (0x10e43b37) lui     s6, 0x10e43
core   0: 3 0x80008a8c (0x10e43b37) x22 0x10e43000
core   0: 0x80008a90 (0x0134b433) sltu    s0, s1, s3
core   0: 3 0x80008a90 (0x0134b433) x 8 0x00000001
core   0: 0x80008a94 (0xd1b80493) addi    s1, a6, -741
core   0: 3 0x80008a94 (0xd1b80493) x 9 0x0000038d
core   0: 0x80008a98 (0x41680433) sub     s0, a6, s6
core   0: 3 0x80008a98 (0x41680433) x 8 0xef1bd672
core   0: 0x80008a9c (0xf5280213) addi    tp, a6, -174
core   0: 3 0x80008a9c (0xf5280213) x 4 0x000005c4
core   0: 0x80008aa0 (0xf1eb3d93) sltiu   s11, s6, -226
core   0: 3 0x80008aa0 (0xf1eb3d93) x27 0x00000001
core   0: 0x80008aa4 (0x415d8f33) sub     t5, s11, s5
core   0: 3 0x80008aa4 (0x415d8f33) x30 0x00000001
core   0: 0x80008aa8 (0xc84e0f13) addi    t5, t3, -892
core   0: 3 0x80008aa8 (0xc84e0f13) x30 0x687e1644
core   0: 0x80008aac (0x7fc9e613) ori     a2, s3, 2044
core   0: 3 0x80008aac (0x7fc9e613) x12 0x80015fff
core   0: 0x80008ab0 (0x00000013) nop
core   0: 3 0x80008ab0 (0x00000013)
core   0: 0x80008ab4 (0xb2828e13) addi    t3, t0, -1240
core   0: 3 0x80008ab4 (0xb2828e13) x28 0x80015a0f
core   0: 0x80008ab8 (0x019f44b3) xor     s1, t5, s9
core   0: 3 0x80008ab8 (0x019f44b3) x 9 0xe87f4aa0
core   0: 0x80008abc (0xd1143893) sltiu   a7, s0, -751
core   0: 3 0x80008abc (0xd1143893) x17 0x00000001
core   0: 0x80008ac0 (0x4113d393) srai    t2, t2, 17
core   0: 3 0x80008ac0 (0x4113d393) x 7 0x00000000
core   0: 0x80008ac4 (0x41f457b3) sra     a5, s0, t6
core   0: 3 0x80008ac4 (0x41f457b3) x15 0xef1bd672
core   0: 0x80008ac8 (0x415955b3) sra     a1, s2, s5
core   0: 3 0x80008ac8 (0x415955b3) x11 0x687e1ff2
core   0: 0x80008acc (0x402e5c13) srai    s8, t3, 2
core   0: 3 0x80008acc (0x402e5c13) x24 0xe0005683
core   0: 0x80008ad0 (0xa073e613) ori     a2, t2, -1529
core   0: 3 0x80008ad0 (0xa073e613) x12 0xfffffa07
core   0: 0x80008ad4 (0x00157133) and     sp, a0, ra
core   0: 3 0x80008ad4 (0x00157133) x 2 0x00000000
core   0: 0x80008ad8 (0x00048133) add     sp, s1, zero
core   0: 3 0x80008ad8 (0x00048133) x 2 0xe87f4aa0
core   0: 0x80008adc (0x9f171117) auipc   sp, 0x9f171
core   0: 3 0x80008adc (0x9f171117) x 2 0x1f179adc
core   0: 0x80008ae0 (0x41ad5b93) srai    s7, s10, 26
core   0: 3 0x80008ae0 (0x41ad5b93) x23 0x00000010
core   0: 0x80008ae4 (0x00c228b3) slt     a7, tp, a2
core   0: 3 0x80008ae4 (0x00c228b3) x17 0x00000000
core   0: 0x80008ae8 (0x014e9613) slli    a2, t4, 20
core   0: 3 0x80008ae8 (0x014e9613) x12 0xe6400000
core   0: 0x80008aec (0x005e83b3) add     t2, t4, t0
core   0: 3 0x80008aec (0x005e83b3) x 7 0x00027d4b
core   0: 0x80008af0 (0x94048d13) addi    s10, s1, -1728
core   0: 3 0x80008af0 (0x94048d13) x26 0xe87f43e0
core   0: 0x80008af4 (0x404501b3) sub     gp, a0, tp
core   0: 3 0x80008af4 (0x404501b3) x 3 0xfffffa3c
core   0: 0x80008af8 (0x244bb3b7) lui     t2, 0x244bb
core   0: 3 0x80008af8 (0x244bb3b7) x 7 0x244bb000
core   0: 0x80008afc (0x048c8593) addi    a1, s9, 72
core   0: 3 0x80008afc (0x048c8593) x11 0x80015d2c
core   0: 0x80008b00 (0xcabae793) ori     a5, s5, -853
core   0: 3 0x80008b00 (0xcabae793) x15 0xfffffcab
core   0: 0x80008b04 (0x00eb1033) sll     zero, s6, a4
core   0: 3 0x80008b04 (0x00eb1033)
core   0: 0x80008b08 (0xb9b50913) addi    s2, a0, -1125
core   0: 3 0x80008b08 (0xb9b50913) x18 0xfffffb9b
core   0: 0x80008b0c (0x418980b3) sub     ra, s3, s8
core   0: 3 0x80008b0c (0x418980b3) x 1 0xa0010864
core   0: 0x80008b10 (0x0c93ad93) slti    s11, t2, 201
core   0: 3 0x80008b10 (0x0c93ad93) x27 0x00000000
core   0: 0x80008b14 (0x00a34f93) xori    t6, t1, 10
core   0: 3 0x80008b14 (0x00a34f93) x31 0x0000000a
core   0: 0x80008b18 (0x017a2233) slt     tp, s4, s7
core   0: 3 0x80008b18 (0x017a2233) x 4 0x00000001
core   0: 0x80008b1c (0x01b73c33) sltu    s8, a4, s11
core   0: 3 0x80008b1c (0x01b73c33) x24 0x00000000
core   0: 0x80008b20 (0x007282b3) add     t0, t0, t2
core   0: 3 0x80008b20 (0x007282b3) x 5 0xa44d0ee7
core   0: 0x80008b24 (0x016773b3) and     t2, a4, s6
core   0: 3 0x80008b24 (0x016773b3) x 7 0x00000000
core   0: 0x80008b28 (0x80913b13) sltiu   s6, sp, -2039
core   0: 3 0x80008b28 (0x80913b13) x22 0x00000001
core   0: 0x80008b2c (0xad0eb293) sltiu   t0, t4, -1328
core   0: 3 0x80008b2c (0xad0eb293) x 5 0x00000001
core   0: 0x80008b30 (0x40788fb3) sub     t6, a7, t2
core   0: 3 0x80008b30 (0x40788fb3) x31 0x00000000
core   0: 0x80008b34 (0xdb9d8493) addi    s1, s11, -583
core   0: 3 0x80008b34 (0xdb9d8493) x 9 0xfffffdb9
core   0: 0x80008b38 (0x419dd1b3) sra     gp, s11, s9
core   0: 3 0x80008b38 (0x419dd1b3) x 3 0x00000000
core   0: 0x80008b3c (0x034f3993) sltiu   s3, t5, 52
core   0: 3 0x80008b3c (0x034f3993) x19 0x00000000
core   0: 0x80008b40 (0x0176ce33) xor     t3, a3, s7
core   0: 3 0x80008b40 (0x0176ce33) x28 0x0786c010
core   0: 0x80008b44 (0x40725793) srai    a5, tp, 7
core   0: 3 0x80008b44 (0x40725793) x15 0x00000000
core   0: 0x80008b48 (0x008654b3) srl     s1, a2, s0
core   0: 3 0x80008b48 (0x008654b3) x 9 0x00003990
core   0: 0x80008b4c (0x00b62933) slt     s2, a2, a1
core   0: 3 0x80008b4c (0x00b62933) x18 0x00000000
core   0: 0x80008b50 (0x69e62993) slti    s3, a2, 1694
core   0: 3 0x80008b50 (0x69e62993) x19 0x00000001
core   0: 0x80008b54 (0x35c90917) auipc   s2, 0x35c90
core   0: 3 0x80008b54 (0x35c90917) x18 0xb5c98b54
core   0: 0x80008b58 (0x0009af33) slt     t5, s3, zero
core   0: 3 0x80008b58 (0x0009af33) x30 0x00000000
core   0: 0x80008b5c (0x00860033) add     zero, a2, s0
core   0: 3 0x80008b5c (0x00860033)
core   0: 0x80008b60 (0x05889297) auipc   t0, 0x5889
core   0: 3 0x80008b60 (0x05889297) x 5 0x85891b60
core   0: 0x80008b64 (0x33924593) xori    a1, tp, 825
core   0: 3 0x80008b64 (0x33924593) x11 0x00000338
core   0: 0x80008b68 (0x007ef2b3) and     t0, t4, t2
core   0: 3 0x80008b68 (0x007ef2b3) x 5 0x00000000
core   0: 0x80008b6c (0x0ca3ed93) ori     s11, t2, 202
core   0: 3 0x80008b6c (0x0ca3ed93) x27 0x000000ca
core   0: 0x80008b70 (0x009456b3) srl     a3, s0, s1
core   0: 3 0x80008b70 (0x009456b3) x13 0x0000ef1b
core   0: 0x80008b74 (0x00749813) slli    a6, s1, 7
core   0: 3 0x80008b74 (0x00749813) x16 0x001cc800
core   0: 0x80008b78 (0x9c42a313) slti    t1, t0, -1596
core   0: 3 0x80008b78 (0x9c42a313) x 6 0x00000000
core   0: 0x80008b7c (0x41775fb3) sra     t6, a4, s7
core   0: 3 0x80008b7c (0x41775fb3) x31 0xffff8000
core   0: 0x80008b80 (0x41088c33) sub     s8, a7, a6
core   0: 3 0x80008b80 (0x41088c33) x24 0xffe33800
core   0: 0x80008b84 (0xb8484a17) auipc   s4, 0xb8484
core   0: 3 0x80008b84 (0xb8484a17) x20 0x3848cb84
core   0: 0x80008b88 (0x01a1b6b3) sltu    a3, gp, s10
core   0: 3 0x80008b88 (0x01a1b6b3) x13 0x00000001
core   0: 0x80008b8c (0x00057ab3) and     s5, a0, zero
core   0: 3 0x80008b8c (0x00057ab3) x21 0x00000000
core   0: 0x80008b90 (0x00cc9693) slli    a3, s9, 12
core   0: 3 0x80008b90 (0x00cc9693) x13 0x15ce4000
core   0: 0x80008b94 (0x92f6fa93) andi    s5, a3, -1745
core   0: 3 0x80008b94 (0x92f6fa93) x21 0x15ce4000
core   0: 0x80008b98 (0x4081ddb3) sra     s11, gp, s0
core   0: 3 0x80008b98 (0x4081ddb3) x27 0x00000000
core   0: 0x80008b9c (0x00000013) nop
core   0: 3 0x80008b9c (0x00000013)
core   0: 0x80008ba0 (0x01588013) addi    zero, a7, 21
core   0: 3 0x80008ba0 (0x01588013)
core   0: 0x80008ba4 (0x017f81b3) add     gp, t6, s7
core   0: 3 0x80008ba4 (0x017f81b3) x 3 0xffff8010
core   0: 0x80008ba8 (0x40778c33) sub     s8, a5, t2
core   0: 3 0x80008ba8 (0x40778c33) x24 0x00000000
core   0: 0x80008bac (0x01854f33) xor     t5, a0, s8
core   0: 3 0x80008bac (0x01854f33) x30 0x00000000
core   0: 0x80008bb0 (0xda6e0393) addi    t2, t3, -602
core   0: 3 0x80008bb0 (0xda6e0393) x 7 0x0786bdb6
core   0: 0x80008bb4 (0x00000013) nop
core   0: 3 0x80008bb4 (0x00000013)
core   0: 0x80008bb8 (0x4138d593) srai    a1, a7, 19
core   0: 3 0x80008bb8 (0x4138d593) x11 0x00000000
core   0: 0x80008bbc (0x40f5d393) srai    t2, a1, 15
core   0: 3 0x80008bbc (0x40f5d393) x 7 0x00000000
core   0: 0x80008bc0 (0x01d4f4b3) and     s1, s1, t4
core   0: 3 0x80008bc0 (0x01d4f4b3) x 9 0x00001800
core   0: 0x80008bc4 (0xb4fbee13) ori     t3, s7, -1201
core   0: 3 0x80008bc4 (0xb4fbee13) x28 0xfffffb5f
core   0: 0x80008bc8 (0x73968993) addi    s3, a3, 1849
core   0: 3 0x80008bc8 (0x73968993) x19 0x15ce4739
core   0: 0x80008bcc (0xd5958693) addi    a3, a1, -679
core   0: 3 0x80008bcc (0xd5958693) x13 0xfffffd59
core   0: 0x80008bd0 (0x65f60b13) addi    s6, a2, 1631
core   0: 3 0x80008bd0 (0x65f60b13) x22 0xe640065f
core   0: 0x80008bd4 (0x00abc9b3) xor     s3, s7, a0
core   0: 3 0x80008bd4 (0x00abc9b3) x19 0x00000010
core   0: 0x80008bd8 (0x9402a517) auipc   a0, 0x9402a
core   0: 3 0x80008bd8 (0x9402a517) x10 0x14032bd8
core   0: 0x80008bdc (0x017e9913) slli    s2, t4, 23
core   0: 3 0x80008bdc (0x017e9913) x18 0x32000000
core   0: 0x80008be0 (0x0056d033) srl     zero, a3, t0
core   0: 3 0x80008be0 (0x0056d033)
core   0: 0x80008be4 (0xe3192293) slti    t0, s2, -463
core   0: 3 0x80008be4 (0xe3192293) x 5 0x00000000
core   0: 0x80008be8 (0x416c8ab3) sub     s5, s9, s6
core   0: 3 0x80008be8 (0x416c8ab3) x21 0x99c15685
core   0: 0x80008bec (0xc568f413) andi    s0, a7, -938
core   0: 3 0x80008bec (0xc568f413) x 8 0x00000000
core   0: 0x80008bf0 (0x00000013) nop
core   0: 3 0x80008bf0 (0x00000013)
core   0: 0x80008bf4 (0x8d6cb293) sltiu   t0, s9, -1834
core   0: 3 0x80008bf4 (0x8d6cb293) x 5 0x00000001
core   0: 0x80008bf8 (0x00cc4133) xor     sp, s8, a2
core   0: 3 0x80008bf8 (0x00cc4133) x 2 0xe6400000
core   0: 0x80008bfc (0x00de3533) sltu    a0, t3, a3
core   0: 3 0x80008bfc (0x00de3533) x10 0x00000001
core   0: 0x80008c00 (0x01d00433) add     s0, zero, t4
core   0: 3 0x80008c00 (0x01d00433) x 8 0x80011e64
core   0: 0x80008c04 (0x000c4933) xor     s2, s8, zero
core   0: 3 0x80008c04 (0x000c4933) x18 0x00000000
core   0: 0x80008c08 (0x417c5033) sra     zero, s8, s7
core   0: 3 0x80008c08 (0x417c5033)
core   0: 0x80008c0c (0x01e02533) slt     a0, zero, t5
core   0: 3 0x80008c0c (0x01e02533) x10 0x00000000
core   0: 0x80008c10 (0x00a2f9b3) and     s3, t0, a0
core   0: 3 0x80008c10 (0x00a2f9b3) x19 0x00000000
core   0: 0x80008c14 (0x0657e413) ori     s0, a5, 101
core   0: 3 0x80008c14 (0x0657e413) x 8 0x00000065
core   0: 0x80008c18 (0x41b4d833) sra     a6, s1, s11
core   0: 3 0x80008c18 (0x41b4d833) x16 0x00001800
core   0: 0x80008c1c (0x008d0433) add     s0, s10, s0
core   0: 3 0x80008c1c (0x008d0433) x 8 0xe87f4445
core   0: 0x80008c20 (0x00721433) sll     s0, tp, t2
core   0: 3 0x80008c20 (0x00721433) x 8 0x00000001
core   0: 0x80008c24 (0x406f5313) srai    t1, t5, 6
core   0: 3 0x80008c24 (0x406f5313) x 6 0x00000000
core   0: 0x80008c28 (0x000ba8b3) slt     a7, s7, zero
core   0: 3 0x80008c28 (0x000ba8b3) x17 0x00000000
core   0: 0x80008c2c (0x41878633) sub     a2, a5, s8
core   0: 3 0x80008c2c (0x41878633) x12 0x00000000
core   0: 0x80008c30 (0x00ea9633) sll     a2, s5, a4
core   0: 3 0x80008c30 (0x00ea9633) x12 0x99c15685
core   0: 0x80008c34 (0x133c8b13) addi    s6, s9, 307
core   0: 3 0x80008c34 (0x133c8b13) x22 0x80015e17
core   0: 0x80008c38 (0x014a65b3) or      a1, s4, s4
core   0: 3 0x80008c38 (0x014a65b3) x11 0x3848cb84
core   0: 0x80008c3c (0x017d5c33) srl     s8, s10, s7
core   0: 3 0x80008c3c (0x017d5c33) x24 0x0000e87f
core   0: 0x80008c40 (0xdabb1d17) auipc   s10, 0xdabb1
core   0: 3 0x80008c40 (0xdabb1d17) x26 0x5abb9c40
core   0: 0x80008c44 (0x00801d13) slli    s10, zero, 8
core   0: 3 0x80008c44 (0x00801d13) x26 0x00000000
core   0: 0x80008c48 (0xb93b0113) addi    sp, s6, -1133
core   0: 3 0x80008c48 (0xb93b0113) x 2 0x800159aa
core   0: 0x80008c4c (0x00b8e4b3) or      s1, a7, a1
core   0: 3 0x80008c4c (0x00b8e4b3) x 9 0x3848cb84
core   0: 0x80008c50 (0x61637297) auipc   t0, 0x61637
core   0: 3 0x80008c50 (0x61637297) x 5 0xe163fc50
core   0: 0x80008c54 (0x4017d6b3) sra     a3, a5, ra
core   0: 3 0x80008c54 (0x4017d6b3) x13 0x00000000
core   0: 0x80008c58 (0x27768837) lui     a6, 0x27768
core   0: 3 0x80008c58 (0x27768837) x16 0x27768000
core   0: 0x80008c5c (0x01329933) sll     s2, t0, s3
core   0: 3 0x80008c5c (0x01329933) x18 0xe163fc50
core   0: 0x80008c60 (0x413f8533) sub     a0, t6, s3
core   0: 3 0x80008c60 (0x413f8533) x10 0xffff8000
core   0: 0x80008c64 (0x89a43793) sltiu   a5, s0, -1894
core   0: 3 0x80008c64 (0x89a43793) x15 0x00000001
core   0: 0x80008c68 (0xb4d4c337) lui     t1, 0xb4d4c
core   0: 3 0x80008c68 (0xb4d4c337) x 6 0xb4d4c000
core   0: 0x80008c6c (0x7ffead93) slti    s11, t4, 2047
core   0: 3 0x80008c6c (0x7ffead93) x27 0x00000001
core   0: 0x80008c70 (0x00165333) srl     t1, a2, ra
core   0: 3 0x80008c70 (0x00165333) x 6 0x099c1568
core   0: 0x80008c74 (0xd8792e17) auipc   t3, 0xd8792
core   0: 3 0x80008c74 (0xd8792e17) x28 0x5879ac74
core   0: 0x80008c78 (0x0b604513) xori    a0, zero, 182
core   0: 3 0x80008c78 (0x0b604513) x10 0x000000b6
core   0: 0x80008c7c (0x01ae1b33) sll     s6, t3, s10
core   0: 3 0x80008c7c (0x01ae1b33) x22 0x5879ac74
core   0: 0x80008c80 (0x001a5293) srli    t0, s4, 1
core   0: 3 0x80008c80 (0x001a5293) x 5 0x1c2465c2
core   0: 0x80008c84 (0x7a068b37) lui     s6, 0x7a068
core   0: 3 0x80008c84 (0x7a068b37) x22 0x7a068000
core   0: 0x80008c88 (0x490ec693) xori    a3, t4, 1168
core   0: 3 0x80008c88 (0x490ec693) x13 0x80011af4
core   0: 0x80008c8c (0x404d54b3) sra     s1, s10, tp
core   0: 3 0x80008c8c (0x404d54b3) x 9 0x00000000
core   0: 0x80008c90 (0x00000013) nop
core   0: 3 0x80008c90 (0x00000013)
core   0: 0x80008c94 (0x3bb4fa93) andi    s5, s1, 955
core   0: 3 0x80008c94 (0x3bb4fa93) x21 0x00000000
core   0: 0x80008c98 (0x01921913) slli    s2, tp, 25
core   0: 3 0x80008c98 (0x01921913) x18 0x02000000
core   0: 0x80008c9c (0x00847b33) and     s6, s0, s0
core   0: 3 0x80008c9c (0x00847b33) x22 0x00000001
core   0: 0x80008ca0 (0x74016493) ori     s1, sp, 1856
core   0: 3 0x80008ca0 (0x74016493) x 9 0x80015fea
core   0: 0x80008ca4 (0x01ddaa33) slt     s4, s11, t4
core   0: 3 0x80008ca4 (0x01ddaa33) x20 0x00000000
core   0: 0x80008ca8 (0x5d6d8b13) addi    s6, s11, 1494
core   0: 3 0x80008ca8 (0x5d6d8b13) x22 0x000005d7
core   0: 0x80008cac (0x39853093) sltiu   ra, a0, 920
core   0: 3 0x80008cac (0x39853093) x 1 0x00000001
core   0: 0x80008cb0 (0x012c5d33) srl     s10, s8, s2
core   0: 3 0x80008cb0 (0x012c5d33) x26 0x0000e87f
core   0: 0x80008cb4 (0xd9988a93) addi    s5, a7, -615
core   0: 3 0x80008cb4 (0xd9988a93) x21 0xfffffd99
core   0: 0x80008cb8 (0x41488bb3) sub     s7, a7, s4
core   0: 3 0x80008cb8 (0x41488bb3) x23 0x00000000
core   0: 0x80008cbc (0x004b56b3) srl     a3, s6, tp
core   0: 3 0x80008cbc (0x004b56b3) x13 0x000002eb
core   0: 0x80008cc0 (0x017dde13) srli    t3, s11, 23
core   0: 3 0x80008cc0 (0x017dde13) x28 0x00000000
core   0: 0x80008cc4 (0x01ddf8b3) and     a7, s11, t4
core   0: 3 0x80008cc4 (0x01ddf8b3) x17 0x00000000
core   0: 0x80008cc8 (0x00332ab3) slt     s5, t1, gp
core   0: 3 0x80008cc8 (0x00332ab3) x21 0x00000000
core   0: 0x80008ccc (0x00929b93) slli    s7, t0, 9
core   0: 3 0x80008ccc (0x00929b93) x23 0x48cb8400
core   0: 0x80008cd0 (0xebfb2213) slti    tp, s6, -321
core   0: 3 0x80008cd0 (0xebfb2213) x 4 0x00000000
core   0: 0x80008cd4 (0xe3397913) andi    s2, s2, -461
core   0: 3 0x80008cd4 (0xe3397913) x18 0x02000000
core   0: 0x80008cd8 (0x77782893) slti    a7, a6, 1911
core   0: 3 0x80008cd8 (0x77782893) x17 0x00000000
core   0: 0x80008cdc (0x0030ffb3) and     t6, ra, gp
core   0: 3 0x80008cdc (0x0030ffb3) x31 0x00000000
core   0: 0x80008ce0 (0x00000013) nop
core   0: 3 0x80008ce0 (0x00000013)
core   0: 0x80008ce4 (0xe6b88d93) addi    s11, a7, -405
core   0: 3 0x80008ce4 (0xe6b88d93) x27 0xfffffe6b
core   0: 0x80008ce8 (0x014e35b3) sltu    a1, t3, s4
core   0: 3 0x80008ce8 (0x014e35b3) x11 0x00000000
core   0: 0x80008cec (0x41ca6e13) ori     t3, s4, 1052
core   0: 3 0x80008cec (0x41ca6e13) x28 0x0000041c
core   0: 0x80008cf0 (0x00046db3) or      s11, s0, zero
core   0: 3 0x80008cf0 (0x00046db3) x27 0x00000001
core   0: 0x80008cf4 (0x84528d13) addi    s10, t0, -1979
core   0: 3 0x80008cf4 (0x84528d13) x26 0x1c245e07
core   0: 0x80008cf8 (0x007640b3) xor     ra, a2, t2
core   0: 3 0x80008cf8 (0x007640b3) x 1 0x99c15685
core   0: 0x80008cfc (0x012dec33) or      s8, s11, s2
core   0: 3 0x80008cfc (0x012dec33) x24 0x02000001
core   0: 0x80008d00 (0xfab32b13) slti    s6, t1, -85
core   0: 3 0x80008d00 (0xfab32b13) x22 0x00000000
core   0: 0x80008d04 (0xe4b102b7) lui     t0, 0xe4b10
core   0: 3 0x80008d04 (0xe4b102b7) x 5 0xe4b10000
core   0: 0x80008d08 (0xf09b3ab7) lui     s5, 0xf09b3
core   0: 3 0x80008d08 (0xf09b3ab7) x21 0xf09b3000
core   0: 0x80008d0c (0x2930a293) slti    t0, ra, 659
core   0: 3 0x80008d0c (0x2930a293) x 5 0x00000001
core   0: 0x80008d10 (0x0184c433) xor     s0, s1, s8
core   0: 3 0x80008d10 (0x0184c433) x 8 0x82015feb
core   0: 0x80008d14 (0x00368533) add     a0, a3, gp
core   0: 3 0x80008d14 (0x00368533) x10 0xffff82fb
core   0: 0x80008d18 (0x01c0be33) sltu    t3, ra, t3
core   0: 3 0x80008d18 (0x01c0be33) x28 0x00000000
core   0: 0x80008d1c (0x5720b093) sltiu   ra, ra, 1394
core   0: 3 0x80008d1c (0x5720b093) x 1 0x00000000
core   0: 0x80008d20 (0x00e8b8b3) sltu    a7, a7, a4
core   0: 3 0x80008d20 (0x00e8b8b3) x17 0x00000001
core   0: 0x80008d24 (0x6ff07993) andi    s3, zero, 1791
core   0: 3 0x80008d24 (0x6ff07993) x19 0x00000000
core   0: 0x80008d28 (0x8b0e6413) ori     s0, t3, -1872
core   0: 3 0x80008d28 (0x8b0e6413) x 8 0xfffff8b0
core   0: 0x80008d2c (0x01bb4e33) xor     t3, s6, s11
core   0: 3 0x80008d2c (0x01bb4e33) x28 0x00000001
core   0: 0x80008d30 (0x9f58ec13) ori     s8, a7, -1547
core   0: 3 0x80008d30 (0x9f58ec13) x24 0xfffff9f5
core   0: 0x80008d34 (0x000c44b3) xor     s1, s8, zero
core   0: 3 0x80008d34 (0x000c44b3) x 9 0xfffff9f5
core   0: 0x80008d38 (0x00455bb3) srl     s7, a0, tp
core   0: 3 0x80008d38 (0x00455bb3) x23 0xffff82fb
core   0: 0x80008d3c (0x00e48ab3) add     s5, s1, a4
core   0: 3 0x80008d3c (0x00e48ab3) x21 0x7ffff9f5
core   0: 0x80008d40 (0x41448533) sub     a0, s1, s4
core   0: 3 0x80008d40 (0x41448533) x10 0xfffff9f5
core   0: 0x80008d44 (0x0fa56e17) auipc   t3, 0xfa56
core   0: 3 0x80008d44 (0x0fa56e17) x28 0x8fa5ed44
core   0: 0x80008d48 (0xa6a3ee13) ori     t3, t2, -1430
core   0: 3 0x80008d48 (0xa6a3ee13) x28 0xfffffa6a
core   0: 0x80008d4c (0x96a32193) slti    gp, t1, -1686
core   0: 3 0x80008d4c (0x96a32193) x 3 0x00000000
core   0: 0x80008d50 (0x01059133) sll     sp, a1, a6
core   0: 3 0x80008d50 (0x01059133) x 2 0x00000000
core   0: 0x80008d54 (0x00d72d33) slt     s10, a4, a3
core   0: 3 0x80008d54 (0x00d72d33) x26 0x00000001
core   0: 0x80008d58 (0x0109d2b3) srl     t0, s3, a6
core   0: 3 0x80008d58 (0x0109d2b3) x 5 0x00000000
core   0: 0x80008d5c (0x01effbb3) and     s7, t6, t5
core   0: 3 0x80008d5c (0x01effbb3) x23 0x00000000
core   0: 0x80008d60 (0xaa2fb313) sltiu   t1, t6, -1374
core   0: 3 0x80008d60 (0xaa2fb313) x 6 0x00000001
core   0: 0x80008d64 (0xfafaf993) andi    s3, s5, -81
core   0: 3 0x80008d64 (0xfafaf993) x19 0x7ffff9a5
core   0: 0x80008d68 (0xacf9f813) andi    a6, s3, -1329
core   0: 3 0x80008d68 (0xacf9f813) x16 0x7ffff885
core   0: 0x80008d6c (0x5ee06413) ori     s0, zero, 1518
core   0: 3 0x80008d6c (0x5ee06413) x 8 0x000005ee
core   0: 0x80008d70 (0x0738b5b7) lui     a1, 0x738b
core   0: 3 0x80008d70 (0x0738b5b7) x11 0x0738b000
core   0: 0x80008d74 (0x00b7abb3) slt     s7, a5, a1
core   0: 3 0x80008d74 (0x00b7abb3) x23 0x00000001
core   0: 0x80008d78 (0x910acb37) lui     s6, 0x910ac
core   0: 3 0x80008d78 (0x910acb37) x22 0x910ac000
core   0: 0x80008d7c (0x416c5393) srai    t2, s8, 22
core   0: 3 0x80008d7c (0x416c5393) x 7 0xffffffff
core   0: 0x80008d80 (0x01f72633) slt     a2, a4, t6
core   0: 3 0x80008d80 (0x01f72633) x12 0x00000001
core   0: 0x80008d84 (0x0151b833) sltu    a6, gp, s5
core   0: 3 0x80008d84 (0x0151b833) x16 0x00000001
core   0: 0x80008d88 (0xc32c3493) sltiu   s1, s8, -974
core   0: 3 0x80008d88 (0xc32c3493) x 9 0x00000001
core   0: 0x80008d8c (0x01970f33) add     t5, a4, s9
core   0: 3 0x80008d8c (0x01970f33) x30 0x00015ce4
core   0: 0x80008d90 (0x05bc3f13) sltiu   t5, s8, 91
core   0: 3 0x80008d90 (0x05bc3f13) x30 0x00000000
core   0: 0x80008d94 (0x01d4efb3) or      t6, s1, t4
core   0: 3 0x80008d94 (0x01d4efb3) x31 0x80011e65
core   0: 0x80008d98 (0x01bbc233) xor     tp, s7, s11
core   0: 3 0x80008d98 (0x01bbc233) x 4 0x00000000
core   0: 0x80008d9c (0x6154ff93) andi    t6, s1, 1557
core   0: 3 0x80008d9c (0x6154ff93) x31 0x00000001
core   0: 0x80008da0 (0x0055e0b3) or      ra, a1, t0
core   0: 3 0x80008da0 (0x0055e0b3) x 1 0x0738b000
core   0: 0x80008da4 (0xefb0e413) ori     s0, ra, -261
core   0: 3 0x80008da4 (0xefb0e413) x 8 0xfffffefb
core   0: 0x80008da8 (0x01a57e33) and     t3, a0, s10
core   0: 3 0x80008da8 (0x01a57e33) x28 0x00000001
core   0: 0x80008dac (0xc7f5ac13) slti    s8, a1, -897
core   0: 3 0x80008dac (0xc7f5ac13) x24 0x00000000
core   0: 0x80008db0 (0x40f9d693) srai    a3, s3, 15
core   0: 3 0x80008db0 (0x40f9d693) x13 0x0000ffff
core   0: 0x80008db4 (0x0786a697) auipc   a3, 0x786a
core   0: 3 0x80008db4 (0x0786a697) x13 0x87872db4
core   0: 0x80008db8 (0x5b367993) andi    s3, a2, 1459
core   0: 3 0x80008db8 (0x5b367993) x19 0x00000001
core   0: 0x80008dbc (0xdc343f13) sltiu   t5, s0, -573
core   0: 3 0x80008dbc (0xdc343f13) x30 0x00000000
core   0: 0x80008dc0 (0x017f1933) sll     s2, t5, s7
core   0: 3 0x80008dc0 (0x017f1933) x18 0x00000000
core   0: 0x80008dc4 (0x01201b33) sll     s6, zero, s2
core   0: 3 0x80008dc4 (0x01201b33) x22 0x00000000
core   0: 0x80008dc8 (0x00515893) srli    a7, sp, 5
core   0: 3 0x80008dc8 (0x00515893) x17 0x00000000
core   0: 0x80008dcc (0x40eb0433) sub     s0, s6, a4
core   0: 3 0x80008dcc (0x40eb0433) x 8 0x80000000
core   0: 0x80008dd0 (0x0039c933) xor     s2, s3, gp
core   0: 3 0x80008dd0 (0x0039c933) x18 0x00000001
core   0: 0x80008dd4 (0x34166937) lui     s2, 0x34166
core   0: 3 0x80008dd4 (0x34166937) x18 0x34166000
core   0: 0x80008dd8 (0x00dcf3b3) and     t2, s9, a3
core   0: 3 0x80008dd8 (0x00dcf3b3) x 7 0x80010ca4
core   0: 0x80008ddc (0x27893313) sltiu   t1, s2, 632
core   0: 3 0x80008ddc (0x27893313) x 6 0x00000000
core   0: 0x80008de0 (0x801f7493) andi    s1, t5, -2047
core   0: 3 0x80008de0 (0x801f7493) x 9 0x00000000
core   0: 0x80008de4 (0x00000013) nop
core   0: 3 0x80008de4 (0x00000013)
core   0: 0x80008de8 (0x00d85893) srli    a7, a6, 13
core   0: 3 0x80008de8 (0x00d85893) x17 0x00000000
core   0: 0x80008dec (0x317efb93) andi    s7, t4, 791
core   0: 3 0x80008dec (0x317efb93) x23 0x00000204
core   0: 0x80008df0 (0xc8e5c493) xori    s1, a1, -882
core   0: 3 0x80008df0 (0xc8e5c493) x 9 0xf8c74c8e
core   0: 0x80008df4 (0x5e55eb93) ori     s7, a1, 1509
core   0: 3 0x80008df4 (0x5e55eb93) x23 0x0738b5e5
core   0: 0x80008df8 (0x008dd013) srli    zero, s11, 8
core   0: 3 0x80008df8 (0x008dd013)
core   0: 0x80008dfc (0x015c17b3) sll     a5, s8, s5
core   0: 3 0x80008dfc (0x015c17b3) x15 0x00000000
core   0: 0x80008e00 (0xd8b5c393) xori    t2, a1, -629
core   0: 3 0x80008e00 (0xd8b5c393) x 7 0xf8c74d8b
core   0: 0x80008e04 (0x00000013) nop
core   0: 3 0x80008e04 (0x00000013)
core   0: 0x80008e08 (0x0027c1b3) xor     gp, a5, sp
core   0: 3 0x80008e08 (0x0027c1b3) x 3 0x00000000
core   0: 0x80008e0c (0x249c6b97) auipc   s7, 0x249c6
core   0: 3 0x80008e0c (0x249c6b97) x23 0xa49cee0c
core   0: 0x80008e10 (0x008bffb3) and     t6, s7, s0
core   0: 3 0x80008e10 (0x008bffb3) x31 0x80000000
core   0: 0x80008e14 (0x01e4e333) or      t1, s1, t5
core   0: 3 0x80008e14 (0x01e4e333) x 6 0xf8c74c8e
core   0: 0x80008e18 (0x0095a933) slt     s2, a1, s1
core   0: 3 0x80008e18 (0x0095a933) x18 0x00000000
core   0: 0x80008e1c (0x007a55b3) srl     a1, s4, t2
core   0: 3 0x80008e1c (0x007a55b3) x11 0x00000000
core   0: 0x80008e20 (0xb8003e13) sltiu   t3, zero, -1152
core   0: 3 0x80008e20 (0xb8003e13) x28 0x00000001
core   0: 0x80008e24 (0xe82ffa13) andi    s4, t6, -382
core   0: 3 0x80008e24 (0xe82ffa13) x20 0x80000000
core   0: 0x80008e28 (0x379eca93) xori    s5, t4, 889
core   0: 3 0x80008e28 (0x379eca93) x21 0x80011d1d
core   0: 0x80008e2c (0x00f88833) add     a6, a7, a5
core   0: 3 0x80008e2c (0x00f88833) x16 0x00000000
core   0: 0x80008e30 (0x7db93293) sltiu   t0, s2, 2011
core   0: 3 0x80008e30 (0x7db93293) x 5 0x00000001
core   0: 0x80008e34 (0x4021d213) srai    tp, gp, 2
core   0: 3 0x80008e34 (0x4021d213) x 4 0x00000000
core   0: 0x80008e38 (0x4049d5b3) sra     a1, s3, tp
core   0: 3 0x80008e38 (0x4049d5b3) x11 0x00000001
core   0: 0x80008e3c (0x00c36f33) or      t5, t1, a2
core   0: 3 0x80008e3c (0x00c36f33) x30 0xf8c74c8f
core   0: 0x80008e40 (0xe6245097) auipc   ra, 0xe6245
core   0: 3 0x80008e40 (0xe6245097) x 1 0x6624de40
core   0: 0x80008e44 (0x006e65b3) or      a1, t3, t1
core   0: 3 0x80008e44 (0x006e65b3) x11 0xf8c74c8f
core   0: 0x80008e48 (0x8ce5b693) sltiu   a3, a1, -1842
core   0: 3 0x80008e48 (0x8ce5b693) x13 0x00000001
core   0: 0x80008e4c (0x001ba533) slt     a0, s7, ra
core   0: 3 0x80008e4c (0x001ba533) x10 0x00000001
core   0: 0x80008e50 (0x01171393) slli    t2, a4, 17
core   0: 3 0x80008e50 (0x01171393) x 7 0x00000000
core   0: 0x80008e54 (0x3ba444b7) lui     s1, 0x3ba44
core   0: 3 0x80008e54 (0x3ba444b7) x 9 0x3ba44000
core   0: 0x80008e58 (0xd1d42a17) auipc   s4, 0xd1d42
core   0: 3 0x80008e58 (0xd1d42a17) x20 0x51d4ae58
core   0: 0x80008e5c (0x771f2913) slti    s2, t5, 1905
core   0: 3 0x80008e5c (0x771f2913) x18 0x00000001
core   0: 0x80008e60 (0x00d65f93) srli    t6, a2, 13
core   0: 3 0x80008e60 (0x00d65f93) x31 0x00000000
core   0: 0x80008e64 (0x16e0f6b7) lui     a3, 0x16e0f
core   0: 3 0x80008e64 (0x16e0f6b7) x13 0x16e0f000
core   0: 0x80008e68 (0xcae00a93) li      s5, -850
core   0: 3 0x80008e68 (0xcae00a93) x21 0xfffffcae
core   0: 0x80008e6c (0x7022ee13) ori     t3, t0, 1794
core   0: 3 0x80008e6c (0x7022ee13) x28 0x00000703
core   0: 0x80008e70 (0x01d3ad33) slt     s10, t2, t4
core   0: 3 0x80008e70 (0x01d3ad33) x26 0x00000000
core   0: 0x80008e74 (0xaf2cab93) slti    s7, s9, -1294
core   0: 3 0x80008e74 (0xaf2cab93) x23 0x00000001
core   0: 0x80008e78 (0x48e96793) ori     a5, s2, 1166
core   0: 3 0x80008e78 (0x48e96793) x15 0x0000048f
core   0: 0x80008e7c (0x01bcd913) srli    s2, s9, 27
core   0: 3 0x80008e7c (0x01bcd913) x18 0x00000010
core   0: 0x80008e80 (0xfb3ffe13) andi    t3, t6, -77
core   0: 3 0x80008e80 (0xfb3ffe13) x28 0x00000000
core   0: 0x80008e84 (0x05d42db7) lui     s11, 0x5d42
core   0: 3 0x80008e84 (0x05d42db7) x27 0x05d42000
core   0: 0x80008e88 (0x001ddf93) srli    t6, s11, 1
core   0: 3 0x80008e88 (0x001ddf93) x31 0x02ea1000
core   0: 0x80008e8c (0x0149c1b3) xor     gp, s3, s4
core   0: 3 0x80008e8c (0x0149c1b3) x 3 0x51d4ae59
core   0: 0x80008e90 (0x01bbd6b3) srl     a3, s7, s11
core   0: 3 0x80008e90 (0x01bbd6b3) x13 0x00000001
core   0: 0x80008e94 (0x00112e33) slt     t3, sp, ra
core   0: 3 0x80008e94 (0x00112e33) x28 0x00000001
core   0: 0x80008e98 (0x01fbfdb3) and     s11, s7, t6
core   0: 3 0x80008e98 (0x01fbfdb3) x27 0x00000000
core   0: 0x80008e9c (0x55b10b13) addi    s6, sp, 1371
core   0: 3 0x80008e9c (0x55b10b13) x22 0x0000055b
core   0: 0x80008ea0 (0x6c406d13) ori     s10, zero, 1732
core   0: 3 0x80008ea0 (0x6c406d13) x26 0x000006c4
core   0: 0x80008ea4 (0x41a05113) srai    sp, zero, 26
core   0: 3 0x80008ea4 (0x41a05113) x 2 0x00000000
core   0: 0x80008ea8 (0x00339633) sll     a2, t2, gp
core   0: 3 0x80008ea8 (0x00339633) x12 0x00000000
core   0: 0x80008eac (0x01bdfb33) and     s6, s11, s11
core   0: 3 0x80008eac (0x01bdfb33) x22 0x00000000
core   0: 0x80008eb0 (0x88c8bb13) sltiu   s6, a7, -1908
core   0: 3 0x80008eb0 (0x88c8bb13) x22 0x00000001
core   0: 0x80008eb4 (0xb377eb13) ori     s6, a5, -1225
core   0: 3 0x80008eb4 (0xb377eb13) x22 0xffffffbf
core   0: 0x80008eb8 (0x0127dd33) srl     s10, a5, s2
core   0: 3 0x80008eb8 (0x0127dd33) x26 0x00000000
core   0: 0x80008ebc (0x237c2113) slti    sp, s8, 567
core   0: 3 0x80008ebc (0x237c2113) x 2 0x00000001
core   0: 0x80008ec0 (0x0191d6b3) srl     a3, gp, s9
core   0: 3 0x80008ec0 (0x0191d6b3) x13 0x051d4ae5
core   0: 0x80008ec4 (0x0083ee33) or      t3, t2, s0
core   0: 3 0x80008ec4 (0x0083ee33) x28 0x80000000
core   0: 0x80008ec8 (0x016dc4b3) xor     s1, s11, s6
core   0: 3 0x80008ec8 (0x016dc4b3) x 9 0xffffffbf
core   0: 0x80008ecc (0x442eaf93) slti    t6, t4, 1090
core   0: 3 0x80008ecc (0x442eaf93) x31 0x00000001
core   0: 0x80008ed0 (0x3719ef13) ori     t5, s3, 881
core   0: 3 0x80008ed0 (0x3719ef13) x30 0x00000371
core   0: 0x80008ed4 (0x0089f7b3) and     a5, s3, s0
core   0: 3 0x80008ed4 (0x0089f7b3) x15 0x00000000
core   0: 0x80008ed8 (0x00774fb3) xor     t6, a4, t2
core   0: 3 0x80008ed8 (0x00774fb3) x31 0x80000000
core   0: 0x80008edc (0x00435133) srl     sp, t1, tp
core   0: 3 0x80008edc (0x00435133) x 2 0xf8c74c8e
core   0: 0x80008ee0 (0x0182a3b3) slt     t2, t0, s8
core   0: 3 0x80008ee0 (0x0182a3b3) x 7 0x00000000
core   0: 0x80008ee4 (0x07edbf13) sltiu   t5, s11, 126
core   0: 3 0x80008ee4 (0x07edbf13) x30 0x00000001
core   0: 0x80008ee8 (0x00aa56b3) srl     a3, s4, a0
core   0: 3 0x80008ee8 (0x00aa56b3) x13 0x28ea572c
core   0: 0x80008eec (0x0125c933) xor     s2, a1, s2
core   0: 3 0x80008eec (0x0125c933) x18 0xf8c74c9f
core   0: 0x80008ef0 (0x0a14cd97) auipc   s11, 0xa14c
core   0: 3 0x80008ef0 (0x0a14cd97) x27 0x8a154ef0
core   0: 0x80008ef4 (0x4eb6b013) sltiu   zero, a3, 1259
core   0: 3 0x80008ef4 (0x4eb6b013)
core   0: 0x80008ef8 (0x41fd5433) sra     s0, s10, t6
core   0: 3 0x80008ef8 (0x41fd5433) x 8 0x00000000
core   0: 0x80008efc (0x00000013) nop
core   0: 3 0x80008efc (0x00000013)
core   0: 0x80008f00 (0x009c1033) sll     zero, s8, s1
core   0: 3 0x80008f00 (0x009c1033)
core   0: 0x80008f04 (0x35ab6413) ori     s0, s6, 858
core   0: 3 0x80008f04 (0x35ab6413) x 8 0xffffffff
core   0: 0x80008f08 (0x8a1d9a37) lui     s4, 0x8a1d9
core   0: 3 0x80008f08 (0x8a1d9a37) x20 0x8a1d9000
core   0: 0x80008f0c (0x4056d633) sra     a2, a3, t0
core   0: 3 0x80008f0c (0x4056d633) x12 0x14752b96
core   0: 0x80008f10 (0x012e5193) srli    gp, t3, 18
core   0: 3 0x80008f10 (0x012e5193) x 3 0x00002000
core   0: 0x80008f14 (0x00f51f13) slli    t5, a0, 15
core   0: 3 0x80008f14 (0x00f51f13) x30 0x00008000
core   0: 0x80008f18 (0x8580c213) xori    tp, ra, -1960
core   0: 3 0x80008f18 (0x8580c213) x 4 0x99db2618
core   0: 0x80008f1c (0x01cdd993) srli    s3, s11, 28
core   0: 3 0x80008f1c (0x01cdd993) x19 0x00000008
core   0: 0x80008f20 (0xdff3ff13) andi    t5, t2, -513
core   0: 3 0x80008f20 (0xdff3ff13) x30 0x00000000
core   0: 0x80008f24 (0x0192a633) slt     a2, t0, s9
core   0: 3 0x80008f24 (0x0192a633) x12 0x00000000
core   0: 0x80008f28 (0x014090b3) sll     ra, ra, s4
core   0: 3 0x80008f28 (0x014090b3) x 1 0x6624de40
core   0: 0x80008f2c (0x32238813) addi    a6, t2, 802
core   0: 3 0x80008f2c (0x32238813) x16 0x00000322
core   0: 0x80008f30 (0xdae07a13) andi    s4, zero, -594
core   0: 3 0x80008f30 (0xdae07a13) x20 0x00000000
core   0: 0x80008f34 (0x00d35c33) srl     s8, t1, a3
core   0: 3 0x80008f34 (0x00d35c33) x24 0x000f8c74
core   0: 0x80008f38 (0x14774a97) auipc   s5, 0x14774
core   0: 3 0x80008f38 (0x14774a97) x21 0x9477cf38
core   0: 0x80008f3c (0x01fa11b3) sll     gp, s4, t6
core   0: 3 0x80008f3c (0x01fa11b3) x 3 0x00000000
core   0: 0x80008f40 (0x0087fab3) and     s5, a5, s0
core   0: 3 0x80008f40 (0x0087fab3) x21 0x00000000
core   0: 0x80008f44 (0x004763b3) or      t2, a4, tp
core   0: 3 0x80008f44 (0x004763b3) x 7 0x99db2618
core   0: 0x80008f48 (0x01209813) slli    a6, ra, 18
core   0: 3 0x80008f48 (0x01209813) x16 0x79000000
core   0: 0x80008f4c (0x5efdcc13) xori    s8, s11, 1519
core   0: 3 0x80008f4c (0x5efdcc13) x24 0x8a154b1f
core   0: 0x80008f50 (0x7b337597) auipc   a1, 0x7b337
core   0: 3 0x80008f50 (0x7b337597) x11 0xfb33ff50
core   0: 0x80008f54 (0x007ab2b3) sltu    t0, s5, t2
core   0: 3 0x80008f54 (0x007ab2b3) x 5 0x00000001
core   0: 0x80008f58 (0x008cd093) srli    ra, s9, 8
core   0: 3 0x80008f58 (0x008cd093) x 1 0x0080015c
core   0: 0x80008f5c (0xfddac213) xori    tp, s5, -35
core   0: 3 0x80008f5c (0xfddac213) x 4 0xffffffdd
core   0: 0x80008f60 (0x018054b3) srl     s1, zero, s8
core   0: 3 0x80008f60 (0x018054b3) x 9 0x00000000
core   0: 0x80008f64 (0x01d56033) or      zero, a0, t4
core   0: 3 0x80008f64 (0x01d56033)
core   0: 0x80008f68 (0x01d6ebb3) or      s7, a3, t4
core   0: 3 0x80008f68 (0x01d6ebb3) x23 0xa8eb5f6c
core   0: 0x80008f6c (0x002e1133) sll     sp, t3, sp
core   0: 3 0x80008f6c (0x002e1133) x 2 0x00000000
core   0: 0x80008f70 (0xed2a8517) auipc   a0, 0xed2a8
core   0: 3 0x80008f70 (0xed2a8517) x10 0x6d2b0f70
core   0: 0x80008f74 (0x011774b3) and     s1, a4, a7
core   0: 3 0x80008f74 (0x011774b3) x 9 0x00000000
core   0: 0x80008f78 (0x0141b833) sltu    a6, gp, s4
core   0: 3 0x80008f78 (0x0141b833) x16 0x00000000
core   0: 0x80008f7c (0x9098e813) ori     a6, a7, -1783
core   0: 3 0x80008f7c (0x9098e813) x16 0xfffff909
core   0: 0x80008f80 (0x00e04533) xor     a0, zero, a4
core   0: 3 0x80008f80 (0x00e04533) x10 0x80000000
core   0: 0x80008f84 (0x232fbc13) sltiu   s8, t6, 562
core   0: 3 0x80008f84 (0x232fbc13) x24 0x00000000
core   0: 0x80008f88 (0x00b84333) xor     t1, a6, a1
core   0: 3 0x80008f88 (0x00b84333) x 6 0x04cc0659
core   0: 0x80008f8c (0x557b8813) addi    a6, s7, 1367
core   0: 3 0x80008f8c (0x557b8813) x16 0xa8eb64c3
core   0: 0x80008f90 (0x006f8c33) add     s8, t6, t1
core   0: 3 0x80008f90 (0x006f8c33) x24 0x84cc0659
core   0: 0x80008f94 (0x00c5de13) srli    t3, a1, 12
core   0: 3 0x80008f94 (0x00c5de13) x28 0x000fb33f
core   0: 0x80008f98 (0x0194e8b3) or      a7, s1, s9
core   0: 3 0x80008f98 (0x0194e8b3) x17 0x80015ce4
core   0: 0x80008f9c (0x01d79413) slli    s0, a5, 29
core   0: 3 0x80008f9c (0x01d79413) x 8 0x00000000
core   0: 0x80008fa0 (0x52ba3d13) sltiu   s10, s4, 1323
core   0: 3 0x80008fa0 (0x52ba3d13) x26 0x00000001
core   0: 0x80008fa4 (0x16cec613) xori    a2, t4, 364
core   0: 3 0x80008fa4 (0x16cec613) x12 0x80011f08
core   0: 0x80008fa8 (0x00394133) xor     sp, s2, gp
core   0: 3 0x80008fa8 (0x00394133) x 2 0xf8c74c9f
core   0: 0x80008fac (0x00537933) and     s2, t1, t0
core   0: 3 0x80008fac (0x00537933) x18 0x00000001
core   0: 0x80008fb0 (0x41a6d333) sra     t1, a3, s10
core   0: 3 0x80008fb0 (0x41a6d333) x 6 0x14752b96
core   0: 0x80008fb4 (0x005adb93) srli    s7, s5, 5
core   0: 3 0x80008fb4 (0x005adb93) x23 0x00000000
core   0: 0x80008fb8 (0x018687b3) add     a5, a3, s8
core   0: 3 0x80008fb8 (0x018687b3) x15 0xadb65d85
core   0: 0x80008fbc (0x1c5b8217) auipc   tp, 0x1c5b8
core   0: 3 0x80008fbc (0x1c5b8217) x 4 0x9c5c0fbc
core   0: 0x80008fc0 (0x01db5413) srli    s0, s6, 29
core   0: 3 0x80008fc0 (0x01db5413) x 8 0x00000007
core   0: 0x80008fc4 (0x00a58db3) add     s11, a1, a0
core   0: 3 0x80008fc4 (0x00a58db3) x27 0x7b33ff50
core   0: 0x80008fc8 (0x40ea0233) sub     tp, s4, a4
core   0: 3 0x80008fc8 (0x40ea0233) x 4 0x80000000
core   0: 0x80008fcc (0x0148dd93) srli    s11, a7, 20
core   0: 3 0x80008fcc (0x0148dd93) x27 0x00000800
core   0: 0x80008fd0 (0x0184af33) slt     t5, s1, s8
core   0: 3 0x80008fd0 (0x0184af33) x30 0x00000000
core   0: 0x80008fd4 (0x41a756b3) sra     a3, a4, s10
core   0: 3 0x80008fd4 (0x41a756b3) x13 0xc0000000
core   0: 0x80008fd8 (0xaa19af93) slti    t6, s3, -1375
core   0: 3 0x80008fd8 (0xaa19af93) x31 0x00000000
core   0: 0x80008fdc (0x00468533) add     a0, a3, tp
core   0: 3 0x80008fdc (0x00468533) x10 0x40000000
core   0: 0x80008fe0 (0x41847c17) auipc   s8, 0x41847
core   0: 3 0x80008fe0 (0x41847c17) x24 0xc184ffe0
core   0: 0x80008fe4 (0x003621b3) slt     gp, a2, gp
core   0: 3 0x80008fe4 (0x003621b3) x 3 0x00000001
core   0: 0x80008fe8 (0x00000013) nop
core   0: 3 0x80008fe8 (0x00000013)
core   0: 0x80008fec (0x00000013) nop
core   0: 3 0x80008fec (0x00000013)
core   0: 0x80008ff0 (0x0065d293) srli    t0, a1, 6
core   0: 3 0x80008ff0 (0x0065d293) x 5 0x03eccffd
core   0: 0x80008ff4 (0xd3838897) auipc   a7, 0xd3838
core   0: 3 0x80008ff4 (0xd3838897) x17 0x53840ff4
core   0: 0x80008ff8 (0xf9054313) xori    t1, a0, -112
core   0: 3 0x80008ff8 (0xf9054313) x 6 0xbfffff90
core   0: 0x80008ffc (0x1667a293) slti    t0, a5, 358
core   0: 3 0x80008ffc (0x1667a293) x 5 0x00000001
core   0: 0x80009000 (0x00bca433) slt     s0, s9, a1
core   0: 3 0x80009000 (0x00bca433) x 8 0x00000001
core   0: 0x80009004 (0x581bee13) ori     t3, s7, 1409
core   0: 3 0x80009004 (0x581bee13) x28 0x00000581
core   0: 0x80009008 (0xce9dfe13) andi    t3, s11, -791
core   0: 3 0x80009008 (0xce9dfe13) x28 0x00000800
core   0: 0x8000900c (0x01561ab3) sll     s5, a2, s5
core   0: 3 0x8000900c (0x01561ab3) x21 0x80011f08
core   0: 0x80009010 (0xc8db8517) auipc   a0, 0xc8db8
core   0: 3 0x80009010 (0xc8db8517) x10 0x48dc1010
core   0: 0x80009014 (0x002581b3) add     gp, a1, sp
core   0: 3 0x80009014 (0x002581b3) x 3 0xf3fb4bef
core   0: 0x80009018 (0x01d75f93) srli    t6, a4, 29
core   0: 3 0x80009018 (0x01d75f93) x31 0x00000004
core   0: 0x8000901c (0x8095aa93) slti    s5, a1, -2039
core   0: 3 0x8000901c (0x8095aa93) x21 0x00000001
core   0: 0x80009020 (0x00c8e633) or      a2, a7, a2
core   0: 3 0x80009020 (0x00c8e633) x12 0xd3851ffc
core   0: 0x80009024 (0x4132d513) srai    a0, t0, 19
core   0: 3 0x80009024 (0x4132d513) x10 0x00000000
core   0: 0x80009028 (0xedd30b13) addi    s6, t1, -291
core   0: 3 0x80009028 (0xedd30b13) x22 0xbffffe6d
core   0: 0x8000902c (0x0045abb3) slt     s7, a1, tp
core   0: 3 0x8000902c (0x0045abb3) x23 0x00000000
core   0: 0x80009030 (0x00fb8c33) add     s8, s7, a5
core   0: 3 0x80009030 (0x00fb8c33) x24 0xadb65d85
core   0: 0x80009034 (0x01cb5333) srl     t1, s6, t3
core   0: 3 0x80009034 (0x01cb5333) x 6 0xbffffe6d
core   0: 0x80009038 (0x01864e33) xor     t3, a2, s8
core   0: 3 0x80009038 (0x01864e33) x28 0x7e334279
core   0: 0x8000903c (0xa9688d93) addi    s11, a7, -1386
core   0: 3 0x8000903c (0xa9688d93) x27 0x53840a8a
core   0: 0x80009040 (0xdc3ff813) andi    a6, t6, -573
core   0: 3 0x80009040 (0xdc3ff813) x16 0x00000000
core   0: 0x80009044 (0x00000013) nop
core   0: 3 0x80009044 (0x00000013)
core   0: 0x80009048 (0x5612ea93) ori     s5, t0, 1377
core   0: 3 0x80009048 (0x5612ea93) x21 0x00000561
core   0: 0x8000904c (0x00af9593) slli    a1, t6, 10
core   0: 3 0x8000904c (0x00af9593) x11 0x00001000
core   0: 0x80009050 (0xae647a17) auipc   s4, 0xae647
core   0: 3 0x80009050 (0xae647a17) x20 0x2e650050
core   0: 0x80009054 (0x898ce797) auipc   a5, 0x898ce
core   0: 3 0x80009054 (0x898ce797) x15 0x098d7054
core   0: 0x80009058 (0xd6066013) ori     zero, a2, -672
core   0: 3 0x80009058 (0xd6066013)
core   0: 0x8000905c (0x015090b3) sll     ra, ra, s5
core   0: 3 0x8000905c (0x015090b3) x 1 0x010002b8
core   0: 0x80009060 (0x018f97b3) sll     a5, t6, s8
core   0: 3 0x80009060 (0x018f97b3) x15 0x00000080
core   0: 0x80009064 (0x19003893) sltiu   a7, zero, 400
core   0: 3 0x80009064 (0x19003893) x17 0x00000001
core   0: 0x80009068 (0x002de833) or      a6, s11, sp
core   0: 3 0x80009068 (0x002de833) x16 0xfbc74e9f
core   0: 0x8000906c (0x12250393) addi    t2, a0, 290
core   0: 3 0x8000906c (0x12250393) x 7 0x00000122
core   0: 0x80009070 (0xf4e79b97) auipc   s7, 0xf4e79
core   0: 3 0x80009070 (0xf4e79b97) x23 0x74e82070
core   0: 0x80009074 (0x40b3d5b3) sra     a1, t2, a1
core   0: 3 0x80009074 (0x40b3d5b3) x11 0x00000122
core   0: 0x80009078 (0x409688b3) sub     a7, a3, s1
core   0: 3 0x80009078 (0x409688b3) x17 0xc0000000
core   0: 0x8000907c (0x00fedc33) srl     s8, t4, a5
core   0: 3 0x8000907c (0x00fedc33) x24 0x80011e64
core   0: 0x80009080 (0x012ddd33) srl     s10, s11, s2
core   0: 3 0x80009080 (0x012ddd33) x26 0x29c20545
core   0: 0x80009084 (0x412454b3) sra     s1, s0, s2
core   0: 3 0x80009084 (0x412454b3) x 9 0x00000000
core   0: 0x80009088 (0x00520db3) add     s11, tp, t0
core   0: 3 0x80009088 (0x00520db3) x27 0x80000001
core   0: 0x8000908c (0x48187d97) auipc   s11, 0x48187
core   0: 3 0x8000908c (0x48187d97) x27 0xc819008c
core   0: 0x80009090 (0x410f5d13) srai    s10, t5, 16
core   0: 3 0x80009090 (0x410f5d13) x26 0x00000000
core   0: 0x80009094 (0x00a8e133) or      sp, a7, a0
core   0: 3 0x80009094 (0x00a8e133) x 2 0xc0000000
core   0: 0x80009098 (0xa77ac693) xori    a3, s5, -1417
core   0: 3 0x80009098 (0xa77ac693) x13 0xffffff16
core   0: 0x8000909c (0x417dd3b3) sra     t2, s11, s7
core   0: 3 0x8000909c (0x417dd3b3) x 7 0xffffc819
core   0: 0x800090a0 (0xf65a3293) sltiu   t0, s4, -155
core   0: 3 0x800090a0 (0xf65a3293) x 5 0x00000001
core   0: 0x800090a4 (0x00f65593) srli    a1, a2, 15
core   0: 3 0x800090a4 (0x00f65593) x11 0x0001a70a
core   0: 0x800090a8 (0x3744b597) auipc   a1, 0x3744b
core   0: 3 0x800090a8 (0x3744b597) x11 0xb74540a8
core   0: 0x800090ac (0x012a44b3) xor     s1, s4, s2
core   0: 3 0x800090ac (0x012a44b3) x 9 0x2e650051
core   0: 0x800090b0 (0x00000013) nop
core   0: 3 0x800090b0 (0x00000013)
core   0: 0x800090b4 (0x01dc86b3) add     a3, s9, t4
core   0: 3 0x800090b4 (0x01dc86b3) x13 0x00027b48
core   0: 0x800090b8 (0x52b28513) addi    a0, t0, 1323
core   0: 3 0x800090b8 (0x52b28513) x10 0x0000052c
core   0: 0x800090bc (0x49e46393) ori     t2, s0, 1182
core   0: 3 0x800090bc (0x49e46393) x 7 0x0000049f
core   0: 0x800090c0 (0x0dfa4db7) lui     s11, 0xdfa4
core   0: 3 0x800090c0 (0x0dfa4db7) x27 0x0dfa4000
core   0: 0x800090c4 (0x00fe70b3) and     ra, t3, a5
core   0: 3 0x800090c4 (0x00fe70b3) x 1 0x00000000
core   0: 0x800090c8 (0x825e3913) sltiu   s2, t3, -2011
core   0: 3 0x800090c8 (0x825e3913) x18 0x00000001
core   0: 0x800090cc (0x005cffb3) and     t6, s9, t0
core   0: 3 0x800090cc (0x005cffb3) x31 0x00000000
core   0: 0x800090d0 (0x4646e313) ori     t1, a3, 1124
core   0: 3 0x800090d0 (0x4646e313) x 6 0x00027f6c
core   0: 0x800090d4 (0xe80e5a97) auipc   s5, 0xe80e5
core   0: 3 0x800090d4 (0xe80e5a97) x21 0x680ee0d4
core   0: 0x800090d8 (0x414bdfb3) sra     t6, s7, s4
core   0: 3 0x800090d8 (0x414bdfb3) x31 0x000074e8
core   0: 0x800090dc (0x00275693) srli    a3, a4, 2
core   0: 3 0x800090dc (0x00275693) x13 0x20000000
core   0: 0x800090e0 (0x015f76b3) and     a3, t5, s5
core   0: 3 0x800090e0 (0x015f76b3) x13 0x00000000
core   0: 0x800090e4 (0x5c072593) slti    a1, a4, 1472
core   0: 3 0x800090e4 (0x5c072593) x11 0x00000001
core   0: 0x800090e8 (0x01aa21b3) slt     gp, s4, s10
core   0: 3 0x800090e8 (0x01aa21b3) x 3 0x00000000
core   0: 0x800090ec (0x429d4f93) xori    t6, s10, 1065
core   0: 3 0x800090ec (0x429d4f93) x31 0x00000429
core   0: 0x800090f0 (0x3ebbce13) xori    t3, s7, 1003
core   0: 3 0x800090f0 (0x3ebbce13) x28 0x74e8239b
core   0: 0x800090f4 (0x95a13a13) sltiu   s4, sp, -1702
core   0: 3 0x800090f4 (0x95a13a13) x20 0x00000001
core   0: 0x800090f8 (0x0029ab33) slt     s6, s3, sp
core   0: 3 0x800090f8 (0x0029ab33) x22 0x00000000
core   0: 0x800090fc (0x0021bf33) sltu    t5, gp, sp
core   0: 3 0x800090fc (0x0021bf33) x30 0x00000001
core   0: 0x80009100 (0x86622413) slti    s0, tp, -1946
core   0: 3 0x80009100 (0x86622413) x 8 0x00000001
core   0: 0x80009104 (0x125d5517) auipc   a0, 0x125d5
core   0: 3 0x80009104 (0x125d5517) x10 0x925de104
core   0: 0x80009108 (0x40915f33) sra     t5, sp, s1
core   0: 3 0x80009108 (0x40915f33) x30 0xffffe000
core   0: 0x8000910c (0xf935cb17) auipc   s6, 0xf935c
core   0: 3 0x8000910c (0xf935cb17) x22 0x7936510c
core   0: 0x80009110 (0x0128d293) srli    t0, a7, 18
core   0: 3 0x80009110 (0x0128d293) x 5 0x00003000
core   0: 0x80009114 (0x00b3b4b3) sltu    s1, t2, a1
core   0: 3 0x80009114 (0x00b3b4b3) x 9 0x00000000
core   0: 0x80009118 (0x40db87b3) sub     a5, s7, a3
core   0: 3 0x80009118 (0x40db87b3) x15 0x74e82070
core   0: 0x8000911c (0x8df6f613) andi    a2, a3, -1825
core   0: 3 0x8000911c (0x8df6f613) x12 0x00000000
core   0: 0x80009120 (0x00e58c33) add     s8, a1, a4
core   0: 3 0x80009120 (0x00e58c33) x24 0x80000001
core   0: 0x80009124 (0xe18dcc13) xori    s8, s11, -488
core   0: 3 0x80009124 (0xe18dcc13) x24 0xf205be18
core   0: 0x80009128 (0x01039db3) sll     s11, t2, a6
core   0: 3 0x80009128 (0x01039db3) x27 0x80000000
core   0: 0x8000912c (0x91b1d0b7) lui     ra, 0x91b1d
core   0: 3 0x8000912c (0x91b1d0b7) x 1 0x91b1d000
core   0: 0x80009130 (0x01e98633) add     a2, s3, t5
core   0: 3 0x80009130 (0x01e98633) x12 0xffffe008
core   0: 0x80009134 (0x411ed133) sra     sp, t4, a7
core   0: 3 0x80009134 (0x411ed133) x 2 0x80011e64
core   0: 0x80009138 (0x41b75533) sra     a0, a4, s11
core   0: 3 0x80009138 (0x41b75533) x10 0x80000000
core   0: 0x8000913c (0xff453b13) sltiu   s6, a0, -12
core   0: 3 0x8000913c (0xff453b13) x22 0x00000001
core   0: 0x80009140 (0xb1ed0613) addi    a2, s10, -1250
core   0: 3 0x80009140 (0xb1ed0613) x12 0xfffffb1e
core   0: 0x80009144 (0x017a5393) srli    t2, s4, 23
core   0: 3 0x80009144 (0x017a5393) x 7 0x00000000
core   0: 0x80009148 (0x45f23c13) sltiu   s8, tp, 1119
core   0: 3 0x80009148 (0x45f23c13) x24 0x00000000
core   0: 0x8000914c (0x062e0d97) auipc   s11, 0x62e0
core   0: 3 0x8000914c (0x062e0d97) x27 0x862e914c
core   0: 0x80009150 (0x0061be33) sltu    t3, gp, t1
core   0: 3 0x80009150 (0x0061be33) x28 0x00000001
core   0: 0x80009154 (0x060c4c13) xori    s8, s8, 96
core   0: 3 0x80009154 (0x060c4c13) x24 0x00000060
core   0: 0x80009158 (0xe46e2313) slti    t1, t3, -442
core   0: 3 0x80009158 (0xe46e2313) x 6 0x00000000
core   0: 0x8000915c (0xcfee0693) addi    a3, t3, -770
core   0: 3 0x8000915c (0xcfee0693) x13 0xfffffcff
core   0: 0x80009160 (0x01554db3) xor     s11, a0, s5
core   0: 3 0x80009160 (0x01554db3) x27 0xe80ee0d4
core   0: 0x80009164 (0x77abc117) auipc   sp, 0x77abc
core   0: 3 0x80009164 (0x77abc117) x 2 0xf7ac5164
core   0: 0x80009168 (0x013c5e33) srl     t3, s8, s3
core   0: 3 0x80009168 (0x013c5e33) x28 0x00000000
core   0: 0x8000916c (0x41815913) srai    s2, sp, 24
core   0: 3 0x8000916c (0x41815913) x18 0xfffffff7
core   0: 0x80009170 (0x82f9f893) andi    a7, s3, -2001
core   0: 3 0x80009170 (0x82f9f893) x17 0x00000008
core   0: 0x80009174 (0x412389b3) sub     s3, t2, s2
core   0: 3 0x80009174 (0x412389b3) x19 0x00000009
core   0: 0x80009178 (0x01e32233) slt     tp, t1, t5
core   0: 3 0x80009178 (0x01e32233) x 4 0x00000000
core   0: 0x8000917c (0x003fb7b3) sltu    a5, t6, gp
core   0: 3 0x8000917c (0x003fb7b3) x15 0x00000000
core   0: 0x80009180 (0x00871f93) slli    t6, a4, 8
core   0: 3 0x80009180 (0x00871f93) x31 0x00000000
core   0: 0x80009184 (0x40ce8533) sub     a0, t4, a2
core   0: 3 0x80009184 (0x40ce8533) x10 0x80012346
core   0: 0x80009188 (0x561c8f93) addi    t6, s9, 1377
core   0: 3 0x80009188 (0x561c8f93) x31 0x80016245
core   0: 0x8000918c (0x9e11af97) auipc   t6, 0x9e11a
core   0: 3 0x8000918c (0x9e11af97) x31 0x1e12318c
core   0: 0x80009190 (0x01534633) xor     a2, t1, s5
core   0: 3 0x80009190 (0x01534633) x12 0x680ee0d4
core   0: 0x80009194 (0x46da3517) auipc   a0, 0x46da3
core   0: 3 0x80009194 (0x46da3517) x10 0xc6dac194
core   0: 0x80009198 (0x0151dc33) srl     s8, gp, s5
core   0: 3 0x80009198 (0x0151dc33) x24 0x00000000
core   0: 0x8000919c (0xc0e96393) ori     t2, s2, -1010
core   0: 3 0x8000919c (0xc0e96393) x 7 0xffffffff
core   0: 0x800091a0 (0x006e76b3) and     a3, t3, t1
core   0: 3 0x800091a0 (0x006e76b3) x13 0x00000000
core   0: 0x800091a4 (0xd2e63ab7) lui     s5, 0xd2e63
core   0: 3 0x800091a4 (0xd2e63ab7) x21 0xd2e63000
core   0: 0x800091a8 (0x8331af93) slti    t6, gp, -1997
core   0: 3 0x800091a8 (0x8331af93) x31 0x00000000
core   0: 0x800091ac (0x00a3d093) srli    ra, t2, 10
core   0: 3 0x800091ac (0x00a3d093) x 1 0x003fffff
core   0: 0x800091b0 (0x006be9b3) or      s3, s7, t1
core   0: 3 0x800091b0 (0x006be9b3) x19 0x74e82070
core   0: 0x800091b4 (0x00e8df13) srli    t5, a7, 14
core   0: 3 0x800091b4 (0x00e8df13) x30 0x00000000
core   0: 0x800091b8 (0x00992fb3) slt     t6, s2, s1
core   0: 3 0x800091b8 (0x00992fb3) x31 0x00000001
core   0: 0x800091bc (0x34330113) addi    sp, t1, 835
core   0: 3 0x800091bc (0x34330113) x 2 0x00000343
core   0: 0x800091c0 (0x417ad5b3) sra     a1, s5, s7
core   0: 3 0x800091c0 (0x417ad5b3) x11 0xffffd2e6
core   0: 0x800091c4 (0x011497b3) sll     a5, s1, a7
core   0: 3 0x800091c4 (0x011497b3) x15 0x00000000
core   0: 0x800091c8 (0x01e1db93) srli    s7, gp, 30
core   0: 3 0x800091c8 (0x01e1db93) x23 0x00000000
core   0: 0x800091cc (0x45440993) addi    s3, s0, 1108
core   0: 3 0x800091cc (0x45440993) x19 0x00000455
core   0: 0x800091d0 (0xd0d46c13) ori     s8, s0, -755
core   0: 3 0x800091d0 (0xd0d46c13) x24 0xfffffd0d
core   0: 0x800091d4 (0x20796893) ori     a7, s2, 519
core   0: 3 0x800091d4 (0x20796893) x17 0xfffffff7
core   0: 0x800091d8 (0x013a4633) xor     a2, s4, s3
core   0: 3 0x800091d8 (0x013a4633) x12 0x00000454
core   0: 0x800091dc (0x4055d833) sra     a6, a1, t0
core   0: 3 0x800091dc (0x4055d833) x16 0xffffd2e6
core   0: 0x800091e0 (0x01936f33) or      t5, t1, s9
core   0: 3 0x800091e0 (0x01936f33) x30 0x80015ce4
core   0: 0x800091e4 (0x6e69c313) xori    t1, s3, 1766
core   0: 3 0x800091e4 (0x6e69c313) x 6 0x000002b3
core   0: 0x800091e8 (0x00d6d693) srli    a3, a3, 13
core   0: 3 0x800091e8 (0x00d6d693) x13 0x00000000
core   0: 0x800091ec (0x00f515b3) sll     a1, a0, a5
core   0: 3 0x800091ec (0x00f515b3) x11 0xc6dac194
core   0: 0x800091f0 (0xb6586b17) auipc   s6, 0xb6586
core   0: 3 0x800091f0 (0xb6586b17) x22 0x3658f1f0
core   0: 0x800091f4 (0x01501793) slli    a5, zero, 21
core   0: 3 0x800091f4 (0x01501793) x15 0x00000000
core   0: 0x800091f8 (0x01d91db3) sll     s11, s2, t4
core   0: 3 0x800091f8 (0x01d91db3) x27 0xffffff70
core   0: 0x800091fc (0x01eb0d33) add     s10, s6, t5
core   0: 3 0x800091fc (0x01eb0d33) x26 0xb65a4ed4
core   0: 0x80009200 (0x00096633) or      a2, s2, zero
core   0: 3 0x80009200 (0x00096633) x12 0xfffffff7
core   0: 0x80009204 (0xf1d726b7) lui     a3, 0xf1d72
core   0: 3 0x80009204 (0xf1d726b7) x13 0xf1d72000
core   0: 0x80009208 (0x40025393) srai    t2, tp, 0
core   0: 3 0x80009208 (0x40025393) x 7 0x00000000
core   0: 0x8000920c (0x007d3833) sltu    a6, s10, t2
core   0: 3 0x8000920c (0x007d3833) x16 0x00000000
core   0: 0x80009210 (0x00000013) nop
core   0: 3 0x80009210 (0x00000013)
core   0: 0x80009214 (0x8431df97) auipc   t6, 0x8431d
core   0: 3 0x80009214 (0x8431df97) x31 0x04326214
core   0: 0x80009218 (0x018a0db3) add     s11, s4, s8
core   0: 3 0x80009218 (0x018a0db3) x27 0xfffffd0e
core   0: 0x8000921c (0x01a489b3) add     s3, s1, s10
core   0: 3 0x8000921c (0x01a489b3) x19 0xb65a4ed4
core   0: 0x80009220 (0x014dec33) or      s8, s11, s4
core   0: 3 0x80009220 (0x014dec33) x24 0xfffffd0f
core   0: 0x80009224 (0x40fa03b3) sub     t2, s4, a5
core   0: 3 0x80009224 (0x40fa03b3) x 7 0x00000001
core   0: 0x80009228 (0x016bb233) sltu    tp, s7, s6
core   0: 3 0x80009228 (0x016bb233) x 4 0x00000001
core   0: 0x8000922c (0x00008833) add     a6, ra, zero
core   0: 3 0x8000922c (0x00008833) x16 0x003fffff
core   0: 0x80009230 (0x50156b93) ori     s7, a0, 1281
core   0: 3 0x80009230 (0x50156b93) x23 0xc6dac595
core   0: 0x80009234 (0x017fdb13) srli    s6, t6, 23
core   0: 3 0x80009234 (0x017fdb13) x22 0x00000008
core   0: 0x80009238 (0x6df27993) andi    s3, tp, 1759
core   0: 3 0x80009238 (0x6df27993) x19 0x00000001
core   0: 0x8000923c (0x75953513) sltiu   a0, a0, 1881
core   0: 3 0x8000923c (0x75953513) x10 0x00000000
core   0: 0x80009240 (0x41a5d013) srai    zero, a1, 26
core   0: 3 0x80009240 (0x41a5d013)
core   0: 0x80009244 (0x01d55493) srli    s1, a0, 29
core   0: 3 0x80009244 (0x01d55493) x 9 0x00000000
core   0: 0x80009248 (0x01e83c33) sltu    s8, a6, t5
core   0: 3 0x80009248 (0x01e83c33) x24 0x00000001
core   0: 0x8000924c (0x41e653b3) sra     t2, a2, t5
core   0: 3 0x8000924c (0x41e653b3) x 7 0xffffffff
core   0: 0x80009250 (0x005b2533) slt     a0, s6, t0
core   0: 3 0x80009250 (0x005b2533) x10 0x00000001
core   0: 0x80009254 (0x40170db3) sub     s11, a4, ra
core   0: 3 0x80009254 (0x40170db3) x27 0x7fc00001
core   0: 0x80009258 (0x60d08413) addi    s0, ra, 1549
core   0: 3 0x80009258 (0x60d08413) x 8 0x0040060c
core   0: 0x8000925c (0x01eff233) and     tp, t6, t5
core   0: 3 0x8000925c (0x01eff233) x 4 0x00004004
core   0: 0x80009260 (0x01bcd2b3) srl     t0, s9, s11
core   0: 3 0x80009260 (0x01bcd2b3) x 5 0x4000ae72
core   0: 0x80009264 (0x5e933ab7) lui     s5, 0x5e933
core   0: 3 0x80009264 (0x5e933ab7) x21 0x5e933000
core   0: 0x80009268 (0x789fe413) ori     s0, t6, 1929
core   0: 3 0x80009268 (0x789fe413) x 8 0x0432679d
core   0: 0x8000926c (0x019d9293) slli    t0, s11, 25
core   0: 3 0x8000926c (0x019d9293) x 5 0x02000000
core   0: 0x80009270 (0x000f6c33) or      s8, t5, zero
core   0: 3 0x80009270 (0x000f6c33) x24 0x80015ce4
core   0: 0x80009274 (0x00cd8d33) add     s10, s11, a2
core   0: 3 0x80009274 (0x00cd8d33) x26 0x7fbffff8
core   0: 0x80009278 (0x011e5913) srli    s2, t3, 17
core   0: 3 0x80009278 (0x011e5913) x18 0x00000000
core   0: 0x8000927c (0x01ef22b3) slt     t0, t5, t5
core   0: 3 0x8000927c (0x01ef22b3) x 5 0x00000000
core   0: 0x80009280 (0xb6133b93) sltiu   s7, t1, -1183
core   0: 3 0x80009280 (0xb6133b93) x23 0x00000001
core   0: 0x80009284 (0x40ae83b3) sub     t2, t4, a0
core   0: 3 0x80009284 (0x40ae83b3) x 7 0x80011e63
core   0: 0x80009288 (0x39b3e493) ori     s1, t2, 923
core   0: 3 0x80009288 (0x39b3e493) x 9 0x80011ffb
core   0: 0x8000928c (0x00eafbb3) and     s7, s5, a4
core   0: 3 0x8000928c (0x00eafbb3) x23 0x00000000
core   0: 0x80009290 (0xf49679b7) lui     s3, 0xf4967
core   0: 3 0x80009290 (0xf49679b7) x19 0xf4967000
core   0: 0x80009294 (0x3abaab13) slti    s6, s5, 939
core   0: 3 0x80009294 (0x3abaab13) x22 0x00000000
core   0: 0x80009298 (0x00439a33) sll     s4, t2, tp
core   0: 3 0x80009298 (0x00439a33) x20 0x0011e630
core   0: 0x8000929c (0xb6868293) addi    t0, a3, -1176
core   0: 3 0x8000929c (0xb6868293) x 5 0xf1d71b68
core   0: 0x800092a0 (0x01910533) add     a0, sp, s9
core   0: 3 0x800092a0 (0x01910533) x10 0x80016027
core   0: 0x800092a4 (0x00f27db3) and     s11, tp, a5
core   0: 3 0x800092a4 (0x00f27db3) x27 0x00000000
core   0: 0x800092a8 (0x52e97b13) andi    s6, s2, 1326
core   0: 3 0x800092a8 (0x52e97b13) x22 0x00000000
core   0: 0x800092ac (0x41035f13) srai    t5, t1, 16
core   0: 3 0x800092ac (0x41035f13) x30 0x00000000
core   0: 0x800092b0 (0xd9752a93) slti    s5, a0, -617
core   0: 3 0x800092b0 (0xd9752a93) x21 0x00000001
core   0: 0x800092b4 (0x000c5d33) srl     s10, s8, zero
core   0: 3 0x800092b4 (0x000c5d33) x26 0x80015ce4
core   0: 0x800092b8 (0x6ba04293) xori    t0, zero, 1722
core   0: 3 0x800092b8 (0x6ba04293) x 5 0x000006ba
core   0: 0x800092bc (0xad5cae17) auipc   t3, 0xad5ca
core   0: 3 0x800092bc (0xad5cae17) x28 0x2d5d32bc
core   0: 0x800092c0 (0x01491293) slli    t0, s2, 20
core   0: 3 0x800092c0 (0x01491293) x 5 0x00000000
core   0: 0x800092c4 (0x00b347b3) xor     a5, t1, a1
core   0: 3 0x800092c4 (0x00b347b3) x15 0xc6dac327
core   0: 0x800092c8 (0x01e03333) snez    t1, t5
core   0: 3 0x800092c8 (0x01e03333) x 6 0x00000000
core   0: 0x800092cc (0x01fa9493) slli    s1, s5, 31
core   0: 3 0x800092cc (0x01fa9493) x 9 0x80000000
core   0: 0x800092d0 (0x00dd01b3) add     gp, s10, a3
core   0: 3 0x800092d0 (0x00dd01b3) x 3 0x71d87ce4
core   0: 0x800092d4 (0x510f8d93) addi    s11, t6, 1296
core   0: 3 0x800092d4 (0x510f8d93) x27 0x04326724
core   0: 0x800092d8 (0x00bd6c33) or      s8, s10, a1
core   0: 3 0x800092d8 (0x00bd6c33) x24 0xc6dbddf4
core   0: 0x800092dc (0x01aa2bb3) slt     s7, s4, s10
core   0: 3 0x800092dc (0x01aa2bb3) x23 0x00000000
core   0: 0x800092e0 (0xcd046b13) ori     s6, s0, -816
core   0: 3 0x800092e0 (0xcd046b13) x22 0xffffffdd
core   0: 0x800092e4 (0x00857433) and     s0, a0, s0
core   0: 3 0x800092e4 (0x00857433) x 8 0x00006005
core   0: 0x800092e8 (0xa7f8da17) auipc   s4, 0xa7f8d
core   0: 3 0x800092e8 (0xa7f8da17) x20 0x27f962e8
core   0: 0x800092ec (0x01445333) srl     t1, s0, s4
core   0: 3 0x800092ec (0x01445333) x 6 0x00000060
core   0: 0x800092f0 (0x0056c1b3) xor     gp, a3, t0
core   0: 3 0x800092f0 (0x0056c1b3) x 3 0xf1d72000
core   0: 0x800092f4 (0x0059d033) srl     zero, s3, t0
core   0: 3 0x800092f4 (0x0059d033)
core   0: 0x800092f8 (0x00ca7333) and     t1, s4, a2
core   0: 3 0x800092f8 (0x00ca7333) x 6 0x27f962e0
core   0: 0x800092fc (0x41438fb3) sub     t6, t2, s4
core   0: 3 0x800092fc (0x41438fb3) x31 0x5807bb7b
core   0: 0x80009300 (0x014b9933) sll     s2, s7, s4
core   0: 3 0x80009300 (0x014b9933) x18 0x00000000
core   0: 0x80009304 (0x00326933) or      s2, tp, gp
core   0: 3 0x80009304 (0x00326933) x18 0xf1d76004
core   0: 0x80009308 (0x419d5193) srai    gp, s10, 25
core   0: 3 0x80009308 (0x419d5193) x 3 0xffffffc0
core   0: 0x8000930c (0xe7993593) sltiu   a1, s2, -391
core   0: 3 0x8000930c (0xe7993593) x11 0x00000001
core   0: 0x80009310 (0x00c6ee33) or      t3, a3, a2
core   0: 3 0x80009310 (0x00c6ee33) x28 0xfffffff7
core   0: 0x80009314 (0x00a13ab3) sltu    s5, sp, a0
core   0: 3 0x80009314 (0x00a13ab3) x21 0x00000001
core   0: 0x80009318 (0x40098b33) sub     s6, s3, zero
core   0: 3 0x80009318 (0x40098b33) x22 0xf4967000
core   0: 0x8000931c (0x0076e9b3) or      s3, a3, t2
core   0: 3 0x8000931c (0x0076e9b3) x19 0xf1d73e63
core   0: 0x80009320 (0x15cc3417) auipc   s0, 0x15cc3
core   0: 3 0x80009320 (0x15cc3417) x 8 0x95ccc320
core   0: 0x80009324 (0x8e4cf793) andi    a5, s9, -1820
core   0: 3 0x80009324 (0x8e4cf793) x15 0x800158e4
core   0: 0x80009328 (0x5cadeb37) lui     s6, 0x5cade
core   0: 3 0x80009328 (0x5cadeb37) x22 0x5cade000
core   0: 0x8000932c (0x001cb833) sltu    a6, s9, ra
core   0: 3 0x8000932c (0x001cb833) x16 0x00000000
core   0: 0x80009330 (0x01cff233) and     tp, t6, t3
core   0: 3 0x80009330 (0x01cff233) x 4 0x5807bb73
core   0: 0x80009334 (0x41f4dab3) sra     s5, s1, t6
core   0: 3 0x80009334 (0x41f4dab3) x21 0xfffffff0
core   0: 0x80009338 (0x015c0c33) add     s8, s8, s5
core   0: 3 0x80009338 (0x015c0c33) x24 0xc6dbdde4
core   0: 0x8000933c (0x311cf517) auipc   a0, 0x311cf
core   0: 3 0x8000933c (0x311cf517) x10 0xb11d833c
core   0: 0x80009340 (0x8e753a93) sltiu   s5, a0, -1817
core   0: 3 0x80009340 (0x8e753a93) x21 0x00000001
core   0: 0x80009344 (0x01c2d513) srli    a0, t0, 28
core   0: 3 0x80009344 (0x01c2d513) x10 0x00000000
core   0: 0x80009348 (0x6e39e293) ori     t0, s3, 1763
core   0: 3 0x80009348 (0x6e39e293) x 5 0xf1d73ee3
core   0: 0x8000934c (0x0a6fff37) lui     t5, 0xa6ff
core   0: 3 0x8000934c (0x0a6fff37) x30 0x0a6ff000
core   0: 0x80009350 (0x98edfd93) andi    s11, s11, -1650
core   0: 3 0x80009350 (0x98edfd93) x27 0x04326104
core   0: 0x80009354 (0x01f374b3) and     s1, t1, t6
core   0: 3 0x80009354 (0x01f374b3) x 9 0x00012260
core   0: 0x80009358 (0x01c4e6b3) or      a3, s1, t3
core   0: 3 0x80009358 (0x01c4e6b3) x13 0xfffffff7
core   0: 0x8000935c (0x00a8cab3) xor     s5, a7, a0
core   0: 3 0x8000935c (0x00a8cab3) x21 0xfffffff7
core   0: 0x80009360 (0xd3afb793) sltiu   a5, t6, -710
core   0: 3 0x80009360 (0xd3afb793) x15 0x00000001
core   0: 0x80009364 (0x1e10be13) sltiu   t3, ra, 481
core   0: 3 0x80009364 (0x1e10be13) x28 0x00000000
core   0: 0x80009368 (0x401753b3) sra     t2, a4, ra
core   0: 3 0x80009368 (0x401753b3) x 7 0xffffffff
core   0: 0x8000936c (0x01bd8e33) add     t3, s11, s11
core   0: 3 0x8000936c (0x01bd8e33) x28 0x0864c208
core   0: 0x80009370 (0x6cb67913) andi    s2, a2, 1739
core   0: 3 0x80009370 (0x6cb67913) x18 0x000006c3
core   0: 0x80009374 (0xd1682a93) slti    s5, a6, -746
core   0: 3 0x80009374 (0xd1682a93) x21 0x00000000
core   0: 0x80009378 (0x0093d5b3) srl     a1, t2, s1
core   0: 3 0x80009378 (0x0093d5b3) x11 0xffffffff
core   0: 0x8000937c (0xe3736e13) ori     t3, t1, -457
core   0: 3 0x8000937c (0xe3736e13) x28 0xfffffef7
core   0: 0x80009380 (0x01869c33) sll     s8, a3, s8
core   0: 3 0x80009380 (0x01869c33) x24 0xffffff70
core   0: 0x80009384 (0x01c6a5b3) slt     a1, a3, t3
core   0: 3 0x80009384 (0x01c6a5b3) x11 0x00000000
core   0: 0x80009388 (0x0017ff33) and     t5, a5, ra
core   0: 3 0x80009388 (0x0017ff33) x30 0x00000001
core   0: 0x8000938c (0x00193633) sltu    a2, s2, ra
core   0: 3 0x8000938c (0x00193633) x12 0x00000001
core   0: 0x80009390 (0x2e94aa93) slti    s5, s1, 745
core   0: 3 0x80009390 (0x2e94aa93) x21 0x00000000
core   0: 0x80009394 (0x41c95313) srai    t1, s2, 28
core   0: 3 0x80009394 (0x41c95313) x 6 0x00000000
core   0: 0x80009398 (0x3f502413) slti    s0, zero, 1013
core   0: 3 0x80009398 (0x3f502413) x 8 0x00000001
core   0: 0x8000939c (0x4fcac193) xori    gp, s5, 1276
core   0: 3 0x8000939c (0x4fcac193) x 3 0x000004fc
core   0: 0x800093a0 (0x51fb0793) addi    a5, s6, 1311
core   0: 3 0x800093a0 (0x51fb0793) x15 0x5cade51f
core   0: 0x800093a4 (0x00c27d33) and     s10, tp, a2
core   0: 3 0x800093a4 (0x00c27d33) x26 0x00000001
core   0: 0x800093a8 (0x0149ab33) slt     s6, s3, s4
core   0: 3 0x800093a8 (0x0149ab33) x22 0x00000001
core   0: 0x800093ac (0x01709f93) slli    t6, ra, 23
core   0: 3 0x800093ac (0x01709f93) x31 0xff800000
core   0: 0x800093b0 (0x000a8e33) add     t3, s5, zero
core   0: 3 0x800093b0 (0x000a8e33) x28 0x00000000
core   0: 0x800093b4 (0x0107e0b3) or      ra, a5, a6
core   0: 3 0x800093b4 (0x0107e0b3) x 1 0x5cade51f
core   0: 0x800093b8 (0x01f94c33) xor     s8, s2, t6
core   0: 3 0x800093b8 (0x01f94c33) x24 0xff8006c3
core   0: 0x800093bc (0x00a3f033) and     zero, t2, a0
core   0: 3 0x800093bc (0x00a3f033)
core   0: 0x800093c0 (0x40fb8e33) sub     t3, s7, a5
core   0: 3 0x800093c0 (0x40fb8e33) x28 0xa3521ae1
core   0: 0x800093c4 (0x01c01433) sll     s0, zero, t3
core   0: 3 0x800093c4 (0x01c01433) x 8 0x00000000
core   0: 0x800093c8 (0x408adf33) sra     t5, s5, s0
core   0: 3 0x800093c8 (0x408adf33) x30 0x00000000
core   0: 0x800093cc (0xdb6bcd93) xori    s11, s7, -586
core   0: 3 0x800093cc (0xdb6bcd93) x27 0xfffffdb6
core   0: 0x800093d0 (0x4d628093) addi    ra, t0, 1238
core   0: 3 0x800093d0 (0x4d628093) x 1 0xf1d743b9
core   0: 0x800093d4 (0x6da96493) ori     s1, s2, 1754
core   0: 3 0x800093d4 (0x6da96493) x 9 0x000006db
core   0: 0x800093d8 (0x29d47593) andi    a1, s0, 669
core   0: 3 0x800093d8 (0x29d47593) x11 0x00000000
core   0: 0x800093dc (0x80153493) sltiu   s1, a0, -2047
core   0: 3 0x800093dc (0x80153493) x 9 0x00000001
core   0: 0x800093e0 (0xfa836317) auipc   t1, 0xfa836
core   0: 3 0x800093e0 (0xfa836317) x 6 0x7a83f3e0
core   0: 0x800093e4 (0x01ddb8b3) sltu    a7, s11, t4
core   0: 3 0x800093e4 (0x01ddb8b3) x17 0x00000000
core   0: 0x800093e8 (0x3f1aa193) slti    gp, s5, 1009
core   0: 3 0x800093e8 (0x3f1aa193) x 3 0x00000001
core   0: 0x800093ec (0x00000013) nop
core   0: 3 0x800093ec (0x00000013)
core   0: 0x800093f0 (0x014bcab3) xor     s5, s7, s4
core   0: 3 0x800093f0 (0x014bcab3) x21 0x27f962e8
core   0: 0x800093f4 (0x00000013) nop
core   0: 3 0x800093f4 (0x00000013)
core   0: 0x800093f8 (0x007d1813) slli    a6, s10, 7
core   0: 3 0x800093f8 (0x007d1813) x16 0x00000080
core   0: 0x800093fc (0x0135d1b3) srl     gp, a1, s3
core   0: 3 0x800093fc (0x0135d1b3) x 3 0x00000000
core   0: 0x80009400 (0xe50e76b7) lui     a3, 0xe50e7
core   0: 3 0x80009400 (0xe50e76b7) x13 0xe50e7000
core   0: 0x80009404 (0x00016f33) or      t5, sp, zero
core   0: 3 0x80009404 (0x00016f33) x30 0x00000343
core   0: 0x80009408 (0x39ee2b13) slti    s6, t3, 926
core   0: 3 0x80009408 (0x39ee2b13) x22 0x00000001
core   0: 0x8000940c (0x745a6613) ori     a2, s4, 1861
core   0: 3 0x8000940c (0x745a6613) x12 0x27f967ed
core   0: 0x80009410 (0x40a105b3) sub     a1, sp, a0
core   0: 3 0x80009410 (0x40a105b3) x11 0x00000343
core   0: 0x80009414 (0x00fc5513) srli    a0, s8, 15
core   0: 3 0x80009414 (0x00fc5513) x10 0x0001ff00
core   0: 0x80009418 (0x00fcff33) and     t5, s9, a5
core   0: 3 0x80009418 (0x00fcff33) x30 0x00014404
core   0: 0x8000941c (0x005d3a33) sltu    s4, s10, t0
core   0: 3 0x8000941c (0x005d3a33) x20 0x00000001
core   0: 0x80009420 (0x00dafbb3) and     s7, s5, a3
core   0: 3 0x80009420 (0x00dafbb3) x23 0x25086000
core   0: 0x80009424 (0x01caedb3) or      s11, s5, t3
core   0: 3 0x80009424 (0x01caedb3) x27 0xa7fb7ae9
core   0: 0x80009428 (0x004dda13) srli    s4, s11, 4
core   0: 3 0x80009428 (0x004dda13) x20 0x0a7fb7ae
core   0: 0x8000942c (0x80f30093) addi    ra, t1, -2033
core   0: 3 0x8000942c (0x80f30093) x 1 0x7a83ebef
core   0: 0x80009430 (0x2d98d417) auipc   s0, 0x2d98d
core   0: 3 0x80009430 (0x2d98d417) x 8 0xad996430
core   0: 0x80009434 (0x01ce5d13) srli    s10, t3, 28
core   0: 3 0x80009434 (0x01ce5d13) x26 0x0000000a
core   0: 0x80009438 (0x011342b3) xor     t0, t1, a7
core   0: 3 0x80009438 (0x011342b3) x 5 0x7a83f3e0
core   0: 0x8000943c (0x01d1db93) srli    s7, gp, 29
core   0: 3 0x8000943c (0x01d1db93) x23 0x00000000
core   0: 0x80009440 (0x9bf80513) addi    a0, a6, -1601
core   0: 3 0x80009440 (0x9bf80513) x10 0xfffffa3f
core   0: 0x80009444 (0x00725e33) srl     t3, tp, t2
core   0: 3 0x80009444 (0x00725e33) x28 0x00000000
core   0: 0x80009448 (0x389f0793) addi    a5, t5, 905
core   0: 3 0x80009448 (0x389f0793) x15 0x0001478d
core   0: 0x8000944c (0x00b87bb3) and     s7, a6, a1
core   0: 3 0x8000944c (0x00b87bb3) x23 0x00000000
core   0: 0x80009450 (0x7af00613) li      a2, 1967
core   0: 3 0x80009450 (0x7af00613) x12 0x000007af
core   0: 0x80009454 (0x331abc13) sltiu   s8, s5, 817
core   0: 3 0x80009454 (0x331abc13) x24 0x00000000
core   0: 0x80009458 (0x009b9393) slli    t2, s7, 9
core   0: 3 0x80009458 (0x009b9393) x 7 0x00000000
core   0: 0x8000945c (0x40b858b3) sra     a7, a6, a1
core   0: 3 0x8000945c (0x40b858b3) x17 0x00000010
core   0: 0x80009460 (0x1955f693) andi    a3, a1, 405
core   0: 3 0x80009460 (0x1955f693) x13 0x00000101
core   0: 0x80009464 (0x01d7ae33) slt     t3, a5, t4
core   0: 3 0x80009464 (0x01d7ae33) x28 0x00000000
core   0: 0x80009468 (0x41ec5f13) srai    t5, s8, 30
core   0: 3 0x80009468 (0x41ec5f13) x30 0x00000000
core   0: 0x8000946c (0x00000013) nop
core   0: 3 0x8000946c (0x00000013)
core   0: 0x80009470 (0x00878633) add     a2, a5, s0
core   0: 3 0x80009470 (0x00878633) x12 0xad9aabbd
core   0: 0x80009474 (0x41ab5e33) sra     t3, s6, s10
core   0: 3 0x80009474 (0x41ab5e33) x28 0x00000000
core   0: 0x80009478 (0x00000013) nop
core   0: 3 0x80009478 (0x00000013)
core   0: 0x8000947c (0xc43ec393) xori    t2, t4, -957
core   0: 3 0x8000947c (0xc43ec393) x 7 0x7ffee227
core   0: 0x80009480 (0x015a30b3) sltu    ra, s4, s5
core   0: 3 0x80009480 (0x015a30b3) x 1 0x00000001
core   0: 0x80009484 (0x0183d7b3) srl     a5, t2, s8
core   0: 3 0x80009484 (0x0183d7b3) x15 0x7ffee227
core   0: 0x80009488 (0x40908b33) sub     s6, ra, s1
core   0: 3 0x80009488 (0x40908b33) x22 0x00000000
core   0: 0x8000948c (0xd5d2a913) slti    s2, t0, -675
core   0: 3 0x8000948c (0xd5d2a913) x18 0x00000000
core   0: 0x80009490 (0xd34cbd93) sltiu   s11, s9, -716
core   0: 3 0x80009490 (0xd34cbd93) x27 0x00000001
core   0: 0x80009494 (0x005365b3) or      a1, t1, t0
core   0: 3 0x80009494 (0x005365b3) x11 0x7a83f3e0
core   0: 0x80009498 (0xeb013137) lui     sp, 0xeb013
core   0: 3 0x80009498 (0xeb013137) x 2 0xeb013000
core   0: 0x8000949c (0x0136abb3) slt     s7, a3, s3
core   0: 3 0x8000949c (0x0136abb3) x23 0x00000000
core   0: 0x800094a0 (0x41475513) srai    a0, a4, 20
core   0: 3 0x800094a0 (0x41475513) x10 0xfffff800
core   0: 0x800094a4 (0x9b08fd17) auipc   s10, 0x9b08f
core   0: 3 0x800094a4 (0x9b08fd17) x26 0x1b0984a4
core   0: 0x800094a8 (0x168cff13) andi    t5, s9, 360
core   0: 3 0x800094a8 (0x168cff13) x30 0x00000060
core   0: 0x800094ac (0x418f06b3) sub     a3, t5, s8
core   0: 3 0x800094ac (0x418f06b3) x13 0x00000060
core   0: 0x800094b0 (0x0177ffb3) and     t6, a5, s7
core   0: 3 0x800094b0 (0x0177ffb3) x31 0x00000000
core   0: 0x800094b4 (0xce068c13) addi    s8, a3, -800
core   0: 3 0x800094b4 (0xce068c13) x24 0xfffffd40
core   0: 0x800094b8 (0xc85dae17) auipc   t3, 0xc85da
core   0: 3 0x800094b8 (0xc85dae17) x28 0x485e34b8
core   0: 0x800094bc (0xb25a3613) sltiu   a2, s4, -1243
core   0: 3 0x800094bc (0xb25a3613) x12 0x00000001
core   0: 0x800094c0 (0x00aa1c33) sll     s8, s4, a0
core   0: 3 0x800094c0 (0x00aa1c33) x24 0x0a7fb7ae
core   0: 0x800094c4 (0x4059d233) sra     tp, s3, t0
core   0: 3 0x800094c4 (0x4059d233) x 4 0xf1d73e63
core   0: 0x800094c8 (0x75d40d93) addi    s11, s0, 1885
core   0: 3 0x800094c8 (0x75d40d93) x27 0xad996b8d
core   0: 0x800094cc (0x016dc6b3) xor     a3, s11, s6
core   0: 3 0x800094cc (0x016dc6b3) x13 0xad996b8d
core   0: 0x800094d0 (0x4c236a13) ori     s4, t1, 1218
core   0: 3 0x800094d0 (0x4c236a13) x20 0x7a83f7e2
core   0: 0x800094d4 (0x018f5e13) srli    t3, t5, 24
core   0: 3 0x800094d4 (0x018f5e13) x28 0x00000000
core   0: 0x800094d8 (0x00000013) nop
core   0: 3 0x800094d8 (0x00000013)
core   0: 0x800094dc (0x41b38e33) sub     t3, t2, s11
core   0: 3 0x800094dc (0x41b38e33) x28 0xd265769a
core   0: 0x800094e0 (0x34022d13) slti    s10, tp, 832
core   0: 3 0x800094e0 (0x34022d13) x26 0x00000001
core   0: 0x800094e4 (0x4171d633) sra     a2, gp, s7
core   0: 3 0x800094e4 (0x4171d633) x12 0x00000000
core   0: 0x800094e8 (0x00000013) nop
core   0: 3 0x800094e8 (0x00000013)
core   0: 0x800094ec (0x8746c793) xori    a5, a3, -1932
core   0: 3 0x800094ec (0x8746c793) x15 0x526693f9
core   0: 0x800094f0 (0x005f19b3) sll     s3, t5, t0
core   0: 3 0x800094f0 (0x005f19b3) x19 0x00000060
core   0: 0x800094f4 (0x013ff7b3) and     a5, t6, s3
core   0: 3 0x800094f4 (0x013ff7b3) x15 0x00000000
core   0: 0x800094f8 (0x5df6a613) slti    a2, a3, 1503
core   0: 3 0x800094f8 (0x5df6a613) x12 0x00000001
core   0: 0x800094fc (0x437b0993) addi    s3, s6, 1079
core   0: 3 0x800094fc (0x437b0993) x19 0x00000437
core   0: 0x80009500 (0x7dc2ddb7) lui     s11, 0x7dc2d
core   0: 3 0x80009500 (0x7dc2ddb7) x27 0x7dc2d000
core   0: 0x80009504 (0x41ebdb13) srai    s6, s7, 30
core   0: 3 0x80009504 (0x41ebdb13) x22 0x00000000
core   0: 0x80009508 (0x014eefb3) or      t6, t4, s4
core   0: 3 0x80009508 (0x014eefb3) x31 0xfa83ffe6
core   0: 0x8000950c (0x00000013) nop
core   0: 3 0x8000950c (0x00000013)
core   0: 0x80009510 (0x414dd233) sra     tp, s11, s4
core   0: 3 0x80009510 (0x414dd233) x 4 0x1f70b400
core   0: 0x80009514 (0x3d274d13) xori    s10, a4, 978
core   0: 3 0x80009514 (0x3d274d13) x26 0x800003d2
core   0: 0x80009518 (0xf6be0d93) addi    s11, t3, -149
core   0: 3 0x80009518 (0xf6be0d93) x27 0xd2657605
core   0: 0x8000951c (0x68629c37) lui     s8, 0x68629
core   0: 3 0x8000951c (0x68629c37) x24 0x68629000
core   0: 0x80009520 (0x5f062617) auipc   a2, 0x5f062
core   0: 3 0x80009520 (0x5f062617) x12 0xdf06b520
core   0: 0x80009524 (0x407a5f13) srai    t5, s4, 7
core   0: 3 0x80009524 (0x407a5f13) x30 0x00f507ef
core   0: 0x80009528 (0x0170ddb3) srl     s11, ra, s7
core   0: 3 0x80009528 (0x0170ddb3) x27 0x00000001
core   0: 0x8000952c (0xb9332393) slti    t2, t1, -1133
core   0: 3 0x8000952c (0xb9332393) x 7 0x00000000
core   0: 0x80009530 (0x5d2c4013) xori    zero, s8, 1490
core   0: 3 0x80009530 (0x5d2c4013)
core   0: 0x80009534 (0x592d4c13) xori    s8, s10, 1426
core   0: 3 0x80009534 (0x592d4c13) x24 0x80000640
core   0: 0x80009538 (0x00ef8633) add     a2, t6, a4
core   0: 3 0x80009538 (0x00ef8633) x12 0x7a83ffe6
core   0: 0x8000953c (0x405a8633) sub     a2, s5, t0
core   0: 3 0x8000953c (0x405a8633) x12 0xad756f08
core   0: 0x80009540 (0x40dc5993) srai    s3, s8, 13
core   0: 3 0x80009540 (0x40dc5993) x19 0xfffc0000
core   0: 0x80009544 (0x40c10333) sub     t1, sp, a2
core   0: 3 0x80009544 (0x40c10333) x 6 0x3d8bc0f8
core   0: 0x80009548 (0x31e5ef13) ori     t5, a1, 798
core   0: 3 0x80009548 (0x31e5ef13) x30 0x7a83f3fe
core   0: 0x8000954c (0x01fec333) xor     t1, t4, t6
core   0: 3 0x8000954c (0x01fec333) x 6 0x7a82e182
core   0: 0x80009550 (0x01775893) srli    a7, a4, 23
core   0: 3 0x80009550 (0x01775893) x17 0x00000100
core   0: 0x80009554 (0xad2cbd93) sltiu   s11, s9, -1326
core   0: 3 0x80009554 (0xad2cbd93) x27 0x00000001
core   0: 0x80009558 (0x00a39bb3) sll     s7, t2, a0
core   0: 3 0x80009558 (0x00a39bb3) x23 0x00000000
core   0: 0x8000955c (0x006796b3) sll     a3, a5, t1
core   0: 3 0x8000955c (0x006796b3) x13 0x00000000
core   0: 0x80009560 (0x408856b3) sra     a3, a6, s0
core   0: 3 0x80009560 (0x408856b3) x13 0x00000000
core   0: 0x80009564 (0x005b36b3) sltu    a3, s6, t0
core   0: 3 0x80009564 (0x005b36b3) x13 0x00000001
core   0: 0x80009568 (0x00b43133) sltu    sp, s0, a1
core   0: 3 0x80009568 (0x00b43133) x 2 0x00000000
core   0: 0x8000956c (0x4113df13) srai    t5, t2, 17
core   0: 3 0x8000956c (0x4113df13) x30 0x00000000
core   0: 0x80009570 (0x01abc533) xor     a0, s7, s10
core   0: 3 0x80009570 (0x01abc533) x10 0x800003d2
core   0: 0x80009574 (0xe7eda693) slti    a3, s11, -386
core   0: 3 0x80009574 (0xe7eda693) x13 0x00000000
core   0: 0x80009578 (0x2d3f2a93) slti    s5, t5, 723
core   0: 3 0x80009578 (0x2d3f2a93) x21 0x00000001
core   0: 0x8000957c (0x66622f13) slti    t5, tp, 1638
core   0: 3 0x8000957c (0x66622f13) x30 0x00000000
core   0: 0x80009580 (0x4185d233) sra     tp, a1, s8
core   0: 3 0x80009580 (0x4185d233) x 4 0x7a83f3e0
core   0: 0x80009584 (0x41b98e33) sub     t3, s3, s11
core   0: 3 0x80009584 (0x41b98e33) x28 0xfffbffff
core   0: 0x80009588 (0x9b6a3393) sltiu   t2, s4, -1610
core   0: 3 0x80009588 (0x9b6a3393) x 7 0x00000001
core   0: 0x8000958c (0x008c5b13) srli    s6, s8, 8
core   0: 3 0x8000958c (0x008c5b13) x22 0x00800006
core   0: 0x80009590 (0x004e2033) slt     zero, t3, tp
core   0: 3 0x80009590 (0x004e2033)
core   0: 0x80009594 (0x40d1d093) srai    ra, gp, 13
core   0: 3 0x80009594 (0x40d1d093) x 1 0x00000000
core   0: 0x80009598 (0x00d908b3) add     a7, s2, a3
core   0: 3 0x80009598 (0x00d908b3) x17 0x00000000
core   0: 0x8000959c (0x00aca3b3) slt     t2, s9, a0
core   0: 3 0x8000959c (0x00aca3b3) x 7 0x00000000
core   0: 0x800095a0 (0x01b942b3) xor     t0, s2, s11
core   0: 3 0x800095a0 (0x01b942b3) x 5 0x00000001
core   0: 0x800095a4 (0x419ed693) srai    a3, t4, 25
core   0: 3 0x800095a4 (0x419ed693) x13 0xffffffc0
core   0: 0x800095a8 (0x36fae513) ori     a0, s5, 879
core   0: 3 0x800095a8 (0x36fae513) x10 0x0000036f
core   0: 0x800095ac (0x40a55613) srai    a2, a0, 10
core   0: 3 0x800095ac (0x40a55613) x12 0x00000000
core   0: 0x800095b0 (0x40555f93) srai    t6, a0, 5
core   0: 3 0x800095b0 (0x40555f93) x31 0x0000001b
core   0: 0x800095b4 (0x412e0b33) sub     s6, t3, s2
core   0: 3 0x800095b4 (0x412e0b33) x22 0xfffbffff
core   0: 0x800095b8 (0x8a1a0197) auipc   gp, 0x8a1a0
core   0: 3 0x800095b8 (0x8a1a0197) x 3 0x0a1a95b8
core   0: 0x800095bc (0x00c60533) add     a0, a2, a2
core   0: 3 0x800095bc (0x00c60533) x10 0x00000000
core   0: 0x800095c0 (0x000d03b3) add     t2, s10, zero
core   0: 3 0x800095c0 (0x000d03b3) x 7 0x800003d2
core   0: 0x800095c4 (0x00fd5233) srl     tp, s10, a5
core   0: 3 0x800095c4 (0x00fd5233) x 4 0x800003d2
core   0: 0x800095c8 (0x01f306b3) add     a3, t1, t6
core   0: 3 0x800095c8 (0x01f306b3) x13 0x7a82e19d
core   0: 0x800095cc (0xe8c72a13) slti    s4, a4, -372
core   0: 3 0x800095cc (0xe8c72a13) x20 0x00000001
core   0: 0x800095d0 (0xfc6dbf13) sltiu   t5, s11, -58
core   0: 3 0x800095d0 (0xfc6dbf13) x30 0x00000001
core   0: 0x800095d4 (0xe63de0b7) lui     ra, 0xe63de
core   0: 3 0x800095d4 (0xe63de0b7) x 1 0xe63de000
core   0: 0x800095d8 (0x0115d313) srli    t1, a1, 17
core   0: 3 0x800095d8 (0x0115d313) x 6 0x00003d41
core   0: 0x800095dc (0xdaeeb413) sltiu   s0, t4, -594
core   0: 3 0x800095dc (0xdaeeb413) x 8 0x00000001
core   0: 0x800095e0 (0x86a5e913) ori     s2, a1, -1942
core   0: 3 0x800095e0 (0x86a5e913) x18 0xfffffbea
core   0: 0x800095e4 (0x72496c13) ori     s8, s2, 1828
core   0: 3 0x800095e4 (0x72496c13) x24 0xffffffee
core   0: 0x800095e8 (0x00003333) snez    t1, zero
core   0: 3 0x800095e8 (0x00003333) x 6 0x00000000
core   0: 0x800095ec (0xcc4ce313) ori     t1, s9, -828
core   0: 3 0x800095ec (0xcc4ce313) x 6 0xfffffce4
core   0: 0x800095f0 (0x8f9fcb93) xori    s7, t6, -1799
core   0: 3 0x800095f0 (0x8f9fcb93) x23 0xfffff8e2
core   0: 0x800095f4 (0x00c7c4b3) xor     s1, a5, a2
core   0: 3 0x800095f4 (0x00c7c4b3) x 9 0x00000000
core   0: 0x800095f8 (0x004d5e13) srli    t3, s10, 4
core   0: 3 0x800095f8 (0x004d5e13) x28 0x0800003d
core   0: 0x800095fc (0x00000013) nop
core   0: 3 0x800095fc (0x00000013)
core   0: 0x80009600 (0x01d278b3) and     a7, tp, t4
core   0: 3 0x80009600 (0x01d278b3) x17 0x80000240
core   0: 0x80009604 (0x2fda54b7) lui     s1, 0x2fda5
core   0: 3 0x80009604 (0x2fda54b7) x 9 0x2fda5000
core   0: 0x80009608 (0xc798bf93) sltiu   t6, a7, -903
core   0: 3 0x80009608 (0xc798bf93) x31 0x00000001
core   0: 0x8000960c (0x1051f213) andi    tp, gp, 261
core   0: 3 0x8000960c (0x1051f213) x 4 0x00000100
core   0: 0x80009610 (0xe8ab8117) auipc   sp, 0xe8ab8
core   0: 3 0x80009610 (0xe8ab8117) x 2 0x68ac1610
core   0: 0x80009614 (0x410a52b3) sra     t0, s4, a6
core   0: 3 0x80009614 (0x410a52b3) x 5 0x00000001
core   0: 0x80009618 (0x0003b7b3) sltu    a5, t2, zero
core   0: 3 0x80009618 (0x0003b7b3) x15 0x00000000
core   0: 0x8000961c (0x91d86f13) ori     t5, a6, -1763
core   0: 3 0x8000961c (0x91d86f13) x30 0xfffff99d
core   0: 0x80009620 (0x00112c33) slt     s8, sp, ra
core   0: 3 0x80009620 (0x00112c33) x24 0x00000000
core   0: 0x80009624 (0x01df2bb3) slt     s7, t5, t4
core   0: 3 0x80009624 (0x01df2bb3) x23 0x00000000
core   0: 0x80009628 (0x41fadb33) sra     s6, s5, t6
core   0: 3 0x80009628 (0x41fadb33) x22 0x00000000
core   0: 0x8000962c (0x40ff5433) sra     s0, t5, a5
core   0: 3 0x8000962c (0x40ff5433) x 8 0xfffff99d
core   0: 0x80009630 (0x01078433) add     s0, a5, a6
core   0: 3 0x80009630 (0x01078433) x 8 0x00000080
core   0: 0x80009634 (0x7780c313) xori    t1, ra, 1912
core   0: 3 0x80009634 (0x7780c313) x 6 0xe63de778
core   0: 0x80009638 (0xfd4c0a37) lui     s4, 0xfd4c0
core   0: 3 0x80009638 (0xfd4c0a37) x20 0xfd4c0000
core   0: 0x8000963c (0x00e077b3) and     a5, zero, a4
core   0: 3 0x8000963c (0x00e077b3) x15 0x00000000
core   0: 0x80009640 (0x40035ab3) sra     s5, t1, zero
core   0: 3 0x80009640 (0x40035ab3) x21 0xe63de778
core   0: 0x80009644 (0x4ea37d13) andi    s10, t1, 1258
core   0: 3 0x80009644 (0x4ea37d13) x26 0x00000468
core   0: 0x80009648 (0x312884b7) lui     s1, 0x31288
core   0: 3 0x80009648 (0x312884b7) x 9 0x31288000
core   0: 0x8000964c (0x2c95a213) slti    tp, a1, 713
core   0: 3 0x8000964c (0x2c95a213) x 4 0x00000000
core   0: 0x80009650 (0x8e7bf117) auipc   sp, 0x8e7bf
core   0: 3 0x80009650 (0x8e7bf117) x 2 0x0e7c8650
core   0: 0x80009654 (0xd0e4f613) andi    a2, s1, -754
core   0: 3 0x80009654 (0xd0e4f613) x12 0x31288000
core   0: 0x80009658 (0x00da6233) or      tp, s4, a3
core   0: 3 0x80009658 (0x00da6233) x 4 0xffcee19d
core   0: 0x8000965c (0x40fdd913) srai    s2, s11, 15
core   0: 3 0x8000965c (0x40fdd913) x18 0x00000000
core   0: 0x80009660 (0x00715513) srli    a0, sp, 7
core   0: 3 0x80009660 (0x00715513) x10 0x001cf90c
core   0: 0x80009664 (0x42072697) auipc   a3, 0x42072
core   0: 3 0x80009664 (0x42072697) x13 0xc207b664
core   0: 0x80009668 (0x009c0933) add     s2, s8, s1
core   0: 3 0x80009668 (0x009c0933) x18 0x31288000
core   0: 0x8000966c (0x00187fb3) and     t6, a6, ra
core   0: 3 0x8000966c (0x00187fb3) x31 0x00000000
core   0: 0x80009670 (0xc43aa393) slti    t2, s5, -957
core   0: 3 0x80009670 (0xc43aa393) x 7 0x00000001
core   0: 0x80009674 (0x9dc0ea93) ori     s5, ra, -1572
core   0: 3 0x80009674 (0x9dc0ea93) x21 0xfffff9dc
core   0: 0x80009678 (0x8d422313) slti    t1, tp, -1836
core   0: 3 0x80009678 (0x8d422313) x 6 0x00000001
core   0: 0x8000967c (0x2e360113) addi    sp, a2, 739
core   0: 3 0x8000967c (0x2e360113) x 2 0x312882e3
core   0: 0x80009680 (0x93a8f313) andi    t1, a7, -1734
core   0: 3 0x80009680 (0x93a8f313) x 6 0x80000000
core   0: 0x80009684 (0xb3b7f593) andi    a1, a5, -1221
core   0: 3 0x80009684 (0xb3b7f593) x11 0x00000000
core   0: 0x80009688 (0x01ed38b3) sltu    a7, s10, t5
core   0: 3 0x80009688 (0x01ed38b3) x17 0x00000001
core   0: 0x8000968c (0x4048df93) srai    t6, a7, 4
core   0: 3 0x8000968c (0x4048df93) x31 0x00000000
core   0: 0x80009690 (0x00871193) slli    gp, a4, 8
core   0: 3 0x80009690 (0x00871193) x 3 0x00000000
core   0: 0x80009694 (0x007d5b33) srl     s6, s10, t2
core   0: 3 0x80009694 (0x007d5b33) x22 0x00000234
core   0: 0x80009698 (0x0017f533) and     a0, a5, ra
core   0: 3 0x80009698 (0x0017f533) x10 0x00000000
core   0: 0x8000969c (0x017b21b3) slt     gp, s6, s7
core   0: 3 0x8000969c (0x017b21b3) x 3 0x00000000
core   0: 0x800096a0 (0x01921913) slli    s2, tp, 25
core   0: 3 0x800096a0 (0x01921913) x18 0x3a000000
core   0: 0x800096a4 (0xf71f7d13) andi    s10, t5, -143
core   0: 3 0x800096a4 (0xf71f7d13) x26 0xfffff911
core   0: 0x800096a8 (0x40c7dc13) srai    s8, a5, 12
core   0: 3 0x800096a8 (0x40c7dc13) x24 0x00000000
core   0: 0x800096ac (0x4018d333) sra     t1, a7, ra
core   0: 3 0x800096ac (0x4018d333) x 6 0x00000001
core   0: 0x800096b0 (0x004ed1b3) srl     gp, t4, tp
core   0: 3 0x800096b0 (0x004ed1b3) x 3 0x00000004
core   0: 0x800096b4 (0x41205db3) sra     s11, zero, s2
core   0: 3 0x800096b4 (0x41205db3) x27 0x00000000
core   0: 0x800096b8 (0x002a5333) srl     t1, s4, sp
core   0: 3 0x800096b8 (0x002a5333) x 6 0x1fa98000
core   0: 0x800096bc (0x01a89113) slli    sp, a7, 26
core   0: 3 0x800096bc (0x01a89113) x 2 0x04000000
core   0: 0x800096c0 (0x009306b3) add     a3, t1, s1
core   0: 3 0x800096c0 (0x009306b3) x13 0x50d20000
core   0: 0x800096c4 (0x01b71133) sll     sp, a4, s11
core   0: 3 0x800096c4 (0x01b71133) x 2 0x80000000
core   0: 0x800096c8 (0x00fc8233) add     tp, s9, a5
core   0: 3 0x800096c8 (0x00fc8233) x 4 0x80015ce4
core   0: 0x800096cc (0x40d15993) srai    s3, sp, 13
core   0: 3 0x800096cc (0x40d15993) x19 0xfffc0000
core   0: 0x800096d0 (0x01f6f833) and     a6, a3, t6
core   0: 3 0x800096d0 (0x01f6f833) x16 0x00000000
core   0: 0x800096d4 (0x787a4a93) xori    s5, s4, 1927
core   0: 3 0x800096d4 (0x787a4a93) x21 0xfd4c0787
core   0: 0x800096d8 (0xbc3bbf13) sltiu   t5, s7, -1085
core   0: 3 0x800096d8 (0xbc3bbf13) x30 0x00000001
core   0: 0x800096dc (0x015b1db3) sll     s11, s6, s5
core   0: 3 0x800096dc (0x015b1db3) x27 0x00011a00
core   0: 0x800096e0 (0x0007b5b3) sltu    a1, a5, zero
core   0: 3 0x800096e0 (0x0007b5b3) x11 0x00000000
core   0: 0x800096e4 (0x003a6d33) or      s10, s4, gp
core   0: 3 0x800096e4 (0x003a6d33) x26 0xfd4c0004
core   0: 0x800096e8 (0x88a47d93) andi    s11, s0, -1910
core   0: 3 0x800096e8 (0x88a47d93) x27 0x00000080
core   0: 0x800096ec (0x215cef93) ori     t6, s9, 533
core   0: 3 0x800096ec (0x215cef93) x31 0x80015ef5
core   0: 0x800096f0 (0x40125db3) sra     s11, tp, ra
core   0: 3 0x800096f0 (0x40125db3) x27 0x80015ce4
core   0: 0x800096f4 (0x58674293) xori    t0, a4, 1414
core   0: 3 0x800096f4 (0x58674293) x 5 0x80000586
core   0: 0x800096f8 (0x00ce5e33) srl     t3, t3, a2
core   0: 3 0x800096f8 (0x00ce5e33) x28 0x0800003d
core   0: 0x800096fc (0x00bea433) slt     s0, t4, a1
core   0: 3 0x800096fc (0x00bea433) x 8 0x00000001
core   0: 0x80009700 (0x00dc82b3) add     t0, s9, a3
core   0: 3 0x80009700 (0x00dc82b3) x 5 0xd0d35ce4
core   0: 0x80009704 (0x79acfd93) andi    s11, s9, 1946
core   0: 3 0x80009704 (0x79acfd93) x27 0x00000480
core   0: 0x80009708 (0x011b96b3) sll     a3, s7, a7
core   0: 3 0x80009708 (0x011b96b3) x13 0x00000000
core   0: 0x8000970c (0x0198a533) slt     a0, a7, s9
core   0: 3 0x8000970c (0x0198a533) x10 0x00000000
core   0: 0x80009710 (0x00574e33) xor     t3, a4, t0
core   0: 3 0x80009710 (0x00574e33) x28 0x50d35ce4
core   0: 0x80009714 (0x405803b3) sub     t2, a6, t0
core   0: 3 0x80009714 (0x405803b3) x 7 0x2f2ca31c
core   0: 0x80009718 (0x0063bab3) sltu    s5, t2, t1
core   0: 3 0x80009718 (0x0063bab3) x21 0x00000000
core   0: 0x8000971c (0x41d50033) sub     zero, a0, t4
core   0: 3 0x8000971c (0x41d50033)
core   0: 0x80009720 (0x2c6a8413) addi    s0, s5, 710
core   0: 3 0x80009720 (0x2c6a8413) x 8 0x000002c6
core   0: 0x80009724 (0x01c01113) slli    sp, zero, 28
core   0: 3 0x80009724 (0x01c01113) x 2 0x00000000
core   0: 0x80009728 (0x9155cb93) xori    s7, a1, -1771
core   0: 3 0x80009728 (0x9155cb93) x23 0xfffff915
core   0: 0x8000972c (0x9e217bb7) lui     s7, 0x9e217
core   0: 3 0x8000972c (0x9e217bb7) x23 0x9e217000
core   0: 0x80009730 (0x441b7f93) andi    t6, s6, 1089
core   0: 3 0x80009730 (0x441b7f93) x31 0x00000000
core   0: 0x80009734 (0x7b576013) ori     zero, a4, 1973
core   0: 3 0x80009734 (0x7b576013)
core   0: 0x80009738 (0x00ed6e33) or      t3, s10, a4
core   0: 3 0x80009738 (0x00ed6e33) x28 0xfd4c0004
core   0: 0x8000973c (0x00febab3) sltu    s5, t4, a5
core   0: 3 0x8000973c (0x00febab3) x21 0x00000000
core   0: 0x80009740 (0x01176d33) or      s10, a4, a7
core   0: 3 0x80009740 (0x01176d33) x26 0x80000001
core   0: 0x80009744 (0x412cd313) srai    t1, s9, 18
core   0: 3 0x80009744 (0x412cd313) x 6 0xffffe000
core   0: 0x80009748 (0x41c35433) sra     s0, t1, t3
core   0: 3 0x80009748 (0x41c35433) x 8 0xfffffe00
core   0: 0x8000974c (0x00efc6b3) xor     a3, t6, a4
core   0: 3 0x8000974c (0x00efc6b3) x13 0x80000000
core   0: 0x80009750 (0x00a4c4b3) xor     s1, s1, a0
core   0: 3 0x80009750 (0x00a4c4b3) x 9 0x31288000
core   0: 0x80009754 (0x014027b3) slt     a5, zero, s4
core   0: 3 0x80009754 (0x014027b3) x15 0x00000000
core   0: 0x80009758 (0xd6ef1a37) lui     s4, 0xd6ef1
core   0: 3 0x80009758 (0xd6ef1a37) x20 0xd6ef1000
core   0: 0x8000975c (0xde8d0197) auipc   gp, 0xde8d0
core   0: 3 0x8000975c (0xde8d0197) x 3 0x5e8d975c
core   0: 0x80009760 (0x404a5533) sra     a0, s4, tp
core   0: 3 0x80009760 (0x404a5533) x10 0xfd6ef100
core   0: 0x80009764 (0x0063df13) srli    t5, t2, 6
core   0: 3 0x80009764 (0x0063df13) x30 0x00bcb28c
core   0: 0x80009768 (0xd697e693) ori     a3, a5, -663
core   0: 3 0x80009768 (0xd697e693) x13 0xfffffd69
core   0: 0x8000976c (0x00501193) slli    gp, zero, 5
core   0: 3 0x8000976c (0x00501193) x 3 0x00000000
core   0: 0x80009770 (0x01ae5a93) srli    s5, t3, 26
core   0: 3 0x80009770 (0x01ae5a93) x21 0x0000003f
core   0: 0x80009774 (0x363a77b7) lui     a5, 0x363a7
core   0: 3 0x80009774 (0x363a77b7) x15 0x363a7000
core   0: 0x80009778 (0x34ef3313) sltiu   t1, t5, 846
core   0: 3 0x80009778 (0x34ef3313) x 6 0x00000000
core   0: 0x8000977c (0x63cc3913) sltiu   s2, s8, 1596
core   0: 3 0x8000977c (0x63cc3913) x18 0x00000001
core   0: 0x80009780 (0xcba1e213) ori     tp, gp, -838
core   0: 3 0x80009780 (0xcba1e213) x 4 0xfffffcba
core   0: 0x80009784 (0x008d81b3) add     gp, s11, s0
core   0: 3 0x80009784 (0x008d81b3) x 3 0x00000280
core   0: 0x80009788 (0x00000013) nop
core   0: 3 0x80009788 (0x00000013)
core   0: 0x8000978c (0x4015d8b3) sra     a7, a1, ra
core   0: 3 0x8000978c (0x4015d8b3) x17 0x00000000
core   0: 0x80009790 (0x01e35c13) srli    s8, t1, 30
core   0: 3 0x80009790 (0x01e35c13) x24 0x00000000
core   0: 0x80009794 (0x08143293) sltiu   t0, s0, 129
core   0: 3 0x80009794 (0x08143293) x 5 0x00000000
core   0: 0x80009798 (0x00127233) and     tp, tp, ra
core   0: 3 0x80009798 (0x00127233) x 4 0xe63de000
core   0: 0x8000979c (0x01c4f0b3) and     ra, s1, t3
core   0: 3 0x8000979c (0x01c4f0b3) x 1 0x31080000
core   0: 0x800097a0 (0x01d24c33) xor     s8, tp, t4
core   0: 3 0x800097a0 (0x01d24c33) x24 0x663cfe64
core   0: 0x800097a4 (0x40a0dab3) sra     s5, ra, a0
core   0: 3 0x800097a4 (0x40a0dab3) x21 0x31080000
core   0: 0x800097a8 (0x00000013) nop
core   0: 3 0x800097a8 (0x00000013)
core   0: 0x800097ac (0x09ab2793) slti    a5, s6, 154
core   0: 3 0x800097ac (0x09ab2793) x15 0x00000000
core   0: 0x800097b0 (0x77007213) andi    tp, zero, 1904
core   0: 3 0x800097b0 (0x77007213) x 4 0x00000000
core   0: 0x800097b4 (0x13f86293) ori     t0, a6, 319
core   0: 3 0x800097b4 (0x13f86293) x 5 0x0000013f
core   0: 0x800097b8 (0xc2ebc0b7) lui     ra, 0xc2ebc
core   0: 3 0x800097b8 (0xc2ebc0b7) x 1 0xc2ebc000
core   0: 0x800097bc (0x00521793) slli    a5, tp, 5
core   0: 3 0x800097bc (0x00521793) x15 0x00000000
core   0: 0x800097c0 (0x0abbb393) sltiu   t2, s7, 171
core   0: 3 0x800097c0 (0x0abbb393) x 7 0x00000000
core   0: 0x800097c4 (0x01563333) sltu    t1, a2, s5
core   0: 3 0x800097c4 (0x01563333) x 6 0x00000000
core   0: 0x800097c8 (0x01af9893) slli    a7, t6, 26
core   0: 3 0x800097c8 (0x01af9893) x17 0x00000000
core   0: 0x800097cc (0x77d90393) addi    t2, s2, 1917
core   0: 3 0x800097cc (0x77d90393) x 7 0x0000077e
core   0: 0x800097d0 (0x7d067593) andi    a1, a2, 2000
core   0: 3 0x800097d0 (0x7d067593) x11 0x00000000
core   0: 0x800097d4 (0x8206b413) sltiu   s0, a3, -2016
core   0: 3 0x800097d4 (0x8206b413) x 8 0x00000000
core   0: 0x800097d8 (0x010c9333) sll     t1, s9, a6
core   0: 3 0x800097d8 (0x010c9333) x 6 0x80015ce4
core   0: 0x800097dc (0x7711b493) sltiu   s1, gp, 1905
core   0: 3 0x800097dc (0x7711b493) x 9 0x00000001
core   0: 0x800097e0 (0x00149e13) slli    t3, s1, 1
core   0: 3 0x800097e0 (0x00149e13) x28 0x00000002
core   0: 0x800097e4 (0x014d5a93) srli    s5, s10, 20
core   0: 3 0x800097e4 (0x014d5a93) x21 0x00000800
core   0: 0x800097e8 (0x00f949b3) xor     s3, s2, a5
core   0: 3 0x800097e8 (0x00f949b3) x19 0x00000001
core   0: 0x800097ec (0x4aac4ab7) lui     s5, 0x4aac4
core   0: 3 0x800097ec (0x4aac4ab7) x21 0x4aac4000
core   0: 0x800097f0 (0x40235e33) sra     t3, t1, sp
core   0: 3 0x800097f0 (0x40235e33) x28 0x80015ce4
core   0: 0x800097f4 (0x40ad0c33) sub     s8, s10, a0
core   0: 3 0x800097f4 (0x40ad0c33) x24 0x82910f01
core   0: 0x800097f8 (0x005f0db3) add     s11, t5, t0
core   0: 3 0x800097f8 (0x005f0db3) x27 0x00bcb3cb
core   0: 0x800097fc (0xac4ae213) ori     tp, s5, -1340
core   0: 3 0x800097fc (0xac4ae213) x 4 0xfffffac4
core   0: 0x80009800 (0x403d05b3) sub     a1, s10, gp
core   0: 3 0x80009800 (0x403d05b3) x11 0x7ffffd81
core   0: 0x80009804 (0x00ab5033) srl     zero, s6, a0
core   0: 3 0x80009804 (0x00ab5033)
core   0: 0x80009808 (0x40e95813) srai    a6, s2, 14
core   0: 3 0x80009808 (0x40e95813) x16 0x00000000
core   0: 0x8000980c (0xf6463893) sltiu   a7, a2, -156
core   0: 3 0x8000980c (0xf6463893) x17 0x00000001
core   0: 0x80009810 (0x401ed113) srai    sp, t4, 1
core   0: 3 0x80009810 (0x401ed113) x 2 0xc0008f32
core   0: 0x80009814 (0x00000013) nop
core   0: 3 0x80009814 (0x00000013)
core   0: 0x80009818 (0x00dbcfb3) xor     t6, s7, a3
core   0: 3 0x80009818 (0x00dbcfb3) x31 0x61de8d69
core   0: 0x8000981c (0x845a7f97) auipc   t6, 0x845a7
core   0: 3 0x8000981c (0x845a7f97) x31 0x045b081c
core   0: 0x80009820 (0x4088dd93) srai    s11, a7, 8
core   0: 3 0x80009820 (0x4088dd93) x27 0x00000000
core   0: 0x80009824 (0x01b8d993) srli    s3, a7, 27
core   0: 3 0x80009824 (0x01b8d993) x19 0x00000000
core   0: 0x80009828 (0x415d5bb3) sra     s7, s10, s5
core   0: 3 0x80009828 (0x415d5bb3) x23 0x80000001
core   0: 0x8000982c (0x01b28533) add     a0, t0, s11
core   0: 3 0x8000982c (0x01b28533) x10 0x0000013f
core   0: 0x80009830 (0x01edc8b3) xor     a7, s11, t5
core   0: 3 0x80009830 (0x01edc8b3) x17 0x00bcb28c
core   0: 0x80009834 (0x01193433) sltu    s0, s2, a7
core   0: 3 0x80009834 (0x01193433) x 8 0x00000001
core   0: 0x80009838 (0x012e9693) slli    a3, t4, 18
core   0: 3 0x80009838 (0x012e9693) x13 0x79900000
core   0: 0x8000983c (0xef302493) slti    s1, zero, -269
core   0: 3 0x8000983c (0xef302493) x 9 0x00000000
core   0: 0x80009840 (0x9036bd17) auipc   s10, 0x9036b
core   0: 3 0x80009840 (0x9036bd17) x26 0x10374840
core   0: 0x80009844 (0x01751db3) sll     s11, a0, s7
core   0: 3 0x80009844 (0x01751db3) x27 0x0000027e
core   0: 0x80009848 (0x00505d93) srli    s11, zero, 5
core   0: 3 0x80009848 (0x00505d93) x27 0x00000000
core   0: 0x8000984c (0xf04acd13) xori    s10, s5, -252
core   0: 3 0x8000984c (0xf04acd13) x26 0xb553bf04
core   0: 0x80009850 (0x3e472997) auipc   s3, 0x3e472
core   0: 3 0x80009850 (0x3e472997) x19 0xbe47b850
core   0: 0x80009854 (0x00aab033) sltu    zero, s5, a0
core   0: 3 0x80009854 (0x00aab033)
core   0: 0x80009858 (0xd3223d93) sltiu   s11, tp, -718
core   0: 3 0x80009858 (0xd3223d93) x27 0x00000001
core   0: 0x8000985c (0x01d92ab3) slt     s5, s2, t4
core   0: 3 0x8000985c (0x01d92ab3) x21 0x00000000
core   0: 0x80009860 (0x00607f33) and     t5, zero, t1
core   0: 3 0x80009860 (0x00607f33) x30 0x00000000
core   0: 0x80009864 (0x00b99913) slli    s2, s3, 11
core   0: 3 0x80009864 (0x00b99913) x18 0x3dc28000
core   0: 0x80009868 (0x011046b3) xor     a3, zero, a7
core   0: 3 0x80009868 (0x011046b3) x13 0x00bcb28c
core   0: 0x8000986c (0xcdf42a13) slti    s4, s0, -801
core   0: 3 0x8000986c (0xcdf42a13) x20 0x00000000
core   0: 0x80009870 (0xff2781b7) lui     gp, 0xff278
core   0: 3 0x80009870 (0xff2781b7) x 3 0xff278000
core   0: 0x80009874 (0xe6c60793) addi    a5, a2, -404
core   0: 3 0x80009874 (0xe6c60793) x15 0x31287e6c
core   0: 0x80009878 (0x00295493) srli    s1, s2, 2
core   0: 3 0x80009878 (0x00295493) x 9 0x0f70a000
core   0: 0x8000987c (0x00cf7a33) and     s4, t5, a2
core   0: 3 0x8000987c (0x00cf7a33) x20 0x00000000
core   0: 0x80009880 (0x01f55033) srl     zero, a0, t6
core   0: 3 0x80009880 (0x01f55033)
core   0: 0x80009884 (0x01e79033) sll     zero, a5, t5
core   0: 3 0x80009884 (0x01e79033)
core   0: 0x80009888 (0x01ffbf33) sltu    t5, t6, t6
core   0: 3 0x80009888 (0x01ffbf33) x30 0x00000000
core   0: 0x8000988c (0x2f878f93) addi    t6, a5, 760
core   0: 3 0x8000988c (0x2f878f93) x31 0x31288164
core   0: 0x80009890 (0x01576633) or      a2, a4, s5
core   0: 3 0x80009890 (0x01576633) x12 0x80000000
core   0: 0x80009894 (0x0131ec33) or      s8, gp, s3
core   0: 3 0x80009894 (0x0131ec33) x24 0xff67b850
core   0: 0x80009898 (0x40b188b3) sub     a7, gp, a1
core   0: 3 0x80009898 (0x40b188b3) x17 0x7f27827f
core   0: 0x8000989c (0x01478d33) add     s10, a5, s4
core   0: 3 0x8000989c (0x01478d33) x26 0x31287e6c
core   0: 0x800098a0 (0x40a9dd93) srai    s11, s3, 10
core   0: 3 0x800098a0 (0x40a9dd93) x27 0xffef91ee
core   0: 0x800098a4 (0x019a7133) and     sp, s4, s9
core   0: 3 0x800098a4 (0x019a7133) x 2 0x00000000
core   0: 0x800098a8 (0x9613fd93) andi    s11, t2, -1695
core   0: 3 0x800098a8 (0x9613fd93) x27 0x00000160
core   0: 0x800098ac (0x012470b3) and     ra, s0, s2
core   0: 3 0x800098ac (0x012470b3) x 1 0x00000000
core   0: 0x800098b0 (0x40f33293) sltiu   t0, t1, 1039
core   0: 3 0x800098b0 (0x40f33293) x 5 0x00000000
core   0: 0x800098b4 (0x40ddddb3) sra     s11, s11, a3
core   0: 3 0x800098b4 (0x40ddddb3) x27 0x00000000
core   0: 0x800098b8 (0x0036cab3) xor     s5, a3, gp
core   0: 3 0x800098b8 (0x0036cab3) x21 0xff9b328c
core   0: 0x800098bc (0x43ee4193) xori    gp, t3, 1086
core   0: 3 0x800098bc (0x43ee4193) x 3 0x800158da
core   0: 0x800098c0 (0x414a0033) sub     zero, s4, s4
core   0: 3 0x800098c0 (0x414a0033)
core   0: 0x800098c4 (0x01025033) srl     zero, tp, a6
core   0: 3 0x800098c4 (0x01025033)
core   0: 0x800098c8 (0x099d7993) andi    s3, s10, 153
core   0: 3 0x800098c8 (0x099d7993) x19 0x00000008
core   0: 0x800098cc (0xf5b96697) auipc   a3, 0xf5b96
core   0: 3 0x800098cc (0xf5b96697) x13 0x75b9f8cc
core   0: 0x800098d0 (0xf0484d13) xori    s10, a6, -252
core   0: 3 0x800098d0 (0xf0484d13) x26 0xffffff04
core   0: 0x800098d4 (0x006e30b3) sltu    ra, t3, t1
core   0: 3 0x800098d4 (0x006e30b3) x 1 0x00000000
core   0: 0x800098d8 (0x0111d613) srli    a2, gp, 17
core   0: 3 0x800098d8 (0x0111d613) x12 0x00004000
core   0: 0x800098dc (0xd7f7cc13) xori    s8, a5, -641
core   0: 3 0x800098dc (0xd7f7cc13) x24 0xced78313
core   0: 0x800098e0 (0x00000013) nop
core   0: 3 0x800098e0 (0x00000013)
core   0: 0x800098e4 (0x0128e133) or      sp, a7, s2
core   0: 3 0x800098e4 (0x0128e133) x 2 0x7fe7827f
core   0: 0x800098e8 (0x001cb833) sltu    a6, s9, ra
core   0: 3 0x800098e8 (0x001cb833) x16 0x00000000
core   0: 0x800098ec (0x0198dfb3) srl     t6, a7, s9
core   0: 3 0x800098ec (0x0198dfb3) x31 0x07f27827
core   0: 0x800098f0 (0x6206ef17) auipc   t5, 0x6206e
core   0: 3 0x800098f0 (0x6206ef17) x30 0xe20778f0
core   0: 0x800098f4 (0x0dae48b7) lui     a7, 0xdae4
core   0: 3 0x800098f4 (0x0dae48b7) x17 0x0dae4000
core   0: 0x800098f8 (0x01a2f333) and     t1, t0, s10
core   0: 3 0x800098f8 (0x01a2f333) x 6 0x00000000
core   0: 0x800098fc (0x00d10633) add     a2, sp, a3
core   0: 3 0x800098fc (0x00d10633) x12 0xf5a17b4b
core   0: 0x80009900 (0xd7383413) sltiu   s0, a6, -653
core   0: 3 0x80009900 (0xd7383413) x 8 0x00000001
core   0: 0x80009904 (0x17be7593) andi    a1, t3, 379
core   0: 3 0x80009904 (0x17be7593) x11 0x00000060
core   0: 0x80009908 (0x00639233) sll     tp, t2, t1
core   0: 3 0x80009908 (0x00639233) x 4 0x0000077e
core   0: 0x8000990c (0xe03c3b13) sltiu   s6, s8, -509
core   0: 3 0x8000990c (0xe03c3b13) x22 0x00000001
core   0: 0x80009910 (0x4151d693) srai    a3, gp, 21
core   0: 3 0x80009910 (0x4151d693) x13 0xfffffc00
core   0: 0x80009914 (0x51c2fc37) lui     s8, 0x51c2f
core   0: 3 0x80009914 (0x51c2fc37) x24 0x51c2f000
core   0: 0x80009918 (0x0056d093) srli    ra, a3, 5
core   0: 3 0x80009918 (0x0056d093) x 1 0x07ffffe0
core   0: 0x8000991c (0x748acbb7) lui     s7, 0x748ac
core   0: 3 0x8000991c (0x748acbb7) x23 0x748ac000
core   0: 0x80009920 (0x005f8233) add     tp, t6, t0
core   0: 3 0x80009920 (0x005f8233) x 4 0x07f27827
core   0: 0x80009924 (0x17388c13) addi    s8, a7, 371
core   0: 3 0x80009924 (0x17388c13) x24 0x0dae4173
core   0: 0x80009928 (0x41b55c13) srai    s8, a0, 27
core   0: 3 0x80009928 (0x41b55c13) x24 0x00000000
core   0: 0x8000992c (0x174eaf13) slti    t5, t4, 372
core   0: 3 0x8000992c (0x174eaf13) x30 0x00000001
core   0: 0x80009930 (0xb1212213) slti    tp, sp, -1262
core   0: 3 0x80009930 (0xb1212213) x 4 0x00000000
core   0: 0x80009934 (0x01d5e1b3) or      gp, a1, t4
core   0: 3 0x80009934 (0x01d5e1b3) x 3 0x80011e64
core   0: 0x80009938 (0x00deb433) sltu    s0, t4, a3
core   0: 3 0x80009938 (0x00deb433) x 8 0x00000001
core   0: 0x8000993c (0x003df4b3) and     s1, s11, gp
core   0: 3 0x8000993c (0x003df4b3) x 9 0x00000000
core   0: 0x80009940 (0x00000013) nop
core   0: 3 0x80009940 (0x00000013)
core   0: 0x80009944 (0x010046b3) xor     a3, zero, a6
core   0: 3 0x80009944 (0x010046b3) x13 0x00000000
core   0: 0x80009948 (0x00309513) slli    a0, ra, 3
core   0: 3 0x80009948 (0x00309513) x10 0x3fffff00
core   0: 0x8000994c (0x41510f33) sub     t5, sp, s5
core   0: 3 0x8000994c (0x41510f33) x30 0x804c4ff3
core   0: 0x80009950 (0x01d7de33) srl     t3, a5, t4
core   0: 3 0x80009950 (0x01d7de33) x28 0x031287e6
core   0: 0x80009954 (0x00da9a93) slli    s5, s5, 13
core   0: 3 0x80009954 (0x00da9a93) x21 0x66518000
core   0: 0x80009958 (0x40f20ab3) sub     s5, tp, a5
core   0: 3 0x80009958 (0x40f20ab3) x21 0xced78194
core   0: 0x8000995c (0x01fa69b3) or      s3, s4, t6
core   0: 3 0x8000995c (0x01fa69b3) x19 0x07f27827
core   0: 0x80009960 (0x8e7e0693) addi    a3, t3, -1817
core   0: 3 0x80009960 (0x8e7e0693) x13 0x031280cd
core   0: 0x80009964 (0x01164f33) xor     t5, a2, a7
core   0: 3 0x80009964 (0x01164f33) x30 0xf80f3b4b
core   0: 0x80009968 (0x14becd17) auipc   s10, 0x14bec
core   0: 3 0x80009968 (0x14becd17) x26 0x94bf5968
core   0: 0x8000996c (0x00a31a33) sll     s4, t1, a0
core   0: 3 0x8000996c (0x00a31a33) x20 0x00000000
core   0: 0x80009970 (0x00cc1ab3) sll     s5, s8, a2
core   0: 3 0x80009970 (0x00cc1ab3) x21 0x00000000
core   0: 0x80009974 (0x4067db93) srai    s7, a5, 6
core   0: 3 0x80009974 (0x4067db93) x23 0x00c4a1f9
core   0: 0x80009978 (0xb0803b97) auipc   s7, 0xb0803
core   0: 3 0x80009978 (0xb0803b97) x23 0x3080c978
core   0: 0x8000997c (0x008f5f33) srl     t5, t5, s0
core   0: 3 0x8000997c (0x008f5f33) x30 0x7c079da5
core   0: 0x80009980 (0x39d70b13) addi    s6, a4, 925
core   0: 3 0x80009980 (0x39d70b13) x22 0x8000039d
core   0: 0x80009984 (0x01789b13) slli    s6, a7, 23
core   0: 3 0x80009984 (0x01789b13) x22 0x00000000
core   0: 0x80009988 (0x70017513) andi    a0, sp, 1792
core   0: 3 0x80009988 (0x70017513) x10 0x00000200
core   0: 0x8000998c (0x001557b3) srl     a5, a0, ra
core   0: 3 0x8000998c (0x001557b3) x15 0x00000200
core   0: 0x80009990 (0x010000b3) add     ra, zero, a6
core   0: 3 0x80009990 (0x010000b3) x 1 0x00000000
core   0: 0x80009994 (0x40f0dc13) srai    s8, ra, 15
core   0: 3 0x80009994 (0x40f0dc13) x24 0x00000000
core   0: 0x80009998 (0x009440b3) xor     ra, s0, s1
core   0: 3 0x80009998 (0x009440b3) x 1 0x00000001
core   0: 0x8000999c (0x40f6dbb3) sra     s7, a3, a5
core   0: 3 0x8000999c (0x40f6dbb3) x23 0x031280cd
core   0: 0x800099a0 (0xdfefef17) auipc   t5, 0xdfefe
core   0: 3 0x800099a0 (0xdfefef17) x30 0x5ff079a0
core   0: 0x800099a4 (0x01b79bb3) sll     s7, a5, s11
core   0: 3 0x800099a4 (0x01b79bb3) x23 0x00000200
core   0: 0x800099a8 (0x60e38497) auipc   s1, 0x60e38
core   0: 3 0x800099a8 (0x60e38497) x 9 0xe0e419a8
core   0: 0x800099ac (0xf6f1ed13) ori     s10, gp, -145
core   0: 3 0x800099ac (0xf6f1ed13) x26 0xffffff6f
core   0: 0x800099b0 (0x003fa533) slt     a0, t6, gp
core   0: 3 0x800099b0 (0x003fa533) x10 0x00000000
core   0: 0x800099b4 (0x9281ea13) ori     s4, gp, -1752
core   0: 3 0x800099b4 (0x9281ea13) x20 0xffffff6c
core   0: 0x800099b8 (0x0002ddb3) srl     s11, t0, zero
core   0: 3 0x800099b8 (0x0002ddb3) x27 0x00000000
core   0: 0x800099bc (0x40b28c33) sub     s8, t0, a1
core   0: 3 0x800099bc (0x40b28c33) x24 0xffffffa0
core   0: 0x800099c0 (0x4f804913) xori    s2, zero, 1272
core   0: 3 0x800099c0 (0x4f804913) x18 0x000004f8
core   0: 0x800099c4 (0x404f5433) sra     s0, t5, tp
core   0: 3 0x800099c4 (0x404f5433) x 8 0x5ff079a0
core   0: 0x800099c8 (0x003b8d33) add     s10, s7, gp
core   0: 3 0x800099c8 (0x003b8d33) x26 0x80012064
core   0: 0x800099cc (0x00b800b3) add     ra, a6, a1
core   0: 3 0x800099cc (0x00b800b3) x 1 0x00000060
core   0: 0x800099d0 (0x9b596617) auipc   a2, 0x9b596
core   0: 3 0x800099d0 (0x9b596617) x12 0x1b59f9d0
core   0: 0x800099d4 (0x01858133) add     sp, a1, s8
core   0: 3 0x800099d4 (0x01858133) x 2 0x00000000
core   0: 0x800099d8 (0x401c5ab3) sra     s5, s8, ra
core   0: 3 0x800099d8 (0x401c5ab3) x21 0xffffffa0
core   0: 0x800099dc (0x27ed8a93) addi    s5, s11, 638
core   0: 3 0x800099dc (0x27ed8a93) x21 0x0000027e
core   0: 0x800099e0 (0x002f9313) slli    t1, t6, 2
core   0: 3 0x800099e0 (0x002f9313) x 6 0x1fc9e09c
core   0: 0x800099e4 (0x00877d33) and     s10, a4, s0
core   0: 3 0x800099e4 (0x00877d33) x26 0x00000000
core   0: 0x800099e8 (0x4073d793) srai    a5, t2, 7
core   0: 3 0x800099e8 (0x4073d793) x15 0x0000000e
core   0: 0x800099ec (0x99574913) xori    s2, a4, -1643
core   0: 3 0x800099ec (0x99574913) x18 0x7ffff995
core   0: 0x800099f0 (0x41075d13) srai    s10, a4, 16
core   0: 3 0x800099f0 (0x41075d13) x26 0xffff8000
core   0: 0x800099f4 (0x5921f693) andi    a3, gp, 1426
core   0: 3 0x800099f4 (0x5921f693) x13 0x00000400
core   0: 0x800099f8 (0x00f95113) srli    sp, s2, 15
core   0: 3 0x800099f8 (0x00f95113) x 2 0x0000ffff
core   0: 0x800099fc (0x00662c33) slt     s8, a2, t1
core   0: 3 0x800099fc (0x00662c33) x24 0x00000001
core   0: 0x80009a00 (0x00000013) nop
core   0: 3 0x80009a00 (0x00000013)
core   0: 0x80009a04 (0x95cbf093) andi    ra, s7, -1700
core   0: 3 0x80009a04 (0x95cbf093) x 1 0x00000000
core   0: 0x80009a08 (0x01270f33) add     t5, a4, s2
core   0: 3 0x80009a08 (0x01270f33) x30 0xfffff995
core   0: 0x80009a0c (0x01e620b3) slt     ra, a2, t5
core   0: 3 0x80009a0c (0x01e620b3) x 1 0x00000000
core   0: 0x80009a10 (0x00043533) sltu    a0, s0, zero
core   0: 3 0x80009a10 (0x00043533) x10 0x00000000
core   0: 0x80009a14 (0x41f307b3) sub     a5, t1, t6
core   0: 3 0x80009a14 (0x41f307b3) x15 0x17d76875
core   0: 0x80009a18 (0x0048fd33) and     s10, a7, tp
core   0: 3 0x80009a18 (0x0048fd33) x26 0x00000000
core   0: 0x80009a1c (0xe42e07b7) lui     a5, 0xe42e0
core   0: 3 0x80009a1c (0xe42e07b7) x15 0xe42e0000
core   0: 0x80009a20 (0xba309597) auipc   a1, 0xba309
core   0: 3 0x80009a20 (0xba309597) x11 0x3a312a20
core   0: 0x80009a24 (0x417c5d13) srai    s10, s8, 23
core   0: 3 0x80009a24 (0x417c5d13) x26 0x00000000
core   0: 0x80009a28 (0x01984bb3) xor     s7, a6, s9
core   0: 3 0x80009a28 (0x01984bb3) x23 0x80015ce4
core   0: 0x80009a2c (0x017908b3) add     a7, s2, s7
core   0: 3 0x80009a2c (0x017908b3) x17 0x00015679
core   0: 0x80009a30 (0x00acd793) srli    a5, s9, 10
core   0: 3 0x80009a30 (0x00acd793) x15 0x00200057
core   0: 0x80009a34 (0x010d4b33) xor     s6, s10, a6
core   0: 3 0x80009a34 (0x010d4b33) x22 0x00000000
core   0: 0x80009a38 (0xead40a13) addi    s4, s0, -339
core   0: 3 0x80009a38 (0xead40a13) x20 0x5ff0784d
core   0: 0x80009a3c (0x0170d613) srli    a2, ra, 23
core   0: 3 0x80009a3c (0x0170d613) x12 0x00000000
core   0: 0x80009a40 (0x40bf87b3) sub     a5, t6, a1
core   0: 3 0x80009a40 (0x40bf87b3) x15 0xcdc14e07
core   0: 0x80009a44 (0x00000013) nop
core   0: 3 0x80009a44 (0x00000013)
core   0: 0x80009a48 (0x00f990b3) sll     ra, s3, a5
core   0: 3 0x80009a48 (0x00f990b3) x 1 0xf93c1380
core   0: 0x80009a4c (0x01885833) srl     a6, a6, s8
core   0: 3 0x80009a4c (0x01885833) x16 0x00000000
core   0: 0x80009a50 (0x015c9a93) slli    s5, s9, 21
core   0: 3 0x80009a50 (0x015c9a93) x21 0x9c800000
core   0: 0x80009a54 (0x01252133) slt     sp, a0, s2
core   0: 3 0x80009a54 (0x01252133) x 2 0x00000001
core   0: 0x80009a58 (0x00574ab3) xor     s5, a4, t0
core   0: 3 0x80009a58 (0x00574ab3) x21 0x80000000
core   0: 0x80009a5c (0xe866c697) auipc   a3, 0xe866c
core   0: 3 0x80009a5c (0xe866c697) x13 0x68675a5c
core   0: 0x80009a60 (0x01250db3) add     s11, a0, s2
core   0: 3 0x80009a60 (0x01250db3) x27 0x7ffff995
core   0: 0x80009a64 (0x41718533) sub     a0, gp, s7
core   0: 3 0x80009a64 (0x41718533) x10 0xffffc180
core   0: 0x80009a68 (0x404b5193) srai    gp, s6, 4
core   0: 3 0x80009a68 (0x404b5193) x 3 0x00000000
core   0: 0x80009a6c (0x9c7dca93) xori    s5, s11, -1593
core   0: 3 0x80009a6c (0x9c7dca93) x21 0x80000052
core   0: 0x80009a70 (0x40c95293) srai    t0, s2, 12
core   0: 3 0x80009a70 (0x40c95293) x 5 0x0007ffff
core   0: 0x80009a74 (0x415d0133) sub     sp, s10, s5
core   0: 3 0x80009a74 (0x415d0133) x 2 0x7fffffae
core   0: 0x80009a78 (0x418650b3) sra     ra, a2, s8
core   0: 3 0x80009a78 (0x418650b3) x 1 0x00000000
core   0: 0x80009a7c (0x013a1d93) slli    s11, s4, 19
core   0: 3 0x80009a7c (0x013a1d93) x27 0xc2680000
core   0: 0x80009a80 (0x0c94af93) slti    t6, s1, 201
core   0: 3 0x80009a80 (0x0c94af93) x31 0x00000001
core   0: 0x80009a84 (0x006928b3) slt     a7, s2, t1
core   0: 3 0x80009a84 (0x006928b3) x17 0x00000000
core   0: 0x80009a88 (0x40dc8b33) sub     s6, s9, a3
core   0: 3 0x80009a88 (0x40dc8b33) x22 0x179a0288
core   0: 0x80009a8c (0x41815233) sra     tp, sp, s8
core   0: 3 0x80009a8c (0x41815233) x 4 0x3fffffd7
core   0: 0x80009a90 (0x01985233) srl     tp, a6, s9
core   0: 3 0x80009a90 (0x01985233) x 4 0x00000000
core   0: 0x80009a94 (0x00131013) slli    zero, t1, 1
core   0: 3 0x80009a94 (0x00131013)
core   0: 0x80009a98 (0x00145393) srli    t2, s0, 1
core   0: 3 0x80009a98 (0x00145393) x 7 0x2ff83cd0
core   0: 0x80009a9c (0x00000013) nop
core   0: 3 0x80009a9c (0x00000013)
core   0: 0x80009aa0 (0x2a6b9fb7) lui     t6, 0x2a6b9
core   0: 3 0x80009aa0 (0x2a6b9fb7) x31 0x2a6b9000
core   0: 0x80009aa4 (0x0023ee33) or      t3, t2, sp
core   0: 3 0x80009aa4 (0x0023ee33) x28 0x7ffffffe
core   0: 0x80009aa8 (0x016cb7b3) sltu    a5, s9, s6
core   0: 3 0x80009aa8 (0x016cb7b3) x15 0x00000000
core   0: 0x80009aac (0xd075e793) ori     a5, a1, -761
core   0: 3 0x80009aac (0xd075e793) x15 0xffffff27
core   0: 0x80009ab0 (0x01d5c033) xor     zero, a1, t4
core   0: 3 0x80009ab0 (0x01d5c033)
core   0: 0x80009ab4 (0x01c2f533) and     a0, t0, t3
core   0: 3 0x80009ab4 (0x01c2f533) x10 0x0007fffe
core   0: 0x80009ab8 (0x53658417) auipc   s0, 0x53658
core   0: 3 0x80009ab8 (0x53658417) x 8 0xd3661ab8
core   0: 0x80009abc (0x5f970993) addi    s3, a4, 1529
core   0: 3 0x80009abc (0x5f970993) x19 0x800005f9
core   0: 0x80009ac0 (0x008f1133) sll     sp, t5, s0
core   0: 3 0x80009ac0 (0x008f1133) x 2 0x95000000
core   0: 0x80009ac4 (0x00525633) srl     a2, tp, t0
core   0: 3 0x80009ac4 (0x00525633) x12 0x00000000
core   0: 0x80009ac8 (0x3ef30113) addi    sp, t1, 1007
core   0: 3 0x80009ac8 (0x3ef30113) x 2 0x1fc9e48b
core   0: 0x80009acc (0x00444633) xor     a2, s0, tp
core   0: 3 0x80009acc (0x00444633) x12 0xd3661ab8
core   0: 0x80009ad0 (0x00000013) nop
core   0: 3 0x80009ad0 (0x00000013)
core   0: 0x80009ad4 (0x40d70bb3) sub     s7, a4, a3
core   0: 3 0x80009ad4 (0x40d70bb3) x23 0x1798a5a4
core   0: 0x80009ad8 (0xf1338093) addi    ra, t2, -237
core   0: 3 0x80009ad8 (0xf1338093) x 1 0x2ff83be3
core   0: 0x80009adc (0x64698417) auipc   s0, 0x64698
core   0: 3 0x80009adc (0x64698417) x 8 0xe46a1adc
core   0: 0x80009ae0 (0x92d83a13) sltiu   s4, a6, -1747
core   0: 3 0x80009ae0 (0x92d83a13) x20 0x00000001
core   0: 0x80009ae4 (0x43922393) slti    t2, tp, 1081
core   0: 3 0x80009ae4 (0x43922393) x 7 0x00000001
core   0: 0x80009ae8 (0xc892c213) xori    tp, t0, -887
core   0: 3 0x80009ae8 (0xc892c213) x 4 0xfff80376
core   0: 0x80009aec (0x1cd18c13) addi    s8, gp, 461
core   0: 3 0x80009aec (0x1cd18c13) x24 0x000001cd
core   0: 0x80009af0 (0x00d57233) and     tp, a0, a3
core   0: 3 0x80009af0 (0x00d57233) x 4 0x00075a5c
core   0: 0x80009af4 (0x006ca4b3) slt     s1, s9, t1
core   0: 3 0x80009af4 (0x006ca4b3) x 9 0x00000001
core   0: 0x80009af8 (0x01bc65b3) or      a1, s8, s11
core   0: 3 0x80009af8 (0x01bc65b3) x11 0xc26801cd
core   0: 0x80009afc (0xc215b1b7) lui     gp, 0xc215b
core   0: 3 0x80009afc (0xc215b1b7) x 3 0xc215b000
core   0: 0x80009b00 (0xd38b2613) slti    a2, s6, -712
core   0: 3 0x80009b00 (0xd38b2613) x12 0x00000000
core   0: 0x80009b04 (0x815f0f13) addi    t5, t5, -2027
core   0: 3 0x80009b04 (0x815f0f13) x30 0xfffff1aa
core   0: 0x80009b08 (0x01a868b3) or      a7, a6, s10
core   0: 3 0x80009b08 (0x01a868b3) x17 0x00000000
core   0: 0x80009b0c (0x01b0b2b3) sltu    t0, ra, s11
core   0: 3 0x80009b0c (0x01b0b2b3) x 5 0x00000001
core   0: 0x80009b10 (0xf6427093) andi    ra, tp, -156
core   0: 3 0x80009b10 (0xf6427093) x 1 0x00075a44
core   0: 0x80009b14 (0x72936393) ori     t2, t1, 1833
core   0: 3 0x80009b14 (0x72936393) x 7 0x1fc9e7bd
core   0: 0x80009b18 (0x53030c13) addi    s8, t1, 1328
core   0: 3 0x80009b18 (0x53030c13) x24 0x1fc9e5cc
core   0: 0x80009b1c (0x1d8fbd13) sltiu   s10, t6, 472
core   0: 3 0x80009b1c (0x1d8fbd13) x26 0x00000000
core   0: 0x80009b20 (0x00000013) nop
core   0: 3 0x80009b20 (0x00000013)
core   0: 0x80009b24 (0x00b59433) sll     s0, a1, a1
core   0: 3 0x80009b24 (0x00b59433) x 8 0x0039a000
core   0: 0x80009b28 (0xfcda0093) addi    ra, s4, -51
core   0: 3 0x80009b28 (0xfcda0093) x 1 0xffffffce
core   0: 0x80009b2c (0x4e9d3813) sltiu   a6, s10, 1257
core   0: 3 0x80009b2c (0x4e9d3813) x16 0x00000001
core   0: 0x80009b30 (0x00e7d493) srli    s1, a5, 14
core   0: 3 0x80009b30 (0x00e7d493) x 9 0x0003ffff
core   0: 0x80009b34 (0x23340493) addi    s1, s0, 563
core   0: 3 0x80009b34 (0x23340493) x 9 0x0039a233
core   0: 0x80009b38 (0xd1877693) andi    a3, a4, -744
core   0: 3 0x80009b38 (0xd1877693) x13 0x80000000
core   0: 0x80009b3c (0xb5c9fa13) andi    s4, s3, -1188
core   0: 3 0x80009b3c (0xb5c9fa13) x20 0x80000158
core   0: 0x80009b40 (0x00da5ab3) srl     s5, s4, a3
core   0: 3 0x80009b40 (0x00da5ab3) x21 0x80000158
core   0: 0x80009b44 (0x01d71413) slli    s0, a4, 29
core   0: 3 0x80009b44 (0x01d71413) x 8 0x00000000
core   0: 0x80009b48 (0x43a09837) lui     a6, 0x43a09
core   0: 3 0x80009b48 (0x43a09837) x16 0x43a09000
core   0: 0x80009b4c (0x658656b7) lui     a3, 0x65865
core   0: 3 0x80009b4c (0x658656b7) x13 0x65865000
core   0: 0x80009b50 (0x004ed333) srl     t1, t4, tp
core   0: 3 0x80009b50 (0x004ed333) x 6 0x00000008
core   0: 0x80009b54 (0xd773a397) auipc   t2, 0xd773a
core   0: 3 0x80009b54 (0xd773a397) x 7 0x57743b54
core   0: 0x80009b58 (0x01ce9393) slli    t2, t4, 28
core   0: 3 0x80009b58 (0x01ce9393) x 7 0x40000000
core   0: 0x80009b5c (0x008d1213) slli    tp, s10, 8
core   0: 3 0x80009b5c (0x008d1213) x 4 0x00000000
core   0: 0x80009b60 (0x40ab5193) srai    gp, s6, 10
core   0: 3 0x80009b60 (0x40ab5193) x 3 0x0005e680
core   0: 0x80009b64 (0x15b38793) addi    a5, t2, 347
core   0: 3 0x80009b64 (0x15b38793) x15 0x4000015b
core   0: 0x80009b68 (0x40b0d433) sra     s0, ra, a1
core   0: 3 0x80009b68 (0x40b0d433) x 8 0xffffffff
core   0: 0x80009b6c (0x008887b3) add     a5, a7, s0
core   0: 3 0x80009b6c (0x008887b3) x15 0xffffffff
core   0: 0x80009b70 (0x971aa4b7) lui     s1, 0x971aa
core   0: 3 0x80009b70 (0x971aa4b7) x 9 0x971aa000
core   0: 0x80009b74 (0x006153b3) srl     t2, sp, t1
core   0: 3 0x80009b74 (0x006153b3) x 7 0x001fc9e4
core   0: 0x80009b78 (0x41c7d533) sra     a0, a5, t3
core   0: 3 0x80009b78 (0x41c7d533) x10 0xffffffff
core   0: 0x80009b7c (0x008e3233) sltu    tp, t3, s0
core   0: 3 0x80009b7c (0x008e3233) x 4 0x00000001
core   0: 0x80009b80 (0x40293413) sltiu   s0, s2, 1026
core   0: 3 0x80009b80 (0x40293413) x 8 0x00000000
core   0: 0x80009b84 (0x00000013) nop
core   0: 3 0x80009b84 (0x00000013)
core   0: 0x80009b88 (0x00145d33) srl     s10, s0, ra
core   0: 3 0x80009b88 (0x00145d33) x26 0x00000000
core   0: 0x80009b8c (0x69d97513) andi    a0, s2, 1693
core   0: 3 0x80009b8c (0x69d97513) x10 0x00000095
core   0: 0x80009b90 (0x00d61893) slli    a7, a2, 13
core   0: 3 0x80009b90 (0x00d61893) x17 0x00000000
core   0: 0x80009b94 (0xe6838813) addi    a6, t2, -408
core   0: 3 0x80009b94 (0xe6838813) x16 0x001fc84c
core   0: 0x80009b98 (0x01b1a8b3) slt     a7, gp, s11
core   0: 3 0x80009b98 (0x01b1a8b3) x17 0x00000000
core   0: 0x80009b9c (0x53ad6d37) lui     s10, 0x53ad6
core   0: 3 0x80009b9c (0x53ad6d37) x26 0x53ad6000
core   0: 0x80009ba0 (0x63e9ef13) ori     t5, s3, 1598
core   0: 3 0x80009ba0 (0x63e9ef13) x30 0x800007ff
core   0: 0x80009ba4 (0x62383d93) sltiu   s11, a6, 1571
core   0: 3 0x80009ba4 (0x62383d93) x27 0x00000000
core   0: 0x80009ba8 (0x00a4eab3) or      s5, s1, a0
core   0: 3 0x80009ba8 (0x00a4eab3) x21 0x971aa095
core   0: 0x80009bac (0xedc1b293) sltiu   t0, gp, -292
core   0: 3 0x80009bac (0xedc1b293) x 5 0x00000001
core   0: 0x80009bb0 (0x006cffb3) and     t6, s9, t1
core   0: 3 0x80009bb0 (0x006cffb3) x31 0x00000000
core   0: 0x80009bb4 (0x016764b3) or      s1, a4, s6
core   0: 3 0x80009bb4 (0x016764b3) x 9 0x979a0288
core   0: 0x80009bb8 (0x00000013) nop
core   0: 3 0x80009bb8 (0x00000013)
core   0: 0x80009bbc (0x43c2eb93) ori     s7, t0, 1084
core   0: 3 0x80009bbc (0x43c2eb93) x23 0x0000043d
core   0: 0x80009bc0 (0x00811db3) sll     s11, sp, s0
core   0: 3 0x80009bc0 (0x00811db3) x27 0x1fc9e48b
core   0: 0x80009bc4 (0x85822693) slti    a3, tp, -1960
core   0: 3 0x80009bc4 (0x85822693) x13 0x00000000
core   0: 0x80009bc8 (0x40b75413) srai    s0, a4, 11
core   0: 3 0x80009bc8 (0x40b75413) x 8 0xfff00000
core   0: 0x80009bcc (0x411f5793) srai    a5, t5, 17
core   0: 3 0x80009bcc (0x411f5793) x15 0xffffc000
core   0: 0x80009bd0 (0x00000013) nop
core   0: 3 0x80009bd0 (0x00000013)
core   0: 0x80009bd4 (0x41bc5793) srai    a5, s8, 27
core   0: 3 0x80009bd4 (0x41bc5793) x15 0x00000003
core   0: 0x80009bd8 (0xb1697c13) andi    s8, s2, -1258
core   0: 3 0x80009bd8 (0xb1697c13) x24 0x7ffff914
core   0: 0x80009bdc (0x01279f13) slli    t5, a5, 18
core   0: 3 0x80009bdc (0x01279f13) x30 0x000c0000
core   0: 0x80009be0 (0x01c71433) sll     s0, a4, t3
core   0: 3 0x80009be0 (0x01c71433) x 8 0x00000000
core   0: 0x80009be4 (0x1b91dab7) lui     s5, 0x1b91d
core   0: 3 0x80009be4 (0x1b91dab7) x21 0x1b91d000
core   0: 0x80009be8 (0x01718ab3) add     s5, gp, s7
core   0: 3 0x80009be8 (0x01718ab3) x21 0x0005eabd
core   0: 0x80009bec (0x0b560813) addi    a6, a2, 181
core   0: 3 0x80009bec (0x0b560813) x16 0x000000b5
core   0: 0x80009bf0 (0x40800033) sub     zero, zero, s0
core   0: 3 0x80009bf0 (0x40800033)
core   0: 0x80009bf4 (0x0156dab3) srl     s5, a3, s5
core   0: 3 0x80009bf4 (0x0156dab3) x21 0x00000000
core   0: 0x80009bf8 (0x0193d513) srli    a0, t2, 25
core   0: 3 0x80009bf8 (0x0193d513) x10 0x00000000
core   0: 0x80009bfc (0x7c47f613) andi    a2, a5, 1988
core   0: 3 0x80009bfc (0x7c47f613) x12 0x00000000
core   0: 0x80009c00 (0x01ce9633) sll     a2, t4, t3
core   0: 3 0x80009c00 (0x01ce9633) x12 0x00000000
core   0: 0x80009c04 (0x00c7afb3) slt     t6, a5, a2
core   0: 3 0x80009c04 (0x00c7afb3) x31 0x00000000
core   0: 0x80009c08 (0x01d3e7b3) or      a5, t2, t4
core   0: 3 0x80009c08 (0x01d3e7b3) x15 0x801fdfe4
core   0: 0x80009c0c (0x3b1e4a13) xori    s4, t3, 945
core   0: 3 0x80009c0c (0x3b1e4a13) x20 0x7ffffc4f
core   0: 0x80009c10 (0x01ad3fb3) sltu    t6, s10, s10
core   0: 3 0x80009c10 (0x01ad3fb3) x31 0x00000000
core   0: 0x80009c14 (0xd79aa493) slti    s1, s5, -647
core   0: 3 0x80009c14 (0xd79aa493) x 9 0x00000000
core   0: 0x80009c18 (0x00e7d413) srli    s0, a5, 14
core   0: 3 0x80009c18 (0x00e7d413) x 8 0x0002007f
core   0: 0x80009c1c (0x00000013) nop
core   0: 3 0x80009c1c (0x00000013)
core   0: 0x80009c20 (0x00000013) nop
core   0: 3 0x80009c20 (0x00000013)
core   0: 0x80009c24 (0x407dd693) srai    a3, s11, 7
core   0: 3 0x80009c24 (0x407dd693) x13 0x003f93c9
core   0: 0x80009c28 (0x41a454b3) sra     s1, s0, s10
core   0: 3 0x80009c28 (0x41a454b3) x 9 0x0002007f
core   0: 0x80009c2c (0x93a76313) ori     t1, a4, -1734
core   0: 3 0x80009c2c (0x93a76313) x 6 0xfffff93a
core   0: 0x80009c30 (0x6f557d97) auipc   s11, 0x6f557
core   0: 3 0x80009c30 (0x6f557d97) x27 0xef560c30
core   0: 0x80009c34 (0x00e25f13) srli    t5, tp, 14
core   0: 3 0x80009c34 (0x00e25f13) x30 0x00000000
core   0: 0x80009c38 (0x001634b3) sltu    s1, a2, ra
core   0: 3 0x80009c38 (0x001634b3) x 9 0x00000001
core   0: 0x80009c3c (0x0aca2837) lui     a6, 0xaca2
core   0: 3 0x80009c3c (0x0aca2837) x16 0x0aca2000
core   0: 0x80009c40 (0xf22d8913) addi    s2, s11, -222
core   0: 3 0x80009c40 (0xf22d8913) x18 0xef560b52
core   0: 0x80009c44 (0x410400b3) sub     ra, s0, a6
core   0: 3 0x80009c44 (0x410400b3) x 1 0xf537e07f
core   0: 0x80009c48 (0x01e8bb33) sltu    s6, a7, t5
core   0: 3 0x80009c48 (0x01e8bb33) x22 0x00000000
core   0: 0x80009c4c (0x01bcb433) sltu    s0, s9, s11
core   0: 3 0x80009c4c (0x01bcb433) x 8 0x00000001
core   0: 0x80009c50 (0x00d13ab3) sltu    s5, sp, a3
core   0: 3 0x80009c50 (0x00d13ab3) x21 0x00000000
core   0: 0x80009c54 (0x4bf8fd93) andi    s11, a7, 1215
core   0: 3 0x80009c54 (0x4bf8fd93) x27 0x00000000
core   0: 0x80009c58 (0x00000013) nop
core   0: 3 0x80009c58 (0x00000013)
core   0: 0x80009c5c (0xc9e8a193) slti    gp, a7, -866
core   0: 3 0x80009c5c (0xc9e8a193) x 3 0x00000000
core   0: 0x80009c60 (0x37a58993) addi    s3, a1, 890
core   0: 3 0x80009c60 (0x37a58993) x19 0xc2680547
core   0: 0x80009c64 (0x40ba5fb3) sra     t6, s4, a1
core   0: 3 0x80009c64 (0x40ba5fb3) x31 0x0003ffff
core   0: 0x80009c68 (0x018071b3) and     gp, zero, s8
core   0: 3 0x80009c68 (0x018071b3) x 3 0x00000000
core   0: 0x80009c6c (0x00bfa6b3) slt     a3, t6, a1
core   0: 3 0x80009c6c (0x00bfa6b3) x13 0x00000000
core   0: 0x80009c70 (0x01e643b3) xor     t2, a2, t5
core   0: 3 0x80009c70 (0x01e643b3) x 7 0x00000000
core   0: 0x80009c74 (0x00ae6bb3) or      s7, t3, a0
core   0: 3 0x80009c74 (0x00ae6bb3) x23 0x7ffffffe
core   0: 0x80009c78 (0x00c50233) add     tp, a0, a2
core   0: 3 0x80009c78 (0x00c50233) x 4 0x00000000
core   0: 0x80009c7c (0x40c10fb3) sub     t6, sp, a2
core   0: 3 0x80009c7c (0x40c10fb3) x31 0x1fc9e48b
core   0: 0x80009c80 (0x00beeab3) or      s5, t4, a1
core   0: 3 0x80009c80 (0x00beeab3) x21 0xc2691fed
core   0: 0x80009c84 (0x41e553b3) sra     t2, a0, t5
core   0: 3 0x80009c84 (0x41e553b3) x 7 0x00000000
core   0: 0x80009c88 (0xd26197b7) lui     a5, 0xd2619
core   0: 3 0x80009c88 (0xd26197b7) x15 0xd2619000
core   0: 0x80009c8c (0x40e28133) sub     sp, t0, a4
core   0: 3 0x80009c8c (0x40e28133) x 2 0x80000001
core   0: 0x80009c90 (0x403b8533) sub     a0, s7, gp
core   0: 3 0x80009c90 (0x403b8533) x10 0x7ffffffe
core   0: 0x80009c94 (0x013066b3) or      a3, zero, s3
core   0: 3 0x80009c94 (0x013066b3) x13 0xc2680547
core   0: 0x80009c98 (0xbbaf0613) addi    a2, t5, -1094
core   0: 3 0x80009c98 (0xbbaf0613) x12 0xfffffbba
core   0: 0x80009c9c (0xdbd4e037) lui     zero, 0xdbd4e
core   0: 3 0x80009c9c (0xdbd4e037)
core   0: 0x80009ca0 (0x57846a93) ori     s5, s0, 1400
core   0: 3 0x80009ca0 (0x57846a93) x21 0x00000579
core   0: 0x80009ca4 (0x00000013) nop
core   0: 3 0x80009ca4 (0x00000013)
core   0: 0x80009ca8 (0x96367613) andi    a2, a2, -1693
core   0: 3 0x80009ca8 (0x96367613) x12 0xfffff922
core   0: 0x80009cac (0x01c051b3) srl     gp, zero, t3
core   0: 3 0x80009cac (0x01c051b3) x 3 0x00000000
core   0: 0x80009cb0 (0x7f7c4693) xori    a3, s8, 2039
core   0: 3 0x80009cb0 (0x7f7c4693) x13 0x7ffffee3
core   0: 0x80009cb4 (0x003ad6b3) srl     a3, s5, gp
core   0: 3 0x80009cb4 (0x003ad6b3) x13 0x00000579
core   0: 0x80009cb8 (0x00646db3) or      s11, s0, t1
core   0: 3 0x80009cb8 (0x00646db3) x27 0xfffff93b
core   0: 0x80009cbc (0x40e9d433) sra     s0, s3, a4
core   0: 3 0x80009cbc (0x40e9d433) x 8 0xc2680547
core   0: 0x80009cc0 (0x408dd493) srai    s1, s11, 8
core   0: 3 0x80009cc0 (0x408dd493) x 9 0xfffffff9
core   0: 0x80009cc4 (0x01c8f2b3) and     t0, a7, t3
core   0: 3 0x80009cc4 (0x01c8f2b3) x 5 0x00000000
core   0: 0x80009cc8 (0x007d9913) slli    s2, s11, 7
core   0: 3 0x80009cc8 (0x007d9913) x18 0xfffc9d80
core   0: 0x80009ccc (0x9abae0b7) lui     ra, 0x9abae
core   0: 3 0x80009ccc (0x9abae0b7) x 1 0x9abae000
core   0: 0x80009cd0 (0x915ee1b7) lui     gp, 0x915ee
core   0: 3 0x80009cd0 (0x915ee1b7) x 3 0x915ee000
core   0: 0x80009cd4 (0x41fbdc13) srai    s8, s7, 31
core   0: 3 0x80009cd4 (0x41fbdc13) x24 0x00000000
core   0: 0x80009cd8 (0x41c4df13) srai    t5, s1, 28
core   0: 3 0x80009cd8 (0x41c4df13) x30 0xffffffff
core   0: 0x80009cdc (0x007dbc33) sltu    s8, s11, t2
core   0: 3 0x80009cdc (0x007dbc33) x24 0x00000000
core   0: 0x80009ce0 (0x3be0e013) ori     zero, ra, 958
core   0: 3 0x80009ce0 (0x3be0e013)
core   0: 0x80009ce4 (0x01858833) add     a6, a1, s8
core   0: 3 0x80009ce4 (0x01858833) x16 0xc26801cd
core   0: 0x80009ce8 (0x24406013) ori     zero, zero, 580
core   0: 3 0x80009ce8 (0x24406013)
core   0: 0x80009cec (0x01731313) slli    t1, t1, 23
core   0: 3 0x80009cec (0x01731313) x 6 0x9d000000
core   0: 0x80009cf0 (0x00b3aab3) slt     s5, t2, a1
core   0: 3 0x80009cf0 (0x00b3aab3) x21 0x00000000
core   0: 0x80009cf4 (0xd7050513) addi    a0, a0, -656
core   0: 3 0x80009cf4 (0xd7050513) x10 0x7ffffd6e
core   0: 0x80009cf8 (0x015b5a93) srli    s5, s6, 21
core   0: 3 0x80009cf8 (0x015b5a93) x21 0x00000000
core   0: 0x80009cfc (0x004075b3) and     a1, zero, tp
core   0: 3 0x80009cfc (0x004075b3) x11 0x00000000
core   0: 0x80009d00 (0x00000013) nop
core   0: 3 0x80009d00 (0x00000013)
core   0: 0x80009d04 (0x00afd513) srli    a0, t6, 10
core   0: 3 0x80009d04 (0x00afd513) x10 0x0007f279
core   0: 0x80009d08 (0x00b87933) and     s2, a6, a1
core   0: 3 0x80009d08 (0x00b87933) x18 0x00000000
core   0: 0x80009d0c (0x00f6b3b3) sltu    t2, a3, a5
core   0: 3 0x80009d0c (0x00f6b3b3) x 7 0x00000001
core   0: 0x80009d10 (0x00070533) add     a0, a4, zero
core   0: 3 0x80009d10 (0x00070533) x10 0x80000000
core   0: 0x80009d14 (0x4049db13) srai    s6, s3, 4
core   0: 3 0x80009d14 (0x4049db13) x22 0xfc268054
core   0: 0x80009d18 (0x00bbfa33) and     s4, s7, a1
core   0: 3 0x80009d18 (0x00bbfa33) x20 0x00000000
core   0: 0x80009d1c (0x40895c33) sra     s8, s2, s0
core   0: 3 0x80009d1c (0x40895c33) x24 0x00000000
core   0: 0x80009d20 (0x10fdc693) xori    a3, s11, 271
core   0: 3 0x80009d20 (0x10fdc693) x13 0xfffff834
core   0: 0x80009d24 (0x91d90a93) addi    s5, s2, -1763
core   0: 3 0x80009d24 (0x91d90a93) x21 0xfffff91d
core   0: 0x80009d28 (0x00e11933) sll     s2, sp, a4
core   0: 3 0x80009d28 (0x00e11933) x18 0x80000001
core   0: 0x80009d2c (0x965ca693) slti    a3, s9, -1691
core   0: 3 0x80009d2c (0x965ca693) x13 0x00000001
core   0: 0x80009d30 (0x40645c13) srai    s8, s0, 6
core   0: 3 0x80009d30 (0x40645c13) x24 0xff09a015
core   0: 0x80009d34 (0x91f4ad93) slti    s11, s1, -1761
core   0: 3 0x80009d34 (0x91f4ad93) x27 0x00000000
core   0: 0x80009d38 (0x33e95037) lui     zero, 0x33e95
core   0: 3 0x80009d38 (0x33e95037)
core   0: 0x80009d3c (0x01e28633) add     a2, t0, t5
core   0: 3 0x80009d3c (0x01e28633) x12 0xffffffff
core   0: 0x80009d40 (0x417b0c33) sub     s8, s6, s7
core   0: 3 0x80009d40 (0x417b0c33) x24 0x7c268056
core   0: 0x80009d44 (0x00bcffb3) and     t6, s9, a1
core   0: 3 0x80009d44 (0x00bcffb3) x31 0x00000000
core   0: 0x80009d48 (0x404102b3) sub     t0, sp, tp
core   0: 3 0x80009d48 (0x404102b3) x 5 0x80000001
core   0: 0x80009d4c (0x100486b7) lui     a3, 0x10048
core   0: 3 0x80009d4c (0x100486b7) x13 0x10048000
core   0: 0x80009d50 (0xfe793937) lui     s2, 0xfe793
core   0: 3 0x80009d50 (0xfe793937) x18 0xfe793000
core   0: 0x80009d54 (0x01bfbfb3) sltu    t6, t6, s11
core   0: 3 0x80009d54 (0x01bfbfb3) x31 0x00000000
core   0: 0x80009d58 (0x01ad90b3) sll     ra, s11, s10
core   0: 3 0x80009d58 (0x01ad90b3) x 1 0x00000000
core   0: 0x80009d5c (0x014e44b3) xor     s1, t3, s4
core   0: 3 0x80009d5c (0x014e44b3) x 9 0x7ffffffe
core   0: 0x80009d60 (0x00542bb3) slt     s7, s0, t0
core   0: 3 0x80009d60 (0x00542bb3) x23 0x00000000
core   0: 0x80009d64 (0x606ce893) ori     a7, s9, 1542
core   0: 3 0x80009d64 (0x606ce893) x17 0x80015ee6
core   0: 0x80009d68 (0x00000013) nop
core   0: 3 0x80009d68 (0x00000013)
core   0: 0x80009d6c (0x9ec2ab13) slti    s6, t0, -1556
core   0: 3 0x80009d6c (0x9ec2ab13) x22 0x00000001
core   0: 0x80009d70 (0xf5d43b93) sltiu   s7, s0, -163
core   0: 3 0x80009d70 (0xf5d43b93) x23 0x00000001
core   0: 0x80009d74 (0x06560313) addi    t1, a2, 101
core   0: 3 0x80009d74 (0x06560313) x 6 0x00000064
core   0: 0x80009d78 (0x69cc7b13) andi    s6, s8, 1692
core   0: 3 0x80009d78 (0x69cc7b13) x22 0x00000014
core   0: 0x80009d7c (0x2543e893) ori     a7, t2, 596
core   0: 3 0x80009d7c (0x2543e893) x17 0x00000255
core   0: 0x80009d80 (0xb0265c37) lui     s8, 0xb0265
core   0: 3 0x80009d80 (0xb0265c37) x24 0xb0265000
core   0: 0x80009d84 (0x0051de33) srl     t3, gp, t0
core   0: 3 0x80009d84 (0x0051de33) x28 0x48af7000
core   0: 0x80009d88 (0x01a1d493) srli    s1, gp, 26
core   0: 3 0x80009d88 (0x01a1d493) x 9 0x00000024
core   0: 0x80009d8c (0xd79c5997) auipc   s3, 0xd79c5
core   0: 3 0x80009d8c (0xd79c5997) x19 0x579ced8c
core   0: 0x80009d90 (0x0187bb33) sltu    s6, a5, s8
core   0: 3 0x80009d90 (0x0187bb33) x22 0x00000000
core   0: 0x80009d94 (0xb9560d93) addi    s11, a2, -1131
core   0: 3 0x80009d94 (0xb9560d93) x27 0xfffffb94
core   0: 0x80009d98 (0x340bcfb7) lui     t6, 0x340bc
core   0: 3 0x80009d98 (0x340bcfb7) x31 0x340bc000
core   0: 0x80009d9c (0x00769293) slli    t0, a3, 7
core   0: 3 0x80009d9c (0x00769293) x 5 0x02400000
core   0: 0x80009da0 (0x417980b3) sub     ra, s3, s7
core   0: 3 0x80009da0 (0x417980b3) x 1 0x579ced8b
core   0: 0x80009da4 (0x001685b3) add     a1, a3, ra
core   0: 3 0x80009da4 (0x001685b3) x11 0x67a16d8b
core   0: 0x80009da8 (0x00fc8a33) add     s4, s9, a5
core   0: 3 0x80009da8 (0x00fc8a33) x20 0x5262ece4
core   0: 0x80009dac (0x0107d613) srli    a2, a5, 16
core   0: 3 0x80009dac (0x0107d613) x12 0x0000d261
core   0: 0x80009db0 (0x41aedc13) srai    s8, t4, 26
core   0: 3 0x80009db0 (0x41aedc13) x24 0xffffffe0
core   0: 0x80009db4 (0x00000013) nop
core   0: 3 0x80009db4 (0x00000013)
core   0: 0x80009db8 (0xceb62193) slti    gp, a2, -789
core   0: 3 0x80009db8 (0xceb62193) x 3 0x00000000
core   0: 0x80009dbc (0x0064dfb3) srl     t6, s1, t1
core   0: 3 0x80009dbc (0x0064dfb3) x31 0x00000002
core   0: 0x80009dc0 (0x5fe00b93) li      s7, 1534
core   0: 3 0x80009dc0 (0x5fe00b93) x23 0x000005fe
core   0: 0x80009dc4 (0x00af0fb3) add     t6, t5, a0
core   0: 3 0x80009dc4 (0x00af0fb3) x31 0x7fffffff
core   0: 0x80009dc8 (0x96560613) addi    a2, a2, -1691
core   0: 3 0x80009dc8 (0x96560613) x12 0x0000cbc6
core   0: 0x80009dcc (0x01a04033) xor     zero, zero, s10
core   0: 3 0x80009dcc (0x01a04033)
core   0: 0x80009dd0 (0x00ed7833) and     a6, s10, a4
core   0: 3 0x80009dd0 (0x00ed7833) x16 0x00000000
core   0: 0x80009dd4 (0x007c9793) slli    a5, s9, 7
core   0: 3 0x80009dd4 (0x007c9793) x15 0x00ae7200
core   0: 0x80009dd8 (0xf758c693) xori    a3, a7, -139
core   0: 3 0x80009dd8 (0xf758c693) x13 0xfffffd20
core   0: 0x80009ddc (0xe2195417) auipc   s0, 0xe2195
core   0: 3 0x80009ddc (0xe2195417) x 8 0x6219eddc
core   0: 0x80009de0 (0xa33fa793) slti    a5, t6, -1485
core   0: 3 0x80009de0 (0xa33fa793) x15 0x00000000
core   0: 0x80009de4 (0x40d45793) srai    a5, s0, 13
core   0: 3 0x80009de4 (0x40d45793) x15 0x000310cf
core   0: 0x80009de8 (0x01e3e433) or      s0, t2, t5
core   0: 3 0x80009de8 (0x01e3e433) x 8 0xffffffff
core   0: 0x80009dec (0xf3ac6f13) ori     t5, s8, -198
core   0: 3 0x80009dec (0xf3ac6f13) x30 0xfffffffa
core   0: 0x80009df0 (0x00fd6333) or      t1, s10, a5
core   0: 3 0x80009df0 (0x00fd6333) x 6 0x53af70cf
core   0: 0x80009df4 (0x01fbbfb3) sltu    t6, s7, t6
core   0: 3 0x80009df4 (0x01fbbfb3) x31 0x00000001
core   0: 0x80009df8 (0x41558db3) sub     s11, a1, s5
core   0: 3 0x80009df8 (0x41558db3) x27 0x67a1746e
core   0: 0x80009dfc (0x419edb33) sra     s6, t4, s9
core   0: 3 0x80009dfc (0x419edb33) x22 0xf80011e6
core   0: 0x80009e00 (0x64a6f293) andi    t0, a3, 1610
core   0: 3 0x80009e00 (0x64a6f293) x 5 0x00000400
core   0: 0x80009e04 (0xe4089897) auipc   a7, 0xe4089
core   0: 3 0x80009e04 (0xe4089897) x17 0x64092e04
core   0: 0x80009e08 (0x014e3b33) sltu    s6, t3, s4
core   0: 3 0x80009e08 (0x014e3b33) x22 0x00000001
core   0: 0x80009e0c (0xbfd90993) addi    s3, s2, -1027
core   0: 3 0x80009e0c (0xbfd90993) x19 0xfe792bfd
core   0: 0x80009e10 (0xd82a31b7) lui     gp, 0xd82a3
core   0: 3 0x80009e10 (0xd82a31b7) x 3 0xd82a3000
core   0: 0x80009e14 (0x00211ab3) sll     s5, sp, sp
core   0: 3 0x80009e14 (0x00211ab3) x21 0x00000002
core   0: 0x80009e18 (0x8076e8b7) lui     a7, 0x8076e
core   0: 3 0x80009e18 (0x8076e8b7) x17 0x8076e000
core   0: 0x80009e1c (0x0189d693) srli    a3, s3, 24
core   0: 3 0x80009e1c (0x0189d693) x13 0x000000fe
core   0: 0x80009e20 (0x00644b33) xor     s6, s0, t1
core   0: 3 0x80009e20 (0x00644b33) x22 0xac508f30
core   0: 0x80009e24 (0x014c5893) srli    a7, s8, 20
core   0: 3 0x80009e24 (0x014c5893) x17 0x00000fff
core   0: 0x80009e28 (0x5e0ce413) ori     s0, s9, 1504
core   0: 3 0x80009e28 (0x5e0ce413) x 8 0x80015de4
core   0: 0x80009e2c (0x00000013) nop
core   0: 3 0x80009e2c (0x00000013)
core   0: 0x80009e30 (0xa0783917) auipc   s2, 0xa0783
core   0: 3 0x80009e30 (0xa0783917) x18 0x2078ce30
core   0: 0x80009e34 (0x40460db3) sub     s11, a2, tp
core   0: 3 0x80009e34 (0x40460db3) x27 0x0000cbc6
core   0: 0x80009e38 (0x76e4cf37) lui     t5, 0x76e4c
core   0: 3 0x80009e38 (0x76e4cf37) x30 0x76e4c000
core   0: 0x80009e3c (0xbb818237) lui     tp, 0xbb818
core   0: 3 0x80009e3c (0xbb818237) x 4 0xbb818000
core   0: 0x80009e40 (0x0170c4b3) xor     s1, ra, s7
core   0: 3 0x80009e40 (0x0170c4b3) x 9 0x579ce875
core   0: 0x80009e44 (0x0013efb3) or      t6, t2, ra
core   0: 3 0x80009e44 (0x0013efb3) x31 0x579ced8b
core   0: 0x80009e48 (0xa6d6bf93) sltiu   t6, a3, -1427
core   0: 3 0x80009e48 (0xa6d6bf93) x31 0x00000001
core   0: 0x80009e4c (0x00b31413) slli    s0, t1, 11
core   0: 3 0x80009e4c (0x00b31413) x 8 0x7b867800
core   0: 0x80009e50 (0x0163fb33) and     s6, t2, s6
core   0: 3 0x80009e50 (0x0163fb33) x22 0x00000000
core   0: 0x80009e54 (0x03317b37) lui     s6, 0x3317
core   0: 3 0x80009e54 (0x03317b37) x22 0x03317000
core   0: 0x80009e58 (0xf27fcd13) xori    s10, t6, -217
core   0: 3 0x80009e58 (0xf27fcd13) x26 0xffffff26
core   0: 0x80009e5c (0x0142d513) srli    a0, t0, 20
core   0: 3 0x80009e5c (0x0142d513) x10 0x00000000
core   0: 0x80009e60 (0x01e610b3) sll     ra, a2, t5
core   0: 3 0x80009e60 (0x01e610b3) x 1 0x0000cbc6
core   0: 0x80009e64 (0x00cd7ab3) and     s5, s10, a2
core   0: 3 0x80009e64 (0x00cd7ab3) x21 0x0000cb06
core   0: 0x80009e68 (0x007f37b3) sltu    a5, t5, t2
core   0: 3 0x80009e68 (0x007f37b3) x15 0x00000000
core   0: 0x80009e6c (0x6f032793) slti    a5, t1, 1776
core   0: 3 0x80009e6c (0x6f032793) x15 0x00000000
core   0: 0x80009e70 (0x7b061e17) auipc   t3, 0x7b061
core   0: 3 0x80009e70 (0x7b061e17) x28 0xfb06ae70
core   0: 0x80009e74 (0x40ef5913) srai    s2, t5, 14
core   0: 3 0x80009e74 (0x40ef5913) x18 0x0001db93
core   0: 0x80009e78 (0x6f88ea93) ori     s5, a7, 1784
core   0: 3 0x80009e78 (0x6f88ea93) x21 0x00000fff
core   0: 0x80009e7c (0x3e7d0613) addi    a2, s10, 999
core   0: 3 0x80009e7c (0x3e7d0613) x12 0x0000030d
core   0: 0x80009e80 (0x015114b3) sll     s1, sp, s5
core   0: 3 0x80009e80 (0x015114b3) x 9 0x80000000
core   0: 0x80009e84 (0x95866497) auipc   s1, 0x95866
core   0: 3 0x80009e84 (0x95866497) x 9 0x1586fe84
core   0: 0x80009e88 (0x00758333) add     t1, a1, t2
core   0: 3 0x80009e88 (0x00758333) x 6 0x67a16d8c
core   0: 0x80009e8c (0x0152c933) xor     s2, t0, s5
core   0: 3 0x80009e8c (0x0152c933) x18 0x00000bff
core   0: 0x80009e90 (0x6695f313) andi    t1, a1, 1641
core   0: 3 0x80009e90 (0x6695f313) x 6 0x00000409
core   0: 0x80009e94 (0x017607b3) add     a5, a2, s7
core   0: 3 0x80009e94 (0x017607b3) x15 0x0000090b
core   0: 0x80009e98 (0x407cdab3) sra     s5, s9, t2
core   0: 3 0x80009e98 (0x407cdab3) x21 0xc000ae72
core   0: 0x80009e9c (0x006dedb3) or      s11, s11, t1
core   0: 3 0x80009e9c (0x006dedb3) x27 0x0000cfcf
core   0: 0x80009ea0 (0x017e1013) slli    zero, t3, 23
core   0: 3 0x80009ea0 (0x017e1013)
core   0: 0x80009ea4 (0x4194d613) srai    a2, s1, 25
core   0: 3 0x80009ea4 (0x4194d613) x12 0x0000000a
core   0: 0x80009ea8 (0x00ea8b33) add     s6, s5, a4
core   0: 3 0x80009ea8 (0x00ea8b33) x22 0x4000ae72
core   0: 0x80009eac (0x1861bc13) sltiu   s8, gp, 390
core   0: 3 0x80009eac (0x1861bc13) x24 0x00000000
core   0: 0x80009eb0 (0x41855fb3) sra     t6, a0, s8
core   0: 3 0x80009eb0 (0x41855fb3) x31 0x00000000
core   0: 0x80009eb4 (0xdfb1bd93) sltiu   s11, gp, -517
core   0: 3 0x80009eb4 (0xdfb1bd93) x27 0x00000001
core   0: 0x80009eb8 (0xac660d93) addi    s11, a2, -1338
core   0: 3 0x80009eb8 (0xac660d93) x27 0xfffffad0
core   0: 0x80009ebc (0x01db9313) slli    t1, s7, 29
core   0: 3 0x80009ebc (0x01db9313) x 6 0xc0000000
core   0: 0x80009ec0 (0x00955613) srli    a2, a0, 9
core   0: 3 0x80009ec0 (0x00955613) x12 0x00000000
core   0: 0x80009ec4 (0xfc9cac13) slti    s8, s9, -55
core   0: 3 0x80009ec4 (0xfc9cac13) x24 0x00000001
core   0: 0x80009ec8 (0x01a0da93) srli    s5, ra, 26
core   0: 3 0x80009ec8 (0x01a0da93) x21 0x00000000
core   0: 0x80009ecc (0xc1d30b93) addi    s7, t1, -995
core   0: 3 0x80009ecc (0xc1d30b93) x23 0xbffffc1d
core   0: 0x80009ed0 (0x407986b3) sub     a3, s3, t2
core   0: 3 0x80009ed0 (0x407986b3) x13 0xfe792bfc
core   0: 0x80009ed4 (0x4040d113) srai    sp, ra, 4
core   0: 3 0x80009ed4 (0x4040d113) x 2 0x00000cbc
core   0: 0x80009ed8 (0xc99e4c13) xori    s8, t3, -871
core   0: 3 0x80009ed8 (0xc99e4c13) x24 0x04f952e9
core   0: 0x80009edc (0x00ad5b93) srli    s7, s10, 10
core   0: 3 0x80009edc (0x00ad5b93) x23 0x003fffff
core   0: 0x80009ee0 (0x41b75913) srai    s2, a4, 27
core   0: 3 0x80009ee0 (0x41b75913) x18 0xfffffff0
core   0: 0x80009ee4 (0x01635d13) srli    s10, t1, 22
core   0: 3 0x80009ee4 (0x01635d13) x26 0x00000300
core   0: 0x80009ee8 (0xefa47137) lui     sp, 0xefa47
core   0: 3 0x80009ee8 (0xefa47137) x 2 0xefa47000
core   0: 0x80009eec (0x4122d813) srai    a6, t0, 18
core   0: 3 0x80009eec (0x4122d813) x16 0x00000000
core   0: 0x80009ef0 (0x01da1f33) sll     t5, s4, t4
core   0: 3 0x80009ef0 (0x01da1f33) x30 0x262ece40
core   0: 0x80009ef4 (0x40988d33) sub     s10, a7, s1
core   0: 3 0x80009ef4 (0x40988d33) x26 0xea79117b
core   0: 0x80009ef8 (0xf8e52613) slti    a2, a0, -114
core   0: 3 0x80009ef8 (0xf8e52613) x12 0x00000000
core   0: 0x80009efc (0x4117dfb3) sra     t6, a5, a7
core   0: 3 0x80009efc (0x4117dfb3) x31 0x00000000
core   0: 0x80009f00 (0x008b98b3) sll     a7, s7, s0
core   0: 3 0x80009f00 (0x008b98b3) x17 0x003fffff
core   0: 0x80009f04 (0x008e1213) slli    tp, t3, 8
core   0: 3 0x80009f04 (0x008e1213) x 4 0x06ae7000
core   0: 0x80009f08 (0x00075fb3) srl     t6, a4, zero
core   0: 3 0x80009f08 (0x00075fb3) x31 0x80000000
core   0: 0x80009f0c (0x30cfc613) xori    a2, t6, 780
core   0: 3 0x80009f0c (0x30cfc613) x12 0x8000030c
core   0: 0x80009f10 (0x00000013) nop
core   0: 3 0x80009f10 (0x00000013)
core   0: 0x80009f14 (0x01330133) add     sp, t1, s3
core   0: 3 0x80009f14 (0x01330133) x 2 0xbe792bfd
core   0: 0x80009f18 (0x00ba9513) slli    a0, s5, 11
core   0: 3 0x80009f18 (0x00ba9513) x10 0x00000000
core   0: 0x80009f1c (0x00000013) nop
core   0: 3 0x80009f1c (0x00000013)
core   0: 0x80009f20 (0xb411e493) ori     s1, gp, -1215
core   0: 3 0x80009f20 (0xb411e493) x 9 0xfffffb41
core   0: 0x80009f24 (0x01535b93) srli    s7, t1, 21
core   0: 3 0x80009f24 (0x01535b93) x23 0x00000600
core   0: 0x80009f28 (0x01ba9113) slli    sp, s5, 27
core   0: 3 0x80009f28 (0x01ba9113) x 2 0x00000000
core   0: 0x80009f2c (0x40de56b3) sra     a3, t3, a3
core   0: 3 0x80009f2c (0x40de56b3) x13 0xffffffff
core   0: 0x80009f30 (0x9ca92113) slti    sp, s2, -1590
core   0: 3 0x80009f30 (0x9ca92113) x 2 0x00000000
core   0: 0x80009f34 (0x69574413) xori    s0, a4, 1685
core   0: 3 0x80009f34 (0x69574413) x 8 0x80000695
core   0: 0x80009f38 (0x018e83b3) add     t2, t4, s8
core   0: 3 0x80009f38 (0x018e83b3) x 7 0x84fa714d
core   0: 0x80009f3c (0xa1023813) sltiu   a6, tp, -1520
core   0: 3 0x80009f3c (0xa1023813) x16 0x00000001
core   0: 0x80009f40 (0x011ed913) srli    s2, t4, 17
core   0: 3 0x80009f40 (0x011ed913) x18 0x00004000
core   0: 0x80009f44 (0x6391ac13) slti    s8, gp, 1593
core   0: 3 0x80009f44 (0x6391ac13) x24 0x00000001
core   0: 0x80009f48 (0x014a9e13) slli    t3, s5, 20
core   0: 3 0x80009f48 (0x014a9e13) x28 0x00000000
core   0: 0x80009f4c (0x90b1f513) andi    a0, gp, -1781
core   0: 3 0x80009f4c (0x90b1f513) x10 0xd82a3000
core   0: 0x80009f50 (0x01ee1913) slli    s2, t3, 30
core   0: 3 0x80009f50 (0x01ee1913) x18 0x00000000
core   0: 0x80009f54 (0x401b5413) srai    s0, s6, 1
core   0: 3 0x80009f54 (0x401b5413) x 8 0x20005739
core   0: 0x80009f58 (0x0179dab3) srl     s5, s3, s7
core   0: 3 0x80009f58 (0x0179dab3) x21 0xfe792bfd
core   0: 0x80009f5c (0x86c0f197) auipc   gp, 0x86c0f
core   0: 3 0x80009f5c (0x86c0f197) x 3 0x06c18f5c
core   0: 0x80009f60 (0x7274bbb7) lui     s7, 0x7274b
core   0: 3 0x80009f60 (0x7274bbb7) x23 0x7274b000
core   0: 0x80009f64 (0x37a62513) slti    a0, a2, 890
core   0: 3 0x80009f64 (0x37a62513) x10 0x00000001
core   0: 0x80009f68 (0x76e3be17) auipc   t3, 0x76e3b
core   0: 3 0x80009f68 (0x76e3be17) x28 0xf6e44f68
core   0: 0x80009f6c (0xbd8cc337) lui     t1, 0xbd8cc
core   0: 3 0x80009f6c (0xbd8cc337) x 6 0xbd8cc000
core   0: 0x80009f70 (0x4133da33) sra     s4, t2, s3
core   0: 3 0x80009f70 (0x4133da33) x20 0xfffffffc
core   0: 0x80009f74 (0x4e79e793) ori     a5, s3, 1255
core   0: 3 0x80009f74 (0x4e79e793) x15 0xfe792fff
core   0: 0x80009f78 (0xbe18fc13) andi    s8, a7, -1055
core   0: 3 0x80009f78 (0xbe18fc13) x24 0x003ffbe1
core   0: 0x80009f7c (0x01160133) add     sp, a2, a7
core   0: 3 0x80009f7c (0x01160133) x 2 0x8040030b
core   0: 0x80009f80 (0x00fbff33) and     t5, s7, a5
core   0: 3 0x80009f80 (0x00fbff33) x30 0x72702000
core   0: 0x80009f84 (0xa58cde37) lui     t3, 0xa58cd
core   0: 3 0x80009f84 (0xa58cde37) x28 0xa58cd000
core   0: 0x80009f88 (0x00e49a33) sll     s4, s1, a4
core   0: 3 0x80009f88 (0x00e49a33) x20 0xfffffb41
core   0: 0x80009f8c (0xb4f3ab93) slti    s7, t2, -1201
core   0: 3 0x80009f8c (0xb4f3ab93) x23 0x00000001
core   0: 0x80009f90 (0xc6340d93) addi    s11, s0, -925
core   0: 3 0x80009f90 (0xc6340d93) x27 0x2000539c
core   0: 0x80009f94 (0x000b6533) or      a0, s6, zero
core   0: 3 0x80009f94 (0x000b6533) x10 0x4000ae72
core   0: 0x80009f98 (0x6972ea93) ori     s5, t0, 1687
core   0: 3 0x80009f98 (0x6972ea93) x21 0x00000697
core   0: 0x80009f9c (0x00000013) nop
core   0: 3 0x80009f9c (0x00000013)
core   0: 0x80009fa0 (0x00652233) slt     tp, a0, t1
core   0: 3 0x80009fa0 (0x00652233) x 4 0x00000000
core   0: 0x80009fa4 (0xb1722593) slti    a1, tp, -1257
core   0: 3 0x80009fa4 (0xb1722593) x11 0x00000000
core   0: 0x80009fa8 (0x008fba33) sltu    s4, t6, s0
core   0: 3 0x80009fa8 (0x008fba33) x20 0x00000000
core   0: 0x80009fac (0x86d97213) andi    tp, s2, -1939
core   0: 3 0x80009fac (0x86d97213) x 4 0x00000000
core   0: 0x80009fb0 (0x9c6f7e13) andi    t3, t5, -1594
core   0: 3 0x80009fb0 (0x9c6f7e13) x28 0x72702000
core   0: 0x80009fb4 (0x40f8db33) sra     s6, a7, a5
core   0: 3 0x80009fb4 (0x40f8db33) x22 0x00000000
core   0: 0x80009fb8 (0x5a6df893) andi    a7, s11, 1446
core   0: 3 0x80009fb8 (0x5a6df893) x17 0x00000184
core   0: 0x80009fbc (0x016fd293) srli    t0, t6, 22
core   0: 3 0x80009fbc (0x016fd293) x 5 0x00000200
core   0: 0x80009fc0 (0x01381a13) slli    s4, a6, 19
core   0: 3 0x80009fc0 (0x01381a13) x20 0x00080000
core   0: 0x80009fc4 (0x2bac2813) slti    a6, s8, 698
core   0: 3 0x80009fc4 (0x2bac2813) x16 0x00000000
core   0: 0x80009fc8 (0x001b64b3) or      s1, s6, ra
core   0: 3 0x80009fc8 (0x001b64b3) x 9 0x0000cbc6
core   0: 0x80009fcc (0xf7517e37) lui     t3, 0xf7517
core   0: 3 0x80009fcc (0xf7517e37) x28 0xf7517000
core   0: 0x80009fd0 (0x015269b3) or      s3, tp, s5
core   0: 3 0x80009fd0 (0x015269b3) x19 0x00000697
core   0: 0x80009fd4 (0xb2881817) auipc   a6, 0xb2881
core   0: 3 0x80009fd4 (0xb2881817) x16 0x3288afd4
core   0: 0x80009fd8 (0xadf08293) addi    t0, ra, -1313
core   0: 3 0x80009fd8 (0xadf08293) x 5 0x0000c6a5
core   0: 0x80009fdc (0x609e3213) sltiu   tp, t3, 1545
core   0: 3 0x80009fdc (0x609e3213) x 4 0x00000000
core   0: 0x80009fe0 (0xa6fecb93) xori    s7, t4, -1425
core   0: 3 0x80009fe0 (0xa6fecb93) x23 0x7ffee40b
core   0: 0x80009fe4 (0x000b4533) xor     a0, s6, zero
core   0: 3 0x80009fe4 (0x000b4533) x10 0x00000000
core   0: 0x80009fe8 (0xb4e5ad37) lui     s10, 0xb4e5a
core   0: 3 0x80009fe8 (0xb4e5ad37) x26 0xb4e5a000
core   0: 0x80009fec (0x4536fab7) lui     s5, 0x4536f
core   0: 3 0x80009fec (0x4536fab7) x21 0x4536f000
core   0: 0x80009ff0 (0x401dd833) sra     a6, s11, ra
core   0: 3 0x80009ff0 (0x401dd833) x16 0x0080014e
core   0: 0x80009ff4 (0x2bfc3093) sltiu   ra, s8, 703
core   0: 3 0x80009ff4 (0x2bfc3093) x 1 0x00000000
core   0: 0x80009ff8 (0xda8fec17) auipc   s8, 0xda8fe
core   0: 3 0x80009ff8 (0xda8fec17) x24 0x5a907ff8
core   0: 0x80009ffc (0x0068a433) slt     s0, a7, t1
core   0: 3 0x80009ffc (0x0068a433) x 8 0x00000000
core   0: 0x8000a000 (0x00665833) srl     a6, a2, t1
core   0: 3 0x8000a000 (0x00665833) x16 0x8000030c
core   0: 0x8000a004 (0x41075493) srai    s1, a4, 16
core   0: 3 0x8000a004 (0x41075493) x 9 0xffff8000
core   0: 0x8000a008 (0x01115193) srli    gp, sp, 17
core   0: 3 0x8000a008 (0x01115193) x 3 0x00004020
core   0: 0x8000a00c (0x014c1c33) sll     s8, s8, s4
core   0: 3 0x8000a00c (0x014c1c33) x24 0x5a907ff8
core   0: 0x8000a010 (0x0153a9b3) slt     s3, t2, s5
core   0: 3 0x8000a010 (0x0153a9b3) x19 0x00000001
core   0: 0x8000a014 (0x01a11533) sll     a0, sp, s10
core   0: 3 0x8000a014 (0x01a11533) x10 0x8040030b
core   0: 0x8000a018 (0x40c1dfb3) sra     t6, gp, a2
core   0: 3 0x8000a018 (0x40c1dfb3) x31 0x00000004
core   0: 0x8000a01c (0x01879493) slli    s1, a5, 24
core   0: 3 0x8000a01c (0x01879493) x 9 0xff000000
core   0: 0x8000a020 (0x026e2093) slti    ra, t3, 38
core   0: 3 0x8000a020 (0x026e2093) x 1 0x00000001
core   0: 0x8000a024 (0x00f5b6b3) sltu    a3, a1, a5
core   0: 3 0x8000a024 (0x00f5b6b3) x13 0x00000001
core   0: 0x8000a028 (0x00700033) add     zero, zero, t2
core   0: 3 0x8000a028 (0x00700033)
core   0: 0x8000a02c (0x00000013) nop
core   0: 3 0x8000a02c (0x00000013)
core   0: 0x8000a030 (0x01dd9193) slli    gp, s11, 29
core   0: 3 0x8000a030 (0x01dd9193) x 3 0x80000000
core   0: 0x8000a034 (0x712cfe17) auipc   t3, 0x712cf
core   0: 3 0x8000a034 (0x712cfe17) x28 0xf12d9034
core   0: 0x8000a038 (0xe303b913) sltiu   s2, t2, -464
core   0: 3 0x8000a038 (0xe303b913) x18 0x00000001
core   0: 0x8000a03c (0x0154a9b3) slt     s3, s1, s5
core   0: 3 0x8000a03c (0x0154a9b3) x19 0x00000001
core   0: 0x8000a040 (0x01615833) srl     a6, sp, s6
core   0: 3 0x8000a040 (0x01615833) x16 0x8040030b
core   0: 0x8000a044 (0x00b791b3) sll     gp, a5, a1
core   0: 3 0x8000a044 (0x00b791b3) x 3 0xfe792fff
core   0: 0x8000a048 (0x587b8513) addi    a0, s7, 1415
core   0: 3 0x8000a048 (0x587b8513) x10 0x7ffee992
core   0: 0x8000a04c (0x00000013) nop
core   0: 3 0x8000a04c (0x00000013)
core   0: 0x8000a050 (0x410fdb93) srai    s7, t6, 16
core   0: 3 0x8000a050 (0x410fdb93) x23 0x00000000
core   0: 0x8000a054 (0x0171a1b3) slt     gp, gp, s7
core   0: 3 0x8000a054 (0x0171a1b3) x 3 0x00000001
core   0: 0x8000a058 (0x01dc5c33) srl     s8, s8, t4
core   0: 3 0x8000a058 (0x01dc5c33) x24 0x05a907ff
core   0: 0x8000a05c (0xc50dc513) xori    a0, s11, -944
core   0: 3 0x8000a05c (0xc50dc513) x10 0xdfffafcc
core   0: 0x8000a060 (0x4006d6b3) sra     a3, a3, zero
core   0: 3 0x8000a060 (0x4006d6b3) x13 0x00000001
core   0: 0x8000a064 (0x48fe6d93) ori     s11, t3, 1167
core   0: 3 0x8000a064 (0x48fe6d93) x27 0xf12d94bf
core   0: 0x8000a068 (0x011d65b3) or      a1, s10, a7
core   0: 3 0x8000a068 (0x011d65b3) x11 0xb4e5a184
core   0: 0x8000a06c (0x10951437) lui     s0, 0x10951
core   0: 3 0x8000a06c (0x10951437) x 8 0x10951000
core   0: 0x8000a070 (0x40db8233) sub     tp, s7, a3
core   0: 3 0x8000a070 (0x40db8233) x 4 0xffffffff
core   0: 0x8000a074 (0xb7bb0213) addi    tp, s6, -1157
core   0: 3 0x8000a074 (0xb7bb0213) x 4 0xfffffb7b
core   0: 0x8000a078 (0x2e34b193) sltiu   gp, s1, 739
core   0: 3 0x8000a078 (0x2e34b193) x 3 0x00000000
core   0: 0x8000a07c (0x01c59e33) sll     t3, a1, t3
core   0: 3 0x8000a07c (0x01c59e33) x28 0x18400000
core   0: 0x8000a080 (0xaa172617) auipc   a2, 0xaa172
core   0: 3 0x8000a080 (0xaa172617) x12 0x2a17c080
core   0: 0x8000a084 (0x418b0fb3) sub     t6, s6, s8
core   0: 3 0x8000a084 (0x418b0fb3) x31 0xfa56f801
core   0: 0x8000a088 (0x01d3e9b3) or      s3, t2, t4
core   0: 3 0x8000a088 (0x01d3e9b3) x19 0x84fb7f6d
core   0: 0x8000a08c (0x0023c633) xor     a2, t2, sp
core   0: 3 0x8000a08c (0x0023c633) x12 0x04ba7246
core   0: 0x8000a090 (0x5d623813) sltiu   a6, tp, 1494
core   0: 3 0x8000a090 (0x5d623813) x16 0x00000000
core   0: 0x8000a094 (0x006a78b3) and     a7, s4, t1
core   0: 3 0x8000a094 (0x006a78b3) x17 0x00080000
core   0: 0x8000a098 (0x01ec0db3) add     s11, s8, t5
core   0: 3 0x8000a098 (0x01ec0db3) x27 0x781927ff
core   0: 0x8000a09c (0x01955613) srli    a2, a0, 25
core   0: 3 0x8000a09c (0x01955613) x12 0x0000006f
core   0: 0x8000a0a0 (0x00000013) nop
core   0: 3 0x8000a0a0 (0x00000013)
core   0: 0x8000a0a4 (0x813fc813) xori    a6, t6, -2029
core   0: 3 0x8000a0a4 (0x813fc813) x16 0x05a90012
core   0: 0x8000a0a8 (0x003dba33) sltu    s4, s11, gp
core   0: 3 0x8000a0a8 (0x003dba33) x20 0x00000000
core   0: 0x8000a0ac (0x41a35c33) sra     s8, t1, s10
core   0: 3 0x8000a0ac (0x41a35c33) x24 0xbd8cc000
core   0: 0x8000a0b0 (0xb5a77813) andi    a6, a4, -1190
core   0: 3 0x8000a0b0 (0xb5a77813) x16 0x80000000
core   0: 0x8000a0b4 (0x00ad5833) srl     a6, s10, a0
core   0: 3 0x8000a0b4 (0x00ad5833) x16 0x000b4e5a
core   0: 0x8000a0b8 (0x0193f0b3) and     ra, t2, s9
core   0: 3 0x8000a0b8 (0x0193f0b3) x 1 0x80005044
core   0: 0x8000a0bc (0x41aa8333) sub     t1, s5, s10
core   0: 3 0x8000a0bc (0x41aa8333) x 6 0x90515000
core   0: 0x8000a0c0 (0x0117f933) and     s2, a5, a7
core   0: 3 0x8000a0c0 (0x0117f933) x18 0x00080000
core   0: 0x8000a0c4 (0x01255693) srli    a3, a0, 18
core   0: 3 0x8000a0c4 (0x01255693) x13 0x000037ff
core   0: 0x8000a0c8 (0x15723513) sltiu   a0, tp, 343
core   0: 3 0x8000a0c8 (0x15723513) x10 0x00000000
core   0: 0x8000a0cc (0x41135913) srai    s2, t1, 17
core   0: 3 0x8000a0cc (0x41135913) x18 0xffffc828
core   0: 0x8000a0d0 (0xe8ca7a93) andi    s5, s4, -372
core   0: 3 0x8000a0d0 (0xe8ca7a93) x21 0x00000000
core   0: 0x8000a0d4 (0x00000013) nop
core   0: 3 0x8000a0d4 (0x00000013)
core   0: 0x8000a0d8 (0x016c1d13) slli    s10, s8, 22
core   0: 3 0x8000a0d8 (0x016c1d13) x26 0x00000000
core   0: 0x8000a0dc (0x008e54b3) srl     s1, t3, s0
core   0: 3 0x8000a0dc (0x008e54b3) x 9 0x18400000
core   0: 0x8000a0e0 (0x003a2333) slt     t1, s4, gp
core   0: 3 0x8000a0e0 (0x003a2333) x 6 0x00000000
core   0: 0x8000a0e4 (0x40e65c33) sra     s8, a2, a4
core   0: 3 0x8000a0e4 (0x40e65c33) x24 0x0000006f
core   0: 0x8000a0e8 (0x01936fb3) or      t6, t1, s9
core   0: 3 0x8000a0e8 (0x01936fb3) x31 0x80015ce4
core   0: 0x8000a0ec (0xc36d6613) ori     a2, s10, -970
core   0: 3 0x8000a0ec (0xc36d6613) x12 0xfffffc36
core   0: 0x8000a0f0 (0x00dcf333) and     t1, s9, a3
core   0: 3 0x8000a0f0 (0x00dcf333) x 6 0x000014e4
core   0: 0x8000a0f4 (0x41115113) srai    sp, sp, 17
core   0: 3 0x8000a0f4 (0x41115113) x 2 0xffffc020
core   0: 0x8000a0f8 (0x00ef1993) slli    s3, t5, 14
core   0: 3 0x8000a0f8 (0x00ef1993) x19 0x08000000
core   0: 0x8000a0fc (0x0082be33) sltu    t3, t0, s0
core   0: 3 0x8000a0fc (0x0082be33) x28 0x00000001
core   0: 0x8000a100 (0x009b2fb3) slt     t6, s6, s1
core   0: 3 0x8000a100 (0x009b2fb3) x31 0x00000001
core   0: 0x8000a104 (0x01af05b3) add     a1, t5, s10
core   0: 3 0x8000a104 (0x01af05b3) x11 0x72702000
core   0: 0x8000a108 (0x01cda933) slt     s2, s11, t3
core   0: 3 0x8000a108 (0x01cda933) x18 0x00000000
core   0: 0x8000a10c (0x005804b3) add     s1, a6, t0
core   0: 3 0x8000a10c (0x005804b3) x 9 0x000c14ff
core   0: 0x8000a110 (0x01a81613) slli    a2, a6, 26
core   0: 3 0x8000a110 (0x01a81613) x12 0x68000000
core   0: 0x8000a114 (0x012e5ab3) srl     s5, t3, s2
core   0: 3 0x8000a114 (0x012e5ab3) x21 0x00000001
core   0: 0x8000a118 (0x10adb313) sltiu   t1, s11, 266
core   0: 3 0x8000a118 (0x10adb313) x 6 0x00000000
core   0: 0x8000a11c (0x00dc4fb3) xor     t6, s8, a3
core   0: 3 0x8000a11c (0x00dc4fb3) x31 0x00003790
core   0: 0x8000a120 (0x3dcc4693) xori    a3, s8, 988
core   0: 3 0x8000a120 (0x3dcc4693) x13 0x000003b3
core   0: 0x8000a124 (0x00fbd6b3) srl     a3, s7, a5
core   0: 3 0x8000a124 (0x00fbd6b3) x13 0x00000000
core   0: 0x8000a128 (0xb849fb93) andi    s7, s3, -1148
core   0: 3 0x8000a128 (0xb849fb93) x23 0x08000000
core   0: 0x8000a12c (0x40da8db3) sub     s11, s5, a3
core   0: 3 0x8000a12c (0x40da8db3) x27 0x00000001
core   0: 0x8000a130 (0x40bc5793) srai    a5, s8, 11
core   0: 3 0x8000a130 (0x40bc5793) x15 0x00000000
core   0: 0x8000a134 (0x00f92833) slt     a6, s2, a5
core   0: 3 0x8000a134 (0x00f92833) x16 0x00000000
core   0: 0x8000a138 (0x78aae193) ori     gp, s5, 1930
core   0: 3 0x8000a138 (0x78aae193) x 3 0x0000078b
core   0: 0x8000a13c (0x010720b3) slt     ra, a4, a6
core   0: 3 0x8000a13c (0x010720b3) x 1 0x00000001
core   0: 0x8000a140 (0x01d0cdb3) xor     s11, ra, t4
core   0: 3 0x8000a140 (0x01d0cdb3) x27 0x80011e65
core   0: 0x8000a144 (0x952e2d13) slti    s10, t3, -1710
core   0: 3 0x8000a144 (0x952e2d13) x26 0x00000000
core   0: 0x8000a148 (0x0856a5b7) lui     a1, 0x856a
core   0: 3 0x8000a148 (0x0856a5b7) x11 0x0856a000
core   0: 0x8000a14c (0xeedd6813) ori     a6, s10, -275
core   0: 3 0x8000a14c (0xeedd6813) x16 0xfffffeed
core   0: 0x8000a150 (0x014c1f93) slli    t6, s8, 20
core   0: 3 0x8000a150 (0x014c1f93) x31 0x06f00000
core   0: 0x8000a154 (0x5e0b3f93) sltiu   t6, s6, 1504
core   0: 3 0x8000a154 (0x5e0b3f93) x31 0x00000001
core   0: 0x8000a158 (0x41908d33) sub     s10, ra, s9
core   0: 3 0x8000a158 (0x41908d33) x26 0x7ffea31d
core   0: 0x8000a15c (0x00000013) nop
core   0: 3 0x8000a15c (0x00000013)
core   0: 0x8000a160 (0x18e1fe13) andi    t3, gp, 398
core   0: 3 0x8000a160 (0x18e1fe13) x28 0x0000018a
core   0: 0x8000a164 (0x0ff47c13) andi    s8, s0, 255
core   0: 3 0x8000a164 (0x0ff47c13) x24 0x00000000
core   0: 0x8000a168 (0x1fa7b193) sltiu   gp, a5, 506
core   0: 3 0x8000a168 (0x1fa7b193) x 3 0x00000001
core   0: 0x8000a16c (0x0175c9b3) xor     s3, a1, s7
core   0: 3 0x8000a16c (0x0175c9b3) x19 0x0056a000
core   0: 0x8000a170 (0x013fc133) xor     sp, t6, s3
core   0: 3 0x8000a170 (0x013fc133) x 2 0x0056a001
core   0: 0x8000a174 (0x0190c233) xor     tp, ra, s9
core   0: 3 0x8000a174 (0x0190c233) x 4 0x80015ce5
core   0: 0x8000a178 (0x0038dd33) srl     s10, a7, gp
core   0: 3 0x8000a178 (0x0038dd33) x26 0x00040000
core   0: 0x8000a17c (0x014b4e33) xor     t3, s6, s4
core   0: 3 0x8000a17c (0x014b4e33) x28 0x00000000
core   0: 0x8000a180 (0x017a4533) xor     a0, s4, s7
core   0: 3 0x8000a180 (0x017a4533) x10 0x08000000
core   0: 0x8000a184 (0x017a9a13) slli    s4, s5, 23
core   0: 3 0x8000a184 (0x017a9a13) x20 0x00800000
core   0: 0x8000a188 (0x00ed0433) add     s0, s10, a4
core   0: 3 0x8000a188 (0x00ed0433) x 8 0x80040000
core   0: 0x8000a18c (0x00d13fb3) sltu    t6, sp, a3
core   0: 3 0x8000a18c (0x00d13fb3) x31 0x00000000
core   0: 0x8000a190 (0x00af0db3) add     s11, t5, a0
core   0: 3 0x8000a190 (0x00af0db3) x27 0x7a702000
core   0: 0x8000a194 (0x00679f13) slli    t5, a5, 6
core   0: 3 0x8000a194 (0x00679f13) x30 0x00000000
core   0: 0x8000a198 (0xb3d36f93) ori     t6, t1, -1219
core   0: 3 0x8000a198 (0xb3d36f93) x31 0xfffffb3d
core   0: 0x8000a19c (0x5280b613) sltiu   a2, ra, 1320
core   0: 3 0x8000a19c (0x5280b613) x12 0x00000001
core   0: 0x8000a1a0 (0x0086a0b3) slt     ra, a3, s0
core   0: 3 0x8000a1a0 (0x0086a0b3) x 1 0x00000000
core   0: 0x8000a1a4 (0x01aad393) srli    t2, s5, 26
core   0: 3 0x8000a1a4 (0x01aad393) x 7 0x00000000
core   0: 0x8000a1a8 (0x402cd413) srai    s0, s9, 2
core   0: 3 0x8000a1a8 (0x402cd413) x 8 0xe0005739
core   0: 0x8000a1ac (0x40ca5513) srai    a0, s4, 12
core   0: 3 0x8000a1ac (0x40ca5513) x10 0x00000800
core   0: 0x8000a1b0 (0x1c188d13) addi    s10, a7, 449
core   0: 3 0x8000a1b0 (0x1c188d13) x26 0x000801c1
core   0: 0x8000a1b4 (0xe2efcdb7) lui     s11, 0xe2efc
core   0: 3 0x8000a1b4 (0xe2efcdb7) x27 0xe2efc000
core   0: 0x8000a1b8 (0x73edcb93) xori    s7, s11, 1854
core   0: 3 0x8000a1b8 (0x73edcb93) x23 0xe2efc73e
core   0: 0x8000a1bc (0x00095f13) srli    t5, s2, 0
core   0: 3 0x8000a1bc (0x00095f13) x30 0x00000000
core   0: 0x8000a1c0 (0x000964b3) or      s1, s2, zero
core   0: 3 0x8000a1c0 (0x000964b3) x 9 0x00000000
core   0: 0x8000a1c4 (0x01537333) and     t1, t1, s5
core   0: 3 0x8000a1c4 (0x01537333) x 6 0x00000000
core   0: 0x8000a1c8 (0xb412eb93) ori     s7, t0, -1215
core   0: 3 0x8000a1c8 (0xb412eb93) x23 0xffffffe5
core   0: 0x8000a1cc (0x01675433) srl     s0, a4, s6
core   0: 3 0x8000a1cc (0x01675433) x 8 0x80000000
core   0: 0x8000a1d0 (0x018c1113) slli    sp, s8, 24
core   0: 3 0x8000a1d0 (0x018c1113) x 2 0x00000000
core   0: 0x8000a1d4 (0x00529233) sll     tp, t0, t0
core   0: 3 0x8000a1d4 (0x00529233) x 4 0x0018d4a0
core   0: 0x8000a1d8 (0x85b4a617) auipc   a2, 0x85b4a
core   0: 3 0x8000a1d8 (0x85b4a617) x12 0x05b541d8
core   0: 0x8000a1dc (0x41205133) sra     sp, zero, s2
core   0: 3 0x8000a1dc (0x41205133) x 2 0x00000000
core   0: 0x8000a1e0 (0x017afdb3) and     s11, s5, s7
core   0: 3 0x8000a1e0 (0x017afdb3) x27 0x00000001
core   0: 0x8000a1e4 (0x9d816693) ori     a3, sp, -1576
core   0: 3 0x8000a1e4 (0x9d816693) x13 0xfffff9d8
core   0: 0x8000a1e8 (0x40c0d833) sra     a6, ra, a2
core   0: 3 0x8000a1e8 (0x40c0d833) x16 0x00000000
core   0: 0x8000a1ec (0xebfba537) lui     a0, 0xebfba
core   0: 3 0x8000a1ec (0xebfba537) x10 0xebfba000
core   0: 0x8000a1f0 (0x336e10b7) lui     ra, 0x336e1
core   0: 3 0x8000a1f0 (0x336e10b7) x 1 0x336e1000
core   0: 0x8000a1f4 (0x010c64b3) or      s1, s8, a6
core   0: 3 0x8000a1f4 (0x010c64b3) x 9 0x00000000
core   0: 0x8000a1f8 (0x91e6e493) ori     s1, a3, -1762
core   0: 3 0x8000a1f8 (0x91e6e493) x 9 0xfffff9de
core   0: 0x8000a1fc (0x00989093) slli    ra, a7, 9
core   0: 3 0x8000a1fc (0x00989093) x 1 0x10000000
core   0: 0x8000a200 (0x00325f13) srli    t5, tp, 3
core   0: 3 0x8000a200 (0x00325f13) x30 0x00031a94
core   0: 0x8000a204 (0x416e8433) sub     s0, t4, s6
core   0: 3 0x8000a204 (0x416e8433) x 8 0x80011e64
core   0: 0x8000a208 (0x013aa233) slt     tp, s5, s3
core   0: 3 0x8000a208 (0x013aa233) x 4 0x00000001
core   0: 0x8000a20c (0x00000013) nop
core   0: 3 0x8000a20c (0x00000013)
core   0: 0x8000a210 (0x00f4d893) srli    a7, s1, 15
core   0: 3 0x8000a210 (0x00f4d893) x17 0x0001ffff
core   0: 0x8000a214 (0x72ff7017) auipc   zero, 0x72ff7
core   0: 3 0x8000a214 (0x72ff7017)
core   0: 0x8000a218 (0x01d4e4b3) or      s1, s1, t4
core   0: 3 0x8000a218 (0x01d4e4b3) x 9 0xfffffffe
core   0: 0x8000a21c (0x402a0333) sub     t1, s4, sp
core   0: 3 0x8000a21c (0x402a0333) x 6 0x00800000
core   0: 0x8000a220 (0x821aba93) sltiu   s5, s5, -2015
core   0: 3 0x8000a220 (0x821aba93) x21 0x00000001
core   0: 0x8000a224 (0xbc22bb13) sltiu   s6, t0, -1086
core   0: 3 0x8000a224 (0xbc22bb13) x22 0x00000001
core   0: 0x8000a228 (0xa1cb9897) auipc   a7, 0xa1cb9
core   0: 3 0x8000a228 (0xa1cb9897) x17 0x21cc3228
core   0: 0x8000a22c (0x007d5093) srli    ra, s10, 7
core   0: 3 0x8000a22c (0x007d5093) x 1 0x00001003
core   0: 0x8000a230 (0x41f75913) srai    s2, a4, 31
core   0: 3 0x8000a230 (0x41f75913) x18 0xffffffff
core   0: 0x8000a234 (0x00649313) slli    t1, s1, 6
core   0: 3 0x8000a234 (0x00649313) x 6 0xffffff80
core   0: 0x8000a238 (0xf26b7497) auipc   s1, 0xf26b7
core   0: 3 0x8000a238 (0xf26b7497) x 9 0x726c1238
core   0: 0x8000a23c (0x01ffdb13) srli    s6, t6, 31
core   0: 3 0x8000a23c (0x01ffdb13) x22 0x00000001
core   0: 0x8000a240 (0x944c7593) andi    a1, s8, -1724
core   0: 3 0x8000a240 (0x944c7593) x11 0x00000000
core   0: 0x8000a244 (0x40f70d33) sub     s10, a4, a5
core   0: 3 0x8000a244 (0x40f70d33) x26 0x80000000
core   0: 0x8000a248 (0x015ef4b3) and     s1, t4, s5
core   0: 3 0x8000a248 (0x015ef4b3) x 9 0x00000000
core   0: 0x8000a24c (0x01874033) xor     zero, a4, s8
core   0: 3 0x8000a24c (0x01874033)
core   0: 0x8000a250 (0x410e03b3) sub     t2, t3, a6
core   0: 3 0x8000a250 (0x410e03b3) x 7 0x00000000
core   0: 0x8000a254 (0x00e2fbb3) and     s7, t0, a4
core   0: 3 0x8000a254 (0x00e2fbb3) x23 0x00000000
core   0: 0x8000a258 (0xba8a7693) andi    a3, s4, -1112
core   0: 3 0x8000a258 (0xba8a7693) x13 0x00800000
core   0: 0x8000a25c (0x57b83313) sltiu   t1, a6, 1403
core   0: 3 0x8000a25c (0x57b83313) x 6 0x00000001
core   0: 0x8000a260 (0x00c4dd93) srli    s11, s1, 12
core   0: 3 0x8000a260 (0x00c4dd93) x27 0x00000000
core   0: 0x8000a264 (0x84c11e37) lui     t3, 0x84c11
core   0: 3 0x8000a264 (0x84c11e37) x28 0x84c11000
core   0: 0x8000a268 (0xc6d79b17) auipc   s6, 0xc6d79
core   0: 3 0x8000a268 (0xc6d79b17) x22 0x46d83268
core   0: 0x8000a26c (0x006edab3) srl     s5, t4, t1
core   0: 3 0x8000a26c (0x006edab3) x21 0x40008f32
core   0: 0x8000a270 (0x43bc5817) auipc   a6, 0x43bc5
core   0: 3 0x8000a270 (0x43bc5817) x16 0xc3bcf270
core   0: 0x8000a274 (0x00000013) nop
core   0: 3 0x8000a274 (0x00000013)
core   0: 0x8000a278 (0x404e5633) sra     a2, t3, tp
core   0: 3 0x8000a278 (0x404e5633) x12 0xc2608800
core   0: 0x8000a27c (0x011e9513) slli    a0, t4, 17
core   0: 3 0x8000a27c (0x011e9513) x10 0x3cc80000
core   0: 0x8000a280 (0x00000013) nop
core   0: 3 0x8000a280 (0x00000013)
core   0: 0x8000a284 (0xc6e23f13) sltiu   t5, tp, -914
core   0: 3 0x8000a284 (0xc6e23f13) x30 0x00000001
core   0: 0x8000a288 (0x018d93b3) sll     t2, s11, s8
core   0: 3 0x8000a288 (0x018d93b3) x 7 0x00000000
core   0: 0x8000a28c (0x41a75913) srai    s2, a4, 26
core   0: 3 0x8000a28c (0x41a75913) x18 0xffffffe0
core   0: 0x8000a290 (0x00c7d933) srl     s2, a5, a2
core   0: 3 0x8000a290 (0x00c7d933) x18 0x00000000
core   0: 0x8000a294 (0x414708b3) sub     a7, a4, s4
core   0: 3 0x8000a294 (0x414708b3) x17 0x7f800000
core   0: 0x8000a298 (0x01774433) xor     s0, a4, s7
core   0: 3 0x8000a298 (0x01774433) x 8 0x80000000
core   0: 0x8000a29c (0x41e05d33) sra     s10, zero, t5
core   0: 3 0x8000a29c (0x41e05d33) x26 0x00000000
core   0: 0x8000a2a0 (0x004d1813) slli    a6, s10, 4
core   0: 3 0x8000a2a0 (0x004d1813) x16 0x00000000
core   0: 0x8000a2a4 (0xac122513) slti    a0, tp, -1343
core   0: 3 0x8000a2a4 (0xac122513) x10 0x00000000
core   0: 0x8000a2a8 (0x1e743a93) sltiu   s5, s0, 487
core   0: 3 0x8000a2a8 (0x1e743a93) x21 0x00000000
core   0: 0x8000a2ac (0xe4f46593) ori     a1, s0, -433
core   0: 3 0x8000a2ac (0xe4f46593) x11 0xfffffe4f
core   0: 0x8000a2b0 (0xbfbef613) andi    a2, t4, -1029
core   0: 3 0x8000a2b0 (0xbfbef613) x12 0x80011a60
core   0: 0x8000a2b4 (0xc7646e13) ori     t3, s0, -906
core   0: 3 0x8000a2b4 (0xc7646e13) x28 0xfffffc76
core   0: 0x8000a2b8 (0x00000013) nop
core   0: 3 0x8000a2b8 (0x00000013)
core   0: 0x8000a2bc (0x40ed02b3) sub     t0, s10, a4
core   0: 3 0x8000a2bc (0x40ed02b3) x 5 0x80000000
core   0: 0x8000a2c0 (0x017936b3) sltu    a3, s2, s7
core   0: 3 0x8000a2c0 (0x017936b3) x13 0x00000000
core   0: 0x8000a2c4 (0x01d657b3) srl     a5, a2, t4
core   0: 3 0x8000a2c4 (0x01d657b3) x15 0x080011a6
core   0: 0x8000a2c8 (0xd00e3693) sltiu   a3, t3, -768
core   0: 3 0x8000a2c8 (0xd00e3693) x13 0x00000001
core   0: 0x8000a2cc (0x0159c8b3) xor     a7, s3, s5
core   0: 3 0x8000a2cc (0x0159c8b3) x17 0x0056a000
core   0: 0x8000a2d0 (0x006c09b3) add     s3, s8, t1
core   0: 3 0x8000a2d0 (0x006c09b3) x19 0x00000001
core   0: 0x8000a2d4 (0x00000013) nop
core   0: 3 0x8000a2d4 (0x00000013)
core   0: 0x8000a2d8 (0x015bf433) and     s0, s7, s5
core   0: 3 0x8000a2d8 (0x015bf433) x 8 0x00000000
core   0: 0x8000a2dc (0x014cadb3) slt     s11, s9, s4
core   0: 3 0x8000a2dc (0x014cadb3) x27 0x00000001
core   0: 0x8000a2e0 (0x414a8a33) sub     s4, s5, s4
core   0: 3 0x8000a2e0 (0x414a8a33) x20 0xff800000
core   0: 0x8000a2e4 (0x00000013) nop
core   0: 3 0x8000a2e4 (0x00000013)
core   0: 0x8000a2e8 (0x0121d8b3) srl     a7, gp, s2
core   0: 3 0x8000a2e8 (0x0121d8b3) x17 0x00000001
core   0: 0x8000a2ec (0x010a8833) add     a6, s5, a6
core   0: 3 0x8000a2ec (0x010a8833) x16 0x00000000
core   0: 0x8000a2f0 (0x01fa1c33) sll     s8, s4, t6
core   0: 3 0x8000a2f0 (0x01fa1c33) x24 0x00000000
core   0: 0x8000a2f4 (0x00e09b33) sll     s6, ra, a4
core   0: 3 0x8000a2f4 (0x00e09b33) x22 0x00001003
core   0: 0x8000a2f8 (0x01c2cc33) xor     s8, t0, t3
core   0: 3 0x8000a2f8 (0x01c2cc33) x24 0x7ffffc76
core   0: 0x8000a2fc (0x4747bfb7) lui     t6, 0x4747b
core   0: 3 0x8000a2fc (0x4747bfb7) x31 0x4747b000
core   0: 0x8000a300 (0x00bd9f33) sll     t5, s11, a1
core   0: 3 0x8000a300 (0x00bd9f33) x30 0x00008000
core   0: 0x8000a304 (0x52a2c013) xori    zero, t0, 1322
core   0: 3 0x8000a304 (0x52a2c013)
core   0: 0x8000a308 (0xa0a92f13) slti    t5, s2, -1526
core   0: 3 0x8000a308 (0xa0a92f13) x30 0x00000000
core   0: 0x8000a30c (0xcc2a48b7) lui     a7, 0xcc2a4
core   0: 3 0x8000a30c (0xcc2a48b7) x17 0xcc2a4000
core   0: 0x8000a310 (0x010a5113) srli    sp, s4, 16
core   0: 3 0x8000a310 (0x010a5113) x 2 0x0000ff80
core   0: 0x8000a314 (0x012b1593) slli    a1, s6, 18
core   0: 3 0x8000a314 (0x012b1593) x11 0x400c0000
core   0: 0x8000a318 (0x01235333) srl     t1, t1, s2
core   0: 3 0x8000a318 (0x01235333) x 6 0x00000001
core   0: 0x8000a31c (0x0052adb3) slt     s11, t0, t0
core   0: 3 0x8000a31c (0x0052adb3) x27 0x00000000
core   0: 0x8000a320 (0x015c8fb3) add     t6, s9, s5
core   0: 3 0x8000a320 (0x015c8fb3) x31 0x80015ce4
core   0: 0x8000a324 (0x30202593) slti    a1, zero, 770
core   0: 3 0x8000a324 (0x30202593) x11 0x00000001
core   0: 0x8000a328 (0x00a4e133) or      sp, s1, a0
core   0: 3 0x8000a328 (0x00a4e133) x 2 0x00000000
core   0: 0x8000a32c (0x001b1893) slli    a7, s6, 1
core   0: 3 0x8000a32c (0x001b1893) x17 0x00002006
core   0: 0x8000a330 (0x0082ff33) and     t5, t0, s0
core   0: 3 0x8000a330 (0x0082ff33) x30 0x00000000
core   0: 0x8000a334 (0x40da5d33) sra     s10, s4, a3
core   0: 3 0x8000a334 (0x40da5d33) x26 0xffc00000
core   0: 0x8000a338 (0x00f80e33) add     t3, a6, a5
core   0: 3 0x8000a338 (0x00f80e33) x28 0x080011a6
core   0: 0x8000a33c (0x5d0a58b7) lui     a7, 0x5d0a5
core   0: 3 0x8000a33c (0x5d0a58b7) x17 0x5d0a5000
core   0: 0x8000a340 (0x41f85613) srai    a2, a6, 31
core   0: 3 0x8000a340 (0x41f85613) x12 0x00000000
core   0: 0x8000a344 (0x65f84113) xori    sp, a6, 1631
core   0: 3 0x8000a344 (0x65f84113) x 2 0x0000065f
core   0: 0x8000a348 (0x0166e5b3) or      a1, a3, s6
core   0: 3 0x8000a348 (0x0166e5b3) x11 0x00001003
core   0: 0x8000a34c (0x2f18a897) auipc   a7, 0x2f18a
core   0: 3 0x8000a34c (0x2f18a897) x17 0xaf19434c
core   0: 0x8000a350 (0x01e0a3b3) slt     t2, ra, t5
core   0: 3 0x8000a350 (0x01e0a3b3) x 7 0x00000000
core   0: 0x8000a354 (0xafe50593) addi    a1, a0, -1282
core   0: 3 0x8000a354 (0xafe50593) x11 0xfffffafe
core   0: 0x8000a358 (0x418a5c33) sra     s8, s4, s8
core   0: 3 0x8000a358 (0x418a5c33) x24 0xfffffffe
core   0: 0x8000a35c (0x564da313) slti    t1, s11, 1380
core   0: 3 0x8000a35c (0x564da313) x 6 0x00000001
core   0: 0x8000a360 (0x971c4613) xori    a2, s8, -1679
core   0: 3 0x8000a360 (0x971c4613) x12 0x0000068f
core   0: 0x8000a364 (0xe9b74f93) xori    t6, a4, -357
core   0: 3 0x8000a364 (0xe9b74f93) x31 0x7ffffe9b
core   0: 0x8000a368 (0xab0941b7) lui     gp, 0xab094
core   0: 3 0x8000a368 (0xab0941b7) x 3 0xab094000
core   0: 0x8000a36c (0x41fddb13) srai    s6, s11, 31
core   0: 3 0x8000a36c (0x41fddb13) x22 0x00000000
core   0: 0x8000a370 (0xad046b93) ori     s7, s0, -1328
core   0: 3 0x8000a370 (0xad046b93) x23 0xfffffad0
core   0: 0x8000a374 (0x0983e613) ori     a2, t2, 152
core   0: 3 0x8000a374 (0x0983e613) x12 0x00000098
core   0: 0x8000a378 (0x5af68593) addi    a1, a3, 1455
core   0: 3 0x8000a378 (0x5af68593) x11 0x000005b0
core   0: 0x8000a37c (0x0186f033) and     zero, a3, s8
core   0: 3 0x8000a37c (0x0186f033)
core   0: 0x8000a380 (0x009f9a33) sll     s4, t6, s1
core   0: 3 0x8000a380 (0x009f9a33) x20 0x7ffffe9b
core   0: 0x8000a384 (0x01e44933) xor     s2, s0, t5
core   0: 3 0x8000a384 (0x01e44933) x18 0x00000000
core   0: 0x8000a388 (0x01734ab3) xor     s5, t1, s7
core   0: 3 0x8000a388 (0x01734ab3) x21 0xfffffad1
core   0: 0x8000a38c (0xc8365b97) auipc   s7, 0xc8365
core   0: 3 0x8000a38c (0xc8365b97) x23 0x4836f38c
core   0: 0x8000a390 (0x417d5513) srai    a0, s10, 23
core   0: 3 0x8000a390 (0x417d5513) x10 0xffffffff
core   0: 0x8000a394 (0x006b2ab3) slt     s5, s6, t1
core   0: 3 0x8000a394 (0x006b2ab3) x21 0x00000001
core   0: 0x8000a398 (0x40e45093) srai    ra, s0, 14
core   0: 3 0x8000a398 (0x40e45093) x 1 0x00000000
core   0: 0x8000a39c (0x010c9433) sll     s0, s9, a6
core   0: 3 0x8000a39c (0x010c9433) x 8 0x80015ce4
core   0: 0x8000a3a0 (0x41528bb3) sub     s7, t0, s5
core   0: 3 0x8000a3a0 (0x41528bb3) x23 0x7fffffff
core   0: 0x8000a3a4 (0x009411b3) sll     gp, s0, s1
core   0: 3 0x8000a3a4 (0x009411b3) x 3 0x80015ce4
core   0: 0x8000a3a8 (0x411b8f33) sub     t5, s7, a7
core   0: 3 0x8000a3a8 (0x411b8f33) x30 0xd0e6bcb3
core   0: 0x8000a3ac (0x0061ffb3) and     t6, gp, t1
core   0: 3 0x8000a3ac (0x0061ffb3) x31 0x00000000
core   0: 0x8000a3b0 (0x01aad213) srli    tp, s5, 26
core   0: 3 0x8000a3b0 (0x01aad213) x 4 0x00000000
core   0: 0x8000a3b4 (0x014dda93) srli    s5, s11, 20
core   0: 3 0x8000a3b4 (0x014dda93) x21 0x00000000
core   0: 0x8000a3b8 (0x01df9513) slli    a0, t6, 29
core   0: 3 0x8000a3b8 (0x01df9513) x10 0x00000000
core   0: 0x8000a3bc (0x01053433) sltu    s0, a0, a6
core   0: 3 0x8000a3bc (0x01053433) x 8 0x00000000
core   0: 0x8000a3c0 (0x0bf30317) auipc   t1, 0xbf30
core   0: 3 0x8000a3c0 (0x0bf30317) x 6 0x8bf3a3c0
core   0: 0x8000a3c4 (0x01555f13) srli    t5, a0, 21
core   0: 3 0x8000a3c4 (0x01555f13) x30 0x00000000
core   0: 0x8000a3c8 (0xb5333097) auipc   ra, 0xb5333
core   0: 3 0x8000a3c8 (0xb5333097) x 1 0x3533d3c8
core   0: 0x8000a3cc (0x00000013) nop
core   0: 3 0x8000a3cc (0x00000013)
core   0: 0x8000a3d0 (0x01325bb3) srl     s7, tp, s3
core   0: 3 0x8000a3d0 (0x01325bb3) x23 0x00000000
core   0: 0x8000a3d4 (0x7d577113) andi    sp, a4, 2005
core   0: 3 0x8000a3d4 (0x7d577113) x 2 0x00000000
core   0: 0x8000a3d8 (0x0083c0b3) xor     ra, t2, s0
core   0: 3 0x8000a3d8 (0x0083c0b3) x 1 0x00000000
core   0: 0x8000a3dc (0x01d8b4b3) sltu    s1, a7, t4
core   0: 3 0x8000a3dc (0x01d8b4b3) x 9 0x00000000
core   0: 0x8000a3e0 (0x0121d093) srli    ra, gp, 18
core   0: 3 0x8000a3e0 (0x0121d093) x 1 0x00002000
core   0: 0x8000a3e4 (0xe129d197) auipc   gp, 0xe129d
core   0: 3 0x8000a3e4 (0xe129d197) x 3 0x612a73e4
core   0: 0x8000a3e8 (0x00f74633) xor     a2, a4, a5
core   0: 3 0x8000a3e8 (0x00f74633) x12 0x880011a6
core   0: 0x8000a3ec (0x245f7013) andi    zero, t5, 581
core   0: 3 0x8000a3ec (0x245f7013)
core   0: 0x8000a3f0 (0x5af75b17) auipc   s6, 0x5af75
core   0: 3 0x8000a3f0 (0x5af75b17) x22 0xdaf7f3f0
core   0: 0x8000a3f4 (0x40b48033) sub     zero, s1, a1
core   0: 3 0x8000a3f4 (0x40b48033)
core   0: 0x8000a3f8 (0x00750933) add     s2, a0, t2
core   0: 3 0x8000a3f8 (0x00750933) x18 0x00000000
core   0: 0x8000a3fc (0x1c66b493) sltiu   s1, a3, 454
core   0: 3 0x8000a3fc (0x1c66b493) x 9 0x00000001
core   0: 0x8000a400 (0x419408b3) sub     a7, s0, s9
core   0: 3 0x8000a400 (0x419408b3) x17 0x7ffea31c
core   0: 0x8000a404 (0x01694533) xor     a0, s2, s6
core   0: 3 0x8000a404 (0x01694533) x10 0xdaf7f3f0
core   0: 0x8000a408 (0x36b80313) addi    t1, a6, 875
core   0: 3 0x8000a408 (0x36b80313) x 6 0x0000036b
core   0: 0x8000a40c (0x41f6dab3) sra     s5, a3, t6
core   0: 3 0x8000a40c (0x41f6dab3) x21 0x00000001
core   0: 0x8000a410 (0x0115f333) and     t1, a1, a7
core   0: 3 0x8000a410 (0x0115f333) x 6 0x00000110
core   0: 0x8000a414 (0x017f00b3) add     ra, t5, s7
core   0: 3 0x8000a414 (0x017f00b3) x 1 0x00000000
core   0: 0x8000a418 (0x00000013) nop
core   0: 3 0x8000a418 (0x00000013)
core   0: 0x8000a41c (0x400000b3) sub     ra, zero, zero
core   0: 3 0x8000a41c (0x400000b3) x 1 0x00000000
core   0: 0x8000a420 (0xcccda493) slti    s1, s11, -820
core   0: 3 0x8000a420 (0xcccda493) x 9 0x00000000
core   0: 0x8000a424 (0x0145ec33) or      s8, a1, s4
core   0: 3 0x8000a424 (0x0145ec33) x24 0x7fffffbb
core   0: 0x8000a428 (0x01e49793) slli    a5, s1, 30
core   0: 3 0x8000a428 (0x01e49793) x15 0x00000000
core   0: 0x8000a42c (0x09e27813) andi    a6, tp, 158
core   0: 3 0x8000a42c (0x09e27813) x16 0x00000000
core   0: 0x8000a430 (0xbd1e4493) xori    s1, t3, -1071
core   0: 3 0x8000a430 (0xbd1e4493) x 9 0xf7ffea77
core   0: 0x8000a434 (0x001ba433) slt     s0, s7, ra
core   0: 3 0x8000a434 (0x001ba433) x 8 0x00000000
core   0: 0x8000a438 (0x416fd293) srai    t0, t6, 22
core   0: 3 0x8000a438 (0x416fd293) x 5 0x00000000
core   0: 0x8000a43c (0xc5490d13) addi    s10, s2, -940
core   0: 3 0x8000a43c (0xc5490d13) x26 0xfffffc54
core   0: 0x8000a440 (0x005fe133) or      sp, t6, t0
core   0: 3 0x8000a440 (0x005fe133) x 2 0x00000000
core   0: 0x8000a444 (0xc9ba4697) auipc   a3, 0xc9ba4
core   0: 3 0x8000a444 (0xc9ba4697) x13 0x49bae444
core   0: 0x8000a448 (0x9be26093) ori     ra, tp, -1602
core   0: 3 0x8000a448 (0x9be26093) x 1 0xfffff9be
core   0: 0x8000a44c (0x007cf333) and     t1, s9, t2
core   0: 3 0x8000a44c (0x007cf333) x 6 0x00000000
core   0: 0x8000a450 (0x3bdbc693) xori    a3, s7, 957
core   0: 3 0x8000a450 (0x3bdbc693) x13 0x000003bd
core   0: 0x8000a454 (0x013eb2b3) sltu    t0, t4, s3
core   0: 3 0x8000a454 (0x013eb2b3) x 5 0x00000000
core   0: 0x8000a458 (0xfbbec637) lui     a2, 0xfbbec
core   0: 3 0x8000a458 (0xfbbec637) x12 0xfbbec000
core   0: 0x8000a45c (0xc2d94993) xori    s3, s2, -979
core   0: 3 0x8000a45c (0xc2d94993) x19 0xfffffc2d
core   0: 0x8000a460 (0x40b25a93) srai    s5, tp, 11
core   0: 3 0x8000a460 (0x40b25a93) x21 0x00000000
core   0: 0x8000a464 (0xaa656037) lui     zero, 0xaa656
core   0: 3 0x8000a464 (0xaa656037)
core   0: 0x8000a468 (0x6bd2b693) sltiu   a3, t0, 1725
core   0: 3 0x8000a468 (0x6bd2b693) x13 0x00000001
core   0: 0x8000a46c (0x00000013) nop
core   0: 3 0x8000a46c (0x00000013)
core   0: 0x8000a470 (0xfff00993) li      s3, -1
core   0: 3 0x8000a470 (0xfff00993) x19 0xffffffff
core   0: 0x8000a474 (0x00000d13) li      s10, 0
core   0: 3 0x8000a474 (0x00000d13) x26 0x00000000
core   0: 0x8000a478 (0x80000ab7) lui     s5, 0x80000
core   0: 3 0x8000a478 (0x80000ab7) x21 0x80000000
core   0: 0x8000a47c (0x00000313) li      t1, 0
core   0: 3 0x8000a47c (0x00000313) x 6 0x00000000
core   0: 0x8000a480 (0xfff00793) li      a5, -1
core   0: 3 0x8000a480 (0xfff00793) x15 0xffffffff
core   0: 0x8000a484 (0x80000237) lui     tp, 0x80000
core   0: 3 0x8000a484 (0x80000237) x 4 0x80000000
core   0: 0x8000a488 (0x2c1f8f37) lui     t5, 0x2c1f8
core   0: 3 0x8000a488 (0x2c1f8f37) x30 0x2c1f8000
core   0: 0x8000a48c (0x9adf0f13) addi    t5, t5, -1619
core   0: 3 0x8000a48c (0x9adf0f13) x30 0x2c1f79ad
core   0: 0x8000a490 (0x42754137) lui     sp, 0x42754
core   0: 3 0x8000a490 (0x42754137) x 2 0x42754000
core   0: 0x8000a494 (0xa5010113) addi    sp, sp, -1456
core   0: 3 0x8000a494 (0xa5010113) x 2 0x42753a50
core   0: 0x8000a498 (0x00000193) li      gp, 0
core   0: 3 0x8000a498 (0x00000193) x 3 0x00000000
core   0: 0x8000a49c (0xfff00393) li      t2, -1
core   0: 3 0x8000a49c (0xfff00393) x 7 0xffffffff
core   0: 0x8000a4a0 (0x002989b3) add     s3, s3, sp
core   0: 3 0x8000a4a0 (0x002989b3) x19 0x42753a4f
core   0: 0x8000a4a4 (0xa6054237) lui     tp, 0xa6054
core   0: 3 0x8000a4a4 (0xa6054237) x 4 0xa6054000
core   0: 0x8000a4a8 (0x01af0d33) add     s10, t5, s10
core   0: 3 0x8000a4a8 (0x01af0d33) x26 0x2c1f79ad
core   0: 0x8000a4ac (0x2f674a97) auipc   s5, 0x2f674
core   0: 3 0x8000a4ac (0x2f674a97) x21 0xaf67e4ac
core   0: 0x8000a4b0 (0x00000013) nop
core   0: 3 0x8000a4b0 (0x00000013)
core   0: 0x8000a4b4 (0x00000013) nop
core   0: 3 0x8000a4b4 (0x00000013)
core   0: 0x8000a4b8 (0x00778133) add     sp, a5, t2
core   0: 3 0x8000a4b8 (0x00778133) x 2 0xfffffffe
core   0: 0x8000a4bc (0xc523f7b7) lui     a5, 0xc523f
core   0: 3 0x8000a4bc (0xc523f7b7) x15 0xc523f000
core   0: 0x8000a4c0 (0xc70b2197) auipc   gp, 0xc70b2
core   0: 3 0x8000a4c0 (0xc70b2197) x 3 0x470bc4c0
core   0: 0x8000a4c4 (0x002783b3) add     t2, a5, sp
core   0: 3 0x8000a4c4 (0x002783b3) x 7 0xc523effe
core   0: 0x8000a4c8 (0xa60a8313) addi    t1, s5, -1440
core   0: 3 0x8000a4c8 (0xa60a8313) x 6 0xaf67df0c
core   0: 0x8000a4cc (0x2ebf0337) lui     t1, 0x2ebf0
core   0: 3 0x8000a4cc (0x2ebf0337) x 6 0x2ebf0000
core   0: 0x8000a4d0 (0x00000013) nop
core   0: 3 0x8000a4d0 (0x00000013)
core   0: 0x8000a4d4 (0xcae4ad17) auipc   s10, 0xcae4a
core   0: 3 0x8000a4d4 (0xcae4ad17) x26 0x4ae544d4
core   0: 0x8000a4d8 (0xbd3a7397) auipc   t2, 0xbd3a7
core   0: 3 0x8000a4d8 (0xbd3a7397) x 7 0x3d3b14d8
core   0: 0x8000a4dc (0x013d07b3) add     a5, s10, s3
core   0: 3 0x8000a4dc (0x013d07b3) x15 0x8d5a7f23
core   0: 0x8000a4e0 (0x00620133) add     sp, tp, t1
core   0: 3 0x8000a4e0 (0x00620133) x 2 0xd4c44000
core   0: 0x8000a4e4 (0x00000013) nop
core   0: 3 0x8000a4e4 (0x00000013)
core   0: 0x8000a4e8 (0x390a8213) addi    tp, s5, 912
core   0: 3 0x8000a4e8 (0x390a8213) x 4 0xaf67e83c
core   0: 0x8000a4ec (0x126d4237) lui     tp, 0x126d4
core   0: 3 0x8000a4ec (0x126d4237) x 4 0x126d4000
core   0: 0x8000a4f0 (0xf73f0a93) addi    s5, t5, -141
core   0: 3 0x8000a4f0 (0xf73f0a93) x21 0x2c1f7920
core   0: 0x8000a4f4 (0x4b158093) addi    ra, a1, 1201
core   0: 3 0x8000a4f4 (0x4b158093) x 1 0x00000a61
core   0: 0x8000a4f8 (0x689d0013) addi    zero, s10, 1673
core   0: 3 0x8000a4f8 (0x689d0013)
core   0: 0x8000a4fc (0x007be833) or      a6, s7, t2
core   0: 3 0x8000a4fc (0x007be833) x16 0x3d3b14d8
core   0: 0x8000a500 (0xc7418d13) addi    s10, gp, -908
core   0: 3 0x8000a500 (0xc7418d13) x26 0x470bc134
core   0: 0x8000a504 (0xd1263f13) sltiu   t5, a2, -750
core   0: 3 0x8000a504 (0xd1263f13) x30 0x00000001
core   0: 0x8000a508 (0x00bca3b3) slt     t2, s9, a1
core   0: 3 0x8000a508 (0x00bca3b3) x 7 0x00000001
core   0: 0x8000a50c (0x0711c513) xori    a0, gp, 113
core   0: 3 0x8000a50c (0x0711c513) x10 0x470bc4b1
core   0: 0x8000a510 (0x7c7c6e13) ori     t3, s8, 1991
core   0: 3 0x8000a510 (0x7c7c6e13) x28 0x7fffffff
core   0: 0x8000a514 (0x001bed33) or      s10, s7, ra
core   0: 3 0x8000a514 (0x001bed33) x26 0x00000a61
core   0: 0x8000a518 (0x00005793) srli    a5, zero, 0
core   0: 3 0x8000a518 (0x00005793) x15 0x00000000
core   0: 0x8000a51c (0xba863413) sltiu   s0, a2, -1112
core   0: 3 0x8000a51c (0xba863413) x 8 0x00000001
core   0: 0x8000a520 (0x6da0b397) auipc   t2, 0x6da0b
core   0: 3 0x8000a520 (0x6da0b397) x 7 0xeda15520
core   0: 0x8000a524 (0x254f4593) xori    a1, t5, 596
core   0: 3 0x8000a524 (0x254f4593) x11 0x00000255
core   0: 0x8000a528 (0x01633433) sltu    s0, t1, s6
core   0: 3 0x8000a528 (0x01633433) x 8 0x00000001
core   0: 0x8000a52c (0xc7633293) sltiu   t0, t1, -906
core   0: 3 0x8000a52c (0xc7633293) x 5 0x00000001
core   0: 0x8000a530 (0x40400f33) sub     t5, zero, tp
core   0: 3 0x8000a530 (0x40400f33) x30 0xed92c000
core   0: 0x8000a534 (0x01621693) slli    a3, tp, 22
core   0: 3 0x8000a534 (0x01621693) x13 0x00000000
core   0: 0x8000a538 (0x44790b13) addi    s6, s2, 1095
core   0: 3 0x8000a538 (0x44790b13) x22 0x00000447
core   0: 0x8000a53c (0x006611b3) sll     gp, a2, t1
core   0: 3 0x8000a53c (0x006611b3) x 3 0xfbbec000
core   0: 0x8000a540 (0x01d3f8b3) and     a7, t2, t4
core   0: 3 0x8000a540 (0x01d3f8b3) x17 0x80011420
core   0: 0x8000a544 (0x35208813) addi    a6, ra, 850
core   0: 3 0x8000a544 (0x35208813) x16 0x00000db3
core   0: 0x8000a548 (0x00d39e13) slli    t3, t2, 13
core   0: 3 0x8000a548 (0x00d39e13) x28 0x2aa40000
core   0: 0x8000a54c (0x407c8ab3) sub     s5, s9, t2
core   0: 3 0x8000a54c (0x407c8ab3) x21 0x926007c4
core   0: 0x8000a550 (0x5581a797) auipc   a5, 0x5581a
core   0: 3 0x8000a550 (0x5581a797) x15 0xd5824550
core   0: 0x8000a554 (0x002706b3) add     a3, a4, sp
core   0: 3 0x8000a554 (0x002706b3) x13 0x54c44000
core   0: 0x8000a558 (0x828354b7) lui     s1, 0x82835
core   0: 3 0x8000a558 (0x828354b7) x 9 0x82835000
core   0: 0x8000a55c (0x00989bb3) sll     s7, a7, s1
core   0: 3 0x8000a55c (0x00989bb3) x23 0x80011420
core   0: 0x8000a560 (0x4b972793) slti    a5, a4, 1209
core   0: 3 0x8000a560 (0x4b972793) x15 0x00000001
core   0: 0x8000a564 (0xf7877d37) lui     s10, 0xf7877
core   0: 3 0x8000a564 (0xf7877d37) x26 0xf7877000
core   0: 0x8000a568 (0xc7837197) auipc   gp, 0xc7837
core   0: 3 0x8000a568 (0xc7837197) x 3 0x47841568
core   0: 0x8000a56c (0x00006333) or      t1, zero, zero
core   0: 3 0x8000a56c (0x00006333) x 6 0x00000000
core   0: 0x8000a570 (0x40e38ab3) sub     s5, t2, a4
core   0: 3 0x8000a570 (0x40e38ab3) x21 0x6da15520
core   0: 0x8000a574 (0x0ab46993) ori     s3, s0, 171
core   0: 3 0x8000a574 (0x0ab46993) x19 0x000000ab
core   0: 0x8000a578 (0x22654913) xori    s2, a0, 550
core   0: 3 0x8000a578 (0x22654913) x18 0x470bc697
core   0: 0x8000a57c (0xe7c3b913) sltiu   s2, t2, -388
core   0: 3 0x8000a57c (0xe7c3b913) x18 0x00000001
core   0: 0x8000a580 (0xd9cf4493) xori    s1, t5, -612
core   0: 3 0x8000a580 (0xd9cf4493) x 9 0x126d3d9c
core   0: 0x8000a584 (0x00201a13) slli    s4, zero, 2
core   0: 3 0x8000a584 (0x00201a13) x20 0x00000000
core   0: 0x8000a588 (0x001d4c33) xor     s8, s10, ra
core   0: 3 0x8000a588 (0x001d4c33) x24 0xf7877a61
core   0: 0x8000a58c (0x010fac33) slt     s8, t6, a6
core   0: 3 0x8000a58c (0x010fac33) x24 0x00000001
core   0: 0x8000a590 (0x0015f633) and     a2, a1, ra
core   0: 3 0x8000a590 (0x0015f633) x12 0x00000241
core   0: 0x8000a594 (0x0047ce33) xor     t3, a5, tp
core   0: 3 0x8000a594 (0x0047ce33) x28 0x126d4001
core   0: 0x8000a598 (0x7df8c293) xori    t0, a7, 2015
core   0: 3 0x8000a598 (0x7df8c293) x 5 0x800113ff
core   0: 0x8000a59c (0x0188c833) xor     a6, a7, s8
core   0: 3 0x8000a59c (0x0188c833) x16 0x80011421
core   0: 0x8000a5a0 (0x01145833) srl     a6, s0, a7
core   0: 3 0x8000a5a0 (0x01145833) x16 0x00000001
core   0: 0x8000a5a4 (0x0106de33) srl     t3, a3, a6
core   0: 3 0x8000a5a4 (0x0106de33) x28 0x2a622000
core   0: 0x8000a5a8 (0x01972bb3) slt     s7, a4, s9
core   0: 3 0x8000a5a8 (0x01972bb3) x23 0x00000001
core   0: 0x8000a5ac (0x005f36b3) sltu    a3, t5, t0
core   0: 3 0x8000a5ac (0x005f36b3) x13 0x00000000
core   0: 0x8000a5b0 (0x40875c33) sra     s8, a4, s0
core   0: 3 0x8000a5b0 (0x40875c33) x24 0xc0000000
core   0: 0x8000a5b4 (0x009fcc33) xor     s8, t6, s1
core   0: 3 0x8000a5b4 (0x009fcc33) x24 0x126d3d9c
core   0: 0x8000a5b8 (0x01199593) slli    a1, s3, 17
core   0: 3 0x8000a5b8 (0x01199593) x11 0x01560000
core   0: 0x8000a5bc (0xe0d24d17) auipc   s10, 0xe0d24
core   0: 3 0x8000a5bc (0xe0d24d17) x26 0x60d2e5bc
core   0: 0x8000a5c0 (0x2bd0aa93) slti    s5, ra, 701
core   0: 3 0x8000a5c0 (0x2bd0aa93) x21 0x00000000
core   0: 0x8000a5c4 (0x005d1d13) slli    s10, s10, 5
core   0: 3 0x8000a5c4 (0x005d1d13) x26 0x1a5cb780
core   0: 0x8000a5c8 (0x00a9f1b3) and     gp, s3, a0
core   0: 3 0x8000a5c8 (0x00a9f1b3) x 3 0x000000a1
core   0: 0x8000a5cc (0x011bf4b3) and     s1, s7, a7
core   0: 3 0x8000a5cc (0x011bf4b3) x 9 0x00000000
core   0: 0x8000a5d0 (0x01c05593) srli    a1, zero, 28
core   0: 3 0x8000a5d0 (0x01c05593) x11 0x00000000
core   0: 0x8000a5d4 (0xe1b06db7) lui     s11, 0xe1b06
core   0: 3 0x8000a5d4 (0xe1b06db7) x27 0xe1b06000
core   0: 0x8000a5d8 (0x01296ab3) or      s5, s2, s2
core   0: 3 0x8000a5d8 (0x01296ab3) x21 0x00000001
core   0: 0x8000a5dc (0x0004e833) or      a6, s1, zero
core   0: 3 0x8000a5dc (0x0004e833) x16 0x00000000
core   0: 0x8000a5e0 (0x989a3193) sltiu   gp, s4, -1655
core   0: 3 0x8000a5e0 (0x989a3193) x 3 0x00000001
core   0: 0x8000a5e4 (0x01758533) add     a0, a1, s7
core   0: 3 0x8000a5e4 (0x01758533) x10 0x00000001
core   0: 0x8000a5e8 (0x01bd9193) slli    gp, s11, 27
core   0: 3 0x8000a5e8 (0x01bd9193) x 3 0x00000000
core   0: 0x8000a5ec (0x01c5ebb3) or      s7, a1, t3
core   0: 3 0x8000a5ec (0x01c5ebb3) x23 0x2a622000
core   0: 0x8000a5f0 (0x5f5a0493) addi    s1, s4, 1525
core   0: 3 0x8000a5f0 (0x5f5a0493) x 9 0x000005f5
core   0: 0x8000a5f4 (0xa8b48a13) addi    s4, s1, -1397
core   0: 3 0x8000a5f4 (0xa8b48a13) x20 0x00000080
core   0: 0x8000a5f8 (0x41bc5f13) srai    t5, s8, 27
core   0: 3 0x8000a5f8 (0x41bc5f13) x30 0x00000002
core   0: 0x8000a5fc (0x40d25433) sra     s0, tp, a3
core   0: 3 0x8000a5fc (0x40d25433) x 8 0x126d4000
core   0: 0x8000a600 (0x01fc9a93) slli    s5, s9, 31
core   0: 3 0x8000a600 (0x01fc9a93) x21 0x00000000
core   0: 0x8000a604 (0x407b08b3) sub     a7, s6, t2
core   0: 3 0x8000a604 (0x407b08b3) x17 0x125eaf27
core   0: 0x8000a608 (0xb3606213) ori     tp, zero, -1226
core   0: 3 0x8000a608 (0xb3606213) x 4 0xfffffb36
core   0: 0x8000a60c (0x00509213) slli    tp, ra, 5
core   0: 3 0x8000a60c (0x00509213) x 4 0x00014c20
core   0: 0x8000a610 (0x96ea7413) andi    s0, s4, -1682
core   0: 3 0x8000a610 (0x96ea7413) x 8 0x00000000
core   0: 0x8000a614 (0x15f9c793) xori    a5, s3, 351
core   0: 3 0x8000a614 (0x15f9c793) x15 0x000001f4
core   0: 0x8000a618 (0x40da5093) srai    ra, s4, 13
core   0: 3 0x8000a618 (0x40da5093) x 1 0x00000000
core   0: 0x8000a61c (0x48963f13) sltiu   t5, a2, 1161
core   0: 3 0x8000a61c (0x48963f13) x30 0x00000001
core   0: 0x8000a620 (0x1d048613) addi    a2, s1, 464
core   0: 3 0x8000a620 (0x1d048613) x12 0x000007c5
core   0: 0x8000a624 (0x00000013) nop
core   0: 3 0x8000a624 (0x00000013)
core   0: 0x8000a628 (0x40bc5413) srai    s0, s8, 11
core   0: 3 0x8000a628 (0x40bc5413) x 8 0x00024da7
core   0: 0x8000a62c (0x018b6533) or      a0, s6, s8
core   0: 3 0x8000a62c (0x018b6533) x10 0x126d3ddf
core   0: 0x8000a630 (0x0086d2b3) srl     t0, a3, s0
core   0: 3 0x8000a630 (0x0086d2b3) x 5 0x00000000
core   0: 0x8000a634 (0xd7dd6393) ori     t2, s10, -643
core   0: 3 0x8000a634 (0xd7dd6393) x 7 0xfffffffd
core   0: 0x8000a638 (0x018037b3) snez    a5, s8
core   0: 3 0x8000a638 (0x018037b3) x15 0x00000001
core   0: 0x8000a63c (0xf9b0fb13) andi    s6, ra, -101
core   0: 3 0x8000a63c (0xf9b0fb13) x22 0x00000000
core   0: 0x8000a640 (0x01cd4e33) xor     t3, s10, t3
core   0: 3 0x8000a640 (0x01cd4e33) x28 0x303e9780
core   0: 0x8000a644 (0x40108f33) sub     t5, ra, ra
core   0: 3 0x8000a644 (0x40108f33) x30 0x00000000
core   0: 0x8000a648 (0x00a80833) add     a6, a6, a0
core   0: 3 0x8000a648 (0x00a80833) x16 0x126d3ddf
core   0: 0x8000a64c (0xfd9f8813) addi    a6, t6, -39
core   0: 3 0x8000a64c (0xfd9f8813) x16 0xffffffd9
core   0: 0x8000a650 (0x00000013) nop
core   0: 3 0x8000a650 (0x00000013)
core   0: 0x8000a654 (0x00a63b13) sltiu   s6, a2, 10
core   0: 3 0x8000a654 (0x00a63b13) x22 0x00000000
core   0: 0x8000a658 (0x01db2533) slt     a0, s6, t4
core   0: 3 0x8000a658 (0x01db2533) x10 0x00000000
core   0: 0x8000a65c (0x666c2e13) slti    t3, s8, 1638
core   0: 3 0x8000a65c (0x666c2e13) x28 0x00000000
core   0: 0x8000a660 (0x0145cf33) xor     t5, a1, s4
core   0: 3 0x8000a660 (0x0145cf33) x30 0x00000080
core   0: 0x8000a664 (0x00387033) and     zero, a6, gp
core   0: 3 0x8000a664 (0x00387033)
core   0: 0x8000a668 (0x00098db3) add     s11, s3, zero
core   0: 3 0x8000a668 (0x00098db3) x27 0x000000ab
core   0: 0x8000a66c (0x6defb093) sltiu   ra, t6, 1758
core   0: 3 0x8000a66c (0x6defb093) x 1 0x00000001
core   0: 0x8000a670 (0x00e453b3) srl     t2, s0, a4
core   0: 3 0x8000a670 (0x00e453b3) x 7 0x00024da7
core   0: 0x8000a674 (0x7fd96113) ori     sp, s2, 2045
core   0: 3 0x8000a674 (0x7fd96113) x 2 0x000007fd
core   0: 0x8000a678 (0x00863db3) sltu    s11, a2, s0
core   0: 3 0x8000a678 (0x00863db3) x27 0x00000001
core   0: 0x8000a67c (0x0177fb33) and     s6, a5, s7
core   0: 3 0x8000a67c (0x0177fb33) x22 0x00000000
core   0: 0x8000a680 (0x4d012d93) slti    s11, sp, 1232
core   0: 3 0x8000a680 (0x4d012d93) x27 0x00000000
core   0: 0x8000a684 (0xd937e913) ori     s2, a5, -621
core   0: 3 0x8000a684 (0xd937e913) x18 0xfffffd93
core   0: 0x8000a688 (0x41add593) srai    a1, s11, 26
core   0: 3 0x8000a688 (0x41add593) x11 0x00000000
core   0: 0x8000a68c (0x403589b3) sub     s3, a1, gp
core   0: 3 0x8000a68c (0x403589b3) x19 0x00000000
core   0: 0x8000a690 (0x0098b033) sltu    zero, a7, s1
core   0: 3 0x8000a690 (0x0098b033)
core   0: 0x8000a694 (0x01d79933) sll     s2, a5, t4
core   0: 3 0x8000a694 (0x01d79933) x18 0x00000010
core   0: 0x8000a698 (0x00eed193) srli    gp, t4, 14
core   0: 3 0x8000a698 (0x00eed193) x 3 0x00020004
core   0: 0x8000a69c (0x01b58b33) add     s6, a1, s11
core   0: 3 0x8000a69c (0x01b58b33) x22 0x00000000
core   0: 0x8000a6a0 (0x000bdd93) srli    s11, s7, 0
core   0: 3 0x8000a6a0 (0x000bdd93) x27 0x2a622000
core   0: 0x8000a6a4 (0x7314f513) andi    a0, s1, 1841
core   0: 3 0x8000a6a4 (0x7314f513) x10 0x00000531
core   0: 0x8000a6a8 (0xcc9ec193) xori    gp, t4, -823
core   0: 3 0x8000a6a8 (0xcc9ec193) x 3 0x7ffee2ad
core   0: 0x8000a6ac (0x019295b3) sll     a1, t0, s9
core   0: 3 0x8000a6ac (0x019295b3) x11 0x00000000
core   0: 0x8000a6b0 (0x01f840b3) xor     ra, a6, t6
core   0: 3 0x8000a6b0 (0x01f840b3) x 1 0xffffffd9
core   0: 0x8000a6b4 (0x01cdd3b3) srl     t2, s11, t3
core   0: 3 0x8000a6b4 (0x01cdd3b3) x 7 0x2a622000
core   0: 0x8000a6b8 (0xc8400b93) li      s7, -892
core   0: 3 0x8000a6b8 (0xc8400b93) x23 0xfffffc84
core   0: 0x8000a6bc (0x001a7e33) and     t3, s4, ra
core   0: 3 0x8000a6bc (0x001a7e33) x28 0x00000080
core   0: 0x8000a6c0 (0x81a0a393) slti    t2, ra, -2022
core   0: 3 0x8000a6c0 (0x81a0a393) x 7 0x00000000
core   0: 0x8000a6c4 (0x00ac5bb3) srl     s7, s8, a0
core   0: 3 0x8000a6c4 (0x00ac5bb3) x23 0x00000936
core   0: 0x8000a6c8 (0x8e027813) andi    a6, tp, -1824
core   0: 3 0x8000a6c8 (0x8e027813) x16 0x00014820
core   0: 0x8000a6cc (0x406bd7b3) sra     a5, s7, t1
core   0: 3 0x8000a6cc (0x406bd7b3) x15 0x00000936
core   0: 0x8000a6d0 (0x01fba4b3) slt     s1, s7, t6
core   0: 3 0x8000a6d0 (0x01fba4b3) x 9 0x00000000
core   0: 0x8000a6d4 (0xc983bb13) sltiu   s6, t2, -872
core   0: 3 0x8000a6d4 (0xc983bb13) x22 0x00000001
core   0: 0x8000a6d8 (0xd978cf13) xori    t5, a7, -617
core   0: 3 0x8000a6d8 (0xd978cf13) x30 0xeda152b0
core   0: 0x8000a6dc (0x84b25fb7) lui     t6, 0x84b25
core   0: 3 0x8000a6dc (0x84b25fb7) x31 0x84b25000
core   0: 0x8000a6e0 (0x51ece937) lui     s2, 0x51ece
core   0: 3 0x8000a6e0 (0x51ece937) x18 0x51ece000
core   0: 0x8000a6e4 (0x0182a0b3) slt     ra, t0, s8
core   0: 3 0x8000a6e4 (0x0182a0b3) x 1 0x00000001
core   0: 0x8000a6e8 (0xfff00a13) li      s4, -1
core   0: 3 0x8000a6e8 (0xfff00a13) x20 0xffffffff
core   0: 0x8000a6ec (0x00000b93) li      s7, 0
core   0: 3 0x8000a6ec (0x00000b93) x23 0x00000000
core   0: 0x8000a6f0 (0xfff00513) li      a0, -1
core   0: 3 0x8000a6f0 (0xfff00513) x10 0xffffffff
core   0: 0x8000a6f4 (0xfff00e13) li      t3, -1
core   0: 3 0x8000a6f4 (0xfff00e13) x28 0xffffffff
core   0: 0x8000a6f8 (0xfb5626b7) lui     a3, 0xfb562
core   0: 3 0x8000a6f8 (0xfb5626b7) x13 0xfb562000
core   0: 0x8000a6fc (0x74368693) addi    a3, a3, 1859
core   0: 3 0x8000a6fc (0x74368693) x13 0xfb562743
core   0: 0x8000a700 (0x00000d13) li      s10, 0
core   0: 3 0x8000a700 (0x00000d13) x26 0x00000000
core   0: 0x8000a704 (0x00000a93) li      s5, 0
core   0: 3 0x8000a704 (0x00000a93) x21 0x00000000
core   0: 0x8000a708 (0x3d746637) lui     a2, 0x3d746
core   0: 3 0x8000a708 (0x3d746637) x12 0x3d746000
core   0: 0x8000a70c (0x8e060613) addi    a2, a2, -1824
core   0: 3 0x8000a70c (0x8e060613) x12 0x3d7458e0
core   0: 0x8000a710 (0x80000837) lui     a6, 0x80000
core   0: 3 0x8000a710 (0x80000837) x16 0x80000000
core   0: 0x8000a714 (0xfff00793) li      a5, -1
core   0: 3 0x8000a714 (0xfff00793) x15 0xffffffff
core   0: 0x8000a718 (0x00000013) nop
core   0: 3 0x8000a718 (0x00000013)
core   0: 0x8000a71c (0x8a360e13) addi    t3, a2, -1885
core   0: 3 0x8000a71c (0x8a360e13) x28 0x3d745183
core   0: 0x8000a720 (0x41a78ab3) sub     s5, a5, s10
core   0: 3 0x8000a720 (0x41a78ab3) x21 0xffffffff
core   0: 0x8000a724 (0xfd547837) lui     a6, 0xfd547
core   0: 3 0x8000a724 (0xfd547837) x16 0xfd547000
core   0: 0x8000a728 (0x41c80833) sub     a6, a6, t3
core   0: 3 0x8000a728 (0x41c80833) x16 0xbfe01e7d
core   0: 0x8000a72c (0xcf0637b7) lui     a5, 0xcf063
core   0: 3 0x8000a72c (0xcf0637b7) x15 0xcf063000
core   0: 0x8000a730 (0x1a430617) auipc   a2, 0x1a430
core   0: 3 0x8000a730 (0x1a430617) x12 0x9a43a730
core   0: 0x8000a734 (0x1f157517) auipc   a0, 0x1f157
core   0: 3 0x8000a734 (0x1f157517) x10 0x9f161734
core   0: 0x8000a738 (0x00c68833) add     a6, a3, a2
core   0: 3 0x8000a738 (0x00c68833) x16 0x9599ce73
core   0: 0x8000a73c (0x5a68b817) auipc   a6, 0x5a68b
core   0: 3 0x8000a73c (0x5a68b817) x16 0xda69573c
core   0: 0x8000a740 (0x01a50d33) add     s10, a0, s10
core   0: 3 0x8000a740 (0x01a50d33) x26 0x9f161734
core   0: 0x8000a744 (0x40cb8533) sub     a0, s7, a2
core   0: 3 0x8000a744 (0x40cb8533) x10 0x65bc58d0
core   0: 0x8000a748 (0xd41a7837) lui     a6, 0xd41a7
core   0: 3 0x8000a748 (0xd41a7837) x16 0xd41a7000
core   0: 0x8000a74c (0xd5cc27b7) lui     a5, 0xd5cc2
core   0: 3 0x8000a74c (0xd5cc27b7) x15 0xd5cc2000
core   0: 0x8000a750 (0xf0b78693) addi    a3, a5, -245
core   0: 3 0x8000a750 (0xf0b78693) x13 0xd5cc1f0b
core   0: 0x8000a754 (0x40fb8ab3) sub     s5, s7, a5
core   0: 3 0x8000a754 (0x40fb8ab3) x21 0x2a33e000
core   0: 0x8000a758 (0x8f750813) addi    a6, a0, -1801
core   0: 3 0x8000a758 (0x8f750813) x16 0x65bc51c7
core   0: 0x8000a75c (0x41ca8833) sub     a6, s5, t3
core   0: 3 0x8000a75c (0x41ca8833) x16 0xecbf8e7d
core   0: 0x8000a760 (0xd549a837) lui     a6, 0xd549a
core   0: 3 0x8000a760 (0xd549a837) x16 0xd549a000
core   0: 0x8000a764 (0x8412fbb7) lui     s7, 0x8412f
core   0: 3 0x8000a764 (0x8412fbb7) x23 0x8412f000
core   0: 0x8000a768 (0x052a87b7) lui     a5, 0x52a8
core   0: 3 0x8000a768 (0x052a87b7) x15 0x052a8000
core   0: 0x8000a76c (0xd88cbbb7) lui     s7, 0xd88cb
core   0: 3 0x8000a76c (0xd88cbbb7) x23 0xd88cb000
core   0: 0x8000a770 (0x52fdd617) auipc   a2, 0x52fdd
core   0: 3 0x8000a770 (0x52fdd617) x12 0xd2fe7770
core   0: 0x8000a774 (0x41d75693) srai    a3, a4, 29
core   0: 3 0x8000a774 (0x41d75693) x13 0xfffffffc
core   0: 0x8000a778 (0x00000013) nop
core   0: 3 0x8000a778 (0x00000013)
core   0: 0x8000a77c (0x0095d8b3) srl     a7, a1, s1
core   0: 3 0x8000a77c (0x0095d8b3) x17 0x00000000
core   0: 0x8000a780 (0x0117a2b3) slt     t0, a5, a7
core   0: 3 0x8000a780 (0x0117a2b3) x 5 0x00000000
core   0: 0x8000a784 (0xf97daf13) slti    t5, s11, -105
core   0: 3 0x8000a784 (0xf97daf13) x30 0x00000000
core   0: 0x8000a788 (0x019184b3) add     s1, gp, s9
core   0: 3 0x8000a788 (0x019184b3) x 9 0x00003f91
core   0: 0x8000a78c (0x09424e13) xori    t3, tp, 148
core   0: 3 0x8000a78c (0x09424e13) x28 0x00014cb4
core   0: 0x8000a790 (0x58a6f613) andi    a2, a3, 1418
core   0: 3 0x8000a790 (0x58a6f613) x12 0x00000588
core   0: 0x8000a794 (0x002fe333) or      t1, t6, sp
core   0: 3 0x8000a794 (0x002fe333) x 6 0x84b257fd
core   0: 0x8000a798 (0x01d72933) slt     s2, a4, t4
core   0: 3 0x8000a798 (0x01d72933) x18 0x00000001
core   0: 0x8000a79c (0x014835b3) sltu    a1, a6, s4
core   0: 3 0x8000a79c (0x014835b3) x11 0x00000001
core   0: 0x8000a7a0 (0xa1d7e793) ori     a5, a5, -1507
core   0: 3 0x8000a7a0 (0xa1d7e793) x15 0xfffffa1d
core   0: 0x8000a7a4 (0x0139d533) srl     a0, s3, s3
core   0: 3 0x8000a7a4 (0x0139d533) x10 0x00000000
core   0: 0x8000a7a8 (0x00fe47b3) xor     a5, t3, a5
core   0: 3 0x8000a7a8 (0x00fe47b3) x15 0xfffeb6a9
core   0: 0x8000a7ac (0x40ac8633) sub     a2, s9, a0
core   0: 3 0x8000a7ac (0x40ac8633) x12 0x80015ce4
core   0: 0x8000a7b0 (0x016091b3) sll     gp, ra, s6
core   0: 3 0x8000a7b0 (0x016091b3) x 3 0x00000002
core   0: 0x8000a7b4 (0x00bf3433) sltu    s0, t5, a1
core   0: 3 0x8000a7b4 (0x00bf3433) x 8 0x00000001
core   0: 0x8000a7b8 (0x38876d93) ori     s11, a4, 904
core   0: 3 0x8000a7b8 (0x38876d93) x27 0x80000388
core   0: 0x8000a7bc (0xb5898db7) lui     s11, 0xb5898
core   0: 3 0x8000a7bc (0xb5898db7) x27 0xb5898000
core   0: 0x8000a7c0 (0x7b1cf493) andi    s1, s9, 1969
core   0: 3 0x8000a7c0 (0x7b1cf493) x 9 0x000004a0
core   0: 0x8000a7c4 (0x01121d93) slli    s11, tp, 17
core   0: 3 0x8000a7c4 (0x01121d93) x27 0x98400000
core   0: 0x8000a7c8 (0x00499233) sll     tp, s3, tp
core   0: 3 0x8000a7c8 (0x00499233) x 4 0x00000000
core   0: 0x8000a7cc (0x82721d37) lui     s10, 0x82721
core   0: 3 0x8000a7cc (0x82721d37) x26 0x82721000
core   0: 0x8000a7d0 (0x016045b3) xor     a1, zero, s6
core   0: 3 0x8000a7d0 (0x016045b3) x11 0x00000001
core   0: 0x8000a7d4 (0x93fc76b7) lui     a3, 0x93fc7
core   0: 3 0x8000a7d4 (0x93fc76b7) x13 0x93fc7000
core   0: 0x8000a7d8 (0x0179dd93) srli    s11, s3, 23
core   0: 3 0x8000a7d8 (0x0179dd93) x27 0x00000000
core   0: 0x8000a7dc (0x00b9d633) srl     a2, s3, a1
core   0: 3 0x8000a7dc (0x00b9d633) x12 0x00000000
core   0: 0x8000a7e0 (0x009cdfb3) srl     t6, s9, s1
core   0: 3 0x8000a7e0 (0x009cdfb3) x31 0x80015ce4
core   0: 0x8000a7e4 (0x4a432d13) slti    s10, t1, 1188
core   0: 3 0x8000a7e4 (0x4a432d13) x26 0x00000001
core   0: 0x8000a7e8 (0x0d7e6517) auipc   a0, 0xd7e6
core   0: 3 0x8000a7e8 (0x0d7e6517) x10 0x8d7f07e8
core   0: 0x8000a7ec (0x416f8e33) sub     t3, t6, s6
core   0: 3 0x8000a7ec (0x416f8e33) x28 0x80015ce3
core   0: 0x8000a7f0 (0x3399a093) slti    ra, s3, 825
core   0: 3 0x8000a7f0 (0x3399a093) x 1 0x00000001
core   0: 0x8000a7f4 (0x40c9dab3) sra     s5, s3, a2
core   0: 3 0x8000a7f4 (0x40c9dab3) x21 0x00000000
core   0: 0x8000a7f8 (0x597b4793) xori    a5, s6, 1431
core   0: 3 0x8000a7f8 (0x597b4793) x15 0x00000596
core   0: 0x8000a7fc (0x0132fd33) and     s10, t0, s3
core   0: 3 0x8000a7fc (0x0132fd33) x26 0x00000000
core   0: 0x8000a800 (0x52144113) xori    sp, s0, 1313
core   0: 3 0x8000a800 (0x52144113) x 2 0x00000520
core   0: 0x8000a804 (0x01749a33) sll     s4, s1, s7
core   0: 3 0x8000a804 (0x01749a33) x20 0x000004a0
core   0: 0x8000a808 (0x8d6cfd93) andi    s11, s9, -1834
core   0: 3 0x8000a808 (0x8d6cfd93) x27 0x800158c4
core   0: 0x8000a80c (0x01129913) slli    s2, t0, 17
core   0: 3 0x8000a80c (0x01129913) x18 0x00000000
core   0: 0x8000a810 (0x01a5e533) or      a0, a1, s10
core   0: 3 0x8000a810 (0x01a5e533) x10 0x00000001
core   0: 0x8000a814 (0x40125993) srai    s3, tp, 1
core   0: 3 0x8000a814 (0x40125993) x19 0x00000000
core   0: 0x8000a818 (0x00e7b8b3) sltu    a7, a5, a4
core   0: 3 0x8000a818 (0x00e7b8b3) x17 0x00000001
core   0: 0x8000a81c (0x84f2ff93) andi    t6, t0, -1969
core   0: 3 0x8000a81c (0x84f2ff93) x31 0x00000000
core   0: 0x8000a820 (0x41db5113) srai    sp, s6, 29
core   0: 3 0x8000a820 (0x41db5113) x 2 0x00000000
core   0: 0x8000a824 (0x00480433) add     s0, a6, tp
core   0: 3 0x8000a824 (0x00480433) x 8 0xd549a000
core   0: 0x8000a828 (0x01095533) srl     a0, s2, a6
core   0: 3 0x8000a828 (0x01095533) x10 0x00000000
core   0: 0x8000a82c (0xa8bcfb13) andi    s6, s9, -1397
core   0: 3 0x8000a82c (0xa8bcfb13) x22 0x80015880
core   0: 0x8000a830 (0x0ba92b13) slti    s6, s2, 186
core   0: 3 0x8000a830 (0x0ba92b13) x22 0x00000001
core   0: 0x8000a834 (0x00000013) nop
core   0: 3 0x8000a834 (0x00000013)
core   0: 0x8000a838 (0x01d7a233) slt     tp, a5, t4
core   0: 3 0x8000a838 (0x01d7a233) x 4 0x00000000
core   0: 0x8000a83c (0x01c6c933) xor     s2, a3, t3
core   0: 3 0x8000a83c (0x01c6c933) x18 0x13fd2ce3
core   0: 0x8000a840 (0x00fd64b3) or      s1, s10, a5
core   0: 3 0x8000a840 (0x00fd64b3) x 9 0x00000596
core   0: 0x8000a844 (0x00000013) nop
core   0: 3 0x8000a844 (0x00000013)
core   0: 0x8000a848 (0x0196adb3) slt     s11, a3, s9
core   0: 3 0x8000a848 (0x0196adb3) x27 0x00000000
core   0: 0x8000a84c (0x8b9e8c13) addi    s8, t4, -1863
core   0: 3 0x8000a84c (0x8b9e8c13) x24 0x8001171d
core   0: 0x8000a850 (0x009c53b3) srl     t2, s8, s1
core   0: 3 0x8000a850 (0x009c53b3) x 7 0x00000200
core   0: 0x8000a854 (0xcd293697) auipc   a3, 0xcd293
core   0: 3 0x8000a854 (0xcd293697) x13 0x4d29d854
core   0: 0x8000a858 (0x0146f3b3) and     t2, a3, s4
core   0: 3 0x8000a858 (0x0146f3b3) x 7 0x00000000
core   0: 0x8000a85c (0x0113ac33) slt     s8, t2, a7
core   0: 3 0x8000a85c (0x0113ac33) x24 0x00000001
core   0: 0x8000a860 (0x01c8e1b3) or      gp, a7, t3
core   0: 3 0x8000a860 (0x01c8e1b3) x 3 0x80015ce3
core   0: 0x8000a864 (0x41605393) srai    t2, zero, 22
core   0: 3 0x8000a864 (0x41605393) x 7 0x00000000
core   0: 0x8000a868 (0xbc4a1297) auipc   t0, 0xbc4a1
core   0: 3 0x8000a868 (0xbc4a1297) x 5 0x3c4ab868
core   0: 0x8000a86c (0x40a7db93) srai    s7, a5, 10
core   0: 3 0x8000a86c (0x40a7db93) x23 0x00000001
core   0: 0x8000a870 (0x005f7233) and     tp, t5, t0
core   0: 3 0x8000a870 (0x005f7233) x 4 0x00000000
core   0: 0x8000a874 (0x59f2c413) xori    s0, t0, 1439
core   0: 3 0x8000a874 (0x59f2c413) x 8 0x3c4abdf7
core   0: 0x8000a878 (0x91900493) li      s1, -1767
core   0: 3 0x8000a878 (0x91900493) x 9 0xfffff919
core   0: 0x8000a87c (0x40c582b3) sub     t0, a1, a2
core   0: 3 0x8000a87c (0x40c582b3) x 5 0x00000001
core   0: 0x8000a880 (0xcf571837) lui     a6, 0xcf571
core   0: 3 0x8000a880 (0xcf571837) x16 0xcf571000
core   0: 0x8000a884 (0x014ad4b3) srl     s1, s5, s4
core   0: 3 0x8000a884 (0x014ad4b3) x 9 0x00000000
core   0: 0x8000a888 (0x014479b3) and     s3, s0, s4
core   0: 3 0x8000a888 (0x014479b3) x19 0x000004a0
core   0: 0x8000a88c (0x6ec77393) andi    t2, a4, 1772
core   0: 3 0x8000a88c (0x6ec77393) x 7 0x00000000
core   0: 0x8000a890 (0x00577933) and     s2, a4, t0
core   0: 3 0x8000a890 (0x00577933) x18 0x00000000
core   0: 0x8000a894 (0x003328b3) slt     a7, t1, gp
core   0: 3 0x8000a894 (0x003328b3) x17 0x00000000
core   0: 0x8000a898 (0x00359033) sll     zero, a1, gp
core   0: 3 0x8000a898 (0x00359033)
core   0: 0x8000a89c (0x009a4333) xor     t1, s4, s1
core   0: 3 0x8000a89c (0x009a4333) x 6 0x000004a0
core   0: 0x8000a8a0 (0x9619b393) sltiu   t2, s3, -1695
core   0: 3 0x8000a8a0 (0x9619b393) x 7 0x00000001
core   0: 0x8000a8a4 (0x41bedd93) srai    s11, t4, 27
core   0: 3 0x8000a8a4 (0x41bedd93) x27 0xfffffff0
core   0: 0x8000a8a8 (0x0171c533) xor     a0, gp, s7
core   0: 3 0x8000a8a8 (0x0171c533) x10 0x80015ce2
core   0: 0x8000a8ac (0x572b7493) andi    s1, s6, 1394
core   0: 3 0x8000a8ac (0x572b7493) x 9 0x00000000
core   0: 0x8000a8b0 (0x01ba5d13) srli    s10, s4, 27
core   0: 3 0x8000a8b0 (0x01ba5d13) x26 0x00000000
core   0: 0x8000a8b4 (0x9b5f3a93) sltiu   s5, t5, -1611
core   0: 3 0x8000a8b4 (0x9b5f3a93) x21 0x00000001
core   0: 0x8000a8b8 (0x72b16093) ori     ra, sp, 1835
core   0: 3 0x8000a8b8 (0x72b16093) x 1 0x0000072b
core   0: 0x8000a8bc (0x00927133) and     sp, tp, s1
core   0: 3 0x8000a8bc (0x00927133) x 2 0x00000000
core   0: 0x8000a8c0 (0x01c2f1b3) and     gp, t0, t3
core   0: 3 0x8000a8c0 (0x01c2f1b3) x 3 0x00000001
core   0: 0x8000a8c4 (0x36aa8793) addi    a5, s5, 874
core   0: 3 0x8000a8c4 (0x36aa8793) x15 0x0000036b
core   0: 0x8000a8c8 (0x010035b3) snez    a1, a6
core   0: 3 0x8000a8c8 (0x010035b3) x11 0x00000001
core   0: 0x8000a8cc (0x010a3433) sltu    s0, s4, a6
core   0: 3 0x8000a8cc (0x010a3433) x 8 0x00000001
core   0: 0x8000a8d0 (0xc949be13) sltiu   t3, s3, -876
core   0: 3 0x8000a8d0 (0xc949be13) x28 0x00000001
core   0: 0x8000a8d4 (0x70e34213) xori    tp, t1, 1806
core   0: 3 0x8000a8d4 (0x70e34213) x 4 0x000003ae
core   0: 0x8000a8d8 (0x018fd333) srl     t1, t6, s8
core   0: 3 0x8000a8d8 (0x018fd333) x 6 0x00000000
core   0: 0x8000a8dc (0x905f2797) auipc   a5, 0x905f2
core   0: 3 0x8000a8dc (0x905f2797) x15 0x105fc8dc
core   0: 0x8000a8e0 (0x012efa93) andi    s5, t4, 18
core   0: 3 0x8000a8e0 (0x012efa93) x21 0x00000000
core   0: 0x8000a8e4 (0x410edb93) srai    s7, t4, 16
core   0: 3 0x8000a8e4 (0x410edb93) x23 0xffff8001
core   0: 0x8000a8e8 (0x008435b3) sltu    a1, s0, s0
core   0: 3 0x8000a8e8 (0x008435b3) x11 0x00000000
core   0: 0x8000a8ec (0x014da3b3) slt     t2, s11, s4
core   0: 3 0x8000a8ec (0x014da3b3) x 7 0x00000001
core   0: 0x8000a8f0 (0x41210f33) sub     t5, sp, s2
core   0: 3 0x8000a8f0 (0x41210f33) x30 0x00000000
core   0: 0x8000a8f4 (0xd925e2b7) lui     t0, 0xd925e
core   0: 3 0x8000a8f4 (0xd925e2b7) x 5 0xd925e000
core   0: 0x8000a8f8 (0x00e12f33) slt     t5, sp, a4
core   0: 3 0x8000a8f8 (0x00e12f33) x30 0x00000000
core   0: 0x8000a8fc (0x011f3933) sltu    s2, t5, a7
core   0: 3 0x8000a8fc (0x011f3933) x18 0x00000000
core   0: 0x8000a900 (0x2bb6c613) xori    a2, a3, 699
core   0: 3 0x8000a900 (0x2bb6c613) x12 0x4d29daef
core   0: 0x8000a904 (0x4044df13) srai    t5, s1, 4
core   0: 3 0x8000a904 (0x4044df13) x30 0x00000000
core   0: 0x8000a908 (0x00fce633) or      a2, s9, a5
core   0: 3 0x8000a908 (0x00fce633) x12 0x905fdcfc
core   0: 0x8000a90c (0x013c5333) srl     t1, s8, s3
core   0: 3 0x8000a90c (0x013c5333) x 6 0x00000001
core   0: 0x8000a910 (0x01394933) xor     s2, s2, s3
core   0: 3 0x8000a910 (0x01394933) x18 0x000004a0
core   0: 0x8000a914 (0xc4d43913) sltiu   s2, s0, -947
core   0: 3 0x8000a914 (0xc4d43913) x18 0x00000001
core   0: 0x8000a918 (0x003f5513) srli    a0, t5, 3
core   0: 3 0x8000a918 (0x003f5513) x10 0x00000000
core   0: 0x8000a91c (0x55bf0913) addi    s2, t5, 1371
core   0: 3 0x8000a91c (0x55bf0913) x18 0x0000055b
core   0: 0x8000a920 (0xbedd9c17) auipc   s8, 0xbedd9
core   0: 3 0x8000a920 (0xbedd9c17) x24 0x3ede3920
core   0: 0x8000a924 (0x4b17a493) slti    s1, a5, 1201
core   0: 3 0x8000a924 (0x4b17a493) x 9 0x00000000
core   0: 0x8000a928 (0x4003d5b3) sra     a1, t2, zero
core   0: 3 0x8000a928 (0x4003d5b3) x11 0x00000001
core   0: 0x8000a92c (0xcc9e0c13) addi    s8, t3, -823
core   0: 3 0x8000a92c (0xcc9e0c13) x24 0xfffffcca
core   0: 0x8000a930 (0x94c05b97) auipc   s7, 0x94c05
core   0: 3 0x8000a930 (0x94c05b97) x23 0x14c0f930
core   0: 0x8000a934 (0x01058c33) add     s8, a1, a6
core   0: 3 0x8000a934 (0x01058c33) x24 0xcf571001
core   0: 0x8000a938 (0xb3c80d93) addi    s11, a6, -1220
core   0: 3 0x8000a938 (0xb3c80d93) x27 0xcf570b3c
core   0: 0x8000a93c (0xf01bfb13) andi    s6, s7, -255
core   0: 3 0x8000a93c (0xf01bfb13) x22 0x14c0f900
core   0: 0x8000a940 (0xe1182f13) slti    t5, a6, -495
core   0: 3 0x8000a940 (0xe1182f13) x30 0x00000001
core   0: 0x8000a944 (0x0186f5b3) and     a1, a3, s8
core   0: 3 0x8000a944 (0x0186f5b3) x11 0x4d011000
core   0: 0x8000a948 (0x81b3b593) sltiu   a1, t2, -2021
core   0: 3 0x8000a948 (0x81b3b593) x11 0x00000001
core   0: 0x8000a94c (0x01dfdbb3) srl     s7, t6, t4
core   0: 3 0x8000a94c (0x01dfdbb3) x23 0x00000000
core   0: 0x8000a950 (0x00b2ec33) or      s8, t0, a1
core   0: 3 0x8000a950 (0x00b2ec33) x24 0xd925e001
core   0: 0x8000a954 (0x0134d793) srli    a5, s1, 19
core   0: 3 0x8000a954 (0x0134d793) x15 0x00000000
core   0: 0x8000a958 (0x01979913) slli    s2, a5, 25
core   0: 3 0x8000a958 (0x01979913) x18 0x00000000
core   0: 0x8000a95c (0x1024a897) auipc   a7, 0x1024a
core   0: 3 0x8000a95c (0x1024a897) x17 0x9025495c
core   0: 0x8000a960 (0x411d5613) srai    a2, s10, 17
core   0: 3 0x8000a960 (0x411d5613) x12 0x00000000
core   0: 0x8000a964 (0x00107fb3) and     t6, zero, ra
core   0: 3 0x8000a964 (0x00107fb3) x31 0x00000000
core   0: 0x8000a968 (0x013ad793) srli    a5, s5, 19
core   0: 3 0x8000a968 (0x013ad793) x15 0x00000000
core   0: 0x8000a96c (0x00000013) nop
core   0: 3 0x8000a96c (0x00000013)
core   0: 0x8000a970 (0x01092833) slt     a6, s2, a6
core   0: 3 0x8000a970 (0x01092833) x16 0x00000000
core   0: 0x8000a974 (0x41bc54b3) sra     s1, s8, s11
core   0: 3 0x8000a974 (0x41bc54b3) x 9 0xfffffffd
core   0: 0x8000a978 (0x00010133) add     sp, sp, zero
core   0: 3 0x8000a978 (0x00010133) x 2 0x00000000
core   0: 0x8000a97c (0x016f52b3) srl     t0, t5, s6
core   0: 3 0x8000a97c (0x016f52b3) x 5 0x00000001
core   0: 0x8000a980 (0xc1689e17) auipc   t3, 0xc1689
core   0: 3 0x8000a980 (0xc1689e17) x28 0x41693980
core   0: 0x8000a984 (0x01fe6b33) or      s6, t3, t6
core   0: 3 0x8000a984 (0x01fe6b33) x22 0x41693980
core   0: 0x8000a988 (0xc7147f17) auipc   t5, 0xc7147
core   0: 3 0x8000a988 (0xc7147f17) x30 0x47151988
core   0: 0x8000a98c (0x00a97bb3) and     s7, s2, a0
core   0: 3 0x8000a98c (0x00a97bb3) x23 0x00000000
core   0: 0x8000a990 (0x41afd893) srai    a7, t6, 26
core   0: 3 0x8000a990 (0x41afd893) x17 0x00000000
core   0: 0x8000a994 (0xe1b77313) andi    t1, a4, -485
core   0: 3 0x8000a994 (0xe1b77313) x 6 0x80000000
core   0: 0x8000a998 (0x014814b3) sll     s1, a6, s4
core   0: 3 0x8000a998 (0x014814b3) x 9 0x00000000
core   0: 0x8000a99c (0x009bf7b3) and     a5, s7, s1
core   0: 3 0x8000a99c (0x009bf7b3) x15 0x00000000
core   0: 0x8000a9a0 (0x01d02433) slt     s0, zero, t4
core   0: 3 0x8000a9a0 (0x01d02433) x 8 0x00000000
core   0: 0x8000a9a4 (0x00000013) nop
core   0: 3 0x8000a9a4 (0x00000013)
core   0: 0x8000a9a8 (0x00ab1793) slli    a5, s6, 10
core   0: 3 0x8000a9a8 (0x00ab1793) x15 0xa4e60000
core   0: 0x8000a9ac (0x007dc833) xor     a6, s11, t2
core   0: 3 0x8000a9ac (0x007dc833) x16 0xcf570b3d
core   0: 0x8000a9b0 (0xdebcf593) andi    a1, s9, -533
core   0: 3 0x8000a9b0 (0xdebcf593) x11 0x80015ce0
core   0: 0x8000a9b4 (0x2d612313) slti    t1, sp, 726
core   0: 3 0x8000a9b4 (0x2d612313) x 6 0x00000001
core   0: 0x8000a9b8 (0x01d648b3) xor     a7, a2, t4
core   0: 3 0x8000a9b8 (0x01d648b3) x17 0x80011e64
core   0: 0x8000a9bc (0x00000013) nop
core   0: 3 0x8000a9bc (0x00000013)
core   0: 0x8000a9c0 (0x007e05b3) add     a1, t3, t2
core   0: 3 0x8000a9c0 (0x007e05b3) x11 0x41693981
core   0: 0x8000a9c4 (0x018d76b3) and     a3, s10, s8
core   0: 3 0x8000a9c4 (0x018d76b3) x13 0x00000000
core   0: 0x8000a9c8 (0x40275093) srai    ra, a4, 2
core   0: 3 0x8000a9c8 (0x40275093) x 1 0xe0000000
core   0: 0x8000a9cc (0x017b7133) and     sp, s6, s7
core   0: 3 0x8000a9cc (0x017b7133) x 2 0x00000000
core   0: 0x8000a9d0 (0xe809f213) andi    tp, s3, -384
core   0: 3 0x8000a9d0 (0xe809f213) x 4 0x00000480
core   0: 0x8000a9d4 (0x00e171b3) and     gp, sp, a4
core   0: 3 0x8000a9d4 (0x00e171b3) x 3 0x00000000
core   0: 0x8000a9d8 (0x4162d313) srai    t1, t0, 22
core   0: 3 0x8000a9d8 (0x4162d313) x 6 0x00000000
core   0: 0x8000a9dc (0x45234493) xori    s1, t1, 1106
core   0: 3 0x8000a9dc (0x45234493) x 9 0x00000452
core   0: 0x8000a9e0 (0xfd598d13) addi    s10, s3, -43
core   0: 3 0x8000a9e0 (0xfd598d13) x26 0x00000475
core   0: 0x8000a9e4 (0x01830c33) add     s8, t1, s8
core   0: 3 0x8000a9e4 (0x01830c33) x24 0xd925e001
core   0: 0x8000a9e8 (0x01cbc233) xor     tp, s7, t3
core   0: 3 0x8000a9e8 (0x01cbc233) x 4 0x41693980
core   0: 0x8000a9ec (0x01458333) add     t1, a1, s4
core   0: 3 0x8000a9ec (0x01458333) x 6 0x41693e21
core   0: 0x8000a9f0 (0x00000013) nop
core   0: 3 0x8000a9f0 (0x00000013)
core   0: 0x8000a9f4 (0x019eed33) or      s10, t4, s9
core   0: 3 0x8000a9f4 (0x019eed33) x26 0x80015ee4
core   0: 0x8000a9f8 (0x7f4d2213) slti    tp, s10, 2036
core   0: 3 0x8000a9f8 (0x7f4d2213) x 4 0x00000001
core   0: 0x8000a9fc (0x40a1d8b3) sra     a7, gp, a0
core   0: 3 0x8000a9fc (0x40a1d8b3) x17 0x00000000
core   0: 0x8000aa00 (0x39493917) auipc   s2, 0x39493
core   0: 3 0x8000aa00 (0x39493917) x18 0xb949da00
core   0: 0x8000aa04 (0x01f2f133) and     sp, t0, t6
core   0: 3 0x8000aa04 (0x01f2f133) x 2 0x00000000
core   0: 0x8000aa08 (0x00ba5e13) srli    t3, s4, 11
core   0: 3 0x8000aa08 (0x00ba5e13) x28 0x00000000
core   0: 0x8000aa0c (0x0115d913) srli    s2, a1, 17
core   0: 3 0x8000aa0c (0x0115d913) x18 0x000020b4
core   0: 0x8000aa10 (0x00000013) nop
core   0: 3 0x8000aa10 (0x00000013)
core   0: 0x8000aa14 (0x00225f13) srli    t5, tp, 2
core   0: 3 0x8000aa14 (0x00225f13) x30 0x00000000
core   0: 0x8000aa18 (0x00061693) slli    a3, a2, 0
core   0: 3 0x8000aa18 (0x00061693) x13 0x00000000
core   0: 0x8000aa1c (0x20a5c113) xori    sp, a1, 522
core   0: 3 0x8000aa1c (0x20a5c113) x 2 0x41693b8b
core   0: 0x8000aa20 (0xfb300c37) lui     s8, 0xfb300
core   0: 3 0x8000aa20 (0xfb300c37) x24 0xfb300000
core   0: 0x8000aa24 (0x9d4323b7) lui     t2, 0x9d432
core   0: 3 0x8000aa24 (0x9d4323b7) x 7 0x9d432000
core   0: 0x8000aa28 (0x00000013) nop
core   0: 3 0x8000aa28 (0x00000013)
core   0: 0x8000aa2c (0x3769a897) auipc   a7, 0x3769a
core   0: 3 0x8000aa2c (0x3769a897) x17 0xb76a4a2c
core   0: 0x8000aa30 (0x90a3c597) auipc   a1, 0x90a3c
core   0: 3 0x8000aa30 (0x90a3c597) x11 0x10a46a30
core   0: 0x8000aa34 (0x67f56813) ori     a6, a0, 1663
core   0: 3 0x8000aa34 (0x67f56813) x16 0x0000067f
core   0: 0x8000aa38 (0x31eea197) auipc   gp, 0x31eea
core   0: 3 0x8000aa38 (0x31eea197) x 3 0xb1ef4a38
core   0: 0x8000aa3c (0x00547833) and     a6, s0, t0
core   0: 3 0x8000aa3c (0x00547833) x16 0x00000000
core   0: 0x8000aa40 (0x0129c9b3) xor     s3, s3, s2
core   0: 3 0x8000aa40 (0x0129c9b3) x19 0x00002414
core   0: 0x8000aa44 (0x00f1d7b3) srl     a5, gp, a5
core   0: 3 0x8000aa44 (0x00f1d7b3) x15 0xb1ef4a38
core   0: 0x8000aa48 (0x004ac7b3) xor     a5, s5, tp
core   0: 3 0x8000aa48 (0x004ac7b3) x15 0x00000001
core   0: 0x8000aa4c (0x006c6c33) or      s8, s8, t1
core   0: 3 0x8000aa4c (0x006c6c33) x24 0xfb793e21
core   0: 0x8000aa50 (0xfe751d97) auipc   s11, 0xfe751
core   0: 3 0x8000aa50 (0xfe751d97) x27 0x7e75ba50
core   0: 0x8000aa54 (0x4429ac13) slti    s8, s3, 1090
core   0: 3 0x8000aa54 (0x4429ac13) x24 0x00000000
core   0: 0x8000aa58 (0x4121d1b3) sra     gp, gp, s2
core   0: 3 0x8000aa58 (0x4121d1b3) x 3 0xfffffb1e
core   0: 0x8000aa5c (0x009fd033) srl     zero, t6, s1
core   0: 3 0x8000aa5c (0x009fd033)
core   0: 0x8000aa60 (0x0131a533) slt     a0, gp, s3
core   0: 3 0x8000aa60 (0x0131a533) x10 0x00000001
core   0: 0x8000aa64 (0xe169ff93) andi    t6, s3, -490
core   0: 3 0x8000aa64 (0xe169ff93) x31 0x00002414
core   0: 0x8000aa68 (0x5c9661b7) lui     gp, 0x5c966
core   0: 3 0x8000aa68 (0x5c9661b7) x 3 0x5c966000
core   0: 0x8000aa6c (0x40985d33) sra     s10, a6, s1
core   0: 3 0x8000aa6c (0x40985d33) x26 0x00000000
core   0: 0x8000aa70 (0x00a29693) slli    a3, t0, 10
core   0: 3 0x8000aa70 (0x00a29693) x13 0x00000400
core   0: 0x8000aa74 (0x00714f33) xor     t5, sp, t2
core   0: 3 0x8000aa74 (0x00714f33) x30 0xdc2a1b8b
core   0: 0x8000aa78 (0x00338933) add     s2, t2, gp
core   0: 3 0x8000aa78 (0x00338933) x18 0xf9d98000
core   0: 0x8000aa7c (0x43e82e17) auipc   t3, 0x43e82
core   0: 3 0x8000aa7c (0x43e82e17) x28 0xc3e8ca7c
core   0: 0x8000aa80 (0x01c46833) or      a6, s0, t3
core   0: 3 0x8000aa80 (0x01c46833) x16 0xc3e8ca7c
core   0: 0x8000aa84 (0x019441b3) xor     gp, s0, s9
core   0: 3 0x8000aa84 (0x019441b3) x 3 0x80015ce4
core   0: 0x8000aa88 (0x011a5693) srli    a3, s4, 17
core   0: 3 0x8000aa88 (0x011a5693) x13 0x00000000
core   0: 0x8000aa8c (0x00afd313) srli    t1, t6, 10
core   0: 3 0x8000aa8c (0x00afd313) x 6 0x00000009
core   0: 0x8000aa90 (0x00da0c33) add     s8, s4, a3
core   0: 3 0x8000aa90 (0x00da0c33) x24 0x000004a0
core   0: 0x8000aa94 (0x00e53db3) sltu    s11, a0, a4
core   0: 3 0x8000aa94 (0x00e53db3) x27 0x00000001
core   0: 0x8000aa98 (0x00e29bb3) sll     s7, t0, a4
core   0: 3 0x8000aa98 (0x00e29bb3) x23 0x00000001
core   0: 0x8000aa9c (0x007bda13) srli    s4, s7, 7
core   0: 3 0x8000aa9c (0x007bda13) x20 0x00000000
core   0: 0x8000aaa0 (0x00b35f33) srl     t5, t1, a1
core   0: 3 0x8000aaa0 (0x00b35f33) x30 0x00000000
core   0: 0x8000aaa4 (0xda3a7b13) andi    s6, s4, -605
core   0: 3 0x8000aaa4 (0xda3a7b13) x22 0x00000000
core   0: 0x8000aaa8 (0x00e10fb3) add     t6, sp, a4
core   0: 3 0x8000aaa8 (0x00e10fb3) x31 0xc1693b8b
core   0: 0x8000aaac (0x01c55d13) srli    s10, a0, 28
core   0: 3 0x8000aaac (0x01c55d13) x26 0x00000000
core   0: 0x8000aab0 (0x00fa5193) srli    gp, s4, 15
core   0: 3 0x8000aab0 (0x00fa5193) x 3 0x00000000
core   0: 0x8000aab4 (0x5a8fc993) xori    s3, t6, 1448
core   0: 3 0x8000aab4 (0x5a8fc993) x19 0xc1693e23
core   0: 0x8000aab8 (0x9e0eff93) andi    t6, t4, -1568
core   0: 3 0x8000aab8 (0x9e0eff93) x31 0x80011860
core   0: 0x8000aabc (0x00211593) slli    a1, sp, 2
core   0: 3 0x8000aabc (0x00211593) x11 0x05a4ee2c
core   0: 0x8000aac0 (0x1009c513) xori    a0, s3, 256
core   0: 3 0x8000aac0 (0x1009c513) x10 0xc1693f23
core   0: 0x8000aac4 (0xe12f7493) andi    s1, t5, -494
core   0: 3 0x8000aac4 (0xe12f7493) x 9 0x00000000
core   0: 0x8000aac8 (0x405007b3) sub     a5, zero, t0
core   0: 3 0x8000aac8 (0x405007b3) x15 0xffffffff
core   0: 0x8000aacc (0x5b43e293) ori     t0, t2, 1460
core   0: 3 0x8000aacc (0x5b43e293) x 5 0x9d4325b4
core   0: 0x8000aad0 (0x15d01897) auipc   a7, 0x15d01
core   0: 3 0x8000aad0 (0x15d01897) x17 0x95d0bad0
core   0: 0x8000aad4 (0x36897417) auipc   s0, 0x36897
core   0: 3 0x8000aad4 (0x36897417) x 8 0xb68a1ad4
core   0: 0x8000aad8 (0x41735413) srai    s0, t1, 23
core   0: 3 0x8000aad8 (0x41735413) x 8 0x00000000
core   0: 0x8000aadc (0x00545333) srl     t1, s0, t0
core   0: 3 0x8000aadc (0x00545333) x 6 0x00000000
core   0: 0x8000aae0 (0x01c450b3) srl     ra, s0, t3
core   0: 3 0x8000aae0 (0x01c450b3) x 1 0x00000000
core   0: 0x8000aae4 (0xc2d60317) auipc   t1, 0xc2d60
core   0: 3 0x8000aae4 (0xc2d60317) x 6 0x42d6aae4
core   0: 0x8000aae8 (0x61030013) addi    zero, t1, 1552
core   0: 3 0x8000aae8 (0x61030013)
core   0: 0x8000aaec (0x40eedd33) sra     s10, t4, a4
core   0: 3 0x8000aaec (0x40eedd33) x26 0x80011e64
core   0: 0x8000aaf0 (0x233d4c13) xori    s8, s10, 563
core   0: 3 0x8000aaf0 (0x233d4c13) x24 0x80011c57
core   0: 0x8000aaf4 (0x00000013) nop
core   0: 3 0x8000aaf4 (0x00000013)
core   0: 0x8000aaf8 (0x00ffb2b3) sltu    t0, t6, a5
core   0: 3 0x8000aaf8 (0x00ffb2b3) x 5 0x00000001
core   0: 0x8000aafc (0xe06e2893) slti    a7, t3, -506
core   0: 3 0x8000aafc (0xe06e2893) x17 0x00000001
core   0: 0x8000ab00 (0x411009b3) sub     s3, zero, a7
core   0: 3 0x8000ab00 (0x411009b3) x19 0xffffffff
core   0: 0x8000ab04 (0x002d7633) and     a2, s10, sp
core   0: 3 0x8000ab04 (0x002d7633) x12 0x00011a00
core   0: 0x8000ab08 (0xbcf59817) auipc   a6, 0xbcf59
core   0: 3 0x8000ab08 (0xbcf59817) x16 0x3cf63b08
core   0: 0x8000ab0c (0x4114d933) sra     s2, s1, a7
core   0: 3 0x8000ab0c (0x4114d933) x18 0x00000000
core   0: 0x8000ab10 (0x00d79f13) slli    t5, a5, 13
core   0: 3 0x8000ab10 (0x00d79f13) x30 0xffffe000
core   0: 0x8000ab14 (0xb10f9c37) lui     s8, 0xb10f9
core   0: 3 0x8000ab14 (0xb10f9c37) x24 0xb10f9000
core   0: 0x8000ab18 (0x01009893) slli    a7, ra, 16
core   0: 3 0x8000ab18 (0x01009893) x17 0x00000000
core   0: 0x8000ab1c (0x406a53b3) sra     t2, s4, t1
core   0: 3 0x8000ab1c (0x406a53b3) x 7 0x00000000
core   0: 0x8000ab20 (0x7bf2cf17) auipc   t5, 0x7bf2c
core   0: 3 0x8000ab20 (0x7bf2cf17) x30 0xfbf36b20
core   0: 0x8000ab24 (0x00fc09b3) add     s3, s8, a5
core   0: 3 0x8000ab24 (0x00fc09b3) x19 0xb10f8fff
core   0: 0x8000ab28 (0x00e66b33) or      s6, a2, a4
core   0: 3 0x8000ab28 (0x00e66b33) x22 0x80011a00
core   0: 0x8000ab2c (0x411a0ab3) sub     s5, s4, a7
core   0: 3 0x8000ab2c (0x411a0ab3) x21 0x00000000
core   0: 0x8000ab30 (0xbec82a13) slti    s4, a6, -1044
core   0: 3 0x8000ab30 (0xbec82a13) x20 0x00000000
core   0: 0x8000ab34 (0x41f1d4b3) sra     s1, gp, t6
core   0: 3 0x8000ab34 (0x41f1d4b3) x 9 0x00000000
core   0: 0x8000ab38 (0x6a088b93) addi    s7, a7, 1696
core   0: 3 0x8000ab38 (0x6a088b93) x23 0x000006a0
core   0: 0x8000ab3c (0x00ed36b3) sltu    a3, s10, a4
core   0: 3 0x8000ab3c (0x00ed36b3) x13 0x00000000
core   0: 0x8000ab40 (0x53808493) addi    s1, ra, 1336
core   0: 3 0x8000ab40 (0x53808493) x 9 0x00000538
core   0: 0x8000ab44 (0x9a6fc493) xori    s1, t6, -1626
core   0: 3 0x8000ab44 (0x9a6fc493) x 9 0x7ffee1c6
core   0: 0x8000ab48 (0x00731e13) slli    t3, t1, 7
core   0: 3 0x8000ab48 (0x00731e13) x28 0x6b557200
core   0: 0x8000ab4c (0xaecf90b7) lui     ra, 0xaecf9
core   0: 3 0x8000ab4c (0xaecf90b7) x 1 0xaecf9000
core   0: 0x8000ab50 (0x40a85213) srai    tp, a6, 10
core   0: 3 0x8000ab50 (0x40a85213) x 4 0x000f3d8e
core   0: 0x8000ab54 (0x6da08493) addi    s1, ra, 1754
core   0: 3 0x8000ab54 (0x6da08493) x 9 0xaecf96da
core   0: 0x8000ab58 (0x011a0933) add     s2, s4, a7
core   0: 3 0x8000ab58 (0x011a0933) x18 0x00000000
core   0: 0x8000ab5c (0x40a95533) sra     a0, s2, a0
core   0: 3 0x8000ab5c (0x40a95533) x10 0x00000000
core   0: 0x8000ab60 (0xaa012c13) slti    s8, sp, -1376
core   0: 3 0x8000ab60 (0xaa012c13) x24 0x00000000
core   0: 0x8000ab64 (0x3ad3f693) andi    a3, t2, 941
core   0: 3 0x8000ab64 (0x3ad3f693) x13 0x00000000
core   0: 0x8000ab68 (0x00c179b3) and     s3, sp, a2
core   0: 3 0x8000ab68 (0x00c179b3) x19 0x00011a00
core   0: 0x8000ab6c (0xd796ae13) slti    t3, a3, -647
core   0: 3 0x8000ab6c (0xd796ae13) x28 0x00000000
core   0: 0x8000ab70 (0xa80b4f93) xori    t6, s6, -1408
core   0: 3 0x8000ab70 (0xa80b4f93) x31 0x7ffee080
core   0: 0x8000ab74 (0x4007dc33) sra     s8, a5, zero
core   0: 3 0x8000ab74 (0x4007dc33) x24 0xffffffff
core   0: 0x8000ab78 (0x62302b93) slti    s7, zero, 1571
core   0: 3 0x8000ab78 (0x62302b93) x23 0x00000001
core   0: 0x8000ab7c (0x016985b3) add     a1, s3, s6
core   0: 3 0x8000ab7c (0x016985b3) x11 0x80023400
core   0: 0x8000ab80 (0x00d527b3) slt     a5, a0, a3
core   0: 3 0x8000ab80 (0x00d527b3) x15 0x00000000
core   0: 0x8000ab84 (0x01e05893) srli    a7, zero, 30
core   0: 3 0x8000ab84 (0x01e05893) x17 0x00000000
core   0: 0x8000ab88 (0x00000013) nop
core   0: 3 0x8000ab88 (0x00000013)
core   0: 0x8000ab8c (0x40860a33) sub     s4, a2, s0
core   0: 3 0x8000ab8c (0x40860a33) x20 0x00011a00
core   0: 0x8000ab90 (0x01f58f33) add     t5, a1, t6
core   0: 3 0x8000ab90 (0x01f58f33) x30 0x00011480
core   0: 0x8000ab94 (0x080ab613) sltiu   a2, s5, 128
core   0: 3 0x8000ab94 (0x080ab613) x12 0x00000001
core   0: 0x8000ab98 (0x40455613) srai    a2, a0, 4
core   0: 3 0x8000ab98 (0x40455613) x12 0x00000000
core   0: 0x8000ab9c (0xe355a193) slti    gp, a1, -459
core   0: 3 0x8000ab9c (0xe355a193) x 3 0x00000001
core   0: 0x8000aba0 (0x008e69b3) or      s3, t3, s0
core   0: 3 0x8000aba0 (0x008e69b3) x19 0x00000000
core   0: 0x8000aba4 (0x969cfa93) andi    s5, s9, -1687
core   0: 3 0x8000aba4 (0x969cfa93) x21 0x80015860
core   0: 0x8000aba8 (0xbc874913) xori    s2, a4, -1080
core   0: 3 0x8000aba8 (0xbc874913) x18 0x7ffffbc8
core   0: 0x8000abac (0x0088d513) srli    a0, a7, 8
core   0: 3 0x8000abac (0x0088d513) x10 0x00000000
core   0: 0x8000abb0 (0x406c5493) srai    s1, s8, 6
core   0: 3 0x8000abb0 (0x406c5493) x 9 0xffffffff
core   0: 0x8000abb4 (0xcacceb93) ori     s7, s9, -852
core   0: 3 0x8000abb4 (0xcacceb93) x23 0xfffffcec
core   0: 0x8000abb8 (0x9c4b3e13) sltiu   t3, s6, -1596
core   0: 3 0x8000abb8 (0x9c4b3e13) x28 0x00000001
core   0: 0x8000abbc (0xed5bc113) xori    sp, s7, -299
core   0: 3 0x8000abbc (0xed5bc113) x 2 0x00000239
core   0: 0x8000abc0 (0x4183d293) srai    t0, t2, 24
core   0: 3 0x8000abc0 (0x4183d293) x 5 0x00000000
core   0: 0x8000abc4 (0x00bc1f33) sll     t5, s8, a1
core   0: 3 0x8000abc4 (0x00bc1f33) x30 0xffffffff
core   0: 0x8000abc8 (0x633cca93) xori    s5, s9, 1587
core   0: 3 0x8000abc8 (0x633cca93) x21 0x80015ad7
core   0: 0x8000abcc (0x00385513) srli    a0, a6, 3
core   0: 3 0x8000abcc (0x00385513) x10 0x079ec761
core   0: 0x8000abd0 (0x01f31b13) slli    s6, t1, 31
core   0: 3 0x8000abd0 (0x01f31b13) x22 0x00000000
core   0: 0x8000abd4 (0x41e4d633) sra     a2, s1, t5
core   0: 3 0x8000abd4 (0x41e4d633) x12 0xffffffff
core   0: 0x8000abd8 (0x01421c13) slli    s8, tp, 20
core   0: 3 0x8000abd8 (0x01421c13) x24 0xd8e00000
core   0: 0x8000abdc (0x00000013) nop
core   0: 3 0x8000abdc (0x00000013)
core   0: 0x8000abe0 (0x96466e13) ori     t3, a2, -1692
core   0: 3 0x8000abe0 (0x96466e13) x28 0xffffffff
core   0: 0x8000abe4 (0x4134d693) srai    a3, s1, 19
core   0: 3 0x8000abe4 (0x4134d693) x13 0xffffffff
core   0: 0x8000abe8 (0x00000013) nop
core   0: 3 0x8000abe8 (0x00000013)
core   0: 0x8000abec (0xd6d4c937) lui     s2, 0xd6d4c
core   0: 3 0x8000abec (0xd6d4c937) x18 0xd6d4c000
core   0: 0x8000abf0 (0xae32b013) sltiu   zero, t0, -1309
core   0: 3 0x8000abf0 (0xae32b013)
core   0: 0x8000abf4 (0xc8988417) auipc   s0, 0xc8988
core   0: 3 0x8000abf4 (0xc8988417) x 8 0x48992bf4
core   0: 0x8000abf8 (0x01a76f33) or      t5, a4, s10
core   0: 3 0x8000abf8 (0x01a76f33) x30 0x80011e64
core   0: 0x8000abfc (0x01c67db3) and     s11, a2, t3
core   0: 3 0x8000abfc (0x01c67db3) x27 0xffffffff
core   0: 0x8000ac00 (0x402bd9b3) sra     s3, s7, sp
core   0: 3 0x8000ac00 (0x402bd9b3) x19 0xffffffff
core   0: 0x8000ac04 (0x000708b3) add     a7, a4, zero
core   0: 3 0x8000ac04 (0x000708b3) x17 0x80000000
core   0: 0x8000ac08 (0x403fd613) srai    a2, t6, 3
core   0: 3 0x8000ac08 (0x403fd613) x12 0x0fffdc10
core   0: 0x8000ac0c (0x00fd1513) slli    a0, s10, 15
core   0: 3 0x8000ac0c (0x00fd1513) x10 0x8f320000
core   0: 0x8000ac10 (0xd92ff893) andi    a7, t6, -622
core   0: 3 0x8000ac10 (0xd92ff893) x17 0x7ffee080
core   0: 0x8000ac14 (0x01e0f3b3) and     t2, ra, t5
core   0: 3 0x8000ac14 (0x01e0f3b3) x 7 0x80011000
core   0: 0x8000ac18 (0x01c22db3) slt     s11, tp, t3
core   0: 3 0x8000ac18 (0x01c22db3) x27 0x00000000
core   0: 0x8000ac1c (0x40b2d7b3) sra     a5, t0, a1
core   0: 3 0x8000ac1c (0x40b2d7b3) x15 0x00000000
core   0: 0x8000ac20 (0x00a687b3) add     a5, a3, a0
core   0: 3 0x8000ac20 (0x00a687b3) x15 0x8f31ffff
core   0: 0x8000ac24 (0x00a5c7b3) xor     a5, a1, a0
core   0: 3 0x8000ac24 (0x00a5c7b3) x15 0x0f303400
core   0: 0x8000ac28 (0x39aa0c13) addi    s8, s4, 922
core   0: 3 0x8000ac28 (0x39aa0c13) x24 0x00011d9a
core   0: 0x8000ac2c (0x4e43b897) auipc   a7, 0x4e43b
core   0: 3 0x8000ac2c (0x4e43b897) x17 0xce445c2c
core   0: 0x8000ac30 (0x2c7e7c13) andi    s8, t3, 711
core   0: 3 0x8000ac30 (0x2c7e7c13) x24 0x000002c7
core   0: 0x8000ac34 (0x00d3d533) srl     a0, t2, a3
core   0: 3 0x8000ac34 (0x00d3d533) x10 0x00000001
core   0: 0x8000ac38 (0xd535bb13) sltiu   s6, a1, -685
core   0: 3 0x8000ac38 (0xd535bb13) x22 0x00000001
core   0: 0x8000ac3c (0x013c21b3) slt     gp, s8, s3
core   0: 3 0x8000ac3c (0x013c21b3) x 3 0x00000000
core   0: 0x8000ac40 (0x00000013) nop
core   0: 3 0x8000ac40 (0x00000013)
core   0: 0x8000ac44 (0x007c8c33) add     s8, s9, t2
core   0: 3 0x8000ac44 (0x007c8c33) x24 0x00026ce4
core   0: 0x8000ac48 (0x40b75f33) sra     t5, a4, a1
core   0: 3 0x8000ac48 (0x40b75f33) x30 0x80000000
core   0: 0x8000ac4c (0x01f26e33) or      t3, tp, t6
core   0: 3 0x8000ac4c (0x01f26e33) x28 0x7ffffd8e
core   0: 0x8000ac50 (0x018f18b3) sll     a7, t5, s8
core   0: 3 0x8000ac50 (0x018f18b3) x17 0x00000000
core   0: 0x8000ac54 (0x00b01b33) sll     s6, zero, a1
core   0: 3 0x8000ac54 (0x00b01b33) x22 0x00000000
core   0: 0x8000ac58 (0x40540d33) sub     s10, s0, t0
core   0: 3 0x8000ac58 (0x40540d33) x26 0x48992bf4
core   0: 0x8000ac5c (0x01f5bbb3) sltu    s7, a1, t6
core   0: 3 0x8000ac5c (0x01f5bbb3) x23 0x00000000
core   0: 0x8000ac60 (0xbb19c597) auipc   a1, 0xbb19c
core   0: 3 0x8000ac60 (0xbb19c597) x11 0x3b1a6c60
core   0: 0x8000ac64 (0x418c8ab3) sub     s5, s9, s8
core   0: 3 0x8000ac64 (0x418c8ab3) x21 0x7ffef000
core   0: 0x8000ac68 (0x3bd9b513) sltiu   a0, s3, 957
core   0: 3 0x8000ac68 (0x3bd9b513) x10 0x00000000
core   0: 0x8000ac6c (0x01a3c4b3) xor     s1, t2, s10
core   0: 3 0x8000ac6c (0x01a3c4b3) x 9 0xc8983bf4
core   0: 0x8000ac70 (0x002e44b3) xor     s1, t3, sp
core   0: 3 0x8000ac70 (0x002e44b3) x 9 0x7fffffb7
core   0: 0x8000ac74 (0x00b7a3b3) slt     t2, a5, a1
core   0: 3 0x8000ac74 (0x00b7a3b3) x 7 0x00000001
core   0: 0x8000ac78 (0x01e33933) sltu    s2, t1, t5
core   0: 3 0x8000ac78 (0x01e33933) x18 0x00000001
core   0: 0x8000ac7c (0x01b72133) slt     sp, a4, s11
core   0: 3 0x8000ac7c (0x01b72133) x 2 0x00000001
core   0: 0x8000ac80 (0x41ddd193) srai    gp, s11, 29
core   0: 3 0x8000ac80 (0x41ddd193) x 3 0x00000000
core   0: 0x8000ac84 (0x00000013) nop
core   0: 3 0x8000ac84 (0x00000013)
core   0: 0x8000ac88 (0x006c98b3) sll     a7, s9, t1
core   0: 3 0x8000ac88 (0x006c98b3) x17 0x0015ce40
core   0: 0x8000ac8c (0xef214a13) xori    s4, sp, -270
core   0: 3 0x8000ac8c (0xef214a13) x20 0xfffffef3
core   0: 0x8000ac90 (0x00000013) nop
core   0: 3 0x8000ac90 (0x00000013)
core   0: 0x8000ac94 (0x015eb9b3) sltu    s3, t4, s5
core   0: 3 0x8000ac94 (0x015eb9b3) x19 0x00000000
core   0: 0x8000ac98 (0x7effa013) slti    zero, t6, 2031
core   0: 3 0x8000ac98 (0x7effa013)
core   0: 0x8000ac9c (0x41e70533) sub     a0, a4, t5
core   0: 3 0x8000ac9c (0x41e70533) x10 0x00000000
core   0: 0x8000aca0 (0xd3e2cf93) xori    t6, t0, -706
core   0: 3 0x8000aca0 (0xd3e2cf93) x31 0xfffffd3e
core   0: 0x8000aca4 (0x865e9e37) lui     t3, 0x865e9
core   0: 3 0x8000aca4 (0x865e9e37) x28 0x865e9000
core   0: 0x8000aca8 (0x00bd77b3) and     a5, s10, a1
core   0: 3 0x8000aca8 (0x00bd77b3) x15 0x08182860
core   0: 0x8000acac (0x6e53fb93) andi    s7, t2, 1765
core   0: 3 0x8000acac (0x6e53fb93) x23 0x00000001
core   0: 0x8000acb0 (0x00000013) nop
core   0: 3 0x8000acb0 (0x00000013)
core   0: 0x8000acb4 (0x01ea94b3) sll     s1, s5, t5
core   0: 3 0x8000acb4 (0x01ea94b3) x 9 0x7ffef000
core   0: 0x8000acb8 (0xadb4e213) ori     tp, s1, -1317
core   0: 3 0x8000acb8 (0xadb4e213) x 4 0xfffffadb
core   0: 0x8000acbc (0x41df5433) sra     s0, t5, t4
core   0: 3 0x8000acbc (0x41df5433) x 8 0xf8000000
core   0: 0x8000acc0 (0x01bb40b3) xor     ra, s6, s11
core   0: 3 0x8000acc0 (0x01bb40b3) x 1 0x00000000
core   0: 0x8000acc4 (0x01c3d4b3) srl     s1, t2, t3
core   0: 3 0x8000acc4 (0x01c3d4b3) x 9 0x00000001
core   0: 0x8000acc8 (0x00cfe6b3) or      a3, t6, a2
core   0: 3 0x8000acc8 (0x00cfe6b3) x13 0xfffffd3e
core   0: 0x8000accc (0x00000013) nop
core   0: 3 0x8000accc (0x00000013)
core   0: 0x8000acd0 (0x00000013) nop
core   0: 3 0x8000acd0 (0x00000013)
core   0: 0x8000acd4 (0x01230c33) add     s8, t1, s2
core   0: 3 0x8000acd4 (0x01230c33) x24 0x42d6aae5
core   0: 0x8000acd8 (0x7931cc13) xori    s8, gp, 1939
core   0: 3 0x8000acd8 (0x7931cc13) x24 0x00000793
core   0: 0x8000acdc (0x3ddf1fb7) lui     t6, 0x3ddf1
core   0: 3 0x8000acdc (0x3ddf1fb7) x31 0x3ddf1000
core   0: 0x8000ace0 (0x00433e33) sltu    t3, t1, tp
core   0: 3 0x8000ace0 (0x00433e33) x28 0x00000001
core   0: 0x8000ace4 (0x016ee9b3) or      s3, t4, s6
core   0: 3 0x8000ace4 (0x016ee9b3) x19 0x80011e64
core   0: 0x8000ace8 (0x008503b3) add     t2, a0, s0
core   0: 3 0x8000ace8 (0x008503b3) x 7 0xf8000000
core   0: 0x8000acec (0x41605333) sra     t1, zero, s6
core   0: 3 0x8000acec (0x41605333) x 6 0x00000000
core   0: 0x8000acf0 (0x2990c793) xori    a5, ra, 665
core   0: 3 0x8000acf0 (0x2990c793) x15 0x00000299
core   0: 0x8000acf4 (0x8a2a6493) ori     s1, s4, -1886
core   0: 3 0x8000acf4 (0x8a2a6493) x 9 0xfffffef3
core   0: 0x8000acf8 (0x407b5f33) sra     t5, s6, t2
core   0: 3 0x8000acf8 (0x407b5f33) x30 0x00000000
core   0: 0x8000acfc (0x543da993) slti    s3, s11, 1347
core   0: 3 0x8000acfc (0x543da993) x19 0x00000001
core   0: 0x8000ad00 (0x0085e4b3) or      s1, a1, s0
core   0: 3 0x8000ad00 (0x0085e4b3) x 9 0xfb1a6c60
core   0: 0x8000ad04 (0x54092f93) slti    t6, s2, 1344
core   0: 3 0x8000ad04 (0x54092f93) x31 0x00000001
core   0: 0x8000ad08 (0x68284593) xori    a1, a6, 1666
core   0: 3 0x8000ad08 (0x68284593) x11 0x3cf63d8a
core   0: 0x8000ad0c (0xf0533f17) auipc   t5, 0xf0533
core   0: 3 0x8000ad0c (0xf0533f17) x30 0x7053dd0c
core   0: 0x8000ad10 (0x004c68b3) or      a7, s8, tp
core   0: 3 0x8000ad10 (0x004c68b3) x17 0xffffffdb
core   0: 0x8000ad14 (0x7075ef93) ori     t6, a1, 1799
core   0: 3 0x8000ad14 (0x7075ef93) x31 0x3cf63f8f
core   0: 0x8000ad18 (0x3cba0297) auipc   t0, 0x3cba0
core   0: 3 0x8000ad18 (0x3cba0297) x 5 0xbcbaad18
core   0: 0x8000ad1c (0x01e3d4b3) srl     s1, t2, t5
core   0: 3 0x8000ad1c (0x01e3d4b3) x 9 0x000f8000
core   0: 0x8000ad20 (0x2dad0393) addi    t2, s10, 730
core   0: 3 0x8000ad20 (0x2dad0393) x 7 0x48992ece
core   0: 0x8000ad24 (0xd9058b93) addi    s7, a1, -624
core   0: 3 0x8000ad24 (0xd9058b93) x23 0x3cf63b1a
core   0: 0x8000ad28 (0x01b241b3) xor     gp, tp, s11
core   0: 3 0x8000ad28 (0x01b241b3) x 3 0xfffffadb
core   0: 0x8000ad2c (0x61d70413) addi    s0, a4, 1565
core   0: 3 0x8000ad2c (0x61d70413) x 8 0x8000061d
core   0: 0x8000ad30 (0x01d358b3) srl     a7, t1, t4
core   0: 3 0x8000ad30 (0x01d358b3) x17 0x00000000
core   0: 0x8000ad34 (0x0149de13) srli    t3, s3, 20
core   0: 3 0x8000ad34 (0x0149de13) x28 0x00000000
core   0: 0x8000ad38 (0xa985a693) slti    a3, a1, -1384
core   0: 3 0x8000ad38 (0xa985a693) x13 0x00000000
core   0: 0x8000ad3c (0x01d3dd93) srli    s11, t2, 29
core   0: 3 0x8000ad3c (0x01d3dd93) x27 0x00000002
core   0: 0x8000ad40 (0x2162e013) ori     zero, t0, 534
core   0: 3 0x8000ad40 (0x2162e013)
core   0: 0x8000ad44 (0x0145d093) srli    ra, a1, 20
core   0: 3 0x8000ad44 (0x0145d093) x 1 0x000003cf
core   0: 0x8000ad48 (0x9f8fe513) ori     a0, t6, -1544
core   0: 3 0x8000ad48 (0x9f8fe513) x10 0xffffffff
core   0: 0x8000ad4c (0x00f5a5b3) slt     a1, a1, a5
core   0: 3 0x8000ad4c (0x00f5a5b3) x11 0x00000000
core   0: 0x8000ad50 (0x00895593) srli    a1, s2, 8
core   0: 3 0x8000ad50 (0x00895593) x11 0x00000000
core   0: 0x8000ad54 (0x86d70a13) addi    s4, a4, -1939
core   0: 3 0x8000ad54 (0x86d70a13) x20 0x7ffff86d
core   0: 0x8000ad58 (0xb08a3493) sltiu   s1, s4, -1272
core   0: 3 0x8000ad58 (0xb08a3493) x 9 0x00000001
core   0: 0x8000ad5c (0x00c5edb3) or      s11, a1, a2
core   0: 3 0x8000ad5c (0x00c5edb3) x27 0x0fffdc10
core   0: 0x8000ad60 (0x6f5ae113) ori     sp, s5, 1781
core   0: 3 0x8000ad60 (0x6f5ae113) x 2 0x7ffef6f5
core   0: 0x8000ad64 (0x1a0a0c13) addi    s8, s4, 416
core   0: 3 0x8000ad64 (0x1a0a0c13) x24 0x7ffffa0d
core   0: 0x8000ad68 (0x7ae2af93) slti    t6, t0, 1966
core   0: 3 0x8000ad68 (0x7ae2af93) x31 0x00000001
core   0: 0x8000ad6c (0xa38fb113) sltiu   sp, t6, -1480
core   0: 3 0x8000ad6c (0xa38fb113) x 2 0x00000001
core   0: 0x8000ad70 (0xab1b0493) addi    s1, s6, -1359
core   0: 3 0x8000ad70 (0xab1b0493) x 9 0xfffffab1
core   0: 0x8000ad74 (0xc47e6c13) ori     s8, t3, -953
core   0: 3 0x8000ad74 (0xc47e6c13) x24 0xfffffc47
core   0: 0x8000ad78 (0x531baa93) slti    s5, s7, 1329
core   0: 3 0x8000ad78 (0x531baa93) x21 0x00000000
core   0: 0x8000ad7c (0xf879b513) sltiu   a0, s3, -121
core   0: 3 0x8000ad7c (0xf879b513) x10 0x00000001
core   0: 0x8000ad80 (0x40f7dc13) srai    s8, a5, 15
core   0: 3 0x8000ad80 (0x40f7dc13) x24 0x00000000
core   0: 0x8000ad84 (0xcb5c6313) ori     t1, s8, -843
core   0: 3 0x8000ad84 (0xcb5c6313) x 6 0xfffffcb5
core   0: 0x8000ad88 (0x00c89513) slli    a0, a7, 12
core   0: 3 0x8000ad88 (0x00c89513) x10 0x00000000
core   0: 0x8000ad8c (0xbdd2b893) sltiu   a7, t0, -1059
core   0: 3 0x8000ad8c (0xbdd2b893) x17 0x00000001
core   0: 0x8000ad90 (0xbef5b893) sltiu   a7, a1, -1041
core   0: 3 0x8000ad90 (0xbef5b893) x17 0x00000001
core   0: 0x8000ad94 (0x00ee43b3) xor     t2, t3, a4
core   0: 3 0x8000ad94 (0x00ee43b3) x 7 0x80000000
core   0: 0x8000ad98 (0x00f6f7b3) and     a5, a3, a5
core   0: 3 0x8000ad98 (0x00f6f7b3) x15 0x00000000
core   0: 0x8000ad9c (0x0185f0b3) and     ra, a1, s8
core   0: 3 0x8000ad9c (0x0185f0b3) x 1 0x00000000
core   0: 0x8000ada0 (0x411bd8b3) sra     a7, s7, a7
core   0: 3 0x8000ada0 (0x411bd8b3) x17 0x1e7b1d8d
core   0: 0x8000ada4 (0x4124dc33) sra     s8, s1, s2
core   0: 3 0x8000ada4 (0x4124dc33) x24 0xfffffd58
core   0: 0x8000ada8 (0x01879433) sll     s0, a5, s8
core   0: 3 0x8000ada8 (0x01879433) x 8 0x00000000
core   0: 0x8000adac (0x396e7c13) andi    s8, t3, 918
core   0: 3 0x8000adac (0x396e7c13) x24 0x00000000
core   0: 0x8000adb0 (0x00000013) nop
core   0: 3 0x8000adb0 (0x00000013)
core   0: 0x8000adb4 (0x01ecdb33) srl     s6, s9, t5
core   0: 3 0x8000adb4 (0x01ecdb33) x22 0x00080015
core   0: 0x8000adb8 (0x014ef433) and     s0, t4, s4
core   0: 3 0x8000adb8 (0x014ef433) x 8 0x00011864
core   0: 0x8000adbc (0xebf3b313) sltiu   t1, t2, -321
core   0: 3 0x8000adbc (0xebf3b313) x 6 0x00000001
core   0: 0x8000adc0 (0x96a57193) andi    gp, a0, -1686
core   0: 3 0x8000adc0 (0x96a57193) x 3 0x00000000
core   0: 0x8000adc4 (0x41fc8a33) sub     s4, s9, t6
core   0: 3 0x8000adc4 (0x41fc8a33) x20 0x80015ce3
core   0: 0x8000adc8 (0x010b5a93) srli    s5, s6, 16
core   0: 3 0x8000adc8 (0x010b5a93) x21 0x00000008
core   0: 0x8000adcc (0x00801613) slli    a2, zero, 8
core   0: 3 0x8000adcc (0x00801613) x12 0x00000000
core   0: 0x8000add0 (0x41c50833) sub     a6, a0, t3
core   0: 3 0x8000add0 (0x41c50833) x16 0x00000000
core   0: 0x8000add4 (0x00958c33) add     s8, a1, s1
core   0: 3 0x8000add4 (0x00958c33) x24 0xfffffab1
core   0: 0x8000add8 (0x002595b3) sll     a1, a1, sp
core   0: 3 0x8000add8 (0x002595b3) x11 0x00000000
core   0: 0x8000addc (0x6120da37) lui     s4, 0x6120d
core   0: 3 0x8000addc (0x6120da37) x20 0x6120d000
core   0: 0x8000ade0 (0x01e209b3) add     s3, tp, t5
core   0: 3 0x8000ade0 (0x01e209b3) x19 0x7053d7e7
core   0: 0x8000ade4 (0x0169d513) srli    a0, s3, 22
core   0: 3 0x8000ade4 (0x0169d513) x10 0x000001c1
core   0: 0x8000ade8 (0x0164d213) srli    tp, s1, 22
core   0: 3 0x8000ade8 (0x0164d213) x 4 0x000003ff
core   0: 0x8000adec (0xff5c4c13) xori    s8, s8, -11
core   0: 3 0x8000adec (0xff5c4c13) x24 0x00000544
core   0: 0x8000adf0 (0x01a506b3) add     a3, a0, s10
core   0: 3 0x8000adf0 (0x01a506b3) x13 0x48992db5
core   0: 0x8000adf4 (0x2594cb13) xori    s6, s1, 601
core   0: 3 0x8000adf4 (0x2594cb13) x22 0xfffff8e8
core   0: 0x8000adf8 (0x571c8313) addi    t1, s9, 1393
core   0: 3 0x8000adf8 (0x571c8313) x 6 0x80016255
core   0: 0x8000adfc (0x01f286b3) add     a3, t0, t6
core   0: 3 0x8000adfc (0x01f286b3) x13 0xbcbaad19
core   0: 0x8000ae00 (0x00bb4333) xor     t1, s6, a1
core   0: 3 0x8000ae00 (0x00bb4333) x 6 0xfffff8e8
core   0: 0x8000ae04 (0x1d623393) sltiu   t2, tp, 470
core   0: 3 0x8000ae04 (0x1d623393) x 7 0x00000000
core   0: 0x8000ae08 (0x01a0fbb3) and     s7, ra, s10
core   0: 3 0x8000ae08 (0x01a0fbb3) x23 0x00000000
core   0: 0x8000ae0c (0x4021d513) srai    a0, gp, 2
core   0: 3 0x8000ae0c (0x4021d513) x10 0x00000000
core   0: 0x8000ae10 (0xe1834417) auipc   s0, 0xe1834
core   0: 3 0x8000ae10 (0xe1834417) x 8 0x6183ee10
core   0: 0x8000ae14 (0x00000013) nop
core   0: 3 0x8000ae14 (0x00000013)
core   0: 0x8000ae18 (0x69ba6c13) ori     s8, s4, 1691
core   0: 3 0x8000ae18 (0x69ba6c13) x24 0x6120d69b
core   0: 0x8000ae1c (0xb9bb0e13) addi    t3, s6, -1125
core   0: 3 0x8000ae1c (0xb9bb0e13) x28 0xfffff483
core   0: 0x8000ae20 (0xfd116693) ori     a3, sp, -47
core   0: 3 0x8000ae20 (0xfd116693) x13 0xffffffd1
core   0: 0x8000ae24 (0x07b98013) addi    zero, s3, 123
core   0: 3 0x8000ae24 (0x07b98013)
core   0: 0x8000ae28 (0x3d6e6013) ori     zero, t3, 982
core   0: 3 0x8000ae28 (0x3d6e6013)
core   0: 0x8000ae2c (0x01fdc133) xor     sp, s11, t6
core   0: 3 0x8000ae2c (0x01fdc133) x 2 0x0fffdc11
core   0: 0x8000ae30 (0x013e65b3) or      a1, t3, s3
core   0: 3 0x8000ae30 (0x013e65b3) x11 0xfffff7e7
core   0: 0x8000ae34 (0x071efab7) lui     s5, 0x71ef
core   0: 3 0x8000ae34 (0x071efab7) x21 0x071ef000
core   0: 0x8000ae38 (0x00419f33) sll     t5, gp, tp
core   0: 3 0x8000ae38 (0x00419f33) x30 0x00000000
core   0: 0x8000ae3c (0xdba8c613) xori    a2, a7, -582
core   0: 3 0x8000ae3c (0xdba8c613) x12 0xe184e037
core   0: 0x8000ae40 (0x0197a633) slt     a2, a5, s9
core   0: 3 0x8000ae40 (0x0197a633) x12 0x00000000
core   0: 0x8000ae44 (0x8d81c013) xori    zero, gp, -1832
core   0: 3 0x8000ae44 (0x8d81c013)
core   0: 0x8000ae48 (0x0137d513) srli    a0, a5, 19
core   0: 3 0x8000ae48 (0x0137d513) x10 0x00000000
core   0: 0x8000ae4c (0x0177d133) srl     sp, a5, s7
core   0: 3 0x8000ae4c (0x0177d133) x 2 0x00000000
core   0: 0x8000ae50 (0xe5be7e17) auipc   t3, 0xe5be7
core   0: 3 0x8000ae50 (0xe5be7e17) x28 0x65bf1e50
core   0: 0x8000ae54 (0x00323f33) sltu    t5, tp, gp
core   0: 3 0x8000ae54 (0x00323f33) x30 0x00000000
core   0: 0x8000ae58 (0x002832b3) sltu    t0, a6, sp
core   0: 3 0x8000ae58 (0x002832b3) x 5 0x00000000
core   0: 0x8000ae5c (0x42174913) xori    s2, a4, 1057
core   0: 3 0x8000ae5c (0x42174913) x18 0x80000421
core   0: 0x8000ae60 (0xabcdf013) andi    zero, s11, -1348
core   0: 3 0x8000ae60 (0xabcdf013)
core   0: 0x8000ae64 (0x8ac1fb93) andi    s7, gp, -1876
core   0: 3 0x8000ae64 (0x8ac1fb93) x23 0x00000000
core   0: 0x8000ae68 (0x01eb0933) add     s2, s6, t5
core   0: 3 0x8000ae68 (0x01eb0933) x18 0xfffff8e8
core   0: 0x8000ae6c (0x00685fb3) srl     t6, a6, t1
core   0: 3 0x8000ae6c (0x00685fb3) x31 0x00000000
core   0: 0x8000ae70 (0x36b78d37) lui     s10, 0x36b78
core   0: 3 0x8000ae70 (0x36b78d37) x26 0x36b78000
core   0: 0x8000ae74 (0x00967433) and     s0, a2, s1
core   0: 3 0x8000ae74 (0x00967433) x 8 0x00000000
core   0: 0x8000ae78 (0x00465833) srl     a6, a2, tp
core   0: 3 0x8000ae78 (0x00465833) x16 0x00000000
core   0: 0x8000ae7c (0x01db14b3) sll     s1, s6, t4
core   0: 3 0x8000ae7c (0x01db14b3) x 9 0xffff8e80
core   0: 0x8000ae80 (0x8de27213) andi    tp, tp, -1826
core   0: 3 0x8000ae80 (0x8de27213) x 4 0x000000de
core   0: 0x8000ae84 (0x00000013) nop
core   0: 3 0x8000ae84 (0x00000013)
core   0: 0x8000ae88 (0x00811d13) slli    s10, sp, 8
core   0: 3 0x8000ae88 (0x00811d13) x26 0x00000000
core   0: 0x8000ae8c (0x40a28ab3) sub     s5, t0, a0
core   0: 3 0x8000ae8c (0x40a28ab3) x21 0x00000000
core   0: 0x8000ae90 (0x2a1dae17) auipc   t3, 0x2a1da
core   0: 3 0x8000ae90 (0x2a1dae17) x28 0xaa1e4e90
core   0: 0x8000ae94 (0x00955f33) srl     t5, a0, s1
core   0: 3 0x8000ae94 (0x00955f33) x30 0x00000000
core   0: 0x8000ae98 (0x01ae1033) sll     zero, t3, s10
core   0: 3 0x8000ae98 (0x01ae1033)
core   0: 0x8000ae9c (0xf749eb93) ori     s7, s3, -140
core   0: 3 0x8000ae9c (0xf749eb93) x23 0xfffffff7
core   0: 0x8000aea0 (0x4101dd93) srai    s11, gp, 16
core   0: 3 0x8000aea0 (0x4101dd93) x27 0x00000000
core   0: 0x8000aea4 (0x01ebe8b3) or      a7, s7, t5
core   0: 3 0x8000aea4 (0x01ebe8b3) x17 0xfffffff7
core   0: 0x8000aea8 (0x68b2e413) ori     s0, t0, 1675
core   0: 3 0x8000aea8 (0x68b2e413) x 8 0x0000068b
core   0: 0x8000aeac (0x00000013) nop
core   0: 3 0x8000aeac (0x00000013)
core   0: 0x8000aeb0 (0x8ad3dd17) auipc   s10, 0x8ad3d
core   0: 3 0x8000aeb0 (0x8ad3dd17) x26 0x0ad47eb0
core   0: 0x8000aeb4 (0xd26bc293) xori    t0, s7, -730
core   0: 3 0x8000aeb4 (0xd26bc293) x 5 0x000002d1
core   0: 0x8000aeb8 (0x41495493) srai    s1, s2, 20
core   0: 3 0x8000aeb8 (0x41495493) x 9 0xffffffff
core   0: 0x8000aebc (0x00b11d13) slli    s10, sp, 11
core   0: 3 0x8000aebc (0x00b11d13) x26 0x00000000
core   0: 0x8000aec0 (0x404cdb13) srai    s6, s9, 4
core   0: 3 0x8000aec0 (0x404cdb13) x22 0xf80015ce
core   0: 0x8000aec4 (0xa7d40d93) addi    s11, s0, -1411
core   0: 3 0x8000aec4 (0xa7d40d93) x27 0x00000108
core   0: 0x8000aec8 (0xc5398e37) lui     t3, 0xc5398
core   0: 3 0x8000aec8 (0xc5398e37) x28 0xc5398000
core   0: 0x8000aecc (0x018684b3) add     s1, a3, s8
core   0: 3 0x8000aecc (0x018684b3) x 9 0x6120d66c
core   0: 0x8000aed0 (0x0130d233) srl     tp, ra, s3
core   0: 3 0x8000aed0 (0x0130d233) x 4 0x00000000
core   0: 0x8000aed4 (0x04b7ef93) ori     t6, a5, 75
core   0: 3 0x8000aed4 (0x04b7ef93) x31 0x0000004b
core   0: 0x8000aed8 (0x00293fb3) sltu    t6, s2, sp
core   0: 3 0x8000aed8 (0x00293fb3) x31 0x00000000
core   0: 0x8000aedc (0xb6eea413) slti    s0, t4, -1170
core   0: 3 0x8000aedc (0xb6eea413) x 8 0x00000001
core   0: 0x8000aee0 (0x01facb33) xor     s6, s5, t6
core   0: 3 0x8000aee0 (0x01facb33) x22 0x00000000
core   0: 0x8000aee4 (0x00000013) nop
core   0: 3 0x8000aee4 (0x00000013)
core   0: 0x8000aee8 (0x08132597) auipc   a1, 0x8132
core   0: 3 0x8000aee8 (0x08132597) x11 0x8813cee8
core   0: 0x8000aeec (0x41148e33) sub     t3, s1, a7
core   0: 3 0x8000aeec (0x41148e33) x28 0x6120d675
core   0: 0x8000aef0 (0x006234b3) sltu    s1, tp, t1
core   0: 3 0x8000aef0 (0x006234b3) x 9 0x00000001
core   0: 0x8000aef4 (0x01cdda93) srli    s5, s11, 28
core   0: 3 0x8000aef4 (0x01cdda93) x21 0x00000000
core   0: 0x8000aef8 (0x69ee2693) slti    a3, t3, 1694
core   0: 3 0x8000aef8 (0x69ee2693) x13 0x00000000
core   0: 0x8000aefc (0xd060a013) slti    zero, ra, -762
core   0: 3 0x8000aefc (0xd060a013)
core   0: 0x8000af00 (0x003a4533) xor     a0, s4, gp
core   0: 3 0x8000af00 (0x003a4533) x10 0x6120d000
core   0: 0x8000af04 (0x01d11db3) sll     s11, sp, t4
core   0: 3 0x8000af04 (0x01d11db3) x27 0x00000000
core   0: 0x8000af08 (0x00000013) nop
core   0: 3 0x8000af08 (0x00000013)
core   0: 0x8000af0c (0x83dfac13) slti    s8, t6, -1987
core   0: 3 0x8000af0c (0x83dfac13) x24 0x00000000
core   0: 0x8000af10 (0x018a1433) sll     s0, s4, s8
core   0: 3 0x8000af10 (0x018a1433) x 8 0x6120d000
core   0: 0x8000af14 (0x00b3db93) srli    s7, t2, 11
core   0: 3 0x8000af14 (0x00b3db93) x23 0x00000000
core   0: 0x8000af18 (0x7e4c3d13) sltiu   s10, s8, 2020
core   0: 3 0x8000af18 (0x7e4c3d13) x26 0x00000001
core   0: 0x8000af1c (0x00f42533) slt     a0, s0, a5
core   0: 3 0x8000af1c (0x00f42533) x10 0x00000000
core   0: 0x8000af20 (0x414a0133) sub     sp, s4, s4
core   0: 3 0x8000af20 (0x414a0133) x 2 0x00000000
core   0: 0x8000af24 (0x01588433) add     s0, a7, s5
core   0: 3 0x8000af24 (0x01588433) x 8 0xfffffff7
core   0: 0x8000af28 (0x78c0b813) sltiu   a6, ra, 1932
core   0: 3 0x8000af28 (0x78c0b813) x16 0x00000001
core   0: 0x8000af2c (0x019dd1b3) srl     gp, s11, s9
core   0: 3 0x8000af2c (0x019dd1b3) x 3 0x00000000
core   0: 0x8000af30 (0xcc2533b7) lui     t2, 0xcc253
core   0: 3 0x8000af30 (0xcc2533b7) x 7 0xcc253000
core   0: 0x8000af34 (0x00522db3) slt     s11, tp, t0
core   0: 3 0x8000af34 (0x00522db3) x27 0x00000001
core   0: 0x8000af38 (0x29b08d93) addi    s11, ra, 667
core   0: 3 0x8000af38 (0x29b08d93) x27 0x0000029b
core   0: 0x8000af3c (0xefa28513) addi    a0, t0, -262
core   0: 3 0x8000af3c (0xefa28513) x10 0x000001cb
core   0: 0x8000af40 (0x018f85b3) add     a1, t6, s8
core   0: 3 0x8000af40 (0x018f85b3) x11 0x00000000
core   0: 0x8000af44 (0x00b5c9b3) xor     s3, a1, a1
core   0: 3 0x8000af44 (0x00b5c9b3) x19 0x00000000
core   0: 0x8000af48 (0x40745c33) sra     s8, s0, t2
core   0: 3 0x8000af48 (0x40745c33) x24 0xfffffff7
core   0: 0x8000af4c (0x001ca0b3) slt     ra, s9, ra
core   0: 3 0x8000af4c (0x001ca0b3) x 1 0x00000001
core   0: 0x8000af50 (0x41125db3) sra     s11, tp, a7
core   0: 3 0x8000af50 (0x41125db3) x27 0x00000000
core   0: 0x8000af54 (0x01ae6433) or      s0, t3, s10
core   0: 3 0x8000af54 (0x01ae6433) x 8 0x6120d675
core   0: 0x8000af58 (0x0094fe33) and     t3, s1, s1
core   0: 3 0x8000af58 (0x0094fe33) x28 0x00000001
core   0: 0x8000af5c (0x01bc9e33) sll     t3, s9, s11
core   0: 3 0x8000af5c (0x01bc9e33) x28 0x80015ce4
core   0: 0x8000af60 (0x4096da13) srai    s4, a3, 9
core   0: 3 0x8000af60 (0x4096da13) x20 0x00000000
core   0: 0x8000af64 (0x40b15393) srai    t2, sp, 11
core   0: 3 0x8000af64 (0x40b15393) x 7 0x00000000
core   0: 0x8000af68 (0x01790133) add     sp, s2, s7
core   0: 3 0x8000af68 (0x01790133) x 2 0xfffff8e8
core   0: 0x8000af6c (0x0070d533) srl     a0, ra, t2
core   0: 3 0x8000af6c (0x0070d533) x10 0x00000001
core   0: 0x8000af70 (0x34022493) slti    s1, tp, 832
core   0: 3 0x8000af70 (0x34022493) x 9 0x00000001
core   0: 0x8000af74 (0x00d4fab3) and     s5, s1, a3
core   0: 3 0x8000af74 (0x00d4fab3) x21 0x00000000
core   0: 0x8000af78 (0x6ec4c093) xori    ra, s1, 1772
core   0: 3 0x8000af78 (0x6ec4c093) x 1 0x000006ed
core   0: 0x8000af7c (0x01348bb3) add     s7, s1, s3
core   0: 3 0x8000af7c (0x01348bb3) x23 0x00000001
core   0: 0x8000af80 (0x00c49533) sll     a0, s1, a2
core   0: 3 0x8000af80 (0x00c49533) x10 0x00000001
core   0: 0x8000af84 (0x6b0e7b37) lui     s6, 0x6b0e7
core   0: 3 0x8000af84 (0x6b0e7b37) x22 0x6b0e7000
core   0: 0x8000af88 (0xe88d2293) slti    t0, s10, -376
core   0: 3 0x8000af88 (0xe88d2293) x 5 0x00000000
core   0: 0x8000af8c (0x8ab65997) auipc   s3, 0x8ab65
core   0: 3 0x8000af8c (0x8ab65997) x19 0x0ab6ff8c
core   0: 0x8000af90 (0xa70f7b93) andi    s7, t5, -1424
core   0: 3 0x8000af90 (0xa70f7b93) x23 0x00000000
core   0: 0x8000af94 (0x018c06b3) add     a3, s8, s8
core   0: 3 0x8000af94 (0x018c06b3) x13 0xffffffee
core   0: 0x8000af98 (0x00d11613) slli    a2, sp, 13
core   0: 3 0x8000af98 (0x00d11613) x12 0xff1d0000
core   0: 0x8000af9c (0x69d88e13) addi    t3, a7, 1693
core   0: 3 0x8000af9c (0x69d88e13) x28 0x00000694
core   0: 0x8000afa0 (0x007e0a33) add     s4, t3, t2
core   0: 3 0x8000afa0 (0x007e0a33) x20 0x00000694
core   0: 0x8000afa4 (0xa5eeb893) sltiu   a7, t4, -1442
core   0: 3 0x8000afa4 (0xa5eeb893) x17 0x00000001
core   0: 0x8000afa8 (0x13846e13) ori     t3, s0, 312
core   0: 3 0x8000afa8 (0x13846e13) x28 0x6120d77d
core   0: 0x8000afac (0xdb26c693) xori    a3, a3, -590
core   0: 3 0x8000afac (0xdb26c693) x13 0x0000025c
core   0: 0x8000afb0 (0x4dbba213) slti    tp, s7, 1243
core   0: 3 0x8000afb0 (0x4dbba213) x 4 0x00000001
core   0: 0x8000afb4 (0x0130e7b3) or      a5, ra, s3
core   0: 3 0x8000afb4 (0x0130e7b3) x15 0x0ab6ffed
core   0: 0x8000afb8 (0x00855013) srli    zero, a0, 8
core   0: 3 0x8000afb8 (0x00855013)
core   0: 0x8000afbc (0x00aca1b3) slt     gp, s9, a0
core   0: 3 0x8000afbc (0x00aca1b3) x 3 0x00000001
core   0: 0x8000afc0 (0x42e93313) sltiu   t1, s2, 1070
core   0: 3 0x8000afc0 (0x42e93313) x 6 0x00000000
core   0: 0x8000afc4 (0x41c5d193) srai    gp, a1, 28
core   0: 3 0x8000afc4 (0x41c5d193) x 3 0x00000000
core   0: 0x8000afc8 (0x4161d313) srai    t1, gp, 22
core   0: 3 0x8000afc8 (0x4161d313) x 6 0x00000000
core   0: 0x8000afcc (0xb1ad0c13) addi    s8, s10, -1254
core   0: 3 0x8000afcc (0xb1ad0c13) x24 0xfffffb1b
core   0: 0x8000afd0 (0x00966833) or      a6, a2, s1
core   0: 3 0x8000afd0 (0x00966833) x16 0xff1d0001
core   0: 0x8000afd4 (0x01a35a93) srli    s5, t1, 26
core   0: 3 0x8000afd4 (0x01a35a93) x21 0x00000000
core   0: 0x8000afd8 (0x019abf33) sltu    t5, s5, s9
core   0: 3 0x8000afd8 (0x019abf33) x30 0x00000001
core   0: 0x8000afdc (0x4140d093) srai    ra, ra, 20
core   0: 3 0x8000afdc (0x4140d093) x 1 0x00000000
core   0: 0x8000afe0 (0x40e582b3) sub     t0, a1, a4
core   0: 3 0x8000afe0 (0x40e582b3) x 5 0x80000000
core   0: 0x8000afe4 (0xdb068d13) addi    s10, a3, -592
core   0: 3 0x8000afe4 (0xdb068d13) x26 0x0000000c
core   0: 0x8000afe8 (0x8d7ef513) andi    a0, t4, -1833
core   0: 3 0x8000afe8 (0x8d7ef513) x10 0x80011844
core   0: 0x8000afec (0x6915bb13) sltiu   s6, a1, 1681
core   0: 3 0x8000afec (0x6915bb13) x22 0x00000001
core   0: 0x8000aff0 (0x737ccf93) xori    t6, s9, 1847
core   0: 3 0x8000aff0 (0x737ccf93) x31 0x80015bd3
core   0: 0x8000aff4 (0x58c13693) sltiu   a3, sp, 1420
core   0: 3 0x8000aff4 (0x58c13693) x13 0x00000000
core   0: 0x8000aff8 (0x011e9893) slli    a7, t4, 17
core   0: 3 0x8000aff8 (0x011e9893) x17 0x3cc80000
core   0: 0x8000affc (0x0010db13) srli    s6, ra, 1
core   0: 3 0x8000affc (0x0010db13) x22 0x00000000
core   0: 0x8000b000 (0x00e11693) slli    a3, sp, 14
core   0: 3 0x8000b000 (0x00e11693) x13 0xfe3a0000
core   0: 0x8000b004 (0x01f1d393) srli    t2, gp, 31
core   0: 3 0x8000b004 (0x01f1d393) x 7 0x00000000
core   0: 0x8000b008 (0x41abd1b3) sra     gp, s7, s10
core   0: 3 0x8000b008 (0x41abd1b3) x 3 0x00000000
core   0: 0x8000b00c (0x00a268b3) or      a7, tp, a0
core   0: 3 0x8000b00c (0x00a268b3) x17 0x80011845
core   0: 0x8000b010 (0x01b9e333) or      t1, s3, s11
core   0: 3 0x8000b010 (0x01b9e333) x 6 0x0ab6ff8c
core   0: 0x8000b014 (0x2d5a4a93) xori    s5, s4, 725
core   0: 3 0x8000b014 (0x2d5a4a93) x21 0x00000441
core   0: 0x8000b018 (0x0034b633) sltu    a2, s1, gp
core   0: 3 0x8000b018 (0x0034b633) x12 0x00000000
core   0: 0x8000b01c (0x1f7bfd13) andi    s10, s7, 503
core   0: 3 0x8000b01c (0x1f7bfd13) x26 0x00000000
core   0: 0x8000b020 (0x01f5aab3) slt     s5, a1, t6
core   0: 3 0x8000b020 (0x01f5aab3) x21 0x00000000
core   0: 0x8000b024 (0x013a2d33) slt     s10, s4, s3
core   0: 3 0x8000b024 (0x013a2d33) x26 0x00000001
core   0: 0x8000b028 (0x012a9893) slli    a7, s5, 18
core   0: 3 0x8000b028 (0x012a9893) x17 0x00000000
core   0: 0x8000b02c (0x40408333) sub     t1, ra, tp
core   0: 3 0x8000b02c (0x40408333) x 6 0xffffffff
core   0: 0x8000b030 (0x0a0c6593) ori     a1, s8, 160
core   0: 3 0x8000b030 (0x0a0c6593) x11 0xfffffbbb
core   0: 0x8000b034 (0xc29b3a93) sltiu   s5, s6, -983
core   0: 3 0x8000b034 (0xc29b3a93) x21 0x00000001
core   0: 0x8000b038 (0x341b2e13) slti    t3, s6, 833
core   0: 3 0x8000b038 (0x341b2e13) x28 0x00000001
core   0: 0x8000b03c (0x008b1a33) sll     s4, s6, s0
core   0: 3 0x8000b03c (0x008b1a33) x20 0x00000000
core   0: 0x8000b040 (0x22723e13) sltiu   t3, tp, 551
core   0: 3 0x8000b040 (0x22723e13) x28 0x00000001
core   0: 0x8000b044 (0x01fa1793) slli    a5, s4, 31
core   0: 3 0x8000b044 (0x01fa1793) x15 0x00000000
core   0: 0x8000b048 (0x01a445b3) xor     a1, s0, s10
core   0: 3 0x8000b048 (0x01a445b3) x11 0x6120d674
core   0: 0x8000b04c (0x01c2bb33) sltu    s6, t0, t3
core   0: 3 0x8000b04c (0x01c2bb33) x22 0x00000000
core   0: 0x8000b050 (0x01e54633) xor     a2, a0, t5
core   0: 3 0x8000b050 (0x01e54633) x12 0x80011845
core   0: 0x8000b054 (0x40b85b13) srai    s6, a6, 11
core   0: 3 0x8000b054 (0x40b85b13) x22 0xffffe3a0
core   0: 0x8000b058 (0x404cd993) srai    s3, s9, 4
core   0: 3 0x8000b058 (0x404cd993) x19 0xf80015ce
core   0: 0x8000b05c (0x01585213) srli    tp, a6, 21
core   0: 3 0x8000b05c (0x01585213) x 4 0x000007f8
core   0: 0x8000b060 (0x40478433) sub     s0, a5, tp
core   0: 3 0x8000b060 (0x40478433) x 8 0xfffff808
core   0: 0x8000b064 (0x00db0e33) add     t3, s6, a3
core   0: 3 0x8000b064 (0x00db0e33) x28 0xfe39e3a0
core   0: 0x8000b068 (0x01c15c33) srl     s8, sp, t3
core   0: 3 0x8000b068 (0x01c15c33) x24 0xfffff8e8
core   0: 0x8000b06c (0x013e58b3) srl     a7, t3, s3
core   0: 3 0x8000b06c (0x013e58b3) x17 0x0003f8e7
core   0: 0x8000b070 (0x01ead033) srl     zero, s5, t5
core   0: 3 0x8000b070 (0x01ead033)
core   0: 0x8000b074 (0x01f66133) or      sp, a2, t6
core   0: 3 0x8000b074 (0x01f66133) x 2 0x80015bd7
core   0: 0x8000b078 (0x9909f3b7) lui     t2, 0x9909f
core   0: 3 0x8000b078 (0x9909f3b7) x 7 0x9909f000
core   0: 0x8000b07c (0x01a01513) slli    a0, zero, 26
core   0: 3 0x8000b07c (0x01a01513) x10 0x00000000
core   0: 0x8000b080 (0x00a7f8b3) and     a7, a5, a0
core   0: 3 0x8000b080 (0x00a7f8b3) x17 0x00000000
core   0: 0x8000b084 (0x1413ef13) ori     t5, t2, 321
core   0: 3 0x8000b084 (0x1413ef13) x30 0x9909f141
core   0: 0x8000b088 (0x01d476b3) and     a3, s0, t4
core   0: 3 0x8000b088 (0x01d476b3) x13 0x80011800
core   0: 0x8000b08c (0x4125d793) srai    a5, a1, 18
core   0: 3 0x8000b08c (0x4125d793) x15 0x00001848
core   0: 0x8000b090 (0x01831833) sll     a6, t1, s8
core   0: 3 0x8000b090 (0x01831833) x16 0xffffff00
core   0: 0x8000b094 (0x01cfafb3) slt     t6, t6, t3
core   0: 3 0x8000b094 (0x01cfafb3) x31 0x00000001
core   0: 0x8000b098 (0x00475913) srli    s2, a4, 4
core   0: 3 0x8000b098 (0x00475913) x18 0x08000000
core   0: 0x8000b09c (0x41495ab3) sra     s5, s2, s4
core   0: 3 0x8000b09c (0x41495ab3) x21 0x08000000
core   0: 0x8000b0a0 (0x008b3433) sltu    s0, s6, s0
core   0: 3 0x8000b0a0 (0x008b3433) x 8 0x00000001
core   0: 0x8000b0a4 (0x9c4cc693) xori    a3, s9, -1596
core   0: 3 0x8000b0a4 (0x9c4cc693) x13 0x7ffea520
core   0: 0x8000b0a8 (0x4d016993) ori     s3, sp, 1232
core   0: 3 0x8000b0a8 (0x4d016993) x19 0x80015fd7
core   0: 0x8000b0ac (0x013844b3) xor     s1, a6, s3
core   0: 3 0x8000b0ac (0x013844b3) x 9 0x7ffea0d7
core   0: 0x8000b0b0 (0x7dbc6013) ori     zero, s8, 2011
core   0: 3 0x8000b0b0 (0x7dbc6013)
core   0: 0x8000b0b4 (0x016528b3) slt     a7, a0, s6
core   0: 3 0x8000b0b4 (0x016528b3) x17 0x00000000
core   0: 0x8000b0b8 (0x6e7a2393) slti    t2, s4, 1767
core   0: 3 0x8000b0b8 (0x6e7a2393) x 7 0x00000001
core   0: 0x8000b0bc (0x00a2cd33) xor     s10, t0, a0
core   0: 3 0x8000b0bc (0x00a2cd33) x26 0x80000000
core   0: 0x8000b0c0 (0xd319c693) xori    a3, s3, -719
core   0: 3 0x8000b0c0 (0xd319c693) x13 0x7ffea2e6
core   0: 0x8000b0c4 (0x37906213) ori     tp, zero, 889
core   0: 3 0x8000b0c4 (0x37906213) x 4 0x00000379
core   0: 0x8000b0c8 (0x01cbc433) xor     s0, s7, t3
core   0: 3 0x8000b0c8 (0x01cbc433) x 8 0xfe39e3a0
core   0: 0x8000b0cc (0x01c9d9b3) srl     s3, s3, t3
core   0: 3 0x8000b0cc (0x01c9d9b3) x19 0x80015fd7
core   0: 0x8000b0d0 (0x01f59613) slli    a2, a1, 31
core   0: 3 0x8000b0d0 (0x01f59613) x12 0x00000000
core   0: 0x8000b0d4 (0x46927493) andi    s1, tp, 1129
core   0: 3 0x8000b0d4 (0x46927493) x 9 0x00000069
core   0: 0x8000b0d8 (0x00bdfc33) and     s8, s11, a1
core   0: 3 0x8000b0d8 (0x00bdfc33) x24 0x00000000
core   0: 0x8000b0dc (0x01c91013) slli    zero, s2, 28
core   0: 3 0x8000b0dc (0x01c91013)
core   0: 0x8000b0e0 (0x00d5bc33) sltu    s8, a1, a3
core   0: 3 0x8000b0e0 (0x00d5bc33) x24 0x00000001
core   0: 0x8000b0e4 (0x00344c33) xor     s8, s0, gp
core   0: 3 0x8000b0e4 (0x00344c33) x24 0xfe39e3a0
core   0: 0x8000b0e8 (0x5eb08793) addi    a5, ra, 1515
core   0: 3 0x8000b0e8 (0x5eb08793) x15 0x000005eb
core   0: 0x8000b0ec (0x00000013) nop
core   0: 3 0x8000b0ec (0x00000013)
core   0: 0x8000b0f0 (0x41e35533) sra     a0, t1, t5
core   0: 3 0x8000b0f0 (0x41e35533) x10 0xffffffff
core   0: 0x8000b0f4 (0x64538913) addi    s2, t2, 1605
core   0: 3 0x8000b0f4 (0x64538913) x18 0x00000646
core   0: 0x8000b0f8 (0x01bcb8b3) sltu    a7, s9, s11
core   0: 3 0x8000b0f8 (0x01bcb8b3) x17 0x00000000
core   0: 0x8000b0fc (0x4c58a493) slti    s1, a7, 1221
core   0: 3 0x8000b0fc (0x4c58a493) x 9 0x00000001
core   0: 0x8000b100 (0x01174133) xor     sp, a4, a7
core   0: 3 0x8000b100 (0x01174133) x 2 0x80000000
core   0: 0x8000b104 (0x96f0fb13) andi    s6, ra, -1681
core   0: 3 0x8000b104 (0x96f0fb13) x22 0x00000000
core   0: 0x8000b108 (0x01bdd9b3) srl     s3, s11, s11
core   0: 3 0x8000b108 (0x01bdd9b3) x19 0x00000000
core   0: 0x8000b10c (0x00833e33) sltu    t3, t1, s0
core   0: 3 0x8000b10c (0x00833e33) x28 0x00000000
core   0: 0x8000b110 (0x004f8033) add     zero, t6, tp
core   0: 3 0x8000b110 (0x004f8033)
core   0: 0x8000b114 (0x01823fb3) sltu    t6, tp, s8
core   0: 3 0x8000b114 (0x01823fb3) x31 0x00000001
core   0: 0x8000b118 (0x1986cf93) xori    t6, a3, 408
core   0: 3 0x8000b118 (0x1986cf93) x31 0x7ffea37e
core   0: 0x8000b11c (0x00349333) sll     t1, s1, gp
core   0: 3 0x8000b11c (0x00349333) x 6 0x00000001
core   0: 0x8000b120 (0x015c66b3) or      a3, s8, s5
core   0: 3 0x8000b120 (0x015c66b3) x13 0xfe39e3a0
core   0: 0x8000b124 (0x01439db3) sll     s11, t2, s4
core   0: 3 0x8000b124 (0x01439db3) x27 0x00000001
core   0: 0x8000b128 (0x014b9233) sll     tp, s7, s4
core   0: 3 0x8000b128 (0x014b9233) x 4 0x00000000
core   0: 0x8000b12c (0x0004b933) sltu    s2, s1, zero
core   0: 3 0x8000b12c (0x0004b933) x18 0x00000000
core   0: 0x8000b130 (0x01ae1db3) sll     s11, t3, s10
core   0: 3 0x8000b130 (0x01ae1db3) x27 0x00000000
core   0: 0x8000b134 (0x7c92a393) slti    t2, t0, 1993
core   0: 3 0x8000b134 (0x7c92a393) x 7 0x00000001
core   0: 0x8000b138 (0x36daf113) andi    sp, s5, 877
core   0: 3 0x8000b138 (0x36daf113) x 2 0x00000000
core   0: 0x8000b13c (0x66308613) addi    a2, ra, 1635
core   0: 3 0x8000b13c (0x66308613) x12 0x00000663
core   0: 0x8000b140 (0x00b14d33) xor     s10, sp, a1
core   0: 3 0x8000b140 (0x00b14d33) x26 0x6120d674
core   0: 0x8000b144 (0x287f2313) slti    t1, t5, 647
core   0: 3 0x8000b144 (0x287f2313) x 6 0x00000001
core   0: 0x8000b148 (0x00000013) nop
core   0: 3 0x8000b148 (0x00000013)
core   0: 0x8000b14c (0x40c5d913) srai    s2, a1, 12
core   0: 3 0x8000b14c (0x40c5d913) x18 0x0006120d
core   0: 0x8000b150 (0x405c8333) sub     t1, s9, t0
core   0: 3 0x8000b150 (0x405c8333) x 6 0x00015ce4
core   0: 0x8000b154 (0x3ac8b417) auipc   s0, 0x3ac8b
core   0: 3 0x8000b154 (0x3ac8b417) x 8 0xbac96154
core   0: 0x8000b158 (0x00000013) nop
core   0: 3 0x8000b158 (0x00000013)
core   0: 0x8000b15c (0x2c6ec493) xori    s1, t4, 710
core   0: 3 0x8000b15c (0x2c6ec493) x 9 0x80011ca2
core   0: 0x8000b160 (0x897d3113) sltiu   sp, s10, -1897
core   0: 3 0x8000b160 (0x897d3113) x 2 0x00000001
core   0: 0x8000b164 (0x01e02b33) slt     s6, zero, t5
core   0: 3 0x8000b164 (0x01e02b33) x22 0x00000000
core   0: 0x8000b168 (0x690db993) sltiu   s3, s11, 1680
core   0: 3 0x8000b168 (0x690db993) x19 0x00000001
core   0: 0x8000b16c (0xc05962b7) lui     t0, 0xc0596
core   0: 3 0x8000b16c (0xc05962b7) x 5 0xc0596000
core   0: 0x8000b170 (0x87c40a93) addi    s5, s0, -1924
core   0: 3 0x8000b170 (0x87c40a93) x21 0xbac959d0
core   0: 0x8000b174 (0xb5d78413) addi    s0, a5, -1187
core   0: 3 0x8000b174 (0xb5d78413) x 8 0x00000148
core   0: 0x8000b178 (0xebb92937) lui     s2, 0xebb92
core   0: 3 0x8000b178 (0xebb92937) x18 0xebb92000
core   0: 0x8000b17c (0x00e0d693) srli    a3, ra, 14
core   0: 3 0x8000b17c (0x00e0d693) x13 0x00000000
core   0: 0x8000b180 (0x40400433) sub     s0, zero, tp
core   0: 3 0x8000b180 (0x40400433) x 8 0x00000000
core   0: 0x8000b184 (0x01a63ab3) sltu    s5, a2, s10
core   0: 3 0x8000b184 (0x01a63ab3) x21 0x00000001
core   0: 0x8000b188 (0x00101013) slli    zero, zero, 1
core   0: 3 0x8000b188 (0x00101013)
core   0: 0x8000b18c (0x0157d233) srl     tp, a5, s5
core   0: 3 0x8000b18c (0x0157d233) x 4 0x000002f5
core   0: 0x8000b190 (0x018f3833) sltu    a6, t5, s8
core   0: 3 0x8000b190 (0x018f3833) x16 0x00000001
core   0: 0x8000b194 (0x0035dfb3) srl     t6, a1, gp
core   0: 3 0x8000b194 (0x0035dfb3) x31 0x6120d674
core   0: 0x8000b198 (0x01726bb3) or      s7, tp, s7
core   0: 3 0x8000b198 (0x01726bb3) x23 0x000002f5
core   0: 0x8000b19c (0x00bedab3) srl     s5, t4, a1
core   0: 3 0x8000b19c (0x00bedab3) x21 0x00000800
core   0: 0x8000b1a0 (0x007d8233) add     tp, s11, t2
core   0: 3 0x8000b1a0 (0x007d8233) x 4 0x00000001
core   0: 0x8000b1a4 (0x4781c037) lui     zero, 0x4781c
core   0: 3 0x8000b1a4 (0x4781c037)
core   0: 0x8000b1a8 (0x00eacf33) xor     t5, s5, a4
core   0: 3 0x8000b1a8 (0x00eacf33) x30 0x80000800
core   0: 0x8000b1ac (0x004efb33) and     s6, t4, tp
core   0: 3 0x8000b1ac (0x004efb33) x22 0x00000000
core   0: 0x8000b1b0 (0x01171c13) slli    s8, a4, 17
core   0: 3 0x8000b1b0 (0x01171c13) x24 0x00000000
core   0: 0x8000b1b4 (0x00fe1db3) sll     s11, t3, a5
core   0: 3 0x8000b1b4 (0x00fe1db3) x27 0x00000000
core   0: 0x8000b1b8 (0x001009b3) add     s3, zero, ra
core   0: 3 0x8000b1b8 (0x001009b3) x19 0x00000000
core   0: 0x8000b1bc (0x018f91b3) sll     gp, t6, s8
core   0: 3 0x8000b1bc (0x018f91b3) x 3 0x6120d674
core   0: 0x8000b1c0 (0x73fccf13) xori    t5, s9, 1855
core   0: 3 0x8000b1c0 (0x73fccf13) x30 0x80015bdb
core   0: 0x8000b1c4 (0x41168633) sub     a2, a3, a7
core   0: 3 0x8000b1c4 (0x41168633) x12 0x00000000
core   0: 0x8000b1c8 (0x41515a33) sra     s4, sp, s5
core   0: 3 0x8000b1c8 (0x41515a33) x20 0x00000001
core   0: 0x8000b1cc (0x00489313) slli    t1, a7, 4
core   0: 3 0x8000b1cc (0x00489313) x 6 0x00000000
core   0: 0x8000b1d0 (0x3df9e593) ori     a1, s3, 991
core   0: 3 0x8000b1d0 (0x3df9e593) x11 0x000003df
core   0: 0x8000b1d4 (0x008b2233) slt     tp, s6, s0
core   0: 3 0x8000b1d4 (0x008b2233) x 4 0x00000000
core   0: 0x8000b1d8 (0xb1633b93) sltiu   s7, t1, -1258
core   0: 3 0x8000b1d8 (0xb1633b93) x23 0x00000001
core   0: 0x8000b1dc (0x003a90b3) sll     ra, s5, gp
core   0: 3 0x8000b1dc (0x003a90b3) x 1 0x80000000
core   0: 0x8000b1e0 (0x9a942a37) lui     s4, 0x9a942
core   0: 3 0x8000b1e0 (0x9a942a37) x20 0x9a942000
core   0: 0x8000b1e4 (0x012753b3) srl     t2, a4, s2
core   0: 3 0x8000b1e4 (0x012753b3) x 7 0x80000000
core   0: 0x8000b1e8 (0x884fc593) xori    a1, t6, -1916
core   0: 3 0x8000b1e8 (0x884fc593) x11 0x9edf2ef0
core   0: 0x8000b1ec (0x00867d33) and     s10, a2, s0
core   0: 3 0x8000b1ec (0x00867d33) x26 0x00000000
core   0: 0x8000b1f0 (0x00317f33) and     t5, sp, gp
core   0: 3 0x8000b1f0 (0x00317f33) x30 0x00000000
core   0: 0x8000b1f4 (0x014379b3) and     s3, t1, s4
core   0: 3 0x8000b1f4 (0x014379b3) x19 0x00000000
core   0: 0x8000b1f8 (0x00bfc633) xor     a2, t6, a1
core   0: 3 0x8000b1f8 (0x00bfc633) x12 0xfffff884
core   0: 0x8000b1fc (0x84dbe193) ori     gp, s7, -1971
core   0: 3 0x8000b1fc (0x84dbe193) x 3 0xfffff84d
core   0: 0x8000b200 (0x00000013) nop
core   0: 3 0x8000b200 (0x00000013)
core   0: 0x8000b204 (0xb93abd93) sltiu   s11, s5, -1133
core   0: 3 0x8000b204 (0xb93abd93) x27 0x00000001
core   0: 0x8000b208 (0x006209b3) add     s3, tp, t1
core   0: 3 0x8000b208 (0x006209b3) x19 0x00000000
core   0: 0x8000b20c (0x4181de33) sra     t3, gp, s8
core   0: 3 0x8000b20c (0x4181de33) x28 0xfffff84d
core   0: 0x8000b210 (0x018211b3) sll     gp, tp, s8
core   0: 3 0x8000b210 (0x018211b3) x 3 0x00000000
core   0: 0x8000b214 (0x007f13b3) sll     t2, t5, t2
core   0: 3 0x8000b214 (0x007f13b3) x 7 0x00000000
core   0: 0x8000b218 (0x0053a1b3) slt     gp, t2, t0
core   0: 3 0x8000b218 (0x0053a1b3) x 3 0x00000000
core   0: 0x8000b21c (0x00ecfd33) and     s10, s9, a4
core   0: 3 0x8000b21c (0x00ecfd33) x26 0x80000000
core   0: 0x8000b220 (0x41150933) sub     s2, a0, a7
core   0: 3 0x8000b220 (0x41150933) x18 0xffffffff
core   0: 0x8000b224 (0x00ee3333) sltu    t1, t3, a4
core   0: 3 0x8000b224 (0x00ee3333) x 6 0x00000000
core   0: 0x8000b228 (0xa1226417) auipc   s0, 0xa1226
core   0: 3 0x8000b228 (0xa1226417) x 8 0x21231228
core   0: 0x8000b22c (0x0092f1b3) and     gp, t0, s1
core   0: 3 0x8000b22c (0x0092f1b3) x 3 0x80010000
core   0: 0x8000b230 (0x40e35a33) sra     s4, t1, a4
core   0: 3 0x8000b230 (0x40e35a33) x20 0x00000000
core   0: 0x8000b234 (0x0044db13) srli    s6, s1, 4
core   0: 3 0x8000b234 (0x0044db13) x22 0x080011ca
core   0: 0x8000b238 (0xfc347213) andi    tp, s0, -61
core   0: 3 0x8000b238 (0xfc347213) x 4 0x21231200
core   0: 0x8000b23c (0x00c75ab3) srl     s5, a4, a2
core   0: 3 0x8000b23c (0x00c75ab3) x21 0x08000000
core   0: 0x8000b240 (0x01ca17b3) sll     a5, s4, t3
core   0: 3 0x8000b240 (0x01ca17b3) x15 0x00000000
core   0: 0x8000b244 (0x00a39e33) sll     t3, t2, a0
core   0: 3 0x8000b244 (0x00a39e33) x28 0x00000000
core   0: 0x8000b248 (0x007fc1b3) xor     gp, t6, t2
core   0: 3 0x8000b248 (0x007fc1b3) x 3 0x6120d674
core   0: 0x8000b24c (0x00aff4b3) and     s1, t6, a0
core   0: 3 0x8000b24c (0x00aff4b3) x 9 0x6120d674
core   0: 0x8000b250 (0x002039b3) snez    s3, sp
core   0: 3 0x8000b250 (0x002039b3) x19 0x00000001
core   0: 0x8000b254 (0x194fb4b7) lui     s1, 0x194fb
core   0: 3 0x8000b254 (0x194fb4b7) x 9 0x194fb000
core   0: 0x8000b258 (0x42a4d817) auipc   a6, 0x42a4d
core   0: 3 0x8000b258 (0x42a4d817) x16 0xc2a58258
core   0: 0x8000b25c (0x01024133) xor     sp, tp, a6
core   0: 3 0x8000b25c (0x01024133) x 2 0xe3869058
core   0: 0x8000b260 (0x9ae82f17) auipc   t5, 0x9ae82
core   0: 3 0x8000b260 (0x9ae82f17) x30 0x1ae8d260
core   0: 0x8000b264 (0xe024aa93) slti    s5, s1, -510
core   0: 3 0x8000b264 (0xe024aa93) x21 0x00000000
core   0: 0x8000b268 (0x41918633) sub     a2, gp, s9
core   0: 3 0x8000b268 (0x41918633) x12 0xe11f7990
core   0: 0x8000b26c (0xe58cc037) lui     zero, 0xe58cc
core   0: 3 0x8000b26c (0xe58cc037)
core   0: 0x8000b270 (0x016f1413) slli    s0, t5, 22
core   0: 3 0x8000b270 (0x016f1413) x 8 0x98000000
core   0: 0x8000b274 (0x4bfdadb7) lui     s11, 0x4bfda
core   0: 3 0x8000b274 (0x4bfdadb7) x27 0x4bfda000
core   0: 0x8000b278 (0x65110393) addi    t2, sp, 1617
core   0: 3 0x8000b278 (0x65110393) x 7 0xe38696a9
core   0: 0x8000b27c (0x00ea8133) add     sp, s5, a4
core   0: 3 0x8000b27c (0x00ea8133) x 2 0x80000000
core   0: 0x8000b280 (0x55073113) sltiu   sp, a4, 1360
core   0: 3 0x8000b280 (0x55073113) x 2 0x00000000
core   0: 0x8000b284 (0x66346113) ori     sp, s0, 1635
core   0: 3 0x8000b284 (0x66346113) x 2 0x98000663
core   0: 0x8000b288 (0x01df0033) add     zero, t5, t4
core   0: 3 0x8000b288 (0x01df0033)
core   0: 0x8000b28c (0x00b6f333) and     t1, a3, a1
core   0: 3 0x8000b28c (0x00b6f333) x 6 0x00000000
core   0: 0x8000b290 (0x414fd213) srai    tp, t6, 20
core   0: 3 0x8000b290 (0x414fd213) x 4 0x00000612
core   0: 0x8000b294 (0x7a1a0d93) addi    s11, s4, 1953
core   0: 3 0x8000b294 (0x7a1a0d93) x27 0x000007a1
core   0: 0x8000b298 (0x60c20993) addi    s3, tp, 1548
core   0: 3 0x8000b298 (0x60c20993) x19 0x00000c1e
core   0: 0x8000b29c (0x01353f33) sltu    t5, a0, s3
core   0: 3 0x8000b29c (0x01353f33) x30 0x00000000
core   0: 0x8000b2a0 (0x00f8dfb3) srl     t6, a7, a5
core   0: 3 0x8000b2a0 (0x00f8dfb3) x31 0x00000000
core   0: 0x8000b2a4 (0x01308e33) add     t3, ra, s3
core   0: 3 0x8000b2a4 (0x01308e33) x28 0x80000c1e
core   0: 0x8000b2a8 (0xe2d9fa93) andi    s5, s3, -467
core   0: 3 0x8000b2a8 (0xe2d9fa93) x21 0x00000c0c
core   0: 0x8000b2ac (0x75b384b7) lui     s1, 0x75b38
core   0: 3 0x8000b2ac (0x75b384b7) x 9 0x75b38000
core   0: 0x8000b2b0 (0x41e25933) sra     s2, tp, t5
core   0: 3 0x8000b2b0 (0x41e25933) x18 0x00000612
core   0: 0x8000b2b4 (0x00491e33) sll     t3, s2, tp
core   0: 3 0x8000b2b4 (0x00491e33) x28 0x18480000
core   0: 0x8000b2b8 (0x403f8333) sub     t1, t6, gp
core   0: 3 0x8000b2b8 (0x403f8333) x 6 0x9edf298c
core   0: 0x8000b2bc (0xfad5ab13) slti    s6, a1, -83
core   0: 3 0x8000b2bc (0xfad5ab13) x22 0x00000001
core   0: 0x8000b2c0 (0x01d63833) sltu    a6, a2, t4
core   0: 3 0x8000b2c0 (0x01d63833) x16 0x00000000
core   0: 0x8000b2c4 (0x005ed1b3) srl     gp, t4, t0
core   0: 3 0x8000b2c4 (0x005ed1b3) x 3 0x80011e64
core   0: 0x8000b2c8 (0x41138b33) sub     s6, t2, a7
core   0: 3 0x8000b2c8 (0x41138b33) x22 0xe38696a9
core   0: 0x8000b2cc (0x98e57a93) andi    s5, a0, -1650
core   0: 3 0x8000b2cc (0x98e57a93) x21 0xfffff98e
core   0: 0x8000b2d0 (0xda9f2913) slti    s2, t5, -599
core   0: 3 0x8000b2d0 (0xda9f2913) x18 0x00000000
core   0: 0x8000b2d4 (0x2d99b937) lui     s2, 0x2d99b
core   0: 3 0x8000b2d4 (0x2d99b937) x18 0x2d99b000
core   0: 0x8000b2d8 (0x79320113) addi    sp, tp, 1939
core   0: 3 0x8000b2d8 (0x79320113) x 2 0x00000da5
core   0: 0x8000b2dc (0x00aa3f33) sltu    t5, s4, a0
core   0: 3 0x8000b2dc (0x00aa3f33) x30 0x00000001
core   0: 0x8000b2e0 (0xb9f803b7) lui     t2, 0xb9f80
core   0: 3 0x8000b2e0 (0xb9f803b7) x 7 0xb9f80000
core   0: 0x8000b2e4 (0x00100233) add     tp, zero, ra
core   0: 3 0x8000b2e4 (0x00100233) x 4 0x80000000
core   0: 0x8000b2e8 (0x00000717) auipc   a4, 0x0
core   0: 3 0x8000b2e8 (0x00000717) x14 0x8000b2e8
core   0: 0x8000b2ec (0x00c70713) addi    a4, a4, 12
core   0: 3 0x8000b2ec (0x00c70713) x14 0x8000b2f4
core   0: 0x8000b2f0 (0x00070067) jr      a4
core   0: 3 0x8000b2f0 (0x00070067)
core   0: 0x8000b2f4 (0x00100193) li      gp, 1
core   0: 3 0x8000b2f4 (0x00100193) x 3 0x00000001
core   0: 0x8000b2f8 (0x00000073) ecall
core   0: exception trap_machine_ecall, epc 0x8000b2f8
core   0: >>>>  mtvec_handler
core   0: 0x8000bd20 (0x0400006f) j       pc + 0x40
core   0: 3 0x8000bd20 (0x0400006f)
core   0: 0x8000bd60 (0xffcc8c93) addi    s9, s9, -4
core   0: 3 0x8000bd60 (0xffcc8c93) x25 0x80015ce0
core   0: 0x8000bd64 (0x01dca023) sw      t4, 0(s9)
core   0: 3 0x8000bd64 (0x01dca023) mem 0x80015ce0 0x80011e64
core   0: 0x8000bd68 (0x000c8eb3) add     t4, s9, zero
core   0: 3 0x8000bd68 (0x000c8eb3) x29 0x80015ce0
core   0: 0x8000bd6c (0xf80e8e93) addi    t4, t4, -128
core   0: 3 0x8000bd6c (0xf80e8e93) x29 0x80015c60
core   0: 0x8000bd70 (0x001ea223) sw      ra, 4(t4)
core   0: 3 0x8000bd70 (0x001ea223) mem 0x80015c64 0x80000000
core   0: 0x8000bd74 (0x002ea423) sw      sp, 8(t4)
core   0: 3 0x8000bd74 (0x002ea423) mem 0x80015c68 0x00000da5
core   0: 0x8000bd78 (0x003ea623) sw      gp, 12(t4)
core   0: 3 0x8000bd78 (0x003ea623) mem 0x80015c6c 0x00000001
core   0: 0x8000bd7c (0x004ea823) sw      tp, 16(t4)
core   0: 3 0x8000bd7c (0x004ea823) mem 0x80015c70 0x80000000
core   0: 0x8000bd80 (0x005eaa23) sw      t0, 20(t4)
core   0: 3 0x8000bd80 (0x005eaa23) mem 0x80015c74 0xc0596000
core   0: 0x8000bd84 (0x006eac23) sw      t1, 24(t4)
core   0: 3 0x8000bd84 (0x006eac23) mem 0x80015c78 0x9edf298c
core   0: 0x8000bd88 (0x007eae23) sw      t2, 28(t4)
core   0: 3 0x8000bd88 (0x007eae23) mem 0x80015c7c 0xb9f80000
core   0: 0x8000bd8c (0x028ea023) sw      s0, 32(t4)
core   0: 3 0x8000bd8c (0x028ea023) mem 0x80015c80 0x98000000
core   0: 0x8000bd90 (0x029ea223) sw      s1, 36(t4)
core   0: 3 0x8000bd90 (0x029ea223) mem 0x80015c84 0x75b38000
core   0: 0x8000bd94 (0x02aea423) sw      a0, 40(t4)
core   0: 3 0x8000bd94 (0x02aea423) mem 0x80015c88 0xffffffff
core   0: 0x8000bd98 (0x02bea623) sw      a1, 44(t4)
core   0: 3 0x8000bd98 (0x02bea623) mem 0x80015c8c 0x9edf2ef0
core   0: 0x8000bd9c (0x02cea823) sw      a2, 48(t4)
core   0: 3 0x8000bd9c (0x02cea823) mem 0x80015c90 0xe11f7990
core   0: 0x8000bda0 (0x02deaa23) sw      a3, 52(t4)
core   0: 3 0x8000bda0 (0x02deaa23) mem 0x80015c94 0x00000000
core   0: 0x8000bda4 (0x02eeac23) sw      a4, 56(t4)
core   0: 3 0x8000bda4 (0x02eeac23) mem 0x80015c98 0x8000b2f4
core   0: 0x8000bda8 (0x02feae23) sw      a5, 60(t4)
core   0: 3 0x8000bda8 (0x02feae23) mem 0x80015c9c 0x00000000
core   0: 0x8000bdac (0x050ea023) sw      a6, 64(t4)
core   0: 3 0x8000bdac (0x050ea023) mem 0x80015ca0 0x00000000
core   0: 0x8000bdb0 (0x051ea223) sw      a7, 68(t4)
core   0: 3 0x8000bdb0 (0x051ea223) mem 0x80015ca4 0x00000000
core   0: 0x8000bdb4 (0x052ea423) sw      s2, 72(t4)
core   0: 3 0x8000bdb4 (0x052ea423) mem 0x80015ca8 0x2d99b000
core   0: 0x8000bdb8 (0x053ea623) sw      s3, 76(t4)
core   0: 3 0x8000bdb8 (0x053ea623) mem 0x80015cac 0x00000c1e
core   0: 0x8000bdbc (0x054ea823) sw      s4, 80(t4)
core   0: 3 0x8000bdbc (0x054ea823) mem 0x80015cb0 0x00000000
core   0: 0x8000bdc0 (0x055eaa23) sw      s5, 84(t4)
core   0: 3 0x8000bdc0 (0x055eaa23) mem 0x80015cb4 0xfffff98e
core   0: 0x8000bdc4 (0x056eac23) sw      s6, 88(t4)
core   0: 3 0x8000bdc4 (0x056eac23) mem 0x80015cb8 0xe38696a9
core   0: 0x8000bdc8 (0x057eae23) sw      s7, 92(t4)
core   0: 3 0x8000bdc8 (0x057eae23) mem 0x80015cbc 0x00000001
core   0: 0x8000bdcc (0x078ea023) sw      s8, 96(t4)
core   0: 3 0x8000bdcc (0x078ea023) mem 0x80015cc0 0x00000000
core   0: 0x8000bdd0 (0x079ea223) sw      s9, 100(t4)
core   0: 3 0x8000bdd0 (0x079ea223) mem 0x80015cc4 0x80015ce0
core   0: 0x8000bdd4 (0x07aea423) sw      s10, 104(t4)
core   0: 3 0x8000bdd4 (0x07aea423) mem 0x80015cc8 0x80000000
core   0: 0x8000bdd8 (0x07bea623) sw      s11, 108(t4)
core   0: 3 0x8000bdd8 (0x07bea623) mem 0x80015ccc 0x000007a1
core   0: 0x8000bddc (0x07cea823) sw      t3, 112(t4)
core   0: 3 0x8000bddc (0x07cea823) mem 0x80015cd0 0x18480000
core   0: 0x8000bde0 (0x07deaa23) sw      t4, 116(t4)
core   0: 3 0x8000bde0 (0x07deaa23) mem 0x80015cd4 0x80015c60
core   0: 0x8000bde4 (0x07eeac23) sw      t5, 120(t4)
core   0: 3 0x8000bde4 (0x07eeac23) mem 0x80015cd8 0x00000001
core   0: 0x8000bde8 (0x07feae23) sw      t6, 124(t4)
core   0: 3 0x8000bde8 (0x07feae23) mem 0x80015cdc 0x00000000
core   0: 0x8000bdec (0x000e8cb3) add     s9, t4, zero
core   0: 3 0x8000bdec (0x000e8cb3) x25 0x80015c60
core   0: 0x8000bdf0 (0x341029f3) csrr    s3, mepc
core   0: 3 0x8000bdf0 (0x341029f3) x19 0x8000b2f8
core   0: 0x8000bdf4 (0x342029f3) csrr    s3, mcause
core   0: 3 0x8000bdf4 (0x342029f3) x19 0x0000000b
core   0: 0x8000bdf8 (0x00300493) li      s1, 3
core   0: 3 0x8000bdf8 (0x00300493) x 9 0x00000003
core   0: 0x8000bdfc (0x2a998a63) beq     s3, s1, pc + 692
core   0: 3 0x8000bdfc (0x2a998a63)
core   0: 0x8000be00 (0x00800493) li      s1, 8
core   0: 3 0x8000be00 (0x00800493) x 9 0x00000008
core   0: 0x8000be04 (0x04998e63) beq     s3, s1, pc + 92
core   0: 3 0x8000be04 (0x04998e63)
core   0: 0x8000be08 (0x00900493) li      s1, 9
core   0: 3 0x8000be08 (0x00900493) x 9 0x00000009
core   0: 0x8000be0c (0x04998a63) beq     s3, s1, pc + 84
core   0: 3 0x8000be0c (0x04998a63)
core   0: 0x8000be10 (0x00b00493) li      s1, 11
core   0: 3 0x8000be10 (0x00b00493) x 9 0x0000000b
core   0: 0x8000be14 (0x04998663) beq     s3, s1, pc + 76
core   0: 3 0x8000be14 (0x04998663)
core   0: 0x8000be60 (0xffff4997) auipc   s3, 0xffff4
core   0: 3 0x8000be60 (0xffff4997) x19 0x7ffffe60
core   0: 0x8000be64 (0x1a098993) addi    s3, s3, 416
core   0: 3 0x8000be64 (0x1a098993) x19 0x80000000
core   0: 0x8000be68 (0x0009a023) sw      zero, 0(s3)
core   0: 3 0x8000be68 (0x0009a023) mem 0x80000000 0x00000000
core   0: 0x8000be6c (0x0019a223) sw      ra, 4(s3)
core   0: 3 0x8000be6c (0x0019a223) mem 0x80000004 0x80000000
core   0: 0x8000be70 (0x0029a423) sw      sp, 8(s3)
core   0: 3 0x8000be70 (0x0029a423) mem 0x80000008 0x00000da5
core   0: 0x8000be74 (0x0039a623) sw      gp, 12(s3)
core   0: 3 0x8000be74 (0x0039a623) mem 0x8000000c 0x00000001
core   0: 0x8000be78 (0x0049a823) sw      tp, 16(s3)
core   0: 3 0x8000be78 (0x0049a823) mem 0x80000010 0x80000000
core   0: 0x8000be7c (0x0059aa23) sw      t0, 20(s3)
core   0: 3 0x8000be7c (0x0059aa23) mem 0x80000014 0xc0596000
core   0: 0x8000be80 (0x0069ac23) sw      t1, 24(s3)
core   0: 3 0x8000be80 (0x0069ac23) mem 0x80000018 0x9edf298c
core   0: 0x8000be84 (0x0079ae23) sw      t2, 28(s3)
core   0: 3 0x8000be84 (0x0079ae23) mem 0x8000001c 0xb9f80000
core   0: 0x8000be88 (0x0289a023) sw      s0, 32(s3)
core   0: 3 0x8000be88 (0x0289a023) mem 0x80000020 0x98000000
core   0: 0x8000be8c (0x0299a223) sw      s1, 36(s3)
core   0: 3 0x8000be8c (0x0299a223) mem 0x80000024 0x0000000b
core   0: 0x8000be90 (0x02a9a423) sw      a0, 40(s3)
core   0: 3 0x8000be90 (0x02a9a423) mem 0x80000028 0xffffffff
core   0: 0x8000be94 (0x02b9a623) sw      a1, 44(s3)
core   0: 3 0x8000be94 (0x02b9a623) mem 0x8000002c 0x9edf2ef0
core   0: 0x8000be98 (0x02c9a823) sw      a2, 48(s3)
core   0: 3 0x8000be98 (0x02c9a823) mem 0x80000030 0xe11f7990
core   0: 0x8000be9c (0x02d9aa23) sw      a3, 52(s3)
core   0: 3 0x8000be9c (0x02d9aa23) mem 0x80000034 0x00000000
core   0: 0x8000bea0 (0x02e9ac23) sw      a4, 56(s3)
core   0: 3 0x8000bea0 (0x02e9ac23) mem 0x80000038 0x8000b2f4
core   0: 0x8000bea4 (0x02f9ae23) sw      a5, 60(s3)
core   0: 3 0x8000bea4 (0x02f9ae23) mem 0x8000003c 0x00000000
core   0: 0x8000bea8 (0x0509a023) sw      a6, 64(s3)
core   0: 3 0x8000bea8 (0x0509a023) mem 0x80000040 0x00000000
core   0: 0x8000beac (0x0519a223) sw      a7, 68(s3)
core   0: 3 0x8000beac (0x0519a223) mem 0x80000044 0x00000000
core   0: 0x8000beb0 (0x0529a423) sw      s2, 72(s3)
core   0: 3 0x8000beb0 (0x0529a423) mem 0x80000048 0x2d99b000
core   0: 0x8000beb4 (0x0539a623) sw      s3, 76(s3)
core   0: 3 0x8000beb4 (0x0539a623) mem 0x8000004c 0x80000000
core   0: 0x8000beb8 (0x0549a823) sw      s4, 80(s3)
core   0: 3 0x8000beb8 (0x0549a823) mem 0x80000050 0x00000000
core   0: 0x8000bebc (0x0559aa23) sw      s5, 84(s3)
core   0: 3 0x8000bebc (0x0559aa23) mem 0x80000054 0xfffff98e
core   0: 0x8000bec0 (0x0569ac23) sw      s6, 88(s3)
core   0: 3 0x8000bec0 (0x0569ac23) mem 0x80000058 0xe38696a9
core   0: 0x8000bec4 (0x0579ae23) sw      s7, 92(s3)
core   0: 3 0x8000bec4 (0x0579ae23) mem 0x8000005c 0x00000001
core   0: 0x8000bec8 (0x0789a023) sw      s8, 96(s3)
core   0: 3 0x8000bec8 (0x0789a023) mem 0x80000060 0x00000000
core   0: 0x8000becc (0x0799a223) sw      s9, 100(s3)
core   0: 3 0x8000becc (0x0799a223) mem 0x80000064 0x80015c60
core   0: 0x8000bed0 (0x07a9a423) sw      s10, 104(s3)
core   0: 3 0x8000bed0 (0x07a9a423) mem 0x80000068 0x80000000
core   0: 0x8000bed4 (0x07b9a623) sw      s11, 108(s3)
core   0: 3 0x8000bed4 (0x07b9a623) mem 0x8000006c 0x000007a1
core   0: 0x8000bed8 (0x07c9a823) sw      t3, 112(s3)
core   0: 3 0x8000bed8 (0x07c9a823) mem 0x80000070 0x18480000
core   0: 0x8000bedc (0x07d9aa23) sw      t4, 116(s3)
core   0: 3 0x8000bedc (0x07d9aa23) mem 0x80000074 0x80015c60
core   0: 0x8000bee0 (0x07e9ac23) sw      t5, 120(s3)
core   0: 3 0x8000bee0 (0x07e9ac23) mem 0x80000078 0x00000001
core   0: 0x8000bee4 (0x07f9ae23) sw      t6, 124(s3)
core   0: 3 0x8000bee4 (0x07f9ae23) mem 0x8000007c 0x00000000
core   0: 0x8000bee8 (0xfffff717) auipc   a4, 0xfffff
core   0: 3 0x8000bee8 (0xfffff717) x14 0x8000aee8
core   0: 0x8000beec (0x41470713) addi    a4, a4, 1044
core   0: 3 0x8000beec (0x41470713) x14 0x8000b2fc
core   0: 0x8000bef0 (0x00070067) jr      a4
core   0: 3 0x8000bef0 (0x00070067)
core   0: 0x8000b2fc (0x00002f17) auipc   t5, 0x2
core   0: 3 0x8000b2fc (0x00002f17) x30 0x8000d2fc
core   0: 0x8000b300 (0xd03f2223) sw      gp, -764(t5)
core   0: 3 0x8000b300 (0xd03f2223) mem 0x8000d000 0x00000001
core   0: 0x8000b304 (0xff9ff06f) j       pc - 0x8
core   0: 3 0x8000b304 (0xff9ff06f)
core   0: 0x8000b2fc (0x00002f17) auipc   t5, 0x2
core   0: 3 0x8000b2fc (0x00002f17) x30 0x8000d2fc
core   0: 0x8000b300 (0xd03f2223) sw      gp, -764(t5)
core   0: 3 0x8000b300 (0xd03f2223) mem 0x8000d000 0x00000001
core   0: 0x8000b304 (0xff9ff06f) j       pc - 0x8
core   0: 3 0x8000b304 (0xff9ff06f)
core   0: 0x8000b2fc (0x00002f17) auipc   t5, 0x2
core   0: 3 0x8000b2fc (0x00002f17) x30 0x8000d2fc
core   0: 0x8000b300 (0xd03f2223) sw      gp, -764(t5)
core   0: 3 0x8000b300 (0xd03f2223) mem 0x8000d000 0x00000001
core   0: 0x8000b304 (0xff9ff06f) j       pc - 0x8
core   0: 3 0x8000b304 (0xff9ff06f)
core   0: 0x8000b2fc (0x00002f17) auipc   t5, 0x2
core   0: 3 0x8000b2fc (0x00002f17) x30 0x8000d2fc
core   0: 0x8000b300 (0xd03f2223) sw      gp, -764(t5)
core   0: 3 0x8000b300 (0xd03f2223) mem 0x8000d000 0x00000001
core   0: 0x8000b304 (0xff9ff06f) j       pc - 0x8
core   0: 3 0x8000b304 (0xff9ff06f)
core   0: 0x8000b2fc (0x00002f17) auipc   t5, 0x2
core   0: 3 0x8000b2fc (0x00002f17) x30 0x8000d2fc
core   0: 0x8000b300 (0xd03f2223) sw      gp, -764(t5)
core   0: 3 0x8000b300 (0xd03f2223) mem 0x8000d000 0x00000001
core   0: 0x8000b304 (0xff9ff06f) j       pc - 0x8
core   0: 3 0x8000b304 (0xff9ff06f)
core   0: 0x8000b2fc (0x00002f17) auipc   t5, 0x2
core   0: 3 0x8000b2fc (0x00002f17) x30 0x8000d2fc
core   0: 0x8000b300 (0xd03f2223) sw      gp, -764(t5)
core   0: 3 0x8000b300 (0xd03f2223) mem 0x8000d000 0x00000001
core   0: 0x8000b304 (0xff9ff06f) j       pc - 0x8
core   0: 3 0x8000b304 (0xff9ff06f)
core   0: 0x8000b2fc (0x00002f17) auipc   t5, 0x2
core   0: 3 0x8000b2fc (0x00002f17) x30 0x8000d2fc
core   0: 0x8000b300 (0xd03f2223) sw      gp, -764(t5)
core   0: 3 0x8000b300 (0xd03f2223) mem 0x8000d000 0x00000001
core   0: 0x8000b304 (0xff9ff06f) j       pc - 0x8
core   0: 3 0x8000b304 (0xff9ff06f)
core   0: 0x8000b2fc (0x00002f17) auipc   t5, 0x2
core   0: 3 0x8000b2fc (0x00002f17) x30 0x8000d2fc
core   0: 0x8000b300 (0xd03f2223) sw      gp, -764(t5)
core   0: 3 0x8000b300 (0xd03f2223) mem 0x8000d000 0x00000001
core   0: 0x8000b304 (0xff9ff06f) j       pc - 0x8
core   0: 3 0x8000b304 (0xff9ff06f)
core   0: 0x8000b2fc (0x00002f17) auipc   t5, 0x2
core   0: 3 0x8000b2fc (0x00002f17) x30 0x8000d2fc
core   0: 0x8000b300 (0xd03f2223) sw      gp, -764(t5)
core   0: 3 0x8000b300 (0xd03f2223) mem 0x8000d000 0x00000001
core   0: 0x8000b304 (0xff9ff06f) j       pc - 0x8
core   0: 3 0x8000b304 (0xff9ff06f)
core   0: 0x8000b2fc (0x00002f17) auipc   t5, 0x2
core   0: 3 0x8000b2fc (0x00002f17) x30 0x8000d2fc
core   0: 0x8000b300 (0xd03f2223) sw      gp, -764(t5)
core   0: 3 0x8000b300 (0xd03f2223) mem 0x8000d000 0x00000001
core   0: 0x8000b304 (0xff9ff06f) j       pc - 0x8
core   0: 3 0x8000b304 (0xff9ff06f)
core   0: 0x8000b2fc (0x00002f17) auipc   t5, 0x2
core   0: 3 0x8000b2fc (0x00002f17) x30 0x8000d2fc
core   0: 0x8000b300 (0xd03f2223) sw      gp, -764(t5)
core   0: 3 0x8000b300 (0xd03f2223) mem 0x8000d000 0x00000001
core   0: 0x8000b304 (0xff9ff06f) j       pc - 0x8
core   0: 3 0x8000b304 (0xff9ff06f)
core   0: 0x8000b2fc (0x00002f17) auipc   t5, 0x2
core   0: 3 0x8000b2fc (0x00002f17) x30 0x8000d2fc
core   0: 0x8000b300 (0xd03f2223) sw      gp, -764(t5)
core   0: 3 0x8000b300 (0xd03f2223) mem 0x8000d000 0x00000001
core   0: 0x8000b304 (0xff9ff06f) j       pc - 0x8
core   0: 3 0x8000b304 (0xff9ff06f)
core   0: 0x8000b2fc (0x00002f17) auipc   t5, 0x2
core   0: 3 0x8000b2fc (0x00002f17) x30 0x8000d2fc
core   0: 0x8000b300 (0xd03f2223) sw      gp, -764(t5)
core   0: 3 0x8000b300 (0xd03f2223) mem 0x8000d000 0x00000001
core   0: 0x8000b304 (0xff9ff06f) j       pc - 0x8
core   0: 3 0x8000b304 (0xff9ff06f)
core   0: 0x8000b2fc (0x00002f17) auipc   t5, 0x2
core   0: 3 0x8000b2fc (0x00002f17) x30 0x8000d2fc
core   0: 0x8000b300 (0xd03f2223) sw      gp, -764(t5)
core   0: 3 0x8000b300 (0xd03f2223) mem 0x8000d000 0x00000001
core   0: 0x8000b304 (0xff9ff06f) j       pc - 0x8
core   0: 3 0x8000b304 (0xff9ff06f)
core   0: 0x8000b2fc (0x00002f17) auipc   t5, 0x2
core   0: 3 0x8000b2fc (0x00002f17) x30 0x8000d2fc
core   0: 0x8000b300 (0xd03f2223) sw      gp, -764(t5)
core   0: 3 0x8000b300 (0xd03f2223) mem 0x8000d000 0x00000001
core   0: 0x8000b304 (0xff9ff06f) j       pc - 0x8
core   0: 3 0x8000b304 (0xff9ff06f)
core   0: 0x8000b2fc (0x00002f17) auipc   t5, 0x2
core   0: 3 0x8000b2fc (0x00002f17) x30 0x8000d2fc
core   0: 0x8000b300 (0xd03f2223) sw      gp, -764(t5)
core   0: 3 0x8000b300 (0xd03f2223) mem 0x8000d000 0x00000001
core   0: 0x8000b304 (0xff9ff06f) j       pc - 0x8
core   0: 3 0x8000b304 (0xff9ff06f)
core   0: 0x8000b2fc (0x00002f17) auipc   t5, 0x2
core   0: 3 0x8000b2fc (0x00002f17) x30 0x8000d2fc
core   0: 0x8000b300 (0xd03f2223) sw      gp, -764(t5)
core   0: 3 0x8000b300 (0xd03f2223) mem 0x8000d000 0x00000001
core   0: 0x8000b304 (0xff9ff06f) j       pc - 0x8
core   0: 3 0x8000b304 (0xff9ff06f)
core   0: 0x8000b2fc (0x00002f17) auipc   t5, 0x2
core   0: 3 0x8000b2fc (0x00002f17) x30 0x8000d2fc
core   0: 0x8000b300 (0xd03f2223) sw      gp, -764(t5)
core   0: 3 0x8000b300 (0xd03f2223) mem 0x8000d000 0x00000001
core   0: 0x8000b304 (0xff9ff06f) j       pc - 0x8
core   0: 3 0x8000b304 (0xff9ff06f)
core   0: 0x8000b2fc (0x00002f17) auipc   t5, 0x2
core   0: 3 0x8000b2fc (0x00002f17) x30 0x8000d2fc
core   0: 0x8000b300 (0xd03f2223) sw      gp, -764(t5)
core   0: 3 0x8000b300 (0xd03f2223) mem 0x8000d000 0x00000001
core   0: 0x8000b304 (0xff9ff06f) j       pc - 0x8
core   0: 3 0x8000b304 (0xff9ff06f)
core   0: 0x8000b2fc (0x00002f17) auipc   t5, 0x2
core   0: 3 0x8000b2fc (0x00002f17) x30 0x8000d2fc
core   0: 0x8000b300 (0xd03f2223) sw      gp, -764(t5)
core   0: 3 0x8000b300 (0xd03f2223) mem 0x8000d000 0x00000001
core   0: 0x8000b304 (0xff9ff06f) j       pc - 0x8
core   0: 3 0x8000b304 (0xff9ff06f)
core   0: 0x8000b2fc (0x00002f17) auipc   t5, 0x2
core   0: 3 0x8000b2fc (0x00002f17) x30 0x8000d2fc
core   0: 0x8000b300 (0xd03f2223) sw      gp, -764(t5)
core   0: 3 0x8000b300 (0xd03f2223) mem 0x8000d000 0x00000001
core   0: 0x8000b304 (0xff9ff06f) j       pc - 0x8
core   0: 3 0x8000b304 (0xff9ff06f)
core   0: 0x8000b2fc (0x00002f17) auipc   t5, 0x2
core   0: 3 0x8000b2fc (0x00002f17) x30 0x8000d2fc
core   0: 0x8000b300 (0xd03f2223) sw      gp, -764(t5)
core   0: 3 0x8000b300 (0xd03f2223) mem 0x8000d000 0x00000001
core   0: 0x8000b304 (0xff9ff06f) j       pc - 0x8
core   0: 3 0x8000b304 (0xff9ff06f)
core   0: 0x8000b2fc (0x00002f17) auipc   t5, 0x2
core   0: 3 0x8000b2fc (0x00002f17) x30 0x8000d2fc
core   0: 0x8000b300 (0xd03f2223) sw      gp, -764(t5)
core   0: 3 0x8000b300 (0xd03f2223) mem 0x8000d000 0x00000001
core   0: 0x8000b304 (0xff9ff06f) j       pc - 0x8
core   0: 3 0x8000b304 (0xff9ff06f)
core   0: 0x8000b2fc (0x00002f17) auipc   t5, 0x2
core   0: 3 0x8000b2fc (0x00002f17) x30 0x8000d2fc
core   0: 0x8000b300 (0xd03f2223) sw      gp, -764(t5)
core   0: 3 0x8000b300 (0xd03f2223) mem 0x8000d000 0x00000001
core   0: 0x8000b304 (0xff9ff06f) j       pc - 0x8
core   0: 3 0x8000b304 (0xff9ff06f)
core   0: 0x8000b2fc (0x00002f17) auipc   t5, 0x2
core   0: 3 0x8000b2fc (0x00002f17) x30 0x8000d2fc
core   0: 0x8000b300 (0xd03f2223) sw      gp, -764(t5)
core   0: 3 0x8000b300 (0xd03f2223) mem 0x8000d000 0x00000001
core   0: 0x8000b304 (0xff9ff06f) j       pc - 0x8
core   0: 3 0x8000b304 (0xff9ff06f)
core   0: 0x8000b2fc (0x00002f17) auipc   t5, 0x2
core   0: 3 0x8000b2fc (0x00002f17) x30 0x8000d2fc
core   0: 0x8000b300 (0xd03f2223) sw      gp, -764(t5)
core   0: 3 0x8000b300 (0xd03f2223) mem 0x8000d000 0x00000001
core   0: 0x8000b304 (0xff9ff06f) j       pc - 0x8
core   0: 3 0x8000b304 (0xff9ff06f)
core   0: 0x8000b2fc (0x00002f17) auipc   t5, 0x2
core   0: 3 0x8000b2fc (0x00002f17) x30 0x8000d2fc
core   0: 0x8000b300 (0xd03f2223) sw      gp, -764(t5)
core   0: 3 0x8000b300 (0xd03f2223) mem 0x8000d000 0x00000001
core   0: 0x8000b304 (0xff9ff06f) j       pc - 0x8
core   0: 3 0x8000b304 (0xff9ff06f)
core   0: 0x8000b2fc (0x00002f17) auipc   t5, 0x2
core   0: 3 0x8000b2fc (0x00002f17) x30 0x8000d2fc
core   0: 0x8000b300 (0xd03f2223) sw      gp, -764(t5)
core   0: 3 0x8000b300 (0xd03f2223) mem 0x8000d000 0x00000001
core   0: 0x8000b304 (0xff9ff06f) j       pc - 0x8
core   0: 3 0x8000b304 (0xff9ff06f)
core   0: 0x8000b2fc (0x00002f17) auipc   t5, 0x2
core   0: 3 0x8000b2fc (0x00002f17) x30 0x8000d2fc
core   0: 0x8000b300 (0xd03f2223) sw      gp, -764(t5)
core   0: 3 0x8000b300 (0xd03f2223) mem 0x8000d000 0x00000001
core   0: 0x8000b304 (0xff9ff06f) j       pc - 0x8
core   0: 3 0x8000b304 (0xff9ff06f)
core   0: 0x8000b2fc (0x00002f17) auipc   t5, 0x2
core   0: 3 0x8000b2fc (0x00002f17) x30 0x8000d2fc
core   0: 0x8000b300 (0xd03f2223) sw      gp, -764(t5)
core   0: 3 0x8000b300 (0xd03f2223) mem 0x8000d000 0x00000001
core   0: 0x8000b304 (0xff9ff06f) j       pc - 0x8
core   0: 3 0x8000b304 (0xff9ff06f)
core   0: 0x8000b2fc (0x00002f17) auipc   t5, 0x2
core   0: 3 0x8000b2fc (0x00002f17) x30 0x8000d2fc
core   0: 0x8000b300 (0xd03f2223) sw      gp, -764(t5)
core   0: 3 0x8000b300 (0xd03f2223) mem 0x8000d000 0x00000001
core   0: 0x8000b304 (0xff9ff06f) j       pc - 0x8
core   0: 3 0x8000b304 (0xff9ff06f)
core   0: 0x8000b2fc (0x00002f17) auipc   t5, 0x2
core   0: 3 0x8000b2fc (0x00002f17) x30 0x8000d2fc
core   0: 0x8000b300 (0xd03f2223) sw      gp, -764(t5)
core   0: 3 0x8000b300 (0xd03f2223) mem 0x8000d000 0x00000001
core   0: 0x8000b304 (0xff9ff06f) j       pc - 0x8
core   0: 3 0x8000b304 (0xff9ff06f)
core   0: 0x8000b2fc (0x00002f17) auipc   t5, 0x2
core   0: 3 0x8000b2fc (0x00002f17) x30 0x8000d2fc
core   0: 0x8000b300 (0xd03f2223) sw      gp, -764(t5)
core   0: 3 0x8000b300 (0xd03f2223) mem 0x8000d000 0x00000001
core   0: 0x8000b304 (0xff9ff06f) j       pc - 0x8
core   0: 3 0x8000b304 (0xff9ff06f)
core   0: 0x8000b2fc (0x00002f17) auipc   t5, 0x2
core   0: 3 0x8000b2fc (0x00002f17) x30 0x8000d2fc
core   0: 0x8000b300 (0xd03f2223) sw      gp, -764(t5)
core   0: 3 0x8000b300 (0xd03f2223) mem 0x8000d000 0x00000001
core   0: 0x8000b304 (0xff9ff06f) j       pc - 0x8
core   0: 3 0x8000b304 (0xff9ff06f)
core   0: 0x8000b2fc (0x00002f17) auipc   t5, 0x2
core   0: 3 0x8000b2fc (0x00002f17) x30 0x8000d2fc
core   0: 0x8000b300 (0xd03f2223) sw      gp, -764(t5)
core   0: 3 0x8000b300 (0xd03f2223) mem 0x8000d000 0x00000001
core   0: 0x8000b304 (0xff9ff06f) j       pc - 0x8
core   0: 3 0x8000b304 (0xff9ff06f)
core   0: 0x8000b2fc (0x00002f17) auipc   t5, 0x2
core   0: 3 0x8000b2fc (0x00002f17) x30 0x8000d2fc
core   0: 0x8000b300 (0xd03f2223) sw      gp, -764(t5)
core   0: 3 0x8000b300 (0xd03f2223) mem 0x8000d000 0x00000001
core   0: 0x8000b304 (0xff9ff06f) j       pc - 0x8
core   0: 3 0x8000b304 (0xff9ff06f)
core   0: 0x8000b2fc (0x00002f17) auipc   t5, 0x2
core   0: 3 0x8000b2fc (0x00002f17) x30 0x8000d2fc
core   0: 0x8000b300 (0xd03f2223) sw      gp, -764(t5)
core   0: 3 0x8000b300 (0xd03f2223) mem 0x8000d000 0x00000001
core   0: 0x8000b304 (0xff9ff06f) j       pc - 0x8
core   0: 3 0x8000b304 (0xff9ff06f)
core   0: 0x8000b2fc (0x00002f17) auipc   t5, 0x2
core   0: 3 0x8000b2fc (0x00002f17) x30 0x8000d2fc
core   0: 0x8000b300 (0xd03f2223) sw      gp, -764(t5)
core   0: 3 0x8000b300 (0xd03f2223) mem 0x8000d000 0x00000001
core   0: 0x8000b304 (0xff9ff06f) j       pc - 0x8
core   0: 3 0x8000b304 (0xff9ff06f)
core   0: 0x8000b2fc (0x00002f17) auipc   t5, 0x2
core   0: 3 0x8000b2fc (0x00002f17) x30 0x8000d2fc
core   0: 0x8000b300 (0xd03f2223) sw      gp, -764(t5)
core   0: 3 0x8000b300 (0xd03f2223) mem 0x8000d000 0x00000001
core   0: 0x8000b304 (0xff9ff06f) j       pc - 0x8
core   0: 3 0x8000b304 (0xff9ff06f)
core   0: 0x8000b2fc (0x00002f17) auipc   t5, 0x2
core   0: 3 0x8000b2fc (0x00002f17) x30 0x8000d2fc
core   0: 0x8000b300 (0xd03f2223) sw      gp, -764(t5)
core   0: 3 0x8000b300 (0xd03f2223) mem 0x8000d000 0x00000001
core   0: 0x8000b304 (0xff9ff06f) j       pc - 0x8
core   0: 3 0x8000b304 (0xff9ff06f)
core   0: 0x8000b2fc (0x00002f17) auipc   t5, 0x2
core   0: 3 0x8000b2fc (0x00002f17) x30 0x8000d2fc
core   0: 0x8000b300 (0xd03f2223) sw      gp, -764(t5)
core   0: 3 0x8000b300 (0xd03f2223) mem 0x8000d000 0x00000001
core   0: 0x8000b304 (0xff9ff06f) j       pc - 0x8
core   0: 3 0x8000b304 (0xff9ff06f)
core   0: 0x8000b2fc (0x00002f17) auipc   t5, 0x2
core   0: 3 0x8000b2fc (0x00002f17) x30 0x8000d2fc
core   0: 0x8000b300 (0xd03f2223) sw      gp, -764(t5)
core   0: 3 0x8000b300 (0xd03f2223) mem 0x8000d000 0x00000001
core   0: 0x8000b304 (0xff9ff06f) j       pc - 0x8
core   0: 3 0x8000b304 (0xff9ff06f)
core   0: 0x8000b2fc (0x00002f17) auipc   t5, 0x2
core   0: 3 0x8000b2fc (0x00002f17) x30 0x8000d2fc
core   0: 0x8000b300 (0xd03f2223) sw      gp, -764(t5)
core   0: 3 0x8000b300 (0xd03f2223) mem 0x8000d000 0x00000001
core   0: 0x8000b304 (0xff9ff06f) j       pc - 0x8
core   0: 3 0x8000b304 (0xff9ff06f)
core   0: 0x8000b2fc (0x00002f17) auipc   t5, 0x2
core   0: 3 0x8000b2fc (0x00002f17) x30 0x8000d2fc
core   0: 0x8000b300 (0xd03f2223) sw      gp, -764(t5)
core   0: 3 0x8000b300 (0xd03f2223) mem 0x8000d000 0x00000001
core   0: 0x8000b304 (0xff9ff06f) j       pc - 0x8
core   0: 3 0x8000b304 (0xff9ff06f)
core   0: 0x8000b2fc (0x00002f17) auipc   t5, 0x2
core   0: 3 0x8000b2fc (0x00002f17) x30 0x8000d2fc
core   0: 0x8000b300 (0xd03f2223) sw      gp, -764(t5)
core   0: 3 0x8000b300 (0xd03f2223) mem 0x8000d000 0x00000001
core   0: 0x8000b304 (0xff9ff06f) j       pc - 0x8
core   0: 3 0x8000b304 (0xff9ff06f)
core   0: 0x8000b2fc (0x00002f17) auipc   t5, 0x2
core   0: 3 0x8000b2fc (0x00002f17) x30 0x8000d2fc
core   0: 0x8000b300 (0xd03f2223) sw      gp, -764(t5)
core   0: 3 0x8000b300 (0xd03f2223) mem 0x8000d000 0x00000001
core   0: 0x8000b304 (0xff9ff06f) j       pc - 0x8
core   0: 3 0x8000b304 (0xff9ff06f)
core   0: 0x8000b2fc (0x00002f17) auipc   t5, 0x2
core   0: 3 0x8000b2fc (0x00002f17) x30 0x8000d2fc
core   0: 0x8000b300 (0xd03f2223) sw      gp, -764(t5)
core   0: 3 0x8000b300 (0xd03f2223) mem 0x8000d000 0x00000001
core   0: 0x8000b304 (0xff9ff06f) j       pc - 0x8
core   0: 3 0x8000b304 (0xff9ff06f)
core   0: 0x8000b2fc (0x00002f17) auipc   t5, 0x2
core   0: 3 0x8000b2fc (0x00002f17) x30 0x8000d2fc
core   0: 0x8000b300 (0xd03f2223) sw      gp, -764(t5)
core   0: 3 0x8000b300 (0xd03f2223) mem 0x8000d000 0x00000001
core   0: 0x8000b304 (0xff9ff06f) j       pc - 0x8
core   0: 3 0x8000b304 (0xff9ff06f)
core   0: 0x8000b2fc (0x00002f17) auipc   t5, 0x2
core   0: 3 0x8000b2fc (0x00002f17) x30 0x8000d2fc
core   0: 0x8000b300 (0xd03f2223) sw      gp, -764(t5)
core   0: 3 0x8000b300 (0xd03f2223) mem 0x8000d000 0x00000001
core   0: 0x8000b304 (0xff9ff06f) j       pc - 0x8
core   0: 3 0x8000b304 (0xff9ff06f)
core   0: 0x8000b2fc (0x00002f17) auipc   t5, 0x2
core   0: 3 0x8000b2fc (0x00002f17) x30 0x8000d2fc
core   0: 0x8000b300 (0xd03f2223) sw      gp, -764(t5)
core   0: 3 0x8000b300 (0xd03f2223) mem 0x8000d000 0x00000001
core   0: 0x8000b304 (0xff9ff06f) j       pc - 0x8
core   0: 3 0x8000b304 (0xff9ff06f)
core   0: 0x8000b2fc (0x00002f17) auipc   t5, 0x2
core   0: 3 0x8000b2fc (0x00002f17) x30 0x8000d2fc
core   0: 0x8000b300 (0xd03f2223) sw      gp, -764(t5)
core   0: 3 0x8000b300 (0xd03f2223) mem 0x8000d000 0x00000001
core   0: 0x8000b304 (0xff9ff06f) j       pc - 0x8
core   0: 3 0x8000b304 (0xff9ff06f)
core   0: 0x8000b2fc (0x00002f17) auipc   t5, 0x2
core   0: 3 0x8000b2fc (0x00002f17) x30 0x8000d2fc
core   0: 0x8000b300 (0xd03f2223) sw      gp, -764(t5)
core   0: 3 0x8000b300 (0xd03f2223) mem 0x8000d000 0x00000001
core   0: 0x8000b304 (0xff9ff06f) j       pc - 0x8
core   0: 3 0x8000b304 (0xff9ff06f)
core   0: 0x8000b2fc (0x00002f17) auipc   t5, 0x2
core   0: 3 0x8000b2fc (0x00002f17) x30 0x8000d2fc
core   0: 0x8000b300 (0xd03f2223) sw      gp, -764(t5)
core   0: 3 0x8000b300 (0xd03f2223) mem 0x8000d000 0x00000001
core   0: 0x8000b304 (0xff9ff06f) j       pc - 0x8
core   0: 3 0x8000b304 (0xff9ff06f)
core   0: 0x8000b2fc (0x00002f17) auipc   t5, 0x2
core   0: 3 0x8000b2fc (0x00002f17) x30 0x8000d2fc
core   0: 0x8000b300 (0xd03f2223) sw      gp, -764(t5)
core   0: 3 0x8000b300 (0xd03f2223) mem 0x8000d000 0x00000001
core   0: 0x8000b304 (0xff9ff06f) j       pc - 0x8
core   0: 3 0x8000b304 (0xff9ff06f)
core   0: 0x8000b2fc (0x00002f17) auipc   t5, 0x2
core   0: 3 0x8000b2fc (0x00002f17) x30 0x8000d2fc
core   0: 0x8000b300 (0xd03f2223) sw      gp, -764(t5)
core   0: 3 0x8000b300 (0xd03f2223) mem 0x8000d000 0x00000001
core   0: 0x8000b304 (0xff9ff06f) j       pc - 0x8
core   0: 3 0x8000b304 (0xff9ff06f)
core   0: 0x8000b2fc (0x00002f17) auipc   t5, 0x2
core   0: 3 0x8000b2fc (0x00002f17) x30 0x8000d2fc
core   0: 0x8000b300 (0xd03f2223) sw      gp, -764(t5)
core   0: 3 0x8000b300 (0xd03f2223) mem 0x8000d000 0x00000001
core   0: 0x8000b304 (0xff9ff06f) j       pc - 0x8
core   0: 3 0x8000b304 (0xff9ff06f)
core   0: 0x8000b2fc (0x00002f17) auipc   t5, 0x2
core   0: 3 0x8000b2fc (0x00002f17) x30 0x8000d2fc
core   0: 0x8000b300 (0xd03f2223) sw      gp, -764(t5)
core   0: 3 0x8000b300 (0xd03f2223) mem 0x8000d000 0x00000001
core   0: 0x8000b304 (0xff9ff06f) j       pc - 0x8
core   0: 3 0x8000b304 (0xff9ff06f)
core   0: 0x8000b2fc (0x00002f17) auipc   t5, 0x2
core   0: 3 0x8000b2fc (0x00002f17) x30 0x8000d2fc
core   0: 0x8000b300 (0xd03f2223) sw      gp, -764(t5)
core   0: 3 0x8000b300 (0xd03f2223) mem 0x8000d000 0x00000001
core   0: 0x8000b304 (0xff9ff06f) j       pc - 0x8
core   0: 3 0x8000b304 (0xff9ff06f)
core   0: 0x8000b2fc (0x00002f17) auipc   t5, 0x2
core   0: 3 0x8000b2fc (0x00002f17) x30 0x8000d2fc
core   0: 0x8000b300 (0xd03f2223) sw      gp, -764(t5)
core   0: 3 0x8000b300 (0xd03f2223) mem 0x8000d000 0x00000001
core   0: 0x8000b304 (0xff9ff06f) j       pc - 0x8
core   0: 3 0x8000b304 (0xff9ff06f)
core   0: 0x8000b2fc (0x00002f17) auipc   t5, 0x2
core   0: 3 0x8000b2fc (0x00002f17) x30 0x8000d2fc
core   0: 0x8000b300 (0xd03f2223) sw      gp, -764(t5)
core   0: 3 0x8000b300 (0xd03f2223) mem 0x8000d000 0x00000001
core   0: 0x8000b304 (0xff9ff06f) j       pc - 0x8
core   0: 3 0x8000b304 (0xff9ff06f)
core   0: 0x8000b2fc (0x00002f17) auipc   t5, 0x2
core   0: 3 0x8000b2fc (0x00002f17) x30 0x8000d2fc
core   0: 0x8000b300 (0xd03f2223) sw      gp, -764(t5)
core   0: 3 0x8000b300 (0xd03f2223) mem 0x8000d000 0x00000001
core   0: 0x8000b304 (0xff9ff06f) j       pc - 0x8
core   0: 3 0x8000b304 (0xff9ff06f)
core   0: 0x8000b2fc (0x00002f17) auipc   t5, 0x2
core   0: 3 0x8000b2fc (0x00002f17) x30 0x8000d2fc
core   0: 0x8000b300 (0xd03f2223) sw      gp, -764(t5)
core   0: 3 0x8000b300 (0xd03f2223) mem 0x8000d000 0x00000001
core   0: 0x8000b304 (0xff9ff06f) j       pc - 0x8
core   0: 3 0x8000b304 (0xff9ff06f)
core   0: 0x8000b2fc (0x00002f17) auipc   t5, 0x2
core   0: 3 0x8000b2fc (0x00002f17) x30 0x8000d2fc
core   0: 0x8000b300 (0xd03f2223) sw      gp, -764(t5)
core   0: 3 0x8000b300 (0xd03f2223) mem 0x8000d000 0x00000001
core   0: 0x8000b304 (0xff9ff06f) j       pc - 0x8
core   0: 3 0x8000b304 (0xff9ff06f)
core   0: 0x8000b2fc (0x00002f17) auipc   t5, 0x2
core   0: 3 0x8000b2fc (0x00002f17) x30 0x8000d2fc
core   0: 0x8000b300 (0xd03f2223) sw      gp, -764(t5)
core   0: 3 0x8000b300 (0xd03f2223) mem 0x8000d000 0x00000001
core   0: 0x8000b304 (0xff9ff06f) j       pc - 0x8
core   0: 3 0x8000b304 (0xff9ff06f)
core   0: 0x8000b2fc (0x00002f17) auipc   t5, 0x2
core   0: 3 0x8000b2fc (0x00002f17) x30 0x8000d2fc
core   0: 0x8000b300 (0xd03f2223) sw      gp, -764(t5)
core   0: 3 0x8000b300 (0xd03f2223) mem 0x8000d000 0x00000001
core   0: 0x8000b304 (0xff9ff06f) j       pc - 0x8
core   0: 3 0x8000b304 (0xff9ff06f)
core   0: 0x8000b2fc (0x00002f17) auipc   t5, 0x2
core   0: 3 0x8000b2fc (0x00002f17) x30 0x8000d2fc
core   0: 0x8000b300 (0xd03f2223) sw      gp, -764(t5)
core   0: 3 0x8000b300 (0xd03f2223) mem 0x8000d000 0x00000001
core   0: 0x8000b304 (0xff9ff06f) j       pc - 0x8
core   0: 3 0x8000b304 (0xff9ff06f)
core   0: 0x8000b2fc (0x00002f17) auipc   t5, 0x2
core   0: 3 0x8000b2fc (0x00002f17) x30 0x8000d2fc
core   0: 0x8000b300 (0xd03f2223) sw      gp, -764(t5)
core   0: 3 0x8000b300 (0xd03f2223) mem 0x8000d000 0x00000001
core   0: 0x8000b304 (0xff9ff06f) j       pc - 0x8
core   0: 3 0x8000b304 (0xff9ff06f)
core   0: 0x8000b2fc (0x00002f17) auipc   t5, 0x2
core   0: 3 0x8000b2fc (0x00002f17) x30 0x8000d2fc
core   0: 0x8000b300 (0xd03f2223) sw      gp, -764(t5)
core   0: 3 0x8000b300 (0xd03f2223) mem 0x8000d000 0x00000001
core   0: 0x8000b304 (0xff9ff06f) j       pc - 0x8
core   0: 3 0x8000b304 (0xff9ff06f)
core   0: 0x8000b2fc (0x00002f17) auipc   t5, 0x2
core   0: 3 0x8000b2fc (0x00002f17) x30 0x8000d2fc
core   0: 0x8000b300 (0xd03f2223) sw      gp, -764(t5)
core   0: 3 0x8000b300 (0xd03f2223) mem 0x8000d000 0x00000001
core   0: 0x8000b304 (0xff9ff06f) j       pc - 0x8
core   0: 3 0x8000b304 (0xff9ff06f)
core   0: 0x8000b2fc (0x00002f17) auipc   t5, 0x2
core   0: 3 0x8000b2fc (0x00002f17) x30 0x8000d2fc
core   0: 0x8000b300 (0xd03f2223) sw      gp, -764(t5)
core   0: 3 0x8000b300 (0xd03f2223) mem 0x8000d000 0x00000001
core   0: 0x8000b304 (0xff9ff06f) j       pc - 0x8
core   0: 3 0x8000b304 (0xff9ff06f)
core   0: 0x8000b2fc (0x00002f17) auipc   t5, 0x2
core   0: 3 0x8000b2fc (0x00002f17) x30 0x8000d2fc
core   0: 0x8000b300 (0xd03f2223) sw      gp, -764(t5)
core   0: 3 0x8000b300 (0xd03f2223) mem 0x8000d000 0x00000001
core   0: 0x8000b304 (0xff9ff06f) j       pc - 0x8
core   0: 3 0x8000b304 (0xff9ff06f)
core   0: 0x8000b2fc (0x00002f17) auipc   t5, 0x2
core   0: 3 0x8000b2fc (0x00002f17) x30 0x8000d2fc
core   0: 0x8000b300 (0xd03f2223) sw      gp, -764(t5)
core   0: 3 0x8000b300 (0xd03f2223) mem 0x8000d000 0x00000001
core   0: 0x8000b304 (0xff9ff06f) j       pc - 0x8
core   0: 3 0x8000b304 (0xff9ff06f)
core   0: 0x8000b2fc (0x00002f17) auipc   t5, 0x2
core   0: 3 0x8000b2fc (0x00002f17) x30 0x8000d2fc
core   0: 0x8000b300 (0xd03f2223) sw      gp, -764(t5)
core   0: 3 0x8000b300 (0xd03f2223) mem 0x8000d000 0x00000001
core   0: 0x8000b304 (0xff9ff06f) j       pc - 0x8
core   0: 3 0x8000b304 (0xff9ff06f)
core   0: 0x8000b2fc (0x00002f17) auipc   t5, 0x2
core   0: 3 0x8000b2fc (0x00002f17) x30 0x8000d2fc
core   0: 0x8000b300 (0xd03f2223) sw      gp, -764(t5)
core   0: 3 0x8000b300 (0xd03f2223) mem 0x8000d000 0x00000001
core   0: 0x8000b304 (0xff9ff06f) j       pc - 0x8
core   0: 3 0x8000b304 (0xff9ff06f)
core   0: 0x8000b2fc (0x00002f17) auipc   t5, 0x2
core   0: 3 0x8000b2fc (0x00002f17) x30 0x8000d2fc
core   0: 0x8000b300 (0xd03f2223) sw      gp, -764(t5)
core   0: 3 0x8000b300 (0xd03f2223) mem 0x8000d000 0x00000001
core   0: 0x8000b304 (0xff9ff06f) j       pc - 0x8
core   0: 3 0x8000b304 (0xff9ff06f)
core   0: 0x8000b2fc (0x00002f17) auipc   t5, 0x2
core   0: 3 0x8000b2fc (0x00002f17) x30 0x8000d2fc
core   0: 0x8000b300 (0xd03f2223) sw      gp, -764(t5)
core   0: 3 0x8000b300 (0xd03f2223) mem 0x8000d000 0x00000001
core   0: 0x8000b304 (0xff9ff06f) j       pc - 0x8
core   0: 3 0x8000b304 (0xff9ff06f)
core   0: 0x8000b2fc (0x00002f17) auipc   t5, 0x2
core   0: 3 0x8000b2fc (0x00002f17) x30 0x8000d2fc
core   0: 0x8000b300 (0xd03f2223) sw      gp, -764(t5)
core   0: 3 0x8000b300 (0xd03f2223) mem 0x8000d000 0x00000001
core   0: 0x8000b304 (0xff9ff06f) j       pc - 0x8
core   0: 3 0x8000b304 (0xff9ff06f)
core   0: 0x8000b2fc (0x00002f17) auipc   t5, 0x2
core   0: 3 0x8000b2fc (0x00002f17) x30 0x8000d2fc
core   0: 0x8000b300 (0xd03f2223) sw      gp, -764(t5)
core   0: 3 0x8000b300 (0xd03f2223) mem 0x8000d000 0x00000001
core   0: 0x8000b304 (0xff9ff06f) j       pc - 0x8
core   0: 3 0x8000b304 (0xff9ff06f)
core   0: 0x8000b2fc (0x00002f17) auipc   t5, 0x2
core   0: 3 0x8000b2fc (0x00002f17) x30 0x8000d2fc
core   0: 0x8000b300 (0xd03f2223) sw      gp, -764(t5)
core   0: 3 0x8000b300 (0xd03f2223) mem 0x8000d000 0x00000001
core   0: 0x8000b304 (0xff9ff06f) j       pc - 0x8
core   0: 3 0x8000b304 (0xff9ff06f)
core   0: 0x8000b2fc (0x00002f17) auipc   t5, 0x2
core   0: 3 0x8000b2fc (0x00002f17) x30 0x8000d2fc
core   0: 0x8000b300 (0xd03f2223) sw      gp, -764(t5)
core   0: 3 0x8000b300 (0xd03f2223) mem 0x8000d000 0x00000001
core   0: 0x8000b304 (0xff9ff06f) j       pc - 0x8
core   0: 3 0x8000b304 (0xff9ff06f)
core   0: 0x8000b2fc (0x00002f17) auipc   t5, 0x2
core   0: 3 0x8000b2fc (0x00002f17) x30 0x8000d2fc
core   0: 0x8000b300 (0xd03f2223) sw      gp, -764(t5)
core   0: 3 0x8000b300 (0xd03f2223) mem 0x8000d000 0x00000001
core   0: 0x8000b304 (0xff9ff06f) j       pc - 0x8
core   0: 3 0x8000b304 (0xff9ff06f)
core   0: 0x8000b2fc (0x00002f17) auipc   t5, 0x2
core   0: 3 0x8000b2fc (0x00002f17) x30 0x8000d2fc
core   0: 0x8000b300 (0xd03f2223) sw      gp, -764(t5)
core   0: 3 0x8000b300 (0xd03f2223) mem 0x8000d000 0x00000001
core   0: 0x8000b304 (0xff9ff06f) j       pc - 0x8
core   0: 3 0x8000b304 (0xff9ff06f)
core   0: 0x8000b2fc (0x00002f17) auipc   t5, 0x2
core   0: 3 0x8000b2fc (0x00002f17) x30 0x8000d2fc
core   0: 0x8000b300 (0xd03f2223) sw      gp, -764(t5)
core   0: 3 0x8000b300 (0xd03f2223) mem 0x8000d000 0x00000001
core   0: 0x8000b304 (0xff9ff06f) j       pc - 0x8
core   0: 3 0x8000b304 (0xff9ff06f)
core   0: 0x8000b2fc (0x00002f17) auipc   t5, 0x2
core   0: 3 0x8000b2fc (0x00002f17) x30 0x8000d2fc
core   0: 0x8000b300 (0xd03f2223) sw      gp, -764(t5)
core   0: 3 0x8000b300 (0xd03f2223) mem 0x8000d000 0x00000001
core   0: 0x8000b304 (0xff9ff06f) j       pc - 0x8
core   0: 3 0x8000b304 (0xff9ff06f)
core   0: 0x8000b2fc (0x00002f17) auipc   t5, 0x2
core   0: 3 0x8000b2fc (0x00002f17) x30 0x8000d2fc
core   0: 0x8000b300 (0xd03f2223) sw      gp, -764(t5)
core   0: 3 0x8000b300 (0xd03f2223) mem 0x8000d000 0x00000001
core   0: 0x8000b304 (0xff9ff06f) j       pc - 0x8
core   0: 3 0x8000b304 (0xff9ff06f)
core   0: 0x8000b2fc (0x00002f17) auipc   t5, 0x2
core   0: 3 0x8000b2fc (0x00002f17) x30 0x8000d2fc
core   0: 0x8000b300 (0xd03f2223) sw      gp, -764(t5)
core   0: 3 0x8000b300 (0xd03f2223) mem 0x8000d000 0x00000001
core   0: 0x8000b304 (0xff9ff06f) j       pc - 0x8
core   0: 3 0x8000b304 (0xff9ff06f)
core   0: 0x8000b2fc (0x00002f17) auipc   t5, 0x2
core   0: 3 0x8000b2fc (0x00002f17) x30 0x8000d2fc
core   0: 0x8000b300 (0xd03f2223) sw      gp, -764(t5)
core   0: 3 0x8000b300 (0xd03f2223) mem 0x8000d000 0x00000001
core   0: 0x8000b304 (0xff9ff06f) j       pc - 0x8
core   0: 3 0x8000b304 (0xff9ff06f)
core   0: 0x8000b2fc (0x00002f17) auipc   t5, 0x2
core   0: 3 0x8000b2fc (0x00002f17) x30 0x8000d2fc
core   0: 0x8000b300 (0xd03f2223) sw      gp, -764(t5)
core   0: 3 0x8000b300 (0xd03f2223) mem 0x8000d000 0x00000001
core   0: 0x8000b304 (0xff9ff06f) j       pc - 0x8
core   0: 3 0x8000b304 (0xff9ff06f)
core   0: 0x8000b2fc (0x00002f17) auipc   t5, 0x2
core   0: 3 0x8000b2fc (0x00002f17) x30 0x8000d2fc
core   0: 0x8000b300 (0xd03f2223) sw      gp, -764(t5)
core   0: 3 0x8000b300 (0xd03f2223) mem 0x8000d000 0x00000001
core   0: 0x8000b304 (0xff9ff06f) j       pc - 0x8
core   0: 3 0x8000b304 (0xff9ff06f)
core   0: 0x8000b2fc (0x00002f17) auipc   t5, 0x2
core   0: 3 0x8000b2fc (0x00002f17) x30 0x8000d2fc
core   0: 0x8000b300 (0xd03f2223) sw      gp, -764(t5)
core   0: 3 0x8000b300 (0xd03f2223) mem 0x8000d000 0x00000001
core   0: 0x8000b304 (0xff9ff06f) j       pc - 0x8
core   0: 3 0x8000b304 (0xff9ff06f)
core   0: 0x8000b2fc (0x00002f17) auipc   t5, 0x2
core   0: 3 0x8000b2fc (0x00002f17) x30 0x8000d2fc
core   0: 0x8000b300 (0xd03f2223) sw      gp, -764(t5)
core   0: 3 0x8000b300 (0xd03f2223) mem 0x8000d000 0x00000001
core   0: 0x8000b304 (0xff9ff06f) j       pc - 0x8
core   0: 3 0x8000b304 (0xff9ff06f)
core   0: 0x8000b2fc (0x00002f17) auipc   t5, 0x2
core   0: 3 0x8000b2fc (0x00002f17) x30 0x8000d2fc
core   0: 0x8000b300 (0xd03f2223) sw      gp, -764(t5)
core   0: 3 0x8000b300 (0xd03f2223) mem 0x8000d000 0x00000001
core   0: 0x8000b304 (0xff9ff06f) j       pc - 0x8
core   0: 3 0x8000b304 (0xff9ff06f)
core   0: 0x8000b2fc (0x00002f17) auipc   t5, 0x2
core   0: 3 0x8000b2fc (0x00002f17) x30 0x8000d2fc
core   0: 0x8000b300 (0xd03f2223) sw      gp, -764(t5)
core   0: 3 0x8000b300 (0xd03f2223) mem 0x8000d000 0x00000001
core   0: 0x8000b304 (0xff9ff06f) j       pc - 0x8
core   0: 3 0x8000b304 (0xff9ff06f)
core   0: 0x8000b2fc (0x00002f17) auipc   t5, 0x2
core   0: 3 0x8000b2fc (0x00002f17) x30 0x8000d2fc
core   0: 0x8000b300 (0xd03f2223) sw      gp, -764(t5)
core   0: 3 0x8000b300 (0xd03f2223) mem 0x8000d000 0x00000001
core   0: 0x8000b304 (0xff9ff06f) j       pc - 0x8
core   0: 3 0x8000b304 (0xff9ff06f)
core   0: 0x8000b2fc (0x00002f17) auipc   t5, 0x2
core   0: 3 0x8000b2fc (0x00002f17) x30 0x8000d2fc
core   0: 0x8000b300 (0xd03f2223) sw      gp, -764(t5)
core   0: 3 0x8000b300 (0xd03f2223) mem 0x8000d000 0x00000001
core   0: 0x8000b304 (0xff9ff06f) j       pc - 0x8
core   0: 3 0x8000b304 (0xff9ff06f)
core   0: 0x8000b2fc (0x00002f17) auipc   t5, 0x2
core   0: 3 0x8000b2fc (0x00002f17) x30 0x8000d2fc
core   0: 0x8000b300 (0xd03f2223) sw      gp, -764(t5)
core   0: 3 0x8000b300 (0xd03f2223) mem 0x8000d000 0x00000001
core   0: 0x8000b304 (0xff9ff06f) j       pc - 0x8
core   0: 3 0x8000b304 (0xff9ff06f)
core   0: 0x8000b2fc (0x00002f17) auipc   t5, 0x2
core   0: 3 0x8000b2fc (0x00002f17) x30 0x8000d2fc
core   0: 0x8000b300 (0xd03f2223) sw      gp, -764(t5)
core   0: 3 0x8000b300 (0xd03f2223) mem 0x8000d000 0x00000001
core   0: 0x8000b304 (0xff9ff06f) j       pc - 0x8
core   0: 3 0x8000b304 (0xff9ff06f)
core   0: 0x8000b2fc (0x00002f17) auipc   t5, 0x2
core   0: 3 0x8000b2fc (0x00002f17) x30 0x8000d2fc
core   0: 0x8000b300 (0xd03f2223) sw      gp, -764(t5)
core   0: 3 0x8000b300 (0xd03f2223) mem 0x8000d000 0x00000001
core   0: 0x8000b304 (0xff9ff06f) j       pc - 0x8
core   0: 3 0x8000b304 (0xff9ff06f)
core   0: 0x8000b2fc (0x00002f17) auipc   t5, 0x2
core   0: 3 0x8000b2fc (0x00002f17) x30 0x8000d2fc
core   0: 0x8000b300 (0xd03f2223) sw      gp, -764(t5)
core   0: 3 0x8000b300 (0xd03f2223) mem 0x8000d000 0x00000001
core   0: 0x8000b304 (0xff9ff06f) j       pc - 0x8
core   0: 3 0x8000b304 (0xff9ff06f)
core   0: 0x8000b2fc (0x00002f17) auipc   t5, 0x2
core   0: 3 0x8000b2fc (0x00002f17) x30 0x8000d2fc
core   0: 0x8000b300 (0xd03f2223) sw      gp, -764(t5)
core   0: 3 0x8000b300 (0xd03f2223) mem 0x8000d000 0x00000001
core   0: 0x8000b304 (0xff9ff06f) j       pc - 0x8
core   0: 3 0x8000b304 (0xff9ff06f)
core   0: 0x8000b2fc (0x00002f17) auipc   t5, 0x2
core   0: 3 0x8000b2fc (0x00002f17) x30 0x8000d2fc
core   0: 0x8000b300 (0xd03f2223) sw      gp, -764(t5)
core   0: 3 0x8000b300 (0xd03f2223) mem 0x8000d000 0x00000001
core   0: 0x8000b304 (0xff9ff06f) j       pc - 0x8
core   0: 3 0x8000b304 (0xff9ff06f)
core   0: 0x8000b2fc (0x00002f17) auipc   t5, 0x2
core   0: 3 0x8000b2fc (0x00002f17) x30 0x8000d2fc
core   0: 0x8000b300 (0xd03f2223) sw      gp, -764(t5)
core   0: 3 0x8000b300 (0xd03f2223) mem 0x8000d000 0x00000001
core   0: 0x8000b304 (0xff9ff06f) j       pc - 0x8
core   0: 3 0x8000b304 (0xff9ff06f)
core   0: 0x8000b2fc (0x00002f17) auipc   t5, 0x2
core   0: 3 0x8000b2fc (0x00002f17) x30 0x8000d2fc
core   0: 0x8000b300 (0xd03f2223) sw      gp, -764(t5)
core   0: 3 0x8000b300 (0xd03f2223) mem 0x8000d000 0x00000001
core   0: 0x8000b304 (0xff9ff06f) j       pc - 0x8
core   0: 3 0x8000b304 (0xff9ff06f)
core   0: 0x8000b2fc (0x00002f17) auipc   t5, 0x2
core   0: 3 0x8000b2fc (0x00002f17) x30 0x8000d2fc
core   0: 0x8000b300 (0xd03f2223) sw      gp, -764(t5)
core   0: 3 0x8000b300 (0xd03f2223) mem 0x8000d000 0x00000001
core   0: 0x8000b304 (0xff9ff06f) j       pc - 0x8
core   0: 3 0x8000b304 (0xff9ff06f)
core   0: 0x8000b2fc (0x00002f17) auipc   t5, 0x2
core   0: 3 0x8000b2fc (0x00002f17) x30 0x8000d2fc
core   0: 0x8000b300 (0xd03f2223) sw      gp, -764(t5)
core   0: 3 0x8000b300 (0xd03f2223) mem 0x8000d000 0x00000001
core   0: 0x8000b304 (0xff9ff06f) j       pc - 0x8
core   0: 3 0x8000b304 (0xff9ff06f)
core   0: 0x8000b2fc (0x00002f17) auipc   t5, 0x2
core   0: 3 0x8000b2fc (0x00002f17) x30 0x8000d2fc
core   0: 0x8000b300 (0xd03f2223) sw      gp, -764(t5)
core   0: 3 0x8000b300 (0xd03f2223) mem 0x8000d000 0x00000001
core   0: 0x8000b304 (0xff9ff06f) j       pc - 0x8
core   0: 3 0x8000b304 (0xff9ff06f)
core   0: 0x8000b2fc (0x00002f17) auipc   t5, 0x2
core   0: 3 0x8000b2fc (0x00002f17) x30 0x8000d2fc
core   0: 0x8000b300 (0xd03f2223) sw      gp, -764(t5)
core   0: 3 0x8000b300 (0xd03f2223) mem 0x8000d000 0x00000001
core   0: 0x8000b304 (0xff9ff06f) j       pc - 0x8
core   0: 3 0x8000b304 (0xff9ff06f)
core   0: 0x8000b2fc (0x00002f17) auipc   t5, 0x2
core   0: 3 0x8000b2fc (0x00002f17) x30 0x8000d2fc
core   0: 0x8000b300 (0xd03f2223) sw      gp, -764(t5)
core   0: 3 0x8000b300 (0xd03f2223) mem 0x8000d000 0x00000001
core   0: 0x8000b304 (0xff9ff06f) j       pc - 0x8
core   0: 3 0x8000b304 (0xff9ff06f)
core   0: 0x8000b2fc (0x00002f17) auipc   t5, 0x2
core   0: 3 0x8000b2fc (0x00002f17) x30 0x8000d2fc
core   0: 0x8000b300 (0xd03f2223) sw      gp, -764(t5)
core   0: 3 0x8000b300 (0xd03f2223) mem 0x8000d000 0x00000001
core   0: 0x8000b304 (0xff9ff06f) j       pc - 0x8
core   0: 3 0x8000b304 (0xff9ff06f)
core   0: 0x8000b2fc (0x00002f17) auipc   t5, 0x2
core   0: 3 0x8000b2fc (0x00002f17) x30 0x8000d2fc
core   0: 0x8000b300 (0xd03f2223) sw      gp, -764(t5)
core   0: 3 0x8000b300 (0xd03f2223) mem 0x8000d000 0x00000001
core   0: 0x8000b304 (0xff9ff06f) j       pc - 0x8
core   0: 3 0x8000b304 (0xff9ff06f)
core   0: 0x8000b2fc (0x00002f17) auipc   t5, 0x2
core   0: 3 0x8000b2fc (0x00002f17) x30 0x8000d2fc
core   0: 0x8000b300 (0xd03f2223) sw      gp, -764(t5)
core   0: 3 0x8000b300 (0xd03f2223) mem 0x8000d000 0x00000001
core   0: 0x8000b304 (0xff9ff06f) j       pc - 0x8
core   0: 3 0x8000b304 (0xff9ff06f)
core   0: 0x8000b2fc (0x00002f17) auipc   t5, 0x2
core   0: 3 0x8000b2fc (0x00002f17) x30 0x8000d2fc
core   0: 0x8000b300 (0xd03f2223) sw      gp, -764(t5)
core   0: 3 0x8000b300 (0xd03f2223) mem 0x8000d000 0x00000001
core   0: 0x8000b304 (0xff9ff06f) j       pc - 0x8
core   0: 3 0x8000b304 (0xff9ff06f)
core   0: 0x8000b2fc (0x00002f17) auipc   t5, 0x2
core   0: 3 0x8000b2fc (0x00002f17) x30 0x8000d2fc
core   0: 0x8000b300 (0xd03f2223) sw      gp, -764(t5)
core   0: 3 0x8000b300 (0xd03f2223) mem 0x8000d000 0x00000001
core   0: 0x8000b304 (0xff9ff06f) j       pc - 0x8
core   0: 3 0x8000b304 (0xff9ff06f)
core   0: 0x8000b2fc (0x00002f17) auipc   t5, 0x2
core   0: 3 0x8000b2fc (0x00002f17) x30 0x8000d2fc
core   0: 0x8000b300 (0xd03f2223) sw      gp, -764(t5)
core   0: 3 0x8000b300 (0xd03f2223) mem 0x8000d000 0x00000001
core   0: 0x8000b304 (0xff9ff06f) j       pc - 0x8
core   0: 3 0x8000b304 (0xff9ff06f)
core   0: 0x8000b2fc (0x00002f17) auipc   t5, 0x2
core   0: 3 0x8000b2fc (0x00002f17) x30 0x8000d2fc
core   0: 0x8000b300 (0xd03f2223) sw      gp, -764(t5)
core   0: 3 0x8000b300 (0xd03f2223) mem 0x8000d000 0x00000001
core   0: 0x8000b304 (0xff9ff06f) j       pc - 0x8
core   0: 3 0x8000b304 (0xff9ff06f)
core   0: 0x8000b2fc (0x00002f17) auipc   t5, 0x2
core   0: 3 0x8000b2fc (0x00002f17) x30 0x8000d2fc
core   0: 0x8000b300 (0xd03f2223) sw      gp, -764(t5)
core   0: 3 0x8000b300 (0xd03f2223) mem 0x8000d000 0x00000001
core   0: 0x8000b304 (0xff9ff06f) j       pc - 0x8
core   0: 3 0x8000b304 (0xff9ff06f)
core   0: 0x8000b2fc (0x00002f17) auipc   t5, 0x2
core   0: 3 0x8000b2fc (0x00002f17) x30 0x8000d2fc
core   0: 0x8000b300 (0xd03f2223) sw      gp, -764(t5)
core   0: 3 0x8000b300 (0xd03f2223) mem 0x8000d000 0x00000001
core   0: 0x8000b304 (0xff9ff06f) j       pc - 0x8
core   0: 3 0x8000b304 (0xff9ff06f)
core   0: 0x8000b2fc (0x00002f17) auipc   t5, 0x2
core   0: 3 0x8000b2fc (0x00002f17) x30 0x8000d2fc
core   0: 0x8000b300 (0xd03f2223) sw      gp, -764(t5)
core   0: 3 0x8000b300 (0xd03f2223) mem 0x8000d000 0x00000001
core   0: 0x8000b304 (0xff9ff06f) j       pc - 0x8
core   0: 3 0x8000b304 (0xff9ff06f)
core   0: 0x8000b2fc (0x00002f17) auipc   t5, 0x2
core   0: 3 0x8000b2fc (0x00002f17) x30 0x8000d2fc
core   0: 0x8000b300 (0xd03f2223) sw      gp, -764(t5)
core   0: 3 0x8000b300 (0xd03f2223) mem 0x8000d000 0x00000001
core   0: 0x8000b304 (0xff9ff06f) j       pc - 0x8
core   0: 3 0x8000b304 (0xff9ff06f)
core   0: 0x8000b2fc (0x00002f17) auipc   t5, 0x2
core   0: 3 0x8000b2fc (0x00002f17) x30 0x8000d2fc
core   0: 0x8000b300 (0xd03f2223) sw      gp, -764(t5)
core   0: 3 0x8000b300 (0xd03f2223) mem 0x8000d000 0x00000001
core   0: 0x8000b304 (0xff9ff06f) j       pc - 0x8
core   0: 3 0x8000b304 (0xff9ff06f)
core   0: 0x8000b2fc (0x00002f17) auipc   t5, 0x2
core   0: 3 0x8000b2fc (0x00002f17) x30 0x8000d2fc
core   0: 0x8000b300 (0xd03f2223) sw      gp, -764(t5)
core   0: 3 0x8000b300 (0xd03f2223) mem 0x8000d000 0x00000001
core   0: 0x8000b304 (0xff9ff06f) j       pc - 0x8
core   0: 3 0x8000b304 (0xff9ff06f)
core   0: 0x8000b2fc (0x00002f17) auipc   t5, 0x2
core   0: 3 0x8000b2fc (0x00002f17) x30 0x8000d2fc
core   0: 0x8000b300 (0xd03f2223) sw      gp, -764(t5)
core   0: 3 0x8000b300 (0xd03f2223) mem 0x8000d000 0x00000001
core   0: 0x8000b304 (0xff9ff06f) j       pc - 0x8
core   0: 3 0x8000b304 (0xff9ff06f)
core   0: 0x8000b2fc (0x00002f17) auipc   t5, 0x2
core   0: 3 0x8000b2fc (0x00002f17) x30 0x8000d2fc
core   0: 0x8000b300 (0xd03f2223) sw      gp, -764(t5)
core   0: 3 0x8000b300 (0xd03f2223) mem 0x8000d000 0x00000001
core   0: 0x8000b304 (0xff9ff06f) j       pc - 0x8
core   0: 3 0x8000b304 (0xff9ff06f)
core   0: 0x8000b2fc (0x00002f17) auipc   t5, 0x2
core   0: 3 0x8000b2fc (0x00002f17) x30 0x8000d2fc
core   0: 0x8000b300 (0xd03f2223) sw      gp, -764(t5)
core   0: 3 0x8000b300 (0xd03f2223) mem 0x8000d000 0x00000001
core   0: 0x8000b304 (0xff9ff06f) j       pc - 0x8
core   0: 3 0x8000b304 (0xff9ff06f)
core   0: 0x8000b2fc (0x00002f17) auipc   t5, 0x2
core   0: 3 0x8000b2fc (0x00002f17) x30 0x8000d2fc
core   0: 0x8000b300 (0xd03f2223) sw      gp, -764(t5)
core   0: 3 0x8000b300 (0xd03f2223) mem 0x8000d000 0x00000001
core   0: 0x8000b304 (0xff9ff06f) j       pc - 0x8
core   0: 3 0x8000b304 (0xff9ff06f)
core   0: 0x8000b2fc (0x00002f17) auipc   t5, 0x2
core   0: 3 0x8000b2fc (0x00002f17) x30 0x8000d2fc
core   0: 0x8000b300 (0xd03f2223) sw      gp, -764(t5)
core   0: 3 0x8000b300 (0xd03f2223) mem 0x8000d000 0x00000001
core   0: 0x8000b304 (0xff9ff06f) j       pc - 0x8
core   0: 3 0x8000b304 (0xff9ff06f)
core   0: 0x8000b2fc (0x00002f17) auipc   t5, 0x2
core   0: 3 0x8000b2fc (0x00002f17) x30 0x8000d2fc
core   0: 0x8000b300 (0xd03f2223) sw      gp, -764(t5)
core   0: 3 0x8000b300 (0xd03f2223) mem 0x8000d000 0x00000001
core   0: 0x8000b304 (0xff9ff06f) j       pc - 0x8
core   0: 3 0x8000b304 (0xff9ff06f)
core   0: 0x8000b2fc (0x00002f17) auipc   t5, 0x2
core   0: 3 0x8000b2fc (0x00002f17) x30 0x8000d2fc
core   0: 0x8000b300 (0xd03f2223) sw      gp, -764(t5)
core   0: 3 0x8000b300 (0xd03f2223) mem 0x8000d000 0x00000001
core   0: 0x8000b304 (0xff9ff06f) j       pc - 0x8
core   0: 3 0x8000b304 (0xff9ff06f)
core   0: 0x8000b2fc (0x00002f17) auipc   t5, 0x2
core   0: 3 0x8000b2fc (0x00002f17) x30 0x8000d2fc
core   0: 0x8000b300 (0xd03f2223) sw      gp, -764(t5)
core   0: 3 0x8000b300 (0xd03f2223) mem 0x8000d000 0x00000001
core   0: 0x8000b304 (0xff9ff06f) j       pc - 0x8
core   0: 3 0x8000b304 (0xff9ff06f)
core   0: 0x8000b2fc (0x00002f17) auipc   t5, 0x2
core   0: 3 0x8000b2fc (0x00002f17) x30 0x8000d2fc
core   0: 0x8000b300 (0xd03f2223) sw      gp, -764(t5)
core   0: 3 0x8000b300 (0xd03f2223) mem 0x8000d000 0x00000001
core   0: 0x8000b304 (0xff9ff06f) j       pc - 0x8
core   0: 3 0x8000b304 (0xff9ff06f)
core   0: 0x8000b2fc (0x00002f17) auipc   t5, 0x2
core   0: 3 0x8000b2fc (0x00002f17) x30 0x8000d2fc
core   0: 0x8000b300 (0xd03f2223) sw      gp, -764(t5)
core   0: 3 0x8000b300 (0xd03f2223) mem 0x8000d000 0x00000001
core   0: 0x8000b304 (0xff9ff06f) j       pc - 0x8
core   0: 3 0x8000b304 (0xff9ff06f)
core   0: 0x8000b2fc (0x00002f17) auipc   t5, 0x2
core   0: 3 0x8000b2fc (0x00002f17) x30 0x8000d2fc
core   0: 0x8000b300 (0xd03f2223) sw      gp, -764(t5)
core   0: 3 0x8000b300 (0xd03f2223) mem 0x8000d000 0x00000001
core   0: 0x8000b304 (0xff9ff06f) j       pc - 0x8
core   0: 3 0x8000b304 (0xff9ff06f)
core   0: 0x8000b2fc (0x00002f17) auipc   t5, 0x2
core   0: 3 0x8000b2fc (0x00002f17) x30 0x8000d2fc
core   0: 0x8000b300 (0xd03f2223) sw      gp, -764(t5)
core   0: 3 0x8000b300 (0xd03f2223) mem 0x8000d000 0x00000001
core   0: 0x8000b304 (0xff9ff06f) j       pc - 0x8
core   0: 3 0x8000b304 (0xff9ff06f)
core   0: 0x8000b2fc (0x00002f17) auipc   t5, 0x2
core   0: 3 0x8000b2fc (0x00002f17) x30 0x8000d2fc
core   0: 0x8000b300 (0xd03f2223) sw      gp, -764(t5)
core   0: 3 0x8000b300 (0xd03f2223) mem 0x8000d000 0x00000001
core   0: 0x8000b304 (0xff9ff06f) j       pc - 0x8
core   0: 3 0x8000b304 (0xff9ff06f)
core   0: 0x8000b2fc (0x00002f17) auipc   t5, 0x2
core   0: 3 0x8000b2fc (0x00002f17) x30 0x8000d2fc
core   0: 0x8000b300 (0xd03f2223) sw      gp, -764(t5)
core   0: 3 0x8000b300 (0xd03f2223) mem 0x8000d000 0x00000001
core   0: 0x8000b304 (0xff9ff06f) j       pc - 0x8
core   0: 3 0x8000b304 (0xff9ff06f)
core   0: 0x8000b2fc (0x00002f17) auipc   t5, 0x2
core   0: 3 0x8000b2fc (0x00002f17) x30 0x8000d2fc
core   0: 0x8000b300 (0xd03f2223) sw      gp, -764(t5)
core   0: 3 0x8000b300 (0xd03f2223) mem 0x8000d000 0x00000001
core   0: 0x8000b304 (0xff9ff06f) j       pc - 0x8
core   0: 3 0x8000b304 (0xff9ff06f)
core   0: 0x8000b2fc (0x00002f17) auipc   t5, 0x2
core   0: 3 0x8000b2fc (0x00002f17) x30 0x8000d2fc
core   0: 0x8000b300 (0xd03f2223) sw      gp, -764(t5)
core   0: 3 0x8000b300 (0xd03f2223) mem 0x8000d000 0x00000001
core   0: 0x8000b304 (0xff9ff06f) j       pc - 0x8
core   0: 3 0x8000b304 (0xff9ff06f)
core   0: 0x8000b2fc (0x00002f17) auipc   t5, 0x2
core   0: 3 0x8000b2fc (0x00002f17) x30 0x8000d2fc
core   0: 0x8000b300 (0xd03f2223) sw      gp, -764(t5)
core   0: 3 0x8000b300 (0xd03f2223) mem 0x8000d000 0x00000001
core   0: 0x8000b304 (0xff9ff06f) j       pc - 0x8
core   0: 3 0x8000b304 (0xff9ff06f)
core   0: 0x8000b2fc (0x00002f17) auipc   t5, 0x2
core   0: 3 0x8000b2fc (0x00002f17) x30 0x8000d2fc
core   0: 0x8000b300 (0xd03f2223) sw      gp, -764(t5)
core   0: 3 0x8000b300 (0xd03f2223) mem 0x8000d000 0x00000001
core   0: 0x8000b304 (0xff9ff06f) j       pc - 0x8
core   0: 3 0x8000b304 (0xff9ff06f)
core   0: 0x8000b2fc (0x00002f17) auipc   t5, 0x2
core   0: 3 0x8000b2fc (0x00002f17) x30 0x8000d2fc
core   0: 0x8000b300 (0xd03f2223) sw      gp, -764(t5)
core   0: 3 0x8000b300 (0xd03f2223) mem 0x8000d000 0x00000001
core   0: 0x8000b304 (0xff9ff06f) j       pc - 0x8
core   0: 3 0x8000b304 (0xff9ff06f)
core   0: 0x8000b2fc (0x00002f17) auipc   t5, 0x2
core   0: 3 0x8000b2fc (0x00002f17) x30 0x8000d2fc
core   0: 0x8000b300 (0xd03f2223) sw      gp, -764(t5)
core   0: 3 0x8000b300 (0xd03f2223) mem 0x8000d000 0x00000001
core   0: 0x8000b304 (0xff9ff06f) j       pc - 0x8
core   0: 3 0x8000b304 (0xff9ff06f)
core   0: 0x8000b2fc (0x00002f17) auipc   t5, 0x2
core   0: 3 0x8000b2fc (0x00002f17) x30 0x8000d2fc
core   0: 0x8000b300 (0xd03f2223) sw      gp, -764(t5)
core   0: 3 0x8000b300 (0xd03f2223) mem 0x8000d000 0x00000001
core   0: 0x8000b304 (0xff9ff06f) j       pc - 0x8
core   0: 3 0x8000b304 (0xff9ff06f)
core   0: 0x8000b2fc (0x00002f17) auipc   t5, 0x2
core   0: 3 0x8000b2fc (0x00002f17) x30 0x8000d2fc
core   0: 0x8000b300 (0xd03f2223) sw      gp, -764(t5)
core   0: 3 0x8000b300 (0xd03f2223) mem 0x8000d000 0x00000001
core   0: 0x8000b304 (0xff9ff06f) j       pc - 0x8
core   0: 3 0x8000b304 (0xff9ff06f)
core   0: 0x8000b2fc (0x00002f17) auipc   t5, 0x2
core   0: 3 0x8000b2fc (0x00002f17) x30 0x8000d2fc
core   0: 0x8000b300 (0xd03f2223) sw      gp, -764(t5)
core   0: 3 0x8000b300 (0xd03f2223) mem 0x8000d000 0x00000001
core   0: 0x8000b304 (0xff9ff06f) j       pc - 0x8
core   0: 3 0x8000b304 (0xff9ff06f)
core   0: 0x8000b2fc (0x00002f17) auipc   t5, 0x2
core   0: 3 0x8000b2fc (0x00002f17) x30 0x8000d2fc
core   0: 0x8000b300 (0xd03f2223) sw      gp, -764(t5)
core   0: 3 0x8000b300 (0xd03f2223) mem 0x8000d000 0x00000001
core   0: 0x8000b304 (0xff9ff06f) j       pc - 0x8
core   0: 3 0x8000b304 (0xff9ff06f)
core   0: 0x8000b2fc (0x00002f17) auipc   t5, 0x2
core   0: 3 0x8000b2fc (0x00002f17) x30 0x8000d2fc
core   0: 0x8000b300 (0xd03f2223) sw      gp, -764(t5)
core   0: 3 0x8000b300 (0xd03f2223) mem 0x8000d000 0x00000001
core   0: 0x8000b304 (0xff9ff06f) j       pc - 0x8
core   0: 3 0x8000b304 (0xff9ff06f)
core   0: 0x8000b2fc (0x00002f17) auipc   t5, 0x2
core   0: 3 0x8000b2fc (0x00002f17) x30 0x8000d2fc
core   0: 0x8000b300 (0xd03f2223) sw      gp, -764(t5)
core   0: 3 0x8000b300 (0xd03f2223) mem 0x8000d000 0x00000001
core   0: 0x8000b304 (0xff9ff06f) j       pc - 0x8
core   0: 3 0x8000b304 (0xff9ff06f)
core   0: 0x8000b2fc (0x00002f17) auipc   t5, 0x2
core   0: 3 0x8000b2fc (0x00002f17) x30 0x8000d2fc
core   0: 0x8000b300 (0xd03f2223) sw      gp, -764(t5)
core   0: 3 0x8000b300 (0xd03f2223) mem 0x8000d000 0x00000001
core   0: 0x8000b304 (0xff9ff06f) j       pc - 0x8
core   0: 3 0x8000b304 (0xff9ff06f)
core   0: 0x8000b2fc (0x00002f17) auipc   t5, 0x2
core   0: 3 0x8000b2fc (0x00002f17) x30 0x8000d2fc
core   0: 0x8000b300 (0xd03f2223) sw      gp, -764(t5)
core   0: 3 0x8000b300 (0xd03f2223) mem 0x8000d000 0x00000001
core   0: 0x8000b304 (0xff9ff06f) j       pc - 0x8
core   0: 3 0x8000b304 (0xff9ff06f)
core   0: 0x8000b2fc (0x00002f17) auipc   t5, 0x2
core   0: 3 0x8000b2fc (0x00002f17) x30 0x8000d2fc
core   0: 0x8000b300 (0xd03f2223) sw      gp, -764(t5)
core   0: 3 0x8000b300 (0xd03f2223) mem 0x8000d000 0x00000001
core   0: 0x8000b304 (0xff9ff06f) j       pc - 0x8
core   0: 3 0x8000b304 (0xff9ff06f)
core   0: 0x8000b2fc (0x00002f17) auipc   t5, 0x2
core   0: 3 0x8000b2fc (0x00002f17) x30 0x8000d2fc
core   0: 0x8000b300 (0xd03f2223) sw      gp, -764(t5)
core   0: 3 0x8000b300 (0xd03f2223) mem 0x8000d000 0x00000001
core   0: 0x8000b304 (0xff9ff06f) j       pc - 0x8
core   0: 3 0x8000b304 (0xff9ff06f)
core   0: 0x8000b2fc (0x00002f17) auipc   t5, 0x2
core   0: 3 0x8000b2fc (0x00002f17) x30 0x8000d2fc
core   0: 0x8000b300 (0xd03f2223) sw      gp, -764(t5)
core   0: 3 0x8000b300 (0xd03f2223) mem 0x8000d000 0x00000001
core   0: 0x8000b304 (0xff9ff06f) j       pc - 0x8
core   0: 3 0x8000b304 (0xff9ff06f)
core   0: 0x8000b2fc (0x00002f17) auipc   t5, 0x2
core   0: 3 0x8000b2fc (0x00002f17) x30 0x8000d2fc
core   0: 0x8000b300 (0xd03f2223) sw      gp, -764(t5)
core   0: 3 0x8000b300 (0xd03f2223) mem 0x8000d000 0x00000001
core   0: 0x8000b304 (0xff9ff06f) j       pc - 0x8
core   0: 3 0x8000b304 (0xff9ff06f)
core   0: 0x8000b2fc (0x00002f17) auipc   t5, 0x2
core   0: 3 0x8000b2fc (0x00002f17) x30 0x8000d2fc
core   0: 0x8000b300 (0xd03f2223) sw      gp, -764(t5)
core   0: 3 0x8000b300 (0xd03f2223) mem 0x8000d000 0x00000001
core   0: 0x8000b304 (0xff9ff06f) j       pc - 0x8
core   0: 3 0x8000b304 (0xff9ff06f)
core   0: 0x8000b2fc (0x00002f17) auipc   t5, 0x2
core   0: 3 0x8000b2fc (0x00002f17) x30 0x8000d2fc
core   0: 0x8000b300 (0xd03f2223) sw      gp, -764(t5)
core   0: 3 0x8000b300 (0xd03f2223) mem 0x8000d000 0x00000001
core   0: 0x8000b304 (0xff9ff06f) j       pc - 0x8
core   0: 3 0x8000b304 (0xff9ff06f)
core   0: 0x8000b2fc (0x00002f17) auipc   t5, 0x2
core   0: 3 0x8000b2fc (0x00002f17) x30 0x8000d2fc
core   0: 0x8000b300 (0xd03f2223) sw      gp, -764(t5)
core   0: 3 0x8000b300 (0xd03f2223) mem 0x8000d000 0x00000001
core   0: 0x8000b304 (0xff9ff06f) j       pc - 0x8
core   0: 3 0x8000b304 (0xff9ff06f)
core   0: 0x8000b2fc (0x00002f17) auipc   t5, 0x2
core   0: 3 0x8000b2fc (0x00002f17) x30 0x8000d2fc
core   0: 0x8000b300 (0xd03f2223) sw      gp, -764(t5)
core   0: 3 0x8000b300 (0xd03f2223) mem 0x8000d000 0x00000001
core   0: 0x8000b304 (0xff9ff06f) j       pc - 0x8
core   0: 3 0x8000b304 (0xff9ff06f)
core   0: 0x8000b2fc (0x00002f17) auipc   t5, 0x2
core   0: 3 0x8000b2fc (0x00002f17) x30 0x8000d2fc
core   0: 0x8000b300 (0xd03f2223) sw      gp, -764(t5)
core   0: 3 0x8000b300 (0xd03f2223) mem 0x8000d000 0x00000001
core   0: 0x8000b304 (0xff9ff06f) j       pc - 0x8
core   0: 3 0x8000b304 (0xff9ff06f)
core   0: 0x8000b2fc (0x00002f17) auipc   t5, 0x2
core   0: 3 0x8000b2fc (0x00002f17) x30 0x8000d2fc
core   0: 0x8000b300 (0xd03f2223) sw      gp, -764(t5)
core   0: 3 0x8000b300 (0xd03f2223) mem 0x8000d000 0x00000001
core   0: 0x8000b304 (0xff9ff06f) j       pc - 0x8
core   0: 3 0x8000b304 (0xff9ff06f)
core   0: 0x8000b2fc (0x00002f17) auipc   t5, 0x2
core   0: 3 0x8000b2fc (0x00002f17) x30 0x8000d2fc
core   0: 0x8000b300 (0xd03f2223) sw      gp, -764(t5)
core   0: 3 0x8000b300 (0xd03f2223) mem 0x8000d000 0x00000001
core   0: 0x8000b304 (0xff9ff06f) j       pc - 0x8
core   0: 3 0x8000b304 (0xff9ff06f)
core   0: 0x8000b2fc (0x00002f17) auipc   t5, 0x2
core   0: 3 0x8000b2fc (0x00002f17) x30 0x8000d2fc
core   0: 0x8000b300 (0xd03f2223) sw      gp, -764(t5)
core   0: 3 0x8000b300 (0xd03f2223) mem 0x8000d000 0x00000001
core   0: 0x8000b304 (0xff9ff06f) j       pc - 0x8
core   0: 3 0x8000b304 (0xff9ff06f)
core   0: 0x8000b2fc (0x00002f17) auipc   t5, 0x2
core   0: 3 0x8000b2fc (0x00002f17) x30 0x8000d2fc
core   0: 0x8000b300 (0xd03f2223) sw      gp, -764(t5)
core   0: 3 0x8000b300 (0xd03f2223) mem 0x8000d000 0x00000001
core   0: 0x8000b304 (0xff9ff06f) j       pc - 0x8
core   0: 3 0x8000b304 (0xff9ff06f)
core   0: 0x8000b2fc (0x00002f17) auipc   t5, 0x2
core   0: 3 0x8000b2fc (0x00002f17) x30 0x8000d2fc
core   0: 0x8000b300 (0xd03f2223) sw      gp, -764(t5)
core   0: 3 0x8000b300 (0xd03f2223) mem 0x8000d000 0x00000001
core   0: 0x8000b304 (0xff9ff06f) j       pc - 0x8
core   0: 3 0x8000b304 (0xff9ff06f)
core   0: 0x8000b2fc (0x00002f17) auipc   t5, 0x2
core   0: 3 0x8000b2fc (0x00002f17) x30 0x8000d2fc
core   0: 0x8000b300 (0xd03f2223) sw      gp, -764(t5)
core   0: 3 0x8000b300 (0xd03f2223) mem 0x8000d000 0x00000001
core   0: 0x8000b304 (0xff9ff06f) j       pc - 0x8
core   0: 3 0x8000b304 (0xff9ff06f)
core   0: 0x8000b2fc (0x00002f17) auipc   t5, 0x2
core   0: 3 0x8000b2fc (0x00002f17) x30 0x8000d2fc
core   0: 0x8000b300 (0xd03f2223) sw      gp, -764(t5)
core   0: 3 0x8000b300 (0xd03f2223) mem 0x8000d000 0x00000001
core   0: 0x8000b304 (0xff9ff06f) j       pc - 0x8
core   0: 3 0x8000b304 (0xff9ff06f)
core   0: 0x8000b2fc (0x00002f17) auipc   t5, 0x2
core   0: 3 0x8000b2fc (0x00002f17) x30 0x8000d2fc
core   0: 0x8000b300 (0xd03f2223) sw      gp, -764(t5)
core   0: 3 0x8000b300 (0xd03f2223) mem 0x8000d000 0x00000001
core   0: 0x8000b304 (0xff9ff06f) j       pc - 0x8
core   0: 3 0x8000b304 (0xff9ff06f)
core   0: 0x8000b2fc (0x00002f17) auipc   t5, 0x2
core   0: 3 0x8000b2fc (0x00002f17) x30 0x8000d2fc
core   0: 0x8000b300 (0xd03f2223) sw      gp, -764(t5)
core   0: 3 0x8000b300 (0xd03f2223) mem 0x8000d000 0x00000001
core   0: 0x8000b304 (0xff9ff06f) j       pc - 0x8
core   0: 3 0x8000b304 (0xff9ff06f)
core   0: 0x8000b2fc (0x00002f17) auipc   t5, 0x2
core   0: 3 0x8000b2fc (0x00002f17) x30 0x8000d2fc
core   0: 0x8000b300 (0xd03f2223) sw      gp, -764(t5)
core   0: 3 0x8000b300 (0xd03f2223) mem 0x8000d000 0x00000001
core   0: 0x8000b304 (0xff9ff06f) j       pc - 0x8
core   0: 3 0x8000b304 (0xff9ff06f)
core   0: 0x8000b2fc (0x00002f17) auipc   t5, 0x2
core   0: 3 0x8000b2fc (0x00002f17) x30 0x8000d2fc
core   0: 0x8000b300 (0xd03f2223) sw      gp, -764(t5)
core   0: 3 0x8000b300 (0xd03f2223) mem 0x8000d000 0x00000001
core   0: 0x8000b304 (0xff9ff06f) j       pc - 0x8
core   0: 3 0x8000b304 (0xff9ff06f)
core   0: 0x8000b2fc (0x00002f17) auipc   t5, 0x2
core   0: 3 0x8000b2fc (0x00002f17) x30 0x8000d2fc
core   0: 0x8000b300 (0xd03f2223) sw      gp, -764(t5)
core   0: 3 0x8000b300 (0xd03f2223) mem 0x8000d000 0x00000001
core   0: 0x8000b304 (0xff9ff06f) j       pc - 0x8
core   0: 3 0x8000b304 (0xff9ff06f)
core   0: 0x8000b2fc (0x00002f17) auipc   t5, 0x2
core   0: 3 0x8000b2fc (0x00002f17) x30 0x8000d2fc
core   0: 0x8000b300 (0xd03f2223) sw      gp, -764(t5)
core   0: 3 0x8000b300 (0xd03f2223) mem 0x8000d000 0x00000001
core   0: 0x8000b304 (0xff9ff06f) j       pc - 0x8
core   0: 3 0x8000b304 (0xff9ff06f)
core   0: 0x8000b2fc (0x00002f17) auipc   t5, 0x2
core   0: 3 0x8000b2fc (0x00002f17) x30 0x8000d2fc
core   0: 0x8000b300 (0xd03f2223) sw      gp, -764(t5)
core   0: 3 0x8000b300 (0xd03f2223) mem 0x8000d000 0x00000001
core   0: 0x8000b304 (0xff9ff06f) j       pc - 0x8
core   0: 3 0x8000b304 (0xff9ff06f)
core   0: 0x8000b2fc (0x00002f17) auipc   t5, 0x2
core   0: 3 0x8000b2fc (0x00002f17) x30 0x8000d2fc
core   0: 0x8000b300 (0xd03f2223) sw      gp, -764(t5)
core   0: 3 0x8000b300 (0xd03f2223) mem 0x8000d000 0x00000001
core   0: 0x8000b304 (0xff9ff06f) j       pc - 0x8
core   0: 3 0x8000b304 (0xff9ff06f)
core   0: 0x8000b2fc (0x00002f17) auipc   t5, 0x2
core   0: 3 0x8000b2fc (0x00002f17) x30 0x8000d2fc
core   0: 0x8000b300 (0xd03f2223) sw      gp, -764(t5)
core   0: 3 0x8000b300 (0xd03f2223) mem 0x8000d000 0x00000001
core   0: 0x8000b304 (0xff9ff06f) j       pc - 0x8
core   0: 3 0x8000b304 (0xff9ff06f)
core   0: 0x8000b2fc (0x00002f17) auipc   t5, 0x2
core   0: 3 0x8000b2fc (0x00002f17) x30 0x8000d2fc
core   0: 0x8000b300 (0xd03f2223) sw      gp, -764(t5)
core   0: 3 0x8000b300 (0xd03f2223) mem 0x8000d000 0x00000001
core   0: 0x8000b304 (0xff9ff06f) j       pc - 0x8
core   0: 3 0x8000b304 (0xff9ff06f)
core   0: 0x8000b2fc (0x00002f17) auipc   t5, 0x2
core   0: 3 0x8000b2fc (0x00002f17) x30 0x8000d2fc
core   0: 0x8000b300 (0xd03f2223) sw      gp, -764(t5)
core   0: 3 0x8000b300 (0xd03f2223) mem 0x8000d000 0x00000001
core   0: 0x8000b304 (0xff9ff06f) j       pc - 0x8
core   0: 3 0x8000b304 (0xff9ff06f)
core   0: 0x8000b2fc (0x00002f17) auipc   t5, 0x2
core   0: 3 0x8000b2fc (0x00002f17) x30 0x8000d2fc
core   0: 0x8000b300 (0xd03f2223) sw      gp, -764(t5)
core   0: 3 0x8000b300 (0xd03f2223) mem 0x8000d000 0x00000001
core   0: 0x8000b304 (0xff9ff06f) j       pc - 0x8
core   0: 3 0x8000b304 (0xff9ff06f)
core   0: 0x8000b2fc (0x00002f17) auipc   t5, 0x2
core   0: 3 0x8000b2fc (0x00002f17) x30 0x8000d2fc
core   0: 0x8000b300 (0xd03f2223) sw      gp, -764(t5)
core   0: 3 0x8000b300 (0xd03f2223) mem 0x8000d000 0x00000001
core   0: 0x8000b304 (0xff9ff06f) j       pc - 0x8
core   0: 3 0x8000b304 (0xff9ff06f)
core   0: 0x8000b2fc (0x00002f17) auipc   t5, 0x2
core   0: 3 0x8000b2fc (0x00002f17) x30 0x8000d2fc
core   0: 0x8000b300 (0xd03f2223) sw      gp, -764(t5)
core   0: 3 0x8000b300 (0xd03f2223) mem 0x8000d000 0x00000001
core   0: 0x8000b304 (0xff9ff06f) j       pc - 0x8
core   0: 3 0x8000b304 (0xff9ff06f)
core   0: 0x8000b2fc (0x00002f17) auipc   t5, 0x2
core   0: 3 0x8000b2fc (0x00002f17) x30 0x8000d2fc
core   0: 0x8000b300 (0xd03f2223) sw      gp, -764(t5)
core   0: 3 0x8000b300 (0xd03f2223) mem 0x8000d000 0x00000001
core   0: 0x8000b304 (0xff9ff06f) j       pc - 0x8
core   0: 3 0x8000b304 (0xff9ff06f)
core   0: 0x8000b2fc (0x00002f17) auipc   t5, 0x2
core   0: 3 0x8000b2fc (0x00002f17) x30 0x8000d2fc
core   0: 0x8000b300 (0xd03f2223) sw      gp, -764(t5)
core   0: 3 0x8000b300 (0xd03f2223) mem 0x8000d000 0x00000001
core   0: 0x8000b304 (0xff9ff06f) j       pc - 0x8
core   0: 3 0x8000b304 (0xff9ff06f)
core   0: 0x8000b2fc (0x00002f17) auipc   t5, 0x2
core   0: 3 0x8000b2fc (0x00002f17) x30 0x8000d2fc
core   0: 0x8000b300 (0xd03f2223) sw      gp, -764(t5)
core   0: 3 0x8000b300 (0xd03f2223) mem 0x8000d000 0x00000001
core   0: 0x8000b304 (0xff9ff06f) j       pc - 0x8
core   0: 3 0x8000b304 (0xff9ff06f)
core   0: 0x8000b2fc (0x00002f17) auipc   t5, 0x2
core   0: 3 0x8000b2fc (0x00002f17) x30 0x8000d2fc
core   0: 0x8000b300 (0xd03f2223) sw      gp, -764(t5)
core   0: 3 0x8000b300 (0xd03f2223) mem 0x8000d000 0x00000001
core   0: 0x8000b304 (0xff9ff06f) j       pc - 0x8
core   0: 3 0x8000b304 (0xff9ff06f)
core   0: 0x8000b2fc (0x00002f17) auipc   t5, 0x2
core   0: 3 0x8000b2fc (0x00002f17) x30 0x8000d2fc
core   0: 0x8000b300 (0xd03f2223) sw      gp, -764(t5)
core   0: 3 0x8000b300 (0xd03f2223) mem 0x8000d000 0x00000001
core   0: 0x8000b304 (0xff9ff06f) j       pc - 0x8
core   0: 3 0x8000b304 (0xff9ff06f)
core   0: 0x8000b2fc (0x00002f17) auipc   t5, 0x2
core   0: 3 0x8000b2fc (0x00002f17) x30 0x8000d2fc
core   0: 0x8000b300 (0xd03f2223) sw      gp, -764(t5)
core   0: 3 0x8000b300 (0xd03f2223) mem 0x8000d000 0x00000001
core   0: 0x8000b304 (0xff9ff06f) j       pc - 0x8
core   0: 3 0x8000b304 (0xff9ff06f)
core   0: 0x8000b2fc (0x00002f17) auipc   t5, 0x2
core   0: 3 0x8000b2fc (0x00002f17) x30 0x8000d2fc
core   0: 0x8000b300 (0xd03f2223) sw      gp, -764(t5)
core   0: 3 0x8000b300 (0xd03f2223) mem 0x8000d000 0x00000001
core   0: 0x8000b304 (0xff9ff06f) j       pc - 0x8
core   0: 3 0x8000b304 (0xff9ff06f)
core   0: 0x8000b2fc (0x00002f17) auipc   t5, 0x2
core   0: 3 0x8000b2fc (0x00002f17) x30 0x8000d2fc
core   0: 0x8000b300 (0xd03f2223) sw      gp, -764(t5)
core   0: 3 0x8000b300 (0xd03f2223) mem 0x8000d000 0x00000001
core   0: 0x8000b304 (0xff9ff06f) j       pc - 0x8
core   0: 3 0x8000b304 (0xff9ff06f)
core   0: 0x8000b2fc (0x00002f17) auipc   t5, 0x2
core   0: 3 0x8000b2fc (0x00002f17) x30 0x8000d2fc
core   0: 0x8000b300 (0xd03f2223) sw      gp, -764(t5)
core   0: 3 0x8000b300 (0xd03f2223) mem 0x8000d000 0x00000001
core   0: 0x8000b304 (0xff9ff06f) j       pc - 0x8
core   0: 3 0x8000b304 (0xff9ff06f)
core   0: 0x8000b2fc (0x00002f17) auipc   t5, 0x2
core   0: 3 0x8000b2fc (0x00002f17) x30 0x8000d2fc
core   0: 0x8000b300 (0xd03f2223) sw      gp, -764(t5)
core   0: 3 0x8000b300 (0xd03f2223) mem 0x8000d000 0x00000001
core   0: 0x8000b304 (0xff9ff06f) j       pc - 0x8
core   0: 3 0x8000b304 (0xff9ff06f)
core   0: 0x8000b2fc (0x00002f17) auipc   t5, 0x2
core   0: 3 0x8000b2fc (0x00002f17) x30 0x8000d2fc
core   0: 0x8000b300 (0xd03f2223) sw      gp, -764(t5)
core   0: 3 0x8000b300 (0xd03f2223) mem 0x8000d000 0x00000001
core   0: 0x8000b304 (0xff9ff06f) j       pc - 0x8
core   0: 3 0x8000b304 (0xff9ff06f)
core   0: 0x8000b2fc (0x00002f17) auipc   t5, 0x2
core   0: 3 0x8000b2fc (0x00002f17) x30 0x8000d2fc
core   0: 0x8000b300 (0xd03f2223) sw      gp, -764(t5)
core   0: 3 0x8000b300 (0xd03f2223) mem 0x8000d000 0x00000001
core   0: 0x8000b304 (0xff9ff06f) j       pc - 0x8
core   0: 3 0x8000b304 (0xff9ff06f)
core   0: 0x8000b2fc (0x00002f17) auipc   t5, 0x2
core   0: 3 0x8000b2fc (0x00002f17) x30 0x8000d2fc
core   0: 0x8000b300 (0xd03f2223) sw      gp, -764(t5)
core   0: 3 0x8000b300 (0xd03f2223) mem 0x8000d000 0x00000001
core   0: 0x8000b304 (0xff9ff06f) j       pc - 0x8
core   0: 3 0x8000b304 (0xff9ff06f)
core   0: 0x8000b2fc (0x00002f17) auipc   t5, 0x2
core   0: 3 0x8000b2fc (0x00002f17) x30 0x8000d2fc
core   0: 0x8000b300 (0xd03f2223) sw      gp, -764(t5)
core   0: 3 0x8000b300 (0xd03f2223) mem 0x8000d000 0x00000001
core   0: 0x8000b304 (0xff9ff06f) j       pc - 0x8
core   0: 3 0x8000b304 (0xff9ff06f)
core   0: 0x8000b2fc (0x00002f17) auipc   t5, 0x2
core   0: 3 0x8000b2fc (0x00002f17) x30 0x8000d2fc
core   0: 0x8000b300 (0xd03f2223) sw      gp, -764(t5)
core   0: 3 0x8000b300 (0xd03f2223) mem 0x8000d000 0x00000001
core   0: 0x8000b304 (0xff9ff06f) j       pc - 0x8
core   0: 3 0x8000b304 (0xff9ff06f)
core   0: 0x8000b2fc (0x00002f17) auipc   t5, 0x2
core   0: 3 0x8000b2fc (0x00002f17) x30 0x8000d2fc
core   0: 0x8000b300 (0xd03f2223) sw      gp, -764(t5)
core   0: 3 0x8000b300 (0xd03f2223) mem 0x8000d000 0x00000001
core   0: 0x8000b304 (0xff9ff06f) j       pc - 0x8
core   0: 3 0x8000b304 (0xff9ff06f)
core   0: 0x8000b2fc (0x00002f17) auipc   t5, 0x2
core   0: 3 0x8000b2fc (0x00002f17) x30 0x8000d2fc
core   0: 0x8000b300 (0xd03f2223) sw      gp, -764(t5)
core   0: 3 0x8000b300 (0xd03f2223) mem 0x8000d000 0x00000001
core   0: 0x8000b304 (0xff9ff06f) j       pc - 0x8
core   0: 3 0x8000b304 (0xff9ff06f)
core   0: 0x8000b2fc (0x00002f17) auipc   t5, 0x2
core   0: 3 0x8000b2fc (0x00002f17) x30 0x8000d2fc
core   0: 0x8000b300 (0xd03f2223) sw      gp, -764(t5)
core   0: 3 0x8000b300 (0xd03f2223) mem 0x8000d000 0x00000001
core   0: 0x8000b304 (0xff9ff06f) j       pc - 0x8
core   0: 3 0x8000b304 (0xff9ff06f)
core   0: 0x8000b2fc (0x00002f17) auipc   t5, 0x2
core   0: 3 0x8000b2fc (0x00002f17) x30 0x8000d2fc
core   0: 0x8000b300 (0xd03f2223) sw      gp, -764(t5)
core   0: 3 0x8000b300 (0xd03f2223) mem 0x8000d000 0x00000001
core   0: 0x8000b304 (0xff9ff06f) j       pc - 0x8
core   0: 3 0x8000b304 (0xff9ff06f)
core   0: 0x8000b2fc (0x00002f17) auipc   t5, 0x2
core   0: 3 0x8000b2fc (0x00002f17) x30 0x8000d2fc
core   0: 0x8000b300 (0xd03f2223) sw      gp, -764(t5)
core   0: 3 0x8000b300 (0xd03f2223) mem 0x8000d000 0x00000001
core   0: 0x8000b304 (0xff9ff06f) j       pc - 0x8
core   0: 3 0x8000b304 (0xff9ff06f)
core   0: 0x8000b2fc (0x00002f17) auipc   t5, 0x2
core   0: 3 0x8000b2fc (0x00002f17) x30 0x8000d2fc
core   0: 0x8000b300 (0xd03f2223) sw      gp, -764(t5)
core   0: 3 0x8000b300 (0xd03f2223) mem 0x8000d000 0x00000001
core   0: 0x8000b304 (0xff9ff06f) j       pc - 0x8
core   0: 3 0x8000b304 (0xff9ff06f)
core   0: 0x8000b2fc (0x00002f17) auipc   t5, 0x2
core   0: 3 0x8000b2fc (0x00002f17) x30 0x8000d2fc
core   0: 0x8000b300 (0xd03f2223) sw      gp, -764(t5)
core   0: 3 0x8000b300 (0xd03f2223) mem 0x8000d000 0x00000001
core   0: 0x8000b304 (0xff9ff06f) j       pc - 0x8
core   0: 3 0x8000b304 (0xff9ff06f)
core   0: 0x8000b2fc (0x00002f17) auipc   t5, 0x2
core   0: 3 0x8000b2fc (0x00002f17) x30 0x8000d2fc
core   0: 0x8000b300 (0xd03f2223) sw      gp, -764(t5)
core   0: 3 0x8000b300 (0xd03f2223) mem 0x8000d000 0x00000001
core   0: 0x8000b304 (0xff9ff06f) j       pc - 0x8
core   0: 3 0x8000b304 (0xff9ff06f)
core   0: 0x8000b2fc (0x00002f17) auipc   t5, 0x2
core   0: 3 0x8000b2fc (0x00002f17) x30 0x8000d2fc
core   0: 0x8000b300 (0xd03f2223) sw      gp, -764(t5)
core   0: 3 0x8000b300 (0xd03f2223) mem 0x8000d000 0x00000001
core   0: 0x8000b304 (0xff9ff06f) j       pc - 0x8
core   0: 3 0x8000b304 (0xff9ff06f)
core   0: 0x8000b2fc (0x00002f17) auipc   t5, 0x2
core   0: 3 0x8000b2fc (0x00002f17) x30 0x8000d2fc
core   0: 0x8000b300 (0xd03f2223) sw      gp, -764(t5)
core   0: 3 0x8000b300 (0xd03f2223) mem 0x8000d000 0x00000001
core   0: 0x8000b304 (0xff9ff06f) j       pc - 0x8
core   0: 3 0x8000b304 (0xff9ff06f)
core   0: 0x8000b2fc (0x00002f17) auipc   t5, 0x2
core   0: 3 0x8000b2fc (0x00002f17) x30 0x8000d2fc
core   0: 0x8000b300 (0xd03f2223) sw      gp, -764(t5)
core   0: 3 0x8000b300 (0xd03f2223) mem 0x8000d000 0x00000001
core   0: 0x8000b304 (0xff9ff06f) j       pc - 0x8
core   0: 3 0x8000b304 (0xff9ff06f)
core   0: 0x8000b2fc (0x00002f17) auipc   t5, 0x2
core   0: 3 0x8000b2fc (0x00002f17) x30 0x8000d2fc
core   0: 0x8000b300 (0xd03f2223) sw      gp, -764(t5)
core   0: 3 0x8000b300 (0xd03f2223) mem 0x8000d000 0x00000001
core   0: 0x8000b304 (0xff9ff06f) j       pc - 0x8
core   0: 3 0x8000b304 (0xff9ff06f)
core   0: 0x8000b2fc (0x00002f17) auipc   t5, 0x2
core   0: 3 0x8000b2fc (0x00002f17) x30 0x8000d2fc
core   0: 0x8000b300 (0xd03f2223) sw      gp, -764(t5)
core   0: 3 0x8000b300 (0xd03f2223) mem 0x8000d000 0x00000001
core   0: 0x8000b304 (0xff9ff06f) j       pc - 0x8
core   0: 3 0x8000b304 (0xff9ff06f)
core   0: 0x8000b2fc (0x00002f17) auipc   t5, 0x2
core   0: 3 0x8000b2fc (0x00002f17) x30 0x8000d2fc
core   0: 0x8000b300 (0xd03f2223) sw      gp, -764(t5)
core   0: 3 0x8000b300 (0xd03f2223) mem 0x8000d000 0x00000001
core   0: 0x8000b304 (0xff9ff06f) j       pc - 0x8
core   0: 3 0x8000b304 (0xff9ff06f)
core   0: 0x8000b2fc (0x00002f17) auipc   t5, 0x2
core   0: 3 0x8000b2fc (0x00002f17) x30 0x8000d2fc
core   0: 0x8000b300 (0xd03f2223) sw      gp, -764(t5)
core   0: 3 0x8000b300 (0xd03f2223) mem 0x8000d000 0x00000001
core   0: 0x8000b304 (0xff9ff06f) j       pc - 0x8
core   0: 3 0x8000b304 (0xff9ff06f)
core   0: 0x8000b2fc (0x00002f17) auipc   t5, 0x2
core   0: 3 0x8000b2fc (0x00002f17) x30 0x8000d2fc
core   0: 0x8000b300 (0xd03f2223) sw      gp, -764(t5)
core   0: 3 0x8000b300 (0xd03f2223) mem 0x8000d000 0x00000001
core   0: 0x8000b304 (0xff9ff06f) j       pc - 0x8
core   0: 3 0x8000b304 (0xff9ff06f)
core   0: 0x8000b2fc (0x00002f17) auipc   t5, 0x2
core   0: 3 0x8000b2fc (0x00002f17) x30 0x8000d2fc
core   0: 0x8000b300 (0xd03f2223) sw      gp, -764(t5)
core   0: 3 0x8000b300 (0xd03f2223) mem 0x8000d000 0x00000001
core   0: 0x8000b304 (0xff9ff06f) j       pc - 0x8
core   0: 3 0x8000b304 (0xff9ff06f)
core   0: 0x8000b2fc (0x00002f17) auipc   t5, 0x2
core   0: 3 0x8000b2fc (0x00002f17) x30 0x8000d2fc
core   0: 0x8000b300 (0xd03f2223) sw      gp, -764(t5)
core   0: 3 0x8000b300 (0xd03f2223) mem 0x8000d000 0x00000001
core   0: 0x8000b304 (0xff9ff06f) j       pc - 0x8
core   0: 3 0x8000b304 (0xff9ff06f)
core   0: 0x8000b2fc (0x00002f17) auipc   t5, 0x2
core   0: 3 0x8000b2fc (0x00002f17) x30 0x8000d2fc
core   0: 0x8000b300 (0xd03f2223) sw      gp, -764(t5)
core   0: 3 0x8000b300 (0xd03f2223) mem 0x8000d000 0x00000001
core   0: 0x8000b304 (0xff9ff06f) j       pc - 0x8
core   0: 3 0x8000b304 (0xff9ff06f)
core   0: 0x8000b2fc (0x00002f17) auipc   t5, 0x2
core   0: 3 0x8000b2fc (0x00002f17) x30 0x8000d2fc
core   0: 0x8000b300 (0xd03f2223) sw      gp, -764(t5)
core   0: 3 0x8000b300 (0xd03f2223) mem 0x8000d000 0x00000001
core   0: 0x8000b304 (0xff9ff06f) j       pc - 0x8
core   0: 3 0x8000b304 (0xff9ff06f)
core   0: 0x8000b2fc (0x00002f17) auipc   t5, 0x2
core   0: 3 0x8000b2fc (0x00002f17) x30 0x8000d2fc
core   0: 0x8000b300 (0xd03f2223) sw      gp, -764(t5)
core   0: 3 0x8000b300 (0xd03f2223) mem 0x8000d000 0x00000001
core   0: 0x8000b304 (0xff9ff06f) j       pc - 0x8
core   0: 3 0x8000b304 (0xff9ff06f)
core   0: 0x8000b2fc (0x00002f17) auipc   t5, 0x2
core   0: 3 0x8000b2fc (0x00002f17) x30 0x8000d2fc
core   0: 0x8000b300 (0xd03f2223) sw      gp, -764(t5)
core   0: 3 0x8000b300 (0xd03f2223) mem 0x8000d000 0x00000001
core   0: 0x8000b304 (0xff9ff06f) j       pc - 0x8
core   0: 3 0x8000b304 (0xff9ff06f)
core   0: 0x8000b2fc (0x00002f17) auipc   t5, 0x2
core   0: 3 0x8000b2fc (0x00002f17) x30 0x8000d2fc
core   0: 0x8000b300 (0xd03f2223) sw      gp, -764(t5)
core   0: 3 0x8000b300 (0xd03f2223) mem 0x8000d000 0x00000001
core   0: 0x8000b304 (0xff9ff06f) j       pc - 0x8
core   0: 3 0x8000b304 (0xff9ff06f)
core   0: 0x8000b2fc (0x00002f17) auipc   t5, 0x2
core   0: 3 0x8000b2fc (0x00002f17) x30 0x8000d2fc
core   0: 0x8000b300 (0xd03f2223) sw      gp, -764(t5)
core   0: 3 0x8000b300 (0xd03f2223) mem 0x8000d000 0x00000001
core   0: 0x8000b304 (0xff9ff06f) j       pc - 0x8
core   0: 3 0x8000b304 (0xff9ff06f)
core   0: 0x8000b2fc (0x00002f17) auipc   t5, 0x2
core   0: 3 0x8000b2fc (0x00002f17) x30 0x8000d2fc
core   0: 0x8000b300 (0xd03f2223) sw      gp, -764(t5)
core   0: 3 0x8000b300 (0xd03f2223) mem 0x8000d000 0x00000001
core   0: 0x8000b304 (0xff9ff06f) j       pc - 0x8
core   0: 3 0x8000b304 (0xff9ff06f)
core   0: 0x8000b2fc (0x00002f17) auipc   t5, 0x2
core   0: 3 0x8000b2fc (0x00002f17) x30 0x8000d2fc
core   0: 0x8000b300 (0xd03f2223) sw      gp, -764(t5)
core   0: 3 0x8000b300 (0xd03f2223) mem 0x8000d000 0x00000001
core   0: 0x8000b304 (0xff9ff06f) j       pc - 0x8
core   0: 3 0x8000b304 (0xff9ff06f)
core   0: 0x8000b2fc (0x00002f17) auipc   t5, 0x2
core   0: 3 0x8000b2fc (0x00002f17) x30 0x8000d2fc
core   0: 0x8000b300 (0xd03f2223) sw      gp, -764(t5)
core   0: 3 0x8000b300 (0xd03f2223) mem 0x8000d000 0x00000001
core   0: 0x8000b304 (0xff9ff06f) j       pc - 0x8
core   0: 3 0x8000b304 (0xff9ff06f)
core   0: 0x8000b2fc (0x00002f17) auipc   t5, 0x2
core   0: 3 0x8000b2fc (0x00002f17) x30 0x8000d2fc
core   0: 0x8000b300 (0xd03f2223) sw      gp, -764(t5)
core   0: 3 0x8000b300 (0xd03f2223) mem 0x8000d000 0x00000001
core   0: 0x8000b304 (0xff9ff06f) j       pc - 0x8
core   0: 3 0x8000b304 (0xff9ff06f)
core   0: 0x8000b2fc (0x00002f17) auipc   t5, 0x2
core   0: 3 0x8000b2fc (0x00002f17) x30 0x8000d2fc
core   0: 0x8000b300 (0xd03f2223) sw      gp, -764(t5)
core   0: 3 0x8000b300 (0xd03f2223) mem 0x8000d000 0x00000001
core   0: 0x8000b304 (0xff9ff06f) j       pc - 0x8
core   0: 3 0x8000b304 (0xff9ff06f)
core   0: 0x8000b2fc (0x00002f17) auipc   t5, 0x2
core   0: 3 0x8000b2fc (0x00002f17) x30 0x8000d2fc
core   0: 0x8000b300 (0xd03f2223) sw      gp, -764(t5)
core   0: 3 0x8000b300 (0xd03f2223) mem 0x8000d000 0x00000001
core   0: 0x8000b304 (0xff9ff06f) j       pc - 0x8
core   0: 3 0x8000b304 (0xff9ff06f)
core   0: 0x8000b2fc (0x00002f17) auipc   t5, 0x2
core   0: 3 0x8000b2fc (0x00002f17) x30 0x8000d2fc
core   0: 0x8000b300 (0xd03f2223) sw      gp, -764(t5)
core   0: 3 0x8000b300 (0xd03f2223) mem 0x8000d000 0x00000001
core   0: 0x8000b304 (0xff9ff06f) j       pc - 0x8
core   0: 3 0x8000b304 (0xff9ff06f)
core   0: 0x8000b2fc (0x00002f17) auipc   t5, 0x2
core   0: 3 0x8000b2fc (0x00002f17) x30 0x8000d2fc
core   0: 0x8000b300 (0xd03f2223) sw      gp, -764(t5)
core   0: 3 0x8000b300 (0xd03f2223) mem 0x8000d000 0x00000001
core   0: 0x8000b304 (0xff9ff06f) j       pc - 0x8
core   0: 3 0x8000b304 (0xff9ff06f)
core   0: 0x8000b2fc (0x00002f17) auipc   t5, 0x2
core   0: 3 0x8000b2fc (0x00002f17) x30 0x8000d2fc
core   0: 0x8000b300 (0xd03f2223) sw      gp, -764(t5)
core   0: 3 0x8000b300 (0xd03f2223) mem 0x8000d000 0x00000001
core   0: 0x8000b304 (0xff9ff06f) j       pc - 0x8
core   0: 3 0x8000b304 (0xff9ff06f)
core   0: 0x8000b2fc (0x00002f17) auipc   t5, 0x2
core   0: 3 0x8000b2fc (0x00002f17) x30 0x8000d2fc
core   0: 0x8000b300 (0xd03f2223) sw      gp, -764(t5)
core   0: 3 0x8000b300 (0xd03f2223) mem 0x8000d000 0x00000001
core   0: 0x8000b304 (0xff9ff06f) j       pc - 0x8
core   0: 3 0x8000b304 (0xff9ff06f)
core   0: 0x8000b2fc (0x00002f17) auipc   t5, 0x2
core   0: 3 0x8000b2fc (0x00002f17) x30 0x8000d2fc
core   0: 0x8000b300 (0xd03f2223) sw      gp, -764(t5)
core   0: 3 0x8000b300 (0xd03f2223) mem 0x8000d000 0x00000001
core   0: 0x8000b304 (0xff9ff06f) j       pc - 0x8
core   0: 3 0x8000b304 (0xff9ff06f)
core   0: 0x8000b2fc (0x00002f17) auipc   t5, 0x2
core   0: 3 0x8000b2fc (0x00002f17) x30 0x8000d2fc
core   0: 0x8000b300 (0xd03f2223) sw      gp, -764(t5)
core   0: 3 0x8000b300 (0xd03f2223) mem 0x8000d000 0x00000001
core   0: 0x8000b304 (0xff9ff06f) j       pc - 0x8
core   0: 3 0x8000b304 (0xff9ff06f)
core   0: 0x8000b2fc (0x00002f17) auipc   t5, 0x2
core   0: 3 0x8000b2fc (0x00002f17) x30 0x8000d2fc
core   0: 0x8000b300 (0xd03f2223) sw      gp, -764(t5)
core   0: 3 0x8000b300 (0xd03f2223) mem 0x8000d000 0x00000001
core   0: 0x8000b304 (0xff9ff06f) j       pc - 0x8
core   0: 3 0x8000b304 (0xff9ff06f)
core   0: 0x8000b2fc (0x00002f17) auipc   t5, 0x2
core   0: 3 0x8000b2fc (0x00002f17) x30 0x8000d2fc
core   0: 0x8000b300 (0xd03f2223) sw      gp, -764(t5)
core   0: 3 0x8000b300 (0xd03f2223) mem 0x8000d000 0x00000001
core   0: 0x8000b304 (0xff9ff06f) j       pc - 0x8
core   0: 3 0x8000b304 (0xff9ff06f)
core   0: 0x8000b2fc (0x00002f17) auipc   t5, 0x2
core   0: 3 0x8000b2fc (0x00002f17) x30 0x8000d2fc
core   0: 0x8000b300 (0xd03f2223) sw      gp, -764(t5)
core   0: 3 0x8000b300 (0xd03f2223) mem 0x8000d000 0x00000001
core   0: 0x8000b304 (0xff9ff06f) j       pc - 0x8
core   0: 3 0x8000b304 (0xff9ff06f)
core   0: 0x8000b2fc (0x00002f17) auipc   t5, 0x2
core   0: 3 0x8000b2fc (0x00002f17) x30 0x8000d2fc
core   0: 0x8000b300 (0xd03f2223) sw      gp, -764(t5)
core   0: 3 0x8000b300 (0xd03f2223) mem 0x8000d000 0x00000001
core   0: 0x8000b304 (0xff9ff06f) j       pc - 0x8
core   0: 3 0x8000b304 (0xff9ff06f)
core   0: 0x8000b2fc (0x00002f17) auipc   t5, 0x2
core   0: 3 0x8000b2fc (0x00002f17) x30 0x8000d2fc
core   0: 0x8000b300 (0xd03f2223) sw      gp, -764(t5)
core   0: 3 0x8000b300 (0xd03f2223) mem 0x8000d000 0x00000001
core   0: 0x8000b304 (0xff9ff06f) j       pc - 0x8
core   0: 3 0x8000b304 (0xff9ff06f)
core   0: 0x8000b2fc (0x00002f17) auipc   t5, 0x2
core   0: 3 0x8000b2fc (0x00002f17) x30 0x8000d2fc
core   0: 0x8000b300 (0xd03f2223) sw      gp, -764(t5)
core   0: 3 0x8000b300 (0xd03f2223) mem 0x8000d000 0x00000001
core   0: 0x8000b304 (0xff9ff06f) j       pc - 0x8
core   0: 3 0x8000b304 (0xff9ff06f)
core   0: 0x8000b2fc (0x00002f17) auipc   t5, 0x2
core   0: 3 0x8000b2fc (0x00002f17) x30 0x8000d2fc
core   0: 0x8000b300 (0xd03f2223) sw      gp, -764(t5)
core   0: 3 0x8000b300 (0xd03f2223) mem 0x8000d000 0x00000001
core   0: 0x8000b304 (0xff9ff06f) j       pc - 0x8
core   0: 3 0x8000b304 (0xff9ff06f)
core   0: 0x8000b2fc (0x00002f17) auipc   t5, 0x2
core   0: 3 0x8000b2fc (0x00002f17) x30 0x8000d2fc
core   0: 0x8000b300 (0xd03f2223) sw      gp, -764(t5)
core   0: 3 0x8000b300 (0xd03f2223) mem 0x8000d000 0x00000001
core   0: 0x8000b304 (0xff9ff06f) j       pc - 0x8
core   0: 3 0x8000b304 (0xff9ff06f)
core   0: 0x8000b2fc (0x00002f17) auipc   t5, 0x2
core   0: 3 0x8000b2fc (0x00002f17) x30 0x8000d2fc
core   0: 0x8000b300 (0xd03f2223) sw      gp, -764(t5)
core   0: 3 0x8000b300 (0xd03f2223) mem 0x8000d000 0x00000001
core   0: 0x8000b304 (0xff9ff06f) j       pc - 0x8
core   0: 3 0x8000b304 (0xff9ff06f)
core   0: 0x8000b2fc (0x00002f17) auipc   t5, 0x2
core   0: 3 0x8000b2fc (0x00002f17) x30 0x8000d2fc
core   0: 0x8000b300 (0xd03f2223) sw      gp, -764(t5)
core   0: 3 0x8000b300 (0xd03f2223) mem 0x8000d000 0x00000001
core   0: 0x8000b304 (0xff9ff06f) j       pc - 0x8
core   0: 3 0x8000b304 (0xff9ff06f)
core   0: 0x8000b2fc (0x00002f17) auipc   t5, 0x2
core   0: 3 0x8000b2fc (0x00002f17) x30 0x8000d2fc
core   0: 0x8000b300 (0xd03f2223) sw      gp, -764(t5)
core   0: 3 0x8000b300 (0xd03f2223) mem 0x8000d000 0x00000001
core   0: 0x8000b304 (0xff9ff06f) j       pc - 0x8
core   0: 3 0x8000b304 (0xff9ff06f)
core   0: 0x8000b2fc (0x00002f17) auipc   t5, 0x2
core   0: 3 0x8000b2fc (0x00002f17) x30 0x8000d2fc
core   0: 0x8000b300 (0xd03f2223) sw      gp, -764(t5)
core   0: 3 0x8000b300 (0xd03f2223) mem 0x8000d000 0x00000001
core   0: 0x8000b304 (0xff9ff06f) j       pc - 0x8
core   0: 3 0x8000b304 (0xff9ff06f)
core   0: 0x8000b2fc (0x00002f17) auipc   t5, 0x2
core   0: 3 0x8000b2fc (0x00002f17) x30 0x8000d2fc
core   0: 0x8000b300 (0xd03f2223) sw      gp, -764(t5)
core   0: 3 0x8000b300 (0xd03f2223) mem 0x8000d000 0x00000001
core   0: 0x8000b304 (0xff9ff06f) j       pc - 0x8
core   0: 3 0x8000b304 (0xff9ff06f)
core   0: 0x8000b2fc (0x00002f17) auipc   t5, 0x2
core   0: 3 0x8000b2fc (0x00002f17) x30 0x8000d2fc
core   0: 0x8000b300 (0xd03f2223) sw      gp, -764(t5)
core   0: 3 0x8000b300 (0xd03f2223) mem 0x8000d000 0x00000001
core   0: 0x8000b304 (0xff9ff06f) j       pc - 0x8
core   0: 3 0x8000b304 (0xff9ff06f)
core   0: 0x8000b2fc (0x00002f17) auipc   t5, 0x2
core   0: 3 0x8000b2fc (0x00002f17) x30 0x8000d2fc
core   0: 0x8000b300 (0xd03f2223) sw      gp, -764(t5)
core   0: 3 0x8000b300 (0xd03f2223) mem 0x8000d000 0x00000001
core   0: 0x8000b304 (0xff9ff06f) j       pc - 0x8
core   0: 3 0x8000b304 (0xff9ff06f)
core   0: 0x8000b2fc (0x00002f17) auipc   t5, 0x2
core   0: 3 0x8000b2fc (0x00002f17) x30 0x8000d2fc
core   0: 0x8000b300 (0xd03f2223) sw      gp, -764(t5)
core   0: 3 0x8000b300 (0xd03f2223) mem 0x8000d000 0x00000001
core   0: 0x8000b304 (0xff9ff06f) j       pc - 0x8
core   0: 3 0x8000b304 (0xff9ff06f)
core   0: 0x8000b2fc (0x00002f17) auipc   t5, 0x2
core   0: 3 0x8000b2fc (0x00002f17) x30 0x8000d2fc
core   0: 0x8000b300 (0xd03f2223) sw      gp, -764(t5)
core   0: 3 0x8000b300 (0xd03f2223) mem 0x8000d000 0x00000001
core   0: 0x8000b304 (0xff9ff06f) j       pc - 0x8
core   0: 3 0x8000b304 (0xff9ff06f)
core   0: 0x8000b2fc (0x00002f17) auipc   t5, 0x2
core   0: 3 0x8000b2fc (0x00002f17) x30 0x8000d2fc
core   0: 0x8000b300 (0xd03f2223) sw      gp, -764(t5)
core   0: 3 0x8000b300 (0xd03f2223) mem 0x8000d000 0x00000001
core   0: 0x8000b304 (0xff9ff06f) j       pc - 0x8
core   0: 3 0x8000b304 (0xff9ff06f)
core   0: 0x8000b2fc (0x00002f17) auipc   t5, 0x2
core   0: 3 0x8000b2fc (0x00002f17) x30 0x8000d2fc
core   0: 0x8000b300 (0xd03f2223) sw      gp, -764(t5)
core   0: 3 0x8000b300 (0xd03f2223) mem 0x8000d000 0x00000001
core   0: 0x8000b304 (0xff9ff06f) j       pc - 0x8
core   0: 3 0x8000b304 (0xff9ff06f)
core   0: 0x8000b2fc (0x00002f17) auipc   t5, 0x2
core   0: 3 0x8000b2fc (0x00002f17) x30 0x8000d2fc
core   0: 0x8000b300 (0xd03f2223) sw      gp, -764(t5)
core   0: 3 0x8000b300 (0xd03f2223) mem 0x8000d000 0x00000001
core   0: 0x8000b304 (0xff9ff06f) j       pc - 0x8
core   0: 3 0x8000b304 (0xff9ff06f)
core   0: 0x8000b2fc (0x00002f17) auipc   t5, 0x2
core   0: 3 0x8000b2fc (0x00002f17) x30 0x8000d2fc
core   0: 0x8000b300 (0xd03f2223) sw      gp, -764(t5)
core   0: 3 0x8000b300 (0xd03f2223) mem 0x8000d000 0x00000001
core   0: 0x8000b304 (0xff9ff06f) j       pc - 0x8
core   0: 3 0x8000b304 (0xff9ff06f)
core   0: 0x8000b2fc (0x00002f17) auipc   t5, 0x2
core   0: 3 0x8000b2fc (0x00002f17) x30 0x8000d2fc
core   0: 0x8000b300 (0xd03f2223) sw      gp, -764(t5)
core   0: 3 0x8000b300 (0xd03f2223) mem 0x8000d000 0x00000001
core   0: 0x8000b304 (0xff9ff06f) j       pc - 0x8
core   0: 3 0x8000b304 (0xff9ff06f)
core   0: 0x8000b2fc (0x00002f17) auipc   t5, 0x2
core   0: 3 0x8000b2fc (0x00002f17) x30 0x8000d2fc
core   0: 0x8000b300 (0xd03f2223) sw      gp, -764(t5)
core   0: 3 0x8000b300 (0xd03f2223) mem 0x8000d000 0x00000001
core   0: 0x8000b304 (0xff9ff06f) j       pc - 0x8
core   0: 3 0x8000b304 (0xff9ff06f)
core   0: 0x8000b2fc (0x00002f17) auipc   t5, 0x2
core   0: 3 0x8000b2fc (0x00002f17) x30 0x8000d2fc
core   0: 0x8000b300 (0xd03f2223) sw      gp, -764(t5)
core   0: 3 0x8000b300 (0xd03f2223) mem 0x8000d000 0x00000001
core   0: 0x8000b304 (0xff9ff06f) j       pc - 0x8
core   0: 3 0x8000b304 (0xff9ff06f)
core   0: 0x8000b2fc (0x00002f17) auipc   t5, 0x2
core   0: 3 0x8000b2fc (0x00002f17) x30 0x8000d2fc
core   0: 0x8000b300 (0xd03f2223) sw      gp, -764(t5)
core   0: 3 0x8000b300 (0xd03f2223) mem 0x8000d000 0x00000001
core   0: 0x8000b304 (0xff9ff06f) j       pc - 0x8
core   0: 3 0x8000b304 (0xff9ff06f)
core   0: 0x8000b2fc (0x00002f17) auipc   t5, 0x2
core   0: 3 0x8000b2fc (0x00002f17) x30 0x8000d2fc
core   0: 0x8000b300 (0xd03f2223) sw      gp, -764(t5)
core   0: 3 0x8000b300 (0xd03f2223) mem 0x8000d000 0x00000001
core   0: 0x8000b304 (0xff9ff06f) j       pc - 0x8
core   0: 3 0x8000b304 (0xff9ff06f)
core   0: 0x8000b2fc (0x00002f17) auipc   t5, 0x2
core   0: 3 0x8000b2fc (0x00002f17) x30 0x8000d2fc
core   0: 0x8000b300 (0xd03f2223) sw      gp, -764(t5)
core   0: 3 0x8000b300 (0xd03f2223) mem 0x8000d000 0x00000001
core   0: 0x8000b304 (0xff9ff06f) j       pc - 0x8
core   0: 3 0x8000b304 (0xff9ff06f)
core   0: 0x8000b2fc (0x00002f17) auipc   t5, 0x2
core   0: 3 0x8000b2fc (0x00002f17) x30 0x8000d2fc
core   0: 0x8000b300 (0xd03f2223) sw      gp, -764(t5)
core   0: 3 0x8000b300 (0xd03f2223) mem 0x8000d000 0x00000001
core   0: 0x8000b304 (0xff9ff06f) j       pc - 0x8
core   0: 3 0x8000b304 (0xff9ff06f)
core   0: 0x8000b2fc (0x00002f17) auipc   t5, 0x2
core   0: 3 0x8000b2fc (0x00002f17) x30 0x8000d2fc
core   0: 0x8000b300 (0xd03f2223) sw      gp, -764(t5)
core   0: 3 0x8000b300 (0xd03f2223) mem 0x8000d000 0x00000001
core   0: 0x8000b304 (0xff9ff06f) j       pc - 0x8
core   0: 3 0x8000b304 (0xff9ff06f)
core   0: 0x8000b2fc (0x00002f17) auipc   t5, 0x2
core   0: 3 0x8000b2fc (0x00002f17) x30 0x8000d2fc
core   0: 0x8000b300 (0xd03f2223) sw      gp, -764(t5)
core   0: 3 0x8000b300 (0xd03f2223) mem 0x8000d000 0x00000001
core   0: 0x8000b304 (0xff9ff06f) j       pc - 0x8
core   0: 3 0x8000b304 (0xff9ff06f)
core   0: 0x8000b2fc (0x00002f17) auipc   t5, 0x2
core   0: 3 0x8000b2fc (0x00002f17) x30 0x8000d2fc
core   0: 0x8000b300 (0xd03f2223) sw      gp, -764(t5)
core   0: 3 0x8000b300 (0xd03f2223) mem 0x8000d000 0x00000001
core   0: 0x8000b304 (0xff9ff06f) j       pc - 0x8
core   0: 3 0x8000b304 (0xff9ff06f)
core   0: 0x8000b2fc (0x00002f17) auipc   t5, 0x2
core   0: 3 0x8000b2fc (0x00002f17) x30 0x8000d2fc
core   0: 0x8000b300 (0xd03f2223) sw      gp, -764(t5)
core   0: 3 0x8000b300 (0xd03f2223) mem 0x8000d000 0x00000001
core   0: 0x8000b304 (0xff9ff06f) j       pc - 0x8
core   0: 3 0x8000b304 (0xff9ff06f)
core   0: 0x8000b2fc (0x00002f17) auipc   t5, 0x2
core   0: 3 0x8000b2fc (0x00002f17) x30 0x8000d2fc
core   0: 0x8000b300 (0xd03f2223) sw      gp, -764(t5)
core   0: 3 0x8000b300 (0xd03f2223) mem 0x8000d000 0x00000001
core   0: 0x8000b304 (0xff9ff06f) j       pc - 0x8
core   0: 3 0x8000b304 (0xff9ff06f)
core   0: 0x8000b2fc (0x00002f17) auipc   t5, 0x2
core   0: 3 0x8000b2fc (0x00002f17) x30 0x8000d2fc
core   0: 0x8000b300 (0xd03f2223) sw      gp, -764(t5)
core   0: 3 0x8000b300 (0xd03f2223) mem 0x8000d000 0x00000001
core   0: 0x8000b304 (0xff9ff06f) j       pc - 0x8
core   0: 3 0x8000b304 (0xff9ff06f)
core   0: 0x8000b2fc (0x00002f17) auipc   t5, 0x2
core   0: 3 0x8000b2fc (0x00002f17) x30 0x8000d2fc
core   0: 0x8000b300 (0xd03f2223) sw      gp, -764(t5)
core   0: 3 0x8000b300 (0xd03f2223) mem 0x8000d000 0x00000001
core   0: 0x8000b304 (0xff9ff06f) j       pc - 0x8
core   0: 3 0x8000b304 (0xff9ff06f)
core   0: 0x8000b2fc (0x00002f17) auipc   t5, 0x2
core   0: 3 0x8000b2fc (0x00002f17) x30 0x8000d2fc
core   0: 0x8000b300 (0xd03f2223) sw      gp, -764(t5)
core   0: 3 0x8000b300 (0xd03f2223) mem 0x8000d000 0x00000001
core   0: 0x8000b304 (0xff9ff06f) j       pc - 0x8
core   0: 3 0x8000b304 (0xff9ff06f)
core   0: 0x8000b2fc (0x00002f17) auipc   t5, 0x2
core   0: 3 0x8000b2fc (0x00002f17) x30 0x8000d2fc
core   0: 0x8000b300 (0xd03f2223) sw      gp, -764(t5)
core   0: 3 0x8000b300 (0xd03f2223) mem 0x8000d000 0x00000001
core   0: 0x8000b304 (0xff9ff06f) j       pc - 0x8
core   0: 3 0x8000b304 (0xff9ff06f)
core   0: 0x8000b2fc (0x00002f17) auipc   t5, 0x2
core   0: 3 0x8000b2fc (0x00002f17) x30 0x8000d2fc
core   0: 0x8000b300 (0xd03f2223) sw      gp, -764(t5)
core   0: 3 0x8000b300 (0xd03f2223) mem 0x8000d000 0x00000001
core   0: 0x8000b304 (0xff9ff06f) j       pc - 0x8
core   0: 3 0x8000b304 (0xff9ff06f)
core   0: 0x8000b2fc (0x00002f17) auipc   t5, 0x2
core   0: 3 0x8000b2fc (0x00002f17) x30 0x8000d2fc
core   0: 0x8000b300 (0xd03f2223) sw      gp, -764(t5)
core   0: 3 0x8000b300 (0xd03f2223) mem 0x8000d000 0x00000001
core   0: 0x8000b304 (0xff9ff06f) j       pc - 0x8
core   0: 3 0x8000b304 (0xff9ff06f)
core   0: 0x8000b2fc (0x00002f17) auipc   t5, 0x2
core   0: 3 0x8000b2fc (0x00002f17) x30 0x8000d2fc
core   0: 0x8000b300 (0xd03f2223) sw      gp, -764(t5)
core   0: 3 0x8000b300 (0xd03f2223) mem 0x8000d000 0x00000001
core   0: 0x8000b304 (0xff9ff06f) j       pc - 0x8
core   0: 3 0x8000b304 (0xff9ff06f)
core   0: 0x8000b2fc (0x00002f17) auipc   t5, 0x2
core   0: 3 0x8000b2fc (0x00002f17) x30 0x8000d2fc
core   0: 0x8000b300 (0xd03f2223) sw      gp, -764(t5)
core   0: 3 0x8000b300 (0xd03f2223) mem 0x8000d000 0x00000001
core   0: 0x8000b304 (0xff9ff06f) j       pc - 0x8
core   0: 3 0x8000b304 (0xff9ff06f)
core   0: 0x8000b2fc (0x00002f17) auipc   t5, 0x2
core   0: 3 0x8000b2fc (0x00002f17) x30 0x8000d2fc
core   0: 0x8000b300 (0xd03f2223) sw      gp, -764(t5)
core   0: 3 0x8000b300 (0xd03f2223) mem 0x8000d000 0x00000001
core   0: 0x8000b304 (0xff9ff06f) j       pc - 0x8
core   0: 3 0x8000b304 (0xff9ff06f)
core   0: 0x8000b2fc (0x00002f17) auipc   t5, 0x2
core   0: 3 0x8000b2fc (0x00002f17) x30 0x8000d2fc
core   0: 0x8000b300 (0xd03f2223) sw      gp, -764(t5)
core   0: 3 0x8000b300 (0xd03f2223) mem 0x8000d000 0x00000001
core   0: 0x8000b304 (0xff9ff06f) j       pc - 0x8
core   0: 3 0x8000b304 (0xff9ff06f)
core   0: 0x8000b2fc (0x00002f17) auipc   t5, 0x2
core   0: 3 0x8000b2fc (0x00002f17) x30 0x8000d2fc
core   0: 0x8000b300 (0xd03f2223) sw      gp, -764(t5)
core   0: 3 0x8000b300 (0xd03f2223) mem 0x8000d000 0x00000001
core   0: 0x8000b304 (0xff9ff06f) j       pc - 0x8
core   0: 3 0x8000b304 (0xff9ff06f)
core   0: 0x8000b2fc (0x00002f17) auipc   t5, 0x2
core   0: 3 0x8000b2fc (0x00002f17) x30 0x8000d2fc
core   0: 0x8000b300 (0xd03f2223) sw      gp, -764(t5)
core   0: 3 0x8000b300 (0xd03f2223) mem 0x8000d000 0x00000001
core   0: 0x8000b304 (0xff9ff06f) j       pc - 0x8
core   0: 3 0x8000b304 (0xff9ff06f)
core   0: 0x8000b2fc (0x00002f17) auipc   t5, 0x2
core   0: 3 0x8000b2fc (0x00002f17) x30 0x8000d2fc
core   0: 0x8000b300 (0xd03f2223) sw      gp, -764(t5)
core   0: 3 0x8000b300 (0xd03f2223) mem 0x8000d000 0x00000001
core   0: 0x8000b304 (0xff9ff06f) j       pc - 0x8
core   0: 3 0x8000b304 (0xff9ff06f)
core   0: 0x8000b2fc (0x00002f17) auipc   t5, 0x2
core   0: 3 0x8000b2fc (0x00002f17) x30 0x8000d2fc
core   0: 0x8000b300 (0xd03f2223) sw      gp, -764(t5)
core   0: 3 0x8000b300 (0xd03f2223) mem 0x8000d000 0x00000001
core   0: 0x8000b304 (0xff9ff06f) j       pc - 0x8
core   0: 3 0x8000b304 (0xff9ff06f)
core   0: 0x8000b2fc (0x00002f17) auipc   t5, 0x2
core   0: 3 0x8000b2fc (0x00002f17) x30 0x8000d2fc
core   0: 0x8000b300 (0xd03f2223) sw      gp, -764(t5)
core   0: 3 0x8000b300 (0xd03f2223) mem 0x8000d000 0x00000001
core   0: 0x8000b304 (0xff9ff06f) j       pc - 0x8
core   0: 3 0x8000b304 (0xff9ff06f)
core   0: 0x8000b2fc (0x00002f17) auipc   t5, 0x2
core   0: 3 0x8000b2fc (0x00002f17) x30 0x8000d2fc
core   0: 0x8000b300 (0xd03f2223) sw      gp, -764(t5)
core   0: 3 0x8000b300 (0xd03f2223) mem 0x8000d000 0x00000001
core   0: 0x8000b304 (0xff9ff06f) j       pc - 0x8
core   0: 3 0x8000b304 (0xff9ff06f)
core   0: 0x8000b2fc (0x00002f17) auipc   t5, 0x2
core   0: 3 0x8000b2fc (0x00002f17) x30 0x8000d2fc
core   0: 0x8000b300 (0xd03f2223) sw      gp, -764(t5)
core   0: 3 0x8000b300 (0xd03f2223) mem 0x8000d000 0x00000001
core   0: 0x8000b304 (0xff9ff06f) j       pc - 0x8
core   0: 3 0x8000b304 (0xff9ff06f)
core   0: 0x8000b2fc (0x00002f17) auipc   t5, 0x2
core   0: 3 0x8000b2fc (0x00002f17) x30 0x8000d2fc
core   0: 0x8000b300 (0xd03f2223) sw      gp, -764(t5)
core   0: 3 0x8000b300 (0xd03f2223) mem 0x8000d000 0x00000001
core   0: 0x8000b304 (0xff9ff06f) j       pc - 0x8
core   0: 3 0x8000b304 (0xff9ff06f)
core   0: 0x8000b2fc (0x00002f17) auipc   t5, 0x2
core   0: 3 0x8000b2fc (0x00002f17) x30 0x8000d2fc
core   0: 0x8000b300 (0xd03f2223) sw      gp, -764(t5)
core   0: 3 0x8000b300 (0xd03f2223) mem 0x8000d000 0x00000001
core   0: 0x8000b304 (0xff9ff06f) j       pc - 0x8
core   0: 3 0x8000b304 (0xff9ff06f)
core   0: 0x8000b2fc (0x00002f17) auipc   t5, 0x2
core   0: 3 0x8000b2fc (0x00002f17) x30 0x8000d2fc
core   0: 0x8000b300 (0xd03f2223) sw      gp, -764(t5)
core   0: 3 0x8000b300 (0xd03f2223) mem 0x8000d000 0x00000001
core   0: 0x8000b304 (0xff9ff06f) j       pc - 0x8
core   0: 3 0x8000b304 (0xff9ff06f)
core   0: 0x8000b2fc (0x00002f17) auipc   t5, 0x2
core   0: 3 0x8000b2fc (0x00002f17) x30 0x8000d2fc
core   0: 0x8000b300 (0xd03f2223) sw      gp, -764(t5)
core   0: 3 0x8000b300 (0xd03f2223) mem 0x8000d000 0x00000001
core   0: 0x8000b304 (0xff9ff06f) j       pc - 0x8
core   0: 3 0x8000b304 (0xff9ff06f)
core   0: 0x8000b2fc (0x00002f17) auipc   t5, 0x2
core   0: 3 0x8000b2fc (0x00002f17) x30 0x8000d2fc
core   0: 0x8000b300 (0xd03f2223) sw      gp, -764(t5)
core   0: 3 0x8000b300 (0xd03f2223) mem 0x8000d000 0x00000001
core   0: 0x8000b304 (0xff9ff06f) j       pc - 0x8
core   0: 3 0x8000b304 (0xff9ff06f)
core   0: 0x8000b2fc (0x00002f17) auipc   t5, 0x2
core   0: 3 0x8000b2fc (0x00002f17) x30 0x8000d2fc
core   0: 0x8000b300 (0xd03f2223) sw      gp, -764(t5)
core   0: 3 0x8000b300 (0xd03f2223) mem 0x8000d000 0x00000001
core   0: 0x8000b304 (0xff9ff06f) j       pc - 0x8
core   0: 3 0x8000b304 (0xff9ff06f)
core   0: 0x8000b2fc (0x00002f17) auipc   t5, 0x2
core   0: 3 0x8000b2fc (0x00002f17) x30 0x8000d2fc
core   0: 0x8000b300 (0xd03f2223) sw      gp, -764(t5)
core   0: 3 0x8000b300 (0xd03f2223) mem 0x8000d000 0x00000001
core   0: 0x8000b304 (0xff9ff06f) j       pc - 0x8
core   0: 3 0x8000b304 (0xff9ff06f)
core   0: 0x8000b2fc (0x00002f17) auipc   t5, 0x2
core   0: 3 0x8000b2fc (0x00002f17) x30 0x8000d2fc
core   0: 0x8000b300 (0xd03f2223) sw      gp, -764(t5)
core   0: 3 0x8000b300 (0xd03f2223) mem 0x8000d000 0x00000001
core   0: 0x8000b304 (0xff9ff06f) j       pc - 0x8
core   0: 3 0x8000b304 (0xff9ff06f)
core   0: 0x8000b2fc (0x00002f17) auipc   t5, 0x2
core   0: 3 0x8000b2fc (0x00002f17) x30 0x8000d2fc
core   0: 0x8000b300 (0xd03f2223) sw      gp, -764(t5)
core   0: 3 0x8000b300 (0xd03f2223) mem 0x8000d000 0x00000001
core   0: 0x8000b304 (0xff9ff06f) j       pc - 0x8
core   0: 3 0x8000b304 (0xff9ff06f)
core   0: 0x8000b2fc (0x00002f17) auipc   t5, 0x2
core   0: 3 0x8000b2fc (0x00002f17) x30 0x8000d2fc
core   0: 0x8000b300 (0xd03f2223) sw      gp, -764(t5)
core   0: 3 0x8000b300 (0xd03f2223) mem 0x8000d000 0x00000001
core   0: 0x8000b304 (0xff9ff06f) j       pc - 0x8
core   0: 3 0x8000b304 (0xff9ff06f)
core   0: 0x8000b2fc (0x00002f17) auipc   t5, 0x2
core   0: 3 0x8000b2fc (0x00002f17) x30 0x8000d2fc
core   0: 0x8000b300 (0xd03f2223) sw      gp, -764(t5)
core   0: 3 0x8000b300 (0xd03f2223) mem 0x8000d000 0x00000001
core   0: 0x8000b304 (0xff9ff06f) j       pc - 0x8
core   0: 3 0x8000b304 (0xff9ff06f)
core   0: 0x8000b2fc (0x00002f17) auipc   t5, 0x2
core   0: 3 0x8000b2fc (0x00002f17) x30 0x8000d2fc
core   0: 0x8000b300 (0xd03f2223) sw      gp, -764(t5)
core   0: 3 0x8000b300 (0xd03f2223) mem 0x8000d000 0x00000001
core   0: 0x8000b304 (0xff9ff06f) j       pc - 0x8
core   0: 3 0x8000b304 (0xff9ff06f)
core   0: 0x8000b2fc (0x00002f17) auipc   t5, 0x2
core   0: 3 0x8000b2fc (0x00002f17) x30 0x8000d2fc
core   0: 0x8000b300 (0xd03f2223) sw      gp, -764(t5)
core   0: 3 0x8000b300 (0xd03f2223) mem 0x8000d000 0x00000001
core   0: 0x8000b304 (0xff9ff06f) j       pc - 0x8
core   0: 3 0x8000b304 (0xff9ff06f)
core   0: 0x8000b2fc (0x00002f17) auipc   t5, 0x2
core   0: 3 0x8000b2fc (0x00002f17) x30 0x8000d2fc
core   0: 0x8000b300 (0xd03f2223) sw      gp, -764(t5)
core   0: 3 0x8000b300 (0xd03f2223) mem 0x8000d000 0x00000001
core   0: 0x8000b304 (0xff9ff06f) j       pc - 0x8
core   0: 3 0x8000b304 (0xff9ff06f)
core   0: 0x8000b2fc (0x00002f17) auipc   t5, 0x2
core   0: 3 0x8000b2fc (0x00002f17) x30 0x8000d2fc
core   0: 0x8000b300 (0xd03f2223) sw      gp, -764(t5)
core   0: 3 0x8000b300 (0xd03f2223) mem 0x8000d000 0x00000001
core   0: 0x8000b304 (0xff9ff06f) j       pc - 0x8
core   0: 3 0x8000b304 (0xff9ff06f)
core   0: 0x8000b2fc (0x00002f17) auipc   t5, 0x2
core   0: 3 0x8000b2fc (0x00002f17) x30 0x8000d2fc
core   0: 0x8000b300 (0xd03f2223) sw      gp, -764(t5)
core   0: 3 0x8000b300 (0xd03f2223) mem 0x8000d000 0x00000001
core   0: 0x8000b304 (0xff9ff06f) j       pc - 0x8
core   0: 3 0x8000b304 (0xff9ff06f)
core   0: 0x8000b2fc (0x00002f17) auipc   t5, 0x2
core   0: 3 0x8000b2fc (0x00002f17) x30 0x8000d2fc
core   0: 0x8000b300 (0xd03f2223) sw      gp, -764(t5)
core   0: 3 0x8000b300 (0xd03f2223) mem 0x8000d000 0x00000001
core   0: 0x8000b304 (0xff9ff06f) j       pc - 0x8
core   0: 3 0x8000b304 (0xff9ff06f)
core   0: 0x8000b2fc (0x00002f17) auipc   t5, 0x2
core   0: 3 0x8000b2fc (0x00002f17) x30 0x8000d2fc
core   0: 0x8000b300 (0xd03f2223) sw      gp, -764(t5)
core   0: 3 0x8000b300 (0xd03f2223) mem 0x8000d000 0x00000001
core   0: 0x8000b304 (0xff9ff06f) j       pc - 0x8
core   0: 3 0x8000b304 (0xff9ff06f)
core   0: 0x8000b2fc (0x00002f17) auipc   t5, 0x2
core   0: 3 0x8000b2fc (0x00002f17) x30 0x8000d2fc
core   0: 0x8000b300 (0xd03f2223) sw      gp, -764(t5)
core   0: 3 0x8000b300 (0xd03f2223) mem 0x8000d000 0x00000001
core   0: 0x8000b304 (0xff9ff06f) j       pc - 0x8
core   0: 3 0x8000b304 (0xff9ff06f)
core   0: 0x8000b2fc (0x00002f17) auipc   t5, 0x2
core   0: 3 0x8000b2fc (0x00002f17) x30 0x8000d2fc
core   0: 0x8000b300 (0xd03f2223) sw      gp, -764(t5)
core   0: 3 0x8000b300 (0xd03f2223) mem 0x8000d000 0x00000001
core   0: 0x8000b304 (0xff9ff06f) j       pc - 0x8
core   0: 3 0x8000b304 (0xff9ff06f)
core   0: 0x8000b2fc (0x00002f17) auipc   t5, 0x2
core   0: 3 0x8000b2fc (0x00002f17) x30 0x8000d2fc
core   0: 0x8000b300 (0xd03f2223) sw      gp, -764(t5)
core   0: 3 0x8000b300 (0xd03f2223) mem 0x8000d000 0x00000001
core   0: 0x8000b304 (0xff9ff06f) j       pc - 0x8
core   0: 3 0x8000b304 (0xff9ff06f)
core   0: 0x8000b2fc (0x00002f17) auipc   t5, 0x2
core   0: 3 0x8000b2fc (0x00002f17) x30 0x8000d2fc
core   0: 0x8000b300 (0xd03f2223) sw      gp, -764(t5)
core   0: 3 0x8000b300 (0xd03f2223) mem 0x8000d000 0x00000001
core   0: 0x8000b304 (0xff9ff06f) j       pc - 0x8
core   0: 3 0x8000b304 (0xff9ff06f)
core   0: 0x8000b2fc (0x00002f17) auipc   t5, 0x2
core   0: 3 0x8000b2fc (0x00002f17) x30 0x8000d2fc
core   0: 0x8000b300 (0xd03f2223) sw      gp, -764(t5)
core   0: 3 0x8000b300 (0xd03f2223) mem 0x8000d000 0x00000001
core   0: 0x8000b304 (0xff9ff06f) j       pc - 0x8
core   0: 3 0x8000b304 (0xff9ff06f)
core   0: 0x8000b2fc (0x00002f17) auipc   t5, 0x2
core   0: 3 0x8000b2fc (0x00002f17) x30 0x8000d2fc
core   0: 0x8000b300 (0xd03f2223) sw      gp, -764(t5)
core   0: 3 0x8000b300 (0xd03f2223) mem 0x8000d000 0x00000001
core   0: 0x8000b304 (0xff9ff06f) j       pc - 0x8
core   0: 3 0x8000b304 (0xff9ff06f)
core   0: 0x8000b2fc (0x00002f17) auipc   t5, 0x2
core   0: 3 0x8000b2fc (0x00002f17) x30 0x8000d2fc
core   0: 0x8000b300 (0xd03f2223) sw      gp, -764(t5)
core   0: 3 0x8000b300 (0xd03f2223) mem 0x8000d000 0x00000001
core   0: 0x8000b304 (0xff9ff06f) j       pc - 0x8
core   0: 3 0x8000b304 (0xff9ff06f)
core   0: 0x8000b2fc (0x00002f17) auipc   t5, 0x2
core   0: 3 0x8000b2fc (0x00002f17) x30 0x8000d2fc
core   0: 0x8000b300 (0xd03f2223) sw      gp, -764(t5)
core   0: 3 0x8000b300 (0xd03f2223) mem 0x8000d000 0x00000001
core   0: 0x8000b304 (0xff9ff06f) j       pc - 0x8
core   0: 3 0x8000b304 (0xff9ff06f)
core   0: 0x8000b2fc (0x00002f17) auipc   t5, 0x2
core   0: 3 0x8000b2fc (0x00002f17) x30 0x8000d2fc
core   0: 0x8000b300 (0xd03f2223) sw      gp, -764(t5)
core   0: 3 0x8000b300 (0xd03f2223) mem 0x8000d000 0x00000001
core   0: 0x8000b304 (0xff9ff06f) j       pc - 0x8
core   0: 3 0x8000b304 (0xff9ff06f)
core   0: 0x8000b2fc (0x00002f17) auipc   t5, 0x2
core   0: 3 0x8000b2fc (0x00002f17) x30 0x8000d2fc
core   0: 0x8000b300 (0xd03f2223) sw      gp, -764(t5)
core   0: 3 0x8000b300 (0xd03f2223) mem 0x8000d000 0x00000001
core   0: 0x8000b304 (0xff9ff06f) j       pc - 0x8
core   0: 3 0x8000b304 (0xff9ff06f)
core   0: 0x8000b2fc (0x00002f17) auipc   t5, 0x2
core   0: 3 0x8000b2fc (0x00002f17) x30 0x8000d2fc
core   0: 0x8000b300 (0xd03f2223) sw      gp, -764(t5)
core   0: 3 0x8000b300 (0xd03f2223) mem 0x8000d000 0x00000001
core   0: 0x8000b304 (0xff9ff06f) j       pc - 0x8
core   0: 3 0x8000b304 (0xff9ff06f)
core   0: 0x8000b2fc (0x00002f17) auipc   t5, 0x2
core   0: 3 0x8000b2fc (0x00002f17) x30 0x8000d2fc
core   0: 0x8000b300 (0xd03f2223) sw      gp, -764(t5)
core   0: 3 0x8000b300 (0xd03f2223) mem 0x8000d000 0x00000001
core   0: 0x8000b304 (0xff9ff06f) j       pc - 0x8
core   0: 3 0x8000b304 (0xff9ff06f)
core   0: 0x8000b2fc (0x00002f17) auipc   t5, 0x2
core   0: 3 0x8000b2fc (0x00002f17) x30 0x8000d2fc
core   0: 0x8000b300 (0xd03f2223) sw      gp, -764(t5)
core   0: 3 0x8000b300 (0xd03f2223) mem 0x8000d000 0x00000001
core   0: 0x8000b304 (0xff9ff06f) j       pc - 0x8
core   0: 3 0x8000b304 (0xff9ff06f)
core   0: 0x8000b2fc (0x00002f17) auipc   t5, 0x2
core   0: 3 0x8000b2fc (0x00002f17) x30 0x8000d2fc
core   0: 0x8000b300 (0xd03f2223) sw      gp, -764(t5)
core   0: 3 0x8000b300 (0xd03f2223) mem 0x8000d000 0x00000001
core   0: 0x8000b304 (0xff9ff06f) j       pc - 0x8
core   0: 3 0x8000b304 (0xff9ff06f)
core   0: 0x8000b2fc (0x00002f17) auipc   t5, 0x2
core   0: 3 0x8000b2fc (0x00002f17) x30 0x8000d2fc
core   0: 0x8000b300 (0xd03f2223) sw      gp, -764(t5)
core   0: 3 0x8000b300 (0xd03f2223) mem 0x8000d000 0x00000001
core   0: 0x8000b304 (0xff9ff06f) j       pc - 0x8
core   0: 3 0x8000b304 (0xff9ff06f)
core   0: 0x8000b2fc (0x00002f17) auipc   t5, 0x2
core   0: 3 0x8000b2fc (0x00002f17) x30 0x8000d2fc
core   0: 0x8000b300 (0xd03f2223) sw      gp, -764(t5)
core   0: 3 0x8000b300 (0xd03f2223) mem 0x8000d000 0x00000001
core   0: 0x8000b304 (0xff9ff06f) j       pc - 0x8
core   0: 3 0x8000b304 (0xff9ff06f)
core   0: 0x8000b2fc (0x00002f17) auipc   t5, 0x2
core   0: 3 0x8000b2fc (0x00002f17) x30 0x8000d2fc
core   0: 0x8000b300 (0xd03f2223) sw      gp, -764(t5)
core   0: 3 0x8000b300 (0xd03f2223) mem 0x8000d000 0x00000001
core   0: 0x8000b304 (0xff9ff06f) j       pc - 0x8
core   0: 3 0x8000b304 (0xff9ff06f)
core   0: 0x8000b2fc (0x00002f17) auipc   t5, 0x2
core   0: 3 0x8000b2fc (0x00002f17) x30 0x8000d2fc
core   0: 0x8000b300 (0xd03f2223) sw      gp, -764(t5)
core   0: 3 0x8000b300 (0xd03f2223) mem 0x8000d000 0x00000001
core   0: 0x8000b304 (0xff9ff06f) j       pc - 0x8
core   0: 3 0x8000b304 (0xff9ff06f)
core   0: 0x8000b2fc (0x00002f17) auipc   t5, 0x2
core   0: 3 0x8000b2fc (0x00002f17) x30 0x8000d2fc
core   0: 0x8000b300 (0xd03f2223) sw      gp, -764(t5)
core   0: 3 0x8000b300 (0xd03f2223) mem 0x8000d000 0x00000001
core   0: 0x8000b304 (0xff9ff06f) j       pc - 0x8
core   0: 3 0x8000b304 (0xff9ff06f)
core   0: 0x8000b2fc (0x00002f17) auipc   t5, 0x2
core   0: 3 0x8000b2fc (0x00002f17) x30 0x8000d2fc
core   0: 0x8000b300 (0xd03f2223) sw      gp, -764(t5)
core   0: 3 0x8000b300 (0xd03f2223) mem 0x8000d000 0x00000001
core   0: 0x8000b304 (0xff9ff06f) j       pc - 0x8
core   0: 3 0x8000b304 (0xff9ff06f)
core   0: 0x8000b2fc (0x00002f17) auipc   t5, 0x2
core   0: 3 0x8000b2fc (0x00002f17) x30 0x8000d2fc
core   0: 0x8000b300 (0xd03f2223) sw      gp, -764(t5)
core   0: 3 0x8000b300 (0xd03f2223) mem 0x8000d000 0x00000001
core   0: 0x8000b304 (0xff9ff06f) j       pc - 0x8
core   0: 3 0x8000b304 (0xff9ff06f)
core   0: 0x8000b2fc (0x00002f17) auipc   t5, 0x2
core   0: 3 0x8000b2fc (0x00002f17) x30 0x8000d2fc
core   0: 0x8000b300 (0xd03f2223) sw      gp, -764(t5)
core   0: 3 0x8000b300 (0xd03f2223) mem 0x8000d000 0x00000001
core   0: 0x8000b304 (0xff9ff06f) j       pc - 0x8
core   0: 3 0x8000b304 (0xff9ff06f)
core   0: 0x8000b2fc (0x00002f17) auipc   t5, 0x2
core   0: 3 0x8000b2fc (0x00002f17) x30 0x8000d2fc
core   0: 0x8000b300 (0xd03f2223) sw      gp, -764(t5)
core   0: 3 0x8000b300 (0xd03f2223) mem 0x8000d000 0x00000001
core   0: 0x8000b304 (0xff9ff06f) j       pc - 0x8
core   0: 3 0x8000b304 (0xff9ff06f)
core   0: 0x8000b2fc (0x00002f17) auipc   t5, 0x2
core   0: 3 0x8000b2fc (0x00002f17) x30 0x8000d2fc
core   0: 0x8000b300 (0xd03f2223) sw      gp, -764(t5)
core   0: 3 0x8000b300 (0xd03f2223) mem 0x8000d000 0x00000001
core   0: 0x8000b304 (0xff9ff06f) j       pc - 0x8
core   0: 3 0x8000b304 (0xff9ff06f)
core   0: 0x8000b2fc (0x00002f17) auipc   t5, 0x2
core   0: 3 0x8000b2fc (0x00002f17) x30 0x8000d2fc
core   0: 0x8000b300 (0xd03f2223) sw      gp, -764(t5)
core   0: 3 0x8000b300 (0xd03f2223) mem 0x8000d000 0x00000001
core   0: 0x8000b304 (0xff9ff06f) j       pc - 0x8
core   0: 3 0x8000b304 (0xff9ff06f)
core   0: 0x8000b2fc (0x00002f17) auipc   t5, 0x2
core   0: 3 0x8000b2fc (0x00002f17) x30 0x8000d2fc
core   0: 0x8000b300 (0xd03f2223) sw      gp, -764(t5)
core   0: 3 0x8000b300 (0xd03f2223) mem 0x8000d000 0x00000001
core   0: 0x8000b304 (0xff9ff06f) j       pc - 0x8
core   0: 3 0x8000b304 (0xff9ff06f)
core   0: 0x8000b2fc (0x00002f17) auipc   t5, 0x2
core   0: 3 0x8000b2fc (0x00002f17) x30 0x8000d2fc
core   0: 0x8000b300 (0xd03f2223) sw      gp, -764(t5)
core   0: 3 0x8000b300 (0xd03f2223) mem 0x8000d000 0x00000001
core   0: 0x8000b304 (0xff9ff06f) j       pc - 0x8
core   0: 3 0x8000b304 (0xff9ff06f)
core   0: 0x8000b2fc (0x00002f17) auipc   t5, 0x2
core   0: 3 0x8000b2fc (0x00002f17) x30 0x8000d2fc
core   0: 0x8000b300 (0xd03f2223) sw      gp, -764(t5)
core   0: 3 0x8000b300 (0xd03f2223) mem 0x8000d000 0x00000001
core   0: 0x8000b304 (0xff9ff06f) j       pc - 0x8
core   0: 3 0x8000b304 (0xff9ff06f)
core   0: 0x8000b2fc (0x00002f17) auipc   t5, 0x2
core   0: 3 0x8000b2fc (0x00002f17) x30 0x8000d2fc
core   0: 0x8000b300 (0xd03f2223) sw      gp, -764(t5)
core   0: 3 0x8000b300 (0xd03f2223) mem 0x8000d000 0x00000001
core   0: 0x8000b304 (0xff9ff06f) j       pc - 0x8
core   0: 3 0x8000b304 (0xff9ff06f)
core   0: 0x8000b2fc (0x00002f17) auipc   t5, 0x2
core   0: 3 0x8000b2fc (0x00002f17) x30 0x8000d2fc
core   0: 0x8000b300 (0xd03f2223) sw      gp, -764(t5)
core   0: 3 0x8000b300 (0xd03f2223) mem 0x8000d000 0x00000001
core   0: 0x8000b304 (0xff9ff06f) j       pc - 0x8
core   0: 3 0x8000b304 (0xff9ff06f)
core   0: 0x8000b2fc (0x00002f17) auipc   t5, 0x2
core   0: 3 0x8000b2fc (0x00002f17) x30 0x8000d2fc
core   0: 0x8000b300 (0xd03f2223) sw      gp, -764(t5)
core   0: 3 0x8000b300 (0xd03f2223) mem 0x8000d000 0x00000001
core   0: 0x8000b304 (0xff9ff06f) j       pc - 0x8
core   0: 3 0x8000b304 (0xff9ff06f)
core   0: 0x8000b2fc (0x00002f17) auipc   t5, 0x2
core   0: 3 0x8000b2fc (0x00002f17) x30 0x8000d2fc
core   0: 0x8000b300 (0xd03f2223) sw      gp, -764(t5)
core   0: 3 0x8000b300 (0xd03f2223) mem 0x8000d000 0x00000001
core   0: 0x8000b304 (0xff9ff06f) j       pc - 0x8
core   0: 3 0x8000b304 (0xff9ff06f)
core   0: 0x8000b2fc (0x00002f17) auipc   t5, 0x2
core   0: 3 0x8000b2fc (0x00002f17) x30 0x8000d2fc
core   0: 0x8000b300 (0xd03f2223) sw      gp, -764(t5)
core   0: 3 0x8000b300 (0xd03f2223) mem 0x8000d000 0x00000001
core   0: 0x8000b304 (0xff9ff06f) j       pc - 0x8
core   0: 3 0x8000b304 (0xff9ff06f)
core   0: 0x8000b2fc (0x00002f17) auipc   t5, 0x2
core   0: 3 0x8000b2fc (0x00002f17) x30 0x8000d2fc
core   0: 0x8000b300 (0xd03f2223) sw      gp, -764(t5)
core   0: 3 0x8000b300 (0xd03f2223) mem 0x8000d000 0x00000001
core   0: 0x8000b304 (0xff9ff06f) j       pc - 0x8
core   0: 3 0x8000b304 (0xff9ff06f)
core   0: 0x8000b2fc (0x00002f17) auipc   t5, 0x2
core   0: 3 0x8000b2fc (0x00002f17) x30 0x8000d2fc
core   0: 0x8000b300 (0xd03f2223) sw      gp, -764(t5)
core   0: 3 0x8000b300 (0xd03f2223) mem 0x8000d000 0x00000001
core   0: 0x8000b304 (0xff9ff06f) j       pc - 0x8
core   0: 3 0x8000b304 (0xff9ff06f)
core   0: 0x8000b2fc (0x00002f17) auipc   t5, 0x2
core   0: 3 0x8000b2fc (0x00002f17) x30 0x8000d2fc
core   0: 0x8000b300 (0xd03f2223) sw      gp, -764(t5)
core   0: 3 0x8000b300 (0xd03f2223) mem 0x8000d000 0x00000001
core   0: 0x8000b304 (0xff9ff06f) j       pc - 0x8
core   0: 3 0x8000b304 (0xff9ff06f)
core   0: 0x8000b2fc (0x00002f17) auipc   t5, 0x2
core   0: 3 0x8000b2fc (0x00002f17) x30 0x8000d2fc
core   0: 0x8000b300 (0xd03f2223) sw      gp, -764(t5)
core   0: 3 0x8000b300 (0xd03f2223) mem 0x8000d000 0x00000001
core   0: 0x8000b304 (0xff9ff06f) j       pc - 0x8
core   0: 3 0x8000b304 (0xff9ff06f)
core   0: 0x8000b2fc (0x00002f17) auipc   t5, 0x2
core   0: 3 0x8000b2fc (0x00002f17) x30 0x8000d2fc
core   0: 0x8000b300 (0xd03f2223) sw      gp, -764(t5)
core   0: 3 0x8000b300 (0xd03f2223) mem 0x8000d000 0x00000001
core   0: 0x8000b304 (0xff9ff06f) j       pc - 0x8
core   0: 3 0x8000b304 (0xff9ff06f)
core   0: 0x8000b2fc (0x00002f17) auipc   t5, 0x2
core   0: 3 0x8000b2fc (0x00002f17) x30 0x8000d2fc
core   0: 0x8000b300 (0xd03f2223) sw      gp, -764(t5)
core   0: 3 0x8000b300 (0xd03f2223) mem 0x8000d000 0x00000001
core   0: 0x8000b304 (0xff9ff06f) j       pc - 0x8
core   0: 3 0x8000b304 (0xff9ff06f)
core   0: 0x8000b2fc (0x00002f17) auipc   t5, 0x2
core   0: 3 0x8000b2fc (0x00002f17) x30 0x8000d2fc
core   0: 0x8000b300 (0xd03f2223) sw      gp, -764(t5)
core   0: 3 0x8000b300 (0xd03f2223) mem 0x8000d000 0x00000001
core   0: 0x8000b304 (0xff9ff06f) j       pc - 0x8
core   0: 3 0x8000b304 (0xff9ff06f)
core   0: 0x8000b2fc (0x00002f17) auipc   t5, 0x2
core   0: 3 0x8000b2fc (0x00002f17) x30 0x8000d2fc
core   0: 0x8000b300 (0xd03f2223) sw      gp, -764(t5)
core   0: 3 0x8000b300 (0xd03f2223) mem 0x8000d000 0x00000001
core   0: 0x8000b304 (0xff9ff06f) j       pc - 0x8
core   0: 3 0x8000b304 (0xff9ff06f)
core   0: 0x8000b2fc (0x00002f17) auipc   t5, 0x2
core   0: 3 0x8000b2fc (0x00002f17) x30 0x8000d2fc
core   0: 0x8000b300 (0xd03f2223) sw      gp, -764(t5)
core   0: 3 0x8000b300 (0xd03f2223) mem 0x8000d000 0x00000001
core   0: 0x8000b304 (0xff9ff06f) j       pc - 0x8
core   0: 3 0x8000b304 (0xff9ff06f)
core   0: 0x8000b2fc (0x00002f17) auipc   t5, 0x2
core   0: 3 0x8000b2fc (0x00002f17) x30 0x8000d2fc
core   0: 0x8000b300 (0xd03f2223) sw      gp, -764(t5)
core   0: 3 0x8000b300 (0xd03f2223) mem 0x8000d000 0x00000001
core   0: 0x8000b304 (0xff9ff06f) j       pc - 0x8
core   0: 3 0x8000b304 (0xff9ff06f)
core   0: 0x8000b2fc (0x00002f17) auipc   t5, 0x2
core   0: 3 0x8000b2fc (0x00002f17) x30 0x8000d2fc
core   0: 0x8000b300 (0xd03f2223) sw      gp, -764(t5)
core   0: 3 0x8000b300 (0xd03f2223) mem 0x8000d000 0x00000001
core   0: 0x8000b304 (0xff9ff06f) j       pc - 0x8
core   0: 3 0x8000b304 (0xff9ff06f)
core   0: 0x8000b2fc (0x00002f17) auipc   t5, 0x2
core   0: 3 0x8000b2fc (0x00002f17) x30 0x8000d2fc
core   0: 0x8000b300 (0xd03f2223) sw      gp, -764(t5)
core   0: 3 0x8000b300 (0xd03f2223) mem 0x8000d000 0x00000001
core   0: 0x8000b304 (0xff9ff06f) j       pc - 0x8
core   0: 3 0x8000b304 (0xff9ff06f)
core   0: 0x8000b2fc (0x00002f17) auipc   t5, 0x2
core   0: 3 0x8000b2fc (0x00002f17) x30 0x8000d2fc
core   0: 0x8000b300 (0xd03f2223) sw      gp, -764(t5)
core   0: 3 0x8000b300 (0xd03f2223) mem 0x8000d000 0x00000001
core   0: 0x8000b304 (0xff9ff06f) j       pc - 0x8
core   0: 3 0x8000b304 (0xff9ff06f)
core   0: 0x8000b2fc (0x00002f17) auipc   t5, 0x2
core   0: 3 0x8000b2fc (0x00002f17) x30 0x8000d2fc
core   0: 0x8000b300 (0xd03f2223) sw      gp, -764(t5)
core   0: 3 0x8000b300 (0xd03f2223) mem 0x8000d000 0x00000001
core   0: 0x8000b304 (0xff9ff06f) j       pc - 0x8
core   0: 3 0x8000b304 (0xff9ff06f)
core   0: 0x8000b2fc (0x00002f17) auipc   t5, 0x2
core   0: 3 0x8000b2fc (0x00002f17) x30 0x8000d2fc
core   0: 0x8000b300 (0xd03f2223) sw      gp, -764(t5)
core   0: 3 0x8000b300 (0xd03f2223) mem 0x8000d000 0x00000001
core   0: 0x8000b304 (0xff9ff06f) j       pc - 0x8
core   0: 3 0x8000b304 (0xff9ff06f)
core   0: 0x8000b2fc (0x00002f17) auipc   t5, 0x2
core   0: 3 0x8000b2fc (0x00002f17) x30 0x8000d2fc
core   0: 0x8000b300 (0xd03f2223) sw      gp, -764(t5)
core   0: 3 0x8000b300 (0xd03f2223) mem 0x8000d000 0x00000001
core   0: 0x8000b304 (0xff9ff06f) j       pc - 0x8
core   0: 3 0x8000b304 (0xff9ff06f)
core   0: 0x8000b2fc (0x00002f17) auipc   t5, 0x2
core   0: 3 0x8000b2fc (0x00002f17) x30 0x8000d2fc
core   0: 0x8000b300 (0xd03f2223) sw      gp, -764(t5)
core   0: 3 0x8000b300 (0xd03f2223) mem 0x8000d000 0x00000001
core   0: 0x8000b304 (0xff9ff06f) j       pc - 0x8
core   0: 3 0x8000b304 (0xff9ff06f)
core   0: 0x8000b2fc (0x00002f17) auipc   t5, 0x2
core   0: 3 0x8000b2fc (0x00002f17) x30 0x8000d2fc
core   0: 0x8000b300 (0xd03f2223) sw      gp, -764(t5)
core   0: 3 0x8000b300 (0xd03f2223) mem 0x8000d000 0x00000001
core   0: 0x8000b304 (0xff9ff06f) j       pc - 0x8
core   0: 3 0x8000b304 (0xff9ff06f)
core   0: 0x8000b2fc (0x00002f17) auipc   t5, 0x2
core   0: 3 0x8000b2fc (0x00002f17) x30 0x8000d2fc
core   0: 0x8000b300 (0xd03f2223) sw      gp, -764(t5)
core   0: 3 0x8000b300 (0xd03f2223) mem 0x8000d000 0x00000001
core   0: 0x8000b304 (0xff9ff06f) j       pc - 0x8
core   0: 3 0x8000b304 (0xff9ff06f)
core   0: 0x8000b2fc (0x00002f17) auipc   t5, 0x2
core   0: 3 0x8000b2fc (0x00002f17) x30 0x8000d2fc
core   0: 0x8000b300 (0xd03f2223) sw      gp, -764(t5)
core   0: 3 0x8000b300 (0xd03f2223) mem 0x8000d000 0x00000001
core   0: 0x8000b304 (0xff9ff06f) j       pc - 0x8
core   0: 3 0x8000b304 (0xff9ff06f)
core   0: 0x8000b2fc (0x00002f17) auipc   t5, 0x2
core   0: 3 0x8000b2fc (0x00002f17) x30 0x8000d2fc
core   0: 0x8000b300 (0xd03f2223) sw      gp, -764(t5)
core   0: 3 0x8000b300 (0xd03f2223) mem 0x8000d000 0x00000001
core   0: 0x8000b304 (0xff9ff06f) j       pc - 0x8
core   0: 3 0x8000b304 (0xff9ff06f)
core   0: 0x8000b2fc (0x00002f17) auipc   t5, 0x2
core   0: 3 0x8000b2fc (0x00002f17) x30 0x8000d2fc
core   0: 0x8000b300 (0xd03f2223) sw      gp, -764(t5)
core   0: 3 0x8000b300 (0xd03f2223) mem 0x8000d000 0x00000001
core   0: 0x8000b304 (0xff9ff06f) j       pc - 0x8
core   0: 3 0x8000b304 (0xff9ff06f)
core   0: 0x8000b2fc (0x00002f17) auipc   t5, 0x2
core   0: 3 0x8000b2fc (0x00002f17) x30 0x8000d2fc
core   0: 0x8000b300 (0xd03f2223) sw      gp, -764(t5)
core   0: 3 0x8000b300 (0xd03f2223) mem 0x8000d000 0x00000001
core   0: 0x8000b304 (0xff9ff06f) j       pc - 0x8
core   0: 3 0x8000b304 (0xff9ff06f)
core   0: 0x8000b2fc (0x00002f17) auipc   t5, 0x2
core   0: 3 0x8000b2fc (0x00002f17) x30 0x8000d2fc
core   0: 0x8000b300 (0xd03f2223) sw      gp, -764(t5)
core   0: 3 0x8000b300 (0xd03f2223) mem 0x8000d000 0x00000001
core   0: 0x8000b304 (0xff9ff06f) j       pc - 0x8
core   0: 3 0x8000b304 (0xff9ff06f)
core   0: 0x8000b2fc (0x00002f17) auipc   t5, 0x2
core   0: 3 0x8000b2fc (0x00002f17) x30 0x8000d2fc
core   0: 0x8000b300 (0xd03f2223) sw      gp, -764(t5)
core   0: 3 0x8000b300 (0xd03f2223) mem 0x8000d000 0x00000001
core   0: 0x8000b304 (0xff9ff06f) j       pc - 0x8
core   0: 3 0x8000b304 (0xff9ff06f)
core   0: 0x8000b2fc (0x00002f17) auipc   t5, 0x2
core   0: 3 0x8000b2fc (0x00002f17) x30 0x8000d2fc
core   0: 0x8000b300 (0xd03f2223) sw      gp, -764(t5)
core   0: 3 0x8000b300 (0xd03f2223) mem 0x8000d000 0x00000001
core   0: 0x8000b304 (0xff9ff06f) j       pc - 0x8
core   0: 3 0x8000b304 (0xff9ff06f)
core   0: 0x8000b2fc (0x00002f17) auipc   t5, 0x2
core   0: 3 0x8000b2fc (0x00002f17) x30 0x8000d2fc
core   0: 0x8000b300 (0xd03f2223) sw      gp, -764(t5)
core   0: 3 0x8000b300 (0xd03f2223) mem 0x8000d000 0x00000001
core   0: 0x8000b304 (0xff9ff06f) j       pc - 0x8
core   0: 3 0x8000b304 (0xff9ff06f)
core   0: 0x8000b2fc (0x00002f17) auipc   t5, 0x2
core   0: 3 0x8000b2fc (0x00002f17) x30 0x8000d2fc
core   0: 0x8000b300 (0xd03f2223) sw      gp, -764(t5)
core   0: 3 0x8000b300 (0xd03f2223) mem 0x8000d000 0x00000001
core   0: 0x8000b304 (0xff9ff06f) j       pc - 0x8
core   0: 3 0x8000b304 (0xff9ff06f)
core   0: 0x8000b2fc (0x00002f17) auipc   t5, 0x2
core   0: 3 0x8000b2fc (0x00002f17) x30 0x8000d2fc
core   0: 0x8000b300 (0xd03f2223) sw      gp, -764(t5)
core   0: 3 0x8000b300 (0xd03f2223) mem 0x8000d000 0x00000001
core   0: 0x8000b304 (0xff9ff06f) j       pc - 0x8
core   0: 3 0x8000b304 (0xff9ff06f)
core   0: 0x8000b2fc (0x00002f17) auipc   t5, 0x2
core   0: 3 0x8000b2fc (0x00002f17) x30 0x8000d2fc
core   0: 0x8000b300 (0xd03f2223) sw      gp, -764(t5)
core   0: 3 0x8000b300 (0xd03f2223) mem 0x8000d000 0x00000001
core   0: 0x8000b304 (0xff9ff06f) j       pc - 0x8
core   0: 3 0x8000b304 (0xff9ff06f)
core   0: 0x8000b2fc (0x00002f17) auipc   t5, 0x2
core   0: 3 0x8000b2fc (0x00002f17) x30 0x8000d2fc
core   0: 0x8000b300 (0xd03f2223) sw      gp, -764(t5)
core   0: 3 0x8000b300 (0xd03f2223) mem 0x8000d000 0x00000001
core   0: 0x8000b304 (0xff9ff06f) j       pc - 0x8
core   0: 3 0x8000b304 (0xff9ff06f)
core   0: 0x8000b2fc (0x00002f17) auipc   t5, 0x2
core   0: 3 0x8000b2fc (0x00002f17) x30 0x8000d2fc
core   0: 0x8000b300 (0xd03f2223) sw      gp, -764(t5)
core   0: 3 0x8000b300 (0xd03f2223) mem 0x8000d000 0x00000001
core   0: 0x8000b304 (0xff9ff06f) j       pc - 0x8
core   0: 3 0x8000b304 (0xff9ff06f)
core   0: 0x8000b2fc (0x00002f17) auipc   t5, 0x2
core   0: 3 0x8000b2fc (0x00002f17) x30 0x8000d2fc
core   0: 0x8000b300 (0xd03f2223) sw      gp, -764(t5)
core   0: 3 0x8000b300 (0xd03f2223) mem 0x8000d000 0x00000001
core   0: 0x8000b304 (0xff9ff06f) j       pc - 0x8
core   0: 3 0x8000b304 (0xff9ff06f)
core   0: 0x8000b2fc (0x00002f17) auipc   t5, 0x2
core   0: 3 0x8000b2fc (0x00002f17) x30 0x8000d2fc
core   0: 0x8000b300 (0xd03f2223) sw      gp, -764(t5)
core   0: 3 0x8000b300 (0xd03f2223) mem 0x8000d000 0x00000001
core   0: 0x8000b304 (0xff9ff06f) j       pc - 0x8
core   0: 3 0x8000b304 (0xff9ff06f)
core   0: 0x8000b2fc (0x00002f17) auipc   t5, 0x2
core   0: 3 0x8000b2fc (0x00002f17) x30 0x8000d2fc
core   0: 0x8000b300 (0xd03f2223) sw      gp, -764(t5)
core   0: 3 0x8000b300 (0xd03f2223) mem 0x8000d000 0x00000001
core   0: 0x8000b304 (0xff9ff06f) j       pc - 0x8
core   0: 3 0x8000b304 (0xff9ff06f)
core   0: 0x8000b2fc (0x00002f17) auipc   t5, 0x2
core   0: 3 0x8000b2fc (0x00002f17) x30 0x8000d2fc
core   0: 0x8000b300 (0xd03f2223) sw      gp, -764(t5)
core   0: 3 0x8000b300 (0xd03f2223) mem 0x8000d000 0x00000001
core   0: 0x8000b304 (0xff9ff06f) j       pc - 0x8
core   0: 3 0x8000b304 (0xff9ff06f)
core   0: 0x8000b2fc (0x00002f17) auipc   t5, 0x2
core   0: 3 0x8000b2fc (0x00002f17) x30 0x8000d2fc
core   0: 0x8000b300 (0xd03f2223) sw      gp, -764(t5)
core   0: 3 0x8000b300 (0xd03f2223) mem 0x8000d000 0x00000001
core   0: 0x8000b304 (0xff9ff06f) j       pc - 0x8
core   0: 3 0x8000b304 (0xff9ff06f)
core   0: 0x8000b2fc (0x00002f17) auipc   t5, 0x2
core   0: 3 0x8000b2fc (0x00002f17) x30 0x8000d2fc
core   0: 0x8000b300 (0xd03f2223) sw      gp, -764(t5)
core   0: 3 0x8000b300 (0xd03f2223) mem 0x8000d000 0x00000001
core   0: 0x8000b304 (0xff9ff06f) j       pc - 0x8
core   0: 3 0x8000b304 (0xff9ff06f)
core   0: 0x8000b2fc (0x00002f17) auipc   t5, 0x2
core   0: 3 0x8000b2fc (0x00002f17) x30 0x8000d2fc
core   0: 0x8000b300 (0xd03f2223) sw      gp, -764(t5)
core   0: 3 0x8000b300 (0xd03f2223) mem 0x8000d000 0x00000001
core   0: 0x8000b304 (0xff9ff06f) j       pc - 0x8
core   0: 3 0x8000b304 (0xff9ff06f)
core   0: 0x8000b2fc (0x00002f17) auipc   t5, 0x2
core   0: 3 0x8000b2fc (0x00002f17) x30 0x8000d2fc
core   0: 0x8000b300 (0xd03f2223) sw      gp, -764(t5)
core   0: 3 0x8000b300 (0xd03f2223) mem 0x8000d000 0x00000001
core   0: 0x8000b304 (0xff9ff06f) j       pc - 0x8
core   0: 3 0x8000b304 (0xff9ff06f)
core   0: 0x8000b2fc (0x00002f17) auipc   t5, 0x2
core   0: 3 0x8000b2fc (0x00002f17) x30 0x8000d2fc
core   0: 0x8000b300 (0xd03f2223) sw      gp, -764(t5)
core   0: 3 0x8000b300 (0xd03f2223) mem 0x8000d000 0x00000001
core   0: 0x8000b304 (0xff9ff06f) j       pc - 0x8
core   0: 3 0x8000b304 (0xff9ff06f)
core   0: 0x8000b2fc (0x00002f17) auipc   t5, 0x2
core   0: 3 0x8000b2fc (0x00002f17) x30 0x8000d2fc
core   0: 0x8000b300 (0xd03f2223) sw      gp, -764(t5)
core   0: 3 0x8000b300 (0xd03f2223) mem 0x8000d000 0x00000001
core   0: 0x8000b304 (0xff9ff06f) j       pc - 0x8
core   0: 3 0x8000b304 (0xff9ff06f)
core   0: 0x8000b2fc (0x00002f17) auipc   t5, 0x2
core   0: 3 0x8000b2fc (0x00002f17) x30 0x8000d2fc
core   0: 0x8000b300 (0xd03f2223) sw      gp, -764(t5)
core   0: 3 0x8000b300 (0xd03f2223) mem 0x8000d000 0x00000001
core   0: 0x8000b304 (0xff9ff06f) j       pc - 0x8
core   0: 3 0x8000b304 (0xff9ff06f)
core   0: 0x8000b2fc (0x00002f17) auipc   t5, 0x2
core   0: 3 0x8000b2fc (0x00002f17) x30 0x8000d2fc
core   0: 0x8000b300 (0xd03f2223) sw      gp, -764(t5)
core   0: 3 0x8000b300 (0xd03f2223) mem 0x8000d000 0x00000001
core   0: 0x8000b304 (0xff9ff06f) j       pc - 0x8
core   0: 3 0x8000b304 (0xff9ff06f)
core   0: 0x8000b2fc (0x00002f17) auipc   t5, 0x2
core   0: 3 0x8000b2fc (0x00002f17) x30 0x8000d2fc
core   0: 0x8000b300 (0xd03f2223) sw      gp, -764(t5)
core   0: 3 0x8000b300 (0xd03f2223) mem 0x8000d000 0x00000001
core   0: 0x8000b304 (0xff9ff06f) j       pc - 0x8
core   0: 3 0x8000b304 (0xff9ff06f)
core   0: 0x8000b2fc (0x00002f17) auipc   t5, 0x2
core   0: 3 0x8000b2fc (0x00002f17) x30 0x8000d2fc
core   0: 0x8000b300 (0xd03f2223) sw      gp, -764(t5)
core   0: 3 0x8000b300 (0xd03f2223) mem 0x8000d000 0x00000001
core   0: 0x8000b304 (0xff9ff06f) j       pc - 0x8
core   0: 3 0x8000b304 (0xff9ff06f)
core   0: 0x8000b2fc (0x00002f17) auipc   t5, 0x2
core   0: 3 0x8000b2fc (0x00002f17) x30 0x8000d2fc
core   0: 0x8000b300 (0xd03f2223) sw      gp, -764(t5)
core   0: 3 0x8000b300 (0xd03f2223) mem 0x8000d000 0x00000001
core   0: 0x8000b304 (0xff9ff06f) j       pc - 0x8
core   0: 3 0x8000b304 (0xff9ff06f)
core   0: 0x8000b2fc (0x00002f17) auipc   t5, 0x2
core   0: 3 0x8000b2fc (0x00002f17) x30 0x8000d2fc
core   0: 0x8000b300 (0xd03f2223) sw      gp, -764(t5)
core   0: 3 0x8000b300 (0xd03f2223) mem 0x8000d000 0x00000001
core   0: 0x8000b304 (0xff9ff06f) j       pc - 0x8
core   0: 3 0x8000b304 (0xff9ff06f)
core   0: 0x8000b2fc (0x00002f17) auipc   t5, 0x2
core   0: 3 0x8000b2fc (0x00002f17) x30 0x8000d2fc
core   0: 0x8000b300 (0xd03f2223) sw      gp, -764(t5)
core   0: 3 0x8000b300 (0xd03f2223) mem 0x8000d000 0x00000001
core   0: 0x8000b304 (0xff9ff06f) j       pc - 0x8
core   0: 3 0x8000b304 (0xff9ff06f)
core   0: 0x8000b2fc (0x00002f17) auipc   t5, 0x2
core   0: 3 0x8000b2fc (0x00002f17) x30 0x8000d2fc
core   0: 0x8000b300 (0xd03f2223) sw      gp, -764(t5)
core   0: 3 0x8000b300 (0xd03f2223) mem 0x8000d000 0x00000001
core   0: 0x8000b304 (0xff9ff06f) j       pc - 0x8
core   0: 3 0x8000b304 (0xff9ff06f)
core   0: 0x8000b2fc (0x00002f17) auipc   t5, 0x2
core   0: 3 0x8000b2fc (0x00002f17) x30 0x8000d2fc
core   0: 0x8000b300 (0xd03f2223) sw      gp, -764(t5)
core   0: 3 0x8000b300 (0xd03f2223) mem 0x8000d000 0x00000001
core   0: 0x8000b304 (0xff9ff06f) j       pc - 0x8
core   0: 3 0x8000b304 (0xff9ff06f)
core   0: 0x8000b2fc (0x00002f17) auipc   t5, 0x2
core   0: 3 0x8000b2fc (0x00002f17) x30 0x8000d2fc
core   0: 0x8000b300 (0xd03f2223) sw      gp, -764(t5)
core   0: 3 0x8000b300 (0xd03f2223) mem 0x8000d000 0x00000001
core   0: 0x8000b304 (0xff9ff06f) j       pc - 0x8
core   0: 3 0x8000b304 (0xff9ff06f)
core   0: 0x8000b2fc (0x00002f17) auipc   t5, 0x2
core   0: 3 0x8000b2fc (0x00002f17) x30 0x8000d2fc
core   0: 0x8000b300 (0xd03f2223) sw      gp, -764(t5)
core   0: 3 0x8000b300 (0xd03f2223) mem 0x8000d000 0x00000001
core   0: 0x8000b304 (0xff9ff06f) j       pc - 0x8
core   0: 3 0x8000b304 (0xff9ff06f)
core   0: 0x8000b2fc (0x00002f17) auipc   t5, 0x2
core   0: 3 0x8000b2fc (0x00002f17) x30 0x8000d2fc
core   0: 0x8000b300 (0xd03f2223) sw      gp, -764(t5)
core   0: 3 0x8000b300 (0xd03f2223) mem 0x8000d000 0x00000001
core   0: 0x8000b304 (0xff9ff06f) j       pc - 0x8
core   0: 3 0x8000b304 (0xff9ff06f)
core   0: 0x8000b2fc (0x00002f17) auipc   t5, 0x2
core   0: 3 0x8000b2fc (0x00002f17) x30 0x8000d2fc
core   0: 0x8000b300 (0xd03f2223) sw      gp, -764(t5)
core   0: 3 0x8000b300 (0xd03f2223) mem 0x8000d000 0x00000001
core   0: 0x8000b304 (0xff9ff06f) j       pc - 0x8
core   0: 3 0x8000b304 (0xff9ff06f)
core   0: 0x8000b2fc (0x00002f17) auipc   t5, 0x2
core   0: 3 0x8000b2fc (0x00002f17) x30 0x8000d2fc
core   0: 0x8000b300 (0xd03f2223) sw      gp, -764(t5)
core   0: 3 0x8000b300 (0xd03f2223) mem 0x8000d000 0x00000001
core   0: 0x8000b304 (0xff9ff06f) j       pc - 0x8
core   0: 3 0x8000b304 (0xff9ff06f)
core   0: 0x8000b2fc (0x00002f17) auipc   t5, 0x2
core   0: 3 0x8000b2fc (0x00002f17) x30 0x8000d2fc
core   0: 0x8000b300 (0xd03f2223) sw      gp, -764(t5)
core   0: 3 0x8000b300 (0xd03f2223) mem 0x8000d000 0x00000001
core   0: 0x8000b304 (0xff9ff06f) j       pc - 0x8
core   0: 3 0x8000b304 (0xff9ff06f)
core   0: 0x8000b2fc (0x00002f17) auipc   t5, 0x2
core   0: 3 0x8000b2fc (0x00002f17) x30 0x8000d2fc
core   0: 0x8000b300 (0xd03f2223) sw      gp, -764(t5)
core   0: 3 0x8000b300 (0xd03f2223) mem 0x8000d000 0x00000001
core   0: 0x8000b304 (0xff9ff06f) j       pc - 0x8
core   0: 3 0x8000b304 (0xff9ff06f)
core   0: 0x8000b2fc (0x00002f17) auipc   t5, 0x2
core   0: 3 0x8000b2fc (0x00002f17) x30 0x8000d2fc
core   0: 0x8000b300 (0xd03f2223) sw      gp, -764(t5)
core   0: 3 0x8000b300 (0xd03f2223) mem 0x8000d000 0x00000001
core   0: 0x8000b304 (0xff9ff06f) j       pc - 0x8
core   0: 3 0x8000b304 (0xff9ff06f)
core   0: 0x8000b2fc (0x00002f17) auipc   t5, 0x2
core   0: 3 0x8000b2fc (0x00002f17) x30 0x8000d2fc
core   0: 0x8000b300 (0xd03f2223) sw      gp, -764(t5)
core   0: 3 0x8000b300 (0xd03f2223) mem 0x8000d000 0x00000001
core   0: 0x8000b304 (0xff9ff06f) j       pc - 0x8
core   0: 3 0x8000b304 (0xff9ff06f)
core   0: 0x8000b2fc (0x00002f17) auipc   t5, 0x2
core   0: 3 0x8000b2fc (0x00002f17) x30 0x8000d2fc
core   0: 0x8000b300 (0xd03f2223) sw      gp, -764(t5)
core   0: 3 0x8000b300 (0xd03f2223) mem 0x8000d000 0x00000001
core   0: 0x8000b304 (0xff9ff06f) j       pc - 0x8
core   0: 3 0x8000b304 (0xff9ff06f)
core   0: 0x8000b2fc (0x00002f17) auipc   t5, 0x2
core   0: 3 0x8000b2fc (0x00002f17) x30 0x8000d2fc
core   0: 0x8000b300 (0xd03f2223) sw      gp, -764(t5)
core   0: 3 0x8000b300 (0xd03f2223) mem 0x8000d000 0x00000001
core   0: 0x8000b304 (0xff9ff06f) j       pc - 0x8
core   0: 3 0x8000b304 (0xff9ff06f)
core   0: 0x8000b2fc (0x00002f17) auipc   t5, 0x2
core   0: 3 0x8000b2fc (0x00002f17) x30 0x8000d2fc
core   0: 0x8000b300 (0xd03f2223) sw      gp, -764(t5)
core   0: 3 0x8000b300 (0xd03f2223) mem 0x8000d000 0x00000001
core   0: 0x8000b304 (0xff9ff06f) j       pc - 0x8
core   0: 3 0x8000b304 (0xff9ff06f)
core   0: 0x8000b2fc (0x00002f17) auipc   t5, 0x2
core   0: 3 0x8000b2fc (0x00002f17) x30 0x8000d2fc
core   0: 0x8000b300 (0xd03f2223) sw      gp, -764(t5)
core   0: 3 0x8000b300 (0xd03f2223) mem 0x8000d000 0x00000001
core   0: 0x8000b304 (0xff9ff06f) j       pc - 0x8
core   0: 3 0x8000b304 (0xff9ff06f)
core   0: 0x8000b2fc (0x00002f17) auipc   t5, 0x2
core   0: 3 0x8000b2fc (0x00002f17) x30 0x8000d2fc
core   0: 0x8000b300 (0xd03f2223) sw      gp, -764(t5)
core   0: 3 0x8000b300 (0xd03f2223) mem 0x8000d000 0x00000001
core   0: 0x8000b304 (0xff9ff06f) j       pc - 0x8
core   0: 3 0x8000b304 (0xff9ff06f)
core   0: 0x8000b2fc (0x00002f17) auipc   t5, 0x2
core   0: 3 0x8000b2fc (0x00002f17) x30 0x8000d2fc
core   0: 0x8000b300 (0xd03f2223) sw      gp, -764(t5)
core   0: 3 0x8000b300 (0xd03f2223) mem 0x8000d000 0x00000001
core   0: 0x8000b304 (0xff9ff06f) j       pc - 0x8
core   0: 3 0x8000b304 (0xff9ff06f)
core   0: 0x8000b2fc (0x00002f17) auipc   t5, 0x2
core   0: 3 0x8000b2fc (0x00002f17) x30 0x8000d2fc
core   0: 0x8000b300 (0xd03f2223) sw      gp, -764(t5)
core   0: 3 0x8000b300 (0xd03f2223) mem 0x8000d000 0x00000001
core   0: 0x8000b304 (0xff9ff06f) j       pc - 0x8
core   0: 3 0x8000b304 (0xff9ff06f)
core   0: 0x8000b2fc (0x00002f17) auipc   t5, 0x2
core   0: 3 0x8000b2fc (0x00002f17) x30 0x8000d2fc
core   0: 0x8000b300 (0xd03f2223) sw      gp, -764(t5)
core   0: 3 0x8000b300 (0xd03f2223) mem 0x8000d000 0x00000001
core   0: 0x8000b304 (0xff9ff06f) j       pc - 0x8
core   0: 3 0x8000b304 (0xff9ff06f)
core   0: 0x8000b2fc (0x00002f17) auipc   t5, 0x2
core   0: 3 0x8000b2fc (0x00002f17) x30 0x8000d2fc
core   0: 0x8000b300 (0xd03f2223) sw      gp, -764(t5)
core   0: 3 0x8000b300 (0xd03f2223) mem 0x8000d000 0x00000001
core   0: 0x8000b304 (0xff9ff06f) j       pc - 0x8
core   0: 3 0x8000b304 (0xff9ff06f)
core   0: 0x8000b2fc (0x00002f17) auipc   t5, 0x2
core   0: 3 0x8000b2fc (0x00002f17) x30 0x8000d2fc
core   0: 0x8000b300 (0xd03f2223) sw      gp, -764(t5)
core   0: 3 0x8000b300 (0xd03f2223) mem 0x8000d000 0x00000001
core   0: 0x8000b304 (0xff9ff06f) j       pc - 0x8
core   0: 3 0x8000b304 (0xff9ff06f)
core   0: 0x8000b2fc (0x00002f17) auipc   t5, 0x2
core   0: 3 0x8000b2fc (0x00002f17) x30 0x8000d2fc
core   0: 0x8000b300 (0xd03f2223) sw      gp, -764(t5)
core   0: 3 0x8000b300 (0xd03f2223) mem 0x8000d000 0x00000001
core   0: 0x8000b304 (0xff9ff06f) j       pc - 0x8
core   0: 3 0x8000b304 (0xff9ff06f)
core   0: 0x8000b2fc (0x00002f17) auipc   t5, 0x2
core   0: 3 0x8000b2fc (0x00002f17) x30 0x8000d2fc
core   0: 0x8000b300 (0xd03f2223) sw      gp, -764(t5)
core   0: 3 0x8000b300 (0xd03f2223) mem 0x8000d000 0x00000001
core   0: 0x8000b304 (0xff9ff06f) j       pc - 0x8
core   0: 3 0x8000b304 (0xff9ff06f)
core   0: 0x8000b2fc (0x00002f17) auipc   t5, 0x2
core   0: 3 0x8000b2fc (0x00002f17) x30 0x8000d2fc
core   0: 0x8000b300 (0xd03f2223) sw      gp, -764(t5)
core   0: 3 0x8000b300 (0xd03f2223) mem 0x8000d000 0x00000001
core   0: 0x8000b304 (0xff9ff06f) j       pc - 0x8
core   0: 3 0x8000b304 (0xff9ff06f)
core   0: 0x8000b2fc (0x00002f17) auipc   t5, 0x2
core   0: 3 0x8000b2fc (0x00002f17) x30 0x8000d2fc
core   0: 0x8000b300 (0xd03f2223) sw      gp, -764(t5)
core   0: 3 0x8000b300 (0xd03f2223) mem 0x8000d000 0x00000001
core   0: 0x8000b304 (0xff9ff06f) j       pc - 0x8
core   0: 3 0x8000b304 (0xff9ff06f)
core   0: 0x8000b2fc (0x00002f17) auipc   t5, 0x2
core   0: 3 0x8000b2fc (0x00002f17) x30 0x8000d2fc
core   0: 0x8000b300 (0xd03f2223) sw      gp, -764(t5)
core   0: 3 0x8000b300 (0xd03f2223) mem 0x8000d000 0x00000001
core   0: 0x8000b304 (0xff9ff06f) j       pc - 0x8
core   0: 3 0x8000b304 (0xff9ff06f)
core   0: 0x8000b2fc (0x00002f17) auipc   t5, 0x2
core   0: 3 0x8000b2fc (0x00002f17) x30 0x8000d2fc
core   0: 0x8000b300 (0xd03f2223) sw      gp, -764(t5)
core   0: 3 0x8000b300 (0xd03f2223) mem 0x8000d000 0x00000001
core   0: 0x8000b304 (0xff9ff06f) j       pc - 0x8
core   0: 3 0x8000b304 (0xff9ff06f)
core   0: 0x8000b2fc (0x00002f17) auipc   t5, 0x2
core   0: 3 0x8000b2fc (0x00002f17) x30 0x8000d2fc
core   0: 0x8000b300 (0xd03f2223) sw      gp, -764(t5)
core   0: 3 0x8000b300 (0xd03f2223) mem 0x8000d000 0x00000001
core   0: 0x8000b304 (0xff9ff06f) j       pc - 0x8
core   0: 3 0x8000b304 (0xff9ff06f)
core   0: 0x8000b2fc (0x00002f17) auipc   t5, 0x2
core   0: 3 0x8000b2fc (0x00002f17) x30 0x8000d2fc
core   0: 0x8000b300 (0xd03f2223) sw      gp, -764(t5)
core   0: 3 0x8000b300 (0xd03f2223) mem 0x8000d000 0x00000001
core   0: 0x8000b304 (0xff9ff06f) j       pc - 0x8
core   0: 3 0x8000b304 (0xff9ff06f)
core   0: 0x8000b2fc (0x00002f17) auipc   t5, 0x2
core   0: 3 0x8000b2fc (0x00002f17) x30 0x8000d2fc
core   0: 0x8000b300 (0xd03f2223) sw      gp, -764(t5)
core   0: 3 0x8000b300 (0xd03f2223) mem 0x8000d000 0x00000001
core   0: 0x8000b304 (0xff9ff06f) j       pc - 0x8
core   0: 3 0x8000b304 (0xff9ff06f)
core   0: 0x8000b2fc (0x00002f17) auipc   t5, 0x2
core   0: 3 0x8000b2fc (0x00002f17) x30 0x8000d2fc
core   0: 0x8000b300 (0xd03f2223) sw      gp, -764(t5)
core   0: 3 0x8000b300 (0xd03f2223) mem 0x8000d000 0x00000001
core   0: 0x8000b304 (0xff9ff06f) j       pc - 0x8
core   0: 3 0x8000b304 (0xff9ff06f)
core   0: 0x8000b2fc (0x00002f17) auipc   t5, 0x2
core   0: 3 0x8000b2fc (0x00002f17) x30 0x8000d2fc
core   0: 0x8000b300 (0xd03f2223) sw      gp, -764(t5)
core   0: 3 0x8000b300 (0xd03f2223) mem 0x8000d000 0x00000001
core   0: 0x8000b304 (0xff9ff06f) j       pc - 0x8
core   0: 3 0x8000b304 (0xff9ff06f)
core   0: 0x8000b2fc (0x00002f17) auipc   t5, 0x2
core   0: 3 0x8000b2fc (0x00002f17) x30 0x8000d2fc
core   0: 0x8000b300 (0xd03f2223) sw      gp, -764(t5)
core   0: 3 0x8000b300 (0xd03f2223) mem 0x8000d000 0x00000001
core   0: 0x8000b304 (0xff9ff06f) j       pc - 0x8
core   0: 3 0x8000b304 (0xff9ff06f)
core   0: 0x8000b2fc (0x00002f17) auipc   t5, 0x2
core   0: 3 0x8000b2fc (0x00002f17) x30 0x8000d2fc
core   0: 0x8000b300 (0xd03f2223) sw      gp, -764(t5)
core   0: 3 0x8000b300 (0xd03f2223) mem 0x8000d000 0x00000001
core   0: 0x8000b304 (0xff9ff06f) j       pc - 0x8
core   0: 3 0x8000b304 (0xff9ff06f)
core   0: 0x8000b2fc (0x00002f17) auipc   t5, 0x2
core   0: 3 0x8000b2fc (0x00002f17) x30 0x8000d2fc
core   0: 0x8000b300 (0xd03f2223) sw      gp, -764(t5)
core   0: 3 0x8000b300 (0xd03f2223) mem 0x8000d000 0x00000001
core   0: 0x8000b304 (0xff9ff06f) j       pc - 0x8
core   0: 3 0x8000b304 (0xff9ff06f)
core   0: 0x8000b2fc (0x00002f17) auipc   t5, 0x2
core   0: 3 0x8000b2fc (0x00002f17) x30 0x8000d2fc
core   0: 0x8000b300 (0xd03f2223) sw      gp, -764(t5)
core   0: 3 0x8000b300 (0xd03f2223) mem 0x8000d000 0x00000001
core   0: 0x8000b304 (0xff9ff06f) j       pc - 0x8
core   0: 3 0x8000b304 (0xff9ff06f)
core   0: 0x8000b2fc (0x00002f17) auipc   t5, 0x2
core   0: 3 0x8000b2fc (0x00002f17) x30 0x8000d2fc
core   0: 0x8000b300 (0xd03f2223) sw      gp, -764(t5)
core   0: 3 0x8000b300 (0xd03f2223) mem 0x8000d000 0x00000001
core   0: 0x8000b304 (0xff9ff06f) j       pc - 0x8
core   0: 3 0x8000b304 (0xff9ff06f)
core   0: 0x8000b2fc (0x00002f17) auipc   t5, 0x2
core   0: 3 0x8000b2fc (0x00002f17) x30 0x8000d2fc
core   0: 0x8000b300 (0xd03f2223) sw      gp, -764(t5)
core   0: 3 0x8000b300 (0xd03f2223) mem 0x8000d000 0x00000001
core   0: 0x8000b304 (0xff9ff06f) j       pc - 0x8
core   0: 3 0x8000b304 (0xff9ff06f)
core   0: 0x8000b2fc (0x00002f17) auipc   t5, 0x2
core   0: 3 0x8000b2fc (0x00002f17) x30 0x8000d2fc
core   0: 0x8000b300 (0xd03f2223) sw      gp, -764(t5)
core   0: 3 0x8000b300 (0xd03f2223) mem 0x8000d000 0x00000001
core   0: 0x8000b304 (0xff9ff06f) j       pc - 0x8
core   0: 3 0x8000b304 (0xff9ff06f)
core   0: 0x8000b2fc (0x00002f17) auipc   t5, 0x2
core   0: 3 0x8000b2fc (0x00002f17) x30 0x8000d2fc
core   0: 0x8000b300 (0xd03f2223) sw      gp, -764(t5)
core   0: 3 0x8000b300 (0xd03f2223) mem 0x8000d000 0x00000001
core   0: 0x8000b304 (0xff9ff06f) j       pc - 0x8
core   0: 3 0x8000b304 (0xff9ff06f)
core   0: 0x8000b2fc (0x00002f17) auipc   t5, 0x2
core   0: 3 0x8000b2fc (0x00002f17) x30 0x8000d2fc
core   0: 0x8000b300 (0xd03f2223) sw      gp, -764(t5)
core   0: 3 0x8000b300 (0xd03f2223) mem 0x8000d000 0x00000001
core   0: 0x8000b304 (0xff9ff06f) j       pc - 0x8
core   0: 3 0x8000b304 (0xff9ff06f)
core   0: 0x8000b2fc (0x00002f17) auipc   t5, 0x2
core   0: 3 0x8000b2fc (0x00002f17) x30 0x8000d2fc
core   0: 0x8000b300 (0xd03f2223) sw      gp, -764(t5)
core   0: 3 0x8000b300 (0xd03f2223) mem 0x8000d000 0x00000001
core   0: 0x8000b304 (0xff9ff06f) j       pc - 0x8
core   0: 3 0x8000b304 (0xff9ff06f)
core   0: 0x8000b2fc (0x00002f17) auipc   t5, 0x2
core   0: 3 0x8000b2fc (0x00002f17) x30 0x8000d2fc
core   0: 0x8000b300 (0xd03f2223) sw      gp, -764(t5)
core   0: 3 0x8000b300 (0xd03f2223) mem 0x8000d000 0x00000001
core   0: 0x8000b304 (0xff9ff06f) j       pc - 0x8
core   0: 3 0x8000b304 (0xff9ff06f)
core   0: 0x8000b2fc (0x00002f17) auipc   t5, 0x2
core   0: 3 0x8000b2fc (0x00002f17) x30 0x8000d2fc
core   0: 0x8000b300 (0xd03f2223) sw      gp, -764(t5)
core   0: 3 0x8000b300 (0xd03f2223) mem 0x8000d000 0x00000001
core   0: 0x8000b304 (0xff9ff06f) j       pc - 0x8
core   0: 3 0x8000b304 (0xff9ff06f)
core   0: 0x8000b2fc (0x00002f17) auipc   t5, 0x2
core   0: 3 0x8000b2fc (0x00002f17) x30 0x8000d2fc
core   0: 0x8000b300 (0xd03f2223) sw      gp, -764(t5)
core   0: 3 0x8000b300 (0xd03f2223) mem 0x8000d000 0x00000001
core   0: 0x8000b304 (0xff9ff06f) j       pc - 0x8
core   0: 3 0x8000b304 (0xff9ff06f)
core   0: 0x8000b2fc (0x00002f17) auipc   t5, 0x2
core   0: 3 0x8000b2fc (0x00002f17) x30 0x8000d2fc
core   0: 0x8000b300 (0xd03f2223) sw      gp, -764(t5)
core   0: 3 0x8000b300 (0xd03f2223) mem 0x8000d000 0x00000001
core   0: 0x8000b304 (0xff9ff06f) j       pc - 0x8
core   0: 3 0x8000b304 (0xff9ff06f)
core   0: 0x8000b2fc (0x00002f17) auipc   t5, 0x2
core   0: 3 0x8000b2fc (0x00002f17) x30 0x8000d2fc
core   0: 0x8000b300 (0xd03f2223) sw      gp, -764(t5)
core   0: 3 0x8000b300 (0xd03f2223) mem 0x8000d000 0x00000001
core   0: 0x8000b304 (0xff9ff06f) j       pc - 0x8
core   0: 3 0x8000b304 (0xff9ff06f)
core   0: 0x8000b2fc (0x00002f17) auipc   t5, 0x2
core   0: 3 0x8000b2fc (0x00002f17) x30 0x8000d2fc
core   0: 0x8000b300 (0xd03f2223) sw      gp, -764(t5)
core   0: 3 0x8000b300 (0xd03f2223) mem 0x8000d000 0x00000001
core   0: 0x8000b304 (0xff9ff06f) j       pc - 0x8
core   0: 3 0x8000b304 (0xff9ff06f)
core   0: 0x8000b2fc (0x00002f17) auipc   t5, 0x2
core   0: 3 0x8000b2fc (0x00002f17) x30 0x8000d2fc
core   0: 0x8000b300 (0xd03f2223) sw      gp, -764(t5)
core   0: 3 0x8000b300 (0xd03f2223) mem 0x8000d000 0x00000001
core   0: 0x8000b304 (0xff9ff06f) j       pc - 0x8
core   0: 3 0x8000b304 (0xff9ff06f)
core   0: 0x8000b2fc (0x00002f17) auipc   t5, 0x2
core   0: 3 0x8000b2fc (0x00002f17) x30 0x8000d2fc
core   0: 0x8000b300 (0xd03f2223) sw      gp, -764(t5)
core   0: 3 0x8000b300 (0xd03f2223) mem 0x8000d000 0x00000001
core   0: 0x8000b304 (0xff9ff06f) j       pc - 0x8
core   0: 3 0x8000b304 (0xff9ff06f)
core   0: 0x8000b2fc (0x00002f17) auipc   t5, 0x2
core   0: 3 0x8000b2fc (0x00002f17) x30 0x8000d2fc
core   0: 0x8000b300 (0xd03f2223) sw      gp, -764(t5)
core   0: 3 0x8000b300 (0xd03f2223) mem 0x8000d000 0x00000001
core   0: 0x8000b304 (0xff9ff06f) j       pc - 0x8
core   0: 3 0x8000b304 (0xff9ff06f)
core   0: 0x8000b2fc (0x00002f17) auipc   t5, 0x2
core   0: 3 0x8000b2fc (0x00002f17) x30 0x8000d2fc
core   0: 0x8000b300 (0xd03f2223) sw      gp, -764(t5)
core   0: 3 0x8000b300 (0xd03f2223) mem 0x8000d000 0x00000001
core   0: 0x8000b304 (0xff9ff06f) j       pc - 0x8
core   0: 3 0x8000b304 (0xff9ff06f)
core   0: 0x8000b2fc (0x00002f17) auipc   t5, 0x2
core   0: 3 0x8000b2fc (0x00002f17) x30 0x8000d2fc
core   0: 0x8000b300 (0xd03f2223) sw      gp, -764(t5)
core   0: 3 0x8000b300 (0xd03f2223) mem 0x8000d000 0x00000001
core   0: 0x8000b304 (0xff9ff06f) j       pc - 0x8
core   0: 3 0x8000b304 (0xff9ff06f)
core   0: 0x8000b2fc (0x00002f17) auipc   t5, 0x2
core   0: 3 0x8000b2fc (0x00002f17) x30 0x8000d2fc
core   0: 0x8000b300 (0xd03f2223) sw      gp, -764(t5)
core   0: 3 0x8000b300 (0xd03f2223) mem 0x8000d000 0x00000001
core   0: 0x8000b304 (0xff9ff06f) j       pc - 0x8
core   0: 3 0x8000b304 (0xff9ff06f)
core   0: 0x8000b2fc (0x00002f17) auipc   t5, 0x2
core   0: 3 0x8000b2fc (0x00002f17) x30 0x8000d2fc
core   0: 0x8000b300 (0xd03f2223) sw      gp, -764(t5)
core   0: 3 0x8000b300 (0xd03f2223) mem 0x8000d000 0x00000001
core   0: 0x8000b304 (0xff9ff06f) j       pc - 0x8
core   0: 3 0x8000b304 (0xff9ff06f)
core   0: 0x8000b2fc (0x00002f17) auipc   t5, 0x2
core   0: 3 0x8000b2fc (0x00002f17) x30 0x8000d2fc
core   0: 0x8000b300 (0xd03f2223) sw      gp, -764(t5)
core   0: 3 0x8000b300 (0xd03f2223) mem 0x8000d000 0x00000001
core   0: 0x8000b304 (0xff9ff06f) j       pc - 0x8
core   0: 3 0x8000b304 (0xff9ff06f)
core   0: 0x8000b2fc (0x00002f17) auipc   t5, 0x2
core   0: 3 0x8000b2fc (0x00002f17) x30 0x8000d2fc
core   0: 0x8000b300 (0xd03f2223) sw      gp, -764(t5)
core   0: 3 0x8000b300 (0xd03f2223) mem 0x8000d000 0x00000001
core   0: 0x8000b304 (0xff9ff06f) j       pc - 0x8
core   0: 3 0x8000b304 (0xff9ff06f)
core   0: 0x8000b2fc (0x00002f17) auipc   t5, 0x2
core   0: 3 0x8000b2fc (0x00002f17) x30 0x8000d2fc
core   0: 0x8000b300 (0xd03f2223) sw      gp, -764(t5)
core   0: 3 0x8000b300 (0xd03f2223) mem 0x8000d000 0x00000001
core   0: 0x8000b304 (0xff9ff06f) j       pc - 0x8
core   0: 3 0x8000b304 (0xff9ff06f)
core   0: 0x8000b2fc (0x00002f17) auipc   t5, 0x2
core   0: 3 0x8000b2fc (0x00002f17) x30 0x8000d2fc
core   0: 0x8000b300 (0xd03f2223) sw      gp, -764(t5)
core   0: 3 0x8000b300 (0xd03f2223) mem 0x8000d000 0x00000001
core   0: 0x8000b304 (0xff9ff06f) j       pc - 0x8
core   0: 3 0x8000b304 (0xff9ff06f)
core   0: 0x8000b2fc (0x00002f17) auipc   t5, 0x2
core   0: 3 0x8000b2fc (0x00002f17) x30 0x8000d2fc
core   0: 0x8000b300 (0xd03f2223) sw      gp, -764(t5)
core   0: 3 0x8000b300 (0xd03f2223) mem 0x8000d000 0x00000001
core   0: 0x8000b304 (0xff9ff06f) j       pc - 0x8
core   0: 3 0x8000b304 (0xff9ff06f)
core   0: 0x8000b2fc (0x00002f17) auipc   t5, 0x2
core   0: 3 0x8000b2fc (0x00002f17) x30 0x8000d2fc
core   0: 0x8000b300 (0xd03f2223) sw      gp, -764(t5)
core   0: 3 0x8000b300 (0xd03f2223) mem 0x8000d000 0x00000001
core   0: 0x8000b304 (0xff9ff06f) j       pc - 0x8
core   0: 3 0x8000b304 (0xff9ff06f)
core   0: 0x8000b2fc (0x00002f17) auipc   t5, 0x2
core   0: 3 0x8000b2fc (0x00002f17) x30 0x8000d2fc
core   0: 0x8000b300 (0xd03f2223) sw      gp, -764(t5)
core   0: 3 0x8000b300 (0xd03f2223) mem 0x8000d000 0x00000001
core   0: 0x8000b304 (0xff9ff06f) j       pc - 0x8
core   0: 3 0x8000b304 (0xff9ff06f)
core   0: 0x8000b2fc (0x00002f17) auipc   t5, 0x2
core   0: 3 0x8000b2fc (0x00002f17) x30 0x8000d2fc
core   0: 0x8000b300 (0xd03f2223) sw      gp, -764(t5)
core   0: 3 0x8000b300 (0xd03f2223) mem 0x8000d000 0x00000001
core   0: 0x8000b304 (0xff9ff06f) j       pc - 0x8
core   0: 3 0x8000b304 (0xff9ff06f)
core   0: 0x8000b2fc (0x00002f17) auipc   t5, 0x2
core   0: 3 0x8000b2fc (0x00002f17) x30 0x8000d2fc
core   0: 0x8000b300 (0xd03f2223) sw      gp, -764(t5)
core   0: 3 0x8000b300 (0xd03f2223) mem 0x8000d000 0x00000001
core   0: 0x8000b304 (0xff9ff06f) j       pc - 0x8
core   0: 3 0x8000b304 (0xff9ff06f)
core   0: 0x8000b2fc (0x00002f17) auipc   t5, 0x2
core   0: 3 0x8000b2fc (0x00002f17) x30 0x8000d2fc
core   0: 0x8000b300 (0xd03f2223) sw      gp, -764(t5)
core   0: 3 0x8000b300 (0xd03f2223) mem 0x8000d000 0x00000001
core   0: 0x8000b304 (0xff9ff06f) j       pc - 0x8
core   0: 3 0x8000b304 (0xff9ff06f)
core   0: 0x8000b2fc (0x00002f17) auipc   t5, 0x2
core   0: 3 0x8000b2fc (0x00002f17) x30 0x8000d2fc
core   0: 0x8000b300 (0xd03f2223) sw      gp, -764(t5)
core   0: 3 0x8000b300 (0xd03f2223) mem 0x8000d000 0x00000001
core   0: 0x8000b304 (0xff9ff06f) j       pc - 0x8
core   0: 3 0x8000b304 (0xff9ff06f)
core   0: 0x8000b2fc (0x00002f17) auipc   t5, 0x2
core   0: 3 0x8000b2fc (0x00002f17) x30 0x8000d2fc
core   0: 0x8000b300 (0xd03f2223) sw      gp, -764(t5)
core   0: 3 0x8000b300 (0xd03f2223) mem 0x8000d000 0x00000001
core   0: 0x8000b304 (0xff9ff06f) j       pc - 0x8
core   0: 3 0x8000b304 (0xff9ff06f)
core   0: 0x8000b2fc (0x00002f17) auipc   t5, 0x2
core   0: 3 0x8000b2fc (0x00002f17) x30 0x8000d2fc
core   0: 0x8000b300 (0xd03f2223) sw      gp, -764(t5)
core   0: 3 0x8000b300 (0xd03f2223) mem 0x8000d000 0x00000001
core   0: 0x8000b304 (0xff9ff06f) j       pc - 0x8
core   0: 3 0x8000b304 (0xff9ff06f)
core   0: 0x8000b2fc (0x00002f17) auipc   t5, 0x2
core   0: 3 0x8000b2fc (0x00002f17) x30 0x8000d2fc
core   0: 0x8000b300 (0xd03f2223) sw      gp, -764(t5)
core   0: 3 0x8000b300 (0xd03f2223) mem 0x8000d000 0x00000001
core   0: 0x8000b304 (0xff9ff06f) j       pc - 0x8
core   0: 3 0x8000b304 (0xff9ff06f)
core   0: 0x8000b2fc (0x00002f17) auipc   t5, 0x2
core   0: 3 0x8000b2fc (0x00002f17) x30 0x8000d2fc
core   0: 0x8000b300 (0xd03f2223) sw      gp, -764(t5)
core   0: 3 0x8000b300 (0xd03f2223) mem 0x8000d000 0x00000001
core   0: 0x8000b304 (0xff9ff06f) j       pc - 0x8
core   0: 3 0x8000b304 (0xff9ff06f)
core   0: 0x8000b2fc (0x00002f17) auipc   t5, 0x2
core   0: 3 0x8000b2fc (0x00002f17) x30 0x8000d2fc
core   0: 0x8000b300 (0xd03f2223) sw      gp, -764(t5)
core   0: 3 0x8000b300 (0xd03f2223) mem 0x8000d000 0x00000001
core   0: 0x8000b304 (0xff9ff06f) j       pc - 0x8
core   0: 3 0x8000b304 (0xff9ff06f)
core   0: 0x8000b2fc (0x00002f17) auipc   t5, 0x2
core   0: 3 0x8000b2fc (0x00002f17) x30 0x8000d2fc
core   0: 0x8000b300 (0xd03f2223) sw      gp, -764(t5)
core   0: 3 0x8000b300 (0xd03f2223) mem 0x8000d000 0x00000001
core   0: 0x8000b304 (0xff9ff06f) j       pc - 0x8
core   0: 3 0x8000b304 (0xff9ff06f)
core   0: 0x8000b2fc (0x00002f17) auipc   t5, 0x2
core   0: 3 0x8000b2fc (0x00002f17) x30 0x8000d2fc
core   0: 0x8000b300 (0xd03f2223) sw      gp, -764(t5)
core   0: 3 0x8000b300 (0xd03f2223) mem 0x8000d000 0x00000001
core   0: 0x8000b304 (0xff9ff06f) j       pc - 0x8
core   0: 3 0x8000b304 (0xff9ff06f)
core   0: 0x8000b2fc (0x00002f17) auipc   t5, 0x2
core   0: 3 0x8000b2fc (0x00002f17) x30 0x8000d2fc
core   0: 0x8000b300 (0xd03f2223) sw      gp, -764(t5)
core   0: 3 0x8000b300 (0xd03f2223) mem 0x8000d000 0x00000001
core   0: 0x8000b304 (0xff9ff06f) j       pc - 0x8
core   0: 3 0x8000b304 (0xff9ff06f)
core   0: 0x8000b2fc (0x00002f17) auipc   t5, 0x2
core   0: 3 0x8000b2fc (0x00002f17) x30 0x8000d2fc
core   0: 0x8000b300 (0xd03f2223) sw      gp, -764(t5)
core   0: 3 0x8000b300 (0xd03f2223) mem 0x8000d000 0x00000001
core   0: 0x8000b304 (0xff9ff06f) j       pc - 0x8
core   0: 3 0x8000b304 (0xff9ff06f)
core   0: 0x8000b2fc (0x00002f17) auipc   t5, 0x2
core   0: 3 0x8000b2fc (0x00002f17) x30 0x8000d2fc
core   0: 0x8000b300 (0xd03f2223) sw      gp, -764(t5)
core   0: 3 0x8000b300 (0xd03f2223) mem 0x8000d000 0x00000001
core   0: 0x8000b304 (0xff9ff06f) j       pc - 0x8
core   0: 3 0x8000b304 (0xff9ff06f)
core   0: 0x8000b2fc (0x00002f17) auipc   t5, 0x2
core   0: 3 0x8000b2fc (0x00002f17) x30 0x8000d2fc
core   0: 0x8000b300 (0xd03f2223) sw      gp, -764(t5)
core   0: 3 0x8000b300 (0xd03f2223) mem 0x8000d000 0x00000001
core   0: 0x8000b304 (0xff9ff06f) j       pc - 0x8
core   0: 3 0x8000b304 (0xff9ff06f)
core   0: 0x8000b2fc (0x00002f17) auipc   t5, 0x2
core   0: 3 0x8000b2fc (0x00002f17) x30 0x8000d2fc
core   0: 0x8000b300 (0xd03f2223) sw      gp, -764(t5)
core   0: 3 0x8000b300 (0xd03f2223) mem 0x8000d000 0x00000001
core   0: 0x8000b304 (0xff9ff06f) j       pc - 0x8
core   0: 3 0x8000b304 (0xff9ff06f)
core   0: 0x8000b2fc (0x00002f17) auipc   t5, 0x2
core   0: 3 0x8000b2fc (0x00002f17) x30 0x8000d2fc
core   0: 0x8000b300 (0xd03f2223) sw      gp, -764(t5)
core   0: 3 0x8000b300 (0xd03f2223) mem 0x8000d000 0x00000001
core   0: 0x8000b304 (0xff9ff06f) j       pc - 0x8
core   0: 3 0x8000b304 (0xff9ff06f)
core   0: 0x8000b2fc (0x00002f17) auipc   t5, 0x2
core   0: 3 0x8000b2fc (0x00002f17) x30 0x8000d2fc
core   0: 0x8000b300 (0xd03f2223) sw      gp, -764(t5)
core   0: 3 0x8000b300 (0xd03f2223) mem 0x8000d000 0x00000001
core   0: 0x8000b304 (0xff9ff06f) j       pc - 0x8
core   0: 3 0x8000b304 (0xff9ff06f)
core   0: 0x8000b2fc (0x00002f17) auipc   t5, 0x2
core   0: 3 0x8000b2fc (0x00002f17) x30 0x8000d2fc
core   0: 0x8000b300 (0xd03f2223) sw      gp, -764(t5)
core   0: 3 0x8000b300 (0xd03f2223) mem 0x8000d000 0x00000001
core   0: 0x8000b304 (0xff9ff06f) j       pc - 0x8
core   0: 3 0x8000b304 (0xff9ff06f)
core   0: 0x8000b2fc (0x00002f17) auipc   t5, 0x2
core   0: 3 0x8000b2fc (0x00002f17) x30 0x8000d2fc
core   0: 0x8000b300 (0xd03f2223) sw      gp, -764(t5)
core   0: 3 0x8000b300 (0xd03f2223) mem 0x8000d000 0x00000001
core   0: 0x8000b304 (0xff9ff06f) j       pc - 0x8
core   0: 3 0x8000b304 (0xff9ff06f)
core   0: 0x8000b2fc (0x00002f17) auipc   t5, 0x2
core   0: 3 0x8000b2fc (0x00002f17) x30 0x8000d2fc
core   0: 0x8000b300 (0xd03f2223) sw      gp, -764(t5)
core   0: 3 0x8000b300 (0xd03f2223) mem 0x8000d000 0x00000001
core   0: 0x8000b304 (0xff9ff06f) j       pc - 0x8
core   0: 3 0x8000b304 (0xff9ff06f)
core   0: 0x8000b2fc (0x00002f17) auipc   t5, 0x2
core   0: 3 0x8000b2fc (0x00002f17) x30 0x8000d2fc
core   0: 0x8000b300 (0xd03f2223) sw      gp, -764(t5)
core   0: 3 0x8000b300 (0xd03f2223) mem 0x8000d000 0x00000001
core   0: 0x8000b304 (0xff9ff06f) j       pc - 0x8
core   0: 3 0x8000b304 (0xff9ff06f)
core   0: 0x8000b2fc (0x00002f17) auipc   t5, 0x2
core   0: 3 0x8000b2fc (0x00002f17) x30 0x8000d2fc
core   0: 0x8000b300 (0xd03f2223) sw      gp, -764(t5)
core   0: 3 0x8000b300 (0xd03f2223) mem 0x8000d000 0x00000001
core   0: 0x8000b304 (0xff9ff06f) j       pc - 0x8
core   0: 3 0x8000b304 (0xff9ff06f)
core   0: 0x8000b2fc (0x00002f17) auipc   t5, 0x2
core   0: 3 0x8000b2fc (0x00002f17) x30 0x8000d2fc
core   0: 0x8000b300 (0xd03f2223) sw      gp, -764(t5)
core   0: 3 0x8000b300 (0xd03f2223) mem 0x8000d000 0x00000001
core   0: 0x8000b304 (0xff9ff06f) j       pc - 0x8
core   0: 3 0x8000b304 (0xff9ff06f)
core   0: 0x8000b2fc (0x00002f17) auipc   t5, 0x2
core   0: 3 0x8000b2fc (0x00002f17) x30 0x8000d2fc
core   0: 0x8000b300 (0xd03f2223) sw      gp, -764(t5)
core   0: 3 0x8000b300 (0xd03f2223) mem 0x8000d000 0x00000001
core   0: 0x8000b304 (0xff9ff06f) j       pc - 0x8
core   0: 3 0x8000b304 (0xff9ff06f)
core   0: 0x8000b2fc (0x00002f17) auipc   t5, 0x2
core   0: 3 0x8000b2fc (0x00002f17) x30 0x8000d2fc
core   0: 0x8000b300 (0xd03f2223) sw      gp, -764(t5)
core   0: 3 0x8000b300 (0xd03f2223) mem 0x8000d000 0x00000001
core   0: 0x8000b304 (0xff9ff06f) j       pc - 0x8
core   0: 3 0x8000b304 (0xff9ff06f)
core   0: 0x8000b2fc (0x00002f17) auipc   t5, 0x2
core   0: 3 0x8000b2fc (0x00002f17) x30 0x8000d2fc
core   0: 0x8000b300 (0xd03f2223) sw      gp, -764(t5)
core   0: 3 0x8000b300 (0xd03f2223) mem 0x8000d000 0x00000001
core   0: 0x8000b304 (0xff9ff06f) j       pc - 0x8
core   0: 3 0x8000b304 (0xff9ff06f)
core   0: 0x8000b2fc (0x00002f17) auipc   t5, 0x2
core   0: 3 0x8000b2fc (0x00002f17) x30 0x8000d2fc
core   0: 0x8000b300 (0xd03f2223) sw      gp, -764(t5)
core   0: 3 0x8000b300 (0xd03f2223) mem 0x8000d000 0x00000001
core   0: 0x8000b304 (0xff9ff06f) j       pc - 0x8
core   0: 3 0x8000b304 (0xff9ff06f)
core   0: 0x8000b2fc (0x00002f17) auipc   t5, 0x2
core   0: 3 0x8000b2fc (0x00002f17) x30 0x8000d2fc
core   0: 0x8000b300 (0xd03f2223) sw      gp, -764(t5)
core   0: 3 0x8000b300 (0xd03f2223) mem 0x8000d000 0x00000001
core   0: 0x8000b304 (0xff9ff06f) j       pc - 0x8
core   0: 3 0x8000b304 (0xff9ff06f)
core   0: 0x8000b2fc (0x00002f17) auipc   t5, 0x2
core   0: 3 0x8000b2fc (0x00002f17) x30 0x8000d2fc
core   0: 0x8000b300 (0xd03f2223) sw      gp, -764(t5)
core   0: 3 0x8000b300 (0xd03f2223) mem 0x8000d000 0x00000001
core   0: 0x8000b304 (0xff9ff06f) j       pc - 0x8
core   0: 3 0x8000b304 (0xff9ff06f)
core   0: 0x8000b2fc (0x00002f17) auipc   t5, 0x2
core   0: 3 0x8000b2fc (0x00002f17) x30 0x8000d2fc
core   0: 0x8000b300 (0xd03f2223) sw      gp, -764(t5)
core   0: 3 0x8000b300 (0xd03f2223) mem 0x8000d000 0x00000001
core   0: 0x8000b304 (0xff9ff06f) j       pc - 0x8
core   0: 3 0x8000b304 (0xff9ff06f)
core   0: 0x8000b2fc (0x00002f17) auipc   t5, 0x2
core   0: 3 0x8000b2fc (0x00002f17) x30 0x8000d2fc
core   0: 0x8000b300 (0xd03f2223) sw      gp, -764(t5)
core   0: 3 0x8000b300 (0xd03f2223) mem 0x8000d000 0x00000001
core   0: 0x8000b304 (0xff9ff06f) j       pc - 0x8
core   0: 3 0x8000b304 (0xff9ff06f)
core   0: 0x8000b2fc (0x00002f17) auipc   t5, 0x2
core   0: 3 0x8000b2fc (0x00002f17) x30 0x8000d2fc
core   0: 0x8000b300 (0xd03f2223) sw      gp, -764(t5)
core   0: 3 0x8000b300 (0xd03f2223) mem 0x8000d000 0x00000001
core   0: 0x8000b304 (0xff9ff06f) j       pc - 0x8
core   0: 3 0x8000b304 (0xff9ff06f)
core   0: 0x8000b2fc (0x00002f17) auipc   t5, 0x2
core   0: 3 0x8000b2fc (0x00002f17) x30 0x8000d2fc
core   0: 0x8000b300 (0xd03f2223) sw      gp, -764(t5)
core   0: 3 0x8000b300 (0xd03f2223) mem 0x8000d000 0x00000001
core   0: 0x8000b304 (0xff9ff06f) j       pc - 0x8
core   0: 3 0x8000b304 (0xff9ff06f)
core   0: 0x8000b2fc (0x00002f17) auipc   t5, 0x2
core   0: 3 0x8000b2fc (0x00002f17) x30 0x8000d2fc
core   0: 0x8000b300 (0xd03f2223) sw      gp, -764(t5)
core   0: 3 0x8000b300 (0xd03f2223) mem 0x8000d000 0x00000001
core   0: 0x8000b304 (0xff9ff06f) j       pc - 0x8
core   0: 3 0x8000b304 (0xff9ff06f)
core   0: 0x8000b2fc (0x00002f17) auipc   t5, 0x2
core   0: 3 0x8000b2fc (0x00002f17) x30 0x8000d2fc
core   0: 0x8000b300 (0xd03f2223) sw      gp, -764(t5)
core   0: 3 0x8000b300 (0xd03f2223) mem 0x8000d000 0x00000001
core   0: 0x8000b304 (0xff9ff06f) j       pc - 0x8
core   0: 3 0x8000b304 (0xff9ff06f)
core   0: 0x8000b2fc (0x00002f17) auipc   t5, 0x2
core   0: 3 0x8000b2fc (0x00002f17) x30 0x8000d2fc
core   0: 0x8000b300 (0xd03f2223) sw      gp, -764(t5)
core   0: 3 0x8000b300 (0xd03f2223) mem 0x8000d000 0x00000001
core   0: 0x8000b304 (0xff9ff06f) j       pc - 0x8
core   0: 3 0x8000b304 (0xff9ff06f)
core   0: 0x8000b2fc (0x00002f17) auipc   t5, 0x2
core   0: 3 0x8000b2fc (0x00002f17) x30 0x8000d2fc
core   0: 0x8000b300 (0xd03f2223) sw      gp, -764(t5)
core   0: 3 0x8000b300 (0xd03f2223) mem 0x8000d000 0x00000001
core   0: 0x8000b304 (0xff9ff06f) j       pc - 0x8
core   0: 3 0x8000b304 (0xff9ff06f)
core   0: 0x8000b2fc (0x00002f17) auipc   t5, 0x2
core   0: 3 0x8000b2fc (0x00002f17) x30 0x8000d2fc
core   0: 0x8000b300 (0xd03f2223) sw      gp, -764(t5)
core   0: 3 0x8000b300 (0xd03f2223) mem 0x8000d000 0x00000001
core   0: 0x8000b304 (0xff9ff06f) j       pc - 0x8
core   0: 3 0x8000b304 (0xff9ff06f)
core   0: 0x8000b2fc (0x00002f17) auipc   t5, 0x2
core   0: 3 0x8000b2fc (0x00002f17) x30 0x8000d2fc
core   0: 0x8000b300 (0xd03f2223) sw      gp, -764(t5)
core   0: 3 0x8000b300 (0xd03f2223) mem 0x8000d000 0x00000001
core   0: 0x8000b304 (0xff9ff06f) j       pc - 0x8
core   0: 3 0x8000b304 (0xff9ff06f)
core   0: 0x8000b2fc (0x00002f17) auipc   t5, 0x2
core   0: 3 0x8000b2fc (0x00002f17) x30 0x8000d2fc
core   0: 0x8000b300 (0xd03f2223) sw      gp, -764(t5)
core   0: 3 0x8000b300 (0xd03f2223) mem 0x8000d000 0x00000001
core   0: 0x8000b304 (0xff9ff06f) j       pc - 0x8
core   0: 3 0x8000b304 (0xff9ff06f)
core   0: 0x8000b2fc (0x00002f17) auipc   t5, 0x2
core   0: 3 0x8000b2fc (0x00002f17) x30 0x8000d2fc
core   0: 0x8000b300 (0xd03f2223) sw      gp, -764(t5)
core   0: 3 0x8000b300 (0xd03f2223) mem 0x8000d000 0x00000001
core   0: 0x8000b304 (0xff9ff06f) j       pc - 0x8
core   0: 3 0x8000b304 (0xff9ff06f)
core   0: 0x8000b2fc (0x00002f17) auipc   t5, 0x2
core   0: 3 0x8000b2fc (0x00002f17) x30 0x8000d2fc
core   0: 0x8000b300 (0xd03f2223) sw      gp, -764(t5)
core   0: 3 0x8000b300 (0xd03f2223) mem 0x8000d000 0x00000001
core   0: 0x8000b304 (0xff9ff06f) j       pc - 0x8
core   0: 3 0x8000b304 (0xff9ff06f)
core   0: 0x8000b2fc (0x00002f17) auipc   t5, 0x2
core   0: 3 0x8000b2fc (0x00002f17) x30 0x8000d2fc
core   0: 0x8000b300 (0xd03f2223) sw      gp, -764(t5)
core   0: 3 0x8000b300 (0xd03f2223) mem 0x8000d000 0x00000001
core   0: 0x8000b304 (0xff9ff06f) j       pc - 0x8
core   0: 3 0x8000b304 (0xff9ff06f)
core   0: 0x8000b2fc (0x00002f17) auipc   t5, 0x2
core   0: 3 0x8000b2fc (0x00002f17) x30 0x8000d2fc
core   0: 0x8000b300 (0xd03f2223) sw      gp, -764(t5)
core   0: 3 0x8000b300 (0xd03f2223) mem 0x8000d000 0x00000001
core   0: 0x8000b304 (0xff9ff06f) j       pc - 0x8
core   0: 3 0x8000b304 (0xff9ff06f)
core   0: 0x8000b2fc (0x00002f17) auipc   t5, 0x2
core   0: 3 0x8000b2fc (0x00002f17) x30 0x8000d2fc
core   0: 0x8000b300 (0xd03f2223) sw      gp, -764(t5)
core   0: 3 0x8000b300 (0xd03f2223) mem 0x8000d000 0x00000001
core   0: 0x8000b304 (0xff9ff06f) j       pc - 0x8
core   0: 3 0x8000b304 (0xff9ff06f)
core   0: 0x8000b2fc (0x00002f17) auipc   t5, 0x2
core   0: 3 0x8000b2fc (0x00002f17) x30 0x8000d2fc
core   0: 0x8000b300 (0xd03f2223) sw      gp, -764(t5)
core   0: 3 0x8000b300 (0xd03f2223) mem 0x8000d000 0x00000001
core   0: 0x8000b304 (0xff9ff06f) j       pc - 0x8
core   0: 3 0x8000b304 (0xff9ff06f)
core   0: 0x8000b2fc (0x00002f17) auipc   t5, 0x2
core   0: 3 0x8000b2fc (0x00002f17) x30 0x8000d2fc
core   0: 0x8000b300 (0xd03f2223) sw      gp, -764(t5)
core   0: 3 0x8000b300 (0xd03f2223) mem 0x8000d000 0x00000001
core   0: 0x8000b304 (0xff9ff06f) j       pc - 0x8
core   0: 3 0x8000b304 (0xff9ff06f)
core   0: 0x8000b2fc (0x00002f17) auipc   t5, 0x2
core   0: 3 0x8000b2fc (0x00002f17) x30 0x8000d2fc
core   0: 0x8000b300 (0xd03f2223) sw      gp, -764(t5)
core   0: 3 0x8000b300 (0xd03f2223) mem 0x8000d000 0x00000001
core   0: 0x8000b304 (0xff9ff06f) j       pc - 0x8
core   0: 3 0x8000b304 (0xff9ff06f)
core   0: 0x8000b2fc (0x00002f17) auipc   t5, 0x2
core   0: 3 0x8000b2fc (0x00002f17) x30 0x8000d2fc
core   0: 0x8000b300 (0xd03f2223) sw      gp, -764(t5)
core   0: 3 0x8000b300 (0xd03f2223) mem 0x8000d000 0x00000001
core   0: 0x8000b304 (0xff9ff06f) j       pc - 0x8
core   0: 3 0x8000b304 (0xff9ff06f)
core   0: 0x8000b2fc (0x00002f17) auipc   t5, 0x2
core   0: 3 0x8000b2fc (0x00002f17) x30 0x8000d2fc
core   0: 0x8000b300 (0xd03f2223) sw      gp, -764(t5)
core   0: 3 0x8000b300 (0xd03f2223) mem 0x8000d000 0x00000001
core   0: 0x8000b304 (0xff9ff06f) j       pc - 0x8
core   0: 3 0x8000b304 (0xff9ff06f)
core   0: 0x8000b2fc (0x00002f17) auipc   t5, 0x2
core   0: 3 0x8000b2fc (0x00002f17) x30 0x8000d2fc
core   0: 0x8000b300 (0xd03f2223) sw      gp, -764(t5)
core   0: 3 0x8000b300 (0xd03f2223) mem 0x8000d000 0x00000001
core   0: 0x8000b304 (0xff9ff06f) j       pc - 0x8
core   0: 3 0x8000b304 (0xff9ff06f)
core   0: 0x8000b2fc (0x00002f17) auipc   t5, 0x2
core   0: 3 0x8000b2fc (0x00002f17) x30 0x8000d2fc
core   0: 0x8000b300 (0xd03f2223) sw      gp, -764(t5)
core   0: 3 0x8000b300 (0xd03f2223) mem 0x8000d000 0x00000001
core   0: 0x8000b304 (0xff9ff06f) j       pc - 0x8
core   0: 3 0x8000b304 (0xff9ff06f)
core   0: 0x8000b2fc (0x00002f17) auipc   t5, 0x2
core   0: 3 0x8000b2fc (0x00002f17) x30 0x8000d2fc
core   0: 0x8000b300 (0xd03f2223) sw      gp, -764(t5)
core   0: 3 0x8000b300 (0xd03f2223) mem 0x8000d000 0x00000001
core   0: 0x8000b304 (0xff9ff06f) j       pc - 0x8
core   0: 3 0x8000b304 (0xff9ff06f)
core   0: 0x8000b2fc (0x00002f17) auipc   t5, 0x2
core   0: 3 0x8000b2fc (0x00002f17) x30 0x8000d2fc
core   0: 0x8000b300 (0xd03f2223) sw      gp, -764(t5)
core   0: 3 0x8000b300 (0xd03f2223) mem 0x8000d000 0x00000001
core   0: 0x8000b304 (0xff9ff06f) j       pc - 0x8
core   0: 3 0x8000b304 (0xff9ff06f)
core   0: 0x8000b2fc (0x00002f17) auipc   t5, 0x2
core   0: 3 0x8000b2fc (0x00002f17) x30 0x8000d2fc
core   0: 0x8000b300 (0xd03f2223) sw      gp, -764(t5)
core   0: 3 0x8000b300 (0xd03f2223) mem 0x8000d000 0x00000001
core   0: 0x8000b304 (0xff9ff06f) j       pc - 0x8
core   0: 3 0x8000b304 (0xff9ff06f)
core   0: 0x8000b2fc (0x00002f17) auipc   t5, 0x2
core   0: 3 0x8000b2fc (0x00002f17) x30 0x8000d2fc
core   0: 0x8000b300 (0xd03f2223) sw      gp, -764(t5)
core   0: 3 0x8000b300 (0xd03f2223) mem 0x8000d000 0x00000001
core   0: 0x8000b304 (0xff9ff06f) j       pc - 0x8
core   0: 3 0x8000b304 (0xff9ff06f)
core   0: 0x8000b2fc (0x00002f17) auipc   t5, 0x2
core   0: 3 0x8000b2fc (0x00002f17) x30 0x8000d2fc
core   0: 0x8000b300 (0xd03f2223) sw      gp, -764(t5)
core   0: 3 0x8000b300 (0xd03f2223) mem 0x8000d000 0x00000001
core   0: 0x8000b304 (0xff9ff06f) j       pc - 0x8
core   0: 3 0x8000b304 (0xff9ff06f)
core   0: 0x8000b2fc (0x00002f17) auipc   t5, 0x2
core   0: 3 0x8000b2fc (0x00002f17) x30 0x8000d2fc
core   0: 0x8000b300 (0xd03f2223) sw      gp, -764(t5)
core   0: 3 0x8000b300 (0xd03f2223) mem 0x8000d000 0x00000001
core   0: 0x8000b304 (0xff9ff06f) j       pc - 0x8
core   0: 3 0x8000b304 (0xff9ff06f)
core   0: 0x8000b2fc (0x00002f17) auipc   t5, 0x2
core   0: 3 0x8000b2fc (0x00002f17) x30 0x8000d2fc
core   0: 0x8000b300 (0xd03f2223) sw      gp, -764(t5)
core   0: 3 0x8000b300 (0xd03f2223) mem 0x8000d000 0x00000001
core   0: 0x8000b304 (0xff9ff06f) j       pc - 0x8
core   0: 3 0x8000b304 (0xff9ff06f)
core   0: 0x8000b2fc (0x00002f17) auipc   t5, 0x2
core   0: 3 0x8000b2fc (0x00002f17) x30 0x8000d2fc
core   0: 0x8000b300 (0xd03f2223) sw      gp, -764(t5)
core   0: 3 0x8000b300 (0xd03f2223) mem 0x8000d000 0x00000001
core   0: 0x8000b304 (0xff9ff06f) j       pc - 0x8
core   0: 3 0x8000b304 (0xff9ff06f)
core   0: 0x8000b2fc (0x00002f17) auipc   t5, 0x2
core   0: 3 0x8000b2fc (0x00002f17) x30 0x8000d2fc
core   0: 0x8000b300 (0xd03f2223) sw      gp, -764(t5)
core   0: 3 0x8000b300 (0xd03f2223) mem 0x8000d000 0x00000001
core   0: 0x8000b304 (0xff9ff06f) j       pc - 0x8
core   0: 3 0x8000b304 (0xff9ff06f)
core   0: 0x8000b2fc (0x00002f17) auipc   t5, 0x2
core   0: 3 0x8000b2fc (0x00002f17) x30 0x8000d2fc
core   0: 0x8000b300 (0xd03f2223) sw      gp, -764(t5)
core   0: 3 0x8000b300 (0xd03f2223) mem 0x8000d000 0x00000001
core   0: 0x8000b304 (0xff9ff06f) j       pc - 0x8
core   0: 3 0x8000b304 (0xff9ff06f)
core   0: 0x8000b2fc (0x00002f17) auipc   t5, 0x2
core   0: 3 0x8000b2fc (0x00002f17) x30 0x8000d2fc
core   0: 0x8000b300 (0xd03f2223) sw      gp, -764(t5)
core   0: 3 0x8000b300 (0xd03f2223) mem 0x8000d000 0x00000001
core   0: 0x8000b304 (0xff9ff06f) j       pc - 0x8
core   0: 3 0x8000b304 (0xff9ff06f)
core   0: 0x8000b2fc (0x00002f17) auipc   t5, 0x2
core   0: 3 0x8000b2fc (0x00002f17) x30 0x8000d2fc
core   0: 0x8000b300 (0xd03f2223) sw      gp, -764(t5)
core   0: 3 0x8000b300 (0xd03f2223) mem 0x8000d000 0x00000001
core   0: 0x8000b304 (0xff9ff06f) j       pc - 0x8
core   0: 3 0x8000b304 (0xff9ff06f)
core   0: 0x8000b2fc (0x00002f17) auipc   t5, 0x2
core   0: 3 0x8000b2fc (0x00002f17) x30 0x8000d2fc
core   0: 0x8000b300 (0xd03f2223) sw      gp, -764(t5)
core   0: 3 0x8000b300 (0xd03f2223) mem 0x8000d000 0x00000001
core   0: 0x8000b304 (0xff9ff06f) j       pc - 0x8
core   0: 3 0x8000b304 (0xff9ff06f)
core   0: 0x8000b2fc (0x00002f17) auipc   t5, 0x2
core   0: 3 0x8000b2fc (0x00002f17) x30 0x8000d2fc
core   0: 0x8000b300 (0xd03f2223) sw      gp, -764(t5)
core   0: 3 0x8000b300 (0xd03f2223) mem 0x8000d000 0x00000001
core   0: 0x8000b304 (0xff9ff06f) j       pc - 0x8
core   0: 3 0x8000b304 (0xff9ff06f)
core   0: 0x8000b2fc (0x00002f17) auipc   t5, 0x2
core   0: 3 0x8000b2fc (0x00002f17) x30 0x8000d2fc
core   0: 0x8000b300 (0xd03f2223) sw      gp, -764(t5)
core   0: 3 0x8000b300 (0xd03f2223) mem 0x8000d000 0x00000001
core   0: 0x8000b304 (0xff9ff06f) j       pc - 0x8
core   0: 3 0x8000b304 (0xff9ff06f)
core   0: 0x8000b2fc (0x00002f17) auipc   t5, 0x2
core   0: 3 0x8000b2fc (0x00002f17) x30 0x8000d2fc
core   0: 0x8000b300 (0xd03f2223) sw      gp, -764(t5)
core   0: 3 0x8000b300 (0xd03f2223) mem 0x8000d000 0x00000001
core   0: 0x8000b304 (0xff9ff06f) j       pc - 0x8
core   0: 3 0x8000b304 (0xff9ff06f)
core   0: 0x8000b2fc (0x00002f17) auipc   t5, 0x2
core   0: 3 0x8000b2fc (0x00002f17) x30 0x8000d2fc
core   0: 0x8000b300 (0xd03f2223) sw      gp, -764(t5)
core   0: 3 0x8000b300 (0xd03f2223) mem 0x8000d000 0x00000001
core   0: 0x8000b304 (0xff9ff06f) j       pc - 0x8
core   0: 3 0x8000b304 (0xff9ff06f)
core   0: 0x8000b2fc (0x00002f17) auipc   t5, 0x2
core   0: 3 0x8000b2fc (0x00002f17) x30 0x8000d2fc
core   0: 0x8000b300 (0xd03f2223) sw      gp, -764(t5)
core   0: 3 0x8000b300 (0xd03f2223) mem 0x8000d000 0x00000001
core   0: 0x8000b304 (0xff9ff06f) j       pc - 0x8
core   0: 3 0x8000b304 (0xff9ff06f)
core   0: 0x8000b2fc (0x00002f17) auipc   t5, 0x2
core   0: 3 0x8000b2fc (0x00002f17) x30 0x8000d2fc
core   0: 0x8000b300 (0xd03f2223) sw      gp, -764(t5)
core   0: 3 0x8000b300 (0xd03f2223) mem 0x8000d000 0x00000001
core   0: 0x8000b304 (0xff9ff06f) j       pc - 0x8
core   0: 3 0x8000b304 (0xff9ff06f)
core   0: 0x8000b2fc (0x00002f17) auipc   t5, 0x2
core   0: 3 0x8000b2fc (0x00002f17) x30 0x8000d2fc
core   0: 0x8000b300 (0xd03f2223) sw      gp, -764(t5)
core   0: 3 0x8000b300 (0xd03f2223) mem 0x8000d000 0x00000001
core   0: 0x8000b304 (0xff9ff06f) j       pc - 0x8
core   0: 3 0x8000b304 (0xff9ff06f)
core   0: 0x8000b2fc (0x00002f17) auipc   t5, 0x2
core   0: 3 0x8000b2fc (0x00002f17) x30 0x8000d2fc
core   0: 0x8000b300 (0xd03f2223) sw      gp, -764(t5)
core   0: 3 0x8000b300 (0xd03f2223) mem 0x8000d000 0x00000001
core   0: 0x8000b304 (0xff9ff06f) j       pc - 0x8
core   0: 3 0x8000b304 (0xff9ff06f)
core   0: 0x8000b2fc (0x00002f17) auipc   t5, 0x2
core   0: 3 0x8000b2fc (0x00002f17) x30 0x8000d2fc
core   0: 0x8000b300 (0xd03f2223) sw      gp, -764(t5)
core   0: 3 0x8000b300 (0xd03f2223) mem 0x8000d000 0x00000001
core   0: 0x8000b304 (0xff9ff06f) j       pc - 0x8
core   0: 3 0x8000b304 (0xff9ff06f)
core   0: 0x8000b2fc (0x00002f17) auipc   t5, 0x2
core   0: 3 0x8000b2fc (0x00002f17) x30 0x8000d2fc
core   0: 0x8000b300 (0xd03f2223) sw      gp, -764(t5)
core   0: 3 0x8000b300 (0xd03f2223) mem 0x8000d000 0x00000001
core   0: 0x8000b304 (0xff9ff06f) j       pc - 0x8
core   0: 3 0x8000b304 (0xff9ff06f)
core   0: 0x8000b2fc (0x00002f17) auipc   t5, 0x2
core   0: 3 0x8000b2fc (0x00002f17) x30 0x8000d2fc
core   0: 0x8000b300 (0xd03f2223) sw      gp, -764(t5)
core   0: 3 0x8000b300 (0xd03f2223) mem 0x8000d000 0x00000001
core   0: 0x8000b304 (0xff9ff06f) j       pc - 0x8
core   0: 3 0x8000b304 (0xff9ff06f)
core   0: 0x8000b2fc (0x00002f17) auipc   t5, 0x2
core   0: 3 0x8000b2fc (0x00002f17) x30 0x8000d2fc
core   0: 0x8000b300 (0xd03f2223) sw      gp, -764(t5)
core   0: 3 0x8000b300 (0xd03f2223) mem 0x8000d000 0x00000001
core   0: 0x8000b304 (0xff9ff06f) j       pc - 0x8
core   0: 3 0x8000b304 (0xff9ff06f)
core   0: 0x8000b2fc (0x00002f17) auipc   t5, 0x2
core   0: 3 0x8000b2fc (0x00002f17) x30 0x8000d2fc
core   0: 0x8000b300 (0xd03f2223) sw      gp, -764(t5)
core   0: 3 0x8000b300 (0xd03f2223) mem 0x8000d000 0x00000001
core   0: 0x8000b304 (0xff9ff06f) j       pc - 0x8
core   0: 3 0x8000b304 (0xff9ff06f)
core   0: 0x8000b2fc (0x00002f17) auipc   t5, 0x2
core   0: 3 0x8000b2fc (0x00002f17) x30 0x8000d2fc
core   0: 0x8000b300 (0xd03f2223) sw      gp, -764(t5)
core   0: 3 0x8000b300 (0xd03f2223) mem 0x8000d000 0x00000001
core   0: 0x8000b304 (0xff9ff06f) j       pc - 0x8
core   0: 3 0x8000b304 (0xff9ff06f)
core   0: 0x8000b2fc (0x00002f17) auipc   t5, 0x2
core   0: 3 0x8000b2fc (0x00002f17) x30 0x8000d2fc
core   0: 0x8000b300 (0xd03f2223) sw      gp, -764(t5)
core   0: 3 0x8000b300 (0xd03f2223) mem 0x8000d000 0x00000001
core   0: 0x8000b304 (0xff9ff06f) j       pc - 0x8
core   0: 3 0x8000b304 (0xff9ff06f)
core   0: 0x8000b2fc (0x00002f17) auipc   t5, 0x2
core   0: 3 0x8000b2fc (0x00002f17) x30 0x8000d2fc
core   0: 0x8000b300 (0xd03f2223) sw      gp, -764(t5)
core   0: 3 0x8000b300 (0xd03f2223) mem 0x8000d000 0x00000001
core   0: 0x8000b304 (0xff9ff06f) j       pc - 0x8
core   0: 3 0x8000b304 (0xff9ff06f)
core   0: 0x8000b2fc (0x00002f17) auipc   t5, 0x2
core   0: 3 0x8000b2fc (0x00002f17) x30 0x8000d2fc
core   0: 0x8000b300 (0xd03f2223) sw      gp, -764(t5)
core   0: 3 0x8000b300 (0xd03f2223) mem 0x8000d000 0x00000001
core   0: 0x8000b304 (0xff9ff06f) j       pc - 0x8
core   0: 3 0x8000b304 (0xff9ff06f)
core   0: 0x8000b2fc (0x00002f17) auipc   t5, 0x2
core   0: 3 0x8000b2fc (0x00002f17) x30 0x8000d2fc
core   0: 0x8000b300 (0xd03f2223) sw      gp, -764(t5)
core   0: 3 0x8000b300 (0xd03f2223) mem 0x8000d000 0x00000001
core   0: 0x8000b304 (0xff9ff06f) j       pc - 0x8
core   0: 3 0x8000b304 (0xff9ff06f)
core   0: 0x8000b2fc (0x00002f17) auipc   t5, 0x2
core   0: 3 0x8000b2fc (0x00002f17) x30 0x8000d2fc
core   0: 0x8000b300 (0xd03f2223) sw      gp, -764(t5)
core   0: 3 0x8000b300 (0xd03f2223) mem 0x8000d000 0x00000001
core   0: 0x8000b304 (0xff9ff06f) j       pc - 0x8
core   0: 3 0x8000b304 (0xff9ff06f)
core   0: 0x8000b2fc (0x00002f17) auipc   t5, 0x2
core   0: 3 0x8000b2fc (0x00002f17) x30 0x8000d2fc
core   0: 0x8000b300 (0xd03f2223) sw      gp, -764(t5)
core   0: 3 0x8000b300 (0xd03f2223) mem 0x8000d000 0x00000001
core   0: 0x8000b304 (0xff9ff06f) j       pc - 0x8
core   0: 3 0x8000b304 (0xff9ff06f)
core   0: 0x8000b2fc (0x00002f17) auipc   t5, 0x2
core   0: 3 0x8000b2fc (0x00002f17) x30 0x8000d2fc
core   0: 0x8000b300 (0xd03f2223) sw      gp, -764(t5)
core   0: 3 0x8000b300 (0xd03f2223) mem 0x8000d000 0x00000001
core   0: 0x8000b304 (0xff9ff06f) j       pc - 0x8
core   0: 3 0x8000b304 (0xff9ff06f)
core   0: 0x8000b2fc (0x00002f17) auipc   t5, 0x2
core   0: 3 0x8000b2fc (0x00002f17) x30 0x8000d2fc
core   0: 0x8000b300 (0xd03f2223) sw      gp, -764(t5)
core   0: 3 0x8000b300 (0xd03f2223) mem 0x8000d000 0x00000001
core   0: 0x8000b304 (0xff9ff06f) j       pc - 0x8
core   0: 3 0x8000b304 (0xff9ff06f)
core   0: 0x8000b2fc (0x00002f17) auipc   t5, 0x2
core   0: 3 0x8000b2fc (0x00002f17) x30 0x8000d2fc
core   0: 0x8000b300 (0xd03f2223) sw      gp, -764(t5)
core   0: 3 0x8000b300 (0xd03f2223) mem 0x8000d000 0x00000001
core   0: 0x8000b304 (0xff9ff06f) j       pc - 0x8
core   0: 3 0x8000b304 (0xff9ff06f)
core   0: 0x8000b2fc (0x00002f17) auipc   t5, 0x2
core   0: 3 0x8000b2fc (0x00002f17) x30 0x8000d2fc
core   0: 0x8000b300 (0xd03f2223) sw      gp, -764(t5)
core   0: 3 0x8000b300 (0xd03f2223) mem 0x8000d000 0x00000001
core   0: 0x8000b304 (0xff9ff06f) j       pc - 0x8
core   0: 3 0x8000b304 (0xff9ff06f)
core   0: 0x8000b2fc (0x00002f17) auipc   t5, 0x2
core   0: 3 0x8000b2fc (0x00002f17) x30 0x8000d2fc
core   0: 0x8000b300 (0xd03f2223) sw      gp, -764(t5)
core   0: 3 0x8000b300 (0xd03f2223) mem 0x8000d000 0x00000001
core   0: 0x8000b304 (0xff9ff06f) j       pc - 0x8
core   0: 3 0x8000b304 (0xff9ff06f)
core   0: 0x8000b2fc (0x00002f17) auipc   t5, 0x2
core   0: 3 0x8000b2fc (0x00002f17) x30 0x8000d2fc
core   0: 0x8000b300 (0xd03f2223) sw      gp, -764(t5)
core   0: 3 0x8000b300 (0xd03f2223) mem 0x8000d000 0x00000001
core   0: 0x8000b304 (0xff9ff06f) j       pc - 0x8
core   0: 3 0x8000b304 (0xff9ff06f)
core   0: 0x8000b2fc (0x00002f17) auipc   t5, 0x2
core   0: 3 0x8000b2fc (0x00002f17) x30 0x8000d2fc
core   0: 0x8000b300 (0xd03f2223) sw      gp, -764(t5)
core   0: 3 0x8000b300 (0xd03f2223) mem 0x8000d000 0x00000001
core   0: 0x8000b304 (0xff9ff06f) j       pc - 0x8
core   0: 3 0x8000b304 (0xff9ff06f)
core   0: 0x8000b2fc (0x00002f17) auipc   t5, 0x2
core   0: 3 0x8000b2fc (0x00002f17) x30 0x8000d2fc
core   0: 0x8000b300 (0xd03f2223) sw      gp, -764(t5)
core   0: 3 0x8000b300 (0xd03f2223) mem 0x8000d000 0x00000001
core   0: 0x8000b304 (0xff9ff06f) j       pc - 0x8
core   0: 3 0x8000b304 (0xff9ff06f)
core   0: 0x8000b2fc (0x00002f17) auipc   t5, 0x2
core   0: 3 0x8000b2fc (0x00002f17) x30 0x8000d2fc
core   0: 0x8000b300 (0xd03f2223) sw      gp, -764(t5)
core   0: 3 0x8000b300 (0xd03f2223) mem 0x8000d000 0x00000001
core   0: 0x8000b304 (0xff9ff06f) j       pc - 0x8
core   0: 3 0x8000b304 (0xff9ff06f)
core   0: 0x8000b2fc (0x00002f17) auipc   t5, 0x2
core   0: 3 0x8000b2fc (0x00002f17) x30 0x8000d2fc
core   0: 0x8000b300 (0xd03f2223) sw      gp, -764(t5)
core   0: 3 0x8000b300 (0xd03f2223) mem 0x8000d000 0x00000001
core   0: 0x8000b304 (0xff9ff06f) j       pc - 0x8
core   0: 3 0x8000b304 (0xff9ff06f)
core   0: 0x8000b2fc (0x00002f17) auipc   t5, 0x2
core   0: 3 0x8000b2fc (0x00002f17) x30 0x8000d2fc
core   0: 0x8000b300 (0xd03f2223) sw      gp, -764(t5)
core   0: 3 0x8000b300 (0xd03f2223) mem 0x8000d000 0x00000001
core   0: 0x8000b304 (0xff9ff06f) j       pc - 0x8
core   0: 3 0x8000b304 (0xff9ff06f)
core   0: 0x8000b2fc (0x00002f17) auipc   t5, 0x2
core   0: 3 0x8000b2fc (0x00002f17) x30 0x8000d2fc
core   0: 0x8000b300 (0xd03f2223) sw      gp, -764(t5)
core   0: 3 0x8000b300 (0xd03f2223) mem 0x8000d000 0x00000001
core   0: 0x8000b304 (0xff9ff06f) j       pc - 0x8
core   0: 3 0x8000b304 (0xff9ff06f)
core   0: 0x8000b2fc (0x00002f17) auipc   t5, 0x2
core   0: 3 0x8000b2fc (0x00002f17) x30 0x8000d2fc
core   0: 0x8000b300 (0xd03f2223) sw      gp, -764(t5)
core   0: 3 0x8000b300 (0xd03f2223) mem 0x8000d000 0x00000001
core   0: 0x8000b304 (0xff9ff06f) j       pc - 0x8
core   0: 3 0x8000b304 (0xff9ff06f)
core   0: 0x8000b2fc (0x00002f17) auipc   t5, 0x2
core   0: 3 0x8000b2fc (0x00002f17) x30 0x8000d2fc
core   0: 0x8000b300 (0xd03f2223) sw      gp, -764(t5)
core   0: 3 0x8000b300 (0xd03f2223) mem 0x8000d000 0x00000001
core   0: 0x8000b304 (0xff9ff06f) j       pc - 0x8
core   0: 3 0x8000b304 (0xff9ff06f)
core   0: 0x8000b2fc (0x00002f17) auipc   t5, 0x2
core   0: 3 0x8000b2fc (0x00002f17) x30 0x8000d2fc
core   0: 0x8000b300 (0xd03f2223) sw      gp, -764(t5)
core   0: 3 0x8000b300 (0xd03f2223) mem 0x8000d000 0x00000001
core   0: 0x8000b304 (0xff9ff06f) j       pc - 0x8
core   0: 3 0x8000b304 (0xff9ff06f)
core   0: 0x8000b2fc (0x00002f17) auipc   t5, 0x2
core   0: 3 0x8000b2fc (0x00002f17) x30 0x8000d2fc
core   0: 0x8000b300 (0xd03f2223) sw      gp, -764(t5)
core   0: 3 0x8000b300 (0xd03f2223) mem 0x8000d000 0x00000001
core   0: 0x8000b304 (0xff9ff06f) j       pc - 0x8
core   0: 3 0x8000b304 (0xff9ff06f)
core   0: 0x8000b2fc (0x00002f17) auipc   t5, 0x2
core   0: 3 0x8000b2fc (0x00002f17) x30 0x8000d2fc
core   0: 0x8000b300 (0xd03f2223) sw      gp, -764(t5)
core   0: 3 0x8000b300 (0xd03f2223) mem 0x8000d000 0x00000001
core   0: 0x8000b304 (0xff9ff06f) j       pc - 0x8
core   0: 3 0x8000b304 (0xff9ff06f)
core   0: 0x8000b2fc (0x00002f17) auipc   t5, 0x2
core   0: 3 0x8000b2fc (0x00002f17) x30 0x8000d2fc
core   0: 0x8000b300 (0xd03f2223) sw      gp, -764(t5)
core   0: 3 0x8000b300 (0xd03f2223) mem 0x8000d000 0x00000001
core   0: 0x8000b304 (0xff9ff06f) j       pc - 0x8
core   0: 3 0x8000b304 (0xff9ff06f)
core   0: 0x8000b2fc (0x00002f17) auipc   t5, 0x2
core   0: 3 0x8000b2fc (0x00002f17) x30 0x8000d2fc
core   0: 0x8000b300 (0xd03f2223) sw      gp, -764(t5)
core   0: 3 0x8000b300 (0xd03f2223) mem 0x8000d000 0x00000001
core   0: 0x8000b304 (0xff9ff06f) j       pc - 0x8
core   0: 3 0x8000b304 (0xff9ff06f)
core   0: 0x8000b2fc (0x00002f17) auipc   t5, 0x2
core   0: 3 0x8000b2fc (0x00002f17) x30 0x8000d2fc
core   0: 0x8000b300 (0xd03f2223) sw      gp, -764(t5)
core   0: 3 0x8000b300 (0xd03f2223) mem 0x8000d000 0x00000001
core   0: 0x8000b304 (0xff9ff06f) j       pc - 0x8
core   0: 3 0x8000b304 (0xff9ff06f)
core   0: 0x8000b2fc (0x00002f17) auipc   t5, 0x2
core   0: 3 0x8000b2fc (0x00002f17) x30 0x8000d2fc
core   0: 0x8000b300 (0xd03f2223) sw      gp, -764(t5)
core   0: 3 0x8000b300 (0xd03f2223) mem 0x8000d000 0x00000001
core   0: 0x8000b304 (0xff9ff06f) j       pc - 0x8
core   0: 3 0x8000b304 (0xff9ff06f)
core   0: 0x8000b2fc (0x00002f17) auipc   t5, 0x2
core   0: 3 0x8000b2fc (0x00002f17) x30 0x8000d2fc
core   0: 0x8000b300 (0xd03f2223) sw      gp, -764(t5)
core   0: 3 0x8000b300 (0xd03f2223) mem 0x8000d000 0x00000001
core   0: 0x8000b304 (0xff9ff06f) j       pc - 0x8
core   0: 3 0x8000b304 (0xff9ff06f)
core   0: 0x8000b2fc (0x00002f17) auipc   t5, 0x2
core   0: 3 0x8000b2fc (0x00002f17) x30 0x8000d2fc
core   0: 0x8000b300 (0xd03f2223) sw      gp, -764(t5)
core   0: 3 0x8000b300 (0xd03f2223) mem 0x8000d000 0x00000001
core   0: 0x8000b304 (0xff9ff06f) j       pc - 0x8
core   0: 3 0x8000b304 (0xff9ff06f)
core   0: 0x8000b2fc (0x00002f17) auipc   t5, 0x2
core   0: 3 0x8000b2fc (0x00002f17) x30 0x8000d2fc
core   0: 0x8000b300 (0xd03f2223) sw      gp, -764(t5)
core   0: 3 0x8000b300 (0xd03f2223) mem 0x8000d000 0x00000001
core   0: 0x8000b304 (0xff9ff06f) j       pc - 0x8
core   0: 3 0x8000b304 (0xff9ff06f)
core   0: 0x8000b2fc (0x00002f17) auipc   t5, 0x2
core   0: 3 0x8000b2fc (0x00002f17) x30 0x8000d2fc
core   0: 0x8000b300 (0xd03f2223) sw      gp, -764(t5)
core   0: 3 0x8000b300 (0xd03f2223) mem 0x8000d000 0x00000001
core   0: 0x8000b304 (0xff9ff06f) j       pc - 0x8
core   0: 3 0x8000b304 (0xff9ff06f)
core   0: 0x8000b2fc (0x00002f17) auipc   t5, 0x2
core   0: 3 0x8000b2fc (0x00002f17) x30 0x8000d2fc
core   0: 0x8000b300 (0xd03f2223) sw      gp, -764(t5)
core   0: 3 0x8000b300 (0xd03f2223) mem 0x8000d000 0x00000001
core   0: 0x8000b304 (0xff9ff06f) j       pc - 0x8
core   0: 3 0x8000b304 (0xff9ff06f)
core   0: 0x8000b2fc (0x00002f17) auipc   t5, 0x2
core   0: 3 0x8000b2fc (0x00002f17) x30 0x8000d2fc
core   0: 0x8000b300 (0xd03f2223) sw      gp, -764(t5)
core   0: 3 0x8000b300 (0xd03f2223) mem 0x8000d000 0x00000001
core   0: 0x8000b304 (0xff9ff06f) j       pc - 0x8
core   0: 3 0x8000b304 (0xff9ff06f)
core   0: 0x8000b2fc (0x00002f17) auipc   t5, 0x2
core   0: 3 0x8000b2fc (0x00002f17) x30 0x8000d2fc
core   0: 0x8000b300 (0xd03f2223) sw      gp, -764(t5)
core   0: 3 0x8000b300 (0xd03f2223) mem 0x8000d000 0x00000001
core   0: 0x8000b304 (0xff9ff06f) j       pc - 0x8
core   0: 3 0x8000b304 (0xff9ff06f)
core   0: 0x8000b2fc (0x00002f17) auipc   t5, 0x2
core   0: 3 0x8000b2fc (0x00002f17) x30 0x8000d2fc
core   0: 0x8000b300 (0xd03f2223) sw      gp, -764(t5)
core   0: 3 0x8000b300 (0xd03f2223) mem 0x8000d000 0x00000001
core   0: 0x8000b304 (0xff9ff06f) j       pc - 0x8
core   0: 3 0x8000b304 (0xff9ff06f)
core   0: 0x8000b2fc (0x00002f17) auipc   t5, 0x2
core   0: 3 0x8000b2fc (0x00002f17) x30 0x8000d2fc
core   0: 0x8000b300 (0xd03f2223) sw      gp, -764(t5)
core   0: 3 0x8000b300 (0xd03f2223) mem 0x8000d000 0x00000001
core   0: 0x8000b304 (0xff9ff06f) j       pc - 0x8
core   0: 3 0x8000b304 (0xff9ff06f)
core   0: 0x8000b2fc (0x00002f17) auipc   t5, 0x2
core   0: 3 0x8000b2fc (0x00002f17) x30 0x8000d2fc
core   0: 0x8000b300 (0xd03f2223) sw      gp, -764(t5)
core   0: 3 0x8000b300 (0xd03f2223) mem 0x8000d000 0x00000001
core   0: 0x8000b304 (0xff9ff06f) j       pc - 0x8
core   0: 3 0x8000b304 (0xff9ff06f)
core   0: 0x8000b2fc (0x00002f17) auipc   t5, 0x2
core   0: 3 0x8000b2fc (0x00002f17) x30 0x8000d2fc
core   0: 0x8000b300 (0xd03f2223) sw      gp, -764(t5)
core   0: 3 0x8000b300 (0xd03f2223) mem 0x8000d000 0x00000001
core   0: 0x8000b304 (0xff9ff06f) j       pc - 0x8
core   0: 3 0x8000b304 (0xff9ff06f)
core   0: 0x8000b2fc (0x00002f17) auipc   t5, 0x2
core   0: 3 0x8000b2fc (0x00002f17) x30 0x8000d2fc
core   0: 0x8000b300 (0xd03f2223) sw      gp, -764(t5)
core   0: 3 0x8000b300 (0xd03f2223) mem 0x8000d000 0x00000001
core   0: 0x8000b304 (0xff9ff06f) j       pc - 0x8
core   0: 3 0x8000b304 (0xff9ff06f)
core   0: 0x8000b2fc (0x00002f17) auipc   t5, 0x2
core   0: 3 0x8000b2fc (0x00002f17) x30 0x8000d2fc
core   0: 0x8000b300 (0xd03f2223) sw      gp, -764(t5)
core   0: 3 0x8000b300 (0xd03f2223) mem 0x8000d000 0x00000001
core   0: 0x8000b304 (0xff9ff06f) j       pc - 0x8
core   0: 3 0x8000b304 (0xff9ff06f)
core   0: 0x8000b2fc (0x00002f17) auipc   t5, 0x2
core   0: 3 0x8000b2fc (0x00002f17) x30 0x8000d2fc
core   0: 0x8000b300 (0xd03f2223) sw      gp, -764(t5)
core   0: 3 0x8000b300 (0xd03f2223) mem 0x8000d000 0x00000001
core   0: 0x8000b304 (0xff9ff06f) j       pc - 0x8
core   0: 3 0x8000b304 (0xff9ff06f)
core   0: 0x8000b2fc (0x00002f17) auipc   t5, 0x2
core   0: 3 0x8000b2fc (0x00002f17) x30 0x8000d2fc
core   0: 0x8000b300 (0xd03f2223) sw      gp, -764(t5)
core   0: 3 0x8000b300 (0xd03f2223) mem 0x8000d000 0x00000001
core   0: 0x8000b304 (0xff9ff06f) j       pc - 0x8
core   0: 3 0x8000b304 (0xff9ff06f)
core   0: 0x8000b2fc (0x00002f17) auipc   t5, 0x2
core   0: 3 0x8000b2fc (0x00002f17) x30 0x8000d2fc
core   0: 0x8000b300 (0xd03f2223) sw      gp, -764(t5)
core   0: 3 0x8000b300 (0xd03f2223) mem 0x8000d000 0x00000001
core   0: 0x8000b304 (0xff9ff06f) j       pc - 0x8
core   0: 3 0x8000b304 (0xff9ff06f)
core   0: 0x8000b2fc (0x00002f17) auipc   t5, 0x2
core   0: 3 0x8000b2fc (0x00002f17) x30 0x8000d2fc
core   0: 0x8000b300 (0xd03f2223) sw      gp, -764(t5)
core   0: 3 0x8000b300 (0xd03f2223) mem 0x8000d000 0x00000001
core   0: 0x8000b304 (0xff9ff06f) j       pc - 0x8
core   0: 3 0x8000b304 (0xff9ff06f)
core   0: 0x8000b2fc (0x00002f17) auipc   t5, 0x2
core   0: 3 0x8000b2fc (0x00002f17) x30 0x8000d2fc
core   0: 0x8000b300 (0xd03f2223) sw      gp, -764(t5)
core   0: 3 0x8000b300 (0xd03f2223) mem 0x8000d000 0x00000001
core   0: 0x8000b304 (0xff9ff06f) j       pc - 0x8
core   0: 3 0x8000b304 (0xff9ff06f)
core   0: 0x8000b2fc (0x00002f17) auipc   t5, 0x2
core   0: 3 0x8000b2fc (0x00002f17) x30 0x8000d2fc
core   0: 0x8000b300 (0xd03f2223) sw      gp, -764(t5)
core   0: 3 0x8000b300 (0xd03f2223) mem 0x8000d000 0x00000001
core   0: 0x8000b304 (0xff9ff06f) j       pc - 0x8
core   0: 3 0x8000b304 (0xff9ff06f)
core   0: 0x8000b2fc (0x00002f17) auipc   t5, 0x2
core   0: 3 0x8000b2fc (0x00002f17) x30 0x8000d2fc
core   0: 0x8000b300 (0xd03f2223) sw      gp, -764(t5)
core   0: 3 0x8000b300 (0xd03f2223) mem 0x8000d000 0x00000001
core   0: 0x8000b304 (0xff9ff06f) j       pc - 0x8
core   0: 3 0x8000b304 (0xff9ff06f)
core   0: 0x8000b2fc (0x00002f17) auipc   t5, 0x2
core   0: 3 0x8000b2fc (0x00002f17) x30 0x8000d2fc
core   0: 0x8000b300 (0xd03f2223) sw      gp, -764(t5)
core   0: 3 0x8000b300 (0xd03f2223) mem 0x8000d000 0x00000001
core   0: 0x8000b304 (0xff9ff06f) j       pc - 0x8
core   0: 3 0x8000b304 (0xff9ff06f)
core   0: 0x8000b2fc (0x00002f17) auipc   t5, 0x2
core   0: 3 0x8000b2fc (0x00002f17) x30 0x8000d2fc
core   0: 0x8000b300 (0xd03f2223) sw      gp, -764(t5)
core   0: 3 0x8000b300 (0xd03f2223) mem 0x8000d000 0x00000001
core   0: 0x8000b304 (0xff9ff06f) j       pc - 0x8
core   0: 3 0x8000b304 (0xff9ff06f)
core   0: 0x8000b2fc (0x00002f17) auipc   t5, 0x2
core   0: 3 0x8000b2fc (0x00002f17) x30 0x8000d2fc
core   0: 0x8000b300 (0xd03f2223) sw      gp, -764(t5)
core   0: 3 0x8000b300 (0xd03f2223) mem 0x8000d000 0x00000001
core   0: 0x8000b304 (0xff9ff06f) j       pc - 0x8
core   0: 3 0x8000b304 (0xff9ff06f)
core   0: 0x8000b2fc (0x00002f17) auipc   t5, 0x2
core   0: 3 0x8000b2fc (0x00002f17) x30 0x8000d2fc
core   0: 0x8000b300 (0xd03f2223) sw      gp, -764(t5)
core   0: 3 0x8000b300 (0xd03f2223) mem 0x8000d000 0x00000001
core   0: 0x8000b304 (0xff9ff06f) j       pc - 0x8
core   0: 3 0x8000b304 (0xff9ff06f)
core   0: 0x8000b2fc (0x00002f17) auipc   t5, 0x2
core   0: 3 0x8000b2fc (0x00002f17) x30 0x8000d2fc
core   0: 0x8000b300 (0xd03f2223) sw      gp, -764(t5)
core   0: 3 0x8000b300 (0xd03f2223) mem 0x8000d000 0x00000001
core   0: 0x8000b304 (0xff9ff06f) j       pc - 0x8
core   0: 3 0x8000b304 (0xff9ff06f)
core   0: 0x8000b2fc (0x00002f17) auipc   t5, 0x2
core   0: 3 0x8000b2fc (0x00002f17) x30 0x8000d2fc
core   0: 0x8000b300 (0xd03f2223) sw      gp, -764(t5)
core   0: 3 0x8000b300 (0xd03f2223) mem 0x8000d000 0x00000001
core   0: 0x8000b304 (0xff9ff06f) j       pc - 0x8
core   0: 3 0x8000b304 (0xff9ff06f)
core   0: 0x8000b2fc (0x00002f17) auipc   t5, 0x2
core   0: 3 0x8000b2fc (0x00002f17) x30 0x8000d2fc
core   0: 0x8000b300 (0xd03f2223) sw      gp, -764(t5)
core   0: 3 0x8000b300 (0xd03f2223) mem 0x8000d000 0x00000001
core   0: 0x8000b304 (0xff9ff06f) j       pc - 0x8
core   0: 3 0x8000b304 (0xff9ff06f)
core   0: 0x8000b2fc (0x00002f17) auipc   t5, 0x2
core   0: 3 0x8000b2fc (0x00002f17) x30 0x8000d2fc
core   0: 0x8000b300 (0xd03f2223) sw      gp, -764(t5)
core   0: 3 0x8000b300 (0xd03f2223) mem 0x8000d000 0x00000001
core   0: 0x8000b304 (0xff9ff06f) j       pc - 0x8
core   0: 3 0x8000b304 (0xff9ff06f)
core   0: 0x8000b2fc (0x00002f17) auipc   t5, 0x2
core   0: 3 0x8000b2fc (0x00002f17) x30 0x8000d2fc
core   0: 0x8000b300 (0xd03f2223) sw      gp, -764(t5)
core   0: 3 0x8000b300 (0xd03f2223) mem 0x8000d000 0x00000001
core   0: 0x8000b304 (0xff9ff06f) j       pc - 0x8
core   0: 3 0x8000b304 (0xff9ff06f)
core   0: 0x8000b2fc (0x00002f17) auipc   t5, 0x2
core   0: 3 0x8000b2fc (0x00002f17) x30 0x8000d2fc
core   0: 0x8000b300 (0xd03f2223) sw      gp, -764(t5)
core   0: 3 0x8000b300 (0xd03f2223) mem 0x8000d000 0x00000001
core   0: 0x8000b304 (0xff9ff06f) j       pc - 0x8
core   0: 3 0x8000b304 (0xff9ff06f)
core   0: 0x8000b2fc (0x00002f17) auipc   t5, 0x2
core   0: 3 0x8000b2fc (0x00002f17) x30 0x8000d2fc
core   0: 0x8000b300 (0xd03f2223) sw      gp, -764(t5)
core   0: 3 0x8000b300 (0xd03f2223) mem 0x8000d000 0x00000001
core   0: 0x8000b304 (0xff9ff06f) j       pc - 0x8
core   0: 3 0x8000b304 (0xff9ff06f)
core   0: 0x8000b2fc (0x00002f17) auipc   t5, 0x2
core   0: 3 0x8000b2fc (0x00002f17) x30 0x8000d2fc
core   0: 0x8000b300 (0xd03f2223) sw      gp, -764(t5)
core   0: 3 0x8000b300 (0xd03f2223) mem 0x8000d000 0x00000001
core   0: 0x8000b304 (0xff9ff06f) j       pc - 0x8
core   0: 3 0x8000b304 (0xff9ff06f)
core   0: 0x8000b2fc (0x00002f17) auipc   t5, 0x2
core   0: 3 0x8000b2fc (0x00002f17) x30 0x8000d2fc
core   0: 0x8000b300 (0xd03f2223) sw      gp, -764(t5)
core   0: 3 0x8000b300 (0xd03f2223) mem 0x8000d000 0x00000001
core   0: 0x8000b304 (0xff9ff06f) j       pc - 0x8
core   0: 3 0x8000b304 (0xff9ff06f)
core   0: 0x8000b2fc (0x00002f17) auipc   t5, 0x2
core   0: 3 0x8000b2fc (0x00002f17) x30 0x8000d2fc
core   0: 0x8000b300 (0xd03f2223) sw      gp, -764(t5)
core   0: 3 0x8000b300 (0xd03f2223) mem 0x8000d000 0x00000001
core   0: 0x8000b304 (0xff9ff06f) j       pc - 0x8
core   0: 3 0x8000b304 (0xff9ff06f)
core   0: 0x8000b2fc (0x00002f17) auipc   t5, 0x2
core   0: 3 0x8000b2fc (0x00002f17) x30 0x8000d2fc
core   0: 0x8000b300 (0xd03f2223) sw      gp, -764(t5)
core   0: 3 0x8000b300 (0xd03f2223) mem 0x8000d000 0x00000001
core   0: 0x8000b304 (0xff9ff06f) j       pc - 0x8
core   0: 3 0x8000b304 (0xff9ff06f)
core   0: 0x8000b2fc (0x00002f17) auipc   t5, 0x2
core   0: 3 0x8000b2fc (0x00002f17) x30 0x8000d2fc
core   0: 0x8000b300 (0xd03f2223) sw      gp, -764(t5)
core   0: 3 0x8000b300 (0xd03f2223) mem 0x8000d000 0x00000001
core   0: 0x8000b304 (0xff9ff06f) j       pc - 0x8
core   0: 3 0x8000b304 (0xff9ff06f)
core   0: 0x8000b2fc (0x00002f17) auipc   t5, 0x2
core   0: 3 0x8000b2fc (0x00002f17) x30 0x8000d2fc
core   0: 0x8000b300 (0xd03f2223) sw      gp, -764(t5)
core   0: 3 0x8000b300 (0xd03f2223) mem 0x8000d000 0x00000001
core   0: 0x8000b304 (0xff9ff06f) j       pc - 0x8
core   0: 3 0x8000b304 (0xff9ff06f)
core   0: 0x8000b2fc (0x00002f17) auipc   t5, 0x2
core   0: 3 0x8000b2fc (0x00002f17) x30 0x8000d2fc
core   0: 0x8000b300 (0xd03f2223) sw      gp, -764(t5)
core   0: 3 0x8000b300 (0xd03f2223) mem 0x8000d000 0x00000001
core   0: 0x8000b304 (0xff9ff06f) j       pc - 0x8
core   0: 3 0x8000b304 (0xff9ff06f)
core   0: 0x8000b2fc (0x00002f17) auipc   t5, 0x2
core   0: 3 0x8000b2fc (0x00002f17) x30 0x8000d2fc
core   0: 0x8000b300 (0xd03f2223) sw      gp, -764(t5)
core   0: 3 0x8000b300 (0xd03f2223) mem 0x8000d000 0x00000001
core   0: 0x8000b304 (0xff9ff06f) j       pc - 0x8
core   0: 3 0x8000b304 (0xff9ff06f)
core   0: 0x8000b2fc (0x00002f17) auipc   t5, 0x2
core   0: 3 0x8000b2fc (0x00002f17) x30 0x8000d2fc
core   0: 0x8000b300 (0xd03f2223) sw      gp, -764(t5)
core   0: 3 0x8000b300 (0xd03f2223) mem 0x8000d000 0x00000001
core   0: 0x8000b304 (0xff9ff06f) j       pc - 0x8
core   0: 3 0x8000b304 (0xff9ff06f)
core   0: 0x8000b2fc (0x00002f17) auipc   t5, 0x2
core   0: 3 0x8000b2fc (0x00002f17) x30 0x8000d2fc
core   0: 0x8000b300 (0xd03f2223) sw      gp, -764(t5)
core   0: 3 0x8000b300 (0xd03f2223) mem 0x8000d000 0x00000001
core   0: 0x8000b304 (0xff9ff06f) j       pc - 0x8
core   0: 3 0x8000b304 (0xff9ff06f)
core   0: 0x8000b2fc (0x00002f17) auipc   t5, 0x2
core   0: 3 0x8000b2fc (0x00002f17) x30 0x8000d2fc
core   0: 0x8000b300 (0xd03f2223) sw      gp, -764(t5)
core   0: 3 0x8000b300 (0xd03f2223) mem 0x8000d000 0x00000001
core   0: 0x8000b304 (0xff9ff06f) j       pc - 0x8
core   0: 3 0x8000b304 (0xff9ff06f)
core   0: 0x8000b2fc (0x00002f17) auipc   t5, 0x2
core   0: 3 0x8000b2fc (0x00002f17) x30 0x8000d2fc
core   0: 0x8000b300 (0xd03f2223) sw      gp, -764(t5)
core   0: 3 0x8000b300 (0xd03f2223) mem 0x8000d000 0x00000001
core   0: 0x8000b304 (0xff9ff06f) j       pc - 0x8
core   0: 3 0x8000b304 (0xff9ff06f)
core   0: 0x8000b2fc (0x00002f17) auipc   t5, 0x2
core   0: 3 0x8000b2fc (0x00002f17) x30 0x8000d2fc
core   0: 0x8000b300 (0xd03f2223) sw      gp, -764(t5)
core   0: 3 0x8000b300 (0xd03f2223) mem 0x8000d000 0x00000001
core   0: 0x8000b304 (0xff9ff06f) j       pc - 0x8
core   0: 3 0x8000b304 (0xff9ff06f)
core   0: 0x8000b2fc (0x00002f17) auipc   t5, 0x2
core   0: 3 0x8000b2fc (0x00002f17) x30 0x8000d2fc
core   0: 0x8000b300 (0xd03f2223) sw      gp, -764(t5)
core   0: 3 0x8000b300 (0xd03f2223) mem 0x8000d000 0x00000001
core   0: 0x8000b304 (0xff9ff06f) j       pc - 0x8
core   0: 3 0x8000b304 (0xff9ff06f)
core   0: 0x8000b2fc (0x00002f17) auipc   t5, 0x2
core   0: 3 0x8000b2fc (0x00002f17) x30 0x8000d2fc
core   0: 0x8000b300 (0xd03f2223) sw      gp, -764(t5)
core   0: 3 0x8000b300 (0xd03f2223) mem 0x8000d000 0x00000001
core   0: 0x8000b304 (0xff9ff06f) j       pc - 0x8
core   0: 3 0x8000b304 (0xff9ff06f)
core   0: 0x8000b2fc (0x00002f17) auipc   t5, 0x2
core   0: 3 0x8000b2fc (0x00002f17) x30 0x8000d2fc
core   0: 0x8000b300 (0xd03f2223) sw      gp, -764(t5)
core   0: 3 0x8000b300 (0xd03f2223) mem 0x8000d000 0x00000001
core   0: 0x8000b304 (0xff9ff06f) j       pc - 0x8
core   0: 3 0x8000b304 (0xff9ff06f)
core   0: 0x8000b2fc (0x00002f17) auipc   t5, 0x2
core   0: 3 0x8000b2fc (0x00002f17) x30 0x8000d2fc
core   0: 0x8000b300 (0xd03f2223) sw      gp, -764(t5)
core   0: 3 0x8000b300 (0xd03f2223) mem 0x8000d000 0x00000001
core   0: 0x8000b304 (0xff9ff06f) j       pc - 0x8
core   0: 3 0x8000b304 (0xff9ff06f)
core   0: 0x8000b2fc (0x00002f17) auipc   t5, 0x2
core   0: 3 0x8000b2fc (0x00002f17) x30 0x8000d2fc
core   0: 0x8000b300 (0xd03f2223) sw      gp, -764(t5)
core   0: 3 0x8000b300 (0xd03f2223) mem 0x8000d000 0x00000001
core   0: 0x8000b304 (0xff9ff06f) j       pc - 0x8
core   0: 3 0x8000b304 (0xff9ff06f)
core   0: 0x8000b2fc (0x00002f17) auipc   t5, 0x2
core   0: 3 0x8000b2fc (0x00002f17) x30 0x8000d2fc
core   0: 0x8000b300 (0xd03f2223) sw      gp, -764(t5)
core   0: 3 0x8000b300 (0xd03f2223) mem 0x8000d000 0x00000001
core   0: 0x8000b304 (0xff9ff06f) j       pc - 0x8
core   0: 3 0x8000b304 (0xff9ff06f)
core   0: 0x8000b2fc (0x00002f17) auipc   t5, 0x2
core   0: 3 0x8000b2fc (0x00002f17) x30 0x8000d2fc
core   0: 0x8000b300 (0xd03f2223) sw      gp, -764(t5)
core   0: 3 0x8000b300 (0xd03f2223) mem 0x8000d000 0x00000001
core   0: 0x8000b304 (0xff9ff06f) j       pc - 0x8
core   0: 3 0x8000b304 (0xff9ff06f)
core   0: 0x8000b2fc (0x00002f17) auipc   t5, 0x2
core   0: 3 0x8000b2fc (0x00002f17) x30 0x8000d2fc
core   0: 0x8000b300 (0xd03f2223) sw      gp, -764(t5)
core   0: 3 0x8000b300 (0xd03f2223) mem 0x8000d000 0x00000001
core   0: 0x8000b304 (0xff9ff06f) j       pc - 0x8
core   0: 3 0x8000b304 (0xff9ff06f)
core   0: 0x8000b2fc (0x00002f17) auipc   t5, 0x2
core   0: 3 0x8000b2fc (0x00002f17) x30 0x8000d2fc
core   0: 0x8000b300 (0xd03f2223) sw      gp, -764(t5)
core   0: 3 0x8000b300 (0xd03f2223) mem 0x8000d000 0x00000001
core   0: 0x8000b304 (0xff9ff06f) j       pc - 0x8
core   0: 3 0x8000b304 (0xff9ff06f)
core   0: 0x8000b2fc (0x00002f17) auipc   t5, 0x2
core   0: 3 0x8000b2fc (0x00002f17) x30 0x8000d2fc
core   0: 0x8000b300 (0xd03f2223) sw      gp, -764(t5)
core   0: 3 0x8000b300 (0xd03f2223) mem 0x8000d000 0x00000001
core   0: 0x8000b304 (0xff9ff06f) j       pc - 0x8
core   0: 3 0x8000b304 (0xff9ff06f)
core   0: 0x8000b2fc (0x00002f17) auipc   t5, 0x2
core   0: 3 0x8000b2fc (0x00002f17) x30 0x8000d2fc
core   0: 0x8000b300 (0xd03f2223) sw      gp, -764(t5)
core   0: 3 0x8000b300 (0xd03f2223) mem 0x8000d000 0x00000001
core   0: 0x8000b304 (0xff9ff06f) j       pc - 0x8
core   0: 3 0x8000b304 (0xff9ff06f)
core   0: 0x8000b2fc (0x00002f17) auipc   t5, 0x2
core   0: 3 0x8000b2fc (0x00002f17) x30 0x8000d2fc
core   0: 0x8000b300 (0xd03f2223) sw      gp, -764(t5)
core   0: 3 0x8000b300 (0xd03f2223) mem 0x8000d000 0x00000001
core   0: 0x8000b304 (0xff9ff06f) j       pc - 0x8
core   0: 3 0x8000b304 (0xff9ff06f)
core   0: 0x8000b2fc (0x00002f17) auipc   t5, 0x2
core   0: 3 0x8000b2fc (0x00002f17) x30 0x8000d2fc
core   0: 0x8000b300 (0xd03f2223) sw      gp, -764(t5)
core   0: 3 0x8000b300 (0xd03f2223) mem 0x8000d000 0x00000001
core   0: 0x8000b304 (0xff9ff06f) j       pc - 0x8
core   0: 3 0x8000b304 (0xff9ff06f)
core   0: 0x8000b2fc (0x00002f17) auipc   t5, 0x2
core   0: 3 0x8000b2fc (0x00002f17) x30 0x8000d2fc
core   0: 0x8000b300 (0xd03f2223) sw      gp, -764(t5)
core   0: 3 0x8000b300 (0xd03f2223) mem 0x8000d000 0x00000001
core   0: 0x8000b304 (0xff9ff06f) j       pc - 0x8
core   0: 3 0x8000b304 (0xff9ff06f)
core   0: 0x8000b2fc (0x00002f17) auipc   t5, 0x2
core   0: 3 0x8000b2fc (0x00002f17) x30 0x8000d2fc
core   0: 0x8000b300 (0xd03f2223) sw      gp, -764(t5)
core   0: 3 0x8000b300 (0xd03f2223) mem 0x8000d000 0x00000001
core   0: 0x8000b304 (0xff9ff06f) j       pc - 0x8
core   0: 3 0x8000b304 (0xff9ff06f)
core   0: 0x8000b2fc (0x00002f17) auipc   t5, 0x2
core   0: 3 0x8000b2fc (0x00002f17) x30 0x8000d2fc
core   0: 0x8000b300 (0xd03f2223) sw      gp, -764(t5)
core   0: 3 0x8000b300 (0xd03f2223) mem 0x8000d000 0x00000001
core   0: 0x8000b304 (0xff9ff06f) j       pc - 0x8
core   0: 3 0x8000b304 (0xff9ff06f)
core   0: 0x8000b2fc (0x00002f17) auipc   t5, 0x2
core   0: 3 0x8000b2fc (0x00002f17) x30 0x8000d2fc
core   0: 0x8000b300 (0xd03f2223) sw      gp, -764(t5)
core   0: 3 0x8000b300 (0xd03f2223) mem 0x8000d000 0x00000001
core   0: 0x8000b304 (0xff9ff06f) j       pc - 0x8
core   0: 3 0x8000b304 (0xff9ff06f)
core   0: 0x8000b2fc (0x00002f17) auipc   t5, 0x2
core   0: 3 0x8000b2fc (0x00002f17) x30 0x8000d2fc
core   0: 0x8000b300 (0xd03f2223) sw      gp, -764(t5)
core   0: 3 0x8000b300 (0xd03f2223) mem 0x8000d000 0x00000001
core   0: 0x8000b304 (0xff9ff06f) j       pc - 0x8
core   0: 3 0x8000b304 (0xff9ff06f)
core   0: 0x8000b2fc (0x00002f17) auipc   t5, 0x2
core   0: 3 0x8000b2fc (0x00002f17) x30 0x8000d2fc
core   0: 0x8000b300 (0xd03f2223) sw      gp, -764(t5)
core   0: 3 0x8000b300 (0xd03f2223) mem 0x8000d000 0x00000001
core   0: 0x8000b304 (0xff9ff06f) j       pc - 0x8
core   0: 3 0x8000b304 (0xff9ff06f)
core   0: 0x8000b2fc (0x00002f17) auipc   t5, 0x2
core   0: 3 0x8000b2fc (0x00002f17) x30 0x8000d2fc
core   0: 0x8000b300 (0xd03f2223) sw      gp, -764(t5)
core   0: 3 0x8000b300 (0xd03f2223) mem 0x8000d000 0x00000001
core   0: 0x8000b304 (0xff9ff06f) j       pc - 0x8
core   0: 3 0x8000b304 (0xff9ff06f)
core   0: 0x8000b2fc (0x00002f17) auipc   t5, 0x2
core   0: 3 0x8000b2fc (0x00002f17) x30 0x8000d2fc
core   0: 0x8000b300 (0xd03f2223) sw      gp, -764(t5)
core   0: 3 0x8000b300 (0xd03f2223) mem 0x8000d000 0x00000001
core   0: 0x8000b304 (0xff9ff06f) j       pc - 0x8
core   0: 3 0x8000b304 (0xff9ff06f)
core   0: 0x8000b2fc (0x00002f17) auipc   t5, 0x2
core   0: 3 0x8000b2fc (0x00002f17) x30 0x8000d2fc
core   0: 0x8000b300 (0xd03f2223) sw      gp, -764(t5)
core   0: 3 0x8000b300 (0xd03f2223) mem 0x8000d000 0x00000001
core   0: 0x8000b304 (0xff9ff06f) j       pc - 0x8
core   0: 3 0x8000b304 (0xff9ff06f)
core   0: 0x8000b2fc (0x00002f17) auipc   t5, 0x2
core   0: 3 0x8000b2fc (0x00002f17) x30 0x8000d2fc
core   0: 0x8000b300 (0xd03f2223) sw      gp, -764(t5)
core   0: 3 0x8000b300 (0xd03f2223) mem 0x8000d000 0x00000001
core   0: 0x8000b304 (0xff9ff06f) j       pc - 0x8
core   0: 3 0x8000b304 (0xff9ff06f)
core   0: 0x8000b2fc (0x00002f17) auipc   t5, 0x2
core   0: 3 0x8000b2fc (0x00002f17) x30 0x8000d2fc
core   0: 0x8000b300 (0xd03f2223) sw      gp, -764(t5)
core   0: 3 0x8000b300 (0xd03f2223) mem 0x8000d000 0x00000001
core   0: 0x8000b304 (0xff9ff06f) j       pc - 0x8
core   0: 3 0x8000b304 (0xff9ff06f)
core   0: 0x8000b2fc (0x00002f17) auipc   t5, 0x2
core   0: 3 0x8000b2fc (0x00002f17) x30 0x8000d2fc
core   0: 0x8000b300 (0xd03f2223) sw      gp, -764(t5)
core   0: 3 0x8000b300 (0xd03f2223) mem 0x8000d000 0x00000001
core   0: 0x8000b304 (0xff9ff06f) j       pc - 0x8
core   0: 3 0x8000b304 (0xff9ff06f)
core   0: 0x8000b2fc (0x00002f17) auipc   t5, 0x2
core   0: 3 0x8000b2fc (0x00002f17) x30 0x8000d2fc
core   0: 0x8000b300 (0xd03f2223) sw      gp, -764(t5)
core   0: 3 0x8000b300 (0xd03f2223) mem 0x8000d000 0x00000001
core   0: 0x8000b304 (0xff9ff06f) j       pc - 0x8
core   0: 3 0x8000b304 (0xff9ff06f)
core   0: 0x8000b2fc (0x00002f17) auipc   t5, 0x2
core   0: 3 0x8000b2fc (0x00002f17) x30 0x8000d2fc
core   0: 0x8000b300 (0xd03f2223) sw      gp, -764(t5)
core   0: 3 0x8000b300 (0xd03f2223) mem 0x8000d000 0x00000001
core   0: 0x8000b304 (0xff9ff06f) j       pc - 0x8
core   0: 3 0x8000b304 (0xff9ff06f)
core   0: 0x8000b2fc (0x00002f17) auipc   t5, 0x2
core   0: 3 0x8000b2fc (0x00002f17) x30 0x8000d2fc
core   0: 0x8000b300 (0xd03f2223) sw      gp, -764(t5)
core   0: 3 0x8000b300 (0xd03f2223) mem 0x8000d000 0x00000001
core   0: 0x8000b304 (0xff9ff06f) j       pc - 0x8
core   0: 3 0x8000b304 (0xff9ff06f)
core   0: 0x8000b2fc (0x00002f17) auipc   t5, 0x2
core   0: 3 0x8000b2fc (0x00002f17) x30 0x8000d2fc
core   0: 0x8000b300 (0xd03f2223) sw      gp, -764(t5)
core   0: 3 0x8000b300 (0xd03f2223) mem 0x8000d000 0x00000001
core   0: 0x8000b304 (0xff9ff06f) j       pc - 0x8
core   0: 3 0x8000b304 (0xff9ff06f)
core   0: 0x8000b2fc (0x00002f17) auipc   t5, 0x2
core   0: 3 0x8000b2fc (0x00002f17) x30 0x8000d2fc
core   0: 0x8000b300 (0xd03f2223) sw      gp, -764(t5)
core   0: 3 0x8000b300 (0xd03f2223) mem 0x8000d000 0x00000001
core   0: 0x8000b304 (0xff9ff06f) j       pc - 0x8
core   0: 3 0x8000b304 (0xff9ff06f)
core   0: 0x8000b2fc (0x00002f17) auipc   t5, 0x2
core   0: 3 0x8000b2fc (0x00002f17) x30 0x8000d2fc
core   0: 0x8000b300 (0xd03f2223) sw      gp, -764(t5)
core   0: 3 0x8000b300 (0xd03f2223) mem 0x8000d000 0x00000001
core   0: 0x8000b304 (0xff9ff06f) j       pc - 0x8
core   0: 3 0x8000b304 (0xff9ff06f)
core   0: 0x8000b2fc (0x00002f17) auipc   t5, 0x2
core   0: 3 0x8000b2fc (0x00002f17) x30 0x8000d2fc
core   0: 0x8000b300 (0xd03f2223) sw      gp, -764(t5)
core   0: 3 0x8000b300 (0xd03f2223) mem 0x8000d000 0x00000001
core   0: 0x8000b304 (0xff9ff06f) j       pc - 0x8
core   0: 3 0x8000b304 (0xff9ff06f)
core   0: 0x8000b2fc (0x00002f17) auipc   t5, 0x2
core   0: 3 0x8000b2fc (0x00002f17) x30 0x8000d2fc
core   0: 0x8000b300 (0xd03f2223) sw      gp, -764(t5)
core   0: 3 0x8000b300 (0xd03f2223) mem 0x8000d000 0x00000001
core   0: 0x8000b304 (0xff9ff06f) j       pc - 0x8
core   0: 3 0x8000b304 (0xff9ff06f)
core   0: 0x8000b2fc (0x00002f17) auipc   t5, 0x2
core   0: 3 0x8000b2fc (0x00002f17) x30 0x8000d2fc
core   0: 0x8000b300 (0xd03f2223) sw      gp, -764(t5)
core   0: 3 0x8000b300 (0xd03f2223) mem 0x8000d000 0x00000001
core   0: 0x8000b304 (0xff9ff06f) j       pc - 0x8
core   0: 3 0x8000b304 (0xff9ff06f)
core   0: 0x8000b2fc (0x00002f17) auipc   t5, 0x2
core   0: 3 0x8000b2fc (0x00002f17) x30 0x8000d2fc
core   0: 0x8000b300 (0xd03f2223) sw      gp, -764(t5)
core   0: 3 0x8000b300 (0xd03f2223) mem 0x8000d000 0x00000001
core   0: 0x8000b304 (0xff9ff06f) j       pc - 0x8
core   0: 3 0x8000b304 (0xff9ff06f)
core   0: 0x8000b2fc (0x00002f17) auipc   t5, 0x2
core   0: 3 0x8000b2fc (0x00002f17) x30 0x8000d2fc
core   0: 0x8000b300 (0xd03f2223) sw      gp, -764(t5)
core   0: 3 0x8000b300 (0xd03f2223) mem 0x8000d000 0x00000001
core   0: 0x8000b304 (0xff9ff06f) j       pc - 0x8
core   0: 3 0x8000b304 (0xff9ff06f)
core   0: 0x8000b2fc (0x00002f17) auipc   t5, 0x2
core   0: 3 0x8000b2fc (0x00002f17) x30 0x8000d2fc
core   0: 0x8000b300 (0xd03f2223) sw      gp, -764(t5)
core   0: 3 0x8000b300 (0xd03f2223) mem 0x8000d000 0x00000001
core   0: 0x8000b304 (0xff9ff06f) j       pc - 0x8
core   0: 3 0x8000b304 (0xff9ff06f)
core   0: 0x8000b2fc (0x00002f17) auipc   t5, 0x2
core   0: 3 0x8000b2fc (0x00002f17) x30 0x8000d2fc
core   0: 0x8000b300 (0xd03f2223) sw      gp, -764(t5)
core   0: 3 0x8000b300 (0xd03f2223) mem 0x8000d000 0x00000001
core   0: 0x8000b304 (0xff9ff06f) j       pc - 0x8
core   0: 3 0x8000b304 (0xff9ff06f)
core   0: 0x8000b2fc (0x00002f17) auipc   t5, 0x2
core   0: 3 0x8000b2fc (0x00002f17) x30 0x8000d2fc
core   0: 0x8000b300 (0xd03f2223) sw      gp, -764(t5)
core   0: 3 0x8000b300 (0xd03f2223) mem 0x8000d000 0x00000001
core   0: 0x8000b304 (0xff9ff06f) j       pc - 0x8
core   0: 3 0x8000b304 (0xff9ff06f)
core   0: 0x8000b2fc (0x00002f17) auipc   t5, 0x2
core   0: 3 0x8000b2fc (0x00002f17) x30 0x8000d2fc
core   0: 0x8000b300 (0xd03f2223) sw      gp, -764(t5)
core   0: 3 0x8000b300 (0xd03f2223) mem 0x8000d000 0x00000001
core   0: 0x8000b304 (0xff9ff06f) j       pc - 0x8
core   0: 3 0x8000b304 (0xff9ff06f)
core   0: 0x8000b2fc (0x00002f17) auipc   t5, 0x2
core   0: 3 0x8000b2fc (0x00002f17) x30 0x8000d2fc
core   0: 0x8000b300 (0xd03f2223) sw      gp, -764(t5)
core   0: 3 0x8000b300 (0xd03f2223) mem 0x8000d000 0x00000001
core   0: 0x8000b304 (0xff9ff06f) j       pc - 0x8
core   0: 3 0x8000b304 (0xff9ff06f)
core   0: 0x8000b2fc (0x00002f17) auipc   t5, 0x2
core   0: 3 0x8000b2fc (0x00002f17) x30 0x8000d2fc
core   0: 0x8000b300 (0xd03f2223) sw      gp, -764(t5)
core   0: 3 0x8000b300 (0xd03f2223) mem 0x8000d000 0x00000001
core   0: 0x8000b304 (0xff9ff06f) j       pc - 0x8
core   0: 3 0x8000b304 (0xff9ff06f)
core   0: 0x8000b2fc (0x00002f17) auipc   t5, 0x2
core   0: 3 0x8000b2fc (0x00002f17) x30 0x8000d2fc
core   0: 0x8000b300 (0xd03f2223) sw      gp, -764(t5)
core   0: 3 0x8000b300 (0xd03f2223) mem 0x8000d000 0x00000001
core   0: 0x8000b304 (0xff9ff06f) j       pc - 0x8
core   0: 3 0x8000b304 (0xff9ff06f)
core   0: 0x8000b2fc (0x00002f17) auipc   t5, 0x2
core   0: 3 0x8000b2fc (0x00002f17) x30 0x8000d2fc
core   0: 0x8000b300 (0xd03f2223) sw      gp, -764(t5)
core   0: 3 0x8000b300 (0xd03f2223) mem 0x8000d000 0x00000001
core   0: 0x8000b304 (0xff9ff06f) j       pc - 0x8
core   0: 3 0x8000b304 (0xff9ff06f)
core   0: 0x8000b2fc (0x00002f17) auipc   t5, 0x2
core   0: 3 0x8000b2fc (0x00002f17) x30 0x8000d2fc
core   0: 0x8000b300 (0xd03f2223) sw      gp, -764(t5)
core   0: 3 0x8000b300 (0xd03f2223) mem 0x8000d000 0x00000001
core   0: 0x8000b304 (0xff9ff06f) j       pc - 0x8
core   0: 3 0x8000b304 (0xff9ff06f)
core   0: 0x8000b2fc (0x00002f17) auipc   t5, 0x2
core   0: 3 0x8000b2fc (0x00002f17) x30 0x8000d2fc
core   0: 0x8000b300 (0xd03f2223) sw      gp, -764(t5)
core   0: 3 0x8000b300 (0xd03f2223) mem 0x8000d000 0x00000001
core   0: 0x8000b304 (0xff9ff06f) j       pc - 0x8
core   0: 3 0x8000b304 (0xff9ff06f)
core   0: 0x8000b2fc (0x00002f17) auipc   t5, 0x2
core   0: 3 0x8000b2fc (0x00002f17) x30 0x8000d2fc
core   0: 0x8000b300 (0xd03f2223) sw      gp, -764(t5)
core   0: 3 0x8000b300 (0xd03f2223) mem 0x8000d000 0x00000001
core   0: 0x8000b304 (0xff9ff06f) j       pc - 0x8
core   0: 3 0x8000b304 (0xff9ff06f)
core   0: 0x8000b2fc (0x00002f17) auipc   t5, 0x2
core   0: 3 0x8000b2fc (0x00002f17) x30 0x8000d2fc
core   0: 0x8000b300 (0xd03f2223) sw      gp, -764(t5)
core   0: 3 0x8000b300 (0xd03f2223) mem 0x8000d000 0x00000001
core   0: 0x8000b304 (0xff9ff06f) j       pc - 0x8
core   0: 3 0x8000b304 (0xff9ff06f)
core   0: 0x8000b2fc (0x00002f17) auipc   t5, 0x2
core   0: 3 0x8000b2fc (0x00002f17) x30 0x8000d2fc
core   0: 0x8000b300 (0xd03f2223) sw      gp, -764(t5)
core   0: 3 0x8000b300 (0xd03f2223) mem 0x8000d000 0x00000001
core   0: 0x8000b304 (0xff9ff06f) j       pc - 0x8
core   0: 3 0x8000b304 (0xff9ff06f)
core   0: 0x8000b2fc (0x00002f17) auipc   t5, 0x2
core   0: 3 0x8000b2fc (0x00002f17) x30 0x8000d2fc
core   0: 0x8000b300 (0xd03f2223) sw      gp, -764(t5)
core   0: 3 0x8000b300 (0xd03f2223) mem 0x8000d000 0x00000001
core   0: 0x8000b304 (0xff9ff06f) j       pc - 0x8
core   0: 3 0x8000b304 (0xff9ff06f)
core   0: 0x8000b2fc (0x00002f17) auipc   t5, 0x2
core   0: 3 0x8000b2fc (0x00002f17) x30 0x8000d2fc
core   0: 0x8000b300 (0xd03f2223) sw      gp, -764(t5)
core   0: 3 0x8000b300 (0xd03f2223) mem 0x8000d000 0x00000001
core   0: 0x8000b304 (0xff9ff06f) j       pc - 0x8
core   0: 3 0x8000b304 (0xff9ff06f)
core   0: 0x8000b2fc (0x00002f17) auipc   t5, 0x2
core   0: 3 0x8000b2fc (0x00002f17) x30 0x8000d2fc
core   0: 0x8000b300 (0xd03f2223) sw      gp, -764(t5)
core   0: 3 0x8000b300 (0xd03f2223) mem 0x8000d000 0x00000001
core   0: 0x8000b304 (0xff9ff06f) j       pc - 0x8
core   0: 3 0x8000b304 (0xff9ff06f)
core   0: 0x8000b2fc (0x00002f17) auipc   t5, 0x2
core   0: 3 0x8000b2fc (0x00002f17) x30 0x8000d2fc
core   0: 0x8000b300 (0xd03f2223) sw      gp, -764(t5)
core   0: 3 0x8000b300 (0xd03f2223) mem 0x8000d000 0x00000001
core   0: 0x8000b304 (0xff9ff06f) j       pc - 0x8
core   0: 3 0x8000b304 (0xff9ff06f)
core   0: 0x8000b2fc (0x00002f17) auipc   t5, 0x2
core   0: 3 0x8000b2fc (0x00002f17) x30 0x8000d2fc
core   0: 0x8000b300 (0xd03f2223) sw      gp, -764(t5)
core   0: 3 0x8000b300 (0xd03f2223) mem 0x8000d000 0x00000001
core   0: 0x8000b304 (0xff9ff06f) j       pc - 0x8
core   0: 3 0x8000b304 (0xff9ff06f)
core   0: 0x8000b2fc (0x00002f17) auipc   t5, 0x2
core   0: 3 0x8000b2fc (0x00002f17) x30 0x8000d2fc
core   0: 0x8000b300 (0xd03f2223) sw      gp, -764(t5)
core   0: 3 0x8000b300 (0xd03f2223) mem 0x8000d000 0x00000001
core   0: 0x8000b304 (0xff9ff06f) j       pc - 0x8
core   0: 3 0x8000b304 (0xff9ff06f)
core   0: 0x8000b2fc (0x00002f17) auipc   t5, 0x2
core   0: 3 0x8000b2fc (0x00002f17) x30 0x8000d2fc
core   0: 0x8000b300 (0xd03f2223) sw      gp, -764(t5)
core   0: 3 0x8000b300 (0xd03f2223) mem 0x8000d000 0x00000001
core   0: 0x8000b304 (0xff9ff06f) j       pc - 0x8
core   0: 3 0x8000b304 (0xff9ff06f)
core   0: 0x8000b2fc (0x00002f17) auipc   t5, 0x2
core   0: 3 0x8000b2fc (0x00002f17) x30 0x8000d2fc
core   0: 0x8000b300 (0xd03f2223) sw      gp, -764(t5)
core   0: 3 0x8000b300 (0xd03f2223) mem 0x8000d000 0x00000001
core   0: 0x8000b304 (0xff9ff06f) j       pc - 0x8
core   0: 3 0x8000b304 (0xff9ff06f)
core   0: 0x8000b2fc (0x00002f17) auipc   t5, 0x2
core   0: 3 0x8000b2fc (0x00002f17) x30 0x8000d2fc
core   0: 0x8000b300 (0xd03f2223) sw      gp, -764(t5)
core   0: 3 0x8000b300 (0xd03f2223) mem 0x8000d000 0x00000001
core   0: 0x8000b304 (0xff9ff06f) j       pc - 0x8
core   0: 3 0x8000b304 (0xff9ff06f)
core   0: 0x8000b2fc (0x00002f17) auipc   t5, 0x2
core   0: 3 0x8000b2fc (0x00002f17) x30 0x8000d2fc
core   0: 0x8000b300 (0xd03f2223) sw      gp, -764(t5)
core   0: 3 0x8000b300 (0xd03f2223) mem 0x8000d000 0x00000001
core   0: 0x8000b304 (0xff9ff06f) j       pc - 0x8
core   0: 3 0x8000b304 (0xff9ff06f)
core   0: 0x8000b2fc (0x00002f17) auipc   t5, 0x2
core   0: 3 0x8000b2fc (0x00002f17) x30 0x8000d2fc
core   0: 0x8000b300 (0xd03f2223) sw      gp, -764(t5)
core   0: 3 0x8000b300 (0xd03f2223) mem 0x8000d000 0x00000001
core   0: 0x8000b304 (0xff9ff06f) j       pc - 0x8
core   0: 3 0x8000b304 (0xff9ff06f)
core   0: 0x8000b2fc (0x00002f17) auipc   t5, 0x2
core   0: 3 0x8000b2fc (0x00002f17) x30 0x8000d2fc
core   0: 0x8000b300 (0xd03f2223) sw      gp, -764(t5)
core   0: 3 0x8000b300 (0xd03f2223) mem 0x8000d000 0x00000001
core   0: 0x8000b304 (0xff9ff06f) j       pc - 0x8
core   0: 3 0x8000b304 (0xff9ff06f)
core   0: 0x8000b2fc (0x00002f17) auipc   t5, 0x2
core   0: 3 0x8000b2fc (0x00002f17) x30 0x8000d2fc
core   0: 0x8000b300 (0xd03f2223) sw      gp, -764(t5)
core   0: 3 0x8000b300 (0xd03f2223) mem 0x8000d000 0x00000001
core   0: 0x8000b304 (0xff9ff06f) j       pc - 0x8
core   0: 3 0x8000b304 (0xff9ff06f)
core   0: 0x8000b2fc (0x00002f17) auipc   t5, 0x2
core   0: 3 0x8000b2fc (0x00002f17) x30 0x8000d2fc
core   0: 0x8000b300 (0xd03f2223) sw      gp, -764(t5)
core   0: 3 0x8000b300 (0xd03f2223) mem 0x8000d000 0x00000001
core   0: 0x8000b304 (0xff9ff06f) j       pc - 0x8
core   0: 3 0x8000b304 (0xff9ff06f)
core   0: 0x8000b2fc (0x00002f17) auipc   t5, 0x2
core   0: 3 0x8000b2fc (0x00002f17) x30 0x8000d2fc
core   0: 0x8000b300 (0xd03f2223) sw      gp, -764(t5)
core   0: 3 0x8000b300 (0xd03f2223) mem 0x8000d000 0x00000001
core   0: 0x8000b304 (0xff9ff06f) j       pc - 0x8
core   0: 3 0x8000b304 (0xff9ff06f)
core   0: 0x8000b2fc (0x00002f17) auipc   t5, 0x2
core   0: 3 0x8000b2fc (0x00002f17) x30 0x8000d2fc
core   0: 0x8000b300 (0xd03f2223) sw      gp, -764(t5)
core   0: 3 0x8000b300 (0xd03f2223) mem 0x8000d000 0x00000001
core   0: 0x8000b304 (0xff9ff06f) j       pc - 0x8
core   0: 3 0x8000b304 (0xff9ff06f)
core   0: 0x8000b2fc (0x00002f17) auipc   t5, 0x2
core   0: 3 0x8000b2fc (0x00002f17) x30 0x8000d2fc
core   0: 0x8000b300 (0xd03f2223) sw      gp, -764(t5)
core   0: 3 0x8000b300 (0xd03f2223) mem 0x8000d000 0x00000001
core   0: 0x8000b304 (0xff9ff06f) j       pc - 0x8
core   0: 3 0x8000b304 (0xff9ff06f)
core   0: 0x8000b2fc (0x00002f17) auipc   t5, 0x2
core   0: 3 0x8000b2fc (0x00002f17) x30 0x8000d2fc
core   0: 0x8000b300 (0xd03f2223) sw      gp, -764(t5)
core   0: 3 0x8000b300 (0xd03f2223) mem 0x8000d000 0x00000001
core   0: 0x8000b304 (0xff9ff06f) j       pc - 0x8
core   0: 3 0x8000b304 (0xff9ff06f)
core   0: 0x8000b2fc (0x00002f17) auipc   t5, 0x2
core   0: 3 0x8000b2fc (0x00002f17) x30 0x8000d2fc
core   0: 0x8000b300 (0xd03f2223) sw      gp, -764(t5)
core   0: 3 0x8000b300 (0xd03f2223) mem 0x8000d000 0x00000001
core   0: 0x8000b304 (0xff9ff06f) j       pc - 0x8
core   0: 3 0x8000b304 (0xff9ff06f)
core   0: 0x8000b2fc (0x00002f17) auipc   t5, 0x2
core   0: 3 0x8000b2fc (0x00002f17) x30 0x8000d2fc
core   0: 0x8000b300 (0xd03f2223) sw      gp, -764(t5)
core   0: 3 0x8000b300 (0xd03f2223) mem 0x8000d000 0x00000001
core   0: 0x8000b304 (0xff9ff06f) j       pc - 0x8
core   0: 3 0x8000b304 (0xff9ff06f)
core   0: 0x8000b2fc (0x00002f17) auipc   t5, 0x2
core   0: 3 0x8000b2fc (0x00002f17) x30 0x8000d2fc
core   0: 0x8000b300 (0xd03f2223) sw      gp, -764(t5)
core   0: 3 0x8000b300 (0xd03f2223) mem 0x8000d000 0x00000001
core   0: 0x8000b304 (0xff9ff06f) j       pc - 0x8
core   0: 3 0x8000b304 (0xff9ff06f)
core   0: 0x8000b2fc (0x00002f17) auipc   t5, 0x2
core   0: 3 0x8000b2fc (0x00002f17) x30 0x8000d2fc
core   0: 0x8000b300 (0xd03f2223) sw      gp, -764(t5)
core   0: 3 0x8000b300 (0xd03f2223) mem 0x8000d000 0x00000001
core   0: 0x8000b304 (0xff9ff06f) j       pc - 0x8
core   0: 3 0x8000b304 (0xff9ff06f)
core   0: 0x8000b2fc (0x00002f17) auipc   t5, 0x2
core   0: 3 0x8000b2fc (0x00002f17) x30 0x8000d2fc
core   0: 0x8000b300 (0xd03f2223) sw      gp, -764(t5)
core   0: 3 0x8000b300 (0xd03f2223) mem 0x8000d000 0x00000001
core   0: 0x8000b304 (0xff9ff06f) j       pc - 0x8
core   0: 3 0x8000b304 (0xff9ff06f)
core   0: 0x8000b2fc (0x00002f17) auipc   t5, 0x2
core   0: 3 0x8000b2fc (0x00002f17) x30 0x8000d2fc
core   0: 0x8000b300 (0xd03f2223) sw      gp, -764(t5)
core   0: 3 0x8000b300 (0xd03f2223) mem 0x8000d000 0x00000001
core   0: 0x8000b304 (0xff9ff06f) j       pc - 0x8
core   0: 3 0x8000b304 (0xff9ff06f)
core   0: 0x8000b2fc (0x00002f17) auipc   t5, 0x2
core   0: 3 0x8000b2fc (0x00002f17) x30 0x8000d2fc
core   0: 0x8000b300 (0xd03f2223) sw      gp, -764(t5)
core   0: 3 0x8000b300 (0xd03f2223) mem 0x8000d000 0x00000001
core   0: 0x8000b304 (0xff9ff06f) j       pc - 0x8
core   0: 3 0x8000b304 (0xff9ff06f)
core   0: 0x8000b2fc (0x00002f17) auipc   t5, 0x2
core   0: 3 0x8000b2fc (0x00002f17) x30 0x8000d2fc
core   0: 0x8000b300 (0xd03f2223) sw      gp, -764(t5)
core   0: 3 0x8000b300 (0xd03f2223) mem 0x8000d000 0x00000001
core   0: 0x8000b304 (0xff9ff06f) j       pc - 0x8
core   0: 3 0x8000b304 (0xff9ff06f)
core   0: 0x8000b2fc (0x00002f17) auipc   t5, 0x2
core   0: 3 0x8000b2fc (0x00002f17) x30 0x8000d2fc
core   0: 0x8000b300 (0xd03f2223) sw      gp, -764(t5)
core   0: 3 0x8000b300 (0xd03f2223) mem 0x8000d000 0x00000001
core   0: 0x8000b304 (0xff9ff06f) j       pc - 0x8
core   0: 3 0x8000b304 (0xff9ff06f)
core   0: 0x8000b2fc (0x00002f17) auipc   t5, 0x2
core   0: 3 0x8000b2fc (0x00002f17) x30 0x8000d2fc
core   0: 0x8000b300 (0xd03f2223) sw      gp, -764(t5)
core   0: 3 0x8000b300 (0xd03f2223) mem 0x8000d000 0x00000001
core   0: 0x8000b304 (0xff9ff06f) j       pc - 0x8
core   0: 3 0x8000b304 (0xff9ff06f)
core   0: 0x8000b2fc (0x00002f17) auipc   t5, 0x2
core   0: 3 0x8000b2fc (0x00002f17) x30 0x8000d2fc
core   0: 0x8000b300 (0xd03f2223) sw      gp, -764(t5)
core   0: 3 0x8000b300 (0xd03f2223) mem 0x8000d000 0x00000001
core   0: 0x8000b304 (0xff9ff06f) j       pc - 0x8
core   0: 3 0x8000b304 (0xff9ff06f)
core   0: 0x8000b2fc (0x00002f17) auipc   t5, 0x2
core   0: 3 0x8000b2fc (0x00002f17) x30 0x8000d2fc
core   0: 0x8000b300 (0xd03f2223) sw      gp, -764(t5)
core   0: 3 0x8000b300 (0xd03f2223) mem 0x8000d000 0x00000001
core   0: 0x8000b304 (0xff9ff06f) j       pc - 0x8
core   0: 3 0x8000b304 (0xff9ff06f)
core   0: 0x8000b2fc (0x00002f17) auipc   t5, 0x2
core   0: 3 0x8000b2fc (0x00002f17) x30 0x8000d2fc
core   0: 0x8000b300 (0xd03f2223) sw      gp, -764(t5)
core   0: 3 0x8000b300 (0xd03f2223) mem 0x8000d000 0x00000001
core   0: 0x8000b304 (0xff9ff06f) j       pc - 0x8
core   0: 3 0x8000b304 (0xff9ff06f)
core   0: 0x8000b2fc (0x00002f17) auipc   t5, 0x2
core   0: 3 0x8000b2fc (0x00002f17) x30 0x8000d2fc
core   0: 0x8000b300 (0xd03f2223) sw      gp, -764(t5)
core   0: 3 0x8000b300 (0xd03f2223) mem 0x8000d000 0x00000001
core   0: 0x8000b304 (0xff9ff06f) j       pc - 0x8
core   0: 3 0x8000b304 (0xff9ff06f)
core   0: 0x8000b2fc (0x00002f17) auipc   t5, 0x2
core   0: 3 0x8000b2fc (0x00002f17) x30 0x8000d2fc
core   0: 0x8000b300 (0xd03f2223) sw      gp, -764(t5)
core   0: 3 0x8000b300 (0xd03f2223) mem 0x8000d000 0x00000001
core   0: 0x8000b304 (0xff9ff06f) j       pc - 0x8
core   0: 3 0x8000b304 (0xff9ff06f)
core   0: 0x8000b2fc (0x00002f17) auipc   t5, 0x2
core   0: 3 0x8000b2fc (0x00002f17) x30 0x8000d2fc
core   0: 0x8000b300 (0xd03f2223) sw      gp, -764(t5)
core   0: 3 0x8000b300 (0xd03f2223) mem 0x8000d000 0x00000001
core   0: 0x8000b304 (0xff9ff06f) j       pc - 0x8
core   0: 3 0x8000b304 (0xff9ff06f)
core   0: 0x8000b2fc (0x00002f17) auipc   t5, 0x2
core   0: 3 0x8000b2fc (0x00002f17) x30 0x8000d2fc
core   0: 0x8000b300 (0xd03f2223) sw      gp, -764(t5)
core   0: 3 0x8000b300 (0xd03f2223) mem 0x8000d000 0x00000001
core   0: 0x8000b304 (0xff9ff06f) j       pc - 0x8
core   0: 3 0x8000b304 (0xff9ff06f)
core   0: 0x8000b2fc (0x00002f17) auipc   t5, 0x2
core   0: 3 0x8000b2fc (0x00002f17) x30 0x8000d2fc
core   0: 0x8000b300 (0xd03f2223) sw      gp, -764(t5)
core   0: 3 0x8000b300 (0xd03f2223) mem 0x8000d000 0x00000001
core   0: 0x8000b304 (0xff9ff06f) j       pc - 0x8
core   0: 3 0x8000b304 (0xff9ff06f)
core   0: 0x8000b2fc (0x00002f17) auipc   t5, 0x2
core   0: 3 0x8000b2fc (0x00002f17) x30 0x8000d2fc
core   0: 0x8000b300 (0xd03f2223) sw      gp, -764(t5)
core   0: 3 0x8000b300 (0xd03f2223) mem 0x8000d000 0x00000001
core   0: 0x8000b304 (0xff9ff06f) j       pc - 0x8
core   0: 3 0x8000b304 (0xff9ff06f)
core   0: 0x8000b2fc (0x00002f17) auipc   t5, 0x2
core   0: 3 0x8000b2fc (0x00002f17) x30 0x8000d2fc
core   0: 0x8000b300 (0xd03f2223) sw      gp, -764(t5)
core   0: 3 0x8000b300 (0xd03f2223) mem 0x8000d000 0x00000001
core   0: 0x8000b304 (0xff9ff06f) j       pc - 0x8
core   0: 3 0x8000b304 (0xff9ff06f)
core   0: 0x8000b2fc (0x00002f17) auipc   t5, 0x2
core   0: 3 0x8000b2fc (0x00002f17) x30 0x8000d2fc
core   0: 0x8000b300 (0xd03f2223) sw      gp, -764(t5)
core   0: 3 0x8000b300 (0xd03f2223) mem 0x8000d000 0x00000001
core   0: 0x8000b304 (0xff9ff06f) j       pc - 0x8
core   0: 3 0x8000b304 (0xff9ff06f)
core   0: 0x8000b2fc (0x00002f17) auipc   t5, 0x2
core   0: 3 0x8000b2fc (0x00002f17) x30 0x8000d2fc
core   0: 0x8000b300 (0xd03f2223) sw      gp, -764(t5)
core   0: 3 0x8000b300 (0xd03f2223) mem 0x8000d000 0x00000001
core   0: 0x8000b304 (0xff9ff06f) j       pc - 0x8
core   0: 3 0x8000b304 (0xff9ff06f)
core   0: 0x8000b2fc (0x00002f17) auipc   t5, 0x2
core   0: 3 0x8000b2fc (0x00002f17) x30 0x8000d2fc
core   0: 0x8000b300 (0xd03f2223) sw      gp, -764(t5)
core   0: 3 0x8000b300 (0xd03f2223) mem 0x8000d000 0x00000001
core   0: 0x8000b304 (0xff9ff06f) j       pc - 0x8
core   0: 3 0x8000b304 (0xff9ff06f)
core   0: 0x8000b2fc (0x00002f17) auipc   t5, 0x2
core   0: 3 0x8000b2fc (0x00002f17) x30 0x8000d2fc
core   0: 0x8000b300 (0xd03f2223) sw      gp, -764(t5)
core   0: 3 0x8000b300 (0xd03f2223) mem 0x8000d000 0x00000001
core   0: 0x8000b304 (0xff9ff06f) j       pc - 0x8
core   0: 3 0x8000b304 (0xff9ff06f)
core   0: 0x8000b2fc (0x00002f17) auipc   t5, 0x2
core   0: 3 0x8000b2fc (0x00002f17) x30 0x8000d2fc
core   0: 0x8000b300 (0xd03f2223) sw      gp, -764(t5)
core   0: 3 0x8000b300 (0xd03f2223) mem 0x8000d000 0x00000001
core   0: 0x8000b304 (0xff9ff06f) j       pc - 0x8
core   0: 3 0x8000b304 (0xff9ff06f)
core   0: 0x8000b2fc (0x00002f17) auipc   t5, 0x2
core   0: 3 0x8000b2fc (0x00002f17) x30 0x8000d2fc
core   0: 0x8000b300 (0xd03f2223) sw      gp, -764(t5)
core   0: 3 0x8000b300 (0xd03f2223) mem 0x8000d000 0x00000001
core   0: 0x8000b304 (0xff9ff06f) j       pc - 0x8
core   0: 3 0x8000b304 (0xff9ff06f)
core   0: 0x8000b2fc (0x00002f17) auipc   t5, 0x2
core   0: 3 0x8000b2fc (0x00002f17) x30 0x8000d2fc
core   0: 0x8000b300 (0xd03f2223) sw      gp, -764(t5)
core   0: 3 0x8000b300 (0xd03f2223) mem 0x8000d000 0x00000001
core   0: 0x8000b304 (0xff9ff06f) j       pc - 0x8
core   0: 3 0x8000b304 (0xff9ff06f)
core   0: 0x8000b2fc (0x00002f17) auipc   t5, 0x2
core   0: 3 0x8000b2fc (0x00002f17) x30 0x8000d2fc
core   0: 0x8000b300 (0xd03f2223) sw      gp, -764(t5)
core   0: 3 0x8000b300 (0xd03f2223) mem 0x8000d000 0x00000001
core   0: 0x8000b304 (0xff9ff06f) j       pc - 0x8
core   0: 3 0x8000b304 (0xff9ff06f)
core   0: 0x8000b2fc (0x00002f17) auipc   t5, 0x2
core   0: 3 0x8000b2fc (0x00002f17) x30 0x8000d2fc
core   0: 0x8000b300 (0xd03f2223) sw      gp, -764(t5)
core   0: 3 0x8000b300 (0xd03f2223) mem 0x8000d000 0x00000001
core   0: 0x8000b304 (0xff9ff06f) j       pc - 0x8
core   0: 3 0x8000b304 (0xff9ff06f)
core   0: 0x8000b2fc (0x00002f17) auipc   t5, 0x2
core   0: 3 0x8000b2fc (0x00002f17) x30 0x8000d2fc
core   0: 0x8000b300 (0xd03f2223) sw      gp, -764(t5)
core   0: 3 0x8000b300 (0xd03f2223) mem 0x8000d000 0x00000001
core   0: 0x8000b304 (0xff9ff06f) j       pc - 0x8
core   0: 3 0x8000b304 (0xff9ff06f)
core   0: 0x8000b2fc (0x00002f17) auipc   t5, 0x2
core   0: 3 0x8000b2fc (0x00002f17) x30 0x8000d2fc
core   0: 0x8000b300 (0xd03f2223) sw      gp, -764(t5)
core   0: 3 0x8000b300 (0xd03f2223) mem 0x8000d000 0x00000001
core   0: 0x8000b304 (0xff9ff06f) j       pc - 0x8
core   0: 3 0x8000b304 (0xff9ff06f)
core   0: 0x8000b2fc (0x00002f17) auipc   t5, 0x2
core   0: 3 0x8000b2fc (0x00002f17) x30 0x8000d2fc
core   0: 0x8000b300 (0xd03f2223) sw      gp, -764(t5)
core   0: 3 0x8000b300 (0xd03f2223) mem 0x8000d000 0x00000001
core   0: 0x8000b304 (0xff9ff06f) j       pc - 0x8
core   0: 3 0x8000b304 (0xff9ff06f)
core   0: 0x8000b2fc (0x00002f17) auipc   t5, 0x2
core   0: 3 0x8000b2fc (0x00002f17) x30 0x8000d2fc
core   0: 0x8000b300 (0xd03f2223) sw      gp, -764(t5)
core   0: 3 0x8000b300 (0xd03f2223) mem 0x8000d000 0x00000001
core   0: 0x8000b304 (0xff9ff06f) j       pc - 0x8
core   0: 3 0x8000b304 (0xff9ff06f)
core   0: 0x8000b2fc (0x00002f17) auipc   t5, 0x2
core   0: 3 0x8000b2fc (0x00002f17) x30 0x8000d2fc
core   0: 0x8000b300 (0xd03f2223) sw      gp, -764(t5)
core   0: 3 0x8000b300 (0xd03f2223) mem 0x8000d000 0x00000001
core   0: 0x8000b304 (0xff9ff06f) j       pc - 0x8
core   0: 3 0x8000b304 (0xff9ff06f)
core   0: 0x8000b2fc (0x00002f17) auipc   t5, 0x2
core   0: 3 0x8000b2fc (0x00002f17) x30 0x8000d2fc
core   0: 0x8000b300 (0xd03f2223) sw      gp, -764(t5)
core   0: 3 0x8000b300 (0xd03f2223) mem 0x8000d000 0x00000001
core   0: 0x8000b304 (0xff9ff06f) j       pc - 0x8
core   0: 3 0x8000b304 (0xff9ff06f)
core   0: 0x8000b2fc (0x00002f17) auipc   t5, 0x2
core   0: 3 0x8000b2fc (0x00002f17) x30 0x8000d2fc
core   0: 0x8000b300 (0xd03f2223) sw      gp, -764(t5)
core   0: 3 0x8000b300 (0xd03f2223) mem 0x8000d000 0x00000001
core   0: 0x8000b304 (0xff9ff06f) j       pc - 0x8
core   0: 3 0x8000b304 (0xff9ff06f)
core   0: 0x8000b2fc (0x00002f17) auipc   t5, 0x2
core   0: 3 0x8000b2fc (0x00002f17) x30 0x8000d2fc
core   0: 0x8000b300 (0xd03f2223) sw      gp, -764(t5)
core   0: 3 0x8000b300 (0xd03f2223) mem 0x8000d000 0x00000001
core   0: 0x8000b304 (0xff9ff06f) j       pc - 0x8
core   0: 3 0x8000b304 (0xff9ff06f)
core   0: 0x8000b2fc (0x00002f17) auipc   t5, 0x2
core   0: 3 0x8000b2fc (0x00002f17) x30 0x8000d2fc
core   0: 0x8000b300 (0xd03f2223) sw      gp, -764(t5)
core   0: 3 0x8000b300 (0xd03f2223) mem 0x8000d000 0x00000001
core   0: 0x8000b304 (0xff9ff06f) j       pc - 0x8
core   0: 3 0x8000b304 (0xff9ff06f)
core   0: 0x8000b2fc (0x00002f17) auipc   t5, 0x2
core   0: 3 0x8000b2fc (0x00002f17) x30 0x8000d2fc
core   0: 0x8000b300 (0xd03f2223) sw      gp, -764(t5)
core   0: 3 0x8000b300 (0xd03f2223) mem 0x8000d000 0x00000001
core   0: 0x8000b304 (0xff9ff06f) j       pc - 0x8
core   0: 3 0x8000b304 (0xff9ff06f)
core   0: 0x8000b2fc (0x00002f17) auipc   t5, 0x2
core   0: 3 0x8000b2fc (0x00002f17) x30 0x8000d2fc
core   0: 0x8000b300 (0xd03f2223) sw      gp, -764(t5)
core   0: 3 0x8000b300 (0xd03f2223) mem 0x8000d000 0x00000001
core   0: 0x8000b304 (0xff9ff06f) j       pc - 0x8
core   0: 3 0x8000b304 (0xff9ff06f)
core   0: 0x8000b2fc (0x00002f17) auipc   t5, 0x2
core   0: 3 0x8000b2fc (0x00002f17) x30 0x8000d2fc
core   0: 0x8000b300 (0xd03f2223) sw      gp, -764(t5)
core   0: 3 0x8000b300 (0xd03f2223) mem 0x8000d000 0x00000001
core   0: 0x8000b304 (0xff9ff06f) j       pc - 0x8
core   0: 3 0x8000b304 (0xff9ff06f)
core   0: 0x8000b2fc (0x00002f17) auipc   t5, 0x2
core   0: 3 0x8000b2fc (0x00002f17) x30 0x8000d2fc
core   0: 0x8000b300 (0xd03f2223) sw      gp, -764(t5)
core   0: 3 0x8000b300 (0xd03f2223) mem 0x8000d000 0x00000001
core   0: 0x8000b304 (0xff9ff06f) j       pc - 0x8
core   0: 3 0x8000b304 (0xff9ff06f)
core   0: 0x8000b2fc (0x00002f17) auipc   t5, 0x2
core   0: 3 0x8000b2fc (0x00002f17) x30 0x8000d2fc
core   0: 0x8000b300 (0xd03f2223) sw      gp, -764(t5)
core   0: 3 0x8000b300 (0xd03f2223) mem 0x8000d000 0x00000001
core   0: 0x8000b304 (0xff9ff06f) j       pc - 0x8
core   0: 3 0x8000b304 (0xff9ff06f)
core   0: 0x8000b2fc (0x00002f17) auipc   t5, 0x2
core   0: 3 0x8000b2fc (0x00002f17) x30 0x8000d2fc
core   0: 0x8000b300 (0xd03f2223) sw      gp, -764(t5)
core   0: 3 0x8000b300 (0xd03f2223) mem 0x8000d000 0x00000001
core   0: 0x8000b304 (0xff9ff06f) j       pc - 0x8
core   0: 3 0x8000b304 (0xff9ff06f)
core   0: 0x8000b2fc (0x00002f17) auipc   t5, 0x2
core   0: 3 0x8000b2fc (0x00002f17) x30 0x8000d2fc
core   0: 0x8000b300 (0xd03f2223) sw      gp, -764(t5)
core   0: 3 0x8000b300 (0xd03f2223) mem 0x8000d000 0x00000001
core   0: 0x8000b304 (0xff9ff06f) j       pc - 0x8
core   0: 3 0x8000b304 (0xff9ff06f)
core   0: 0x8000b2fc (0x00002f17) auipc   t5, 0x2
core   0: 3 0x8000b2fc (0x00002f17) x30 0x8000d2fc
core   0: 0x8000b300 (0xd03f2223) sw      gp, -764(t5)
core   0: 3 0x8000b300 (0xd03f2223) mem 0x8000d000 0x00000001
core   0: 0x8000b304 (0xff9ff06f) j       pc - 0x8
core   0: 3 0x8000b304 (0xff9ff06f)
core   0: 0x8000b2fc (0x00002f17) auipc   t5, 0x2
core   0: 3 0x8000b2fc (0x00002f17) x30 0x8000d2fc
core   0: 0x8000b300 (0xd03f2223) sw      gp, -764(t5)
core   0: 3 0x8000b300 (0xd03f2223) mem 0x8000d000 0x00000001
core   0: 0x8000b304 (0xff9ff06f) j       pc - 0x8
core   0: 3 0x8000b304 (0xff9ff06f)
core   0: 0x8000b2fc (0x00002f17) auipc   t5, 0x2
core   0: 3 0x8000b2fc (0x00002f17) x30 0x8000d2fc
core   0: 0x8000b300 (0xd03f2223) sw      gp, -764(t5)
core   0: 3 0x8000b300 (0xd03f2223) mem 0x8000d000 0x00000001
core   0: 0x8000b304 (0xff9ff06f) j       pc - 0x8
core   0: 3 0x8000b304 (0xff9ff06f)
core   0: 0x8000b2fc (0x00002f17) auipc   t5, 0x2
core   0: 3 0x8000b2fc (0x00002f17) x30 0x8000d2fc
core   0: 0x8000b300 (0xd03f2223) sw      gp, -764(t5)
core   0: 3 0x8000b300 (0xd03f2223) mem 0x8000d000 0x00000001
core   0: 0x8000b304 (0xff9ff06f) j       pc - 0x8
core   0: 3 0x8000b304 (0xff9ff06f)
core   0: 0x8000b2fc (0x00002f17) auipc   t5, 0x2
core   0: 3 0x8000b2fc (0x00002f17) x30 0x8000d2fc
core   0: 0x8000b300 (0xd03f2223) sw      gp, -764(t5)
core   0: 3 0x8000b300 (0xd03f2223) mem 0x8000d000 0x00000001
core   0: 0x8000b304 (0xff9ff06f) j       pc - 0x8
core   0: 3 0x8000b304 (0xff9ff06f)
core   0: 0x8000b2fc (0x00002f17) auipc   t5, 0x2
core   0: 3 0x8000b2fc (0x00002f17) x30 0x8000d2fc
core   0: 0x8000b300 (0xd03f2223) sw      gp, -764(t5)
core   0: 3 0x8000b300 (0xd03f2223) mem 0x8000d000 0x00000001
core   0: 0x8000b304 (0xff9ff06f) j       pc - 0x8
core   0: 3 0x8000b304 (0xff9ff06f)
core   0: 0x8000b2fc (0x00002f17) auipc   t5, 0x2
core   0: 3 0x8000b2fc (0x00002f17) x30 0x8000d2fc
core   0: 0x8000b300 (0xd03f2223) sw      gp, -764(t5)
core   0: 3 0x8000b300 (0xd03f2223) mem 0x8000d000 0x00000001
core   0: 0x8000b304 (0xff9ff06f) j       pc - 0x8
core   0: 3 0x8000b304 (0xff9ff06f)
core   0: 0x8000b2fc (0x00002f17) auipc   t5, 0x2
core   0: 3 0x8000b2fc (0x00002f17) x30 0x8000d2fc
core   0: 0x8000b300 (0xd03f2223) sw      gp, -764(t5)
core   0: 3 0x8000b300 (0xd03f2223) mem 0x8000d000 0x00000001
core   0: 0x8000b304 (0xff9ff06f) j       pc - 0x8
core   0: 3 0x8000b304 (0xff9ff06f)
core   0: 0x8000b2fc (0x00002f17) auipc   t5, 0x2
core   0: 3 0x8000b2fc (0x00002f17) x30 0x8000d2fc
core   0: 0x8000b300 (0xd03f2223) sw      gp, -764(t5)
core   0: 3 0x8000b300 (0xd03f2223) mem 0x8000d000 0x00000001
core   0: 0x8000b304 (0xff9ff06f) j       pc - 0x8
core   0: 3 0x8000b304 (0xff9ff06f)
core   0: 0x8000b2fc (0x00002f17) auipc   t5, 0x2
core   0: 3 0x8000b2fc (0x00002f17) x30 0x8000d2fc
core   0: 0x8000b300 (0xd03f2223) sw      gp, -764(t5)
core   0: 3 0x8000b300 (0xd03f2223) mem 0x8000d000 0x00000001
core   0: 0x8000b304 (0xff9ff06f) j       pc - 0x8
core   0: 3 0x8000b304 (0xff9ff06f)
core   0: 0x8000b2fc (0x00002f17) auipc   t5, 0x2
core   0: 3 0x8000b2fc (0x00002f17) x30 0x8000d2fc
core   0: 0x8000b300 (0xd03f2223) sw      gp, -764(t5)
core   0: 3 0x8000b300 (0xd03f2223) mem 0x8000d000 0x00000001
core   0: 0x8000b304 (0xff9ff06f) j       pc - 0x8
core   0: 3 0x8000b304 (0xff9ff06f)
core   0: 0x8000b2fc (0x00002f17) auipc   t5, 0x2
core   0: 3 0x8000b2fc (0x00002f17) x30 0x8000d2fc
core   0: 0x8000b300 (0xd03f2223) sw      gp, -764(t5)
core   0: 3 0x8000b300 (0xd03f2223) mem 0x8000d000 0x00000001
core   0: 0x8000b304 (0xff9ff06f) j       pc - 0x8
core   0: 3 0x8000b304 (0xff9ff06f)
core   0: 0x8000b2fc (0x00002f17) auipc   t5, 0x2
core   0: 3 0x8000b2fc (0x00002f17) x30 0x8000d2fc
core   0: 0x8000b300 (0xd03f2223) sw      gp, -764(t5)
core   0: 3 0x8000b300 (0xd03f2223) mem 0x8000d000 0x00000001
core   0: 0x8000b304 (0xff9ff06f) j       pc - 0x8
core   0: 3 0x8000b304 (0xff9ff06f)
core   0: 0x8000b2fc (0x00002f17) auipc   t5, 0x2
core   0: 3 0x8000b2fc (0x00002f17) x30 0x8000d2fc
core   0: 0x8000b300 (0xd03f2223) sw      gp, -764(t5)
core   0: 3 0x8000b300 (0xd03f2223) mem 0x8000d000 0x00000001
core   0: 0x8000b304 (0xff9ff06f) j       pc - 0x8
core   0: 3 0x8000b304 (0xff9ff06f)
core   0: 0x8000b2fc (0x00002f17) auipc   t5, 0x2
core   0: 3 0x8000b2fc (0x00002f17) x30 0x8000d2fc
core   0: 0x8000b300 (0xd03f2223) sw      gp, -764(t5)
core   0: 3 0x8000b300 (0xd03f2223) mem 0x8000d000 0x00000001
core   0: 0x8000b304 (0xff9ff06f) j       pc - 0x8
core   0: 3 0x8000b304 (0xff9ff06f)
core   0: 0x8000b2fc (0x00002f17) auipc   t5, 0x2
core   0: 3 0x8000b2fc (0x00002f17) x30 0x8000d2fc
core   0: 0x8000b300 (0xd03f2223) sw      gp, -764(t5)
core   0: 3 0x8000b300 (0xd03f2223) mem 0x8000d000 0x00000001
core   0: 0x8000b304 (0xff9ff06f) j       pc - 0x8
core   0: 3 0x8000b304 (0xff9ff06f)
core   0: 0x8000b2fc (0x00002f17) auipc   t5, 0x2
core   0: 3 0x8000b2fc (0x00002f17) x30 0x8000d2fc
core   0: 0x8000b300 (0xd03f2223) sw      gp, -764(t5)
core   0: 3 0x8000b300 (0xd03f2223) mem 0x8000d000 0x00000001
core   0: 0x8000b304 (0xff9ff06f) j       pc - 0x8
core   0: 3 0x8000b304 (0xff9ff06f)
core   0: 0x8000b2fc (0x00002f17) auipc   t5, 0x2
core   0: 3 0x8000b2fc (0x00002f17) x30 0x8000d2fc
core   0: 0x8000b300 (0xd03f2223) sw      gp, -764(t5)
core   0: 3 0x8000b300 (0xd03f2223) mem 0x8000d000 0x00000001
core   0: 0x8000b304 (0xff9ff06f) j       pc - 0x8
core   0: 3 0x8000b304 (0xff9ff06f)
core   0: 0x8000b2fc (0x00002f17) auipc   t5, 0x2
core   0: 3 0x8000b2fc (0x00002f17) x30 0x8000d2fc
core   0: 0x8000b300 (0xd03f2223) sw      gp, -764(t5)
core   0: 3 0x8000b300 (0xd03f2223) mem 0x8000d000 0x00000001
core   0: 0x8000b304 (0xff9ff06f) j       pc - 0x8
core   0: 3 0x8000b304 (0xff9ff06f)
core   0: 0x8000b2fc (0x00002f17) auipc   t5, 0x2
core   0: 3 0x8000b2fc (0x00002f17) x30 0x8000d2fc
core   0: 0x8000b300 (0xd03f2223) sw      gp, -764(t5)
core   0: 3 0x8000b300 (0xd03f2223) mem 0x8000d000 0x00000001
core   0: 0x8000b304 (0xff9ff06f) j       pc - 0x8
core   0: 3 0x8000b304 (0xff9ff06f)
core   0: 0x8000b2fc (0x00002f17) auipc   t5, 0x2
core   0: 3 0x8000b2fc (0x00002f17) x30 0x8000d2fc
core   0: 0x8000b300 (0xd03f2223) sw      gp, -764(t5)
core   0: 3 0x8000b300 (0xd03f2223) mem 0x8000d000 0x00000001
core   0: 0x8000b304 (0xff9ff06f) j       pc - 0x8
core   0: 3 0x8000b304 (0xff9ff06f)
core   0: 0x8000b2fc (0x00002f17) auipc   t5, 0x2
core   0: 3 0x8000b2fc (0x00002f17) x30 0x8000d2fc
core   0: 0x8000b300 (0xd03f2223) sw      gp, -764(t5)
core   0: 3 0x8000b300 (0xd03f2223) mem 0x8000d000 0x00000001
core   0: 0x8000b304 (0xff9ff06f) j       pc - 0x8
core   0: 3 0x8000b304 (0xff9ff06f)
core   0: 0x8000b2fc (0x00002f17) auipc   t5, 0x2
core   0: 3 0x8000b2fc (0x00002f17) x30 0x8000d2fc
core   0: 0x8000b300 (0xd03f2223) sw      gp, -764(t5)
core   0: 3 0x8000b300 (0xd03f2223) mem 0x8000d000 0x00000001
core   0: 0x8000b304 (0xff9ff06f) j       pc - 0x8
core   0: 3 0x8000b304 (0xff9ff06f)
core   0: 0x8000b2fc (0x00002f17) auipc   t5, 0x2
core   0: 3 0x8000b2fc (0x00002f17) x30 0x8000d2fc
core   0: 0x8000b300 (0xd03f2223) sw      gp, -764(t5)
core   0: 3 0x8000b300 (0xd03f2223) mem 0x8000d000 0x00000001
core   0: 0x8000b304 (0xff9ff06f) j       pc - 0x8
core   0: 3 0x8000b304 (0xff9ff06f)
core   0: 0x8000b2fc (0x00002f17) auipc   t5, 0x2
core   0: 3 0x8000b2fc (0x00002f17) x30 0x8000d2fc
core   0: 0x8000b300 (0xd03f2223) sw      gp, -764(t5)
core   0: 3 0x8000b300 (0xd03f2223) mem 0x8000d000 0x00000001
core   0: 0x8000b304 (0xff9ff06f) j       pc - 0x8
core   0: 3 0x8000b304 (0xff9ff06f)
core   0: 0x8000b2fc (0x00002f17) auipc   t5, 0x2
core   0: 3 0x8000b2fc (0x00002f17) x30 0x8000d2fc
core   0: 0x8000b300 (0xd03f2223) sw      gp, -764(t5)
core   0: 3 0x8000b300 (0xd03f2223) mem 0x8000d000 0x00000001
core   0: 0x8000b304 (0xff9ff06f) j       pc - 0x8
core   0: 3 0x8000b304 (0xff9ff06f)
core   0: 0x8000b2fc (0x00002f17) auipc   t5, 0x2
core   0: 3 0x8000b2fc (0x00002f17) x30 0x8000d2fc
core   0: 0x8000b300 (0xd03f2223) sw      gp, -764(t5)
core   0: 3 0x8000b300 (0xd03f2223) mem 0x8000d000 0x00000001
core   0: 0x8000b304 (0xff9ff06f) j       pc - 0x8
core   0: 3 0x8000b304 (0xff9ff06f)
core   0: 0x8000b2fc (0x00002f17) auipc   t5, 0x2
core   0: 3 0x8000b2fc (0x00002f17) x30 0x8000d2fc
core   0: 0x8000b300 (0xd03f2223) sw      gp, -764(t5)
core   0: 3 0x8000b300 (0xd03f2223) mem 0x8000d000 0x00000001
core   0: 0x8000b304 (0xff9ff06f) j       pc - 0x8
core   0: 3 0x8000b304 (0xff9ff06f)
core   0: 0x8000b2fc (0x00002f17) auipc   t5, 0x2
core   0: 3 0x8000b2fc (0x00002f17) x30 0x8000d2fc
core   0: 0x8000b300 (0xd03f2223) sw      gp, -764(t5)
core   0: 3 0x8000b300 (0xd03f2223) mem 0x8000d000 0x00000001
core   0: 0x8000b304 (0xff9ff06f) j       pc - 0x8
core   0: 3 0x8000b304 (0xff9ff06f)
core   0: 0x8000b2fc (0x00002f17) auipc   t5, 0x2
core   0: 3 0x8000b2fc (0x00002f17) x30 0x8000d2fc
core   0: 0x8000b300 (0xd03f2223) sw      gp, -764(t5)
core   0: 3 0x8000b300 (0xd03f2223) mem 0x8000d000 0x00000001
core   0: 0x8000b304 (0xff9ff06f) j       pc - 0x8
core   0: 3 0x8000b304 (0xff9ff06f)
core   0: 0x8000b2fc (0x00002f17) auipc   t5, 0x2
core   0: 3 0x8000b2fc (0x00002f17) x30 0x8000d2fc
core   0: 0x8000b300 (0xd03f2223) sw      gp, -764(t5)
core   0: 3 0x8000b300 (0xd03f2223) mem 0x8000d000 0x00000001
core   0: 0x8000b304 (0xff9ff06f) j       pc - 0x8
core   0: 3 0x8000b304 (0xff9ff06f)
core   0: 0x8000b2fc (0x00002f17) auipc   t5, 0x2
core   0: 3 0x8000b2fc (0x00002f17) x30 0x8000d2fc
core   0: 0x8000b300 (0xd03f2223) sw      gp, -764(t5)
core   0: 3 0x8000b300 (0xd03f2223) mem 0x8000d000 0x00000001
core   0: 0x8000b304 (0xff9ff06f) j       pc - 0x8
core   0: 3 0x8000b304 (0xff9ff06f)
core   0: 0x8000b2fc (0x00002f17) auipc   t5, 0x2
core   0: 3 0x8000b2fc (0x00002f17) x30 0x8000d2fc
core   0: 0x8000b300 (0xd03f2223) sw      gp, -764(t5)
core   0: 3 0x8000b300 (0xd03f2223) mem 0x8000d000 0x00000001
core   0: 0x8000b304 (0xff9ff06f) j       pc - 0x8
core   0: 3 0x8000b304 (0xff9ff06f)
core   0: 0x8000b2fc (0x00002f17) auipc   t5, 0x2
core   0: 3 0x8000b2fc (0x00002f17) x30 0x8000d2fc
core   0: 0x8000b300 (0xd03f2223) sw      gp, -764(t5)
core   0: 3 0x8000b300 (0xd03f2223) mem 0x8000d000 0x00000001
core   0: 0x8000b304 (0xff9ff06f) j       pc - 0x8
core   0: 3 0x8000b304 (0xff9ff06f)
core   0: 0x8000b2fc (0x00002f17) auipc   t5, 0x2
core   0: 3 0x8000b2fc (0x00002f17) x30 0x8000d2fc
core   0: 0x8000b300 (0xd03f2223) sw      gp, -764(t5)
core   0: 3 0x8000b300 (0xd03f2223) mem 0x8000d000 0x00000001
core   0: 0x8000b304 (0xff9ff06f) j       pc - 0x8
core   0: 3 0x8000b304 (0xff9ff06f)
core   0: 0x8000b2fc (0x00002f17) auipc   t5, 0x2
core   0: 3 0x8000b2fc (0x00002f17) x30 0x8000d2fc
core   0: 0x8000b300 (0xd03f2223) sw      gp, -764(t5)
core   0: 3 0x8000b300 (0xd03f2223) mem 0x8000d000 0x00000001
core   0: 0x8000b304 (0xff9ff06f) j       pc - 0x8
core   0: 3 0x8000b304 (0xff9ff06f)
core   0: 0x8000b2fc (0x00002f17) auipc   t5, 0x2
core   0: 3 0x8000b2fc (0x00002f17) x30 0x8000d2fc
core   0: 0x8000b300 (0xd03f2223) sw      gp, -764(t5)
core   0: 3 0x8000b300 (0xd03f2223) mem 0x8000d000 0x00000001
core   0: 0x8000b304 (0xff9ff06f) j       pc - 0x8
core   0: 3 0x8000b304 (0xff9ff06f)
core   0: 0x8000b2fc (0x00002f17) auipc   t5, 0x2
core   0: 3 0x8000b2fc (0x00002f17) x30 0x8000d2fc
core   0: 0x8000b300 (0xd03f2223) sw      gp, -764(t5)
core   0: 3 0x8000b300 (0xd03f2223) mem 0x8000d000 0x00000001
core   0: 0x8000b304 (0xff9ff06f) j       pc - 0x8
core   0: 3 0x8000b304 (0xff9ff06f)
core   0: 0x8000b2fc (0x00002f17) auipc   t5, 0x2
core   0: 3 0x8000b2fc (0x00002f17) x30 0x8000d2fc
core   0: 0x8000b300 (0xd03f2223) sw      gp, -764(t5)
core   0: 3 0x8000b300 (0xd03f2223) mem 0x8000d000 0x00000001
core   0: 0x8000b304 (0xff9ff06f) j       pc - 0x8
core   0: 3 0x8000b304 (0xff9ff06f)
core   0: 0x8000b2fc (0x00002f17) auipc   t5, 0x2
core   0: 3 0x8000b2fc (0x00002f17) x30 0x8000d2fc
core   0: 0x8000b300 (0xd03f2223) sw      gp, -764(t5)
core   0: 3 0x8000b300 (0xd03f2223) mem 0x8000d000 0x00000001
core   0: 0x8000b304 (0xff9ff06f) j       pc - 0x8
core   0: 3 0x8000b304 (0xff9ff06f)
core   0: 0x8000b2fc (0x00002f17) auipc   t5, 0x2
core   0: 3 0x8000b2fc (0x00002f17) x30 0x8000d2fc
core   0: 0x8000b300 (0xd03f2223) sw      gp, -764(t5)
core   0: 3 0x8000b300 (0xd03f2223) mem 0x8000d000 0x00000001
core   0: 0x8000b304 (0xff9ff06f) j       pc - 0x8
core   0: 3 0x8000b304 (0xff9ff06f)
core   0: 0x8000b2fc (0x00002f17) auipc   t5, 0x2
core   0: 3 0x8000b2fc (0x00002f17) x30 0x8000d2fc
core   0: 0x8000b300 (0xd03f2223) sw      gp, -764(t5)
core   0: 3 0x8000b300 (0xd03f2223) mem 0x8000d000 0x00000001
core   0: 0x8000b304 (0xff9ff06f) j       pc - 0x8
core   0: 3 0x8000b304 (0xff9ff06f)
core   0: 0x8000b2fc (0x00002f17) auipc   t5, 0x2
core   0: 3 0x8000b2fc (0x00002f17) x30 0x8000d2fc
core   0: 0x8000b300 (0xd03f2223) sw      gp, -764(t5)
core   0: 3 0x8000b300 (0xd03f2223) mem 0x8000d000 0x00000001
core   0: 0x8000b304 (0xff9ff06f) j       pc - 0x8
core   0: 3 0x8000b304 (0xff9ff06f)
core   0: 0x8000b2fc (0x00002f17) auipc   t5, 0x2
core   0: 3 0x8000b2fc (0x00002f17) x30 0x8000d2fc
core   0: 0x8000b300 (0xd03f2223) sw      gp, -764(t5)
core   0: 3 0x8000b300 (0xd03f2223) mem 0x8000d000 0x00000001
core   0: 0x8000b304 (0xff9ff06f) j       pc - 0x8
core   0: 3 0x8000b304 (0xff9ff06f)
core   0: 0x8000b2fc (0x00002f17) auipc   t5, 0x2
core   0: 3 0x8000b2fc (0x00002f17) x30 0x8000d2fc
core   0: 0x8000b300 (0xd03f2223) sw      gp, -764(t5)
core   0: 3 0x8000b300 (0xd03f2223) mem 0x8000d000 0x00000001
core   0: 0x8000b304 (0xff9ff06f) j       pc - 0x8
core   0: 3 0x8000b304 (0xff9ff06f)
core   0: 0x8000b2fc (0x00002f17) auipc   t5, 0x2
core   0: 3 0x8000b2fc (0x00002f17) x30 0x8000d2fc
core   0: 0x8000b300 (0xd03f2223) sw      gp, -764(t5)
core   0: 3 0x8000b300 (0xd03f2223) mem 0x8000d000 0x00000001
core   0: 0x8000b304 (0xff9ff06f) j       pc - 0x8
core   0: 3 0x8000b304 (0xff9ff06f)
core   0: 0x8000b2fc (0x00002f17) auipc   t5, 0x2
core   0: 3 0x8000b2fc (0x00002f17) x30 0x8000d2fc
core   0: 0x8000b300 (0xd03f2223) sw      gp, -764(t5)
core   0: 3 0x8000b300 (0xd03f2223) mem 0x8000d000 0x00000001
core   0: 0x8000b304 (0xff9ff06f) j       pc - 0x8
core   0: 3 0x8000b304 (0xff9ff06f)
core   0: 0x8000b2fc (0x00002f17) auipc   t5, 0x2
core   0: 3 0x8000b2fc (0x00002f17) x30 0x8000d2fc
core   0: 0x8000b300 (0xd03f2223) sw      gp, -764(t5)
core   0: 3 0x8000b300 (0xd03f2223) mem 0x8000d000 0x00000001
core   0: 0x8000b304 (0xff9ff06f) j       pc - 0x8
core   0: 3 0x8000b304 (0xff9ff06f)
core   0: 0x8000b2fc (0x00002f17) auipc   t5, 0x2
core   0: 3 0x8000b2fc (0x00002f17) x30 0x8000d2fc
core   0: 0x8000b300 (0xd03f2223) sw      gp, -764(t5)
core   0: 3 0x8000b300 (0xd03f2223) mem 0x8000d000 0x00000001
core   0: 0x8000b304 (0xff9ff06f) j       pc - 0x8
core   0: 3 0x8000b304 (0xff9ff06f)
core   0: 0x8000b2fc (0x00002f17) auipc   t5, 0x2
core   0: 3 0x8000b2fc (0x00002f17) x30 0x8000d2fc
core   0: 0x8000b300 (0xd03f2223) sw      gp, -764(t5)
core   0: 3 0x8000b300 (0xd03f2223) mem 0x8000d000 0x00000001
core   0: 0x8000b304 (0xff9ff06f) j       pc - 0x8
core   0: 3 0x8000b304 (0xff9ff06f)
core   0: 0x8000b2fc (0x00002f17) auipc   t5, 0x2
core   0: 3 0x8000b2fc (0x00002f17) x30 0x8000d2fc
core   0: 0x8000b300 (0xd03f2223) sw      gp, -764(t5)
core   0: 3 0x8000b300 (0xd03f2223) mem 0x8000d000 0x00000001
core   0: 0x8000b304 (0xff9ff06f) j       pc - 0x8
core   0: 3 0x8000b304 (0xff9ff06f)
core   0: 0x8000b2fc (0x00002f17) auipc   t5, 0x2
core   0: 3 0x8000b2fc (0x00002f17) x30 0x8000d2fc
core   0: 0x8000b300 (0xd03f2223) sw      gp, -764(t5)
core   0: 3 0x8000b300 (0xd03f2223) mem 0x8000d000 0x00000001
core   0: 0x8000b304 (0xff9ff06f) j       pc - 0x8
core   0: 3 0x8000b304 (0xff9ff06f)
core   0: 0x8000b2fc (0x00002f17) auipc   t5, 0x2
core   0: 3 0x8000b2fc (0x00002f17) x30 0x8000d2fc
core   0: 0x8000b300 (0xd03f2223) sw      gp, -764(t5)
core   0: 3 0x8000b300 (0xd03f2223) mem 0x8000d000 0x00000001
core   0: 0x8000b304 (0xff9ff06f) j       pc - 0x8
core   0: 3 0x8000b304 (0xff9ff06f)
core   0: 0x8000b2fc (0x00002f17) auipc   t5, 0x2
core   0: 3 0x8000b2fc (0x00002f17) x30 0x8000d2fc
core   0: 0x8000b300 (0xd03f2223) sw      gp, -764(t5)
core   0: 3 0x8000b300 (0xd03f2223) mem 0x8000d000 0x00000001
core   0: 0x8000b304 (0xff9ff06f) j       pc - 0x8
core   0: 3 0x8000b304 (0xff9ff06f)
core   0: 0x8000b2fc (0x00002f17) auipc   t5, 0x2
core   0: 3 0x8000b2fc (0x00002f17) x30 0x8000d2fc
core   0: 0x8000b300 (0xd03f2223) sw      gp, -764(t5)
core   0: 3 0x8000b300 (0xd03f2223) mem 0x8000d000 0x00000001
core   0: 0x8000b304 (0xff9ff06f) j       pc - 0x8
core   0: 3 0x8000b304 (0xff9ff06f)
core   0: 0x8000b2fc (0x00002f17) auipc   t5, 0x2
core   0: 3 0x8000b2fc (0x00002f17) x30 0x8000d2fc
core   0: 0x8000b300 (0xd03f2223) sw      gp, -764(t5)
core   0: 3 0x8000b300 (0xd03f2223) mem 0x8000d000 0x00000001
core   0: 0x8000b304 (0xff9ff06f) j       pc - 0x8
core   0: 3 0x8000b304 (0xff9ff06f)
core   0: 0x8000b2fc (0x00002f17) auipc   t5, 0x2
core   0: 3 0x8000b2fc (0x00002f17) x30 0x8000d2fc
core   0: 0x8000b300 (0xd03f2223) sw      gp, -764(t5)
core   0: 3 0x8000b300 (0xd03f2223) mem 0x8000d000 0x00000001
core   0: 0x8000b304 (0xff9ff06f) j       pc - 0x8
core   0: 3 0x8000b304 (0xff9ff06f)
core   0: 0x8000b2fc (0x00002f17) auipc   t5, 0x2
core   0: 3 0x8000b2fc (0x00002f17) x30 0x8000d2fc
core   0: 0x8000b300 (0xd03f2223) sw      gp, -764(t5)
core   0: 3 0x8000b300 (0xd03f2223) mem 0x8000d000 0x00000001
core   0: 0x8000b304 (0xff9ff06f) j       pc - 0x8
core   0: 3 0x8000b304 (0xff9ff06f)
core   0: 0x8000b2fc (0x00002f17) auipc   t5, 0x2
core   0: 3 0x8000b2fc (0x00002f17) x30 0x8000d2fc
core   0: 0x8000b300 (0xd03f2223) sw      gp, -764(t5)
core   0: 3 0x8000b300 (0xd03f2223) mem 0x8000d000 0x00000001
core   0: 0x8000b304 (0xff9ff06f) j       pc - 0x8
core   0: 3 0x8000b304 (0xff9ff06f)
core   0: 0x8000b2fc (0x00002f17) auipc   t5, 0x2
core   0: 3 0x8000b2fc (0x00002f17) x30 0x8000d2fc
core   0: 0x8000b300 (0xd03f2223) sw      gp, -764(t5)
core   0: 3 0x8000b300 (0xd03f2223) mem 0x8000d000 0x00000001
core   0: 0x8000b304 (0xff9ff06f) j       pc - 0x8
core   0: 3 0x8000b304 (0xff9ff06f)
core   0: 0x8000b2fc (0x00002f17) auipc   t5, 0x2
core   0: 3 0x8000b2fc (0x00002f17) x30 0x8000d2fc
core   0: 0x8000b300 (0xd03f2223) sw      gp, -764(t5)
core   0: 3 0x8000b300 (0xd03f2223) mem 0x8000d000 0x00000001
core   0: 0x8000b304 (0xff9ff06f) j       pc - 0x8
core   0: 3 0x8000b304 (0xff9ff06f)
core   0: 0x8000b2fc (0x00002f17) auipc   t5, 0x2
core   0: 3 0x8000b2fc (0x00002f17) x30 0x8000d2fc
core   0: 0x8000b300 (0xd03f2223) sw      gp, -764(t5)
core   0: 3 0x8000b300 (0xd03f2223) mem 0x8000d000 0x00000001
core   0: 0x8000b304 (0xff9ff06f) j       pc - 0x8
core   0: 3 0x8000b304 (0xff9ff06f)
core   0: 0x8000b2fc (0x00002f17) auipc   t5, 0x2
core   0: 3 0x8000b2fc (0x00002f17) x30 0x8000d2fc
core   0: 0x8000b300 (0xd03f2223) sw      gp, -764(t5)
core   0: 3 0x8000b300 (0xd03f2223) mem 0x8000d000 0x00000001
core   0: 0x8000b304 (0xff9ff06f) j       pc - 0x8
core   0: 3 0x8000b304 (0xff9ff06f)
core   0: 0x8000b2fc (0x00002f17) auipc   t5, 0x2
core   0: 3 0x8000b2fc (0x00002f17) x30 0x8000d2fc
core   0: 0x8000b300 (0xd03f2223) sw      gp, -764(t5)
core   0: 3 0x8000b300 (0xd03f2223) mem 0x8000d000 0x00000001
core   0: 0x8000b304 (0xff9ff06f) j       pc - 0x8
core   0: 3 0x8000b304 (0xff9ff06f)
core   0: 0x8000b2fc (0x00002f17) auipc   t5, 0x2
core   0: 3 0x8000b2fc (0x00002f17) x30 0x8000d2fc
core   0: 0x8000b300 (0xd03f2223) sw      gp, -764(t5)
core   0: 3 0x8000b300 (0xd03f2223) mem 0x8000d000 0x00000001
core   0: 0x8000b304 (0xff9ff06f) j       pc - 0x8
core   0: 3 0x8000b304 (0xff9ff06f)
core   0: 0x8000b2fc (0x00002f17) auipc   t5, 0x2
core   0: 3 0x8000b2fc (0x00002f17) x30 0x8000d2fc
core   0: 0x8000b300 (0xd03f2223) sw      gp, -764(t5)
core   0: 3 0x8000b300 (0xd03f2223) mem 0x8000d000 0x00000001
core   0: 0x8000b304 (0xff9ff06f) j       pc - 0x8
core   0: 3 0x8000b304 (0xff9ff06f)
core   0: 0x8000b2fc (0x00002f17) auipc   t5, 0x2
core   0: 3 0x8000b2fc (0x00002f17) x30 0x8000d2fc
core   0: 0x8000b300 (0xd03f2223) sw      gp, -764(t5)
core   0: 3 0x8000b300 (0xd03f2223) mem 0x8000d000 0x00000001
core   0: 0x8000b304 (0xff9ff06f) j       pc - 0x8
core   0: 3 0x8000b304 (0xff9ff06f)
core   0: 0x8000b2fc (0x00002f17) auipc   t5, 0x2
core   0: 3 0x8000b2fc (0x00002f17) x30 0x8000d2fc
core   0: 0x8000b300 (0xd03f2223) sw      gp, -764(t5)
core   0: 3 0x8000b300 (0xd03f2223) mem 0x8000d000 0x00000001
core   0: 0x8000b304 (0xff9ff06f) j       pc - 0x8
core   0: 3 0x8000b304 (0xff9ff06f)
core   0: 0x8000b2fc (0x00002f17) auipc   t5, 0x2
core   0: 3 0x8000b2fc (0x00002f17) x30 0x8000d2fc
core   0: 0x8000b300 (0xd03f2223) sw      gp, -764(t5)
core   0: 3 0x8000b300 (0xd03f2223) mem 0x8000d000 0x00000001
core   0: 0x8000b304 (0xff9ff06f) j       pc - 0x8
core   0: 3 0x8000b304 (0xff9ff06f)
core   0: 0x8000b2fc (0x00002f17) auipc   t5, 0x2
core   0: 3 0x8000b2fc (0x00002f17) x30 0x8000d2fc
core   0: 0x8000b300 (0xd03f2223) sw      gp, -764(t5)
core   0: 3 0x8000b300 (0xd03f2223) mem 0x8000d000 0x00000001
core   0: 0x8000b304 (0xff9ff06f) j       pc - 0x8
core   0: 3 0x8000b304 (0xff9ff06f)
core   0: 0x8000b2fc (0x00002f17) auipc   t5, 0x2
core   0: 3 0x8000b2fc (0x00002f17) x30 0x8000d2fc
core   0: 0x8000b300 (0xd03f2223) sw      gp, -764(t5)
core   0: 3 0x8000b300 (0xd03f2223) mem 0x8000d000 0x00000001
core   0: 0x8000b304 (0xff9ff06f) j       pc - 0x8
core   0: 3 0x8000b304 (0xff9ff06f)
core   0: 0x8000b2fc (0x00002f17) auipc   t5, 0x2
core   0: 3 0x8000b2fc (0x00002f17) x30 0x8000d2fc
core   0: 0x8000b300 (0xd03f2223) sw      gp, -764(t5)
core   0: 3 0x8000b300 (0xd03f2223) mem 0x8000d000 0x00000001
core   0: 0x8000b304 (0xff9ff06f) j       pc - 0x8
core   0: 3 0x8000b304 (0xff9ff06f)
core   0: 0x8000b2fc (0x00002f17) auipc   t5, 0x2
core   0: 3 0x8000b2fc (0x00002f17) x30 0x8000d2fc
core   0: 0x8000b300 (0xd03f2223) sw      gp, -764(t5)
core   0: 3 0x8000b300 (0xd03f2223) mem 0x8000d000 0x00000001
core   0: 0x8000b304 (0xff9ff06f) j       pc - 0x8
core   0: 3 0x8000b304 (0xff9ff06f)
core   0: 0x8000b2fc (0x00002f17) auipc   t5, 0x2
core   0: 3 0x8000b2fc (0x00002f17) x30 0x8000d2fc
core   0: 0x8000b300 (0xd03f2223) sw      gp, -764(t5)
core   0: 3 0x8000b300 (0xd03f2223) mem 0x8000d000 0x00000001
core   0: 0x8000b304 (0xff9ff06f) j       pc - 0x8
core   0: 3 0x8000b304 (0xff9ff06f)
core   0: 0x8000b2fc (0x00002f17) auipc   t5, 0x2
core   0: 3 0x8000b2fc (0x00002f17) x30 0x8000d2fc
core   0: 0x8000b300 (0xd03f2223) sw      gp, -764(t5)
core   0: 3 0x8000b300 (0xd03f2223) mem 0x8000d000 0x00000001
core   0: 0x8000b304 (0xff9ff06f) j       pc - 0x8
core   0: 3 0x8000b304 (0xff9ff06f)
core   0: 0x8000b2fc (0x00002f17) auipc   t5, 0x2
core   0: 3 0x8000b2fc (0x00002f17) x30 0x8000d2fc
core   0: 0x8000b300 (0xd03f2223) sw      gp, -764(t5)
core   0: 3 0x8000b300 (0xd03f2223) mem 0x8000d000 0x00000001
core   0: 0x8000b304 (0xff9ff06f) j       pc - 0x8
core   0: 3 0x8000b304 (0xff9ff06f)
core   0: 0x8000b2fc (0x00002f17) auipc   t5, 0x2
core   0: 3 0x8000b2fc (0x00002f17) x30 0x8000d2fc
core   0: 0x8000b300 (0xd03f2223) sw      gp, -764(t5)
core   0: 3 0x8000b300 (0xd03f2223) mem 0x8000d000 0x00000001
core   0: 0x8000b304 (0xff9ff06f) j       pc - 0x8
core   0: 3 0x8000b304 (0xff9ff06f)
core   0: 0x8000b2fc (0x00002f17) auipc   t5, 0x2
core   0: 3 0x8000b2fc (0x00002f17) x30 0x8000d2fc
core   0: 0x8000b300 (0xd03f2223) sw      gp, -764(t5)
core   0: 3 0x8000b300 (0xd03f2223) mem 0x8000d000 0x00000001
core   0: 0x8000b304 (0xff9ff06f) j       pc - 0x8
core   0: 3 0x8000b304 (0xff9ff06f)
core   0: 0x8000b2fc (0x00002f17) auipc   t5, 0x2
core   0: 3 0x8000b2fc (0x00002f17) x30 0x8000d2fc
core   0: 0x8000b300 (0xd03f2223) sw      gp, -764(t5)
core   0: 3 0x8000b300 (0xd03f2223) mem 0x8000d000 0x00000001
core   0: 0x8000b304 (0xff9ff06f) j       pc - 0x8
core   0: 3 0x8000b304 (0xff9ff06f)
core   0: 0x8000b2fc (0x00002f17) auipc   t5, 0x2
core   0: 3 0x8000b2fc (0x00002f17) x30 0x8000d2fc
core   0: 0x8000b300 (0xd03f2223) sw      gp, -764(t5)
core   0: 3 0x8000b300 (0xd03f2223) mem 0x8000d000 0x00000001
core   0: 0x8000b304 (0xff9ff06f) j       pc - 0x8
core   0: 3 0x8000b304 (0xff9ff06f)
core   0: 0x8000b2fc (0x00002f17) auipc   t5, 0x2
core   0: 3 0x8000b2fc (0x00002f17) x30 0x8000d2fc
core   0: 0x8000b300 (0xd03f2223) sw      gp, -764(t5)
core   0: 3 0x8000b300 (0xd03f2223) mem 0x8000d000 0x00000001
core   0: 0x8000b304 (0xff9ff06f) j       pc - 0x8
core   0: 3 0x8000b304 (0xff9ff06f)
core   0: 0x8000b2fc (0x00002f17) auipc   t5, 0x2
core   0: 3 0x8000b2fc (0x00002f17) x30 0x8000d2fc
core   0: 0x8000b300 (0xd03f2223) sw      gp, -764(t5)
core   0: 3 0x8000b300 (0xd03f2223) mem 0x8000d000 0x00000001
core   0: 0x8000b304 (0xff9ff06f) j       pc - 0x8
core   0: 3 0x8000b304 (0xff9ff06f)
core   0: 0x8000b2fc (0x00002f17) auipc   t5, 0x2
core   0: 3 0x8000b2fc (0x00002f17) x30 0x8000d2fc
core   0: 0x8000b300 (0xd03f2223) sw      gp, -764(t5)
core   0: 3 0x8000b300 (0xd03f2223) mem 0x8000d000 0x00000001
core   0: 0x8000b304 (0xff9ff06f) j       pc - 0x8
core   0: 3 0x8000b304 (0xff9ff06f)
core   0: 0x8000b2fc (0x00002f17) auipc   t5, 0x2
core   0: 3 0x8000b2fc (0x00002f17) x30 0x8000d2fc
core   0: 0x8000b300 (0xd03f2223) sw      gp, -764(t5)
core   0: 3 0x8000b300 (0xd03f2223) mem 0x8000d000 0x00000001
core   0: 0x8000b304 (0xff9ff06f) j       pc - 0x8
core   0: 3 0x8000b304 (0xff9ff06f)
core   0: 0x8000b2fc (0x00002f17) auipc   t5, 0x2
core   0: 3 0x8000b2fc (0x00002f17) x30 0x8000d2fc
core   0: 0x8000b300 (0xd03f2223) sw      gp, -764(t5)
core   0: 3 0x8000b300 (0xd03f2223) mem 0x8000d000 0x00000001
core   0: 0x8000b304 (0xff9ff06f) j       pc - 0x8
core   0: 3 0x8000b304 (0xff9ff06f)
core   0: 0x8000b2fc (0x00002f17) auipc   t5, 0x2
core   0: 3 0x8000b2fc (0x00002f17) x30 0x8000d2fc
core   0: 0x8000b300 (0xd03f2223) sw      gp, -764(t5)
core   0: 3 0x8000b300 (0xd03f2223) mem 0x8000d000 0x00000001
core   0: 0x8000b304 (0xff9ff06f) j       pc - 0x8
core   0: 3 0x8000b304 (0xff9ff06f)
core   0: 0x8000b2fc (0x00002f17) auipc   t5, 0x2
core   0: 3 0x8000b2fc (0x00002f17) x30 0x8000d2fc
core   0: 0x8000b300 (0xd03f2223) sw      gp, -764(t5)
core   0: 3 0x8000b300 (0xd03f2223) mem 0x8000d000 0x00000001
core   0: 0x8000b304 (0xff9ff06f) j       pc - 0x8
core   0: 3 0x8000b304 (0xff9ff06f)
core   0: 0x8000b2fc (0x00002f17) auipc   t5, 0x2
core   0: 3 0x8000b2fc (0x00002f17) x30 0x8000d2fc
core   0: 0x8000b300 (0xd03f2223) sw      gp, -764(t5)
core   0: 3 0x8000b300 (0xd03f2223) mem 0x8000d000 0x00000001
core   0: 0x8000b304 (0xff9ff06f) j       pc - 0x8
core   0: 3 0x8000b304 (0xff9ff06f)
core   0: 0x8000b2fc (0x00002f17) auipc   t5, 0x2
core   0: 3 0x8000b2fc (0x00002f17) x30 0x8000d2fc
core   0: 0x8000b300 (0xd03f2223) sw      gp, -764(t5)
core   0: 3 0x8000b300 (0xd03f2223) mem 0x8000d000 0x00000001
core   0: 0x8000b304 (0xff9ff06f) j       pc - 0x8
core   0: 3 0x8000b304 (0xff9ff06f)
core   0: 0x8000b2fc (0x00002f17) auipc   t5, 0x2
core   0: 3 0x8000b2fc (0x00002f17) x30 0x8000d2fc
core   0: 0x8000b300 (0xd03f2223) sw      gp, -764(t5)
core   0: 3 0x8000b300 (0xd03f2223) mem 0x8000d000 0x00000001
core   0: 0x8000b304 (0xff9ff06f) j       pc - 0x8
core   0: 3 0x8000b304 (0xff9ff06f)
core   0: 0x8000b2fc (0x00002f17) auipc   t5, 0x2
core   0: 3 0x8000b2fc (0x00002f17) x30 0x8000d2fc
core   0: 0x8000b300 (0xd03f2223) sw      gp, -764(t5)
core   0: 3 0x8000b300 (0xd03f2223) mem 0x8000d000 0x00000001
core   0: 0x8000b304 (0xff9ff06f) j       pc - 0x8
core   0: 3 0x8000b304 (0xff9ff06f)
core   0: 0x8000b2fc (0x00002f17) auipc   t5, 0x2
core   0: 3 0x8000b2fc (0x00002f17) x30 0x8000d2fc
core   0: 0x8000b300 (0xd03f2223) sw      gp, -764(t5)
core   0: 3 0x8000b300 (0xd03f2223) mem 0x8000d000 0x00000001
core   0: 0x8000b304 (0xff9ff06f) j       pc - 0x8
core   0: 3 0x8000b304 (0xff9ff06f)
core   0: 0x8000b2fc (0x00002f17) auipc   t5, 0x2
core   0: 3 0x8000b2fc (0x00002f17) x30 0x8000d2fc
core   0: 0x8000b300 (0xd03f2223) sw      gp, -764(t5)
core   0: 3 0x8000b300 (0xd03f2223) mem 0x8000d000 0x00000001
core   0: 0x8000b304 (0xff9ff06f) j       pc - 0x8
core   0: 3 0x8000b304 (0xff9ff06f)
core   0: 0x8000b2fc (0x00002f17) auipc   t5, 0x2
core   0: 3 0x8000b2fc (0x00002f17) x30 0x8000d2fc
core   0: 0x8000b300 (0xd03f2223) sw      gp, -764(t5)
core   0: 3 0x8000b300 (0xd03f2223) mem 0x8000d000 0x00000001
core   0: 0x8000b304 (0xff9ff06f) j       pc - 0x8
core   0: 3 0x8000b304 (0xff9ff06f)
core   0: 0x8000b2fc (0x00002f17) auipc   t5, 0x2
core   0: 3 0x8000b2fc (0x00002f17) x30 0x8000d2fc
core   0: 0x8000b300 (0xd03f2223) sw      gp, -764(t5)
core   0: 3 0x8000b300 (0xd03f2223) mem 0x8000d000 0x00000001
core   0: 0x8000b304 (0xff9ff06f) j       pc - 0x8
core   0: 3 0x8000b304 (0xff9ff06f)
core   0: 0x8000b2fc (0x00002f17) auipc   t5, 0x2
core   0: 3 0x8000b2fc (0x00002f17) x30 0x8000d2fc
core   0: 0x8000b300 (0xd03f2223) sw      gp, -764(t5)
core   0: 3 0x8000b300 (0xd03f2223) mem 0x8000d000 0x00000001
core   0: 0x8000b304 (0xff9ff06f) j       pc - 0x8
core   0: 3 0x8000b304 (0xff9ff06f)
core   0: 0x8000b2fc (0x00002f17) auipc   t5, 0x2
core   0: 3 0x8000b2fc (0x00002f17) x30 0x8000d2fc
core   0: 0x8000b300 (0xd03f2223) sw      gp, -764(t5)
core   0: 3 0x8000b300 (0xd03f2223) mem 0x8000d000 0x00000001
core   0: 0x8000b304 (0xff9ff06f) j       pc - 0x8
core   0: 3 0x8000b304 (0xff9ff06f)
core   0: 0x8000b2fc (0x00002f17) auipc   t5, 0x2
core   0: 3 0x8000b2fc (0x00002f17) x30 0x8000d2fc
core   0: 0x8000b300 (0xd03f2223) sw      gp, -764(t5)
core   0: 3 0x8000b300 (0xd03f2223) mem 0x8000d000 0x00000001
core   0: 0x8000b304 (0xff9ff06f) j       pc - 0x8
core   0: 3 0x8000b304 (0xff9ff06f)
core   0: 0x8000b2fc (0x00002f17) auipc   t5, 0x2
core   0: 3 0x8000b2fc (0x00002f17) x30 0x8000d2fc
core   0: 0x8000b300 (0xd03f2223) sw      gp, -764(t5)
core   0: 3 0x8000b300 (0xd03f2223) mem 0x8000d000 0x00000001
core   0: 0x8000b304 (0xff9ff06f) j       pc - 0x8
core   0: 3 0x8000b304 (0xff9ff06f)
core   0: 0x8000b2fc (0x00002f17) auipc   t5, 0x2
core   0: 3 0x8000b2fc (0x00002f17) x30 0x8000d2fc
core   0: 0x8000b300 (0xd03f2223) sw      gp, -764(t5)
core   0: 3 0x8000b300 (0xd03f2223) mem 0x8000d000 0x00000001
core   0: 0x8000b304 (0xff9ff06f) j       pc - 0x8
core   0: 3 0x8000b304 (0xff9ff06f)
core   0: 0x8000b2fc (0x00002f17) auipc   t5, 0x2
core   0: 3 0x8000b2fc (0x00002f17) x30 0x8000d2fc
core   0: 0x8000b300 (0xd03f2223) sw      gp, -764(t5)
core   0: 3 0x8000b300 (0xd03f2223) mem 0x8000d000 0x00000001
core   0: 0x8000b304 (0xff9ff06f) j       pc - 0x8
core   0: 3 0x8000b304 (0xff9ff06f)
core   0: 0x8000b2fc (0x00002f17) auipc   t5, 0x2
core   0: 3 0x8000b2fc (0x00002f17) x30 0x8000d2fc
core   0: 0x8000b300 (0xd03f2223) sw      gp, -764(t5)
core   0: 3 0x8000b300 (0xd03f2223) mem 0x8000d000 0x00000001
core   0: 0x8000b304 (0xff9ff06f) j       pc - 0x8
core   0: 3 0x8000b304 (0xff9ff06f)
core   0: 0x8000b2fc (0x00002f17) auipc   t5, 0x2
core   0: 3 0x8000b2fc (0x00002f17) x30 0x8000d2fc
core   0: 0x8000b300 (0xd03f2223) sw      gp, -764(t5)
core   0: 3 0x8000b300 (0xd03f2223) mem 0x8000d000 0x00000001
core   0: 0x8000b304 (0xff9ff06f) j       pc - 0x8
core   0: 3 0x8000b304 (0xff9ff06f)
core   0: 0x8000b2fc (0x00002f17) auipc   t5, 0x2
core   0: 3 0x8000b2fc (0x00002f17) x30 0x8000d2fc
core   0: 0x8000b300 (0xd03f2223) sw      gp, -764(t5)
core   0: 3 0x8000b300 (0xd03f2223) mem 0x8000d000 0x00000001
core   0: 0x8000b304 (0xff9ff06f) j       pc - 0x8
core   0: 3 0x8000b304 (0xff9ff06f)
core   0: 0x8000b2fc (0x00002f17) auipc   t5, 0x2
core   0: 3 0x8000b2fc (0x00002f17) x30 0x8000d2fc
core   0: 0x8000b300 (0xd03f2223) sw      gp, -764(t5)
core   0: 3 0x8000b300 (0xd03f2223) mem 0x8000d000 0x00000001
core   0: 0x8000b304 (0xff9ff06f) j       pc - 0x8
core   0: 3 0x8000b304 (0xff9ff06f)
core   0: 0x8000b2fc (0x00002f17) auipc   t5, 0x2
core   0: 3 0x8000b2fc (0x00002f17) x30 0x8000d2fc
core   0: 0x8000b300 (0xd03f2223) sw      gp, -764(t5)
core   0: 3 0x8000b300 (0xd03f2223) mem 0x8000d000 0x00000001
core   0: 0x8000b304 (0xff9ff06f) j       pc - 0x8
core   0: 3 0x8000b304 (0xff9ff06f)
core   0: 0x8000b2fc (0x00002f17) auipc   t5, 0x2
core   0: 3 0x8000b2fc (0x00002f17) x30 0x8000d2fc
core   0: 0x8000b300 (0xd03f2223) sw      gp, -764(t5)
core   0: 3 0x8000b300 (0xd03f2223) mem 0x8000d000 0x00000001
core   0: 0x8000b304 (0xff9ff06f) j       pc - 0x8
core   0: 3 0x8000b304 (0xff9ff06f)
core   0: 0x8000b2fc (0x00002f17) auipc   t5, 0x2
core   0: 3 0x8000b2fc (0x00002f17) x30 0x8000d2fc
core   0: 0x8000b300 (0xd03f2223) sw      gp, -764(t5)
core   0: 3 0x8000b300 (0xd03f2223) mem 0x8000d000 0x00000001
core   0: 0x8000b304 (0xff9ff06f) j       pc - 0x8
core   0: 3 0x8000b304 (0xff9ff06f)
core   0: 0x8000b2fc (0x00002f17) auipc   t5, 0x2
core   0: 3 0x8000b2fc (0x00002f17) x30 0x8000d2fc
core   0: 0x8000b300 (0xd03f2223) sw      gp, -764(t5)
core   0: 3 0x8000b300 (0xd03f2223) mem 0x8000d000 0x00000001
core   0: 0x8000b304 (0xff9ff06f) j       pc - 0x8
core   0: 3 0x8000b304 (0xff9ff06f)
core   0: 0x8000b2fc (0x00002f17) auipc   t5, 0x2
core   0: 3 0x8000b2fc (0x00002f17) x30 0x8000d2fc
core   0: 0x8000b300 (0xd03f2223) sw      gp, -764(t5)
core   0: 3 0x8000b300 (0xd03f2223) mem 0x8000d000 0x00000001
core   0: 0x8000b304 (0xff9ff06f) j       pc - 0x8
core   0: 3 0x8000b304 (0xff9ff06f)
core   0: 0x8000b2fc (0x00002f17) auipc   t5, 0x2
core   0: 3 0x8000b2fc (0x00002f17) x30 0x8000d2fc
core   0: 0x8000b300 (0xd03f2223) sw      gp, -764(t5)
core   0: 3 0x8000b300 (0xd03f2223) mem 0x8000d000 0x00000001
core   0: 0x8000b304 (0xff9ff06f) j       pc - 0x8
core   0: 3 0x8000b304 (0xff9ff06f)
core   0: 0x8000b2fc (0x00002f17) auipc   t5, 0x2
core   0: 3 0x8000b2fc (0x00002f17) x30 0x8000d2fc
core   0: 0x8000b300 (0xd03f2223) sw      gp, -764(t5)
core   0: 3 0x8000b300 (0xd03f2223) mem 0x8000d000 0x00000001
core   0: 0x8000b304 (0xff9ff06f) j       pc - 0x8
core   0: 3 0x8000b304 (0xff9ff06f)
core   0: 0x8000b2fc (0x00002f17) auipc   t5, 0x2
core   0: 3 0x8000b2fc (0x00002f17) x30 0x8000d2fc
core   0: 0x8000b300 (0xd03f2223) sw      gp, -764(t5)
core   0: 3 0x8000b300 (0xd03f2223) mem 0x8000d000 0x00000001
core   0: 0x8000b304 (0xff9ff06f) j       pc - 0x8
core   0: 3 0x8000b304 (0xff9ff06f)
core   0: 0x8000b2fc (0x00002f17) auipc   t5, 0x2
core   0: 3 0x8000b2fc (0x00002f17) x30 0x8000d2fc
core   0: 0x8000b300 (0xd03f2223) sw      gp, -764(t5)
core   0: 3 0x8000b300 (0xd03f2223) mem 0x8000d000 0x00000001
core   0: 0x8000b304 (0xff9ff06f) j       pc - 0x8
core   0: 3 0x8000b304 (0xff9ff06f)
core   0: 0x8000b2fc (0x00002f17) auipc   t5, 0x2
core   0: 3 0x8000b2fc (0x00002f17) x30 0x8000d2fc
core   0: 0x8000b300 (0xd03f2223) sw      gp, -764(t5)
core   0: 3 0x8000b300 (0xd03f2223) mem 0x8000d000 0x00000001
core   0: 0x8000b304 (0xff9ff06f) j       pc - 0x8
core   0: 3 0x8000b304 (0xff9ff06f)
core   0: 0x8000b2fc (0x00002f17) auipc   t5, 0x2
core   0: 3 0x8000b2fc (0x00002f17) x30 0x8000d2fc
core   0: 0x8000b300 (0xd03f2223) sw      gp, -764(t5)
core   0: 3 0x8000b300 (0xd03f2223) mem 0x8000d000 0x00000001
core   0: 0x8000b304 (0xff9ff06f) j       pc - 0x8
core   0: 3 0x8000b304 (0xff9ff06f)
core   0: 0x8000b2fc (0x00002f17) auipc   t5, 0x2
core   0: 3 0x8000b2fc (0x00002f17) x30 0x8000d2fc
core   0: 0x8000b300 (0xd03f2223) sw      gp, -764(t5)
core   0: 3 0x8000b300 (0xd03f2223) mem 0x8000d000 0x00000001
core   0: 0x8000b304 (0xff9ff06f) j       pc - 0x8
core   0: 3 0x8000b304 (0xff9ff06f)
core   0: 0x8000b2fc (0x00002f17) auipc   t5, 0x2
core   0: 3 0x8000b2fc (0x00002f17) x30 0x8000d2fc
core   0: 0x8000b300 (0xd03f2223) sw      gp, -764(t5)
core   0: 3 0x8000b300 (0xd03f2223) mem 0x8000d000 0x00000001
core   0: 0x8000b304 (0xff9ff06f) j       pc - 0x8
core   0: 3 0x8000b304 (0xff9ff06f)
core   0: 0x8000b2fc (0x00002f17) auipc   t5, 0x2
core   0: 3 0x8000b2fc (0x00002f17) x30 0x8000d2fc
core   0: 0x8000b300 (0xd03f2223) sw      gp, -764(t5)
core   0: 3 0x8000b300 (0xd03f2223) mem 0x8000d000 0x00000001
core   0: 0x8000b304 (0xff9ff06f) j       pc - 0x8
core   0: 3 0x8000b304 (0xff9ff06f)
core   0: 0x8000b2fc (0x00002f17) auipc   t5, 0x2
core   0: 3 0x8000b2fc (0x00002f17) x30 0x8000d2fc
core   0: 0x8000b300 (0xd03f2223) sw      gp, -764(t5)
core   0: 3 0x8000b300 (0xd03f2223) mem 0x8000d000 0x00000001
core   0: 0x8000b304 (0xff9ff06f) j       pc - 0x8
core   0: 3 0x8000b304 (0xff9ff06f)
core   0: 0x8000b2fc (0x00002f17) auipc   t5, 0x2
core   0: 3 0x8000b2fc (0x00002f17) x30 0x8000d2fc
core   0: 0x8000b300 (0xd03f2223) sw      gp, -764(t5)
core   0: 3 0x8000b300 (0xd03f2223) mem 0x8000d000 0x00000001
core   0: 0x8000b304 (0xff9ff06f) j       pc - 0x8
core   0: 3 0x8000b304 (0xff9ff06f)
core   0: 0x8000b2fc (0x00002f17) auipc   t5, 0x2
core   0: 3 0x8000b2fc (0x00002f17) x30 0x8000d2fc
core   0: 0x8000b300 (0xd03f2223) sw      gp, -764(t5)
core   0: 3 0x8000b300 (0xd03f2223) mem 0x8000d000 0x00000001
core   0: 0x8000b304 (0xff9ff06f) j       pc - 0x8
core   0: 3 0x8000b304 (0xff9ff06f)
core   0: 0x8000b2fc (0x00002f17) auipc   t5, 0x2
core   0: 3 0x8000b2fc (0x00002f17) x30 0x8000d2fc
core   0: 0x8000b300 (0xd03f2223) sw      gp, -764(t5)
core   0: 3 0x8000b300 (0xd03f2223) mem 0x8000d000 0x00000001
core   0: 0x8000b304 (0xff9ff06f) j       pc - 0x8
core   0: 3 0x8000b304 (0xff9ff06f)
core   0: 0x8000b2fc (0x00002f17) auipc   t5, 0x2
core   0: 3 0x8000b2fc (0x00002f17) x30 0x8000d2fc
core   0: 0x8000b300 (0xd03f2223) sw      gp, -764(t5)
core   0: 3 0x8000b300 (0xd03f2223) mem 0x8000d000 0x00000001
core   0: 0x8000b304 (0xff9ff06f) j       pc - 0x8
core   0: 3 0x8000b304 (0xff9ff06f)
core   0: 0x8000b2fc (0x00002f17) auipc   t5, 0x2
core   0: 3 0x8000b2fc (0x00002f17) x30 0x8000d2fc
core   0: 0x8000b300 (0xd03f2223) sw      gp, -764(t5)
core   0: 3 0x8000b300 (0xd03f2223) mem 0x8000d000 0x00000001
core   0: 0x8000b304 (0xff9ff06f) j       pc - 0x8
core   0: 3 0x8000b304 (0xff9ff06f)
core   0: 0x8000b2fc (0x00002f17) auipc   t5, 0x2
core   0: 3 0x8000b2fc (0x00002f17) x30 0x8000d2fc
core   0: 0x8000b300 (0xd03f2223) sw      gp, -764(t5)
core   0: 3 0x8000b300 (0xd03f2223) mem 0x8000d000 0x00000001
core   0: 0x8000b304 (0xff9ff06f) j       pc - 0x8
core   0: 3 0x8000b304 (0xff9ff06f)
core   0: 0x8000b2fc (0x00002f17) auipc   t5, 0x2
core   0: 3 0x8000b2fc (0x00002f17) x30 0x8000d2fc
core   0: 0x8000b300 (0xd03f2223) sw      gp, -764(t5)
core   0: 3 0x8000b300 (0xd03f2223) mem 0x8000d000 0x00000001
core   0: 0x8000b304 (0xff9ff06f) j       pc - 0x8
core   0: 3 0x8000b304 (0xff9ff06f)
core   0: 0x8000b2fc (0x00002f17) auipc   t5, 0x2
core   0: 3 0x8000b2fc (0x00002f17) x30 0x8000d2fc
core   0: 0x8000b300 (0xd03f2223) sw      gp, -764(t5)
core   0: 3 0x8000b300 (0xd03f2223) mem 0x8000d000 0x00000001
core   0: 0x8000b304 (0xff9ff06f) j       pc - 0x8
core   0: 3 0x8000b304 (0xff9ff06f)
core   0: 0x8000b2fc (0x00002f17) auipc   t5, 0x2
core   0: 3 0x8000b2fc (0x00002f17) x30 0x8000d2fc
core   0: 0x8000b300 (0xd03f2223) sw      gp, -764(t5)
core   0: 3 0x8000b300 (0xd03f2223) mem 0x8000d000 0x00000001
core   0: 0x8000b304 (0xff9ff06f) j       pc - 0x8
core   0: 3 0x8000b304 (0xff9ff06f)
core   0: 0x8000b2fc (0x00002f17) auipc   t5, 0x2
core   0: 3 0x8000b2fc (0x00002f17) x30 0x8000d2fc
core   0: 0x8000b300 (0xd03f2223) sw      gp, -764(t5)
core   0: 3 0x8000b300 (0xd03f2223) mem 0x8000d000 0x00000001
core   0: 0x8000b304 (0xff9ff06f) j       pc - 0x8
core   0: 3 0x8000b304 (0xff9ff06f)
core   0: 0x8000b2fc (0x00002f17) auipc   t5, 0x2
core   0: 3 0x8000b2fc (0x00002f17) x30 0x8000d2fc
core   0: 0x8000b300 (0xd03f2223) sw      gp, -764(t5)
core   0: 3 0x8000b300 (0xd03f2223) mem 0x8000d000 0x00000001
core   0: 0x8000b304 (0xff9ff06f) j       pc - 0x8
core   0: 3 0x8000b304 (0xff9ff06f)
core   0: 0x8000b2fc (0x00002f17) auipc   t5, 0x2
core   0: 3 0x8000b2fc (0x00002f17) x30 0x8000d2fc
core   0: 0x8000b300 (0xd03f2223) sw      gp, -764(t5)
core   0: 3 0x8000b300 (0xd03f2223) mem 0x8000d000 0x00000001
core   0: 0x8000b304 (0xff9ff06f) j       pc - 0x8
core   0: 3 0x8000b304 (0xff9ff06f)
core   0: 0x8000b2fc (0x00002f17) auipc   t5, 0x2
core   0: 3 0x8000b2fc (0x00002f17) x30 0x8000d2fc
core   0: 0x8000b300 (0xd03f2223) sw      gp, -764(t5)
core   0: 3 0x8000b300 (0xd03f2223) mem 0x8000d000 0x00000001
core   0: 0x8000b304 (0xff9ff06f) j       pc - 0x8
core   0: 3 0x8000b304 (0xff9ff06f)
core   0: 0x8000b2fc (0x00002f17) auipc   t5, 0x2
core   0: 3 0x8000b2fc (0x00002f17) x30 0x8000d2fc
core   0: 0x8000b300 (0xd03f2223) sw      gp, -764(t5)
core   0: 3 0x8000b300 (0xd03f2223) mem 0x8000d000 0x00000001
core   0: 0x8000b304 (0xff9ff06f) j       pc - 0x8
core   0: 3 0x8000b304 (0xff9ff06f)
core   0: 0x8000b2fc (0x00002f17) auipc   t5, 0x2
core   0: 3 0x8000b2fc (0x00002f17) x30 0x8000d2fc
core   0: 0x8000b300 (0xd03f2223) sw      gp, -764(t5)
core   0: 3 0x8000b300 (0xd03f2223) mem 0x8000d000 0x00000001
core   0: 0x8000b304 (0xff9ff06f) j       pc - 0x8
core   0: 3 0x8000b304 (0xff9ff06f)
core   0: 0x8000b2fc (0x00002f17) auipc   t5, 0x2
core   0: 3 0x8000b2fc (0x00002f17) x30 0x8000d2fc
core   0: 0x8000b300 (0xd03f2223) sw      gp, -764(t5)
core   0: 3 0x8000b300 (0xd03f2223) mem 0x8000d000 0x00000001
core   0: 0x8000b304 (0xff9ff06f) j       pc - 0x8
core   0: 3 0x8000b304 (0xff9ff06f)
core   0: 0x8000b2fc (0x00002f17) auipc   t5, 0x2
core   0: 3 0x8000b2fc (0x00002f17) x30 0x8000d2fc
core   0: 0x8000b300 (0xd03f2223) sw      gp, -764(t5)
core   0: 3 0x8000b300 (0xd03f2223) mem 0x8000d000 0x00000001
core   0: 0x8000b304 (0xff9ff06f) j       pc - 0x8
core   0: 3 0x8000b304 (0xff9ff06f)
core   0: 0x8000b2fc (0x00002f17) auipc   t5, 0x2
core   0: 3 0x8000b2fc (0x00002f17) x30 0x8000d2fc
core   0: 0x8000b300 (0xd03f2223) sw      gp, -764(t5)
core   0: 3 0x8000b300 (0xd03f2223) mem 0x8000d000 0x00000001
core   0: 0x8000b304 (0xff9ff06f) j       pc - 0x8
core   0: 3 0x8000b304 (0xff9ff06f)
core   0: 0x8000b2fc (0x00002f17) auipc   t5, 0x2
core   0: 3 0x8000b2fc (0x00002f17) x30 0x8000d2fc
core   0: 0x8000b300 (0xd03f2223) sw      gp, -764(t5)
core   0: 3 0x8000b300 (0xd03f2223) mem 0x8000d000 0x00000001
core   0: 0x8000b304 (0xff9ff06f) j       pc - 0x8
core   0: 3 0x8000b304 (0xff9ff06f)
core   0: 0x8000b2fc (0x00002f17) auipc   t5, 0x2
core   0: 3 0x8000b2fc (0x00002f17) x30 0x8000d2fc
core   0: 0x8000b300 (0xd03f2223) sw      gp, -764(t5)
core   0: 3 0x8000b300 (0xd03f2223) mem 0x8000d000 0x00000001
core   0: 0x8000b304 (0xff9ff06f) j       pc - 0x8
core   0: 3 0x8000b304 (0xff9ff06f)
core   0: 0x8000b2fc (0x00002f17) auipc   t5, 0x2
core   0: 3 0x8000b2fc (0x00002f17) x30 0x8000d2fc
core   0: 0x8000b300 (0xd03f2223) sw      gp, -764(t5)
core   0: 3 0x8000b300 (0xd03f2223) mem 0x8000d000 0x00000001
core   0: 0x8000b304 (0xff9ff06f) j       pc - 0x8
core   0: 3 0x8000b304 (0xff9ff06f)
core   0: 0x8000b2fc (0x00002f17) auipc   t5, 0x2
core   0: 3 0x8000b2fc (0x00002f17) x30 0x8000d2fc
core   0: 0x8000b300 (0xd03f2223) sw      gp, -764(t5)
core   0: 3 0x8000b300 (0xd03f2223) mem 0x8000d000 0x00000001
core   0: 0x8000b304 (0xff9ff06f) j       pc - 0x8
core   0: 3 0x8000b304 (0xff9ff06f)
core   0: 0x8000b2fc (0x00002f17) auipc   t5, 0x2
core   0: 3 0x8000b2fc (0x00002f17) x30 0x8000d2fc
core   0: 0x8000b300 (0xd03f2223) sw      gp, -764(t5)
core   0: 3 0x8000b300 (0xd03f2223) mem 0x8000d000 0x00000001
core   0: 0x8000b304 (0xff9ff06f) j       pc - 0x8
core   0: 3 0x8000b304 (0xff9ff06f)
core   0: 0x8000b2fc (0x00002f17) auipc   t5, 0x2
core   0: 3 0x8000b2fc (0x00002f17) x30 0x8000d2fc
core   0: 0x8000b300 (0xd03f2223) sw      gp, -764(t5)
core   0: 3 0x8000b300 (0xd03f2223) mem 0x8000d000 0x00000001
core   0: 0x8000b304 (0xff9ff06f) j       pc - 0x8
core   0: 3 0x8000b304 (0xff9ff06f)
core   0: 0x8000b2fc (0x00002f17) auipc   t5, 0x2
core   0: 3 0x8000b2fc (0x00002f17) x30 0x8000d2fc
core   0: 0x8000b300 (0xd03f2223) sw      gp, -764(t5)
core   0: 3 0x8000b300 (0xd03f2223) mem 0x8000d000 0x00000001
core   0: 0x8000b304 (0xff9ff06f) j       pc - 0x8
core   0: 3 0x8000b304 (0xff9ff06f)
core   0: 0x8000b2fc (0x00002f17) auipc   t5, 0x2
core   0: 3 0x8000b2fc (0x00002f17) x30 0x8000d2fc
core   0: 0x8000b300 (0xd03f2223) sw      gp, -764(t5)
core   0: 3 0x8000b300 (0xd03f2223) mem 0x8000d000 0x00000001
core   0: 0x8000b304 (0xff9ff06f) j       pc - 0x8
core   0: 3 0x8000b304 (0xff9ff06f)
core   0: 0x8000b2fc (0x00002f17) auipc   t5, 0x2
core   0: 3 0x8000b2fc (0x00002f17) x30 0x8000d2fc
core   0: 0x8000b300 (0xd03f2223) sw      gp, -764(t5)
core   0: 3 0x8000b300 (0xd03f2223) mem 0x8000d000 0x00000001
core   0: 0x8000b304 (0xff9ff06f) j       pc - 0x8
core   0: 3 0x8000b304 (0xff9ff06f)
core   0: 0x8000b2fc (0x00002f17) auipc   t5, 0x2
core   0: 3 0x8000b2fc (0x00002f17) x30 0x8000d2fc
core   0: 0x8000b300 (0xd03f2223) sw      gp, -764(t5)
core   0: 3 0x8000b300 (0xd03f2223) mem 0x8000d000 0x00000001
core   0: 0x8000b304 (0xff9ff06f) j       pc - 0x8
core   0: 3 0x8000b304 (0xff9ff06f)
core   0: 0x8000b2fc (0x00002f17) auipc   t5, 0x2
core   0: 3 0x8000b2fc (0x00002f17) x30 0x8000d2fc
core   0: 0x8000b300 (0xd03f2223) sw      gp, -764(t5)
core   0: 3 0x8000b300 (0xd03f2223) mem 0x8000d000 0x00000001
core   0: 0x8000b304 (0xff9ff06f) j       pc - 0x8
core   0: 3 0x8000b304 (0xff9ff06f)
core   0: 0x8000b2fc (0x00002f17) auipc   t5, 0x2
core   0: 3 0x8000b2fc (0x00002f17) x30 0x8000d2fc
core   0: 0x8000b300 (0xd03f2223) sw      gp, -764(t5)
core   0: 3 0x8000b300 (0xd03f2223) mem 0x8000d000 0x00000001
core   0: 0x8000b304 (0xff9ff06f) j       pc - 0x8
core   0: 3 0x8000b304 (0xff9ff06f)
core   0: 0x8000b2fc (0x00002f17) auipc   t5, 0x2
core   0: 3 0x8000b2fc (0x00002f17) x30 0x8000d2fc
core   0: 0x8000b300 (0xd03f2223) sw      gp, -764(t5)
core   0: 3 0x8000b300 (0xd03f2223) mem 0x8000d000 0x00000001
core   0: 0x8000b304 (0xff9ff06f) j       pc - 0x8
core   0: 3 0x8000b304 (0xff9ff06f)
core   0: 0x8000b2fc (0x00002f17) auipc   t5, 0x2
core   0: 3 0x8000b2fc (0x00002f17) x30 0x8000d2fc
core   0: 0x8000b300 (0xd03f2223) sw      gp, -764(t5)
core   0: 3 0x8000b300 (0xd03f2223) mem 0x8000d000 0x00000001
core   0: 0x8000b304 (0xff9ff06f) j       pc - 0x8
core   0: 3 0x8000b304 (0xff9ff06f)
core   0: 0x8000b2fc (0x00002f17) auipc   t5, 0x2
core   0: 3 0x8000b2fc (0x00002f17) x30 0x8000d2fc
core   0: 0x8000b300 (0xd03f2223) sw      gp, -764(t5)
core   0: 3 0x8000b300 (0xd03f2223) mem 0x8000d000 0x00000001
core   0: 0x8000b304 (0xff9ff06f) j       pc - 0x8
core   0: 3 0x8000b304 (0xff9ff06f)
core   0: 0x8000b2fc (0x00002f17) auipc   t5, 0x2
core   0: 3 0x8000b2fc (0x00002f17) x30 0x8000d2fc
core   0: 0x8000b300 (0xd03f2223) sw      gp, -764(t5)
core   0: 3 0x8000b300 (0xd03f2223) mem 0x8000d000 0x00000001
core   0: 0x8000b304 (0xff9ff06f) j       pc - 0x8
core   0: 3 0x8000b304 (0xff9ff06f)
core   0: 0x8000b2fc (0x00002f17) auipc   t5, 0x2
core   0: 3 0x8000b2fc (0x00002f17) x30 0x8000d2fc
core   0: 0x8000b300 (0xd03f2223) sw      gp, -764(t5)
core   0: 3 0x8000b300 (0xd03f2223) mem 0x8000d000 0x00000001
core   0: 0x8000b304 (0xff9ff06f) j       pc - 0x8
core   0: 3 0x8000b304 (0xff9ff06f)
core   0: 0x8000b2fc (0x00002f17) auipc   t5, 0x2
core   0: 3 0x8000b2fc (0x00002f17) x30 0x8000d2fc
core   0: 0x8000b300 (0xd03f2223) sw      gp, -764(t5)
core   0: 3 0x8000b300 (0xd03f2223) mem 0x8000d000 0x00000001
core   0: 0x8000b304 (0xff9ff06f) j       pc - 0x8
core   0: 3 0x8000b304 (0xff9ff06f)
core   0: 0x8000b2fc (0x00002f17) auipc   t5, 0x2
core   0: 3 0x8000b2fc (0x00002f17) x30 0x8000d2fc
core   0: 0x8000b300 (0xd03f2223) sw      gp, -764(t5)
core   0: 3 0x8000b300 (0xd03f2223) mem 0x8000d000 0x00000001
core   0: 0x8000b304 (0xff9ff06f) j       pc - 0x8
core   0: 3 0x8000b304 (0xff9ff06f)
core   0: 0x8000b2fc (0x00002f17) auipc   t5, 0x2
core   0: 3 0x8000b2fc (0x00002f17) x30 0x8000d2fc
core   0: 0x8000b300 (0xd03f2223) sw      gp, -764(t5)
core   0: 3 0x8000b300 (0xd03f2223) mem 0x8000d000 0x00000001
core   0: 0x8000b304 (0xff9ff06f) j       pc - 0x8
core   0: 3 0x8000b304 (0xff9ff06f)
core   0: 0x8000b2fc (0x00002f17) auipc   t5, 0x2
core   0: 3 0x8000b2fc (0x00002f17) x30 0x8000d2fc
core   0: 0x8000b300 (0xd03f2223) sw      gp, -764(t5)
core   0: 3 0x8000b300 (0xd03f2223) mem 0x8000d000 0x00000001
core   0: 0x8000b304 (0xff9ff06f) j       pc - 0x8
core   0: 3 0x8000b304 (0xff9ff06f)
core   0: 0x8000b2fc (0x00002f17) auipc   t5, 0x2
core   0: 3 0x8000b2fc (0x00002f17) x30 0x8000d2fc
core   0: 0x8000b300 (0xd03f2223) sw      gp, -764(t5)
core   0: 3 0x8000b300 (0xd03f2223) mem 0x8000d000 0x00000001
core   0: 0x8000b304 (0xff9ff06f) j       pc - 0x8
core   0: 3 0x8000b304 (0xff9ff06f)
core   0: 0x8000b2fc (0x00002f17) auipc   t5, 0x2
core   0: 3 0x8000b2fc (0x00002f17) x30 0x8000d2fc
core   0: 0x8000b300 (0xd03f2223) sw      gp, -764(t5)
core   0: 3 0x8000b300 (0xd03f2223) mem 0x8000d000 0x00000001
core   0: 0x8000b304 (0xff9ff06f) j       pc - 0x8
core   0: 3 0x8000b304 (0xff9ff06f)
core   0: 0x8000b2fc (0x00002f17) auipc   t5, 0x2
core   0: 3 0x8000b2fc (0x00002f17) x30 0x8000d2fc
core   0: 0x8000b300 (0xd03f2223) sw      gp, -764(t5)
core   0: 3 0x8000b300 (0xd03f2223) mem 0x8000d000 0x00000001
core   0: 0x8000b304 (0xff9ff06f) j       pc - 0x8
core   0: 3 0x8000b304 (0xff9ff06f)
core   0: 0x8000b2fc (0x00002f17) auipc   t5, 0x2
core   0: 3 0x8000b2fc (0x00002f17) x30 0x8000d2fc
core   0: 0x8000b300 (0xd03f2223) sw      gp, -764(t5)
core   0: 3 0x8000b300 (0xd03f2223) mem 0x8000d000 0x00000001
core   0: 0x8000b304 (0xff9ff06f) j       pc - 0x8
core   0: 3 0x8000b304 (0xff9ff06f)
core   0: 0x8000b2fc (0x00002f17) auipc   t5, 0x2
core   0: 3 0x8000b2fc (0x00002f17) x30 0x8000d2fc
core   0: 0x8000b300 (0xd03f2223) sw      gp, -764(t5)
core   0: 3 0x8000b300 (0xd03f2223) mem 0x8000d000 0x00000001
core   0: 0x8000b304 (0xff9ff06f) j       pc - 0x8
core   0: 3 0x8000b304 (0xff9ff06f)
core   0: 0x8000b2fc (0x00002f17) auipc   t5, 0x2
core   0: 3 0x8000b2fc (0x00002f17) x30 0x8000d2fc
core   0: 0x8000b300 (0xd03f2223) sw      gp, -764(t5)
core   0: 3 0x8000b300 (0xd03f2223) mem 0x8000d000 0x00000001
core   0: 0x8000b304 (0xff9ff06f) j       pc - 0x8
core   0: 3 0x8000b304 (0xff9ff06f)
core   0: 0x8000b2fc (0x00002f17) auipc   t5, 0x2
core   0: 3 0x8000b2fc (0x00002f17) x30 0x8000d2fc
core   0: 0x8000b300 (0xd03f2223) sw      gp, -764(t5)
core   0: 3 0x8000b300 (0xd03f2223) mem 0x8000d000 0x00000001
core   0: 0x8000b304 (0xff9ff06f) j       pc - 0x8
core   0: 3 0x8000b304 (0xff9ff06f)
core   0: 0x8000b2fc (0x00002f17) auipc   t5, 0x2
core   0: 3 0x8000b2fc (0x00002f17) x30 0x8000d2fc
core   0: 0x8000b300 (0xd03f2223) sw      gp, -764(t5)
core   0: 3 0x8000b300 (0xd03f2223) mem 0x8000d000 0x00000001
core   0: 0x8000b304 (0xff9ff06f) j       pc - 0x8
core   0: 3 0x8000b304 (0xff9ff06f)
core   0: 0x8000b2fc (0x00002f17) auipc   t5, 0x2
core   0: 3 0x8000b2fc (0x00002f17) x30 0x8000d2fc
core   0: 0x8000b300 (0xd03f2223) sw      gp, -764(t5)
core   0: 3 0x8000b300 (0xd03f2223) mem 0x8000d000 0x00000001
core   0: 0x8000b304 (0xff9ff06f) j       pc - 0x8
core   0: 3 0x8000b304 (0xff9ff06f)
core   0: 0x8000b2fc (0x00002f17) auipc   t5, 0x2
core   0: 3 0x8000b2fc (0x00002f17) x30 0x8000d2fc
core   0: 0x8000b300 (0xd03f2223) sw      gp, -764(t5)
core   0: 3 0x8000b300 (0xd03f2223) mem 0x8000d000 0x00000001
core   0: 0x8000b304 (0xff9ff06f) j       pc - 0x8
core   0: 3 0x8000b304 (0xff9ff06f)
core   0: 0x8000b2fc (0x00002f17) auipc   t5, 0x2
core   0: 3 0x8000b2fc (0x00002f17) x30 0x8000d2fc
core   0: 0x8000b300 (0xd03f2223) sw      gp, -764(t5)
core   0: 3 0x8000b300 (0xd03f2223) mem 0x8000d000 0x00000001
core   0: 0x8000b304 (0xff9ff06f) j       pc - 0x8
core   0: 3 0x8000b304 (0xff9ff06f)
core   0: 0x8000b2fc (0x00002f17) auipc   t5, 0x2
core   0: 3 0x8000b2fc (0x00002f17) x30 0x8000d2fc
core   0: 0x8000b300 (0xd03f2223) sw      gp, -764(t5)
core   0: 3 0x8000b300 (0xd03f2223) mem 0x8000d000 0x00000001
core   0: 0x8000b304 (0xff9ff06f) j       pc - 0x8
core   0: 3 0x8000b304 (0xff9ff06f)
core   0: 0x8000b2fc (0x00002f17) auipc   t5, 0x2
core   0: 3 0x8000b2fc (0x00002f17) x30 0x8000d2fc
core   0: 0x8000b300 (0xd03f2223) sw      gp, -764(t5)
core   0: 3 0x8000b300 (0xd03f2223) mem 0x8000d000 0x00000001
core   0: 0x8000b304 (0xff9ff06f) j       pc - 0x8
core   0: 3 0x8000b304 (0xff9ff06f)
core   0: 0x8000b2fc (0x00002f17) auipc   t5, 0x2
core   0: 3 0x8000b2fc (0x00002f17) x30 0x8000d2fc
core   0: 0x8000b300 (0xd03f2223) sw      gp, -764(t5)
core   0: 3 0x8000b300 (0xd03f2223) mem 0x8000d000 0x00000001
core   0: 0x8000b304 (0xff9ff06f) j       pc - 0x8
core   0: 3 0x8000b304 (0xff9ff06f)
core   0: 0x8000b2fc (0x00002f17) auipc   t5, 0x2
core   0: 3 0x8000b2fc (0x00002f17) x30 0x8000d2fc
core   0: 0x8000b300 (0xd03f2223) sw      gp, -764(t5)
core   0: 3 0x8000b300 (0xd03f2223) mem 0x8000d000 0x00000001
core   0: 0x8000b304 (0xff9ff06f) j       pc - 0x8
core   0: 3 0x8000b304 (0xff9ff06f)
core   0: 0x8000b2fc (0x00002f17) auipc   t5, 0x2
core   0: 3 0x8000b2fc (0x00002f17) x30 0x8000d2fc
core   0: 0x8000b300 (0xd03f2223) sw      gp, -764(t5)
core   0: 3 0x8000b300 (0xd03f2223) mem 0x8000d000 0x00000001
core   0: 0x8000b304 (0xff9ff06f) j       pc - 0x8
core   0: 3 0x8000b304 (0xff9ff06f)
core   0: 0x8000b2fc (0x00002f17) auipc   t5, 0x2
core   0: 3 0x8000b2fc (0x00002f17) x30 0x8000d2fc
core   0: 0x8000b300 (0xd03f2223) sw      gp, -764(t5)
core   0: 3 0x8000b300 (0xd03f2223) mem 0x8000d000 0x00000001
core   0: 0x8000b304 (0xff9ff06f) j       pc - 0x8
core   0: 3 0x8000b304 (0xff9ff06f)
core   0: 0x8000b2fc (0x00002f17) auipc   t5, 0x2
core   0: 3 0x8000b2fc (0x00002f17) x30 0x8000d2fc
core   0: 0x8000b300 (0xd03f2223) sw      gp, -764(t5)
core   0: 3 0x8000b300 (0xd03f2223) mem 0x8000d000 0x00000001
core   0: 0x8000b304 (0xff9ff06f) j       pc - 0x8
core   0: 3 0x8000b304 (0xff9ff06f)
core   0: 0x8000b2fc (0x00002f17) auipc   t5, 0x2
core   0: 3 0x8000b2fc (0x00002f17) x30 0x8000d2fc
core   0: 0x8000b300 (0xd03f2223) sw      gp, -764(t5)
core   0: 3 0x8000b300 (0xd03f2223) mem 0x8000d000 0x00000001
core   0: 0x8000b304 (0xff9ff06f) j       pc - 0x8
core   0: 3 0x8000b304 (0xff9ff06f)
core   0: 0x8000b2fc (0x00002f17) auipc   t5, 0x2
core   0: 3 0x8000b2fc (0x00002f17) x30 0x8000d2fc
core   0: 0x8000b300 (0xd03f2223) sw      gp, -764(t5)
core   0: 3 0x8000b300 (0xd03f2223) mem 0x8000d000 0x00000001
core   0: 0x8000b304 (0xff9ff06f) j       pc - 0x8
core   0: 3 0x8000b304 (0xff9ff06f)
core   0: 0x8000b2fc (0x00002f17) auipc   t5, 0x2
core   0: 3 0x8000b2fc (0x00002f17) x30 0x8000d2fc
core   0: 0x8000b300 (0xd03f2223) sw      gp, -764(t5)
core   0: 3 0x8000b300 (0xd03f2223) mem 0x8000d000 0x00000001
core   0: 0x8000b304 (0xff9ff06f) j       pc - 0x8
core   0: 3 0x8000b304 (0xff9ff06f)
core   0: 0x8000b2fc (0x00002f17) auipc   t5, 0x2
core   0: 3 0x8000b2fc (0x00002f17) x30 0x8000d2fc
core   0: 0x8000b300 (0xd03f2223) sw      gp, -764(t5)
core   0: 3 0x8000b300 (0xd03f2223) mem 0x8000d000 0x00000001
core   0: 0x8000b304 (0xff9ff06f) j       pc - 0x8
core   0: 3 0x8000b304 (0xff9ff06f)
core   0: 0x8000b2fc (0x00002f17) auipc   t5, 0x2
core   0: 3 0x8000b2fc (0x00002f17) x30 0x8000d2fc
core   0: 0x8000b300 (0xd03f2223) sw      gp, -764(t5)
core   0: 3 0x8000b300 (0xd03f2223) mem 0x8000d000 0x00000001
core   0: 0x8000b304 (0xff9ff06f) j       pc - 0x8
core   0: 3 0x8000b304 (0xff9ff06f)
core   0: 0x8000b2fc (0x00002f17) auipc   t5, 0x2
core   0: 3 0x8000b2fc (0x00002f17) x30 0x8000d2fc
core   0: 0x8000b300 (0xd03f2223) sw      gp, -764(t5)
core   0: 3 0x8000b300 (0xd03f2223) mem 0x8000d000 0x00000001
core   0: 0x8000b304 (0xff9ff06f) j       pc - 0x8
core   0: 3 0x8000b304 (0xff9ff06f)
core   0: 0x8000b2fc (0x00002f17) auipc   t5, 0x2
core   0: 3 0x8000b2fc (0x00002f17) x30 0x8000d2fc
core   0: 0x8000b300 (0xd03f2223) sw      gp, -764(t5)
core   0: 3 0x8000b300 (0xd03f2223) mem 0x8000d000 0x00000001
core   0: 0x8000b304 (0xff9ff06f) j       pc - 0x8
core   0: 3 0x8000b304 (0xff9ff06f)
core   0: 0x8000b2fc (0x00002f17) auipc   t5, 0x2
core   0: 3 0x8000b2fc (0x00002f17) x30 0x8000d2fc
core   0: 0x8000b300 (0xd03f2223) sw      gp, -764(t5)
core   0: 3 0x8000b300 (0xd03f2223) mem 0x8000d000 0x00000001
core   0: 0x8000b304 (0xff9ff06f) j       pc - 0x8
core   0: 3 0x8000b304 (0xff9ff06f)
core   0: 0x8000b2fc (0x00002f17) auipc   t5, 0x2
core   0: 3 0x8000b2fc (0x00002f17) x30 0x8000d2fc
core   0: 0x8000b300 (0xd03f2223) sw      gp, -764(t5)
core   0: 3 0x8000b300 (0xd03f2223) mem 0x8000d000 0x00000001
core   0: 0x8000b304 (0xff9ff06f) j       pc - 0x8
core   0: 3 0x8000b304 (0xff9ff06f)
core   0: 0x8000b2fc (0x00002f17) auipc   t5, 0x2
core   0: 3 0x8000b2fc (0x00002f17) x30 0x8000d2fc
core   0: 0x8000b300 (0xd03f2223) sw      gp, -764(t5)
core   0: 3 0x8000b300 (0xd03f2223) mem 0x8000d000 0x00000001
core   0: 0x8000b304 (0xff9ff06f) j       pc - 0x8
core   0: 3 0x8000b304 (0xff9ff06f)
core   0: 0x8000b2fc (0x00002f17) auipc   t5, 0x2
core   0: 3 0x8000b2fc (0x00002f17) x30 0x8000d2fc
core   0: 0x8000b300 (0xd03f2223) sw      gp, -764(t5)
core   0: 3 0x8000b300 (0xd03f2223) mem 0x8000d000 0x00000001
core   0: 0x8000b304 (0xff9ff06f) j       pc - 0x8
core   0: 3 0x8000b304 (0xff9ff06f)
core   0: 0x8000b2fc (0x00002f17) auipc   t5, 0x2
core   0: 3 0x8000b2fc (0x00002f17) x30 0x8000d2fc
core   0: 0x8000b300 (0xd03f2223) sw      gp, -764(t5)
core   0: 3 0x8000b300 (0xd03f2223) mem 0x8000d000 0x00000001
core   0: 0x8000b304 (0xff9ff06f) j       pc - 0x8
core   0: 3 0x8000b304 (0xff9ff06f)
core   0: 0x8000b2fc (0x00002f17) auipc   t5, 0x2
core   0: 3 0x8000b2fc (0x00002f17) x30 0x8000d2fc
core   0: 0x8000b300 (0xd03f2223) sw      gp, -764(t5)
core   0: 3 0x8000b300 (0xd03f2223) mem 0x8000d000 0x00000001
core   0: 0x8000b304 (0xff9ff06f) j       pc - 0x8
core   0: 3 0x8000b304 (0xff9ff06f)
core   0: 0x8000b2fc (0x00002f17) auipc   t5, 0x2
core   0: 3 0x8000b2fc (0x00002f17) x30 0x8000d2fc
core   0: 0x8000b300 (0xd03f2223) sw      gp, -764(t5)
core   0: 3 0x8000b300 (0xd03f2223) mem 0x8000d000 0x00000001
core   0: 0x8000b304 (0xff9ff06f) j       pc - 0x8
core   0: 3 0x8000b304 (0xff9ff06f)
core   0: 0x8000b2fc (0x00002f17) auipc   t5, 0x2
core   0: 3 0x8000b2fc (0x00002f17) x30 0x8000d2fc
core   0: 0x8000b300 (0xd03f2223) sw      gp, -764(t5)
core   0: 3 0x8000b300 (0xd03f2223) mem 0x8000d000 0x00000001
core   0: 0x8000b304 (0xff9ff06f) j       pc - 0x8
core   0: 3 0x8000b304 (0xff9ff06f)
core   0: 0x8000b2fc (0x00002f17) auipc   t5, 0x2
core   0: 3 0x8000b2fc (0x00002f17) x30 0x8000d2fc
core   0: 0x8000b300 (0xd03f2223) sw      gp, -764(t5)
core   0: 3 0x8000b300 (0xd03f2223) mem 0x8000d000 0x00000001
core   0: 0x8000b304 (0xff9ff06f) j       pc - 0x8
core   0: 3 0x8000b304 (0xff9ff06f)
core   0: 0x8000b2fc (0x00002f17) auipc   t5, 0x2
core   0: 3 0x8000b2fc (0x00002f17) x30 0x8000d2fc
core   0: 0x8000b300 (0xd03f2223) sw      gp, -764(t5)
core   0: 3 0x8000b300 (0xd03f2223) mem 0x8000d000 0x00000001
core   0: 0x8000b304 (0xff9ff06f) j       pc - 0x8
core   0: 3 0x8000b304 (0xff9ff06f)
core   0: 0x8000b2fc (0x00002f17) auipc   t5, 0x2
core   0: 3 0x8000b2fc (0x00002f17) x30 0x8000d2fc
core   0: 0x8000b300 (0xd03f2223) sw      gp, -764(t5)
core   0: 3 0x8000b300 (0xd03f2223) mem 0x8000d000 0x00000001
core   0: 0x8000b304 (0xff9ff06f) j       pc - 0x8
core   0: 3 0x8000b304 (0xff9ff06f)
core   0: 0x8000b2fc (0x00002f17) auipc   t5, 0x2
core   0: 3 0x8000b2fc (0x00002f17) x30 0x8000d2fc
core   0: 0x8000b300 (0xd03f2223) sw      gp, -764(t5)
core   0: 3 0x8000b300 (0xd03f2223) mem 0x8000d000 0x00000001
core   0: 0x8000b304 (0xff9ff06f) j       pc - 0x8
core   0: 3 0x8000b304 (0xff9ff06f)
core   0: 0x8000b2fc (0x00002f17) auipc   t5, 0x2
core   0: 3 0x8000b2fc (0x00002f17) x30 0x8000d2fc
core   0: 0x8000b300 (0xd03f2223) sw      gp, -764(t5)
core   0: 3 0x8000b300 (0xd03f2223) mem 0x8000d000 0x00000001
core   0: 0x8000b304 (0xff9ff06f) j       pc - 0x8
core   0: 3 0x8000b304 (0xff9ff06f)
core   0: 0x8000b2fc (0x00002f17) auipc   t5, 0x2
core   0: 3 0x8000b2fc (0x00002f17) x30 0x8000d2fc
core   0: 0x8000b300 (0xd03f2223) sw      gp, -764(t5)
core   0: 3 0x8000b300 (0xd03f2223) mem 0x8000d000 0x00000001
core   0: 0x8000b304 (0xff9ff06f) j       pc - 0x8
core   0: 3 0x8000b304 (0xff9ff06f)
core   0: 0x8000b2fc (0x00002f17) auipc   t5, 0x2
core   0: 3 0x8000b2fc (0x00002f17) x30 0x8000d2fc
core   0: 0x8000b300 (0xd03f2223) sw      gp, -764(t5)
core   0: 3 0x8000b300 (0xd03f2223) mem 0x8000d000 0x00000001
core   0: 0x8000b304 (0xff9ff06f) j       pc - 0x8
core   0: 3 0x8000b304 (0xff9ff06f)
core   0: 0x8000b2fc (0x00002f17) auipc   t5, 0x2
core   0: 3 0x8000b2fc (0x00002f17) x30 0x8000d2fc
core   0: 0x8000b300 (0xd03f2223) sw      gp, -764(t5)
core   0: 3 0x8000b300 (0xd03f2223) mem 0x8000d000 0x00000001
core   0: 0x8000b304 (0xff9ff06f) j       pc - 0x8
core   0: 3 0x8000b304 (0xff9ff06f)
core   0: 0x8000b2fc (0x00002f17) auipc   t5, 0x2
core   0: 3 0x8000b2fc (0x00002f17) x30 0x8000d2fc
core   0: 0x8000b300 (0xd03f2223) sw      gp, -764(t5)
core   0: 3 0x8000b300 (0xd03f2223) mem 0x8000d000 0x00000001
core   0: 0x8000b304 (0xff9ff06f) j       pc - 0x8
core   0: 3 0x8000b304 (0xff9ff06f)
core   0: 0x8000b2fc (0x00002f17) auipc   t5, 0x2
core   0: 3 0x8000b2fc (0x00002f17) x30 0x8000d2fc
core   0: 0x8000b300 (0xd03f2223) sw      gp, -764(t5)
core   0: 3 0x8000b300 (0xd03f2223) mem 0x8000d000 0x00000001
core   0: 0x8000b304 (0xff9ff06f) j       pc - 0x8
core   0: 3 0x8000b304 (0xff9ff06f)
core   0: 0x8000b2fc (0x00002f17) auipc   t5, 0x2
core   0: 3 0x8000b2fc (0x00002f17) x30 0x8000d2fc
core   0: 0x8000b300 (0xd03f2223) sw      gp, -764(t5)
core   0: 3 0x8000b300 (0xd03f2223) mem 0x8000d000 0x00000001
core   0: 0x8000b304 (0xff9ff06f) j       pc - 0x8
core   0: 3 0x8000b304 (0xff9ff06f)
core   0: 0x8000b2fc (0x00002f17) auipc   t5, 0x2
core   0: 3 0x8000b2fc (0x00002f17) x30 0x8000d2fc
core   0: 0x8000b300 (0xd03f2223) sw      gp, -764(t5)
core   0: 3 0x8000b300 (0xd03f2223) mem 0x8000d000 0x00000001
core   0: 0x8000b304 (0xff9ff06f) j       pc - 0x8
core   0: 3 0x8000b304 (0xff9ff06f)
core   0: 0x8000b2fc (0x00002f17) auipc   t5, 0x2
core   0: 3 0x8000b2fc (0x00002f17) x30 0x8000d2fc
core   0: 0x8000b300 (0xd03f2223) sw      gp, -764(t5)
core   0: 3 0x8000b300 (0xd03f2223) mem 0x8000d000 0x00000001
core   0: 0x8000b304 (0xff9ff06f) j       pc - 0x8
core   0: 3 0x8000b304 (0xff9ff06f)
core   0: 0x8000b2fc (0x00002f17) auipc   t5, 0x2
core   0: 3 0x8000b2fc (0x00002f17) x30 0x8000d2fc
core   0: 0x8000b300 (0xd03f2223) sw      gp, -764(t5)
core   0: 3 0x8000b300 (0xd03f2223) mem 0x8000d000 0x00000001
core   0: 0x8000b304 (0xff9ff06f) j       pc - 0x8
core   0: 3 0x8000b304 (0xff9ff06f)
core   0: 0x8000b2fc (0x00002f17) auipc   t5, 0x2
core   0: 3 0x8000b2fc (0x00002f17) x30 0x8000d2fc
core   0: 0x8000b300 (0xd03f2223) sw      gp, -764(t5)
core   0: 3 0x8000b300 (0xd03f2223) mem 0x8000d000 0x00000001
core   0: 0x8000b304 (0xff9ff06f) j       pc - 0x8
core   0: 3 0x8000b304 (0xff9ff06f)
core   0: 0x8000b2fc (0x00002f17) auipc   t5, 0x2
core   0: 3 0x8000b2fc (0x00002f17) x30 0x8000d2fc
core   0: 0x8000b300 (0xd03f2223) sw      gp, -764(t5)
core   0: 3 0x8000b300 (0xd03f2223) mem 0x8000d000 0x00000001
core   0: 0x8000b304 (0xff9ff06f) j       pc - 0x8
core   0: 3 0x8000b304 (0xff9ff06f)
core   0: 0x8000b2fc (0x00002f17) auipc   t5, 0x2
core   0: 3 0x8000b2fc (0x00002f17) x30 0x8000d2fc
core   0: 0x8000b300 (0xd03f2223) sw      gp, -764(t5)
core   0: 3 0x8000b300 (0xd03f2223) mem 0x8000d000 0x00000001
core   0: 0x8000b304 (0xff9ff06f) j       pc - 0x8
core   0: 3 0x8000b304 (0xff9ff06f)
core   0: 0x8000b2fc (0x00002f17) auipc   t5, 0x2
core   0: 3 0x8000b2fc (0x00002f17) x30 0x8000d2fc
core   0: 0x8000b300 (0xd03f2223) sw      gp, -764(t5)
core   0: 3 0x8000b300 (0xd03f2223) mem 0x8000d000 0x00000001
core   0: 0x8000b304 (0xff9ff06f) j       pc - 0x8
core   0: 3 0x8000b304 (0xff9ff06f)
core   0: 0x8000b2fc (0x00002f17) auipc   t5, 0x2
core   0: 3 0x8000b2fc (0x00002f17) x30 0x8000d2fc
core   0: 0x8000b300 (0xd03f2223) sw      gp, -764(t5)
core   0: 3 0x8000b300 (0xd03f2223) mem 0x8000d000 0x00000001
core   0: 0x8000b304 (0xff9ff06f) j       pc - 0x8
core   0: 3 0x8000b304 (0xff9ff06f)
core   0: 0x8000b2fc (0x00002f17) auipc   t5, 0x2
core   0: 3 0x8000b2fc (0x00002f17) x30 0x8000d2fc
core   0: 0x8000b300 (0xd03f2223) sw      gp, -764(t5)
core   0: 3 0x8000b300 (0xd03f2223) mem 0x8000d000 0x00000001
core   0: 0x8000b304 (0xff9ff06f) j       pc - 0x8
core   0: 3 0x8000b304 (0xff9ff06f)
core   0: 0x8000b2fc (0x00002f17) auipc   t5, 0x2
core   0: 3 0x8000b2fc (0x00002f17) x30 0x8000d2fc
core   0: 0x8000b300 (0xd03f2223) sw      gp, -764(t5)
core   0: 3 0x8000b300 (0xd03f2223) mem 0x8000d000 0x00000001
core   0: 0x8000b304 (0xff9ff06f) j       pc - 0x8
core   0: 3 0x8000b304 (0xff9ff06f)
core   0: 0x8000b2fc (0x00002f17) auipc   t5, 0x2
core   0: 3 0x8000b2fc (0x00002f17) x30 0x8000d2fc
core   0: 0x8000b300 (0xd03f2223) sw      gp, -764(t5)
core   0: 3 0x8000b300 (0xd03f2223) mem 0x8000d000 0x00000001
core   0: 0x8000b304 (0xff9ff06f) j       pc - 0x8
core   0: 3 0x8000b304 (0xff9ff06f)
core   0: 0x8000b2fc (0x00002f17) auipc   t5, 0x2
core   0: 3 0x8000b2fc (0x00002f17) x30 0x8000d2fc
core   0: 0x8000b300 (0xd03f2223) sw      gp, -764(t5)
core   0: 3 0x8000b300 (0xd03f2223) mem 0x8000d000 0x00000001
core   0: 0x8000b304 (0xff9ff06f) j       pc - 0x8
core   0: 3 0x8000b304 (0xff9ff06f)
core   0: 0x8000b2fc (0x00002f17) auipc   t5, 0x2
core   0: 3 0x8000b2fc (0x00002f17) x30 0x8000d2fc
core   0: 0x8000b300 (0xd03f2223) sw      gp, -764(t5)
core   0: 3 0x8000b300 (0xd03f2223) mem 0x8000d000 0x00000001
core   0: 0x8000b304 (0xff9ff06f) j       pc - 0x8
core   0: 3 0x8000b304 (0xff9ff06f)
core   0: 0x8000b2fc (0x00002f17) auipc   t5, 0x2
core   0: 3 0x8000b2fc (0x00002f17) x30 0x8000d2fc
core   0: 0x8000b300 (0xd03f2223) sw      gp, -764(t5)
core   0: 3 0x8000b300 (0xd03f2223) mem 0x8000d000 0x00000001
core   0: 0x8000b304 (0xff9ff06f) j       pc - 0x8
core   0: 3 0x8000b304 (0xff9ff06f)
core   0: 0x8000b2fc (0x00002f17) auipc   t5, 0x2
core   0: 3 0x8000b2fc (0x00002f17) x30 0x8000d2fc
core   0: 0x8000b300 (0xd03f2223) sw      gp, -764(t5)
core   0: 3 0x8000b300 (0xd03f2223) mem 0x8000d000 0x00000001
core   0: 0x8000b304 (0xff9ff06f) j       pc - 0x8
core   0: 3 0x8000b304 (0xff9ff06f)
core   0: 0x8000b2fc (0x00002f17) auipc   t5, 0x2
core   0: 3 0x8000b2fc (0x00002f17) x30 0x8000d2fc
core   0: 0x8000b300 (0xd03f2223) sw      gp, -764(t5)
core   0: 3 0x8000b300 (0xd03f2223) mem 0x8000d000 0x00000001
core   0: 0x8000b304 (0xff9ff06f) j       pc - 0x8
core   0: 3 0x8000b304 (0xff9ff06f)
core   0: 0x8000b2fc (0x00002f17) auipc   t5, 0x2
core   0: 3 0x8000b2fc (0x00002f17) x30 0x8000d2fc
core   0: 0x8000b300 (0xd03f2223) sw      gp, -764(t5)
core   0: 3 0x8000b300 (0xd03f2223) mem 0x8000d000 0x00000001
core   0: 0x8000b304 (0xff9ff06f) j       pc - 0x8
core   0: 3 0x8000b304 (0xff9ff06f)
core   0: 0x8000b2fc (0x00002f17) auipc   t5, 0x2
core   0: 3 0x8000b2fc (0x00002f17) x30 0x8000d2fc
core   0: 0x8000b300 (0xd03f2223) sw      gp, -764(t5)
core   0: 3 0x8000b300 (0xd03f2223) mem 0x8000d000 0x00000001
core   0: 0x8000b304 (0xff9ff06f) j       pc - 0x8
core   0: 3 0x8000b304 (0xff9ff06f)
core   0: 0x8000b2fc (0x00002f17) auipc   t5, 0x2
core   0: 3 0x8000b2fc (0x00002f17) x30 0x8000d2fc
core   0: 0x8000b300 (0xd03f2223) sw      gp, -764(t5)
core   0: 3 0x8000b300 (0xd03f2223) mem 0x8000d000 0x00000001
core   0: 0x8000b304 (0xff9ff06f) j       pc - 0x8
core   0: 3 0x8000b304 (0xff9ff06f)
core   0: 0x8000b2fc (0x00002f17) auipc   t5, 0x2
core   0: 3 0x8000b2fc (0x00002f17) x30 0x8000d2fc
core   0: 0x8000b300 (0xd03f2223) sw      gp, -764(t5)
core   0: 3 0x8000b300 (0xd03f2223) mem 0x8000d000 0x00000001
core   0: 0x8000b304 (0xff9ff06f) j       pc - 0x8
core   0: 3 0x8000b304 (0xff9ff06f)
core   0: 0x8000b2fc (0x00002f17) auipc   t5, 0x2
core   0: 3 0x8000b2fc (0x00002f17) x30 0x8000d2fc
core   0: 0x8000b300 (0xd03f2223) sw      gp, -764(t5)
core   0: 3 0x8000b300 (0xd03f2223) mem 0x8000d000 0x00000001
core   0: 0x8000b304 (0xff9ff06f) j       pc - 0x8
core   0: 3 0x8000b304 (0xff9ff06f)
core   0: 0x8000b2fc (0x00002f17) auipc   t5, 0x2
core   0: 3 0x8000b2fc (0x00002f17) x30 0x8000d2fc
core   0: 0x8000b300 (0xd03f2223) sw      gp, -764(t5)
core   0: 3 0x8000b300 (0xd03f2223) mem 0x8000d000 0x00000001
core   0: 0x8000b304 (0xff9ff06f) j       pc - 0x8
core   0: 3 0x8000b304 (0xff9ff06f)
core   0: 0x8000b2fc (0x00002f17) auipc   t5, 0x2
core   0: 3 0x8000b2fc (0x00002f17) x30 0x8000d2fc
core   0: 0x8000b300 (0xd03f2223) sw      gp, -764(t5)
core   0: 3 0x8000b300 (0xd03f2223) mem 0x8000d000 0x00000001
core   0: 0x8000b304 (0xff9ff06f) j       pc - 0x8
core   0: 3 0x8000b304 (0xff9ff06f)
core   0: 0x8000b2fc (0x00002f17) auipc   t5, 0x2
core   0: 3 0x8000b2fc (0x00002f17) x30 0x8000d2fc
core   0: 0x8000b300 (0xd03f2223) sw      gp, -764(t5)
core   0: 3 0x8000b300 (0xd03f2223) mem 0x8000d000 0x00000001
core   0: 0x8000b304 (0xff9ff06f) j       pc - 0x8
core   0: 3 0x8000b304 (0xff9ff06f)
core   0: 0x8000b2fc (0x00002f17) auipc   t5, 0x2
core   0: 3 0x8000b2fc (0x00002f17) x30 0x8000d2fc
core   0: 0x8000b300 (0xd03f2223) sw      gp, -764(t5)
core   0: 3 0x8000b300 (0xd03f2223) mem 0x8000d000 0x00000001
core   0: 0x8000b304 (0xff9ff06f) j       pc - 0x8
core   0: 3 0x8000b304 (0xff9ff06f)
core   0: 0x8000b2fc (0x00002f17) auipc   t5, 0x2
core   0: 3 0x8000b2fc (0x00002f17) x30 0x8000d2fc
core   0: 0x8000b300 (0xd03f2223) sw      gp, -764(t5)
core   0: 3 0x8000b300 (0xd03f2223) mem 0x8000d000 0x00000001
core   0: 0x8000b304 (0xff9ff06f) j       pc - 0x8
core   0: 3 0x8000b304 (0xff9ff06f)
core   0: 0x8000b2fc (0x00002f17) auipc   t5, 0x2
core   0: 3 0x8000b2fc (0x00002f17) x30 0x8000d2fc
core   0: 0x8000b300 (0xd03f2223) sw      gp, -764(t5)
core   0: 3 0x8000b300 (0xd03f2223) mem 0x8000d000 0x00000001
core   0: 0x8000b304 (0xff9ff06f) j       pc - 0x8
core   0: 3 0x8000b304 (0xff9ff06f)
core   0: 0x8000b2fc (0x00002f17) auipc   t5, 0x2
core   0: 3 0x8000b2fc (0x00002f17) x30 0x8000d2fc
core   0: 0x8000b300 (0xd03f2223) sw      gp, -764(t5)
core   0: 3 0x8000b300 (0xd03f2223) mem 0x8000d000 0x00000001
core   0: 0x8000b304 (0xff9ff06f) j       pc - 0x8
core   0: 3 0x8000b304 (0xff9ff06f)
core   0: 0x8000b2fc (0x00002f17) auipc   t5, 0x2
core   0: 3 0x8000b2fc (0x00002f17) x30 0x8000d2fc
core   0: 0x8000b300 (0xd03f2223) sw      gp, -764(t5)
core   0: 3 0x8000b300 (0xd03f2223) mem 0x8000d000 0x00000001
core   0: 0x8000b304 (0xff9ff06f) j       pc - 0x8
core   0: 3 0x8000b304 (0xff9ff06f)
core   0: 0x8000b2fc (0x00002f17) auipc   t5, 0x2
core   0: 3 0x8000b2fc (0x00002f17) x30 0x8000d2fc
core   0: 0x8000b300 (0xd03f2223) sw      gp, -764(t5)
core   0: 3 0x8000b300 (0xd03f2223) mem 0x8000d000 0x00000001
core   0: 0x8000b304 (0xff9ff06f) j       pc - 0x8
core   0: 3 0x8000b304 (0xff9ff06f)
core   0: 0x8000b2fc (0x00002f17) auipc   t5, 0x2
core   0: 3 0x8000b2fc (0x00002f17) x30 0x8000d2fc
core   0: 0x8000b300 (0xd03f2223) sw      gp, -764(t5)
core   0: 3 0x8000b300 (0xd03f2223) mem 0x8000d000 0x00000001
core   0: 0x8000b304 (0xff9ff06f) j       pc - 0x8
core   0: 3 0x8000b304 (0xff9ff06f)
core   0: 0x8000b2fc (0x00002f17) auipc   t5, 0x2
core   0: 3 0x8000b2fc (0x00002f17) x30 0x8000d2fc
core   0: 0x8000b300 (0xd03f2223) sw      gp, -764(t5)
core   0: 3 0x8000b300 (0xd03f2223) mem 0x8000d000 0x00000001
core   0: 0x8000b304 (0xff9ff06f) j       pc - 0x8
core   0: 3 0x8000b304 (0xff9ff06f)
core   0: 0x8000b2fc (0x00002f17) auipc   t5, 0x2
core   0: 3 0x8000b2fc (0x00002f17) x30 0x8000d2fc
core   0: 0x8000b300 (0xd03f2223) sw      gp, -764(t5)
core   0: 3 0x8000b300 (0xd03f2223) mem 0x8000d000 0x00000001
core   0: 0x8000b304 (0xff9ff06f) j       pc - 0x8
core   0: 3 0x8000b304 (0xff9ff06f)
core   0: 0x8000b2fc (0x00002f17) auipc   t5, 0x2
core   0: 3 0x8000b2fc (0x00002f17) x30 0x8000d2fc
core   0: 0x8000b300 (0xd03f2223) sw      gp, -764(t5)
core   0: 3 0x8000b300 (0xd03f2223) mem 0x8000d000 0x00000001
core   0: 0x8000b304 (0xff9ff06f) j       pc - 0x8
core   0: 3 0x8000b304 (0xff9ff06f)
core   0: 0x8000b2fc (0x00002f17) auipc   t5, 0x2
core   0: 3 0x8000b2fc (0x00002f17) x30 0x8000d2fc
core   0: 0x8000b300 (0xd03f2223) sw      gp, -764(t5)
core   0: 3 0x8000b300 (0xd03f2223) mem 0x8000d000 0x00000001
core   0: 0x8000b304 (0xff9ff06f) j       pc - 0x8
core   0: 3 0x8000b304 (0xff9ff06f)
core   0: 0x8000b2fc (0x00002f17) auipc   t5, 0x2
core   0: 3 0x8000b2fc (0x00002f17) x30 0x8000d2fc
core   0: 0x8000b300 (0xd03f2223) sw      gp, -764(t5)
core   0: 3 0x8000b300 (0xd03f2223) mem 0x8000d000 0x00000001
core   0: 0x8000b304 (0xff9ff06f) j       pc - 0x8
core   0: 3 0x8000b304 (0xff9ff06f)
core   0: 0x8000b2fc (0x00002f17) auipc   t5, 0x2
core   0: 3 0x8000b2fc (0x00002f17) x30 0x8000d2fc
core   0: 0x8000b300 (0xd03f2223) sw      gp, -764(t5)
core   0: 3 0x8000b300 (0xd03f2223) mem 0x8000d000 0x00000001
core   0: 0x8000b304 (0xff9ff06f) j       pc - 0x8
core   0: 3 0x8000b304 (0xff9ff06f)
core   0: 0x8000b2fc (0x00002f17) auipc   t5, 0x2
core   0: 3 0x8000b2fc (0x00002f17) x30 0x8000d2fc
core   0: 0x8000b300 (0xd03f2223) sw      gp, -764(t5)
core   0: 3 0x8000b300 (0xd03f2223) mem 0x8000d000 0x00000001
core   0: 0x8000b304 (0xff9ff06f) j       pc - 0x8
core   0: 3 0x8000b304 (0xff9ff06f)
core   0: 0x8000b2fc (0x00002f17) auipc   t5, 0x2
core   0: 3 0x8000b2fc (0x00002f17) x30 0x8000d2fc
core   0: 0x8000b300 (0xd03f2223) sw      gp, -764(t5)
core   0: 3 0x8000b300 (0xd03f2223) mem 0x8000d000 0x00000001
core   0: 0x8000b304 (0xff9ff06f) j       pc - 0x8
core   0: 3 0x8000b304 (0xff9ff06f)
core   0: 0x8000b2fc (0x00002f17) auipc   t5, 0x2
core   0: 3 0x8000b2fc (0x00002f17) x30 0x8000d2fc
core   0: 0x8000b300 (0xd03f2223) sw      gp, -764(t5)
core   0: 3 0x8000b300 (0xd03f2223) mem 0x8000d000 0x00000001
core   0: 0x8000b304 (0xff9ff06f) j       pc - 0x8
core   0: 3 0x8000b304 (0xff9ff06f)
core   0: 0x8000b2fc (0x00002f17) auipc   t5, 0x2
core   0: 3 0x8000b2fc (0x00002f17) x30 0x8000d2fc
core   0: 0x8000b300 (0xd03f2223) sw      gp, -764(t5)
core   0: 3 0x8000b300 (0xd03f2223) mem 0x8000d000 0x00000001
core   0: 0x8000b304 (0xff9ff06f) j       pc - 0x8
core   0: 3 0x8000b304 (0xff9ff06f)
core   0: 0x8000b2fc (0x00002f17) auipc   t5, 0x2
core   0: 3 0x8000b2fc (0x00002f17) x30 0x8000d2fc
core   0: 0x8000b300 (0xd03f2223) sw      gp, -764(t5)
core   0: 3 0x8000b300 (0xd03f2223) mem 0x8000d000 0x00000001
core   0: 0x8000b304 (0xff9ff06f) j       pc - 0x8
core   0: 3 0x8000b304 (0xff9ff06f)
core   0: 0x8000b2fc (0x00002f17) auipc   t5, 0x2
core   0: 3 0x8000b2fc (0x00002f17) x30 0x8000d2fc
core   0: 0x8000b300 (0xd03f2223) sw      gp, -764(t5)
core   0: 3 0x8000b300 (0xd03f2223) mem 0x8000d000 0x00000001
core   0: 0x8000b304 (0xff9ff06f) j       pc - 0x8
core   0: 3 0x8000b304 (0xff9ff06f)
core   0: 0x8000b2fc (0x00002f17) auipc   t5, 0x2
core   0: 3 0x8000b2fc (0x00002f17) x30 0x8000d2fc
core   0: 0x8000b300 (0xd03f2223) sw      gp, -764(t5)
core   0: 3 0x8000b300 (0xd03f2223) mem 0x8000d000 0x00000001
core   0: 0x8000b304 (0xff9ff06f) j       pc - 0x8
core   0: 3 0x8000b304 (0xff9ff06f)
core   0: 0x8000b2fc (0x00002f17) auipc   t5, 0x2
core   0: 3 0x8000b2fc (0x00002f17) x30 0x8000d2fc
core   0: 0x8000b300 (0xd03f2223) sw      gp, -764(t5)
core   0: 3 0x8000b300 (0xd03f2223) mem 0x8000d000 0x00000001
core   0: 0x8000b304 (0xff9ff06f) j       pc - 0x8
core   0: 3 0x8000b304 (0xff9ff06f)
core   0: 0x8000b2fc (0x00002f17) auipc   t5, 0x2
core   0: 3 0x8000b2fc (0x00002f17) x30 0x8000d2fc
core   0: 0x8000b300 (0xd03f2223) sw      gp, -764(t5)
core   0: 3 0x8000b300 (0xd03f2223) mem 0x8000d000 0x00000001
core   0: 0x8000b304 (0xff9ff06f) j       pc - 0x8
core   0: 3 0x8000b304 (0xff9ff06f)
core   0: 0x8000b2fc (0x00002f17) auipc   t5, 0x2
core   0: 3 0x8000b2fc (0x00002f17) x30 0x8000d2fc
core   0: 0x8000b300 (0xd03f2223) sw      gp, -764(t5)
core   0: 3 0x8000b300 (0xd03f2223) mem 0x8000d000 0x00000001
core   0: 0x8000b304 (0xff9ff06f) j       pc - 0x8
core   0: 3 0x8000b304 (0xff9ff06f)
core   0: 0x8000b2fc (0x00002f17) auipc   t5, 0x2
core   0: 3 0x8000b2fc (0x00002f17) x30 0x8000d2fc
core   0: 0x8000b300 (0xd03f2223) sw      gp, -764(t5)
core   0: 3 0x8000b300 (0xd03f2223) mem 0x8000d000 0x00000001
core   0: 0x8000b304 (0xff9ff06f) j       pc - 0x8
core   0: 3 0x8000b304 (0xff9ff06f)
core   0: 0x8000b2fc (0x00002f17) auipc   t5, 0x2
core   0: 3 0x8000b2fc (0x00002f17) x30 0x8000d2fc
core   0: 0x8000b300 (0xd03f2223) sw      gp, -764(t5)
core   0: 3 0x8000b300 (0xd03f2223) mem 0x8000d000 0x00000001
core   0: 0x8000b304 (0xff9ff06f) j       pc - 0x8
core   0: 3 0x8000b304 (0xff9ff06f)
core   0: 0x8000b2fc (0x00002f17) auipc   t5, 0x2
core   0: 3 0x8000b2fc (0x00002f17) x30 0x8000d2fc
core   0: 0x8000b300 (0xd03f2223) sw      gp, -764(t5)
core   0: 3 0x8000b300 (0xd03f2223) mem 0x8000d000 0x00000001
core   0: 0x8000b304 (0xff9ff06f) j       pc - 0x8
core   0: 3 0x8000b304 (0xff9ff06f)
core   0: 0x8000b2fc (0x00002f17) auipc   t5, 0x2
core   0: 3 0x8000b2fc (0x00002f17) x30 0x8000d2fc
core   0: 0x8000b300 (0xd03f2223) sw      gp, -764(t5)
core   0: 3 0x8000b300 (0xd03f2223) mem 0x8000d000 0x00000001
core   0: 0x8000b304 (0xff9ff06f) j       pc - 0x8
core   0: 3 0x8000b304 (0xff9ff06f)
core   0: 0x8000b2fc (0x00002f17) auipc   t5, 0x2
core   0: 3 0x8000b2fc (0x00002f17) x30 0x8000d2fc
core   0: 0x8000b300 (0xd03f2223) sw      gp, -764(t5)
core   0: 3 0x8000b300 (0xd03f2223) mem 0x8000d000 0x00000001
core   0: 0x8000b304 (0xff9ff06f) j       pc - 0x8
core   0: 3 0x8000b304 (0xff9ff06f)
core   0: 0x8000b2fc (0x00002f17) auipc   t5, 0x2
core   0: 3 0x8000b2fc (0x00002f17) x30 0x8000d2fc
core   0: 0x8000b300 (0xd03f2223) sw      gp, -764(t5)
core   0: 3 0x8000b300 (0xd03f2223) mem 0x8000d000 0x00000001
core   0: 0x8000b304 (0xff9ff06f) j       pc - 0x8
core   0: 3 0x8000b304 (0xff9ff06f)
core   0: 0x8000b2fc (0x00002f17) auipc   t5, 0x2
core   0: 3 0x8000b2fc (0x00002f17) x30 0x8000d2fc
core   0: 0x8000b300 (0xd03f2223) sw      gp, -764(t5)
core   0: 3 0x8000b300 (0xd03f2223) mem 0x8000d000 0x00000001
core   0: 0x8000b304 (0xff9ff06f) j       pc - 0x8
core   0: 3 0x8000b304 (0xff9ff06f)
core   0: 0x8000b2fc (0x00002f17) auipc   t5, 0x2
core   0: 3 0x8000b2fc (0x00002f17) x30 0x8000d2fc
core   0: 0x8000b300 (0xd03f2223) sw      gp, -764(t5)
core   0: 3 0x8000b300 (0xd03f2223) mem 0x8000d000 0x00000001
core   0: 0x8000b304 (0xff9ff06f) j       pc - 0x8
core   0: 3 0x8000b304 (0xff9ff06f)
core   0: 0x8000b2fc (0x00002f17) auipc   t5, 0x2
core   0: 3 0x8000b2fc (0x00002f17) x30 0x8000d2fc
core   0: 0x8000b300 (0xd03f2223) sw      gp, -764(t5)
core   0: 3 0x8000b300 (0xd03f2223) mem 0x8000d000 0x00000001
core   0: 0x8000b304 (0xff9ff06f) j       pc - 0x8
core   0: 3 0x8000b304 (0xff9ff06f)
core   0: 0x8000b2fc (0x00002f17) auipc   t5, 0x2
core   0: 3 0x8000b2fc (0x00002f17) x30 0x8000d2fc
core   0: 0x8000b300 (0xd03f2223) sw      gp, -764(t5)
core   0: 3 0x8000b300 (0xd03f2223) mem 0x8000d000 0x00000001
core   0: 0x8000b304 (0xff9ff06f) j       pc - 0x8
core   0: 3 0x8000b304 (0xff9ff06f)
core   0: 0x8000b2fc (0x00002f17) auipc   t5, 0x2
core   0: 3 0x8000b2fc (0x00002f17) x30 0x8000d2fc
core   0: 0x8000b300 (0xd03f2223) sw      gp, -764(t5)
core   0: 3 0x8000b300 (0xd03f2223) mem 0x8000d000 0x00000001
core   0: 0x8000b304 (0xff9ff06f) j       pc - 0x8
core   0: 3 0x8000b304 (0xff9ff06f)
core   0: 0x8000b2fc (0x00002f17) auipc   t5, 0x2
core   0: 3 0x8000b2fc (0x00002f17) x30 0x8000d2fc
core   0: 0x8000b300 (0xd03f2223) sw      gp, -764(t5)
core   0: 3 0x8000b300 (0xd03f2223) mem 0x8000d000 0x00000001
core   0: 0x8000b304 (0xff9ff06f) j       pc - 0x8
core   0: 3 0x8000b304 (0xff9ff06f)
core   0: 0x8000b2fc (0x00002f17) auipc   t5, 0x2
core   0: 3 0x8000b2fc (0x00002f17) x30 0x8000d2fc
core   0: 0x8000b300 (0xd03f2223) sw      gp, -764(t5)
core   0: 3 0x8000b300 (0xd03f2223) mem 0x8000d000 0x00000001
core   0: 0x8000b304 (0xff9ff06f) j       pc - 0x8
core   0: 3 0x8000b304 (0xff9ff06f)
core   0: 0x8000b2fc (0x00002f17) auipc   t5, 0x2
core   0: 3 0x8000b2fc (0x00002f17) x30 0x8000d2fc
core   0: 0x8000b300 (0xd03f2223) sw      gp, -764(t5)
core   0: 3 0x8000b300 (0xd03f2223) mem 0x8000d000 0x00000001
core   0: 0x8000b304 (0xff9ff06f) j       pc - 0x8
core   0: 3 0x8000b304 (0xff9ff06f)
core   0: 0x8000b2fc (0x00002f17) auipc   t5, 0x2
core   0: 3 0x8000b2fc (0x00002f17) x30 0x8000d2fc
core   0: 0x8000b300 (0xd03f2223) sw      gp, -764(t5)
core   0: 3 0x8000b300 (0xd03f2223) mem 0x8000d000 0x00000001
core   0: 0x8000b304 (0xff9ff06f) j       pc - 0x8
core   0: 3 0x8000b304 (0xff9ff06f)
core   0: 0x8000b2fc (0x00002f17) auipc   t5, 0x2
core   0: 3 0x8000b2fc (0x00002f17) x30 0x8000d2fc
core   0: 0x8000b300 (0xd03f2223) sw      gp, -764(t5)
core   0: 3 0x8000b300 (0xd03f2223) mem 0x8000d000 0x00000001
core   0: 0x8000b304 (0xff9ff06f) j       pc - 0x8
core   0: 3 0x8000b304 (0xff9ff06f)
core   0: 0x8000b2fc (0x00002f17) auipc   t5, 0x2
core   0: 3 0x8000b2fc (0x00002f17) x30 0x8000d2fc
core   0: 0x8000b300 (0xd03f2223) sw      gp, -764(t5)
core   0: 3 0x8000b300 (0xd03f2223) mem 0x8000d000 0x00000001
core   0: 0x8000b304 (0xff9ff06f) j       pc - 0x8
core   0: 3 0x8000b304 (0xff9ff06f)
core   0: 0x8000b2fc (0x00002f17) auipc   t5, 0x2
core   0: 3 0x8000b2fc (0x00002f17) x30 0x8000d2fc
core   0: 0x8000b300 (0xd03f2223) sw      gp, -764(t5)
core   0: 3 0x8000b300 (0xd03f2223) mem 0x8000d000 0x00000001
core   0: 0x8000b304 (0xff9ff06f) j       pc - 0x8
core   0: 3 0x8000b304 (0xff9ff06f)
core   0: 0x8000b2fc (0x00002f17) auipc   t5, 0x2
core   0: 3 0x8000b2fc (0x00002f17) x30 0x8000d2fc
core   0: 0x8000b300 (0xd03f2223) sw      gp, -764(t5)
core   0: 3 0x8000b300 (0xd03f2223) mem 0x8000d000 0x00000001
core   0: 0x8000b304 (0xff9ff06f) j       pc - 0x8
core   0: 3 0x8000b304 (0xff9ff06f)
core   0: 0x8000b2fc (0x00002f17) auipc   t5, 0x2
core   0: 3 0x8000b2fc (0x00002f17) x30 0x8000d2fc
core   0: 0x8000b300 (0xd03f2223) sw      gp, -764(t5)
core   0: 3 0x8000b300 (0xd03f2223) mem 0x8000d000 0x00000001
core   0: 0x8000b304 (0xff9ff06f) j       pc - 0x8
core   0: 3 0x8000b304 (0xff9ff06f)
core   0: 0x8000b2fc (0x00002f17) auipc   t5, 0x2
core   0: 3 0x8000b2fc (0x00002f17) x30 0x8000d2fc
core   0: 0x8000b300 (0xd03f2223) sw      gp, -764(t5)
core   0: 3 0x8000b300 (0xd03f2223) mem 0x8000d000 0x00000001
core   0: 0x8000b304 (0xff9ff06f) j       pc - 0x8
core   0: 3 0x8000b304 (0xff9ff06f)
core   0: 0x8000b2fc (0x00002f17) auipc   t5, 0x2
core   0: 3 0x8000b2fc (0x00002f17) x30 0x8000d2fc
core   0: 0x8000b300 (0xd03f2223) sw      gp, -764(t5)
core   0: 3 0x8000b300 (0xd03f2223) mem 0x8000d000 0x00000001
core   0: 0x8000b304 (0xff9ff06f) j       pc - 0x8
core   0: 3 0x8000b304 (0xff9ff06f)
core   0: 0x8000b2fc (0x00002f17) auipc   t5, 0x2
core   0: 3 0x8000b2fc (0x00002f17) x30 0x8000d2fc
core   0: 0x8000b300 (0xd03f2223) sw      gp, -764(t5)
core   0: 3 0x8000b300 (0xd03f2223) mem 0x8000d000 0x00000001
core   0: 0x8000b304 (0xff9ff06f) j       pc - 0x8
core   0: 3 0x8000b304 (0xff9ff06f)
core   0: 0x8000b2fc (0x00002f17) auipc   t5, 0x2
core   0: 3 0x8000b2fc (0x00002f17) x30 0x8000d2fc
core   0: 0x8000b300 (0xd03f2223) sw      gp, -764(t5)
core   0: 3 0x8000b300 (0xd03f2223) mem 0x8000d000 0x00000001
core   0: 0x8000b304 (0xff9ff06f) j       pc - 0x8
core   0: 3 0x8000b304 (0xff9ff06f)
core   0: 0x8000b2fc (0x00002f17) auipc   t5, 0x2
core   0: 3 0x8000b2fc (0x00002f17) x30 0x8000d2fc
core   0: 0x8000b300 (0xd03f2223) sw      gp, -764(t5)
core   0: 3 0x8000b300 (0xd03f2223) mem 0x8000d000 0x00000001
core   0: 0x8000b304 (0xff9ff06f) j       pc - 0x8
core   0: 3 0x8000b304 (0xff9ff06f)
core   0: 0x8000b2fc (0x00002f17) auipc   t5, 0x2
core   0: 3 0x8000b2fc (0x00002f17) x30 0x8000d2fc
core   0: 0x8000b300 (0xd03f2223) sw      gp, -764(t5)
core   0: 3 0x8000b300 (0xd03f2223) mem 0x8000d000 0x00000001
core   0: 0x8000b304 (0xff9ff06f) j       pc - 0x8
core   0: 3 0x8000b304 (0xff9ff06f)
core   0: 0x8000b2fc (0x00002f17) auipc   t5, 0x2
core   0: 3 0x8000b2fc (0x00002f17) x30 0x8000d2fc
core   0: 0x8000b300 (0xd03f2223) sw      gp, -764(t5)
core   0: 3 0x8000b300 (0xd03f2223) mem 0x8000d000 0x00000001
core   0: 0x8000b304 (0xff9ff06f) j       pc - 0x8
core   0: 3 0x8000b304 (0xff9ff06f)
core   0: 0x8000b2fc (0x00002f17) auipc   t5, 0x2
core   0: 3 0x8000b2fc (0x00002f17) x30 0x8000d2fc
core   0: 0x8000b300 (0xd03f2223) sw      gp, -764(t5)
core   0: 3 0x8000b300 (0xd03f2223) mem 0x8000d000 0x00000001
core   0: 0x8000b304 (0xff9ff06f) j       pc - 0x8
core   0: 3 0x8000b304 (0xff9ff06f)
core   0: 0x8000b2fc (0x00002f17) auipc   t5, 0x2
core   0: 3 0x8000b2fc (0x00002f17) x30 0x8000d2fc
core   0: 0x8000b300 (0xd03f2223) sw      gp, -764(t5)
core   0: 3 0x8000b300 (0xd03f2223) mem 0x8000d000 0x00000001
core   0: 0x8000b304 (0xff9ff06f) j       pc - 0x8
core   0: 3 0x8000b304 (0xff9ff06f)
core   0: 0x8000b2fc (0x00002f17) auipc   t5, 0x2
core   0: 3 0x8000b2fc (0x00002f17) x30 0x8000d2fc
core   0: 0x8000b300 (0xd03f2223) sw      gp, -764(t5)
core   0: 3 0x8000b300 (0xd03f2223) mem 0x8000d000 0x00000001
core   0: 0x8000b304 (0xff9ff06f) j       pc - 0x8
core   0: 3 0x8000b304 (0xff9ff06f)
core   0: 0x8000b2fc (0x00002f17) auipc   t5, 0x2
core   0: 3 0x8000b2fc (0x00002f17) x30 0x8000d2fc
core   0: 0x8000b300 (0xd03f2223) sw      gp, -764(t5)
core   0: 3 0x8000b300 (0xd03f2223) mem 0x8000d000 0x00000001
core   0: 0x8000b304 (0xff9ff06f) j       pc - 0x8
core   0: 3 0x8000b304 (0xff9ff06f)
core   0: 0x8000b2fc (0x00002f17) auipc   t5, 0x2
core   0: 3 0x8000b2fc (0x00002f17) x30 0x8000d2fc
core   0: 0x8000b300 (0xd03f2223) sw      gp, -764(t5)
core   0: 3 0x8000b300 (0xd03f2223) mem 0x8000d000 0x00000001
core   0: 0x8000b304 (0xff9ff06f) j       pc - 0x8
core   0: 3 0x8000b304 (0xff9ff06f)
core   0: 0x8000b2fc (0x00002f17) auipc   t5, 0x2
core   0: 3 0x8000b2fc (0x00002f17) x30 0x8000d2fc
core   0: 0x8000b300 (0xd03f2223) sw      gp, -764(t5)
core   0: 3 0x8000b300 (0xd03f2223) mem 0x8000d000 0x00000001
core   0: 0x8000b304 (0xff9ff06f) j       pc - 0x8
core   0: 3 0x8000b304 (0xff9ff06f)
core   0: 0x8000b2fc (0x00002f17) auipc   t5, 0x2
core   0: 3 0x8000b2fc (0x00002f17) x30 0x8000d2fc
core   0: 0x8000b300 (0xd03f2223) sw      gp, -764(t5)
core   0: 3 0x8000b300 (0xd03f2223) mem 0x8000d000 0x00000001
core   0: 0x8000b304 (0xff9ff06f) j       pc - 0x8
core   0: 3 0x8000b304 (0xff9ff06f)
core   0: 0x8000b2fc (0x00002f17) auipc   t5, 0x2
core   0: 3 0x8000b2fc (0x00002f17) x30 0x8000d2fc
core   0: 0x8000b300 (0xd03f2223) sw      gp, -764(t5)
core   0: 3 0x8000b300 (0xd03f2223) mem 0x8000d000 0x00000001
core   0: 0x8000b304 (0xff9ff06f) j       pc - 0x8
core   0: 3 0x8000b304 (0xff9ff06f)
core   0: 0x8000b2fc (0x00002f17) auipc   t5, 0x2
core   0: 3 0x8000b2fc (0x00002f17) x30 0x8000d2fc
core   0: 0x8000b300 (0xd03f2223) sw      gp, -764(t5)
core   0: 3 0x8000b300 (0xd03f2223) mem 0x8000d000 0x00000001
core   0: 0x8000b304 (0xff9ff06f) j       pc - 0x8
core   0: 3 0x8000b304 (0xff9ff06f)
core   0: 0x8000b2fc (0x00002f17) auipc   t5, 0x2
core   0: 3 0x8000b2fc (0x00002f17) x30 0x8000d2fc
core   0: 0x8000b300 (0xd03f2223) sw      gp, -764(t5)
core   0: 3 0x8000b300 (0xd03f2223) mem 0x8000d000 0x00000001
core   0: 0x8000b304 (0xff9ff06f) j       pc - 0x8
core   0: 3 0x8000b304 (0xff9ff06f)
core   0: 0x8000b2fc (0x00002f17) auipc   t5, 0x2
core   0: 3 0x8000b2fc (0x00002f17) x30 0x8000d2fc
core   0: 0x8000b300 (0xd03f2223) sw      gp, -764(t5)
core   0: 3 0x8000b300 (0xd03f2223) mem 0x8000d000 0x00000001
core   0: 0x8000b304 (0xff9ff06f) j       pc - 0x8
core   0: 3 0x8000b304 (0xff9ff06f)
core   0: 0x8000b2fc (0x00002f17) auipc   t5, 0x2
core   0: 3 0x8000b2fc (0x00002f17) x30 0x8000d2fc
core   0: 0x8000b300 (0xd03f2223) sw      gp, -764(t5)
core   0: 3 0x8000b300 (0xd03f2223) mem 0x8000d000 0x00000001
core   0: 0x8000b304 (0xff9ff06f) j       pc - 0x8
core   0: 3 0x8000b304 (0xff9ff06f)
core   0: 0x8000b2fc (0x00002f17) auipc   t5, 0x2
core   0: 3 0x8000b2fc (0x00002f17) x30 0x8000d2fc
core   0: 0x8000b300 (0xd03f2223) sw      gp, -764(t5)
core   0: 3 0x8000b300 (0xd03f2223) mem 0x8000d000 0x00000001
core   0: 0x8000b304 (0xff9ff06f) j       pc - 0x8
core   0: 3 0x8000b304 (0xff9ff06f)
core   0: 0x8000b2fc (0x00002f17) auipc   t5, 0x2
core   0: 3 0x8000b2fc (0x00002f17) x30 0x8000d2fc
core   0: 0x8000b300 (0xd03f2223) sw      gp, -764(t5)
core   0: 3 0x8000b300 (0xd03f2223) mem 0x8000d000 0x00000001
core   0: 0x8000b304 (0xff9ff06f) j       pc - 0x8
core   0: 3 0x8000b304 (0xff9ff06f)
core   0: 0x8000b2fc (0x00002f17) auipc   t5, 0x2
core   0: 3 0x8000b2fc (0x00002f17) x30 0x8000d2fc
core   0: 0x8000b300 (0xd03f2223) sw      gp, -764(t5)
core   0: 3 0x8000b300 (0xd03f2223) mem 0x8000d000 0x00000001
core   0: 0x8000b304 (0xff9ff06f) j       pc - 0x8
core   0: 3 0x8000b304 (0xff9ff06f)
core   0: 0x8000b2fc (0x00002f17) auipc   t5, 0x2
core   0: 3 0x8000b2fc (0x00002f17) x30 0x8000d2fc
core   0: 0x8000b300 (0xd03f2223) sw      gp, -764(t5)
core   0: 3 0x8000b300 (0xd03f2223) mem 0x8000d000 0x00000001
core   0: 0x8000b304 (0xff9ff06f) j       pc - 0x8
core   0: 3 0x8000b304 (0xff9ff06f)
core   0: 0x8000b2fc (0x00002f17) auipc   t5, 0x2
core   0: 3 0x8000b2fc (0x00002f17) x30 0x8000d2fc
core   0: 0x8000b300 (0xd03f2223) sw      gp, -764(t5)
core   0: 3 0x8000b300 (0xd03f2223) mem 0x8000d000 0x00000001
core   0: 0x8000b304 (0xff9ff06f) j       pc - 0x8
core   0: 3 0x8000b304 (0xff9ff06f)
core   0: 0x8000b2fc (0x00002f17) auipc   t5, 0x2
core   0: 3 0x8000b2fc (0x00002f17) x30 0x8000d2fc
core   0: 0x8000b300 (0xd03f2223) sw      gp, -764(t5)
core   0: 3 0x8000b300 (0xd03f2223) mem 0x8000d000 0x00000001
core   0: 0x8000b304 (0xff9ff06f) j       pc - 0x8
core   0: 3 0x8000b304 (0xff9ff06f)
core   0: 0x8000b2fc (0x00002f17) auipc   t5, 0x2
core   0: 3 0x8000b2fc (0x00002f17) x30 0x8000d2fc
core   0: 0x8000b300 (0xd03f2223) sw      gp, -764(t5)
core   0: 3 0x8000b300 (0xd03f2223) mem 0x8000d000 0x00000001
core   0: 0x8000b304 (0xff9ff06f) j       pc - 0x8
core   0: 3 0x8000b304 (0xff9ff06f)
core   0: 0x8000b2fc (0x00002f17) auipc   t5, 0x2
core   0: 3 0x8000b2fc (0x00002f17) x30 0x8000d2fc
core   0: 0x8000b300 (0xd03f2223) sw      gp, -764(t5)
core   0: 3 0x8000b300 (0xd03f2223) mem 0x8000d000 0x00000001
core   0: 0x8000b304 (0xff9ff06f) j       pc - 0x8
core   0: 3 0x8000b304 (0xff9ff06f)
core   0: 0x8000b2fc (0x00002f17) auipc   t5, 0x2
core   0: 3 0x8000b2fc (0x00002f17) x30 0x8000d2fc
core   0: 0x8000b300 (0xd03f2223) sw      gp, -764(t5)
core   0: 3 0x8000b300 (0xd03f2223) mem 0x8000d000 0x00000001
core   0: 0x8000b304 (0xff9ff06f) j       pc - 0x8
core   0: 3 0x8000b304 (0xff9ff06f)
core   0: 0x8000b2fc (0x00002f17) auipc   t5, 0x2
core   0: 3 0x8000b2fc (0x00002f17) x30 0x8000d2fc
core   0: 0x8000b300 (0xd03f2223) sw      gp, -764(t5)
core   0: 3 0x8000b300 (0xd03f2223) mem 0x8000d000 0x00000001
core   0: 0x8000b304 (0xff9ff06f) j       pc - 0x8
core   0: 3 0x8000b304 (0xff9ff06f)
core   0: 0x8000b2fc (0x00002f17) auipc   t5, 0x2
core   0: 3 0x8000b2fc (0x00002f17) x30 0x8000d2fc
core   0: 0x8000b300 (0xd03f2223) sw      gp, -764(t5)
core   0: 3 0x8000b300 (0xd03f2223) mem 0x8000d000 0x00000001
core   0: 0x8000b304 (0xff9ff06f) j       pc - 0x8
core   0: 3 0x8000b304 (0xff9ff06f)
core   0: 0x8000b2fc (0x00002f17) auipc   t5, 0x2
core   0: 3 0x8000b2fc (0x00002f17) x30 0x8000d2fc
core   0: 0x8000b300 (0xd03f2223) sw      gp, -764(t5)
core   0: 3 0x8000b300 (0xd03f2223) mem 0x8000d000 0x00000001
core   0: 0x8000b304 (0xff9ff06f) j       pc - 0x8
core   0: 3 0x8000b304 (0xff9ff06f)
core   0: 0x8000b2fc (0x00002f17) auipc   t5, 0x2
core   0: 3 0x8000b2fc (0x00002f17) x30 0x8000d2fc
core   0: 0x8000b300 (0xd03f2223) sw      gp, -764(t5)
core   0: 3 0x8000b300 (0xd03f2223) mem 0x8000d000 0x00000001
core   0: 0x8000b304 (0xff9ff06f) j       pc - 0x8
core   0: 3 0x8000b304 (0xff9ff06f)
core   0: 0x8000b2fc (0x00002f17) auipc   t5, 0x2
core   0: 3 0x8000b2fc (0x00002f17) x30 0x8000d2fc
core   0: 0x8000b300 (0xd03f2223) sw      gp, -764(t5)
core   0: 3 0x8000b300 (0xd03f2223) mem 0x8000d000 0x00000001
core   0: 0x8000b304 (0xff9ff06f) j       pc - 0x8
core   0: 3 0x8000b304 (0xff9ff06f)
core   0: 0x8000b2fc (0x00002f17) auipc   t5, 0x2
core   0: 3 0x8000b2fc (0x00002f17) x30 0x8000d2fc
core   0: 0x8000b300 (0xd03f2223) sw      gp, -764(t5)
core   0: 3 0x8000b300 (0xd03f2223) mem 0x8000d000 0x00000001
core   0: 0x8000b304 (0xff9ff06f) j       pc - 0x8
core   0: 3 0x8000b304 (0xff9ff06f)
core   0: 0x8000b2fc (0x00002f17) auipc   t5, 0x2
core   0: 3 0x8000b2fc (0x00002f17) x30 0x8000d2fc
core   0: 0x8000b300 (0xd03f2223) sw      gp, -764(t5)
core   0: 3 0x8000b300 (0xd03f2223) mem 0x8000d000 0x00000001
core   0: 0x8000b304 (0xff9ff06f) j       pc - 0x8
core   0: 3 0x8000b304 (0xff9ff06f)
core   0: 0x8000b2fc (0x00002f17) auipc   t5, 0x2
core   0: 3 0x8000b2fc (0x00002f17) x30 0x8000d2fc
core   0: 0x8000b300 (0xd03f2223) sw      gp, -764(t5)
core   0: 3 0x8000b300 (0xd03f2223) mem 0x8000d000 0x00000001
core   0: 0x8000b304 (0xff9ff06f) j       pc - 0x8
core   0: 3 0x8000b304 (0xff9ff06f)
core   0: 0x8000b2fc (0x00002f17) auipc   t5, 0x2
core   0: 3 0x8000b2fc (0x00002f17) x30 0x8000d2fc
core   0: 0x8000b300 (0xd03f2223) sw      gp, -764(t5)
core   0: 3 0x8000b300 (0xd03f2223) mem 0x8000d000 0x00000001
core   0: 0x8000b304 (0xff9ff06f) j       pc - 0x8
core   0: 3 0x8000b304 (0xff9ff06f)
core   0: 0x8000b2fc (0x00002f17) auipc   t5, 0x2
core   0: 3 0x8000b2fc (0x00002f17) x30 0x8000d2fc
core   0: 0x8000b300 (0xd03f2223) sw      gp, -764(t5)
core   0: 3 0x8000b300 (0xd03f2223) mem 0x8000d000 0x00000001
core   0: 0x8000b304 (0xff9ff06f) j       pc - 0x8
core   0: 3 0x8000b304 (0xff9ff06f)
core   0: 0x8000b2fc (0x00002f17) auipc   t5, 0x2
core   0: 3 0x8000b2fc (0x00002f17) x30 0x8000d2fc
core   0: 0x8000b300 (0xd03f2223) sw      gp, -764(t5)
core   0: 3 0x8000b300 (0xd03f2223) mem 0x8000d000 0x00000001
core   0: 0x8000b304 (0xff9ff06f) j       pc - 0x8
core   0: 3 0x8000b304 (0xff9ff06f)
core   0: 0x8000b2fc (0x00002f17) auipc   t5, 0x2
core   0: 3 0x8000b2fc (0x00002f17) x30 0x8000d2fc
core   0: 0x8000b300 (0xd03f2223) sw      gp, -764(t5)
core   0: 3 0x8000b300 (0xd03f2223) mem 0x8000d000 0x00000001
core   0: 0x8000b304 (0xff9ff06f) j       pc - 0x8
core   0: 3 0x8000b304 (0xff9ff06f)
core   0: 0x8000b2fc (0x00002f17) auipc   t5, 0x2
core   0: 3 0x8000b2fc (0x00002f17) x30 0x8000d2fc
core   0: 0x8000b300 (0xd03f2223) sw      gp, -764(t5)
core   0: 3 0x8000b300 (0xd03f2223) mem 0x8000d000 0x00000001
core   0: 0x8000b304 (0xff9ff06f) j       pc - 0x8
core   0: 3 0x8000b304 (0xff9ff06f)
core   0: 0x8000b2fc (0x00002f17) auipc   t5, 0x2
core   0: 3 0x8000b2fc (0x00002f17) x30 0x8000d2fc
core   0: 0x8000b300 (0xd03f2223) sw      gp, -764(t5)
core   0: 3 0x8000b300 (0xd03f2223) mem 0x8000d000 0x00000001
core   0: 0x8000b304 (0xff9ff06f) j       pc - 0x8
core   0: 3 0x8000b304 (0xff9ff06f)
core   0: 0x8000b2fc (0x00002f17) auipc   t5, 0x2
core   0: 3 0x8000b2fc (0x00002f17) x30 0x8000d2fc
core   0: 0x8000b300 (0xd03f2223) sw      gp, -764(t5)
core   0: 3 0x8000b300 (0xd03f2223) mem 0x8000d000 0x00000001
core   0: 0x8000b304 (0xff9ff06f) j       pc - 0x8
core   0: 3 0x8000b304 (0xff9ff06f)
core   0: 0x8000b2fc (0x00002f17) auipc   t5, 0x2
core   0: 3 0x8000b2fc (0x00002f17) x30 0x8000d2fc
core   0: 0x8000b300 (0xd03f2223) sw      gp, -764(t5)
core   0: 3 0x8000b300 (0xd03f2223) mem 0x8000d000 0x00000001
core   0: 0x8000b304 (0xff9ff06f) j       pc - 0x8
core   0: 3 0x8000b304 (0xff9ff06f)
core   0: 0x8000b2fc (0x00002f17) auipc   t5, 0x2
core   0: 3 0x8000b2fc (0x00002f17) x30 0x8000d2fc
core   0: 0x8000b300 (0xd03f2223) sw      gp, -764(t5)
core   0: 3 0x8000b300 (0xd03f2223) mem 0x8000d000 0x00000001
core   0: 0x8000b304 (0xff9ff06f) j       pc - 0x8
core   0: 3 0x8000b304 (0xff9ff06f)
core   0: 0x8000b2fc (0x00002f17) auipc   t5, 0x2
core   0: 3 0x8000b2fc (0x00002f17) x30 0x8000d2fc
core   0: 0x8000b300 (0xd03f2223) sw      gp, -764(t5)
core   0: 3 0x8000b300 (0xd03f2223) mem 0x8000d000 0x00000001
core   0: 0x8000b304 (0xff9ff06f) j       pc - 0x8
core   0: 3 0x8000b304 (0xff9ff06f)
core   0: 0x8000b2fc (0x00002f17) auipc   t5, 0x2
core   0: 3 0x8000b2fc (0x00002f17) x30 0x8000d2fc
core   0: 0x8000b300 (0xd03f2223) sw      gp, -764(t5)
core   0: 3 0x8000b300 (0xd03f2223) mem 0x8000d000 0x00000001
core   0: 0x8000b304 (0xff9ff06f) j       pc - 0x8
core   0: 3 0x8000b304 (0xff9ff06f)
core   0: 0x8000b2fc (0x00002f17) auipc   t5, 0x2
core   0: 3 0x8000b2fc (0x00002f17) x30 0x8000d2fc
core   0: 0x8000b300 (0xd03f2223) sw      gp, -764(t5)
core   0: 3 0x8000b300 (0xd03f2223) mem 0x8000d000 0x00000001
core   0: 0x8000b304 (0xff9ff06f) j       pc - 0x8
core   0: 3 0x8000b304 (0xff9ff06f)
core   0: 0x8000b2fc (0x00002f17) auipc   t5, 0x2
core   0: 3 0x8000b2fc (0x00002f17) x30 0x8000d2fc
core   0: 0x8000b300 (0xd03f2223) sw      gp, -764(t5)
core   0: 3 0x8000b300 (0xd03f2223) mem 0x8000d000 0x00000001
core   0: 0x8000b304 (0xff9ff06f) j       pc - 0x8
core   0: 3 0x8000b304 (0xff9ff06f)
core   0: 0x8000b2fc (0x00002f17) auipc   t5, 0x2
core   0: 3 0x8000b2fc (0x00002f17) x30 0x8000d2fc
core   0: 0x8000b300 (0xd03f2223) sw      gp, -764(t5)
core   0: 3 0x8000b300 (0xd03f2223) mem 0x8000d000 0x00000001
core   0: 0x8000b304 (0xff9ff06f) j       pc - 0x8
core   0: 3 0x8000b304 (0xff9ff06f)
core   0: 0x8000b2fc (0x00002f17) auipc   t5, 0x2
core   0: 3 0x8000b2fc (0x00002f17) x30 0x8000d2fc
core   0: 0x8000b300 (0xd03f2223) sw      gp, -764(t5)
core   0: 3 0x8000b300 (0xd03f2223) mem 0x8000d000 0x00000001
core   0: 0x8000b304 (0xff9ff06f) j       pc - 0x8
core   0: 3 0x8000b304 (0xff9ff06f)
core   0: 0x8000b2fc (0x00002f17) auipc   t5, 0x2
core   0: 3 0x8000b2fc (0x00002f17) x30 0x8000d2fc
core   0: 0x8000b300 (0xd03f2223) sw      gp, -764(t5)
core   0: 3 0x8000b300 (0xd03f2223) mem 0x8000d000 0x00000001
core   0: 0x8000b304 (0xff9ff06f) j       pc - 0x8
core   0: 3 0x8000b304 (0xff9ff06f)
core   0: 0x8000b2fc (0x00002f17) auipc   t5, 0x2
core   0: 3 0x8000b2fc (0x00002f17) x30 0x8000d2fc
core   0: 0x8000b300 (0xd03f2223) sw      gp, -764(t5)
core   0: 3 0x8000b300 (0xd03f2223) mem 0x8000d000 0x00000001
core   0: 0x8000b304 (0xff9ff06f) j       pc - 0x8
core   0: 3 0x8000b304 (0xff9ff06f)
core   0: 0x8000b2fc (0x00002f17) auipc   t5, 0x2
core   0: 3 0x8000b2fc (0x00002f17) x30 0x8000d2fc
core   0: 0x8000b300 (0xd03f2223) sw      gp, -764(t5)
core   0: 3 0x8000b300 (0xd03f2223) mem 0x8000d000 0x00000001
core   0: 0x8000b304 (0xff9ff06f) j       pc - 0x8
core   0: 3 0x8000b304 (0xff9ff06f)
core   0: 0x8000b2fc (0x00002f17) auipc   t5, 0x2
core   0: 3 0x8000b2fc (0x00002f17) x30 0x8000d2fc
core   0: 0x8000b300 (0xd03f2223) sw      gp, -764(t5)
core   0: 3 0x8000b300 (0xd03f2223) mem 0x8000d000 0x00000001
core   0: 0x8000b304 (0xff9ff06f) j       pc - 0x8
core   0: 3 0x8000b304 (0xff9ff06f)
core   0: 0x8000b2fc (0x00002f17) auipc   t5, 0x2
core   0: 3 0x8000b2fc (0x00002f17) x30 0x8000d2fc
core   0: 0x8000b300 (0xd03f2223) sw      gp, -764(t5)
core   0: 3 0x8000b300 (0xd03f2223) mem 0x8000d000 0x00000001
core   0: 0x8000b304 (0xff9ff06f) j       pc - 0x8
core   0: 3 0x8000b304 (0xff9ff06f)
core   0: 0x8000b2fc (0x00002f17) auipc   t5, 0x2
core   0: 3 0x8000b2fc (0x00002f17) x30 0x8000d2fc
core   0: 0x8000b300 (0xd03f2223) sw      gp, -764(t5)
core   0: 3 0x8000b300 (0xd03f2223) mem 0x8000d000 0x00000001
core   0: 0x8000b304 (0xff9ff06f) j       pc - 0x8
core   0: 3 0x8000b304 (0xff9ff06f)
core   0: 0x8000b2fc (0x00002f17) auipc   t5, 0x2
core   0: 3 0x8000b2fc (0x00002f17) x30 0x8000d2fc
core   0: 0x8000b300 (0xd03f2223) sw      gp, -764(t5)
core   0: 3 0x8000b300 (0xd03f2223) mem 0x8000d000 0x00000001
core   0: 0x8000b304 (0xff9ff06f) j       pc - 0x8
core   0: 3 0x8000b304 (0xff9ff06f)
core   0: 0x8000b2fc (0x00002f17) auipc   t5, 0x2
core   0: 3 0x8000b2fc (0x00002f17) x30 0x8000d2fc
core   0: 0x8000b300 (0xd03f2223) sw      gp, -764(t5)
core   0: 3 0x8000b300 (0xd03f2223) mem 0x8000d000 0x00000001
core   0: 0x8000b304 (0xff9ff06f) j       pc - 0x8
core   0: 3 0x8000b304 (0xff9ff06f)
core   0: 0x8000b2fc (0x00002f17) auipc   t5, 0x2
core   0: 3 0x8000b2fc (0x00002f17) x30 0x8000d2fc
core   0: 0x8000b300 (0xd03f2223) sw      gp, -764(t5)
core   0: 3 0x8000b300 (0xd03f2223) mem 0x8000d000 0x00000001
core   0: 0x8000b304 (0xff9ff06f) j       pc - 0x8
core   0: 3 0x8000b304 (0xff9ff06f)
core   0: 0x8000b2fc (0x00002f17) auipc   t5, 0x2
core   0: 3 0x8000b2fc (0x00002f17) x30 0x8000d2fc
core   0: 0x8000b300 (0xd03f2223) sw      gp, -764(t5)
core   0: 3 0x8000b300 (0xd03f2223) mem 0x8000d000 0x00000001
core   0: 0x8000b304 (0xff9ff06f) j       pc - 0x8
core   0: 3 0x8000b304 (0xff9ff06f)
core   0: 0x8000b2fc (0x00002f17) auipc   t5, 0x2
core   0: 3 0x8000b2fc (0x00002f17) x30 0x8000d2fc
core   0: 0x8000b300 (0xd03f2223) sw      gp, -764(t5)
core   0: 3 0x8000b300 (0xd03f2223) mem 0x8000d000 0x00000001
core   0: 0x8000b304 (0xff9ff06f) j       pc - 0x8
core   0: 3 0x8000b304 (0xff9ff06f)
core   0: 0x8000b2fc (0x00002f17) auipc   t5, 0x2
core   0: 3 0x8000b2fc (0x00002f17) x30 0x8000d2fc
core   0: 0x8000b300 (0xd03f2223) sw      gp, -764(t5)
core   0: 3 0x8000b300 (0xd03f2223) mem 0x8000d000 0x00000001
core   0: 0x8000b304 (0xff9ff06f) j       pc - 0x8
core   0: 3 0x8000b304 (0xff9ff06f)
core   0: 0x8000b2fc (0x00002f17) auipc   t5, 0x2
core   0: 3 0x8000b2fc (0x00002f17) x30 0x8000d2fc
core   0: 0x8000b300 (0xd03f2223) sw      gp, -764(t5)
core   0: 3 0x8000b300 (0xd03f2223) mem 0x8000d000 0x00000001
core   0: 0x8000b304 (0xff9ff06f) j       pc - 0x8
core   0: 3 0x8000b304 (0xff9ff06f)
core   0: 0x8000b2fc (0x00002f17) auipc   t5, 0x2
core   0: 3 0x8000b2fc (0x00002f17) x30 0x8000d2fc
core   0: 0x8000b300 (0xd03f2223) sw      gp, -764(t5)
core   0: 3 0x8000b300 (0xd03f2223) mem 0x8000d000 0x00000001
core   0: 0x8000b304 (0xff9ff06f) j       pc - 0x8
core   0: 3 0x8000b304 (0xff9ff06f)
core   0: 0x8000b2fc (0x00002f17) auipc   t5, 0x2
core   0: 3 0x8000b2fc (0x00002f17) x30 0x8000d2fc
core   0: 0x8000b300 (0xd03f2223) sw      gp, -764(t5)
core   0: 3 0x8000b300 (0xd03f2223) mem 0x8000d000 0x00000001
core   0: 0x8000b304 (0xff9ff06f) j       pc - 0x8
core   0: 3 0x8000b304 (0xff9ff06f)
core   0: 0x8000b2fc (0x00002f17) auipc   t5, 0x2
core   0: 3 0x8000b2fc (0x00002f17) x30 0x8000d2fc
core   0: 0x8000b300 (0xd03f2223) sw      gp, -764(t5)
core   0: 3 0x8000b300 (0xd03f2223) mem 0x8000d000 0x00000001
core   0: 0x8000b304 (0xff9ff06f) j       pc - 0x8
core   0: 3 0x8000b304 (0xff9ff06f)
core   0: 0x8000b2fc (0x00002f17) auipc   t5, 0x2
core   0: 3 0x8000b2fc (0x00002f17) x30 0x8000d2fc
core   0: 0x8000b300 (0xd03f2223) sw      gp, -764(t5)
core   0: 3 0x8000b300 (0xd03f2223) mem 0x8000d000 0x00000001
core   0: 0x8000b304 (0xff9ff06f) j       pc - 0x8
core   0: 3 0x8000b304 (0xff9ff06f)
core   0: 0x8000b2fc (0x00002f17) auipc   t5, 0x2
core   0: 3 0x8000b2fc (0x00002f17) x30 0x8000d2fc
core   0: 0x8000b300 (0xd03f2223) sw      gp, -764(t5)
core   0: 3 0x8000b300 (0xd03f2223) mem 0x8000d000 0x00000001
core   0: 0x8000b304 (0xff9ff06f) j       pc - 0x8
core   0: 3 0x8000b304 (0xff9ff06f)
core   0: 0x8000b2fc (0x00002f17) auipc   t5, 0x2
core   0: 3 0x8000b2fc (0x00002f17) x30 0x8000d2fc
core   0: 0x8000b300 (0xd03f2223) sw      gp, -764(t5)
core   0: 3 0x8000b300 (0xd03f2223) mem 0x8000d000 0x00000001
core   0: 0x8000b304 (0xff9ff06f) j       pc - 0x8
core   0: 3 0x8000b304 (0xff9ff06f)
core   0: 0x8000b2fc (0x00002f17) auipc   t5, 0x2
core   0: 3 0x8000b2fc (0x00002f17) x30 0x8000d2fc
core   0: 0x8000b300 (0xd03f2223) sw      gp, -764(t5)
core   0: 3 0x8000b300 (0xd03f2223) mem 0x8000d000 0x00000001
core   0: 0x8000b304 (0xff9ff06f) j       pc - 0x8
core   0: 3 0x8000b304 (0xff9ff06f)
core   0: 0x8000b2fc (0x00002f17) auipc   t5, 0x2
core   0: 3 0x8000b2fc (0x00002f17) x30 0x8000d2fc
core   0: 0x8000b300 (0xd03f2223) sw      gp, -764(t5)
core   0: 3 0x8000b300 (0xd03f2223) mem 0x8000d000 0x00000001
core   0: 0x8000b304 (0xff9ff06f) j       pc - 0x8
core   0: 3 0x8000b304 (0xff9ff06f)
core   0: 0x8000b2fc (0x00002f17) auipc   t5, 0x2
core   0: 3 0x8000b2fc (0x00002f17) x30 0x8000d2fc
core   0: 0x8000b300 (0xd03f2223) sw      gp, -764(t5)
core   0: 3 0x8000b300 (0xd03f2223) mem 0x8000d000 0x00000001
core   0: 0x8000b304 (0xff9ff06f) j       pc - 0x8
core   0: 3 0x8000b304 (0xff9ff06f)
core   0: 0x8000b2fc (0x00002f17) auipc   t5, 0x2
core   0: 3 0x8000b2fc (0x00002f17) x30 0x8000d2fc
core   0: 0x8000b300 (0xd03f2223) sw      gp, -764(t5)
core   0: 3 0x8000b300 (0xd03f2223) mem 0x8000d000 0x00000001
core   0: 0x8000b304 (0xff9ff06f) j       pc - 0x8
core   0: 3 0x8000b304 (0xff9ff06f)
core   0: 0x8000b2fc (0x00002f17) auipc   t5, 0x2
core   0: 3 0x8000b2fc (0x00002f17) x30 0x8000d2fc
core   0: 0x8000b300 (0xd03f2223) sw      gp, -764(t5)
core   0: 3 0x8000b300 (0xd03f2223) mem 0x8000d000 0x00000001
core   0: 0x8000b304 (0xff9ff06f) j       pc - 0x8
core   0: 3 0x8000b304 (0xff9ff06f)
core   0: 0x8000b2fc (0x00002f17) auipc   t5, 0x2
core   0: 3 0x8000b2fc (0x00002f17) x30 0x8000d2fc
core   0: 0x8000b300 (0xd03f2223) sw      gp, -764(t5)
core   0: 3 0x8000b300 (0xd03f2223) mem 0x8000d000 0x00000001
core   0: 0x8000b304 (0xff9ff06f) j       pc - 0x8
core   0: 3 0x8000b304 (0xff9ff06f)
core   0: 0x8000b2fc (0x00002f17) auipc   t5, 0x2
core   0: 3 0x8000b2fc (0x00002f17) x30 0x8000d2fc
core   0: 0x8000b300 (0xd03f2223) sw      gp, -764(t5)
core   0: 3 0x8000b300 (0xd03f2223) mem 0x8000d000 0x00000001
core   0: 0x8000b304 (0xff9ff06f) j       pc - 0x8
core   0: 3 0x8000b304 (0xff9ff06f)
core   0: 0x8000b2fc (0x00002f17) auipc   t5, 0x2
core   0: 3 0x8000b2fc (0x00002f17) x30 0x8000d2fc
core   0: 0x8000b300 (0xd03f2223) sw      gp, -764(t5)
core   0: 3 0x8000b300 (0xd03f2223) mem 0x8000d000 0x00000001
core   0: 0x8000b304 (0xff9ff06f) j       pc - 0x8
core   0: 3 0x8000b304 (0xff9ff06f)
core   0: 0x8000b2fc (0x00002f17) auipc   t5, 0x2
core   0: 3 0x8000b2fc (0x00002f17) x30 0x8000d2fc
core   0: 0x8000b300 (0xd03f2223) sw      gp, -764(t5)
core   0: 3 0x8000b300 (0xd03f2223) mem 0x8000d000 0x00000001
core   0: 0x8000b304 (0xff9ff06f) j       pc - 0x8
core   0: 3 0x8000b304 (0xff9ff06f)
core   0: 0x8000b2fc (0x00002f17) auipc   t5, 0x2
core   0: 3 0x8000b2fc (0x00002f17) x30 0x8000d2fc
core   0: 0x8000b300 (0xd03f2223) sw      gp, -764(t5)
core   0: 3 0x8000b300 (0xd03f2223) mem 0x8000d000 0x00000001
core   0: 0x8000b304 (0xff9ff06f) j       pc - 0x8
core   0: 3 0x8000b304 (0xff9ff06f)
core   0: 0x8000b2fc (0x00002f17) auipc   t5, 0x2
core   0: 3 0x8000b2fc (0x00002f17) x30 0x8000d2fc
core   0: 0x8000b300 (0xd03f2223) sw      gp, -764(t5)
core   0: 3 0x8000b300 (0xd03f2223) mem 0x8000d000 0x00000001
core   0: 0x8000b304 (0xff9ff06f) j       pc - 0x8
core   0: 3 0x8000b304 (0xff9ff06f)
core   0: 0x8000b2fc (0x00002f17) auipc   t5, 0x2
core   0: 3 0x8000b2fc (0x00002f17) x30 0x8000d2fc
core   0: 0x8000b300 (0xd03f2223) sw      gp, -764(t5)
core   0: 3 0x8000b300 (0xd03f2223) mem 0x8000d000 0x00000001
core   0: 0x8000b304 (0xff9ff06f) j       pc - 0x8
core   0: 3 0x8000b304 (0xff9ff06f)
core   0: 0x8000b2fc (0x00002f17) auipc   t5, 0x2
core   0: 3 0x8000b2fc (0x00002f17) x30 0x8000d2fc
core   0: 0x8000b300 (0xd03f2223) sw      gp, -764(t5)
core   0: 3 0x8000b300 (0xd03f2223) mem 0x8000d000 0x00000001
core   0: 0x8000b304 (0xff9ff06f) j       pc - 0x8
core   0: 3 0x8000b304 (0xff9ff06f)
core   0: 0x8000b2fc (0x00002f17) auipc   t5, 0x2
core   0: 3 0x8000b2fc (0x00002f17) x30 0x8000d2fc
core   0: 0x8000b300 (0xd03f2223) sw      gp, -764(t5)
core   0: 3 0x8000b300 (0xd03f2223) mem 0x8000d000 0x00000001
core   0: 0x8000b304 (0xff9ff06f) j       pc - 0x8
core   0: 3 0x8000b304 (0xff9ff06f)
core   0: 0x8000b2fc (0x00002f17) auipc   t5, 0x2
core   0: 3 0x8000b2fc (0x00002f17) x30 0x8000d2fc
core   0: 0x8000b300 (0xd03f2223) sw      gp, -764(t5)
core   0: 3 0x8000b300 (0xd03f2223) mem 0x8000d000 0x00000001
core   0: 0x8000b304 (0xff9ff06f) j       pc - 0x8
core   0: 3 0x8000b304 (0xff9ff06f)
core   0: 0x8000b2fc (0x00002f17) auipc   t5, 0x2
core   0: 3 0x8000b2fc (0x00002f17) x30 0x8000d2fc
core   0: 0x8000b300 (0xd03f2223) sw      gp, -764(t5)
core   0: 3 0x8000b300 (0xd03f2223) mem 0x8000d000 0x00000001
core   0: 0x8000b304 (0xff9ff06f) j       pc - 0x8
core   0: 3 0x8000b304 (0xff9ff06f)
core   0: 0x8000b2fc (0x00002f17) auipc   t5, 0x2
core   0: 3 0x8000b2fc (0x00002f17) x30 0x8000d2fc
core   0: 0x8000b300 (0xd03f2223) sw      gp, -764(t5)
core   0: 3 0x8000b300 (0xd03f2223) mem 0x8000d000 0x00000001
core   0: 0x8000b304 (0xff9ff06f) j       pc - 0x8
core   0: 3 0x8000b304 (0xff9ff06f)
core   0: 0x8000b2fc (0x00002f17) auipc   t5, 0x2
core   0: 3 0x8000b2fc (0x00002f17) x30 0x8000d2fc
core   0: 0x8000b300 (0xd03f2223) sw      gp, -764(t5)
core   0: 3 0x8000b300 (0xd03f2223) mem 0x8000d000 0x00000001
core   0: 0x8000b304 (0xff9ff06f) j       pc - 0x8
core   0: 3 0x8000b304 (0xff9ff06f)
core   0: 0x8000b2fc (0x00002f17) auipc   t5, 0x2
core   0: 3 0x8000b2fc (0x00002f17) x30 0x8000d2fc
core   0: 0x8000b300 (0xd03f2223) sw      gp, -764(t5)
core   0: 3 0x8000b300 (0xd03f2223) mem 0x8000d000 0x00000001
core   0: 0x8000b304 (0xff9ff06f) j       pc - 0x8
core   0: 3 0x8000b304 (0xff9ff06f)
core   0: 0x8000b2fc (0x00002f17) auipc   t5, 0x2
core   0: 3 0x8000b2fc (0x00002f17) x30 0x8000d2fc
core   0: 0x8000b300 (0xd03f2223) sw      gp, -764(t5)
core   0: 3 0x8000b300 (0xd03f2223) mem 0x8000d000 0x00000001
core   0: 0x8000b304 (0xff9ff06f) j       pc - 0x8
core   0: 3 0x8000b304 (0xff9ff06f)
core   0: 0x8000b2fc (0x00002f17) auipc   t5, 0x2
core   0: 3 0x8000b2fc (0x00002f17) x30 0x8000d2fc
core   0: 0x8000b300 (0xd03f2223) sw      gp, -764(t5)
core   0: 3 0x8000b300 (0xd03f2223) mem 0x8000d000 0x00000001
core   0: 0x8000b304 (0xff9ff06f) j       pc - 0x8
core   0: 3 0x8000b304 (0xff9ff06f)
core   0: 0x8000b2fc (0x00002f17) auipc   t5, 0x2
core   0: 3 0x8000b2fc (0x00002f17) x30 0x8000d2fc
core   0: 0x8000b300 (0xd03f2223) sw      gp, -764(t5)
core   0: 3 0x8000b300 (0xd03f2223) mem 0x8000d000 0x00000001
core   0: 0x8000b304 (0xff9ff06f) j       pc - 0x8
core   0: 3 0x8000b304 (0xff9ff06f)
core   0: 0x8000b2fc (0x00002f17) auipc   t5, 0x2
core   0: 3 0x8000b2fc (0x00002f17) x30 0x8000d2fc
core   0: 0x8000b300 (0xd03f2223) sw      gp, -764(t5)
core   0: 3 0x8000b300 (0xd03f2223) mem 0x8000d000 0x00000001
core   0: 0x8000b304 (0xff9ff06f) j       pc - 0x8
core   0: 3 0x8000b304 (0xff9ff06f)
core   0: 0x8000b2fc (0x00002f17) auipc   t5, 0x2
core   0: 3 0x8000b2fc (0x00002f17) x30 0x8000d2fc
core   0: 0x8000b300 (0xd03f2223) sw      gp, -764(t5)
core   0: 3 0x8000b300 (0xd03f2223) mem 0x8000d000 0x00000001
core   0: 0x8000b304 (0xff9ff06f) j       pc - 0x8
core   0: 3 0x8000b304 (0xff9ff06f)
core   0: 0x8000b2fc (0x00002f17) auipc   t5, 0x2
core   0: 3 0x8000b2fc (0x00002f17) x30 0x8000d2fc
core   0: 0x8000b300 (0xd03f2223) sw      gp, -764(t5)
core   0: 3 0x8000b300 (0xd03f2223) mem 0x8000d000 0x00000001
core   0: 0x8000b304 (0xff9ff06f) j       pc - 0x8
core   0: 3 0x8000b304 (0xff9ff06f)
core   0: 0x8000b2fc (0x00002f17) auipc   t5, 0x2
core   0: 3 0x8000b2fc (0x00002f17) x30 0x8000d2fc
core   0: 0x8000b300 (0xd03f2223) sw      gp, -764(t5)
core   0: 3 0x8000b300 (0xd03f2223) mem 0x8000d000 0x00000001
core   0: 0x8000b304 (0xff9ff06f) j       pc - 0x8
core   0: 3 0x8000b304 (0xff9ff06f)
core   0: 0x8000b2fc (0x00002f17) auipc   t5, 0x2
core   0: 3 0x8000b2fc (0x00002f17) x30 0x8000d2fc
core   0: 0x8000b300 (0xd03f2223) sw      gp, -764(t5)
core   0: 3 0x8000b300 (0xd03f2223) mem 0x8000d000 0x00000001
core   0: 0x8000b304 (0xff9ff06f) j       pc - 0x8
core   0: 3 0x8000b304 (0xff9ff06f)
core   0: 0x8000b2fc (0x00002f17) auipc   t5, 0x2
core   0: 3 0x8000b2fc (0x00002f17) x30 0x8000d2fc
core   0: 0x8000b300 (0xd03f2223) sw      gp, -764(t5)
core   0: 3 0x8000b300 (0xd03f2223) mem 0x8000d000 0x00000001
core   0: 0x8000b304 (0xff9ff06f) j       pc - 0x8
core   0: 3 0x8000b304 (0xff9ff06f)
core   0: 0x8000b2fc (0x00002f17) auipc   t5, 0x2
core   0: 3 0x8000b2fc (0x00002f17) x30 0x8000d2fc
core   0: 0x8000b300 (0xd03f2223) sw      gp, -764(t5)
core   0: 3 0x8000b300 (0xd03f2223) mem 0x8000d000 0x00000001
core   0: 0x8000b304 (0xff9ff06f) j       pc - 0x8
core   0: 3 0x8000b304 (0xff9ff06f)
core   0: 0x8000b2fc (0x00002f17) auipc   t5, 0x2
core   0: 3 0x8000b2fc (0x00002f17) x30 0x8000d2fc
core   0: 0x8000b300 (0xd03f2223) sw      gp, -764(t5)
core   0: 3 0x8000b300 (0xd03f2223) mem 0x8000d000 0x00000001
core   0: 0x8000b304 (0xff9ff06f) j       pc - 0x8
core   0: 3 0x8000b304 (0xff9ff06f)
core   0: 0x8000b2fc (0x00002f17) auipc   t5, 0x2
core   0: 3 0x8000b2fc (0x00002f17) x30 0x8000d2fc
core   0: 0x8000b300 (0xd03f2223) sw      gp, -764(t5)
core   0: 3 0x8000b300 (0xd03f2223) mem 0x8000d000 0x00000001
core   0: 0x8000b304 (0xff9ff06f) j       pc - 0x8
core   0: 3 0x8000b304 (0xff9ff06f)
core   0: 0x8000b2fc (0x00002f17) auipc   t5, 0x2
core   0: 3 0x8000b2fc (0x00002f17) x30 0x8000d2fc
core   0: 0x8000b300 (0xd03f2223) sw      gp, -764(t5)
core   0: 3 0x8000b300 (0xd03f2223) mem 0x8000d000 0x00000001
core   0: 0x8000b304 (0xff9ff06f) j       pc - 0x8
core   0: 3 0x8000b304 (0xff9ff06f)
core   0: 0x8000b2fc (0x00002f17) auipc   t5, 0x2
core   0: 3 0x8000b2fc (0x00002f17) x30 0x8000d2fc
core   0: 0x8000b300 (0xd03f2223) sw      gp, -764(t5)
core   0: 3 0x8000b300 (0xd03f2223) mem 0x8000d000 0x00000001
core   0: 0x8000b304 (0xff9ff06f) j       pc - 0x8
core   0: 3 0x8000b304 (0xff9ff06f)
core   0: 0x8000b2fc (0x00002f17) auipc   t5, 0x2
core   0: 3 0x8000b2fc (0x00002f17) x30 0x8000d2fc
core   0: 0x8000b300 (0xd03f2223) sw      gp, -764(t5)
core   0: 3 0x8000b300 (0xd03f2223) mem 0x8000d000 0x00000001
core   0: 0x8000b304 (0xff9ff06f) j       pc - 0x8
core   0: 3 0x8000b304 (0xff9ff06f)
core   0: 0x8000b2fc (0x00002f17) auipc   t5, 0x2
core   0: 3 0x8000b2fc (0x00002f17) x30 0x8000d2fc
core   0: 0x8000b300 (0xd03f2223) sw      gp, -764(t5)
core   0: 3 0x8000b300 (0xd03f2223) mem 0x8000d000 0x00000001
core   0: 0x8000b304 (0xff9ff06f) j       pc - 0x8
core   0: 3 0x8000b304 (0xff9ff06f)
core   0: 0x8000b2fc (0x00002f17) auipc   t5, 0x2
core   0: 3 0x8000b2fc (0x00002f17) x30 0x8000d2fc
core   0: 0x8000b300 (0xd03f2223) sw      gp, -764(t5)
core   0: 3 0x8000b300 (0xd03f2223) mem 0x8000d000 0x00000001
core   0: 0x8000b304 (0xff9ff06f) j       pc - 0x8
core   0: 3 0x8000b304 (0xff9ff06f)
core   0: 0x8000b2fc (0x00002f17) auipc   t5, 0x2
core   0: 3 0x8000b2fc (0x00002f17) x30 0x8000d2fc
core   0: 0x8000b300 (0xd03f2223) sw      gp, -764(t5)
core   0: 3 0x8000b300 (0xd03f2223) mem 0x8000d000 0x00000001
core   0: 0x8000b304 (0xff9ff06f) j       pc - 0x8
core   0: 3 0x8000b304 (0xff9ff06f)
core   0: 0x8000b2fc (0x00002f17) auipc   t5, 0x2
core   0: 3 0x8000b2fc (0x00002f17) x30 0x8000d2fc
core   0: 0x8000b300 (0xd03f2223) sw      gp, -764(t5)
core   0: 3 0x8000b300 (0xd03f2223) mem 0x8000d000 0x00000001
core   0: 0x8000b304 (0xff9ff06f) j       pc - 0x8
core   0: 3 0x8000b304 (0xff9ff06f)
core   0: 0x8000b2fc (0x00002f17) auipc   t5, 0x2
core   0: 3 0x8000b2fc (0x00002f17) x30 0x8000d2fc
core   0: 0x8000b300 (0xd03f2223) sw      gp, -764(t5)
core   0: 3 0x8000b300 (0xd03f2223) mem 0x8000d000 0x00000001
core   0: 0x8000b304 (0xff9ff06f) j       pc - 0x8
core   0: 3 0x8000b304 (0xff9ff06f)
core   0: 0x8000b2fc (0x00002f17) auipc   t5, 0x2
core   0: 3 0x8000b2fc (0x00002f17) x30 0x8000d2fc
core   0: 0x8000b300 (0xd03f2223) sw      gp, -764(t5)
core   0: 3 0x8000b300 (0xd03f2223) mem 0x8000d000 0x00000001
core   0: 0x8000b304 (0xff9ff06f) j       pc - 0x8
core   0: 3 0x8000b304 (0xff9ff06f)
core   0: 0x8000b2fc (0x00002f17) auipc   t5, 0x2
core   0: 3 0x8000b2fc (0x00002f17) x30 0x8000d2fc
core   0: 0x8000b300 (0xd03f2223) sw      gp, -764(t5)
core   0: 3 0x8000b300 (0xd03f2223) mem 0x8000d000 0x00000001
core   0: 0x8000b304 (0xff9ff06f) j       pc - 0x8
core   0: 3 0x8000b304 (0xff9ff06f)
core   0: 0x8000b2fc (0x00002f17) auipc   t5, 0x2
core   0: 3 0x8000b2fc (0x00002f17) x30 0x8000d2fc
core   0: 0x8000b300 (0xd03f2223) sw      gp, -764(t5)
core   0: 3 0x8000b300 (0xd03f2223) mem 0x8000d000 0x00000001
core   0: 0x8000b304 (0xff9ff06f) j       pc - 0x8
core   0: 3 0x8000b304 (0xff9ff06f)
core   0: 0x8000b2fc (0x00002f17) auipc   t5, 0x2
core   0: 3 0x8000b2fc (0x00002f17) x30 0x8000d2fc
core   0: 0x8000b300 (0xd03f2223) sw      gp, -764(t5)
core   0: 3 0x8000b300 (0xd03f2223) mem 0x8000d000 0x00000001
core   0: 0x8000b304 (0xff9ff06f) j       pc - 0x8
core   0: 3 0x8000b304 (0xff9ff06f)
core   0: 0x8000b2fc (0x00002f17) auipc   t5, 0x2
core   0: 3 0x8000b2fc (0x00002f17) x30 0x8000d2fc
core   0: 0x8000b300 (0xd03f2223) sw      gp, -764(t5)
core   0: 3 0x8000b300 (0xd03f2223) mem 0x8000d000 0x00000001
core   0: 0x8000b304 (0xff9ff06f) j       pc - 0x8
core   0: 3 0x8000b304 (0xff9ff06f)
core   0: 0x8000b2fc (0x00002f17) auipc   t5, 0x2
core   0: 3 0x8000b2fc (0x00002f17) x30 0x8000d2fc
core   0: 0x8000b300 (0xd03f2223) sw      gp, -764(t5)
core   0: 3 0x8000b300 (0xd03f2223) mem 0x8000d000 0x00000001
core   0: 0x8000b304 (0xff9ff06f) j       pc - 0x8
core   0: 3 0x8000b304 (0xff9ff06f)
core   0: 0x8000b2fc (0x00002f17) auipc   t5, 0x2
core   0: 3 0x8000b2fc (0x00002f17) x30 0x8000d2fc
core   0: 0x8000b300 (0xd03f2223) sw      gp, -764(t5)
core   0: 3 0x8000b300 (0xd03f2223) mem 0x8000d000 0x00000001
core   0: 0x8000b304 (0xff9ff06f) j       pc - 0x8
core   0: 3 0x8000b304 (0xff9ff06f)
core   0: 0x8000b2fc (0x00002f17) auipc   t5, 0x2
core   0: 3 0x8000b2fc (0x00002f17) x30 0x8000d2fc
core   0: 0x8000b300 (0xd03f2223) sw      gp, -764(t5)
core   0: 3 0x8000b300 (0xd03f2223) mem 0x8000d000 0x00000001
core   0: 0x8000b304 (0xff9ff06f) j       pc - 0x8
core   0: 3 0x8000b304 (0xff9ff06f)
core   0: 0x8000b2fc (0x00002f17) auipc   t5, 0x2
core   0: 3 0x8000b2fc (0x00002f17) x30 0x8000d2fc
core   0: 0x8000b300 (0xd03f2223) sw      gp, -764(t5)
core   0: 3 0x8000b300 (0xd03f2223) mem 0x8000d000 0x00000001
core   0: 0x8000b304 (0xff9ff06f) j       pc - 0x8
core   0: 3 0x8000b304 (0xff9ff06f)
core   0: 0x8000b2fc (0x00002f17) auipc   t5, 0x2
core   0: 3 0x8000b2fc (0x00002f17) x30 0x8000d2fc
core   0: 0x8000b300 (0xd03f2223) sw      gp, -764(t5)
core   0: 3 0x8000b300 (0xd03f2223) mem 0x8000d000 0x00000001
core   0: 0x8000b304 (0xff9ff06f) j       pc - 0x8
core   0: 3 0x8000b304 (0xff9ff06f)
core   0: 0x8000b2fc (0x00002f17) auipc   t5, 0x2
core   0: 3 0x8000b2fc (0x00002f17) x30 0x8000d2fc
core   0: 0x8000b300 (0xd03f2223) sw      gp, -764(t5)
core   0: 3 0x8000b300 (0xd03f2223) mem 0x8000d000 0x00000001
core   0: 0x8000b304 (0xff9ff06f) j       pc - 0x8
core   0: 3 0x8000b304 (0xff9ff06f)
core   0: 0x8000b2fc (0x00002f17) auipc   t5, 0x2
core   0: 3 0x8000b2fc (0x00002f17) x30 0x8000d2fc
core   0: 0x8000b300 (0xd03f2223) sw      gp, -764(t5)
core   0: 3 0x8000b300 (0xd03f2223) mem 0x8000d000 0x00000001
core   0: 0x8000b304 (0xff9ff06f) j       pc - 0x8
core   0: 3 0x8000b304 (0xff9ff06f)
core   0: 0x8000b2fc (0x00002f17) auipc   t5, 0x2
core   0: 3 0x8000b2fc (0x00002f17) x30 0x8000d2fc
core   0: 0x8000b300 (0xd03f2223) sw      gp, -764(t5)
core   0: 3 0x8000b300 (0xd03f2223) mem 0x8000d000 0x00000001
core   0: 0x8000b304 (0xff9ff06f) j       pc - 0x8
core   0: 3 0x8000b304 (0xff9ff06f)
core   0: 0x8000b2fc (0x00002f17) auipc   t5, 0x2
core   0: 3 0x8000b2fc (0x00002f17) x30 0x8000d2fc
core   0: 0x8000b300 (0xd03f2223) sw      gp, -764(t5)
core   0: 3 0x8000b300 (0xd03f2223) mem 0x8000d000 0x00000001
core   0: 0x8000b304 (0xff9ff06f) j       pc - 0x8
core   0: 3 0x8000b304 (0xff9ff06f)
core   0: 0x8000b2fc (0x00002f17) auipc   t5, 0x2
core   0: 3 0x8000b2fc (0x00002f17) x30 0x8000d2fc
core   0: 0x8000b300 (0xd03f2223) sw      gp, -764(t5)
core   0: 3 0x8000b300 (0xd03f2223) mem 0x8000d000 0x00000001
core   0: 0x8000b304 (0xff9ff06f) j       pc - 0x8
core   0: 3 0x8000b304 (0xff9ff06f)
core   0: 0x8000b2fc (0x00002f17) auipc   t5, 0x2
core   0: 3 0x8000b2fc (0x00002f17) x30 0x8000d2fc
core   0: 0x8000b300 (0xd03f2223) sw      gp, -764(t5)
core   0: 3 0x8000b300 (0xd03f2223) mem 0x8000d000 0x00000001
core   0: 0x8000b304 (0xff9ff06f) j       pc - 0x8
core   0: 3 0x8000b304 (0xff9ff06f)
core   0: 0x8000b2fc (0x00002f17) auipc   t5, 0x2
core   0: 3 0x8000b2fc (0x00002f17) x30 0x8000d2fc
core   0: 0x8000b300 (0xd03f2223) sw      gp, -764(t5)
core   0: 3 0x8000b300 (0xd03f2223) mem 0x8000d000 0x00000001
core   0: 0x8000b304 (0xff9ff06f) j       pc - 0x8
core   0: 3 0x8000b304 (0xff9ff06f)
core   0: 0x8000b2fc (0x00002f17) auipc   t5, 0x2
core   0: 3 0x8000b2fc (0x00002f17) x30 0x8000d2fc
core   0: 0x8000b300 (0xd03f2223) sw      gp, -764(t5)
core   0: 3 0x8000b300 (0xd03f2223) mem 0x8000d000 0x00000001
core   0: 0x8000b304 (0xff9ff06f) j       pc - 0x8
core   0: 3 0x8000b304 (0xff9ff06f)
core   0: 0x8000b2fc (0x00002f17) auipc   t5, 0x2
core   0: 3 0x8000b2fc (0x00002f17) x30 0x8000d2fc
core   0: 0x8000b300 (0xd03f2223) sw      gp, -764(t5)
core   0: 3 0x8000b300 (0xd03f2223) mem 0x8000d000 0x00000001
core   0: 0x8000b304 (0xff9ff06f) j       pc - 0x8
core   0: 3 0x8000b304 (0xff9ff06f)
core   0: 0x8000b2fc (0x00002f17) auipc   t5, 0x2
core   0: 3 0x8000b2fc (0x00002f17) x30 0x8000d2fc
core   0: 0x8000b300 (0xd03f2223) sw      gp, -764(t5)
core   0: 3 0x8000b300 (0xd03f2223) mem 0x8000d000 0x00000001
core   0: 0x8000b304 (0xff9ff06f) j       pc - 0x8
core   0: 3 0x8000b304 (0xff9ff06f)
core   0: 0x8000b2fc (0x00002f17) auipc   t5, 0x2
core   0: 3 0x8000b2fc (0x00002f17) x30 0x8000d2fc
core   0: 0x8000b300 (0xd03f2223) sw      gp, -764(t5)
core   0: 3 0x8000b300 (0xd03f2223) mem 0x8000d000 0x00000001
core   0: 0x8000b304 (0xff9ff06f) j       pc - 0x8
core   0: 3 0x8000b304 (0xff9ff06f)
core   0: 0x8000b2fc (0x00002f17) auipc   t5, 0x2
core   0: 3 0x8000b2fc (0x00002f17) x30 0x8000d2fc
core   0: 0x8000b300 (0xd03f2223) sw      gp, -764(t5)
core   0: 3 0x8000b300 (0xd03f2223) mem 0x8000d000 0x00000001
core   0: 0x8000b304 (0xff9ff06f) j       pc - 0x8
core   0: 3 0x8000b304 (0xff9ff06f)
core   0: 0x8000b2fc (0x00002f17) auipc   t5, 0x2
core   0: 3 0x8000b2fc (0x00002f17) x30 0x8000d2fc
core   0: 0x8000b300 (0xd03f2223) sw      gp, -764(t5)
core   0: 3 0x8000b300 (0xd03f2223) mem 0x8000d000 0x00000001
core   0: 0x8000b304 (0xff9ff06f) j       pc - 0x8
core   0: 3 0x8000b304 (0xff9ff06f)
core   0: 0x8000b2fc (0x00002f17) auipc   t5, 0x2
core   0: 3 0x8000b2fc (0x00002f17) x30 0x8000d2fc
core   0: 0x8000b300 (0xd03f2223) sw      gp, -764(t5)
core   0: 3 0x8000b300 (0xd03f2223) mem 0x8000d000 0x00000001
core   0: 0x8000b304 (0xff9ff06f) j       pc - 0x8
core   0: 3 0x8000b304 (0xff9ff06f)
core   0: 0x8000b2fc (0x00002f17) auipc   t5, 0x2
core   0: 3 0x8000b2fc (0x00002f17) x30 0x8000d2fc
core   0: 0x8000b300 (0xd03f2223) sw      gp, -764(t5)
core   0: 3 0x8000b300 (0xd03f2223) mem 0x8000d000 0x00000001
core   0: 0x8000b304 (0xff9ff06f) j       pc - 0x8
core   0: 3 0x8000b304 (0xff9ff06f)
core   0: 0x8000b2fc (0x00002f17) auipc   t5, 0x2
core   0: 3 0x8000b2fc (0x00002f17) x30 0x8000d2fc
core   0: 0x8000b300 (0xd03f2223) sw      gp, -764(t5)
core   0: 3 0x8000b300 (0xd03f2223) mem 0x8000d000 0x00000001
core   0: 0x8000b304 (0xff9ff06f) j       pc - 0x8
core   0: 3 0x8000b304 (0xff9ff06f)
core   0: 0x8000b2fc (0x00002f17) auipc   t5, 0x2
core   0: 3 0x8000b2fc (0x00002f17) x30 0x8000d2fc
core   0: 0x8000b300 (0xd03f2223) sw      gp, -764(t5)
core   0: 3 0x8000b300 (0xd03f2223) mem 0x8000d000 0x00000001
core   0: 0x8000b304 (0xff9ff06f) j       pc - 0x8
core   0: 3 0x8000b304 (0xff9ff06f)
core   0: 0x8000b2fc (0x00002f17) auipc   t5, 0x2
core   0: 3 0x8000b2fc (0x00002f17) x30 0x8000d2fc
core   0: 0x8000b300 (0xd03f2223) sw      gp, -764(t5)
core   0: 3 0x8000b300 (0xd03f2223) mem 0x8000d000 0x00000001
core   0: 0x8000b304 (0xff9ff06f) j       pc - 0x8
core   0: 3 0x8000b304 (0xff9ff06f)
core   0: 0x8000b2fc (0x00002f17) auipc   t5, 0x2
core   0: 3 0x8000b2fc (0x00002f17) x30 0x8000d2fc
core   0: 0x8000b300 (0xd03f2223) sw      gp, -764(t5)
core   0: 3 0x8000b300 (0xd03f2223) mem 0x8000d000 0x00000001
core   0: 0x8000b304 (0xff9ff06f) j       pc - 0x8
core   0: 3 0x8000b304 (0xff9ff06f)
core   0: 0x8000b2fc (0x00002f17) auipc   t5, 0x2
core   0: 3 0x8000b2fc (0x00002f17) x30 0x8000d2fc
core   0: 0x8000b300 (0xd03f2223) sw      gp, -764(t5)
core   0: 3 0x8000b300 (0xd03f2223) mem 0x8000d000 0x00000001
core   0: 0x8000b304 (0xff9ff06f) j       pc - 0x8
core   0: 3 0x8000b304 (0xff9ff06f)
core   0: 0x8000b2fc (0x00002f17) auipc   t5, 0x2
core   0: 3 0x8000b2fc (0x00002f17) x30 0x8000d2fc
core   0: 0x8000b300 (0xd03f2223) sw      gp, -764(t5)
core   0: 3 0x8000b300 (0xd03f2223) mem 0x8000d000 0x00000001
core   0: 0x8000b304 (0xff9ff06f) j       pc - 0x8
core   0: 3 0x8000b304 (0xff9ff06f)
core   0: 0x8000b2fc (0x00002f17) auipc   t5, 0x2
core   0: 3 0x8000b2fc (0x00002f17) x30 0x8000d2fc
core   0: 0x8000b300 (0xd03f2223) sw      gp, -764(t5)
core   0: 3 0x8000b300 (0xd03f2223) mem 0x8000d000 0x00000001
core   0: 0x8000b304 (0xff9ff06f) j       pc - 0x8
core   0: 3 0x8000b304 (0xff9ff06f)
core   0: 0x8000b2fc (0x00002f17) auipc   t5, 0x2
core   0: 3 0x8000b2fc (0x00002f17) x30 0x8000d2fc
core   0: 0x8000b300 (0xd03f2223) sw      gp, -764(t5)
core   0: 3 0x8000b300 (0xd03f2223) mem 0x8000d000 0x00000001
core   0: 0x8000b304 (0xff9ff06f) j       pc - 0x8
core   0: 3 0x8000b304 (0xff9ff06f)
core   0: 0x8000b2fc (0x00002f17) auipc   t5, 0x2
core   0: 3 0x8000b2fc (0x00002f17) x30 0x8000d2fc
core   0: 0x8000b300 (0xd03f2223) sw      gp, -764(t5)
core   0: 3 0x8000b300 (0xd03f2223) mem 0x8000d000 0x00000001
core   0: 0x8000b304 (0xff9ff06f) j       pc - 0x8
core   0: 3 0x8000b304 (0xff9ff06f)
core   0: 0x8000b2fc (0x00002f17) auipc   t5, 0x2
core   0: 3 0x8000b2fc (0x00002f17) x30 0x8000d2fc
core   0: 0x8000b300 (0xd03f2223) sw      gp, -764(t5)
core   0: 3 0x8000b300 (0xd03f2223) mem 0x8000d000 0x00000001
core   0: 0x8000b304 (0xff9ff06f) j       pc - 0x8
core   0: 3 0x8000b304 (0xff9ff06f)
core   0: 0x8000b2fc (0x00002f17) auipc   t5, 0x2
core   0: 3 0x8000b2fc (0x00002f17) x30 0x8000d2fc
core   0: 0x8000b300 (0xd03f2223) sw      gp, -764(t5)
core   0: 3 0x8000b300 (0xd03f2223) mem 0x8000d000 0x00000001
core   0: 0x8000b304 (0xff9ff06f) j       pc - 0x8
core   0: 3 0x8000b304 (0xff9ff06f)
core   0: 0x8000b2fc (0x00002f17) auipc   t5, 0x2
core   0: 3 0x8000b2fc (0x00002f17) x30 0x8000d2fc
core   0: 0x8000b300 (0xd03f2223) sw      gp, -764(t5)
core   0: 3 0x8000b300 (0xd03f2223) mem 0x8000d000 0x00000001
core   0: 0x8000b304 (0xff9ff06f) j       pc - 0x8
core   0: 3 0x8000b304 (0xff9ff06f)
core   0: 0x8000b2fc (0x00002f17) auipc   t5, 0x2
core   0: 3 0x8000b2fc (0x00002f17) x30 0x8000d2fc
core   0: 0x8000b300 (0xd03f2223) sw      gp, -764(t5)
core   0: 3 0x8000b300 (0xd03f2223) mem 0x8000d000 0x00000001
core   0: 0x8000b304 (0xff9ff06f) j       pc - 0x8
core   0: 3 0x8000b304 (0xff9ff06f)
core   0: 0x8000b2fc (0x00002f17) auipc   t5, 0x2
core   0: 3 0x8000b2fc (0x00002f17) x30 0x8000d2fc
core   0: 0x8000b300 (0xd03f2223) sw      gp, -764(t5)
core   0: 3 0x8000b300 (0xd03f2223) mem 0x8000d000 0x00000001
core   0: 0x8000b304 (0xff9ff06f) j       pc - 0x8
core   0: 3 0x8000b304 (0xff9ff06f)
core   0: 0x8000b2fc (0x00002f17) auipc   t5, 0x2
core   0: 3 0x8000b2fc (0x00002f17) x30 0x8000d2fc
core   0: 0x8000b300 (0xd03f2223) sw      gp, -764(t5)
core   0: 3 0x8000b300 (0xd03f2223) mem 0x8000d000 0x00000001
core   0: 0x8000b304 (0xff9ff06f) j       pc - 0x8
core   0: 3 0x8000b304 (0xff9ff06f)
core   0: 0x8000b2fc (0x00002f17) auipc   t5, 0x2
core   0: 3 0x8000b2fc (0x00002f17) x30 0x8000d2fc
core   0: 0x8000b300 (0xd03f2223) sw      gp, -764(t5)
core   0: 3 0x8000b300 (0xd03f2223) mem 0x8000d000 0x00000001
core   0: 0x8000b304 (0xff9ff06f) j       pc - 0x8
core   0: 3 0x8000b304 (0xff9ff06f)
core   0: 0x8000b2fc (0x00002f17) auipc   t5, 0x2
core   0: 3 0x8000b2fc (0x00002f17) x30 0x8000d2fc
core   0: 0x8000b300 (0xd03f2223) sw      gp, -764(t5)
core   0: 3 0x8000b300 (0xd03f2223) mem 0x8000d000 0x00000001
core   0: 0x8000b304 (0xff9ff06f) j       pc - 0x8
core   0: 3 0x8000b304 (0xff9ff06f)
core   0: 0x8000b2fc (0x00002f17) auipc   t5, 0x2
core   0: 3 0x8000b2fc (0x00002f17) x30 0x8000d2fc
core   0: 0x8000b300 (0xd03f2223) sw      gp, -764(t5)
core   0: 3 0x8000b300 (0xd03f2223) mem 0x8000d000 0x00000001
core   0: 0x8000b304 (0xff9ff06f) j       pc - 0x8
core   0: 3 0x8000b304 (0xff9ff06f)
core   0: 0x8000b2fc (0x00002f17) auipc   t5, 0x2
core   0: 3 0x8000b2fc (0x00002f17) x30 0x8000d2fc
core   0: 0x8000b300 (0xd03f2223) sw      gp, -764(t5)
core   0: 3 0x8000b300 (0xd03f2223) mem 0x8000d000 0x00000001
core   0: 0x8000b304 (0xff9ff06f) j       pc - 0x8
core   0: 3 0x8000b304 (0xff9ff06f)
core   0: 0x8000b2fc (0x00002f17) auipc   t5, 0x2
core   0: 3 0x8000b2fc (0x00002f17) x30 0x8000d2fc
core   0: 0x8000b300 (0xd03f2223) sw      gp, -764(t5)
core   0: 3 0x8000b300 (0xd03f2223) mem 0x8000d000 0x00000001
core   0: 0x8000b304 (0xff9ff06f) j       pc - 0x8
core   0: 3 0x8000b304 (0xff9ff06f)
core   0: 0x8000b2fc (0x00002f17) auipc   t5, 0x2
core   0: 3 0x8000b2fc (0x00002f17) x30 0x8000d2fc
core   0: 0x8000b300 (0xd03f2223) sw      gp, -764(t5)
core   0: 3 0x8000b300 (0xd03f2223) mem 0x8000d000 0x00000001
core   0: 0x8000b304 (0xff9ff06f) j       pc - 0x8
core   0: 3 0x8000b304 (0xff9ff06f)
core   0: 0x8000b2fc (0x00002f17) auipc   t5, 0x2
core   0: 3 0x8000b2fc (0x00002f17) x30 0x8000d2fc
core   0: 0x8000b300 (0xd03f2223) sw      gp, -764(t5)
core   0: 3 0x8000b300 (0xd03f2223) mem 0x8000d000 0x00000001
core   0: 0x8000b304 (0xff9ff06f) j       pc - 0x8
core   0: 3 0x8000b304 (0xff9ff06f)
core   0: 0x8000b2fc (0x00002f17) auipc   t5, 0x2
core   0: 3 0x8000b2fc (0x00002f17) x30 0x8000d2fc
core   0: 0x8000b300 (0xd03f2223) sw      gp, -764(t5)
core   0: 3 0x8000b300 (0xd03f2223) mem 0x8000d000 0x00000001
core   0: 0x8000b304 (0xff9ff06f) j       pc - 0x8
core   0: 3 0x8000b304 (0xff9ff06f)
core   0: 0x8000b2fc (0x00002f17) auipc   t5, 0x2
core   0: 3 0x8000b2fc (0x00002f17) x30 0x8000d2fc
core   0: 0x8000b300 (0xd03f2223) sw      gp, -764(t5)
core   0: 3 0x8000b300 (0xd03f2223) mem 0x8000d000 0x00000001
core   0: 0x8000b304 (0xff9ff06f) j       pc - 0x8
core   0: 3 0x8000b304 (0xff9ff06f)
core   0: 0x8000b2fc (0x00002f17) auipc   t5, 0x2
core   0: 3 0x8000b2fc (0x00002f17) x30 0x8000d2fc
core   0: 0x8000b300 (0xd03f2223) sw      gp, -764(t5)
core   0: 3 0x8000b300 (0xd03f2223) mem 0x8000d000 0x00000001
core   0: 0x8000b304 (0xff9ff06f) j       pc - 0x8
core   0: 3 0x8000b304 (0xff9ff06f)
core   0: 0x8000b2fc (0x00002f17) auipc   t5, 0x2
core   0: 3 0x8000b2fc (0x00002f17) x30 0x8000d2fc
core   0: 0x8000b300 (0xd03f2223) sw      gp, -764(t5)
core   0: 3 0x8000b300 (0xd03f2223) mem 0x8000d000 0x00000001
core   0: 0x8000b304 (0xff9ff06f) j       pc - 0x8
core   0: 3 0x8000b304 (0xff9ff06f)
core   0: 0x8000b2fc (0x00002f17) auipc   t5, 0x2
core   0: 3 0x8000b2fc (0x00002f17) x30 0x8000d2fc
core   0: 0x8000b300 (0xd03f2223) sw      gp, -764(t5)
core   0: 3 0x8000b300 (0xd03f2223) mem 0x8000d000 0x00000001
core   0: 0x8000b304 (0xff9ff06f) j       pc - 0x8
core   0: 3 0x8000b304 (0xff9ff06f)
core   0: 0x8000b2fc (0x00002f17) auipc   t5, 0x2
core   0: 3 0x8000b2fc (0x00002f17) x30 0x8000d2fc
core   0: 0x8000b300 (0xd03f2223) sw      gp, -764(t5)
core   0: 3 0x8000b300 (0xd03f2223) mem 0x8000d000 0x00000001
core   0: 0x8000b304 (0xff9ff06f) j       pc - 0x8
core   0: 3 0x8000b304 (0xff9ff06f)
core   0: 0x8000b2fc (0x00002f17) auipc   t5, 0x2
core   0: 3 0x8000b2fc (0x00002f17) x30 0x8000d2fc
core   0: 0x8000b300 (0xd03f2223) sw      gp, -764(t5)
core   0: 3 0x8000b300 (0xd03f2223) mem 0x8000d000 0x00000001
core   0: 0x8000b304 (0xff9ff06f) j       pc - 0x8
core   0: 3 0x8000b304 (0xff9ff06f)
core   0: 0x8000b2fc (0x00002f17) auipc   t5, 0x2
core   0: 3 0x8000b2fc (0x00002f17) x30 0x8000d2fc
core   0: 0x8000b300 (0xd03f2223) sw      gp, -764(t5)
core   0: 3 0x8000b300 (0xd03f2223) mem 0x8000d000 0x00000001
core   0: 0x8000b304 (0xff9ff06f) j       pc - 0x8
core   0: 3 0x8000b304 (0xff9ff06f)
core   0: 0x8000b2fc (0x00002f17) auipc   t5, 0x2
core   0: 3 0x8000b2fc (0x00002f17) x30 0x8000d2fc
core   0: 0x8000b300 (0xd03f2223) sw      gp, -764(t5)
core   0: 3 0x8000b300 (0xd03f2223) mem 0x8000d000 0x00000001
core   0: 0x8000b304 (0xff9ff06f) j       pc - 0x8
core   0: 3 0x8000b304 (0xff9ff06f)
core   0: 0x8000b2fc (0x00002f17) auipc   t5, 0x2
core   0: 3 0x8000b2fc (0x00002f17) x30 0x8000d2fc
core   0: 0x8000b300 (0xd03f2223) sw      gp, -764(t5)
core   0: 3 0x8000b300 (0xd03f2223) mem 0x8000d000 0x00000001
core   0: 0x8000b304 (0xff9ff06f) j       pc - 0x8
core   0: 3 0x8000b304 (0xff9ff06f)
core   0: 0x8000b2fc (0x00002f17) auipc   t5, 0x2
core   0: 3 0x8000b2fc (0x00002f17) x30 0x8000d2fc
core   0: 0x8000b300 (0xd03f2223) sw      gp, -764(t5)
core   0: 3 0x8000b300 (0xd03f2223) mem 0x8000d000 0x00000001
core   0: 0x8000b304 (0xff9ff06f) j       pc - 0x8
core   0: 3 0x8000b304 (0xff9ff06f)
core   0: 0x8000b2fc (0x00002f17) auipc   t5, 0x2
core   0: 3 0x8000b2fc (0x00002f17) x30 0x8000d2fc
core   0: 0x8000b300 (0xd03f2223) sw      gp, -764(t5)
core   0: 3 0x8000b300 (0xd03f2223) mem 0x8000d000 0x00000001
core   0: 0x8000b304 (0xff9ff06f) j       pc - 0x8
core   0: 3 0x8000b304 (0xff9ff06f)
core   0: 0x8000b2fc (0x00002f17) auipc   t5, 0x2
core   0: 3 0x8000b2fc (0x00002f17) x30 0x8000d2fc
core   0: 0x8000b300 (0xd03f2223) sw      gp, -764(t5)
core   0: 3 0x8000b300 (0xd03f2223) mem 0x8000d000 0x00000001
core   0: 0x8000b304 (0xff9ff06f) j       pc - 0x8
core   0: 3 0x8000b304 (0xff9ff06f)
core   0: 0x8000b2fc (0x00002f17) auipc   t5, 0x2
core   0: 3 0x8000b2fc (0x00002f17) x30 0x8000d2fc
core   0: 0x8000b300 (0xd03f2223) sw      gp, -764(t5)
core   0: 3 0x8000b300 (0xd03f2223) mem 0x8000d000 0x00000001
core   0: 0x8000b304 (0xff9ff06f) j       pc - 0x8
core   0: 3 0x8000b304 (0xff9ff06f)
core   0: 0x8000b2fc (0x00002f17) auipc   t5, 0x2
core   0: 3 0x8000b2fc (0x00002f17) x30 0x8000d2fc
core   0: 0x8000b300 (0xd03f2223) sw      gp, -764(t5)
core   0: 3 0x8000b300 (0xd03f2223) mem 0x8000d000 0x00000001
core   0: 0x8000b304 (0xff9ff06f) j       pc - 0x8
core   0: 3 0x8000b304 (0xff9ff06f)
core   0: 0x8000b2fc (0x00002f17) auipc   t5, 0x2
core   0: 3 0x8000b2fc (0x00002f17) x30 0x8000d2fc
core   0: 0x8000b300 (0xd03f2223) sw      gp, -764(t5)
core   0: 3 0x8000b300 (0xd03f2223) mem 0x8000d000 0x00000001
core   0: 0x8000b304 (0xff9ff06f) j       pc - 0x8
core   0: 3 0x8000b304 (0xff9ff06f)
core   0: 0x8000b2fc (0x00002f17) auipc   t5, 0x2
core   0: 3 0x8000b2fc (0x00002f17) x30 0x8000d2fc
core   0: 0x8000b300 (0xd03f2223) sw      gp, -764(t5)
core   0: 3 0x8000b300 (0xd03f2223) mem 0x8000d000 0x00000001
core   0: 0x8000b304 (0xff9ff06f) j       pc - 0x8
core   0: 3 0x8000b304 (0xff9ff06f)
core   0: 0x8000b2fc (0x00002f17) auipc   t5, 0x2
core   0: 3 0x8000b2fc (0x00002f17) x30 0x8000d2fc
core   0: 0x8000b300 (0xd03f2223) sw      gp, -764(t5)
core   0: 3 0x8000b300 (0xd03f2223) mem 0x8000d000 0x00000001
core   0: 0x8000b304 (0xff9ff06f) j       pc - 0x8
core   0: 3 0x8000b304 (0xff9ff06f)
core   0: 0x8000b2fc (0x00002f17) auipc   t5, 0x2
core   0: 3 0x8000b2fc (0x00002f17) x30 0x8000d2fc
core   0: 0x8000b300 (0xd03f2223) sw      gp, -764(t5)
core   0: 3 0x8000b300 (0xd03f2223) mem 0x8000d000 0x00000001
core   0: 0x8000b304 (0xff9ff06f) j       pc - 0x8
core   0: 3 0x8000b304 (0xff9ff06f)
core   0: 0x8000b2fc (0x00002f17) auipc   t5, 0x2
core   0: 3 0x8000b2fc (0x00002f17) x30 0x8000d2fc
core   0: 0x8000b300 (0xd03f2223) sw      gp, -764(t5)
core   0: 3 0x8000b300 (0xd03f2223) mem 0x8000d000 0x00000001
core   0: 0x8000b304 (0xff9ff06f) j       pc - 0x8
core   0: 3 0x8000b304 (0xff9ff06f)
core   0: 0x8000b2fc (0x00002f17) auipc   t5, 0x2
core   0: 3 0x8000b2fc (0x00002f17) x30 0x8000d2fc
core   0: 0x8000b300 (0xd03f2223) sw      gp, -764(t5)
core   0: 3 0x8000b300 (0xd03f2223) mem 0x8000d000 0x00000001
core   0: 0x8000b304 (0xff9ff06f) j       pc - 0x8
core   0: 3 0x8000b304 (0xff9ff06f)
core   0: 0x8000b2fc (0x00002f17) auipc   t5, 0x2
core   0: 3 0x8000b2fc (0x00002f17) x30 0x8000d2fc
core   0: 0x8000b300 (0xd03f2223) sw      gp, -764(t5)
core   0: 3 0x8000b300 (0xd03f2223) mem 0x8000d000 0x00000001
core   0: 0x8000b304 (0xff9ff06f) j       pc - 0x8
core   0: 3 0x8000b304 (0xff9ff06f)
core   0: 0x8000b2fc (0x00002f17) auipc   t5, 0x2
core   0: 3 0x8000b2fc (0x00002f17) x30 0x8000d2fc
core   0: 0x8000b300 (0xd03f2223) sw      gp, -764(t5)
core   0: 3 0x8000b300 (0xd03f2223) mem 0x8000d000 0x00000001
core   0: 0x8000b304 (0xff9ff06f) j       pc - 0x8
core   0: 3 0x8000b304 (0xff9ff06f)
core   0: 0x8000b2fc (0x00002f17) auipc   t5, 0x2
core   0: 3 0x8000b2fc (0x00002f17) x30 0x8000d2fc
core   0: 0x8000b300 (0xd03f2223) sw      gp, -764(t5)
core   0: 3 0x8000b300 (0xd03f2223) mem 0x8000d000 0x00000001
core   0: 0x8000b304 (0xff9ff06f) j       pc - 0x8
core   0: 3 0x8000b304 (0xff9ff06f)
core   0: 0x8000b2fc (0x00002f17) auipc   t5, 0x2
core   0: 3 0x8000b2fc (0x00002f17) x30 0x8000d2fc
core   0: 0x8000b300 (0xd03f2223) sw      gp, -764(t5)
core   0: 3 0x8000b300 (0xd03f2223) mem 0x8000d000 0x00000001
core   0: 0x8000b304 (0xff9ff06f) j       pc - 0x8
core   0: 3 0x8000b304 (0xff9ff06f)
core   0: 0x8000b2fc (0x00002f17) auipc   t5, 0x2
core   0: 3 0x8000b2fc (0x00002f17) x30 0x8000d2fc
core   0: 0x8000b300 (0xd03f2223) sw      gp, -764(t5)
core   0: 3 0x8000b300 (0xd03f2223) mem 0x8000d000 0x00000001
core   0: 0x8000b304 (0xff9ff06f) j       pc - 0x8
core   0: 3 0x8000b304 (0xff9ff06f)
core   0: 0x8000b2fc (0x00002f17) auipc   t5, 0x2
core   0: 3 0x8000b2fc (0x00002f17) x30 0x8000d2fc
core   0: 0x8000b300 (0xd03f2223) sw      gp, -764(t5)
core   0: 3 0x8000b300 (0xd03f2223) mem 0x8000d000 0x00000001
core   0: 0x8000b304 (0xff9ff06f) j       pc - 0x8
core   0: 3 0x8000b304 (0xff9ff06f)
core   0: 0x8000b2fc (0x00002f17) auipc   t5, 0x2
core   0: 3 0x8000b2fc (0x00002f17) x30 0x8000d2fc
core   0: 0x8000b300 (0xd03f2223) sw      gp, -764(t5)
core   0: 3 0x8000b300 (0xd03f2223) mem 0x8000d000 0x00000001
core   0: 0x8000b304 (0xff9ff06f) j       pc - 0x8
core   0: 3 0x8000b304 (0xff9ff06f)
core   0: 0x8000b2fc (0x00002f17) auipc   t5, 0x2
core   0: 3 0x8000b2fc (0x00002f17) x30 0x8000d2fc
core   0: 0x8000b300 (0xd03f2223) sw      gp, -764(t5)
core   0: 3 0x8000b300 (0xd03f2223) mem 0x8000d000 0x00000001
core   0: 0x8000b304 (0xff9ff06f) j       pc - 0x8
core   0: 3 0x8000b304 (0xff9ff06f)
core   0: 0x8000b2fc (0x00002f17) auipc   t5, 0x2
core   0: 3 0x8000b2fc (0x00002f17) x30 0x8000d2fc
core   0: 0x8000b300 (0xd03f2223) sw      gp, -764(t5)
core   0: 3 0x8000b300 (0xd03f2223) mem 0x8000d000 0x00000001
core   0: 0x8000b304 (0xff9ff06f) j       pc - 0x8
core   0: 3 0x8000b304 (0xff9ff06f)
core   0: 0x8000b2fc (0x00002f17) auipc   t5, 0x2
core   0: 3 0x8000b2fc (0x00002f17) x30 0x8000d2fc
core   0: 0x8000b300 (0xd03f2223) sw      gp, -764(t5)
core   0: 3 0x8000b300 (0xd03f2223) mem 0x8000d000 0x00000001
core   0: 0x8000b304 (0xff9ff06f) j       pc - 0x8
core   0: 3 0x8000b304 (0xff9ff06f)
core   0: 0x8000b2fc (0x00002f17) auipc   t5, 0x2
core   0: 3 0x8000b2fc (0x00002f17) x30 0x8000d2fc
core   0: 0x8000b300 (0xd03f2223) sw      gp, -764(t5)
core   0: 3 0x8000b300 (0xd03f2223) mem 0x8000d000 0x00000001
core   0: 0x8000b304 (0xff9ff06f) j       pc - 0x8
core   0: 3 0x8000b304 (0xff9ff06f)
core   0: 0x8000b2fc (0x00002f17) auipc   t5, 0x2
core   0: 3 0x8000b2fc (0x00002f17) x30 0x8000d2fc
core   0: 0x8000b300 (0xd03f2223) sw      gp, -764(t5)
core   0: 3 0x8000b300 (0xd03f2223) mem 0x8000d000 0x00000001
core   0: 0x8000b304 (0xff9ff06f) j       pc - 0x8
core   0: 3 0x8000b304 (0xff9ff06f)
core   0: 0x8000b2fc (0x00002f17) auipc   t5, 0x2
core   0: 3 0x8000b2fc (0x00002f17) x30 0x8000d2fc
core   0: 0x8000b300 (0xd03f2223) sw      gp, -764(t5)
core   0: 3 0x8000b300 (0xd03f2223) mem 0x8000d000 0x00000001
core   0: 0x8000b304 (0xff9ff06f) j       pc - 0x8
core   0: 3 0x8000b304 (0xff9ff06f)
core   0: 0x8000b2fc (0x00002f17) auipc   t5, 0x2
core   0: 3 0x8000b2fc (0x00002f17) x30 0x8000d2fc
core   0: 0x8000b300 (0xd03f2223) sw      gp, -764(t5)
core   0: 3 0x8000b300 (0xd03f2223) mem 0x8000d000 0x00000001
core   0: 0x8000b304 (0xff9ff06f) j       pc - 0x8
core   0: 3 0x8000b304 (0xff9ff06f)
core   0: 0x8000b2fc (0x00002f17) auipc   t5, 0x2
core   0: 3 0x8000b2fc (0x00002f17) x30 0x8000d2fc
core   0: 0x8000b300 (0xd03f2223) sw      gp, -764(t5)
core   0: 3 0x8000b300 (0xd03f2223) mem 0x8000d000 0x00000001
core   0: 0x8000b304 (0xff9ff06f) j       pc - 0x8
core   0: 3 0x8000b304 (0xff9ff06f)
core   0: 0x8000b2fc (0x00002f17) auipc   t5, 0x2
core   0: 3 0x8000b2fc (0x00002f17) x30 0x8000d2fc
core   0: 0x8000b300 (0xd03f2223) sw      gp, -764(t5)
core   0: 3 0x8000b300 (0xd03f2223) mem 0x8000d000 0x00000001
core   0: 0x8000b304 (0xff9ff06f) j       pc - 0x8
core   0: 3 0x8000b304 (0xff9ff06f)
core   0: 0x8000b2fc (0x00002f17) auipc   t5, 0x2
core   0: 3 0x8000b2fc (0x00002f17) x30 0x8000d2fc
core   0: 0x8000b300 (0xd03f2223) sw      gp, -764(t5)
core   0: 3 0x8000b300 (0xd03f2223) mem 0x8000d000 0x00000001
core   0: 0x8000b304 (0xff9ff06f) j       pc - 0x8
core   0: 3 0x8000b304 (0xff9ff06f)
core   0: 0x8000b2fc (0x00002f17) auipc   t5, 0x2
core   0: 3 0x8000b2fc (0x00002f17) x30 0x8000d2fc
core   0: 0x8000b300 (0xd03f2223) sw      gp, -764(t5)
core   0: 3 0x8000b300 (0xd03f2223) mem 0x8000d000 0x00000001
core   0: 0x8000b304 (0xff9ff06f) j       pc - 0x8
core   0: 3 0x8000b304 (0xff9ff06f)
core   0: 0x8000b2fc (0x00002f17) auipc   t5, 0x2
core   0: 3 0x8000b2fc (0x00002f17) x30 0x8000d2fc
core   0: 0x8000b300 (0xd03f2223) sw      gp, -764(t5)
core   0: 3 0x8000b300 (0xd03f2223) mem 0x8000d000 0x00000001
core   0: 0x8000b304 (0xff9ff06f) j       pc - 0x8
core   0: 3 0x8000b304 (0xff9ff06f)
core   0: 0x8000b2fc (0x00002f17) auipc   t5, 0x2
core   0: 3 0x8000b2fc (0x00002f17) x30 0x8000d2fc
core   0: 0x8000b300 (0xd03f2223) sw      gp, -764(t5)
core   0: 3 0x8000b300 (0xd03f2223) mem 0x8000d000 0x00000001
core   0: 0x8000b304 (0xff9ff06f) j       pc - 0x8
core   0: 3 0x8000b304 (0xff9ff06f)
core   0: 0x8000b2fc (0x00002f17) auipc   t5, 0x2
core   0: 3 0x8000b2fc (0x00002f17) x30 0x8000d2fc
core   0: 0x8000b300 (0xd03f2223) sw      gp, -764(t5)
core   0: 3 0x8000b300 (0xd03f2223) mem 0x8000d000 0x00000001
core   0: 0x8000b304 (0xff9ff06f) j       pc - 0x8
core   0: 3 0x8000b304 (0xff9ff06f)
core   0: 0x8000b2fc (0x00002f17) auipc   t5, 0x2
core   0: 3 0x8000b2fc (0x00002f17) x30 0x8000d2fc
core   0: 0x8000b300 (0xd03f2223) sw      gp, -764(t5)
core   0: 3 0x8000b300 (0xd03f2223) mem 0x8000d000 0x00000001
core   0: 0x8000b304 (0xff9ff06f) j       pc - 0x8
core   0: 3 0x8000b304 (0xff9ff06f)
core   0: 0x8000b2fc (0x00002f17) auipc   t5, 0x2
core   0: 3 0x8000b2fc (0x00002f17) x30 0x8000d2fc
core   0: 0x8000b300 (0xd03f2223) sw      gp, -764(t5)
core   0: 3 0x8000b300 (0xd03f2223) mem 0x8000d000 0x00000001
core   0: 0x8000b304 (0xff9ff06f) j       pc - 0x8
core   0: 3 0x8000b304 (0xff9ff06f)
core   0: 0x8000b2fc (0x00002f17) auipc   t5, 0x2
core   0: 3 0x8000b2fc (0x00002f17) x30 0x8000d2fc
core   0: 0x8000b300 (0xd03f2223) sw      gp, -764(t5)
core   0: 3 0x8000b300 (0xd03f2223) mem 0x8000d000 0x00000001
core   0: 0x8000b304 (0xff9ff06f) j       pc - 0x8
core   0: 3 0x8000b304 (0xff9ff06f)
core   0: 0x8000b2fc (0x00002f17) auipc   t5, 0x2
core   0: 3 0x8000b2fc (0x00002f17) x30 0x8000d2fc
core   0: 0x8000b300 (0xd03f2223) sw      gp, -764(t5)
core   0: 3 0x8000b300 (0xd03f2223) mem 0x8000d000 0x00000001
core   0: 0x8000b304 (0xff9ff06f) j       pc - 0x8
core   0: 3 0x8000b304 (0xff9ff06f)
core   0: 0x8000b2fc (0x00002f17) auipc   t5, 0x2
core   0: 3 0x8000b2fc (0x00002f17) x30 0x8000d2fc
core   0: 0x8000b300 (0xd03f2223) sw      gp, -764(t5)
core   0: 3 0x8000b300 (0xd03f2223) mem 0x8000d000 0x00000001
core   0: 0x8000b304 (0xff9ff06f) j       pc - 0x8
core   0: 3 0x8000b304 (0xff9ff06f)
core   0: 0x8000b2fc (0x00002f17) auipc   t5, 0x2
core   0: 3 0x8000b2fc (0x00002f17) x30 0x8000d2fc
core   0: 0x8000b300 (0xd03f2223) sw      gp, -764(t5)
core   0: 3 0x8000b300 (0xd03f2223) mem 0x8000d000 0x00000001
core   0: 0x8000b304 (0xff9ff06f) j       pc - 0x8
core   0: 3 0x8000b304 (0xff9ff06f)
core   0: 0x8000b2fc (0x00002f17) auipc   t5, 0x2
core   0: 3 0x8000b2fc (0x00002f17) x30 0x8000d2fc
core   0: 0x8000b300 (0xd03f2223) sw      gp, -764(t5)
core   0: 3 0x8000b300 (0xd03f2223) mem 0x8000d000 0x00000001
core   0: 0x8000b304 (0xff9ff06f) j       pc - 0x8
core   0: 3 0x8000b304 (0xff9ff06f)
core   0: 0x8000b2fc (0x00002f17) auipc   t5, 0x2
core   0: 3 0x8000b2fc (0x00002f17) x30 0x8000d2fc
core   0: 0x8000b300 (0xd03f2223) sw      gp, -764(t5)
core   0: 3 0x8000b300 (0xd03f2223) mem 0x8000d000 0x00000001
core   0: 0x8000b304 (0xff9ff06f) j       pc - 0x8
core   0: 3 0x8000b304 (0xff9ff06f)
core   0: 0x8000b2fc (0x00002f17) auipc   t5, 0x2
core   0: 3 0x8000b2fc (0x00002f17) x30 0x8000d2fc
core   0: 0x8000b300 (0xd03f2223) sw      gp, -764(t5)
core   0: 3 0x8000b300 (0xd03f2223) mem 0x8000d000 0x00000001
core   0: 0x8000b304 (0xff9ff06f) j       pc - 0x8
core   0: 3 0x8000b304 (0xff9ff06f)
core   0: 0x8000b2fc (0x00002f17) auipc   t5, 0x2
core   0: 3 0x8000b2fc (0x00002f17) x30 0x8000d2fc
core   0: 0x8000b300 (0xd03f2223) sw      gp, -764(t5)
core   0: 3 0x8000b300 (0xd03f2223) mem 0x8000d000 0x00000001
core   0: 0x8000b304 (0xff9ff06f) j       pc - 0x8
core   0: 3 0x8000b304 (0xff9ff06f)
core   0: 0x8000b2fc (0x00002f17) auipc   t5, 0x2
core   0: 3 0x8000b2fc (0x00002f17) x30 0x8000d2fc
core   0: 0x8000b300 (0xd03f2223) sw      gp, -764(t5)
core   0: 3 0x8000b300 (0xd03f2223) mem 0x8000d000 0x00000001
core   0: 0x8000b304 (0xff9ff06f) j       pc - 0x8
core   0: 3 0x8000b304 (0xff9ff06f)
core   0: 0x8000b2fc (0x00002f17) auipc   t5, 0x2
core   0: 3 0x8000b2fc (0x00002f17) x30 0x8000d2fc
core   0: 0x8000b300 (0xd03f2223) sw      gp, -764(t5)
core   0: 3 0x8000b300 (0xd03f2223) mem 0x8000d000 0x00000001
core   0: 0x8000b304 (0xff9ff06f) j       pc - 0x8
core   0: 3 0x8000b304 (0xff9ff06f)
core   0: 0x8000b2fc (0x00002f17) auipc   t5, 0x2
core   0: 3 0x8000b2fc (0x00002f17) x30 0x8000d2fc
core   0: 0x8000b300 (0xd03f2223) sw      gp, -764(t5)
core   0: 3 0x8000b300 (0xd03f2223) mem 0x8000d000 0x00000001
core   0: 0x8000b304 (0xff9ff06f) j       pc - 0x8
core   0: 3 0x8000b304 (0xff9ff06f)
core   0: 0x8000b2fc (0x00002f17) auipc   t5, 0x2
core   0: 3 0x8000b2fc (0x00002f17) x30 0x8000d2fc
core   0: 0x8000b300 (0xd03f2223) sw      gp, -764(t5)
core   0: 3 0x8000b300 (0xd03f2223) mem 0x8000d000 0x00000001
core   0: 0x8000b304 (0xff9ff06f) j       pc - 0x8
core   0: 3 0x8000b304 (0xff9ff06f)
core   0: 0x8000b2fc (0x00002f17) auipc   t5, 0x2
core   0: 3 0x8000b2fc (0x00002f17) x30 0x8000d2fc
core   0: 0x8000b300 (0xd03f2223) sw      gp, -764(t5)
core   0: 3 0x8000b300 (0xd03f2223) mem 0x8000d000 0x00000001
core   0: 0x8000b304 (0xff9ff06f) j       pc - 0x8
core   0: 3 0x8000b304 (0xff9ff06f)
core   0: 0x8000b2fc (0x00002f17) auipc   t5, 0x2
core   0: 3 0x8000b2fc (0x00002f17) x30 0x8000d2fc
core   0: 0x8000b300 (0xd03f2223) sw      gp, -764(t5)
core   0: 3 0x8000b300 (0xd03f2223) mem 0x8000d000 0x00000001
core   0: 0x8000b304 (0xff9ff06f) j       pc - 0x8
core   0: 3 0x8000b304 (0xff9ff06f)
core   0: 0x8000b2fc (0x00002f17) auipc   t5, 0x2
core   0: 3 0x8000b2fc (0x00002f17) x30 0x8000d2fc
core   0: 0x8000b300 (0xd03f2223) sw      gp, -764(t5)
core   0: 3 0x8000b300 (0xd03f2223) mem 0x8000d000 0x00000001
core   0: 0x8000b304 (0xff9ff06f) j       pc - 0x8
core   0: 3 0x8000b304 (0xff9ff06f)
core   0: 0x8000b2fc (0x00002f17) auipc   t5, 0x2
core   0: 3 0x8000b2fc (0x00002f17) x30 0x8000d2fc
core   0: 0x8000b300 (0xd03f2223) sw      gp, -764(t5)
core   0: 3 0x8000b300 (0xd03f2223) mem 0x8000d000 0x00000001
core   0: 0x8000b304 (0xff9ff06f) j       pc - 0x8
core   0: 3 0x8000b304 (0xff9ff06f)
core   0: 0x8000b2fc (0x00002f17) auipc   t5, 0x2
core   0: 3 0x8000b2fc (0x00002f17) x30 0x8000d2fc
core   0: 0x8000b300 (0xd03f2223) sw      gp, -764(t5)
core   0: 3 0x8000b300 (0xd03f2223) mem 0x8000d000 0x00000001
core   0: 0x8000b304 (0xff9ff06f) j       pc - 0x8
core   0: 3 0x8000b304 (0xff9ff06f)
core   0: 0x8000b2fc (0x00002f17) auipc   t5, 0x2
core   0: 3 0x8000b2fc (0x00002f17) x30 0x8000d2fc
core   0: 0x8000b300 (0xd03f2223) sw      gp, -764(t5)
core   0: 3 0x8000b300 (0xd03f2223) mem 0x8000d000 0x00000001
core   0: 0x8000b304 (0xff9ff06f) j       pc - 0x8
core   0: 3 0x8000b304 (0xff9ff06f)
core   0: 0x8000b2fc (0x00002f17) auipc   t5, 0x2
core   0: 3 0x8000b2fc (0x00002f17) x30 0x8000d2fc
core   0: 0x8000b300 (0xd03f2223) sw      gp, -764(t5)
core   0: 3 0x8000b300 (0xd03f2223) mem 0x8000d000 0x00000001
core   0: 0x8000b304 (0xff9ff06f) j       pc - 0x8
core   0: 3 0x8000b304 (0xff9ff06f)
core   0: 0x8000b2fc (0x00002f17) auipc   t5, 0x2
core   0: 3 0x8000b2fc (0x00002f17) x30 0x8000d2fc
core   0: 0x8000b300 (0xd03f2223) sw      gp, -764(t5)
core   0: 3 0x8000b300 (0xd03f2223) mem 0x8000d000 0x00000001
core   0: 0x8000b304 (0xff9ff06f) j       pc - 0x8
core   0: 3 0x8000b304 (0xff9ff06f)
core   0: 0x8000b2fc (0x00002f17) auipc   t5, 0x2
core   0: 3 0x8000b2fc (0x00002f17) x30 0x8000d2fc
core   0: 0x8000b300 (0xd03f2223) sw      gp, -764(t5)
core   0: 3 0x8000b300 (0xd03f2223) mem 0x8000d000 0x00000001
core   0: 0x8000b304 (0xff9ff06f) j       pc - 0x8
core   0: 3 0x8000b304 (0xff9ff06f)
core   0: 0x8000b2fc (0x00002f17) auipc   t5, 0x2
core   0: 3 0x8000b2fc (0x00002f17) x30 0x8000d2fc
core   0: 0x8000b300 (0xd03f2223) sw      gp, -764(t5)
core   0: 3 0x8000b300 (0xd03f2223) mem 0x8000d000 0x00000001
core   0: 0x8000b304 (0xff9ff06f) j       pc - 0x8
core   0: 3 0x8000b304 (0xff9ff06f)
core   0: 0x8000b2fc (0x00002f17) auipc   t5, 0x2
core   0: 3 0x8000b2fc (0x00002f17) x30 0x8000d2fc
core   0: 0x8000b300 (0xd03f2223) sw      gp, -764(t5)
core   0: 3 0x8000b300 (0xd03f2223) mem 0x8000d000 0x00000001
core   0: 0x8000b304 (0xff9ff06f) j       pc - 0x8
core   0: 3 0x8000b304 (0xff9ff06f)
core   0: 0x8000b2fc (0x00002f17) auipc   t5, 0x2
core   0: 3 0x8000b2fc (0x00002f17) x30 0x8000d2fc
core   0: 0x8000b300 (0xd03f2223) sw      gp, -764(t5)
core   0: 3 0x8000b300 (0xd03f2223) mem 0x8000d000 0x00000001
core   0: 0x8000b304 (0xff9ff06f) j       pc - 0x8
core   0: 3 0x8000b304 (0xff9ff06f)
core   0: 0x8000b2fc (0x00002f17) auipc   t5, 0x2
core   0: 3 0x8000b2fc (0x00002f17) x30 0x8000d2fc
core   0: 0x8000b300 (0xd03f2223) sw      gp, -764(t5)
core   0: 3 0x8000b300 (0xd03f2223) mem 0x8000d000 0x00000001
core   0: 0x8000b304 (0xff9ff06f) j       pc - 0x8
core   0: 3 0x8000b304 (0xff9ff06f)
core   0: 0x8000b2fc (0x00002f17) auipc   t5, 0x2
core   0: 3 0x8000b2fc (0x00002f17) x30 0x8000d2fc
core   0: 0x8000b300 (0xd03f2223) sw      gp, -764(t5)
core   0: 3 0x8000b300 (0xd03f2223) mem 0x8000d000 0x00000001
core   0: 0x8000b304 (0xff9ff06f) j       pc - 0x8
core   0: 3 0x8000b304 (0xff9ff06f)
core   0: 0x8000b2fc (0x00002f17) auipc   t5, 0x2
core   0: 3 0x8000b2fc (0x00002f17) x30 0x8000d2fc
core   0: 0x8000b300 (0xd03f2223) sw      gp, -764(t5)
core   0: 3 0x8000b300 (0xd03f2223) mem 0x8000d000 0x00000001
core   0: 0x8000b304 (0xff9ff06f) j       pc - 0x8
core   0: 3 0x8000b304 (0xff9ff06f)
core   0: 0x8000b2fc (0x00002f17) auipc   t5, 0x2
core   0: 3 0x8000b2fc (0x00002f17) x30 0x8000d2fc
core   0: 0x8000b300 (0xd03f2223) sw      gp, -764(t5)
core   0: 3 0x8000b300 (0xd03f2223) mem 0x8000d000 0x00000001
core   0: 0x8000b304 (0xff9ff06f) j       pc - 0x8
core   0: 3 0x8000b304 (0xff9ff06f)
core   0: 0x8000b2fc (0x00002f17) auipc   t5, 0x2
core   0: 3 0x8000b2fc (0x00002f17) x30 0x8000d2fc
core   0: 0x8000b300 (0xd03f2223) sw      gp, -764(t5)
core   0: 3 0x8000b300 (0xd03f2223) mem 0x8000d000 0x00000001
core   0: 0x8000b304 (0xff9ff06f) j       pc - 0x8
core   0: 3 0x8000b304 (0xff9ff06f)
core   0: 0x8000b2fc (0x00002f17) auipc   t5, 0x2
core   0: 3 0x8000b2fc (0x00002f17) x30 0x8000d2fc
core   0: 0x8000b300 (0xd03f2223) sw      gp, -764(t5)
core   0: 3 0x8000b300 (0xd03f2223) mem 0x8000d000 0x00000001
core   0: 0x8000b304 (0xff9ff06f) j       pc - 0x8
core   0: 3 0x8000b304 (0xff9ff06f)
core   0: 0x8000b2fc (0x00002f17) auipc   t5, 0x2
core   0: 3 0x8000b2fc (0x00002f17) x30 0x8000d2fc
core   0: 0x8000b300 (0xd03f2223) sw      gp, -764(t5)
core   0: 3 0x8000b300 (0xd03f2223) mem 0x8000d000 0x00000001
core   0: 0x8000b304 (0xff9ff06f) j       pc - 0x8
core   0: 3 0x8000b304 (0xff9ff06f)
core   0: 0x8000b2fc (0x00002f17) auipc   t5, 0x2
core   0: 3 0x8000b2fc (0x00002f17) x30 0x8000d2fc
core   0: 0x8000b300 (0xd03f2223) sw      gp, -764(t5)
core   0: 3 0x8000b300 (0xd03f2223) mem 0x8000d000 0x00000001
core   0: 0x8000b304 (0xff9ff06f) j       pc - 0x8
core   0: 3 0x8000b304 (0xff9ff06f)
core   0: 0x8000b2fc (0x00002f17) auipc   t5, 0x2
core   0: 3 0x8000b2fc (0x00002f17) x30 0x8000d2fc
core   0: 0x8000b300 (0xd03f2223) sw      gp, -764(t5)
core   0: 3 0x8000b300 (0xd03f2223) mem 0x8000d000 0x00000001
core   0: 0x8000b304 (0xff9ff06f) j       pc - 0x8
core   0: 3 0x8000b304 (0xff9ff06f)
core   0: 0x8000b2fc (0x00002f17) auipc   t5, 0x2
core   0: 3 0x8000b2fc (0x00002f17) x30 0x8000d2fc
core   0: 0x8000b300 (0xd03f2223) sw      gp, -764(t5)
core   0: 3 0x8000b300 (0xd03f2223) mem 0x8000d000 0x00000001
core   0: 0x8000b304 (0xff9ff06f) j       pc - 0x8
core   0: 3 0x8000b304 (0xff9ff06f)
core   0: 0x8000b2fc (0x00002f17) auipc   t5, 0x2
core   0: 3 0x8000b2fc (0x00002f17) x30 0x8000d2fc
core   0: 0x8000b300 (0xd03f2223) sw      gp, -764(t5)
core   0: 3 0x8000b300 (0xd03f2223) mem 0x8000d000 0x00000001
core   0: 0x8000b304 (0xff9ff06f) j       pc - 0x8
core   0: 3 0x8000b304 (0xff9ff06f)
core   0: 0x8000b2fc (0x00002f17) auipc   t5, 0x2
core   0: 3 0x8000b2fc (0x00002f17) x30 0x8000d2fc
core   0: 0x8000b300 (0xd03f2223) sw      gp, -764(t5)
core   0: 3 0x8000b300 (0xd03f2223) mem 0x8000d000 0x00000001
core   0: 0x8000b304 (0xff9ff06f) j       pc - 0x8
core   0: 3 0x8000b304 (0xff9ff06f)
core   0: 0x8000b2fc (0x00002f17) auipc   t5, 0x2
core   0: 3 0x8000b2fc (0x00002f17) x30 0x8000d2fc
core   0: 0x8000b300 (0xd03f2223) sw      gp, -764(t5)
core   0: 3 0x8000b300 (0xd03f2223) mem 0x8000d000 0x00000001
core   0: 0x8000b304 (0xff9ff06f) j       pc - 0x8
core   0: 3 0x8000b304 (0xff9ff06f)
core   0: 0x8000b2fc (0x00002f17) auipc   t5, 0x2
core   0: 3 0x8000b2fc (0x00002f17) x30 0x8000d2fc
core   0: 0x8000b300 (0xd03f2223) sw      gp, -764(t5)
core   0: 3 0x8000b300 (0xd03f2223) mem 0x8000d000 0x00000001
core   0: 0x8000b304 (0xff9ff06f) j       pc - 0x8
core   0: 3 0x8000b304 (0xff9ff06f)
core   0: 0x8000b2fc (0x00002f17) auipc   t5, 0x2
core   0: 3 0x8000b2fc (0x00002f17) x30 0x8000d2fc
core   0: 0x8000b300 (0xd03f2223) sw      gp, -764(t5)
core   0: 3 0x8000b300 (0xd03f2223) mem 0x8000d000 0x00000001
core   0: 0x8000b304 (0xff9ff06f) j       pc - 0x8
core   0: 3 0x8000b304 (0xff9ff06f)
core   0: 0x8000b2fc (0x00002f17) auipc   t5, 0x2
core   0: 3 0x8000b2fc (0x00002f17) x30 0x8000d2fc
core   0: 0x8000b300 (0xd03f2223) sw      gp, -764(t5)
core   0: 3 0x8000b300 (0xd03f2223) mem 0x8000d000 0x00000001
core   0: 0x8000b304 (0xff9ff06f) j       pc - 0x8
core   0: 3 0x8000b304 (0xff9ff06f)
core   0: 0x8000b2fc (0x00002f17) auipc   t5, 0x2
core   0: 3 0x8000b2fc (0x00002f17) x30 0x8000d2fc
core   0: 0x8000b300 (0xd03f2223) sw      gp, -764(t5)
core   0: 3 0x8000b300 (0xd03f2223) mem 0x8000d000 0x00000001
core   0: 0x8000b304 (0xff9ff06f) j       pc - 0x8
core   0: 3 0x8000b304 (0xff9ff06f)
core   0: 0x8000b2fc (0x00002f17) auipc   t5, 0x2
core   0: 3 0x8000b2fc (0x00002f17) x30 0x8000d2fc
core   0: 0x8000b300 (0xd03f2223) sw      gp, -764(t5)
core   0: 3 0x8000b300 (0xd03f2223) mem 0x8000d000 0x00000001
core   0: 0x8000b304 (0xff9ff06f) j       pc - 0x8
core   0: 3 0x8000b304 (0xff9ff06f)
core   0: 0x8000b2fc (0x00002f17) auipc   t5, 0x2
core   0: 3 0x8000b2fc (0x00002f17) x30 0x8000d2fc
core   0: 0x8000b300 (0xd03f2223) sw      gp, -764(t5)
core   0: 3 0x8000b300 (0xd03f2223) mem 0x8000d000 0x00000001
core   0: 0x8000b304 (0xff9ff06f) j       pc - 0x8
core   0: 3 0x8000b304 (0xff9ff06f)
core   0: 0x8000b2fc (0x00002f17) auipc   t5, 0x2
core   0: 3 0x8000b2fc (0x00002f17) x30 0x8000d2fc
core   0: 0x8000b300 (0xd03f2223) sw      gp, -764(t5)
core   0: 3 0x8000b300 (0xd03f2223) mem 0x8000d000 0x00000001
core   0: 0x8000b304 (0xff9ff06f) j       pc - 0x8
core   0: 3 0x8000b304 (0xff9ff06f)
core   0: 0x8000b2fc (0x00002f17) auipc   t5, 0x2
core   0: 3 0x8000b2fc (0x00002f17) x30 0x8000d2fc
core   0: 0x8000b300 (0xd03f2223) sw      gp, -764(t5)
core   0: 3 0x8000b300 (0xd03f2223) mem 0x8000d000 0x00000001
core   0: 0x8000b304 (0xff9ff06f) j       pc - 0x8
core   0: 3 0x8000b304 (0xff9ff06f)
core   0: 0x8000b2fc (0x00002f17) auipc   t5, 0x2
core   0: 3 0x8000b2fc (0x00002f17) x30 0x8000d2fc
core   0: 0x8000b300 (0xd03f2223) sw      gp, -764(t5)
core   0: 3 0x8000b300 (0xd03f2223) mem 0x8000d000 0x00000001
core   0: 0x8000b304 (0xff9ff06f) j       pc - 0x8
core   0: 3 0x8000b304 (0xff9ff06f)
core   0: 0x8000b2fc (0x00002f17) auipc   t5, 0x2
core   0: 3 0x8000b2fc (0x00002f17) x30 0x8000d2fc
core   0: 0x8000b300 (0xd03f2223) sw      gp, -764(t5)
core   0: 3 0x8000b300 (0xd03f2223) mem 0x8000d000 0x00000001
core   0: 0x8000b304 (0xff9ff06f) j       pc - 0x8
core   0: 3 0x8000b304 (0xff9ff06f)
core   0: 0x8000b2fc (0x00002f17) auipc   t5, 0x2
core   0: 3 0x8000b2fc (0x00002f17) x30 0x8000d2fc
core   0: 0x8000b300 (0xd03f2223) sw      gp, -764(t5)
core   0: 3 0x8000b300 (0xd03f2223) mem 0x8000d000 0x00000001
core   0: 0x8000b304 (0xff9ff06f) j       pc - 0x8
core   0: 3 0x8000b304 (0xff9ff06f)
core   0: 0x8000b2fc (0x00002f17) auipc   t5, 0x2
core   0: 3 0x8000b2fc (0x00002f17) x30 0x8000d2fc
core   0: 0x8000b300 (0xd03f2223) sw      gp, -764(t5)
core   0: 3 0x8000b300 (0xd03f2223) mem 0x8000d000 0x00000001
core   0: 0x8000b304 (0xff9ff06f) j       pc - 0x8
core   0: 3 0x8000b304 (0xff9ff06f)
core   0: 0x8000b2fc (0x00002f17) auipc   t5, 0x2
core   0: 3 0x8000b2fc (0x00002f17) x30 0x8000d2fc
core   0: 0x8000b300 (0xd03f2223) sw      gp, -764(t5)
core   0: 3 0x8000b300 (0xd03f2223) mem 0x8000d000 0x00000001
core   0: 0x8000b304 (0xff9ff06f) j       pc - 0x8
core   0: 3 0x8000b304 (0xff9ff06f)
core   0: 0x8000b2fc (0x00002f17) auipc   t5, 0x2
core   0: 3 0x8000b2fc (0x00002f17) x30 0x8000d2fc
core   0: 0x8000b300 (0xd03f2223) sw      gp, -764(t5)
core   0: 3 0x8000b300 (0xd03f2223) mem 0x8000d000 0x00000001
core   0: 0x8000b304 (0xff9ff06f) j       pc - 0x8
core   0: 3 0x8000b304 (0xff9ff06f)
core   0: 0x8000b2fc (0x00002f17) auipc   t5, 0x2
core   0: 3 0x8000b2fc (0x00002f17) x30 0x8000d2fc
core   0: 0x8000b300 (0xd03f2223) sw      gp, -764(t5)
core   0: 3 0x8000b300 (0xd03f2223) mem 0x8000d000 0x00000001
core   0: 0x8000b304 (0xff9ff06f) j       pc - 0x8
core   0: 3 0x8000b304 (0xff9ff06f)
core   0: 0x8000b2fc (0x00002f17) auipc   t5, 0x2
core   0: 3 0x8000b2fc (0x00002f17) x30 0x8000d2fc
core   0: 0x8000b300 (0xd03f2223) sw      gp, -764(t5)
core   0: 3 0x8000b300 (0xd03f2223) mem 0x8000d000 0x00000001
core   0: 0x8000b304 (0xff9ff06f) j       pc - 0x8
core   0: 3 0x8000b304 (0xff9ff06f)
core   0: 0x8000b2fc (0x00002f17) auipc   t5, 0x2
core   0: 3 0x8000b2fc (0x00002f17) x30 0x8000d2fc
core   0: 0x8000b300 (0xd03f2223) sw      gp, -764(t5)
core   0: 3 0x8000b300 (0xd03f2223) mem 0x8000d000 0x00000001
core   0: 0x8000b304 (0xff9ff06f) j       pc - 0x8
core   0: 3 0x8000b304 (0xff9ff06f)
core   0: 0x8000b2fc (0x00002f17) auipc   t5, 0x2
core   0: 3 0x8000b2fc (0x00002f17) x30 0x8000d2fc
core   0: 0x8000b300 (0xd03f2223) sw      gp, -764(t5)
core   0: 3 0x8000b300 (0xd03f2223) mem 0x8000d000 0x00000001
core   0: 0x8000b304 (0xff9ff06f) j       pc - 0x8
core   0: 3 0x8000b304 (0xff9ff06f)
core   0: 0x8000b2fc (0x00002f17) auipc   t5, 0x2
core   0: 3 0x8000b2fc (0x00002f17) x30 0x8000d2fc
core   0: 0x8000b300 (0xd03f2223) sw      gp, -764(t5)
core   0: 3 0x8000b300 (0xd03f2223) mem 0x8000d000 0x00000001
core   0: 0x8000b304 (0xff9ff06f) j       pc - 0x8
core   0: 3 0x8000b304 (0xff9ff06f)
core   0: 0x8000b2fc (0x00002f17) auipc   t5, 0x2
core   0: 3 0x8000b2fc (0x00002f17) x30 0x8000d2fc
core   0: 0x8000b300 (0xd03f2223) sw      gp, -764(t5)
core   0: 3 0x8000b300 (0xd03f2223) mem 0x8000d000 0x00000001
core   0: 0x8000b304 (0xff9ff06f) j       pc - 0x8
core   0: 3 0x8000b304 (0xff9ff06f)
core   0: 0x8000b2fc (0x00002f17) auipc   t5, 0x2
core   0: 3 0x8000b2fc (0x00002f17) x30 0x8000d2fc
core   0: 0x8000b300 (0xd03f2223) sw      gp, -764(t5)
core   0: 3 0x8000b300 (0xd03f2223) mem 0x8000d000 0x00000001
core   0: 0x8000b304 (0xff9ff06f) j       pc - 0x8
core   0: 3 0x8000b304 (0xff9ff06f)
core   0: 0x8000b2fc (0x00002f17) auipc   t5, 0x2
core   0: 3 0x8000b2fc (0x00002f17) x30 0x8000d2fc
core   0: 0x8000b300 (0xd03f2223) sw      gp, -764(t5)
core   0: 3 0x8000b300 (0xd03f2223) mem 0x8000d000 0x00000001
core   0: 0x8000b304 (0xff9ff06f) j       pc - 0x8
core   0: 3 0x8000b304 (0xff9ff06f)
core   0: 0x8000b2fc (0x00002f17) auipc   t5, 0x2
core   0: 3 0x8000b2fc (0x00002f17) x30 0x8000d2fc
core   0: 0x8000b300 (0xd03f2223) sw      gp, -764(t5)
core   0: 3 0x8000b300 (0xd03f2223) mem 0x8000d000 0x00000001
core   0: 0x8000b304 (0xff9ff06f) j       pc - 0x8
core   0: 3 0x8000b304 (0xff9ff06f)
core   0: 0x8000b2fc (0x00002f17) auipc   t5, 0x2
core   0: 3 0x8000b2fc (0x00002f17) x30 0x8000d2fc
core   0: 0x8000b300 (0xd03f2223) sw      gp, -764(t5)
core   0: 3 0x8000b300 (0xd03f2223) mem 0x8000d000 0x00000001
core   0: 0x8000b304 (0xff9ff06f) j       pc - 0x8
core   0: 3 0x8000b304 (0xff9ff06f)
core   0: 0x8000b2fc (0x00002f17) auipc   t5, 0x2
core   0: 3 0x8000b2fc (0x00002f17) x30 0x8000d2fc
core   0: 0x8000b300 (0xd03f2223) sw      gp, -764(t5)
core   0: 3 0x8000b300 (0xd03f2223) mem 0x8000d000 0x00000001
core   0: 0x8000b304 (0xff9ff06f) j       pc - 0x8
core   0: 3 0x8000b304 (0xff9ff06f)
core   0: 0x8000b2fc (0x00002f17) auipc   t5, 0x2
core   0: 3 0x8000b2fc (0x00002f17) x30 0x8000d2fc
core   0: 0x8000b300 (0xd03f2223) sw      gp, -764(t5)
core   0: 3 0x8000b300 (0xd03f2223) mem 0x8000d000 0x00000001
core   0: 0x8000b304 (0xff9ff06f) j       pc - 0x8
core   0: 3 0x8000b304 (0xff9ff06f)
core   0: 0x8000b2fc (0x00002f17) auipc   t5, 0x2
core   0: 3 0x8000b2fc (0x00002f17) x30 0x8000d2fc
core   0: 0x8000b300 (0xd03f2223) sw      gp, -764(t5)
core   0: 3 0x8000b300 (0xd03f2223) mem 0x8000d000 0x00000001
core   0: 0x8000b304 (0xff9ff06f) j       pc - 0x8
core   0: 3 0x8000b304 (0xff9ff06f)
core   0: 0x8000b2fc (0x00002f17) auipc   t5, 0x2
core   0: 3 0x8000b2fc (0x00002f17) x30 0x8000d2fc
core   0: 0x8000b300 (0xd03f2223) sw      gp, -764(t5)
core   0: 3 0x8000b300 (0xd03f2223) mem 0x8000d000 0x00000001
core   0: 0x8000b304 (0xff9ff06f) j       pc - 0x8
core   0: 3 0x8000b304 (0xff9ff06f)
core   0: 0x8000b2fc (0x00002f17) auipc   t5, 0x2
core   0: 3 0x8000b2fc (0x00002f17) x30 0x8000d2fc
core   0: 0x8000b300 (0xd03f2223) sw      gp, -764(t5)
core   0: 3 0x8000b300 (0xd03f2223) mem 0x8000d000 0x00000001
core   0: 0x8000b304 (0xff9ff06f) j       pc - 0x8
core   0: 3 0x8000b304 (0xff9ff06f)
core   0: 0x8000b2fc (0x00002f17) auipc   t5, 0x2
core   0: 3 0x8000b2fc (0x00002f17) x30 0x8000d2fc
core   0: 0x8000b300 (0xd03f2223) sw      gp, -764(t5)
core   0: 3 0x8000b300 (0xd03f2223) mem 0x8000d000 0x00000001
core   0: 0x8000b304 (0xff9ff06f) j       pc - 0x8
core   0: 3 0x8000b304 (0xff9ff06f)
core   0: 0x8000b2fc (0x00002f17) auipc   t5, 0x2
core   0: 3 0x8000b2fc (0x00002f17) x30 0x8000d2fc
core   0: 0x8000b300 (0xd03f2223) sw      gp, -764(t5)
core   0: 3 0x8000b300 (0xd03f2223) mem 0x8000d000 0x00000001
core   0: 0x8000b304 (0xff9ff06f) j       pc - 0x8
core   0: 3 0x8000b304 (0xff9ff06f)
core   0: 0x8000b2fc (0x00002f17) auipc   t5, 0x2
core   0: 3 0x8000b2fc (0x00002f17) x30 0x8000d2fc
core   0: 0x8000b300 (0xd03f2223) sw      gp, -764(t5)
core   0: 3 0x8000b300 (0xd03f2223) mem 0x8000d000 0x00000001
core   0: 0x8000b304 (0xff9ff06f) j       pc - 0x8
core   0: 3 0x8000b304 (0xff9ff06f)
core   0: 0x8000b2fc (0x00002f17) auipc   t5, 0x2
core   0: 3 0x8000b2fc (0x00002f17) x30 0x8000d2fc
core   0: 0x8000b300 (0xd03f2223) sw      gp, -764(t5)
core   0: 3 0x8000b300 (0xd03f2223) mem 0x8000d000 0x00000001
core   0: 0x8000b304 (0xff9ff06f) j       pc - 0x8
core   0: 3 0x8000b304 (0xff9ff06f)
core   0: 0x8000b2fc (0x00002f17) auipc   t5, 0x2
core   0: 3 0x8000b2fc (0x00002f17) x30 0x8000d2fc
core   0: 0x8000b300 (0xd03f2223) sw      gp, -764(t5)
core   0: 3 0x8000b300 (0xd03f2223) mem 0x8000d000 0x00000001
core   0: 0x8000b304 (0xff9ff06f) j       pc - 0x8
core   0: 3 0x8000b304 (0xff9ff06f)
core   0: 0x8000b2fc (0x00002f17) auipc   t5, 0x2
core   0: 3 0x8000b2fc (0x00002f17) x30 0x8000d2fc
core   0: 0x8000b300 (0xd03f2223) sw      gp, -764(t5)
core   0: 3 0x8000b300 (0xd03f2223) mem 0x8000d000 0x00000001
core   0: 0x8000b304 (0xff9ff06f) j       pc - 0x8
core   0: 3 0x8000b304 (0xff9ff06f)
core   0: 0x8000b2fc (0x00002f17) auipc   t5, 0x2
core   0: 3 0x8000b2fc (0x00002f17) x30 0x8000d2fc
core   0: 0x8000b300 (0xd03f2223) sw      gp, -764(t5)
core   0: 3 0x8000b300 (0xd03f2223) mem 0x8000d000 0x00000001
core   0: 0x8000b304 (0xff9ff06f) j       pc - 0x8
core   0: 3 0x8000b304 (0xff9ff06f)
core   0: 0x8000b2fc (0x00002f17) auipc   t5, 0x2
core   0: 3 0x8000b2fc (0x00002f17) x30 0x8000d2fc
core   0: 0x8000b300 (0xd03f2223) sw      gp, -764(t5)
core   0: 3 0x8000b300 (0xd03f2223) mem 0x8000d000 0x00000001
core   0: 0x8000b304 (0xff9ff06f) j       pc - 0x8
core   0: 3 0x8000b304 (0xff9ff06f)
core   0: 0x8000b2fc (0x00002f17) auipc   t5, 0x2
core   0: 3 0x8000b2fc (0x00002f17) x30 0x8000d2fc
core   0: 0x8000b300 (0xd03f2223) sw      gp, -764(t5)
core   0: 3 0x8000b300 (0xd03f2223) mem 0x8000d000 0x00000001
core   0: 0x8000b304 (0xff9ff06f) j       pc - 0x8
core   0: 3 0x8000b304 (0xff9ff06f)
core   0: 0x8000b2fc (0x00002f17) auipc   t5, 0x2
core   0: 3 0x8000b2fc (0x00002f17) x30 0x8000d2fc
core   0: 0x8000b300 (0xd03f2223) sw      gp, -764(t5)
core   0: 3 0x8000b300 (0xd03f2223) mem 0x8000d000 0x00000001
core   0: 0x8000b304 (0xff9ff06f) j       pc - 0x8
core   0: 3 0x8000b304 (0xff9ff06f)
core   0: 0x8000b2fc (0x00002f17) auipc   t5, 0x2
core   0: 3 0x8000b2fc (0x00002f17) x30 0x8000d2fc
core   0: 0x8000b300 (0xd03f2223) sw      gp, -764(t5)
core   0: 3 0x8000b300 (0xd03f2223) mem 0x8000d000 0x00000001
core   0: 0x8000b304 (0xff9ff06f) j       pc - 0x8
core   0: 3 0x8000b304 (0xff9ff06f)
core   0: 0x8000b2fc (0x00002f17) auipc   t5, 0x2
core   0: 3 0x8000b2fc (0x00002f17) x30 0x8000d2fc
core   0: 0x8000b300 (0xd03f2223) sw      gp, -764(t5)
core   0: 3 0x8000b300 (0xd03f2223) mem 0x8000d000 0x00000001
core   0: 0x8000b304 (0xff9ff06f) j       pc - 0x8
core   0: 3 0x8000b304 (0xff9ff06f)
core   0: 0x8000b2fc (0x00002f17) auipc   t5, 0x2
core   0: 3 0x8000b2fc (0x00002f17) x30 0x8000d2fc
core   0: 0x8000b300 (0xd03f2223) sw      gp, -764(t5)
core   0: 3 0x8000b300 (0xd03f2223) mem 0x8000d000 0x00000001
core   0: 0x8000b304 (0xff9ff06f) j       pc - 0x8
core   0: 3 0x8000b304 (0xff9ff06f)
core   0: 0x8000b2fc (0x00002f17) auipc   t5, 0x2
core   0: 3 0x8000b2fc (0x00002f17) x30 0x8000d2fc
core   0: 0x8000b300 (0xd03f2223) sw      gp, -764(t5)
core   0: 3 0x8000b300 (0xd03f2223) mem 0x8000d000 0x00000001
core   0: 0x8000b304 (0xff9ff06f) j       pc - 0x8
core   0: 3 0x8000b304 (0xff9ff06f)
core   0: 0x8000b2fc (0x00002f17) auipc   t5, 0x2
core   0: 3 0x8000b2fc (0x00002f17) x30 0x8000d2fc
core   0: 0x8000b300 (0xd03f2223) sw      gp, -764(t5)
core   0: 3 0x8000b300 (0xd03f2223) mem 0x8000d000 0x00000001
core   0: 0x8000b304 (0xff9ff06f) j       pc - 0x8
core   0: 3 0x8000b304 (0xff9ff06f)
core   0: 0x8000b2fc (0x00002f17) auipc   t5, 0x2
core   0: 3 0x8000b2fc (0x00002f17) x30 0x8000d2fc
core   0: 0x8000b300 (0xd03f2223) sw      gp, -764(t5)
core   0: 3 0x8000b300 (0xd03f2223) mem 0x8000d000 0x00000001
core   0: 0x8000b304 (0xff9ff06f) j       pc - 0x8
core   0: 3 0x8000b304 (0xff9ff06f)
core   0: 0x8000b2fc (0x00002f17) auipc   t5, 0x2
core   0: 3 0x8000b2fc (0x00002f17) x30 0x8000d2fc
core   0: 0x8000b300 (0xd03f2223) sw      gp, -764(t5)
core   0: 3 0x8000b300 (0xd03f2223) mem 0x8000d000 0x00000001
core   0: 0x8000b304 (0xff9ff06f) j       pc - 0x8
core   0: 3 0x8000b304 (0xff9ff06f)
core   0: 0x8000b2fc (0x00002f17) auipc   t5, 0x2
core   0: 3 0x8000b2fc (0x00002f17) x30 0x8000d2fc
core   0: 0x8000b300 (0xd03f2223) sw      gp, -764(t5)
core   0: 3 0x8000b300 (0xd03f2223) mem 0x8000d000 0x00000001
core   0: 0x8000b304 (0xff9ff06f) j       pc - 0x8
core   0: 3 0x8000b304 (0xff9ff06f)
core   0: 0x8000b2fc (0x00002f17) auipc   t5, 0x2
core   0: 3 0x8000b2fc (0x00002f17) x30 0x8000d2fc
core   0: 0x8000b300 (0xd03f2223) sw      gp, -764(t5)
core   0: 3 0x8000b300 (0xd03f2223) mem 0x8000d000 0x00000001
core   0: 0x8000b304 (0xff9ff06f) j       pc - 0x8
core   0: 3 0x8000b304 (0xff9ff06f)
core   0: 0x8000b2fc (0x00002f17) auipc   t5, 0x2
core   0: 3 0x8000b2fc (0x00002f17) x30 0x8000d2fc
core   0: 0x8000b300 (0xd03f2223) sw      gp, -764(t5)
core   0: 3 0x8000b300 (0xd03f2223) mem 0x8000d000 0x00000001
core   0: 0x8000b304 (0xff9ff06f) j       pc - 0x8
core   0: 3 0x8000b304 (0xff9ff06f)
core   0: 0x8000b2fc (0x00002f17) auipc   t5, 0x2
core   0: 3 0x8000b2fc (0x00002f17) x30 0x8000d2fc
core   0: 0x8000b300 (0xd03f2223) sw      gp, -764(t5)
core   0: 3 0x8000b300 (0xd03f2223) mem 0x8000d000 0x00000001
core   0: 0x8000b304 (0xff9ff06f) j       pc - 0x8
core   0: 3 0x8000b304 (0xff9ff06f)
core   0: 0x8000b2fc (0x00002f17) auipc   t5, 0x2
core   0: 3 0x8000b2fc (0x00002f17) x30 0x8000d2fc
core   0: 0x8000b300 (0xd03f2223) sw      gp, -764(t5)
core   0: 3 0x8000b300 (0xd03f2223) mem 0x8000d000 0x00000001
core   0: 0x8000b304 (0xff9ff06f) j       pc - 0x8
core   0: 3 0x8000b304 (0xff9ff06f)
core   0: 0x8000b2fc (0x00002f17) auipc   t5, 0x2
core   0: 3 0x8000b2fc (0x00002f17) x30 0x8000d2fc
core   0: 0x8000b300 (0xd03f2223) sw      gp, -764(t5)
core   0: 3 0x8000b300 (0xd03f2223) mem 0x8000d000 0x00000001
core   0: 0x8000b304 (0xff9ff06f) j       pc - 0x8
core   0: 3 0x8000b304 (0xff9ff06f)
core   0: 0x8000b2fc (0x00002f17) auipc   t5, 0x2
core   0: 3 0x8000b2fc (0x00002f17) x30 0x8000d2fc
core   0: 0x8000b300 (0xd03f2223) sw      gp, -764(t5)
core   0: 3 0x8000b300 (0xd03f2223) mem 0x8000d000 0x00000001
core   0: 0x8000b304 (0xff9ff06f) j       pc - 0x8
core   0: 3 0x8000b304 (0xff9ff06f)
core   0: 0x8000b2fc (0x00002f17) auipc   t5, 0x2
core   0: 3 0x8000b2fc (0x00002f17) x30 0x8000d2fc
core   0: 0x8000b300 (0xd03f2223) sw      gp, -764(t5)
core   0: 3 0x8000b300 (0xd03f2223) mem 0x8000d000 0x00000001
core   0: 0x8000b304 (0xff9ff06f) j       pc - 0x8
core   0: 3 0x8000b304 (0xff9ff06f)
core   0: 0x8000b2fc (0x00002f17) auipc   t5, 0x2
core   0: 3 0x8000b2fc (0x00002f17) x30 0x8000d2fc
core   0: 0x8000b300 (0xd03f2223) sw      gp, -764(t5)
core   0: 3 0x8000b300 (0xd03f2223) mem 0x8000d000 0x00000001
core   0: 0x8000b304 (0xff9ff06f) j       pc - 0x8
core   0: 3 0x8000b304 (0xff9ff06f)
core   0: 0x8000b2fc (0x00002f17) auipc   t5, 0x2
core   0: 3 0x8000b2fc (0x00002f17) x30 0x8000d2fc
core   0: 0x8000b300 (0xd03f2223) sw      gp, -764(t5)
core   0: 3 0x8000b300 (0xd03f2223) mem 0x8000d000 0x00000001
core   0: 0x8000b304 (0xff9ff06f) j       pc - 0x8
core   0: 3 0x8000b304 (0xff9ff06f)
core   0: 0x8000b2fc (0x00002f17) auipc   t5, 0x2
core   0: 3 0x8000b2fc (0x00002f17) x30 0x8000d2fc
core   0: 0x8000b300 (0xd03f2223) sw      gp, -764(t5)
core   0: 3 0x8000b300 (0xd03f2223) mem 0x8000d000 0x00000001
core   0: 0x8000b304 (0xff9ff06f) j       pc - 0x8
core   0: 3 0x8000b304 (0xff9ff06f)
core   0: 0x8000b2fc (0x00002f17) auipc   t5, 0x2
core   0: 3 0x8000b2fc (0x00002f17) x30 0x8000d2fc
core   0: 0x8000b300 (0xd03f2223) sw      gp, -764(t5)
core   0: 3 0x8000b300 (0xd03f2223) mem 0x8000d000 0x00000001
core   0: 0x8000b304 (0xff9ff06f) j       pc - 0x8
core   0: 3 0x8000b304 (0xff9ff06f)
core   0: 0x8000b2fc (0x00002f17) auipc   t5, 0x2
core   0: 3 0x8000b2fc (0x00002f17) x30 0x8000d2fc
core   0: 0x8000b300 (0xd03f2223) sw      gp, -764(t5)
core   0: 3 0x8000b300 (0xd03f2223) mem 0x8000d000 0x00000001
core   0: 0x8000b304 (0xff9ff06f) j       pc - 0x8
core   0: 3 0x8000b304 (0xff9ff06f)
core   0: 0x8000b2fc (0x00002f17) auipc   t5, 0x2
core   0: 3 0x8000b2fc (0x00002f17) x30 0x8000d2fc
core   0: 0x8000b300 (0xd03f2223) sw      gp, -764(t5)
core   0: 3 0x8000b300 (0xd03f2223) mem 0x8000d000 0x00000001
core   0: 0x8000b304 (0xff9ff06f) j       pc - 0x8
core   0: 3 0x8000b304 (0xff9ff06f)
core   0: 0x8000b2fc (0x00002f17) auipc   t5, 0x2
core   0: 3 0x8000b2fc (0x00002f17) x30 0x8000d2fc
core   0: 0x8000b300 (0xd03f2223) sw      gp, -764(t5)
core   0: 3 0x8000b300 (0xd03f2223) mem 0x8000d000 0x00000001
core   0: 0x8000b304 (0xff9ff06f) j       pc - 0x8
core   0: 3 0x8000b304 (0xff9ff06f)
core   0: 0x8000b2fc (0x00002f17) auipc   t5, 0x2
core   0: 3 0x8000b2fc (0x00002f17) x30 0x8000d2fc
core   0: 0x8000b300 (0xd03f2223) sw      gp, -764(t5)
core   0: 3 0x8000b300 (0xd03f2223) mem 0x8000d000 0x00000001
core   0: 0x8000b304 (0xff9ff06f) j       pc - 0x8
core   0: 3 0x8000b304 (0xff9ff06f)
core   0: 0x8000b2fc (0x00002f17) auipc   t5, 0x2
core   0: 3 0x8000b2fc (0x00002f17) x30 0x8000d2fc
core   0: 0x8000b300 (0xd03f2223) sw      gp, -764(t5)
core   0: 3 0x8000b300 (0xd03f2223) mem 0x8000d000 0x00000001
core   0: 0x8000b304 (0xff9ff06f) j       pc - 0x8
core   0: 3 0x8000b304 (0xff9ff06f)
core   0: 0x8000b2fc (0x00002f17) auipc   t5, 0x2
core   0: 3 0x8000b2fc (0x00002f17) x30 0x8000d2fc
core   0: 0x8000b300 (0xd03f2223) sw      gp, -764(t5)
core   0: 3 0x8000b300 (0xd03f2223) mem 0x8000d000 0x00000001
core   0: 0x8000b304 (0xff9ff06f) j       pc - 0x8
core   0: 3 0x8000b304 (0xff9ff06f)
core   0: 0x8000b2fc (0x00002f17) auipc   t5, 0x2
core   0: 3 0x8000b2fc (0x00002f17) x30 0x8000d2fc
core   0: 0x8000b300 (0xd03f2223) sw      gp, -764(t5)
core   0: 3 0x8000b300 (0xd03f2223) mem 0x8000d000 0x00000001
core   0: 0x8000b304 (0xff9ff06f) j       pc - 0x8
core   0: 3 0x8000b304 (0xff9ff06f)
core   0: 0x8000b2fc (0x00002f17) auipc   t5, 0x2
core   0: 3 0x8000b2fc (0x00002f17) x30 0x8000d2fc
core   0: 0x8000b300 (0xd03f2223) sw      gp, -764(t5)
core   0: 3 0x8000b300 (0xd03f2223) mem 0x8000d000 0x00000001
core   0: 0x8000b304 (0xff9ff06f) j       pc - 0x8
core   0: 3 0x8000b304 (0xff9ff06f)
core   0: 0x8000b2fc (0x00002f17) auipc   t5, 0x2
core   0: 3 0x8000b2fc (0x00002f17) x30 0x8000d2fc
core   0: 0x8000b300 (0xd03f2223) sw      gp, -764(t5)
core   0: 3 0x8000b300 (0xd03f2223) mem 0x8000d000 0x00000001
core   0: 0x8000b304 (0xff9ff06f) j       pc - 0x8
core   0: 3 0x8000b304 (0xff9ff06f)
core   0: 0x8000b2fc (0x00002f17) auipc   t5, 0x2
core   0: 3 0x8000b2fc (0x00002f17) x30 0x8000d2fc
core   0: 0x8000b300 (0xd03f2223) sw      gp, -764(t5)
core   0: 3 0x8000b300 (0xd03f2223) mem 0x8000d000 0x00000001
core   0: 0x8000b304 (0xff9ff06f) j       pc - 0x8
core   0: 3 0x8000b304 (0xff9ff06f)
core   0: 0x8000b2fc (0x00002f17) auipc   t5, 0x2
core   0: 3 0x8000b2fc (0x00002f17) x30 0x8000d2fc
core   0: 0x8000b300 (0xd03f2223) sw      gp, -764(t5)
core   0: 3 0x8000b300 (0xd03f2223) mem 0x8000d000 0x00000001
core   0: 0x8000b304 (0xff9ff06f) j       pc - 0x8
core   0: 3 0x8000b304 (0xff9ff06f)
core   0: 0x8000b2fc (0x00002f17) auipc   t5, 0x2
core   0: 3 0x8000b2fc (0x00002f17) x30 0x8000d2fc
core   0: 0x8000b300 (0xd03f2223) sw      gp, -764(t5)
core   0: 3 0x8000b300 (0xd03f2223) mem 0x8000d000 0x00000001
core   0: 0x8000b304 (0xff9ff06f) j       pc - 0x8
core   0: 3 0x8000b304 (0xff9ff06f)
core   0: 0x8000b2fc (0x00002f17) auipc   t5, 0x2
core   0: 3 0x8000b2fc (0x00002f17) x30 0x8000d2fc
core   0: 0x8000b300 (0xd03f2223) sw      gp, -764(t5)
core   0: 3 0x8000b300 (0xd03f2223) mem 0x8000d000 0x00000001
core   0: 0x8000b304 (0xff9ff06f) j       pc - 0x8
core   0: 3 0x8000b304 (0xff9ff06f)
core   0: 0x8000b2fc (0x00002f17) auipc   t5, 0x2
core   0: 3 0x8000b2fc (0x00002f17) x30 0x8000d2fc
core   0: 0x8000b300 (0xd03f2223) sw      gp, -764(t5)
core   0: 3 0x8000b300 (0xd03f2223) mem 0x8000d000 0x00000001
core   0: 0x8000b304 (0xff9ff06f) j       pc - 0x8
core   0: 3 0x8000b304 (0xff9ff06f)
core   0: 0x8000b2fc (0x00002f17) auipc   t5, 0x2
core   0: 3 0x8000b2fc (0x00002f17) x30 0x8000d2fc
core   0: 0x8000b300 (0xd03f2223) sw      gp, -764(t5)
core   0: 3 0x8000b300 (0xd03f2223) mem 0x8000d000 0x00000001
core   0: 0x8000b304 (0xff9ff06f) j       pc - 0x8
core   0: 3 0x8000b304 (0xff9ff06f)
core   0: 0x8000b2fc (0x00002f17) auipc   t5, 0x2
core   0: 3 0x8000b2fc (0x00002f17) x30 0x8000d2fc
core   0: 0x8000b300 (0xd03f2223) sw      gp, -764(t5)
core   0: 3 0x8000b300 (0xd03f2223) mem 0x8000d000 0x00000001
core   0: 0x8000b304 (0xff9ff06f) j       pc - 0x8
core   0: 3 0x8000b304 (0xff9ff06f)
core   0: 0x8000b2fc (0x00002f17) auipc   t5, 0x2
core   0: 3 0x8000b2fc (0x00002f17) x30 0x8000d2fc
core   0: 0x8000b300 (0xd03f2223) sw      gp, -764(t5)
core   0: 3 0x8000b300 (0xd03f2223) mem 0x8000d000 0x00000001
core   0: 0x8000b304 (0xff9ff06f) j       pc - 0x8
core   0: 3 0x8000b304 (0xff9ff06f)
core   0: 0x8000b2fc (0x00002f17) auipc   t5, 0x2
core   0: 3 0x8000b2fc (0x00002f17) x30 0x8000d2fc
core   0: 0x8000b300 (0xd03f2223) sw      gp, -764(t5)
core   0: 3 0x8000b300 (0xd03f2223) mem 0x8000d000 0x00000001
core   0: 0x8000b304 (0xff9ff06f) j       pc - 0x8
core   0: 3 0x8000b304 (0xff9ff06f)
core   0: 0x8000b2fc (0x00002f17) auipc   t5, 0x2
core   0: 3 0x8000b2fc (0x00002f17) x30 0x8000d2fc
core   0: 0x8000b300 (0xd03f2223) sw      gp, -764(t5)
core   0: 3 0x8000b300 (0xd03f2223) mem 0x8000d000 0x00000001
core   0: 0x8000b304 (0xff9ff06f) j       pc - 0x8
core   0: 3 0x8000b304 (0xff9ff06f)
core   0: 0x8000b2fc (0x00002f17) auipc   t5, 0x2
core   0: 3 0x8000b2fc (0x00002f17) x30 0x8000d2fc
core   0: 0x8000b300 (0xd03f2223) sw      gp, -764(t5)
core   0: 3 0x8000b300 (0xd03f2223) mem 0x8000d000 0x00000001
core   0: 0x8000b304 (0xff9ff06f) j       pc - 0x8
core   0: 3 0x8000b304 (0xff9ff06f)
core   0: 0x8000b2fc (0x00002f17) auipc   t5, 0x2
core   0: 3 0x8000b2fc (0x00002f17) x30 0x8000d2fc
core   0: 0x8000b300 (0xd03f2223) sw      gp, -764(t5)
core   0: 3 0x8000b300 (0xd03f2223) mem 0x8000d000 0x00000001
core   0: 0x8000b304 (0xff9ff06f) j       pc - 0x8
core   0: 3 0x8000b304 (0xff9ff06f)
core   0: 0x8000b2fc (0x00002f17) auipc   t5, 0x2
core   0: 3 0x8000b2fc (0x00002f17) x30 0x8000d2fc
core   0: 0x8000b300 (0xd03f2223) sw      gp, -764(t5)
core   0: 3 0x8000b300 (0xd03f2223) mem 0x8000d000 0x00000001
core   0: 0x8000b304 (0xff9ff06f) j       pc - 0x8
core   0: 3 0x8000b304 (0xff9ff06f)
core   0: 0x8000b2fc (0x00002f17) auipc   t5, 0x2
core   0: 3 0x8000b2fc (0x00002f17) x30 0x8000d2fc
core   0: 0x8000b300 (0xd03f2223) sw      gp, -764(t5)
core   0: 3 0x8000b300 (0xd03f2223) mem 0x8000d000 0x00000001
core   0: 0x8000b304 (0xff9ff06f) j       pc - 0x8
core   0: 3 0x8000b304 (0xff9ff06f)
core   0: 0x8000b2fc (0x00002f17) auipc   t5, 0x2
core   0: 3 0x8000b2fc (0x00002f17) x30 0x8000d2fc
core   0: 0x8000b300 (0xd03f2223) sw      gp, -764(t5)
core   0: 3 0x8000b300 (0xd03f2223) mem 0x8000d000 0x00000001
core   0: 0x8000b304 (0xff9ff06f) j       pc - 0x8
core   0: 3 0x8000b304 (0xff9ff06f)
core   0: 0x8000b2fc (0x00002f17) auipc   t5, 0x2
core   0: 3 0x8000b2fc (0x00002f17) x30 0x8000d2fc
core   0: 0x8000b300 (0xd03f2223) sw      gp, -764(t5)
core   0: 3 0x8000b300 (0xd03f2223) mem 0x8000d000 0x00000001
core   0: 0x8000b304 (0xff9ff06f) j       pc - 0x8
core   0: 3 0x8000b304 (0xff9ff06f)
core   0: 0x8000b2fc (0x00002f17) auipc   t5, 0x2
core   0: 3 0x8000b2fc (0x00002f17) x30 0x8000d2fc
core   0: 0x8000b300 (0xd03f2223) sw      gp, -764(t5)
core   0: 3 0x8000b300 (0xd03f2223) mem 0x8000d000 0x00000001
core   0: 0x8000b304 (0xff9ff06f) j       pc - 0x8
core   0: 3 0x8000b304 (0xff9ff06f)
core   0: 0x8000b2fc (0x00002f17) auipc   t5, 0x2
core   0: 3 0x8000b2fc (0x00002f17) x30 0x8000d2fc
core   0: 0x8000b300 (0xd03f2223) sw      gp, -764(t5)
core   0: 3 0x8000b300 (0xd03f2223) mem 0x8000d000 0x00000001
core   0: 0x8000b304 (0xff9ff06f) j       pc - 0x8
core   0: 3 0x8000b304 (0xff9ff06f)
core   0: 0x8000b2fc (0x00002f17) auipc   t5, 0x2
core   0: 3 0x8000b2fc (0x00002f17) x30 0x8000d2fc
core   0: 0x8000b300 (0xd03f2223) sw      gp, -764(t5)
core   0: 3 0x8000b300 (0xd03f2223) mem 0x8000d000 0x00000001
core   0: 0x8000b304 (0xff9ff06f) j       pc - 0x8
core   0: 3 0x8000b304 (0xff9ff06f)
core   0: 0x8000b2fc (0x00002f17) auipc   t5, 0x2
core   0: 3 0x8000b2fc (0x00002f17) x30 0x8000d2fc
core   0: 0x8000b300 (0xd03f2223) sw      gp, -764(t5)
core   0: 3 0x8000b300 (0xd03f2223) mem 0x8000d000 0x00000001
core   0: 0x8000b304 (0xff9ff06f) j       pc - 0x8
core   0: 3 0x8000b304 (0xff9ff06f)
core   0: 0x8000b2fc (0x00002f17) auipc   t5, 0x2
core   0: 3 0x8000b2fc (0x00002f17) x30 0x8000d2fc
core   0: 0x8000b300 (0xd03f2223) sw      gp, -764(t5)
core   0: 3 0x8000b300 (0xd03f2223) mem 0x8000d000 0x00000001
core   0: 0x8000b304 (0xff9ff06f) j       pc - 0x8
core   0: 3 0x8000b304 (0xff9ff06f)
core   0: 0x8000b2fc (0x00002f17) auipc   t5, 0x2
core   0: 3 0x8000b2fc (0x00002f17) x30 0x8000d2fc
core   0: 0x8000b300 (0xd03f2223) sw      gp, -764(t5)
core   0: 3 0x8000b300 (0xd03f2223) mem 0x8000d000 0x00000001
core   0: 0x8000b304 (0xff9ff06f) j       pc - 0x8
core   0: 3 0x8000b304 (0xff9ff06f)
core   0: 0x8000b2fc (0x00002f17) auipc   t5, 0x2
core   0: 3 0x8000b2fc (0x00002f17) x30 0x8000d2fc
core   0: 0x8000b300 (0xd03f2223) sw      gp, -764(t5)
core   0: 3 0x8000b300 (0xd03f2223) mem 0x8000d000 0x00000001
core   0: 0x8000b304 (0xff9ff06f) j       pc - 0x8
core   0: 3 0x8000b304 (0xff9ff06f)
core   0: 0x8000b2fc (0x00002f17) auipc   t5, 0x2
core   0: 3 0x8000b2fc (0x00002f17) x30 0x8000d2fc
core   0: 0x8000b300 (0xd03f2223) sw      gp, -764(t5)
core   0: 3 0x8000b300 (0xd03f2223) mem 0x8000d000 0x00000001
core   0: 0x8000b304 (0xff9ff06f) j       pc - 0x8
core   0: 3 0x8000b304 (0xff9ff06f)
core   0: 0x8000b2fc (0x00002f17) auipc   t5, 0x2
core   0: 3 0x8000b2fc (0x00002f17) x30 0x8000d2fc
core   0: 0x8000b300 (0xd03f2223) sw      gp, -764(t5)
core   0: 3 0x8000b300 (0xd03f2223) mem 0x8000d000 0x00000001
core   0: 0x8000b304 (0xff9ff06f) j       pc - 0x8
core   0: 3 0x8000b304 (0xff9ff06f)
core   0: 0x8000b2fc (0x00002f17) auipc   t5, 0x2
core   0: 3 0x8000b2fc (0x00002f17) x30 0x8000d2fc
core   0: 0x8000b300 (0xd03f2223) sw      gp, -764(t5)
core   0: 3 0x8000b300 (0xd03f2223) mem 0x8000d000 0x00000001
core   0: 0x8000b304 (0xff9ff06f) j       pc - 0x8
core   0: 3 0x8000b304 (0xff9ff06f)
core   0: 0x8000b2fc (0x00002f17) auipc   t5, 0x2
core   0: 3 0x8000b2fc (0x00002f17) x30 0x8000d2fc
core   0: 0x8000b300 (0xd03f2223) sw      gp, -764(t5)
core   0: 3 0x8000b300 (0xd03f2223) mem 0x8000d000 0x00000001
core   0: 0x8000b304 (0xff9ff06f) j       pc - 0x8
core   0: 3 0x8000b304 (0xff9ff06f)
core   0: 0x8000b2fc (0x00002f17) auipc   t5, 0x2
core   0: 3 0x8000b2fc (0x00002f17) x30 0x8000d2fc
core   0: 0x8000b300 (0xd03f2223) sw      gp, -764(t5)
core   0: 3 0x8000b300 (0xd03f2223) mem 0x8000d000 0x00000001
core   0: 0x8000b304 (0xff9ff06f) j       pc - 0x8
core   0: 3 0x8000b304 (0xff9ff06f)
core   0: 0x8000b2fc (0x00002f17) auipc   t5, 0x2
core   0: 3 0x8000b2fc (0x00002f17) x30 0x8000d2fc
core   0: 0x8000b300 (0xd03f2223) sw      gp, -764(t5)
core   0: 3 0x8000b300 (0xd03f2223) mem 0x8000d000 0x00000001
core   0: 0x8000b304 (0xff9ff06f) j       pc - 0x8
core   0: 3 0x8000b304 (0xff9ff06f)
core   0: 0x8000b2fc (0x00002f17) auipc   t5, 0x2
core   0: 3 0x8000b2fc (0x00002f17) x30 0x8000d2fc
core   0: 0x8000b300 (0xd03f2223) sw      gp, -764(t5)
core   0: 3 0x8000b300 (0xd03f2223) mem 0x8000d000 0x00000001
core   0: 0x8000b304 (0xff9ff06f) j       pc - 0x8
core   0: 3 0x8000b304 (0xff9ff06f)
core   0: 0x8000b2fc (0x00002f17) auipc   t5, 0x2
core   0: 3 0x8000b2fc (0x00002f17) x30 0x8000d2fc
core   0: 0x8000b300 (0xd03f2223) sw      gp, -764(t5)
core   0: 3 0x8000b300 (0xd03f2223) mem 0x8000d000 0x00000001
core   0: 0x8000b304 (0xff9ff06f) j       pc - 0x8
core   0: 3 0x8000b304 (0xff9ff06f)
core   0: 0x8000b2fc (0x00002f17) auipc   t5, 0x2
core   0: 3 0x8000b2fc (0x00002f17) x30 0x8000d2fc
core   0: 0x8000b300 (0xd03f2223) sw      gp, -764(t5)
core   0: 3 0x8000b300 (0xd03f2223) mem 0x8000d000 0x00000001
core   0: 0x8000b304 (0xff9ff06f) j       pc - 0x8
core   0: 3 0x8000b304 (0xff9ff06f)
core   0: 0x8000b2fc (0x00002f17) auipc   t5, 0x2
core   0: 3 0x8000b2fc (0x00002f17) x30 0x8000d2fc
core   0: 0x8000b300 (0xd03f2223) sw      gp, -764(t5)
core   0: 3 0x8000b300 (0xd03f2223) mem 0x8000d000 0x00000001
core   0: 0x8000b304 (0xff9ff06f) j       pc - 0x8
core   0: 3 0x8000b304 (0xff9ff06f)
core   0: 0x8000b2fc (0x00002f17) auipc   t5, 0x2
core   0: 3 0x8000b2fc (0x00002f17) x30 0x8000d2fc
core   0: 0x8000b300 (0xd03f2223) sw      gp, -764(t5)
core   0: 3 0x8000b300 (0xd03f2223) mem 0x8000d000 0x00000001
core   0: 0x8000b304 (0xff9ff06f) j       pc - 0x8
core   0: 3 0x8000b304 (0xff9ff06f)
core   0: 0x8000b2fc (0x00002f17) auipc   t5, 0x2
core   0: 3 0x8000b2fc (0x00002f17) x30 0x8000d2fc
core   0: 0x8000b300 (0xd03f2223) sw      gp, -764(t5)
core   0: 3 0x8000b300 (0xd03f2223) mem 0x8000d000 0x00000001
core   0: 0x8000b304 (0xff9ff06f) j       pc - 0x8
core   0: 3 0x8000b304 (0xff9ff06f)
core   0: 0x8000b2fc (0x00002f17) auipc   t5, 0x2
core   0: 3 0x8000b2fc (0x00002f17) x30 0x8000d2fc
core   0: 0x8000b300 (0xd03f2223) sw      gp, -764(t5)
core   0: 3 0x8000b300 (0xd03f2223) mem 0x8000d000 0x00000001
core   0: 0x8000b304 (0xff9ff06f) j       pc - 0x8
core   0: 3 0x8000b304 (0xff9ff06f)
core   0: 0x8000b2fc (0x00002f17) auipc   t5, 0x2
core   0: 3 0x8000b2fc (0x00002f17) x30 0x8000d2fc
core   0: 0x8000b300 (0xd03f2223) sw      gp, -764(t5)
core   0: 3 0x8000b300 (0xd03f2223) mem 0x8000d000 0x00000001
core   0: 0x8000b304 (0xff9ff06f) j       pc - 0x8
core   0: 3 0x8000b304 (0xff9ff06f)
core   0: 0x8000b2fc (0x00002f17) auipc   t5, 0x2
core   0: 3 0x8000b2fc (0x00002f17) x30 0x8000d2fc
core   0: 0x8000b300 (0xd03f2223) sw      gp, -764(t5)
core   0: 3 0x8000b300 (0xd03f2223) mem 0x8000d000 0x00000001
core   0: 0x8000b304 (0xff9ff06f) j       pc - 0x8
core   0: 3 0x8000b304 (0xff9ff06f)
core   0: 0x8000b2fc (0x00002f17) auipc   t5, 0x2
core   0: 3 0x8000b2fc (0x00002f17) x30 0x8000d2fc
core   0: 0x8000b300 (0xd03f2223) sw      gp, -764(t5)
core   0: 3 0x8000b300 (0xd03f2223) mem 0x8000d000 0x00000001
core   0: 0x8000b304 (0xff9ff06f) j       pc - 0x8
core   0: 3 0x8000b304 (0xff9ff06f)
core   0: 0x8000b2fc (0x00002f17) auipc   t5, 0x2
core   0: 3 0x8000b2fc (0x00002f17) x30 0x8000d2fc
core   0: 0x8000b300 (0xd03f2223) sw      gp, -764(t5)
core   0: 3 0x8000b300 (0xd03f2223) mem 0x8000d000 0x00000001
core   0: 0x8000b304 (0xff9ff06f) j       pc - 0x8
core   0: 3 0x8000b304 (0xff9ff06f)
core   0: 0x8000b2fc (0x00002f17) auipc   t5, 0x2
core   0: 3 0x8000b2fc (0x00002f17) x30 0x8000d2fc
core   0: 0x8000b300 (0xd03f2223) sw      gp, -764(t5)
core   0: 3 0x8000b300 (0xd03f2223) mem 0x8000d000 0x00000001
core   0: 0x8000b304 (0xff9ff06f) j       pc - 0x8
core   0: 3 0x8000b304 (0xff9ff06f)
core   0: 0x8000b2fc (0x00002f17) auipc   t5, 0x2
core   0: 3 0x8000b2fc (0x00002f17) x30 0x8000d2fc
core   0: 0x8000b300 (0xd03f2223) sw      gp, -764(t5)
core   0: 3 0x8000b300 (0xd03f2223) mem 0x8000d000 0x00000001
core   0: 0x8000b304 (0xff9ff06f) j       pc - 0x8
core   0: 3 0x8000b304 (0xff9ff06f)
core   0: 0x8000b2fc (0x00002f17) auipc   t5, 0x2
core   0: 3 0x8000b2fc (0x00002f17) x30 0x8000d2fc
core   0: 0x8000b300 (0xd03f2223) sw      gp, -764(t5)
core   0: 3 0x8000b300 (0xd03f2223) mem 0x8000d000 0x00000001
core   0: 0x8000b304 (0xff9ff06f) j       pc - 0x8
core   0: 3 0x8000b304 (0xff9ff06f)
core   0: 0x8000b2fc (0x00002f17) auipc   t5, 0x2
core   0: 3 0x8000b2fc (0x00002f17) x30 0x8000d2fc
core   0: 0x8000b300 (0xd03f2223) sw      gp, -764(t5)
core   0: 3 0x8000b300 (0xd03f2223) mem 0x8000d000 0x00000001
core   0: 0x8000b304 (0xff9ff06f) j       pc - 0x8
core   0: 3 0x8000b304 (0xff9ff06f)
core   0: 0x8000b2fc (0x00002f17) auipc   t5, 0x2
core   0: 3 0x8000b2fc (0x00002f17) x30 0x8000d2fc
core   0: 0x8000b300 (0xd03f2223) sw      gp, -764(t5)
core   0: 3 0x8000b300 (0xd03f2223) mem 0x8000d000 0x00000001
core   0: 0x8000b304 (0xff9ff06f) j       pc - 0x8
core   0: 3 0x8000b304 (0xff9ff06f)
core   0: 0x8000b2fc (0x00002f17) auipc   t5, 0x2
core   0: 3 0x8000b2fc (0x00002f17) x30 0x8000d2fc
core   0: 0x8000b300 (0xd03f2223) sw      gp, -764(t5)
core   0: 3 0x8000b300 (0xd03f2223) mem 0x8000d000 0x00000001
core   0: 0x8000b304 (0xff9ff06f) j       pc - 0x8
core   0: 3 0x8000b304 (0xff9ff06f)
core   0: 0x8000b2fc (0x00002f17) auipc   t5, 0x2
core   0: 3 0x8000b2fc (0x00002f17) x30 0x8000d2fc
core   0: 0x8000b300 (0xd03f2223) sw      gp, -764(t5)
core   0: 3 0x8000b300 (0xd03f2223) mem 0x8000d000 0x00000001
core   0: 0x8000b304 (0xff9ff06f) j       pc - 0x8
core   0: 3 0x8000b304 (0xff9ff06f)
core   0: 0x8000b2fc (0x00002f17) auipc   t5, 0x2
core   0: 3 0x8000b2fc (0x00002f17) x30 0x8000d2fc
core   0: 0x8000b300 (0xd03f2223) sw      gp, -764(t5)
core   0: 3 0x8000b300 (0xd03f2223) mem 0x8000d000 0x00000001
core   0: 0x8000b304 (0xff9ff06f) j       pc - 0x8
core   0: 3 0x8000b304 (0xff9ff06f)
core   0: 0x8000b2fc (0x00002f17) auipc   t5, 0x2
core   0: 3 0x8000b2fc (0x00002f17) x30 0x8000d2fc
core   0: 0x8000b300 (0xd03f2223) sw      gp, -764(t5)
core   0: 3 0x8000b300 (0xd03f2223) mem 0x8000d000 0x00000001
core   0: 0x8000b304 (0xff9ff06f) j       pc - 0x8
core   0: 3 0x8000b304 (0xff9ff06f)
core   0: 0x8000b2fc (0x00002f17) auipc   t5, 0x2
core   0: 3 0x8000b2fc (0x00002f17) x30 0x8000d2fc
core   0: 0x8000b300 (0xd03f2223) sw      gp, -764(t5)
core   0: 3 0x8000b300 (0xd03f2223) mem 0x8000d000 0x00000001
core   0: 0x8000b304 (0xff9ff06f) j       pc - 0x8
core   0: 3 0x8000b304 (0xff9ff06f)
core   0: 0x8000b2fc (0x00002f17) auipc   t5, 0x2
core   0: 3 0x8000b2fc (0x00002f17) x30 0x8000d2fc
core   0: 0x8000b300 (0xd03f2223) sw      gp, -764(t5)
core   0: 3 0x8000b300 (0xd03f2223) mem 0x8000d000 0x00000001
core   0: 0x8000b304 (0xff9ff06f) j       pc - 0x8
core   0: 3 0x8000b304 (0xff9ff06f)
core   0: 0x8000b2fc (0x00002f17) auipc   t5, 0x2
core   0: 3 0x8000b2fc (0x00002f17) x30 0x8000d2fc
core   0: 0x8000b300 (0xd03f2223) sw      gp, -764(t5)
core   0: 3 0x8000b300 (0xd03f2223) mem 0x8000d000 0x00000001
core   0: 0x8000b304 (0xff9ff06f) j       pc - 0x8
core   0: 3 0x8000b304 (0xff9ff06f)
core   0: 0x8000b2fc (0x00002f17) auipc   t5, 0x2
core   0: 3 0x8000b2fc (0x00002f17) x30 0x8000d2fc
core   0: 0x8000b300 (0xd03f2223) sw      gp, -764(t5)
core   0: 3 0x8000b300 (0xd03f2223) mem 0x8000d000 0x00000001
core   0: 0x8000b304 (0xff9ff06f) j       pc - 0x8
core   0: 3 0x8000b304 (0xff9ff06f)
core   0: 0x8000b2fc (0x00002f17) auipc   t5, 0x2
core   0: 3 0x8000b2fc (0x00002f17) x30 0x8000d2fc
core   0: 0x8000b300 (0xd03f2223) sw      gp, -764(t5)
core   0: 3 0x8000b300 (0xd03f2223) mem 0x8000d000 0x00000001
core   0: 0x8000b304 (0xff9ff06f) j       pc - 0x8
core   0: 3 0x8000b304 (0xff9ff06f)
core   0: 0x8000b2fc (0x00002f17) auipc   t5, 0x2
core   0: 3 0x8000b2fc (0x00002f17) x30 0x8000d2fc
core   0: 0x8000b300 (0xd03f2223) sw      gp, -764(t5)
core   0: 3 0x8000b300 (0xd03f2223) mem 0x8000d000 0x00000001
core   0: 0x8000b304 (0xff9ff06f) j       pc - 0x8
core   0: 3 0x8000b304 (0xff9ff06f)
core   0: 0x8000b2fc (0x00002f17) auipc   t5, 0x2
core   0: 3 0x8000b2fc (0x00002f17) x30 0x8000d2fc
core   0: 0x8000b300 (0xd03f2223) sw      gp, -764(t5)
core   0: 3 0x8000b300 (0xd03f2223) mem 0x8000d000 0x00000001
core   0: 0x8000b304 (0xff9ff06f) j       pc - 0x8
core   0: 3 0x8000b304 (0xff9ff06f)
core   0: 0x8000b2fc (0x00002f17) auipc   t5, 0x2
core   0: 3 0x8000b2fc (0x00002f17) x30 0x8000d2fc
core   0: 0x8000b300 (0xd03f2223) sw      gp, -764(t5)
core   0: 3 0x8000b300 (0xd03f2223) mem 0x8000d000 0x00000001
core   0: 0x8000b304 (0xff9ff06f) j       pc - 0x8
core   0: 3 0x8000b304 (0xff9ff06f)
core   0: 0x8000b2fc (0x00002f17) auipc   t5, 0x2
core   0: 3 0x8000b2fc (0x00002f17) x30 0x8000d2fc
core   0: 0x8000b300 (0xd03f2223) sw      gp, -764(t5)
core   0: 3 0x8000b300 (0xd03f2223) mem 0x8000d000 0x00000001
core   0: 0x8000b304 (0xff9ff06f) j       pc - 0x8
core   0: 3 0x8000b304 (0xff9ff06f)
core   0: 0x8000b2fc (0x00002f17) auipc   t5, 0x2
core   0: 3 0x8000b2fc (0x00002f17) x30 0x8000d2fc
core   0: 0x8000b300 (0xd03f2223) sw      gp, -764(t5)
core   0: 3 0x8000b300 (0xd03f2223) mem 0x8000d000 0x00000001
core   0: 0x8000b304 (0xff9ff06f) j       pc - 0x8
core   0: 3 0x8000b304 (0xff9ff06f)
core   0: 0x8000b2fc (0x00002f17) auipc   t5, 0x2
core   0: 3 0x8000b2fc (0x00002f17) x30 0x8000d2fc
core   0: 0x8000b300 (0xd03f2223) sw      gp, -764(t5)
core   0: 3 0x8000b300 (0xd03f2223) mem 0x8000d000 0x00000001
core   0: 0x8000b304 (0xff9ff06f) j       pc - 0x8
core   0: 3 0x8000b304 (0xff9ff06f)
core   0: 0x8000b2fc (0x00002f17) auipc   t5, 0x2
core   0: 3 0x8000b2fc (0x00002f17) x30 0x8000d2fc
core   0: 0x8000b300 (0xd03f2223) sw      gp, -764(t5)
core   0: 3 0x8000b300 (0xd03f2223) mem 0x8000d000 0x00000001
core   0: 0x8000b304 (0xff9ff06f) j       pc - 0x8
core   0: 3 0x8000b304 (0xff9ff06f)
core   0: 0x8000b2fc (0x00002f17) auipc   t5, 0x2
core   0: 3 0x8000b2fc (0x00002f17) x30 0x8000d2fc
core   0: 0x8000b300 (0xd03f2223) sw      gp, -764(t5)
core   0: 3 0x8000b300 (0xd03f2223) mem 0x8000d000 0x00000001
core   0: 0x8000b304 (0xff9ff06f) j       pc - 0x8
core   0: 3 0x8000b304 (0xff9ff06f)
core   0: 0x8000b2fc (0x00002f17) auipc   t5, 0x2
core   0: 3 0x8000b2fc (0x00002f17) x30 0x8000d2fc
core   0: 0x8000b300 (0xd03f2223) sw      gp, -764(t5)
core   0: 3 0x8000b300 (0xd03f2223) mem 0x8000d000 0x00000001
core   0: 0x8000b304 (0xff9ff06f) j       pc - 0x8
core   0: 3 0x8000b304 (0xff9ff06f)
core   0: 0x8000b2fc (0x00002f17) auipc   t5, 0x2
core   0: 3 0x8000b2fc (0x00002f17) x30 0x8000d2fc
core   0: 0x8000b300 (0xd03f2223) sw      gp, -764(t5)
core   0: 3 0x8000b300 (0xd03f2223) mem 0x8000d000 0x00000001
core   0: 0x8000b304 (0xff9ff06f) j       pc - 0x8
core   0: 3 0x8000b304 (0xff9ff06f)
core   0: 0x8000b2fc (0x00002f17) auipc   t5, 0x2
core   0: 3 0x8000b2fc (0x00002f17) x30 0x8000d2fc
core   0: 0x8000b300 (0xd03f2223) sw      gp, -764(t5)
core   0: 3 0x8000b300 (0xd03f2223) mem 0x8000d000 0x00000001
core   0: 0x8000b304 (0xff9ff06f) j       pc - 0x8
core   0: 3 0x8000b304 (0xff9ff06f)
core   0: 0x8000b2fc (0x00002f17) auipc   t5, 0x2
core   0: 3 0x8000b2fc (0x00002f17) x30 0x8000d2fc
core   0: 0x8000b300 (0xd03f2223) sw      gp, -764(t5)
core   0: 3 0x8000b300 (0xd03f2223) mem 0x8000d000 0x00000001
core   0: 0x8000b304 (0xff9ff06f) j       pc - 0x8
core   0: 3 0x8000b304 (0xff9ff06f)
core   0: 0x8000b2fc (0x00002f17) auipc   t5, 0x2
core   0: 3 0x8000b2fc (0x00002f17) x30 0x8000d2fc
core   0: 0x8000b300 (0xd03f2223) sw      gp, -764(t5)
core   0: 3 0x8000b300 (0xd03f2223) mem 0x8000d000 0x00000001
core   0: 0x8000b304 (0xff9ff06f) j       pc - 0x8
core   0: 3 0x8000b304 (0xff9ff06f)
core   0: 0x8000b2fc (0x00002f17) auipc   t5, 0x2
core   0: 3 0x8000b2fc (0x00002f17) x30 0x8000d2fc
core   0: 0x8000b300 (0xd03f2223) sw      gp, -764(t5)
core   0: 3 0x8000b300 (0xd03f2223) mem 0x8000d000 0x00000001
core   0: 0x8000b304 (0xff9ff06f) j       pc - 0x8
core   0: 3 0x8000b304 (0xff9ff06f)
core   0: 0x8000b2fc (0x00002f17) auipc   t5, 0x2
core   0: 3 0x8000b2fc (0x00002f17) x30 0x8000d2fc
core   0: 0x8000b300 (0xd03f2223) sw      gp, -764(t5)
core   0: 3 0x8000b300 (0xd03f2223) mem 0x8000d000 0x00000001
core   0: 0x8000b304 (0xff9ff06f) j       pc - 0x8
core   0: 3 0x8000b304 (0xff9ff06f)
core   0: 0x8000b2fc (0x00002f17) auipc   t5, 0x2
core   0: 3 0x8000b2fc (0x00002f17) x30 0x8000d2fc
core   0: 0x8000b300 (0xd03f2223) sw      gp, -764(t5)
core   0: 3 0x8000b300 (0xd03f2223) mem 0x8000d000 0x00000001
core   0: 0x8000b304 (0xff9ff06f) j       pc - 0x8
core   0: 3 0x8000b304 (0xff9ff06f)
core   0: 0x8000b2fc (0x00002f17) auipc   t5, 0x2
core   0: 3 0x8000b2fc (0x00002f17) x30 0x8000d2fc
core   0: 0x8000b300 (0xd03f2223) sw      gp, -764(t5)
core   0: 3 0x8000b300 (0xd03f2223) mem 0x8000d000 0x00000001
core   0: 0x8000b304 (0xff9ff06f) j       pc - 0x8
core   0: 3 0x8000b304 (0xff9ff06f)
core   0: 0x8000b2fc (0x00002f17) auipc   t5, 0x2
core   0: 3 0x8000b2fc (0x00002f17) x30 0x8000d2fc
core   0: 0x8000b300 (0xd03f2223) sw      gp, -764(t5)
core   0: 3 0x8000b300 (0xd03f2223) mem 0x8000d000 0x00000001
core   0: 0x8000b304 (0xff9ff06f) j       pc - 0x8
core   0: 3 0x8000b304 (0xff9ff06f)
core   0: 0x8000b2fc (0x00002f17) auipc   t5, 0x2
core   0: 3 0x8000b2fc (0x00002f17) x30 0x8000d2fc
core   0: 0x8000b300 (0xd03f2223) sw      gp, -764(t5)
core   0: 3 0x8000b300 (0xd03f2223) mem 0x8000d000 0x00000001
core   0: 0x8000b304 (0xff9ff06f) j       pc - 0x8
core   0: 3 0x8000b304 (0xff9ff06f)
core   0: 0x8000b2fc (0x00002f17) auipc   t5, 0x2
core   0: 3 0x8000b2fc (0x00002f17) x30 0x8000d2fc
core   0: 0x8000b300 (0xd03f2223) sw      gp, -764(t5)
core   0: 3 0x8000b300 (0xd03f2223) mem 0x8000d000 0x00000001
core   0: 0x8000b304 (0xff9ff06f) j       pc - 0x8
core   0: 3 0x8000b304 (0xff9ff06f)
core   0: 0x8000b2fc (0x00002f17) auipc   t5, 0x2
core   0: 3 0x8000b2fc (0x00002f17) x30 0x8000d2fc
core   0: 0x8000b300 (0xd03f2223) sw      gp, -764(t5)
core   0: 3 0x8000b300 (0xd03f2223) mem 0x8000d000 0x00000001
core   0: 0x8000b304 (0xff9ff06f) j       pc - 0x8
core   0: 3 0x8000b304 (0xff9ff06f)
core   0: 0x8000b2fc (0x00002f17) auipc   t5, 0x2
core   0: 3 0x8000b2fc (0x00002f17) x30 0x8000d2fc
core   0: 0x8000b300 (0xd03f2223) sw      gp, -764(t5)
core   0: 3 0x8000b300 (0xd03f2223) mem 0x8000d000 0x00000001
core   0: 0x8000b304 (0xff9ff06f) j       pc - 0x8
core   0: 3 0x8000b304 (0xff9ff06f)
core   0: 0x8000b2fc (0x00002f17) auipc   t5, 0x2
core   0: 3 0x8000b2fc (0x00002f17) x30 0x8000d2fc
core   0: 0x8000b300 (0xd03f2223) sw      gp, -764(t5)
core   0: 3 0x8000b300 (0xd03f2223) mem 0x8000d000 0x00000001
core   0: 0x8000b304 (0xff9ff06f) j       pc - 0x8
core   0: 3 0x8000b304 (0xff9ff06f)
core   0: 0x8000b2fc (0x00002f17) auipc   t5, 0x2
core   0: 3 0x8000b2fc (0x00002f17) x30 0x8000d2fc
core   0: 0x8000b300 (0xd03f2223) sw      gp, -764(t5)
core   0: 3 0x8000b300 (0xd03f2223) mem 0x8000d000 0x00000001
core   0: 0x8000b304 (0xff9ff06f) j       pc - 0x8
core   0: 3 0x8000b304 (0xff9ff06f)
core   0: 0x8000b2fc (0x00002f17) auipc   t5, 0x2
core   0: 3 0x8000b2fc (0x00002f17) x30 0x8000d2fc
core   0: 0x8000b300 (0xd03f2223) sw      gp, -764(t5)
core   0: 3 0x8000b300 (0xd03f2223) mem 0x8000d000 0x00000001
core   0: 0x8000b304 (0xff9ff06f) j       pc - 0x8
core   0: 3 0x8000b304 (0xff9ff06f)
core   0: 0x8000b2fc (0x00002f17) auipc   t5, 0x2
core   0: 3 0x8000b2fc (0x00002f17) x30 0x8000d2fc
core   0: 0x8000b300 (0xd03f2223) sw      gp, -764(t5)
core   0: 3 0x8000b300 (0xd03f2223) mem 0x8000d000 0x00000001
core   0: 0x8000b304 (0xff9ff06f) j       pc - 0x8
core   0: 3 0x8000b304 (0xff9ff06f)
core   0: 0x8000b2fc (0x00002f17) auipc   t5, 0x2
core   0: 3 0x8000b2fc (0x00002f17) x30 0x8000d2fc
core   0: 0x8000b300 (0xd03f2223) sw      gp, -764(t5)
core   0: 3 0x8000b300 (0xd03f2223) mem 0x8000d000 0x00000001
core   0: 0x8000b304 (0xff9ff06f) j       pc - 0x8
core   0: 3 0x8000b304 (0xff9ff06f)
core   0: 0x8000b2fc (0x00002f17) auipc   t5, 0x2
core   0: 3 0x8000b2fc (0x00002f17) x30 0x8000d2fc
core   0: 0x8000b300 (0xd03f2223) sw      gp, -764(t5)
core   0: 3 0x8000b300 (0xd03f2223) mem 0x8000d000 0x00000001
core   0: 0x8000b304 (0xff9ff06f) j       pc - 0x8
core   0: 3 0x8000b304 (0xff9ff06f)
core   0: 0x8000b2fc (0x00002f17) auipc   t5, 0x2
core   0: 3 0x8000b2fc (0x00002f17) x30 0x8000d2fc
core   0: 0x8000b300 (0xd03f2223) sw      gp, -764(t5)
core   0: 3 0x8000b300 (0xd03f2223) mem 0x8000d000 0x00000001
core   0: 0x8000b304 (0xff9ff06f) j       pc - 0x8
core   0: 3 0x8000b304 (0xff9ff06f)
core   0: 0x8000b2fc (0x00002f17) auipc   t5, 0x2
core   0: 3 0x8000b2fc (0x00002f17) x30 0x8000d2fc
core   0: 0x8000b300 (0xd03f2223) sw      gp, -764(t5)
core   0: 3 0x8000b300 (0xd03f2223) mem 0x8000d000 0x00000001
core   0: 0x8000b304 (0xff9ff06f) j       pc - 0x8
core   0: 3 0x8000b304 (0xff9ff06f)
core   0: 0x8000b2fc (0x00002f17) auipc   t5, 0x2
core   0: 3 0x8000b2fc (0x00002f17) x30 0x8000d2fc
core   0: 0x8000b300 (0xd03f2223) sw      gp, -764(t5)
core   0: 3 0x8000b300 (0xd03f2223) mem 0x8000d000 0x00000001
core   0: 0x8000b304 (0xff9ff06f) j       pc - 0x8
core   0: 3 0x8000b304 (0xff9ff06f)
core   0: 0x8000b2fc (0x00002f17) auipc   t5, 0x2
core   0: 3 0x8000b2fc (0x00002f17) x30 0x8000d2fc
core   0: 0x8000b300 (0xd03f2223) sw      gp, -764(t5)
core   0: 3 0x8000b300 (0xd03f2223) mem 0x8000d000 0x00000001
core   0: 0x8000b304 (0xff9ff06f) j       pc - 0x8
core   0: 3 0x8000b304 (0xff9ff06f)
core   0: 0x8000b2fc (0x00002f17) auipc   t5, 0x2
core   0: 3 0x8000b2fc (0x00002f17) x30 0x8000d2fc
core   0: 0x8000b300 (0xd03f2223) sw      gp, -764(t5)
core   0: 3 0x8000b300 (0xd03f2223) mem 0x8000d000 0x00000001
core   0: 0x8000b304 (0xff9ff06f) j       pc - 0x8
core   0: 3 0x8000b304 (0xff9ff06f)
core   0: 0x8000b2fc (0x00002f17) auipc   t5, 0x2
core   0: 3 0x8000b2fc (0x00002f17) x30 0x8000d2fc
core   0: 0x8000b300 (0xd03f2223) sw      gp, -764(t5)
core   0: 3 0x8000b300 (0xd03f2223) mem 0x8000d000 0x00000001
core   0: 0x8000b304 (0xff9ff06f) j       pc - 0x8
core   0: 3 0x8000b304 (0xff9ff06f)
core   0: 0x8000b2fc (0x00002f17) auipc   t5, 0x2
core   0: 3 0x8000b2fc (0x00002f17) x30 0x8000d2fc
core   0: 0x8000b300 (0xd03f2223) sw      gp, -764(t5)
core   0: 3 0x8000b300 (0xd03f2223) mem 0x8000d000 0x00000001
core   0: 0x8000b304 (0xff9ff06f) j       pc - 0x8
core   0: 3 0x8000b304 (0xff9ff06f)
core   0: 0x8000b2fc (0x00002f17) auipc   t5, 0x2
core   0: 3 0x8000b2fc (0x00002f17) x30 0x8000d2fc
core   0: 0x8000b300 (0xd03f2223) sw      gp, -764(t5)
core   0: 3 0x8000b300 (0xd03f2223) mem 0x8000d000 0x00000001
core   0: 0x8000b304 (0xff9ff06f) j       pc - 0x8
core   0: 3 0x8000b304 (0xff9ff06f)
core   0: 0x8000b2fc (0x00002f17) auipc   t5, 0x2
core   0: 3 0x8000b2fc (0x00002f17) x30 0x8000d2fc
core   0: 0x8000b300 (0xd03f2223) sw      gp, -764(t5)
core   0: 3 0x8000b300 (0xd03f2223) mem 0x8000d000 0x00000001
core   0: 0x8000b304 (0xff9ff06f) j       pc - 0x8
core   0: 3 0x8000b304 (0xff9ff06f)
core   0: 0x8000b2fc (0x00002f17) auipc   t5, 0x2
core   0: 3 0x8000b2fc (0x00002f17) x30 0x8000d2fc
core   0: 0x8000b300 (0xd03f2223) sw      gp, -764(t5)
core   0: 3 0x8000b300 (0xd03f2223) mem 0x8000d000 0x00000001
core   0: 0x8000b304 (0xff9ff06f) j       pc - 0x8
core   0: 3 0x8000b304 (0xff9ff06f)
core   0: 0x8000b2fc (0x00002f17) auipc   t5, 0x2
core   0: 3 0x8000b2fc (0x00002f17) x30 0x8000d2fc
core   0: 0x8000b300 (0xd03f2223) sw      gp, -764(t5)
core   0: 3 0x8000b300 (0xd03f2223) mem 0x8000d000 0x00000001
core   0: 0x8000b304 (0xff9ff06f) j       pc - 0x8
core   0: 3 0x8000b304 (0xff9ff06f)
core   0: 0x8000b2fc (0x00002f17) auipc   t5, 0x2
core   0: 3 0x8000b2fc (0x00002f17) x30 0x8000d2fc
core   0: 0x8000b300 (0xd03f2223) sw      gp, -764(t5)
core   0: 3 0x8000b300 (0xd03f2223) mem 0x8000d000 0x00000001
core   0: 0x8000b304 (0xff9ff06f) j       pc - 0x8
core   0: 3 0x8000b304 (0xff9ff06f)
core   0: 0x8000b2fc (0x00002f17) auipc   t5, 0x2
core   0: 3 0x8000b2fc (0x00002f17) x30 0x8000d2fc
core   0: 0x8000b300 (0xd03f2223) sw      gp, -764(t5)
core   0: 3 0x8000b300 (0xd03f2223) mem 0x8000d000 0x00000001
core   0: 0x8000b304 (0xff9ff06f) j       pc - 0x8
core   0: 3 0x8000b304 (0xff9ff06f)
core   0: 0x8000b2fc (0x00002f17) auipc   t5, 0x2
core   0: 3 0x8000b2fc (0x00002f17) x30 0x8000d2fc
core   0: 0x8000b300 (0xd03f2223) sw      gp, -764(t5)
core   0: 3 0x8000b300 (0xd03f2223) mem 0x8000d000 0x00000001
core   0: 0x8000b304 (0xff9ff06f) j       pc - 0x8
core   0: 3 0x8000b304 (0xff9ff06f)
core   0: 0x8000b2fc (0x00002f17) auipc   t5, 0x2
core   0: 3 0x8000b2fc (0x00002f17) x30 0x8000d2fc
core   0: 0x8000b300 (0xd03f2223) sw      gp, -764(t5)
core   0: 3 0x8000b300 (0xd03f2223) mem 0x8000d000 0x00000001
core   0: 0x8000b304 (0xff9ff06f) j       pc - 0x8
core   0: 3 0x8000b304 (0xff9ff06f)
core   0: 0x8000b2fc (0x00002f17) auipc   t5, 0x2
core   0: 3 0x8000b2fc (0x00002f17) x30 0x8000d2fc
core   0: 0x8000b300 (0xd03f2223) sw      gp, -764(t5)
core   0: 3 0x8000b300 (0xd03f2223) mem 0x8000d000 0x00000001
core   0: 0x8000b304 (0xff9ff06f) j       pc - 0x8
core   0: 3 0x8000b304 (0xff9ff06f)
core   0: 0x8000b2fc (0x00002f17) auipc   t5, 0x2
core   0: 3 0x8000b2fc (0x00002f17) x30 0x8000d2fc
core   0: 0x8000b300 (0xd03f2223) sw      gp, -764(t5)
core   0: 3 0x8000b300 (0xd03f2223) mem 0x8000d000 0x00000001
core   0: 0x8000b304 (0xff9ff06f) j       pc - 0x8
core   0: 3 0x8000b304 (0xff9ff06f)
core   0: 0x8000b2fc (0x00002f17) auipc   t5, 0x2
core   0: 3 0x8000b2fc (0x00002f17) x30 0x8000d2fc
core   0: 0x8000b300 (0xd03f2223) sw      gp, -764(t5)
core   0: 3 0x8000b300 (0xd03f2223) mem 0x8000d000 0x00000001
core   0: 0x8000b304 (0xff9ff06f) j       pc - 0x8
core   0: 3 0x8000b304 (0xff9ff06f)
core   0: 0x8000b2fc (0x00002f17) auipc   t5, 0x2
core   0: 3 0x8000b2fc (0x00002f17) x30 0x8000d2fc
core   0: 0x8000b300 (0xd03f2223) sw      gp, -764(t5)
core   0: 3 0x8000b300 (0xd03f2223) mem 0x8000d000 0x00000001
core   0: 0x8000b304 (0xff9ff06f) j       pc - 0x8
core   0: 3 0x8000b304 (0xff9ff06f)
core   0: 0x8000b2fc (0x00002f17) auipc   t5, 0x2
core   0: 3 0x8000b2fc (0x00002f17) x30 0x8000d2fc
core   0: 0x8000b300 (0xd03f2223) sw      gp, -764(t5)
core   0: 3 0x8000b300 (0xd03f2223) mem 0x8000d000 0x00000001
core   0: 0x8000b304 (0xff9ff06f) j       pc - 0x8
core   0: 3 0x8000b304 (0xff9ff06f)
core   0: 0x8000b2fc (0x00002f17) auipc   t5, 0x2
core   0: 3 0x8000b2fc (0x00002f17) x30 0x8000d2fc
core   0: 0x8000b300 (0xd03f2223) sw      gp, -764(t5)
core   0: 3 0x8000b300 (0xd03f2223) mem 0x8000d000 0x00000001
core   0: 0x8000b304 (0xff9ff06f) j       pc - 0x8
core   0: 3 0x8000b304 (0xff9ff06f)
core   0: 0x8000b2fc (0x00002f17) auipc   t5, 0x2
core   0: 3 0x8000b2fc (0x00002f17) x30 0x8000d2fc
core   0: 0x8000b300 (0xd03f2223) sw      gp, -764(t5)
core   0: 3 0x8000b300 (0xd03f2223) mem 0x8000d000 0x00000001
core   0: 0x8000b304 (0xff9ff06f) j       pc - 0x8
core   0: 3 0x8000b304 (0xff9ff06f)
core   0: 0x8000b2fc (0x00002f17) auipc   t5, 0x2
core   0: 3 0x8000b2fc (0x00002f17) x30 0x8000d2fc
core   0: 0x8000b300 (0xd03f2223) sw      gp, -764(t5)
core   0: 3 0x8000b300 (0xd03f2223) mem 0x8000d000 0x00000001
core   0: 0x8000b304 (0xff9ff06f) j       pc - 0x8
core   0: 3 0x8000b304 (0xff9ff06f)
core   0: 0x8000b2fc (0x00002f17) auipc   t5, 0x2
core   0: 3 0x8000b2fc (0x00002f17) x30 0x8000d2fc
core   0: 0x8000b300 (0xd03f2223) sw      gp, -764(t5)
core   0: 3 0x8000b300 (0xd03f2223) mem 0x8000d000 0x00000001
core   0: 0x8000b304 (0xff9ff06f) j       pc - 0x8
core   0: 3 0x8000b304 (0xff9ff06f)
core   0: 0x8000b2fc (0x00002f17) auipc   t5, 0x2
core   0: 3 0x8000b2fc (0x00002f17) x30 0x8000d2fc
core   0: 0x8000b300 (0xd03f2223) sw      gp, -764(t5)
core   0: 3 0x8000b300 (0xd03f2223) mem 0x8000d000 0x00000001
core   0: 0x8000b304 (0xff9ff06f) j       pc - 0x8
core   0: 3 0x8000b304 (0xff9ff06f)
core   0: 0x8000b2fc (0x00002f17) auipc   t5, 0x2
core   0: 3 0x8000b2fc (0x00002f17) x30 0x8000d2fc
core   0: 0x8000b300 (0xd03f2223) sw      gp, -764(t5)
core   0: 3 0x8000b300 (0xd03f2223) mem 0x8000d000 0x00000001
core   0: 0x8000b304 (0xff9ff06f) j       pc - 0x8
core   0: 3 0x8000b304 (0xff9ff06f)
core   0: 0x8000b2fc (0x00002f17) auipc   t5, 0x2
core   0: 3 0x8000b2fc (0x00002f17) x30 0x8000d2fc
core   0: 0x8000b300 (0xd03f2223) sw      gp, -764(t5)
core   0: 3 0x8000b300 (0xd03f2223) mem 0x8000d000 0x00000001
core   0: 0x8000b304 (0xff9ff06f) j       pc - 0x8
core   0: 3 0x8000b304 (0xff9ff06f)
core   0: 0x8000b2fc (0x00002f17) auipc   t5, 0x2
core   0: 3 0x8000b2fc (0x00002f17) x30 0x8000d2fc
core   0: 0x8000b300 (0xd03f2223) sw      gp, -764(t5)
core   0: 3 0x8000b300 (0xd03f2223) mem 0x8000d000 0x00000001
core   0: 0x8000b304 (0xff9ff06f) j       pc - 0x8
core   0: 3 0x8000b304 (0xff9ff06f)
core   0: 0x8000b2fc (0x00002f17) auipc   t5, 0x2
core   0: 3 0x8000b2fc (0x00002f17) x30 0x8000d2fc
core   0: 0x8000b300 (0xd03f2223) sw      gp, -764(t5)
core   0: 3 0x8000b300 (0xd03f2223) mem 0x8000d000 0x00000001
core   0: 0x8000b304 (0xff9ff06f) j       pc - 0x8
core   0: 3 0x8000b304 (0xff9ff06f)
core   0: 0x8000b2fc (0x00002f17) auipc   t5, 0x2
core   0: 3 0x8000b2fc (0x00002f17) x30 0x8000d2fc
core   0: 0x8000b300 (0xd03f2223) sw      gp, -764(t5)
core   0: 3 0x8000b300 (0xd03f2223) mem 0x8000d000 0x00000001
core   0: 0x8000b304 (0xff9ff06f) j       pc - 0x8
core   0: 3 0x8000b304 (0xff9ff06f)
core   0: 0x8000b2fc (0x00002f17) auipc   t5, 0x2
core   0: 3 0x8000b2fc (0x00002f17) x30 0x8000d2fc
core   0: 0x8000b300 (0xd03f2223) sw      gp, -764(t5)
core   0: 3 0x8000b300 (0xd03f2223) mem 0x8000d000 0x00000001
core   0: 0x8000b304 (0xff9ff06f) j       pc - 0x8
core   0: 3 0x8000b304 (0xff9ff06f)
core   0: 0x8000b2fc (0x00002f17) auipc   t5, 0x2
core   0: 3 0x8000b2fc (0x00002f17) x30 0x8000d2fc
core   0: 0x8000b300 (0xd03f2223) sw      gp, -764(t5)
core   0: 3 0x8000b300 (0xd03f2223) mem 0x8000d000 0x00000001
core   0: 0x8000b304 (0xff9ff06f) j       pc - 0x8
core   0: 3 0x8000b304 (0xff9ff06f)
core   0: 0x8000b2fc (0x00002f17) auipc   t5, 0x2
core   0: 3 0x8000b2fc (0x00002f17) x30 0x8000d2fc
core   0: 0x8000b300 (0xd03f2223) sw      gp, -764(t5)
core   0: 3 0x8000b300 (0xd03f2223) mem 0x8000d000 0x00000001
core   0: 0x8000b304 (0xff9ff06f) j       pc - 0x8
core   0: 3 0x8000b304 (0xff9ff06f)
core   0: 0x8000b2fc (0x00002f17) auipc   t5, 0x2
core   0: 3 0x8000b2fc (0x00002f17) x30 0x8000d2fc
core   0: 0x8000b300 (0xd03f2223) sw      gp, -764(t5)
core   0: 3 0x8000b300 (0xd03f2223) mem 0x8000d000 0x00000001
core   0: 0x8000b304 (0xff9ff06f) j       pc - 0x8
core   0: 3 0x8000b304 (0xff9ff06f)
core   0: 0x8000b2fc (0x00002f17) auipc   t5, 0x2
core   0: 3 0x8000b2fc (0x00002f17) x30 0x8000d2fc
core   0: 0x8000b300 (0xd03f2223) sw      gp, -764(t5)
core   0: 3 0x8000b300 (0xd03f2223) mem 0x8000d000 0x00000001
core   0: 0x8000b304 (0xff9ff06f) j       pc - 0x8
core   0: 3 0x8000b304 (0xff9ff06f)
core   0: 0x8000b2fc (0x00002f17) auipc   t5, 0x2
core   0: 3 0x8000b2fc (0x00002f17) x30 0x8000d2fc
core   0: 0x8000b300 (0xd03f2223) sw      gp, -764(t5)
core   0: 3 0x8000b300 (0xd03f2223) mem 0x8000d000 0x00000001
core   0: 0x8000b304 (0xff9ff06f) j       pc - 0x8
core   0: 3 0x8000b304 (0xff9ff06f)
core   0: 0x8000b2fc (0x00002f17) auipc   t5, 0x2
core   0: 3 0x8000b2fc (0x00002f17) x30 0x8000d2fc
core   0: 0x8000b300 (0xd03f2223) sw      gp, -764(t5)
core   0: 3 0x8000b300 (0xd03f2223) mem 0x8000d000 0x00000001
core   0: 0x8000b304 (0xff9ff06f) j       pc - 0x8
core   0: 3 0x8000b304 (0xff9ff06f)
core   0: 0x8000b2fc (0x00002f17) auipc   t5, 0x2
core   0: 3 0x8000b2fc (0x00002f17) x30 0x8000d2fc
core   0: 0x8000b300 (0xd03f2223) sw      gp, -764(t5)
core   0: 3 0x8000b300 (0xd03f2223) mem 0x8000d000 0x00000001
core   0: 0x8000b304 (0xff9ff06f) j       pc - 0x8
core   0: 3 0x8000b304 (0xff9ff06f)
core   0: 0x8000b2fc (0x00002f17) auipc   t5, 0x2
core   0: 3 0x8000b2fc (0x00002f17) x30 0x8000d2fc
core   0: 0x8000b300 (0xd03f2223) sw      gp, -764(t5)
core   0: 3 0x8000b300 (0xd03f2223) mem 0x8000d000 0x00000001
core   0: 0x8000b304 (0xff9ff06f) j       pc - 0x8
core   0: 3 0x8000b304 (0xff9ff06f)
core   0: 0x8000b2fc (0x00002f17) auipc   t5, 0x2
core   0: 3 0x8000b2fc (0x00002f17) x30 0x8000d2fc
core   0: 0x8000b300 (0xd03f2223) sw      gp, -764(t5)
core   0: 3 0x8000b300 (0xd03f2223) mem 0x8000d000 0x00000001
core   0: 0x8000b304 (0xff9ff06f) j       pc - 0x8
core   0: 3 0x8000b304 (0xff9ff06f)
core   0: 0x8000b2fc (0x00002f17) auipc   t5, 0x2
core   0: 3 0x8000b2fc (0x00002f17) x30 0x8000d2fc
core   0: 0x8000b300 (0xd03f2223) sw      gp, -764(t5)
core   0: 3 0x8000b300 (0xd03f2223) mem 0x8000d000 0x00000001
core   0: 0x8000b304 (0xff9ff06f) j       pc - 0x8
core   0: 3 0x8000b304 (0xff9ff06f)
core   0: 0x8000b2fc (0x00002f17) auipc   t5, 0x2
core   0: 3 0x8000b2fc (0x00002f17) x30 0x8000d2fc
core   0: 0x8000b300 (0xd03f2223) sw      gp, -764(t5)
core   0: 3 0x8000b300 (0xd03f2223) mem 0x8000d000 0x00000001
core   0: 0x8000b304 (0xff9ff06f) j       pc - 0x8
core   0: 3 0x8000b304 (0xff9ff06f)
core   0: 0x8000b2fc (0x00002f17) auipc   t5, 0x2
core   0: 3 0x8000b2fc (0x00002f17) x30 0x8000d2fc
core   0: 0x8000b300 (0xd03f2223) sw      gp, -764(t5)
core   0: 3 0x8000b300 (0xd03f2223) mem 0x8000d000 0x00000001
core   0: 0x8000b304 (0xff9ff06f) j       pc - 0x8
core   0: 3 0x8000b304 (0xff9ff06f)
core   0: 0x8000b2fc (0x00002f17) auipc   t5, 0x2
core   0: 3 0x8000b2fc (0x00002f17) x30 0x8000d2fc
core   0: 0x8000b300 (0xd03f2223) sw      gp, -764(t5)
core   0: 3 0x8000b300 (0xd03f2223) mem 0x8000d000 0x00000001
core   0: 0x8000b304 (0xff9ff06f) j       pc - 0x8
core   0: 3 0x8000b304 (0xff9ff06f)
core   0: 0x8000b2fc (0x00002f17) auipc   t5, 0x2
core   0: 3 0x8000b2fc (0x00002f17) x30 0x8000d2fc
core   0: 0x8000b300 (0xd03f2223) sw      gp, -764(t5)
core   0: 3 0x8000b300 (0xd03f2223) mem 0x8000d000 0x00000001
core   0: 0x8000b304 (0xff9ff06f) j       pc - 0x8
core   0: 3 0x8000b304 (0xff9ff06f)
core   0: 0x8000b2fc (0x00002f17) auipc   t5, 0x2
core   0: 3 0x8000b2fc (0x00002f17) x30 0x8000d2fc
core   0: 0x8000b300 (0xd03f2223) sw      gp, -764(t5)
core   0: 3 0x8000b300 (0xd03f2223) mem 0x8000d000 0x00000001
core   0: 0x8000b304 (0xff9ff06f) j       pc - 0x8
core   0: 3 0x8000b304 (0xff9ff06f)
core   0: 0x8000b2fc (0x00002f17) auipc   t5, 0x2
core   0: 3 0x8000b2fc (0x00002f17) x30 0x8000d2fc
core   0: 0x8000b300 (0xd03f2223) sw      gp, -764(t5)
core   0: 3 0x8000b300 (0xd03f2223) mem 0x8000d000 0x00000001
core   0: 0x8000b304 (0xff9ff06f) j       pc - 0x8
core   0: 3 0x8000b304 (0xff9ff06f)
core   0: 0x8000b2fc (0x00002f17) auipc   t5, 0x2
core   0: 3 0x8000b2fc (0x00002f17) x30 0x8000d2fc
core   0: 0x8000b300 (0xd03f2223) sw      gp, -764(t5)
core   0: 3 0x8000b300 (0xd03f2223) mem 0x8000d000 0x00000001
core   0: 0x8000b304 (0xff9ff06f) j       pc - 0x8
core   0: 3 0x8000b304 (0xff9ff06f)
core   0: 0x8000b2fc (0x00002f17) auipc   t5, 0x2
core   0: 3 0x8000b2fc (0x00002f17) x30 0x8000d2fc
core   0: 0x8000b300 (0xd03f2223) sw      gp, -764(t5)
core   0: 3 0x8000b300 (0xd03f2223) mem 0x8000d000 0x00000001
core   0: 0x8000b304 (0xff9ff06f) j       pc - 0x8
core   0: 3 0x8000b304 (0xff9ff06f)
core   0: 0x8000b2fc (0x00002f17) auipc   t5, 0x2
core   0: 3 0x8000b2fc (0x00002f17) x30 0x8000d2fc
core   0: 0x8000b300 (0xd03f2223) sw      gp, -764(t5)
core   0: 3 0x8000b300 (0xd03f2223) mem 0x8000d000 0x00000001
core   0: 0x8000b304 (0xff9ff06f) j       pc - 0x8
core   0: 3 0x8000b304 (0xff9ff06f)
core   0: 0x8000b2fc (0x00002f17) auipc   t5, 0x2
core   0: 3 0x8000b2fc (0x00002f17) x30 0x8000d2fc
core   0: 0x8000b300 (0xd03f2223) sw      gp, -764(t5)
core   0: 3 0x8000b300 (0xd03f2223) mem 0x8000d000 0x00000001
core   0: 0x8000b304 (0xff9ff06f) j       pc - 0x8
core   0: 3 0x8000b304 (0xff9ff06f)
core   0: 0x8000b2fc (0x00002f17) auipc   t5, 0x2
core   0: 3 0x8000b2fc (0x00002f17) x30 0x8000d2fc
core   0: 0x8000b300 (0xd03f2223) sw      gp, -764(t5)
core   0: 3 0x8000b300 (0xd03f2223) mem 0x8000d000 0x00000001
core   0: 0x8000b304 (0xff9ff06f) j       pc - 0x8
core   0: 3 0x8000b304 (0xff9ff06f)
core   0: 0x8000b2fc (0x00002f17) auipc   t5, 0x2
core   0: 3 0x8000b2fc (0x00002f17) x30 0x8000d2fc
core   0: 0x8000b300 (0xd03f2223) sw      gp, -764(t5)
core   0: 3 0x8000b300 (0xd03f2223) mem 0x8000d000 0x00000001
core   0: 0x8000b304 (0xff9ff06f) j       pc - 0x8
core   0: 3 0x8000b304 (0xff9ff06f)
core   0: 0x8000b2fc (0x00002f17) auipc   t5, 0x2
core   0: 3 0x8000b2fc (0x00002f17) x30 0x8000d2fc
core   0: 0x8000b300 (0xd03f2223) sw      gp, -764(t5)
core   0: 3 0x8000b300 (0xd03f2223) mem 0x8000d000 0x00000001
core   0: 0x8000b304 (0xff9ff06f) j       pc - 0x8
core   0: 3 0x8000b304 (0xff9ff06f)
core   0: 0x8000b2fc (0x00002f17) auipc   t5, 0x2
core   0: 3 0x8000b2fc (0x00002f17) x30 0x8000d2fc
core   0: 0x8000b300 (0xd03f2223) sw      gp, -764(t5)
core   0: 3 0x8000b300 (0xd03f2223) mem 0x8000d000 0x00000001
core   0: 0x8000b304 (0xff9ff06f) j       pc - 0x8
core   0: 3 0x8000b304 (0xff9ff06f)
core   0: 0x8000b2fc (0x00002f17) auipc   t5, 0x2
core   0: 3 0x8000b2fc (0x00002f17) x30 0x8000d2fc
core   0: 0x8000b300 (0xd03f2223) sw      gp, -764(t5)
core   0: 3 0x8000b300 (0xd03f2223) mem 0x8000d000 0x00000001
core   0: 0x8000b304 (0xff9ff06f) j       pc - 0x8
core   0: 3 0x8000b304 (0xff9ff06f)
core   0: 0x8000b2fc (0x00002f17) auipc   t5, 0x2
core   0: 3 0x8000b2fc (0x00002f17) x30 0x8000d2fc
core   0: 0x8000b300 (0xd03f2223) sw      gp, -764(t5)
core   0: 3 0x8000b300 (0xd03f2223) mem 0x8000d000 0x00000001
core   0: 0x8000b304 (0xff9ff06f) j       pc - 0x8
core   0: 3 0x8000b304 (0xff9ff06f)
core   0: 0x8000b2fc (0x00002f17) auipc   t5, 0x2
core   0: 3 0x8000b2fc (0x00002f17) x30 0x8000d2fc
core   0: 0x8000b300 (0xd03f2223) sw      gp, -764(t5)
core   0: 3 0x8000b300 (0xd03f2223) mem 0x8000d000 0x00000001
core   0: 0x8000b304 (0xff9ff06f) j       pc - 0x8
core   0: 3 0x8000b304 (0xff9ff06f)
core   0: 0x8000b2fc (0x00002f17) auipc   t5, 0x2
core   0: 3 0x8000b2fc (0x00002f17) x30 0x8000d2fc
core   0: 0x8000b300 (0xd03f2223) sw      gp, -764(t5)
core   0: 3 0x8000b300 (0xd03f2223) mem 0x8000d000 0x00000001
core   0: 0x8000b304 (0xff9ff06f) j       pc - 0x8
core   0: 3 0x8000b304 (0xff9ff06f)
core   0: 0x8000b2fc (0x00002f17) auipc   t5, 0x2
core   0: 3 0x8000b2fc (0x00002f17) x30 0x8000d2fc
core   0: 0x8000b300 (0xd03f2223) sw      gp, -764(t5)
core   0: 3 0x8000b300 (0xd03f2223) mem 0x8000d000 0x00000001
core   0: 0x8000b304 (0xff9ff06f) j       pc - 0x8
core   0: 3 0x8000b304 (0xff9ff06f)
core   0: 0x8000b2fc (0x00002f17) auipc   t5, 0x2
core   0: 3 0x8000b2fc (0x00002f17) x30 0x8000d2fc
core   0: 0x8000b300 (0xd03f2223) sw      gp, -764(t5)
core   0: 3 0x8000b300 (0xd03f2223) mem 0x8000d000 0x00000001
core   0: 0x8000b304 (0xff9ff06f) j       pc - 0x8
core   0: 3 0x8000b304 (0xff9ff06f)
core   0: 0x8000b2fc (0x00002f17) auipc   t5, 0x2
core   0: 3 0x8000b2fc (0x00002f17) x30 0x8000d2fc
core   0: 0x8000b300 (0xd03f2223) sw      gp, -764(t5)
core   0: 3 0x8000b300 (0xd03f2223) mem 0x8000d000 0x00000001
core   0: 0x8000b304 (0xff9ff06f) j       pc - 0x8
core   0: 3 0x8000b304 (0xff9ff06f)
core   0: 0x8000b2fc (0x00002f17) auipc   t5, 0x2
core   0: 3 0x8000b2fc (0x00002f17) x30 0x8000d2fc
core   0: 0x8000b300 (0xd03f2223) sw      gp, -764(t5)
core   0: 3 0x8000b300 (0xd03f2223) mem 0x8000d000 0x00000001
core   0: 0x8000b304 (0xff9ff06f) j       pc - 0x8
core   0: 3 0x8000b304 (0xff9ff06f)
core   0: 0x8000b2fc (0x00002f17) auipc   t5, 0x2
core   0: 3 0x8000b2fc (0x00002f17) x30 0x8000d2fc
core   0: 0x8000b300 (0xd03f2223) sw      gp, -764(t5)
core   0: 3 0x8000b300 (0xd03f2223) mem 0x8000d000 0x00000001
core   0: 0x8000b304 (0xff9ff06f) j       pc - 0x8
core   0: 3 0x8000b304 (0xff9ff06f)
core   0: 0x8000b2fc (0x00002f17) auipc   t5, 0x2
core   0: 3 0x8000b2fc (0x00002f17) x30 0x8000d2fc
core   0: 0x8000b300 (0xd03f2223) sw      gp, -764(t5)
core   0: 3 0x8000b300 (0xd03f2223) mem 0x8000d000 0x00000001
core   0: 0x8000b304 (0xff9ff06f) j       pc - 0x8
core   0: 3 0x8000b304 (0xff9ff06f)
core   0: 0x8000b2fc (0x00002f17) auipc   t5, 0x2
core   0: 3 0x8000b2fc (0x00002f17) x30 0x8000d2fc
core   0: 0x8000b300 (0xd03f2223) sw      gp, -764(t5)
core   0: 3 0x8000b300 (0xd03f2223) mem 0x8000d000 0x00000001
core   0: 0x8000b304 (0xff9ff06f) j       pc - 0x8
core   0: 3 0x8000b304 (0xff9ff06f)
core   0: 0x8000b2fc (0x00002f17) auipc   t5, 0x2
core   0: 3 0x8000b2fc (0x00002f17) x30 0x8000d2fc
core   0: 0x8000b300 (0xd03f2223) sw      gp, -764(t5)
core   0: 3 0x8000b300 (0xd03f2223) mem 0x8000d000 0x00000001
core   0: 0x8000b304 (0xff9ff06f) j       pc - 0x8
core   0: 3 0x8000b304 (0xff9ff06f)
core   0: 0x8000b2fc (0x00002f17) auipc   t5, 0x2
core   0: 3 0x8000b2fc (0x00002f17) x30 0x8000d2fc
core   0: 0x8000b300 (0xd03f2223) sw      gp, -764(t5)
core   0: 3 0x8000b300 (0xd03f2223) mem 0x8000d000 0x00000001
core   0: 0x8000b304 (0xff9ff06f) j       pc - 0x8
core   0: 3 0x8000b304 (0xff9ff06f)
core   0: 0x8000b2fc (0x00002f17) auipc   t5, 0x2
core   0: 3 0x8000b2fc (0x00002f17) x30 0x8000d2fc
core   0: 0x8000b300 (0xd03f2223) sw      gp, -764(t5)
core   0: 3 0x8000b300 (0xd03f2223) mem 0x8000d000 0x00000001
core   0: 0x8000b304 (0xff9ff06f) j       pc - 0x8
core   0: 3 0x8000b304 (0xff9ff06f)
core   0: 0x8000b2fc (0x00002f17) auipc   t5, 0x2
core   0: 3 0x8000b2fc (0x00002f17) x30 0x8000d2fc
core   0: 0x8000b300 (0xd03f2223) sw      gp, -764(t5)
core   0: 3 0x8000b300 (0xd03f2223) mem 0x8000d000 0x00000001
core   0: 0x8000b304 (0xff9ff06f) j       pc - 0x8
core   0: 3 0x8000b304 (0xff9ff06f)
core   0: 0x8000b2fc (0x00002f17) auipc   t5, 0x2
core   0: 3 0x8000b2fc (0x00002f17) x30 0x8000d2fc
core   0: 0x8000b300 (0xd03f2223) sw      gp, -764(t5)
core   0: 3 0x8000b300 (0xd03f2223) mem 0x8000d000 0x00000001
core   0: 0x8000b304 (0xff9ff06f) j       pc - 0x8
core   0: 3 0x8000b304 (0xff9ff06f)
core   0: 0x8000b2fc (0x00002f17) auipc   t5, 0x2
core   0: 3 0x8000b2fc (0x00002f17) x30 0x8000d2fc
core   0: 0x8000b300 (0xd03f2223) sw      gp, -764(t5)
core   0: 3 0x8000b300 (0xd03f2223) mem 0x8000d000 0x00000001
core   0: 0x8000b304 (0xff9ff06f) j       pc - 0x8
core   0: 3 0x8000b304 (0xff9ff06f)
core   0: 0x8000b2fc (0x00002f17) auipc   t5, 0x2
core   0: 3 0x8000b2fc (0x00002f17) x30 0x8000d2fc
core   0: 0x8000b300 (0xd03f2223) sw      gp, -764(t5)
core   0: 3 0x8000b300 (0xd03f2223) mem 0x8000d000 0x00000001
core   0: 0x8000b304 (0xff9ff06f) j       pc - 0x8
core   0: 3 0x8000b304 (0xff9ff06f)
core   0: 0x8000b2fc (0x00002f17) auipc   t5, 0x2
core   0: 3 0x8000b2fc (0x00002f17) x30 0x8000d2fc
core   0: 0x8000b300 (0xd03f2223) sw      gp, -764(t5)
core   0: 3 0x8000b300 (0xd03f2223) mem 0x8000d000 0x00000001
core   0: 0x8000b304 (0xff9ff06f) j       pc - 0x8
core   0: 3 0x8000b304 (0xff9ff06f)
core   0: 0x8000b2fc (0x00002f17) auipc   t5, 0x2
core   0: 3 0x8000b2fc (0x00002f17) x30 0x8000d2fc
core   0: 0x8000b300 (0xd03f2223) sw      gp, -764(t5)
core   0: 3 0x8000b300 (0xd03f2223) mem 0x8000d000 0x00000001
core   0: 0x8000b304 (0xff9ff06f) j       pc - 0x8
core   0: 3 0x8000b304 (0xff9ff06f)
core   0: 0x8000b2fc (0x00002f17) auipc   t5, 0x2
core   0: 3 0x8000b2fc (0x00002f17) x30 0x8000d2fc
core   0: 0x8000b300 (0xd03f2223) sw      gp, -764(t5)
core   0: 3 0x8000b300 (0xd03f2223) mem 0x8000d000 0x00000001
core   0: 0x8000b304 (0xff9ff06f) j       pc - 0x8
core   0: 3 0x8000b304 (0xff9ff06f)
core   0: 0x8000b2fc (0x00002f17) auipc   t5, 0x2
core   0: 3 0x8000b2fc (0x00002f17) x30 0x8000d2fc
core   0: 0x8000b300 (0xd03f2223) sw      gp, -764(t5)
core   0: 3 0x8000b300 (0xd03f2223) mem 0x8000d000 0x00000001
core   0: 0x8000b304 (0xff9ff06f) j       pc - 0x8
core   0: 3 0x8000b304 (0xff9ff06f)
core   0: 0x8000b2fc (0x00002f17) auipc   t5, 0x2
core   0: 3 0x8000b2fc (0x00002f17) x30 0x8000d2fc
core   0: 0x8000b300 (0xd03f2223) sw      gp, -764(t5)
core   0: 3 0x8000b300 (0xd03f2223) mem 0x8000d000 0x00000001
core   0: 0x8000b304 (0xff9ff06f) j       pc - 0x8
core   0: 3 0x8000b304 (0xff9ff06f)
core   0: 0x8000b2fc (0x00002f17) auipc   t5, 0x2
core   0: 3 0x8000b2fc (0x00002f17) x30 0x8000d2fc
core   0: 0x8000b300 (0xd03f2223) sw      gp, -764(t5)
core   0: 3 0x8000b300 (0xd03f2223) mem 0x8000d000 0x00000001
core   0: 0x8000b304 (0xff9ff06f) j       pc - 0x8
core   0: 3 0x8000b304 (0xff9ff06f)
core   0: 0x8000b2fc (0x00002f17) auipc   t5, 0x2
core   0: 3 0x8000b2fc (0x00002f17) x30 0x8000d2fc
core   0: 0x8000b300 (0xd03f2223) sw      gp, -764(t5)
core   0: 3 0x8000b300 (0xd03f2223) mem 0x8000d000 0x00000001
core   0: 0x8000b304 (0xff9ff06f) j       pc - 0x8
core   0: 3 0x8000b304 (0xff9ff06f)
core   0: 0x8000b2fc (0x00002f17) auipc   t5, 0x2
core   0: 3 0x8000b2fc (0x00002f17) x30 0x8000d2fc
core   0: 0x8000b300 (0xd03f2223) sw      gp, -764(t5)
core   0: 3 0x8000b300 (0xd03f2223) mem 0x8000d000 0x00000001
core   0: 0x8000b304 (0xff9ff06f) j       pc - 0x8
core   0: 3 0x8000b304 (0xff9ff06f)
core   0: 0x8000b2fc (0x00002f17) auipc   t5, 0x2
core   0: 3 0x8000b2fc (0x00002f17) x30 0x8000d2fc
core   0: 0x8000b300 (0xd03f2223) sw      gp, -764(t5)
core   0: 3 0x8000b300 (0xd03f2223) mem 0x8000d000 0x00000001
core   0: 0x8000b304 (0xff9ff06f) j       pc - 0x8
core   0: 3 0x8000b304 (0xff9ff06f)
core   0: 0x8000b2fc (0x00002f17) auipc   t5, 0x2
core   0: 3 0x8000b2fc (0x00002f17) x30 0x8000d2fc
core   0: 0x8000b300 (0xd03f2223) sw      gp, -764(t5)
core   0: 3 0x8000b300 (0xd03f2223) mem 0x8000d000 0x00000001
core   0: 0x8000b304 (0xff9ff06f) j       pc - 0x8
core   0: 3 0x8000b304 (0xff9ff06f)
core   0: 0x8000b2fc (0x00002f17) auipc   t5, 0x2
core   0: 3 0x8000b2fc (0x00002f17) x30 0x8000d2fc
core   0: 0x8000b300 (0xd03f2223) sw      gp, -764(t5)
core   0: 3 0x8000b300 (0xd03f2223) mem 0x8000d000 0x00000001
core   0: 0x8000b304 (0xff9ff06f) j       pc - 0x8
core   0: 3 0x8000b304 (0xff9ff06f)
core   0: 0x8000b2fc (0x00002f17) auipc   t5, 0x2
core   0: 3 0x8000b2fc (0x00002f17) x30 0x8000d2fc
core   0: 0x8000b300 (0xd03f2223) sw      gp, -764(t5)
core   0: 3 0x8000b300 (0xd03f2223) mem 0x8000d000 0x00000001
core   0: 0x8000b304 (0xff9ff06f) j       pc - 0x8
core   0: 3 0x8000b304 (0xff9ff06f)
core   0: 0x8000b2fc (0x00002f17) auipc   t5, 0x2
core   0: 3 0x8000b2fc (0x00002f17) x30 0x8000d2fc
core   0: 0x8000b300 (0xd03f2223) sw      gp, -764(t5)
core   0: 3 0x8000b300 (0xd03f2223) mem 0x8000d000 0x00000001
core   0: 0x8000b304 (0xff9ff06f) j       pc - 0x8
core   0: 3 0x8000b304 (0xff9ff06f)
core   0: 0x8000b2fc (0x00002f17) auipc   t5, 0x2
core   0: 3 0x8000b2fc (0x00002f17) x30 0x8000d2fc
core   0: 0x8000b300 (0xd03f2223) sw      gp, -764(t5)
core   0: 3 0x8000b300 (0xd03f2223) mem 0x8000d000 0x00000001
core   0: 0x8000b304 (0xff9ff06f) j       pc - 0x8
core   0: 3 0x8000b304 (0xff9ff06f)
core   0: 0x8000b2fc (0x00002f17) auipc   t5, 0x2
core   0: 3 0x8000b2fc (0x00002f17) x30 0x8000d2fc
core   0: 0x8000b300 (0xd03f2223) sw      gp, -764(t5)
core   0: 3 0x8000b300 (0xd03f2223) mem 0x8000d000 0x00000001
core   0: 0x8000b304 (0xff9ff06f) j       pc - 0x8
core   0: 3 0x8000b304 (0xff9ff06f)
core   0: 0x8000b2fc (0x00002f17) auipc   t5, 0x2
core   0: 3 0x8000b2fc (0x00002f17) x30 0x8000d2fc
core   0: 0x8000b300 (0xd03f2223) sw      gp, -764(t5)
core   0: 3 0x8000b300 (0xd03f2223) mem 0x8000d000 0x00000001
core   0: 0x8000b304 (0xff9ff06f) j       pc - 0x8
core   0: 3 0x8000b304 (0xff9ff06f)
core   0: 0x8000b2fc (0x00002f17) auipc   t5, 0x2
core   0: 3 0x8000b2fc (0x00002f17) x30 0x8000d2fc
core   0: 0x8000b300 (0xd03f2223) sw      gp, -764(t5)
core   0: 3 0x8000b300 (0xd03f2223) mem 0x8000d000 0x00000001
core   0: 0x8000b304 (0xff9ff06f) j       pc - 0x8
core   0: 3 0x8000b304 (0xff9ff06f)
core   0: 0x8000b2fc (0x00002f17) auipc   t5, 0x2
core   0: 3 0x8000b2fc (0x00002f17) x30 0x8000d2fc
core   0: 0x8000b300 (0xd03f2223) sw      gp, -764(t5)
core   0: 3 0x8000b300 (0xd03f2223) mem 0x8000d000 0x00000001
core   0: 0x8000b304 (0xff9ff06f) j       pc - 0x8
core   0: 3 0x8000b304 (0xff9ff06f)
core   0: 0x8000b2fc (0x00002f17) auipc   t5, 0x2
core   0: 3 0x8000b2fc (0x00002f17) x30 0x8000d2fc
core   0: 0x8000b300 (0xd03f2223) sw      gp, -764(t5)
core   0: 3 0x8000b300 (0xd03f2223) mem 0x8000d000 0x00000001
core   0: 0x8000b304 (0xff9ff06f) j       pc - 0x8
core   0: 3 0x8000b304 (0xff9ff06f)
core   0: 0x8000b2fc (0x00002f17) auipc   t5, 0x2
core   0: 3 0x8000b2fc (0x00002f17) x30 0x8000d2fc
core   0: 0x8000b300 (0xd03f2223) sw      gp, -764(t5)
core   0: 3 0x8000b300 (0xd03f2223) mem 0x8000d000 0x00000001
core   0: 0x8000b304 (0xff9ff06f) j       pc - 0x8
core   0: 3 0x8000b304 (0xff9ff06f)
core   0: 0x8000b2fc (0x00002f17) auipc   t5, 0x2
core   0: 3 0x8000b2fc (0x00002f17) x30 0x8000d2fc
core   0: 0x8000b300 (0xd03f2223) sw      gp, -764(t5)
core   0: 3 0x8000b300 (0xd03f2223) mem 0x8000d000 0x00000001
core   0: 0x8000b304 (0xff9ff06f) j       pc - 0x8
core   0: 3 0x8000b304 (0xff9ff06f)
core   0: 0x8000b2fc (0x00002f17) auipc   t5, 0x2
core   0: 3 0x8000b2fc (0x00002f17) x30 0x8000d2fc
core   0: 0x8000b300 (0xd03f2223) sw      gp, -764(t5)
core   0: 3 0x8000b300 (0xd03f2223) mem 0x8000d000 0x00000001
core   0: 0x8000b304 (0xff9ff06f) j       pc - 0x8
core   0: 3 0x8000b304 (0xff9ff06f)
core   0: 0x8000b2fc (0x00002f17) auipc   t5, 0x2
core   0: 3 0x8000b2fc (0x00002f17) x30 0x8000d2fc
core   0: 0x8000b300 (0xd03f2223) sw      gp, -764(t5)
core   0: 3 0x8000b300 (0xd03f2223) mem 0x8000d000 0x00000001
core   0: 0x8000b304 (0xff9ff06f) j       pc - 0x8
core   0: 3 0x8000b304 (0xff9ff06f)
core   0: 0x8000b2fc (0x00002f17) auipc   t5, 0x2
core   0: 3 0x8000b2fc (0x00002f17) x30 0x8000d2fc
core   0: 0x8000b300 (0xd03f2223) sw      gp, -764(t5)
core   0: 3 0x8000b300 (0xd03f2223) mem 0x8000d000 0x00000001
core   0: 0x8000b304 (0xff9ff06f) j       pc - 0x8
core   0: 3 0x8000b304 (0xff9ff06f)
core   0: 0x8000b2fc (0x00002f17) auipc   t5, 0x2
core   0: 3 0x8000b2fc (0x00002f17) x30 0x8000d2fc
core   0: 0x8000b300 (0xd03f2223) sw      gp, -764(t5)
core   0: 3 0x8000b300 (0xd03f2223) mem 0x8000d000 0x00000001
core   0: 0x8000b304 (0xff9ff06f) j       pc - 0x8
core   0: 3 0x8000b304 (0xff9ff06f)
core   0: 0x8000b2fc (0x00002f17) auipc   t5, 0x2
core   0: 3 0x8000b2fc (0x00002f17) x30 0x8000d2fc
core   0: 0x8000b300 (0xd03f2223) sw      gp, -764(t5)
core   0: 3 0x8000b300 (0xd03f2223) mem 0x8000d000 0x00000001
core   0: 0x8000b304 (0xff9ff06f) j       pc - 0x8
core   0: 3 0x8000b304 (0xff9ff06f)
core   0: 0x8000b2fc (0x00002f17) auipc   t5, 0x2
core   0: 3 0x8000b2fc (0x00002f17) x30 0x8000d2fc
core   0: 0x8000b300 (0xd03f2223) sw      gp, -764(t5)
core   0: 3 0x8000b300 (0xd03f2223) mem 0x8000d000 0x00000001
core   0: 0x8000b304 (0xff9ff06f) j       pc - 0x8
core   0: 3 0x8000b304 (0xff9ff06f)
core   0: 0x8000b2fc (0x00002f17) auipc   t5, 0x2
core   0: 3 0x8000b2fc (0x00002f17) x30 0x8000d2fc
core   0: 0x8000b300 (0xd03f2223) sw      gp, -764(t5)
core   0: 3 0x8000b300 (0xd03f2223) mem 0x8000d000 0x00000001
core   0: 0x8000b304 (0xff9ff06f) j       pc - 0x8
core   0: 3 0x8000b304 (0xff9ff06f)
core   0: 0x8000b2fc (0x00002f17) auipc   t5, 0x2
core   0: 3 0x8000b2fc (0x00002f17) x30 0x8000d2fc
core   0: 0x8000b300 (0xd03f2223) sw      gp, -764(t5)
core   0: 3 0x8000b300 (0xd03f2223) mem 0x8000d000 0x00000001
core   0: 0x8000b304 (0xff9ff06f) j       pc - 0x8
core   0: 3 0x8000b304 (0xff9ff06f)
core   0: 0x8000b2fc (0x00002f17) auipc   t5, 0x2
core   0: 3 0x8000b2fc (0x00002f17) x30 0x8000d2fc
core   0: 0x8000b300 (0xd03f2223) sw      gp, -764(t5)
core   0: 3 0x8000b300 (0xd03f2223) mem 0x8000d000 0x00000001
core   0: 0x8000b304 (0xff9ff06f) j       pc - 0x8
core   0: 3 0x8000b304 (0xff9ff06f)
core   0: 0x8000b2fc (0x00002f17) auipc   t5, 0x2
core   0: 3 0x8000b2fc (0x00002f17) x30 0x8000d2fc
core   0: 0x8000b300 (0xd03f2223) sw      gp, -764(t5)
core   0: 3 0x8000b300 (0xd03f2223) mem 0x8000d000 0x00000001
core   0: 0x8000b304 (0xff9ff06f) j       pc - 0x8
core   0: 3 0x8000b304 (0xff9ff06f)
core   0: 0x8000b2fc (0x00002f17) auipc   t5, 0x2
core   0: 3 0x8000b2fc (0x00002f17) x30 0x8000d2fc
core   0: 0x8000b300 (0xd03f2223) sw      gp, -764(t5)
core   0: 3 0x8000b300 (0xd03f2223) mem 0x8000d000 0x00000001
core   0: 0x8000b304 (0xff9ff06f) j       pc - 0x8
core   0: 3 0x8000b304 (0xff9ff06f)
core   0: 0x8000b2fc (0x00002f17) auipc   t5, 0x2
core   0: 3 0x8000b2fc (0x00002f17) x30 0x8000d2fc
core   0: 0x8000b300 (0xd03f2223) sw      gp, -764(t5)
core   0: 3 0x8000b300 (0xd03f2223) mem 0x8000d000 0x00000001
core   0: 0x8000b304 (0xff9ff06f) j       pc - 0x8
core   0: 3 0x8000b304 (0xff9ff06f)
core   0: 0x8000b2fc (0x00002f17) auipc   t5, 0x2
core   0: 3 0x8000b2fc (0x00002f17) x30 0x8000d2fc
core   0: 0x8000b300 (0xd03f2223) sw      gp, -764(t5)
core   0: 3 0x8000b300 (0xd03f2223) mem 0x8000d000 0x00000001
core   0: 0x8000b304 (0xff9ff06f) j       pc - 0x8
core   0: 3 0x8000b304 (0xff9ff06f)
core   0: 0x8000b2fc (0x00002f17) auipc   t5, 0x2
core   0: 3 0x8000b2fc (0x00002f17) x30 0x8000d2fc
core   0: 0x8000b300 (0xd03f2223) sw      gp, -764(t5)
core   0: 3 0x8000b300 (0xd03f2223) mem 0x8000d000 0x00000001
core   0: 0x8000b304 (0xff9ff06f) j       pc - 0x8
core   0: 3 0x8000b304 (0xff9ff06f)
core   0: 0x8000b2fc (0x00002f17) auipc   t5, 0x2
core   0: 3 0x8000b2fc (0x00002f17) x30 0x8000d2fc
core   0: 0x8000b300 (0xd03f2223) sw      gp, -764(t5)
core   0: 3 0x8000b300 (0xd03f2223) mem 0x8000d000 0x00000001
core   0: 0x8000b304 (0xff9ff06f) j       pc - 0x8
core   0: 3 0x8000b304 (0xff9ff06f)
core   0: 0x8000b2fc (0x00002f17) auipc   t5, 0x2
core   0: 3 0x8000b2fc (0x00002f17) x30 0x8000d2fc
core   0: 0x8000b300 (0xd03f2223) sw      gp, -764(t5)
core   0: 3 0x8000b300 (0xd03f2223) mem 0x8000d000 0x00000001
core   0: 0x8000b304 (0xff9ff06f) j       pc - 0x8
core   0: 3 0x8000b304 (0xff9ff06f)
core   0: 0x8000b2fc (0x00002f17) auipc   t5, 0x2
core   0: 3 0x8000b2fc (0x00002f17) x30 0x8000d2fc
core   0: 0x8000b300 (0xd03f2223) sw      gp, -764(t5)
core   0: 3 0x8000b300 (0xd03f2223) mem 0x8000d000 0x00000001
core   0: 0x8000b304 (0xff9ff06f) j       pc - 0x8
core   0: 3 0x8000b304 (0xff9ff06f)
core   0: 0x8000b2fc (0x00002f17) auipc   t5, 0x2
core   0: 3 0x8000b2fc (0x00002f17) x30 0x8000d2fc
core   0: 0x8000b300 (0xd03f2223) sw      gp, -764(t5)
core   0: 3 0x8000b300 (0xd03f2223) mem 0x8000d000 0x00000001
core   0: 0x8000b304 (0xff9ff06f) j       pc - 0x8
core   0: 3 0x8000b304 (0xff9ff06f)
core   0: 0x8000b2fc (0x00002f17) auipc   t5, 0x2
core   0: 3 0x8000b2fc (0x00002f17) x30 0x8000d2fc
core   0: 0x8000b300 (0xd03f2223) sw      gp, -764(t5)
core   0: 3 0x8000b300 (0xd03f2223) mem 0x8000d000 0x00000001
core   0: 0x8000b304 (0xff9ff06f) j       pc - 0x8
core   0: 3 0x8000b304 (0xff9ff06f)
core   0: 0x8000b2fc (0x00002f17) auipc   t5, 0x2
core   0: 3 0x8000b2fc (0x00002f17) x30 0x8000d2fc
core   0: 0x8000b300 (0xd03f2223) sw      gp, -764(t5)
core   0: 3 0x8000b300 (0xd03f2223) mem 0x8000d000 0x00000001
core   0: 0x8000b304 (0xff9ff06f) j       pc - 0x8
core   0: 3 0x8000b304 (0xff9ff06f)
core   0: 0x8000b2fc (0x00002f17) auipc   t5, 0x2
core   0: 3 0x8000b2fc (0x00002f17) x30 0x8000d2fc
core   0: 0x8000b300 (0xd03f2223) sw      gp, -764(t5)
core   0: 3 0x8000b300 (0xd03f2223) mem 0x8000d000 0x00000001
core   0: 0x8000b304 (0xff9ff06f) j       pc - 0x8
core   0: 3 0x8000b304 (0xff9ff06f)
core   0: 0x8000b2fc (0x00002f17) auipc   t5, 0x2
core   0: 3 0x8000b2fc (0x00002f17) x30 0x8000d2fc
core   0: 0x8000b300 (0xd03f2223) sw      gp, -764(t5)
core   0: 3 0x8000b300 (0xd03f2223) mem 0x8000d000 0x00000001
core   0: 0x8000b304 (0xff9ff06f) j       pc - 0x8
core   0: 3 0x8000b304 (0xff9ff06f)
core   0: 0x8000b2fc (0x00002f17) auipc   t5, 0x2
core   0: 3 0x8000b2fc (0x00002f17) x30 0x8000d2fc
core   0: 0x8000b300 (0xd03f2223) sw      gp, -764(t5)
core   0: 3 0x8000b300 (0xd03f2223) mem 0x8000d000 0x00000001
core   0: 0x8000b304 (0xff9ff06f) j       pc - 0x8
core   0: 3 0x8000b304 (0xff9ff06f)
core   0: 0x8000b2fc (0x00002f17) auipc   t5, 0x2
core   0: 3 0x8000b2fc (0x00002f17) x30 0x8000d2fc
core   0: 0x8000b300 (0xd03f2223) sw      gp, -764(t5)
core   0: 3 0x8000b300 (0xd03f2223) mem 0x8000d000 0x00000001
core   0: 0x8000b304 (0xff9ff06f) j       pc - 0x8
core   0: 3 0x8000b304 (0xff9ff06f)
core   0: 0x8000b2fc (0x00002f17) auipc   t5, 0x2
core   0: 3 0x8000b2fc (0x00002f17) x30 0x8000d2fc
core   0: 0x8000b300 (0xd03f2223) sw      gp, -764(t5)
core   0: 3 0x8000b300 (0xd03f2223) mem 0x8000d000 0x00000001
core   0: 0x8000b304 (0xff9ff06f) j       pc - 0x8
core   0: 3 0x8000b304 (0xff9ff06f)
core   0: 0x8000b2fc (0x00002f17) auipc   t5, 0x2
core   0: 3 0x8000b2fc (0x00002f17) x30 0x8000d2fc
core   0: 0x8000b300 (0xd03f2223) sw      gp, -764(t5)
core   0: 3 0x8000b300 (0xd03f2223) mem 0x8000d000 0x00000001
core   0: 0x8000b304 (0xff9ff06f) j       pc - 0x8
core   0: 3 0x8000b304 (0xff9ff06f)
core   0: 0x8000b2fc (0x00002f17) auipc   t5, 0x2
core   0: 3 0x8000b2fc (0x00002f17) x30 0x8000d2fc
core   0: 0x8000b300 (0xd03f2223) sw      gp, -764(t5)
core   0: 3 0x8000b300 (0xd03f2223) mem 0x8000d000 0x00000001
core   0: 0x8000b304 (0xff9ff06f) j       pc - 0x8
core   0: 3 0x8000b304 (0xff9ff06f)
core   0: 0x8000b2fc (0x00002f17) auipc   t5, 0x2
core   0: 3 0x8000b2fc (0x00002f17) x30 0x8000d2fc
core   0: 0x8000b300 (0xd03f2223) sw      gp, -764(t5)
core   0: 3 0x8000b300 (0xd03f2223) mem 0x8000d000 0x00000001
core   0: 0x8000b304 (0xff9ff06f) j       pc - 0x8
core   0: 3 0x8000b304 (0xff9ff06f)
core   0: 0x8000b2fc (0x00002f17) auipc   t5, 0x2
core   0: 3 0x8000b2fc (0x00002f17) x30 0x8000d2fc
core   0: 0x8000b300 (0xd03f2223) sw      gp, -764(t5)
core   0: 3 0x8000b300 (0xd03f2223) mem 0x8000d000 0x00000001
core   0: 0x8000b304 (0xff9ff06f) j       pc - 0x8
core   0: 3 0x8000b304 (0xff9ff06f)
core   0: 0x8000b2fc (0x00002f17) auipc   t5, 0x2
core   0: 3 0x8000b2fc (0x00002f17) x30 0x8000d2fc
core   0: 0x8000b300 (0xd03f2223) sw      gp, -764(t5)
core   0: 3 0x8000b300 (0xd03f2223) mem 0x8000d000 0x00000001
core   0: 0x8000b304 (0xff9ff06f) j       pc - 0x8
core   0: 3 0x8000b304 (0xff9ff06f)
core   0: 0x8000b2fc (0x00002f17) auipc   t5, 0x2
core   0: 3 0x8000b2fc (0x00002f17) x30 0x8000d2fc
core   0: 0x8000b300 (0xd03f2223) sw      gp, -764(t5)
core   0: 3 0x8000b300 (0xd03f2223) mem 0x8000d000 0x00000001
core   0: 0x8000b304 (0xff9ff06f) j       pc - 0x8
core   0: 3 0x8000b304 (0xff9ff06f)
core   0: 0x8000b2fc (0x00002f17) auipc   t5, 0x2
core   0: 3 0x8000b2fc (0x00002f17) x30 0x8000d2fc
core   0: 0x8000b300 (0xd03f2223) sw      gp, -764(t5)
core   0: 3 0x8000b300 (0xd03f2223) mem 0x8000d000 0x00000001
core   0: 0x8000b304 (0xff9ff06f) j       pc - 0x8
core   0: 3 0x8000b304 (0xff9ff06f)
core   0: 0x8000b2fc (0x00002f17) auipc   t5, 0x2
core   0: 3 0x8000b2fc (0x00002f17) x30 0x8000d2fc
core   0: 0x8000b300 (0xd03f2223) sw      gp, -764(t5)
core   0: 3 0x8000b300 (0xd03f2223) mem 0x8000d000 0x00000001
core   0: 0x8000b304 (0xff9ff06f) j       pc - 0x8
core   0: 3 0x8000b304 (0xff9ff06f)
core   0: 0x8000b2fc (0x00002f17) auipc   t5, 0x2
core   0: 3 0x8000b2fc (0x00002f17) x30 0x8000d2fc
core   0: 0x8000b300 (0xd03f2223) sw      gp, -764(t5)
core   0: 3 0x8000b300 (0xd03f2223) mem 0x8000d000 0x00000001
core   0: 0x8000b304 (0xff9ff06f) j       pc - 0x8
core   0: 3 0x8000b304 (0xff9ff06f)
core   0: 0x8000b2fc (0x00002f17) auipc   t5, 0x2
core   0: 3 0x8000b2fc (0x00002f17) x30 0x8000d2fc
core   0: 0x8000b300 (0xd03f2223) sw      gp, -764(t5)
core   0: 3 0x8000b300 (0xd03f2223) mem 0x8000d000 0x00000001
core   0: 0x8000b304 (0xff9ff06f) j       pc - 0x8
core   0: 3 0x8000b304 (0xff9ff06f)
core   0: 0x8000b2fc (0x00002f17) auipc   t5, 0x2
core   0: 3 0x8000b2fc (0x00002f17) x30 0x8000d2fc
core   0: 0x8000b300 (0xd03f2223) sw      gp, -764(t5)
core   0: 3 0x8000b300 (0xd03f2223) mem 0x8000d000 0x00000001
core   0: 0x8000b304 (0xff9ff06f) j       pc - 0x8
core   0: 3 0x8000b304 (0xff9ff06f)
core   0: 0x8000b2fc (0x00002f17) auipc   t5, 0x2
core   0: 3 0x8000b2fc (0x00002f17) x30 0x8000d2fc
core   0: 0x8000b300 (0xd03f2223) sw      gp, -764(t5)
core   0: 3 0x8000b300 (0xd03f2223) mem 0x8000d000 0x00000001
core   0: 0x8000b304 (0xff9ff06f) j       pc - 0x8
core   0: 3 0x8000b304 (0xff9ff06f)
core   0: 0x8000b2fc (0x00002f17) auipc   t5, 0x2
core   0: 3 0x8000b2fc (0x00002f17) x30 0x8000d2fc
core   0: 0x8000b300 (0xd03f2223) sw      gp, -764(t5)
core   0: 3 0x8000b300 (0xd03f2223) mem 0x8000d000 0x00000001
core   0: 0x8000b304 (0xff9ff06f) j       pc - 0x8
core   0: 3 0x8000b304 (0xff9ff06f)
core   0: 0x8000b2fc (0x00002f17) auipc   t5, 0x2
core   0: 3 0x8000b2fc (0x00002f17) x30 0x8000d2fc
core   0: 0x8000b300 (0xd03f2223) sw      gp, -764(t5)
core   0: 3 0x8000b300 (0xd03f2223) mem 0x8000d000 0x00000001
core   0: 0x8000b304 (0xff9ff06f) j       pc - 0x8
core   0: 3 0x8000b304 (0xff9ff06f)
core   0: 0x8000b2fc (0x00002f17) auipc   t5, 0x2
core   0: 3 0x8000b2fc (0x00002f17) x30 0x8000d2fc
core   0: 0x8000b300 (0xd03f2223) sw      gp, -764(t5)
core   0: 3 0x8000b300 (0xd03f2223) mem 0x8000d000 0x00000001
core   0: 0x8000b304 (0xff9ff06f) j       pc - 0x8
core   0: 3 0x8000b304 (0xff9ff06f)
core   0: 0x8000b2fc (0x00002f17) auipc   t5, 0x2
core   0: 3 0x8000b2fc (0x00002f17) x30 0x8000d2fc
core   0: 0x8000b300 (0xd03f2223) sw      gp, -764(t5)
core   0: 3 0x8000b300 (0xd03f2223) mem 0x8000d000 0x00000001
core   0: 0x8000b304 (0xff9ff06f) j       pc - 0x8
core   0: 3 0x8000b304 (0xff9ff06f)
core   0: 0x8000b2fc (0x00002f17) auipc   t5, 0x2
core   0: 3 0x8000b2fc (0x00002f17) x30 0x8000d2fc
core   0: 0x8000b300 (0xd03f2223) sw      gp, -764(t5)
core   0: 3 0x8000b300 (0xd03f2223) mem 0x8000d000 0x00000001
core   0: 0x8000b304 (0xff9ff06f) j       pc - 0x8
core   0: 3 0x8000b304 (0xff9ff06f)
core   0: 0x8000b2fc (0x00002f17) auipc   t5, 0x2
core   0: 3 0x8000b2fc (0x00002f17) x30 0x8000d2fc
core   0: 0x8000b300 (0xd03f2223) sw      gp, -764(t5)
core   0: 3 0x8000b300 (0xd03f2223) mem 0x8000d000 0x00000001
core   0: 0x8000b304 (0xff9ff06f) j       pc - 0x8
core   0: 3 0x8000b304 (0xff9ff06f)
core   0: 0x8000b2fc (0x00002f17) auipc   t5, 0x2
core   0: 3 0x8000b2fc (0x00002f17) x30 0x8000d2fc
core   0: 0x8000b300 (0xd03f2223) sw      gp, -764(t5)
core   0: 3 0x8000b300 (0xd03f2223) mem 0x8000d000 0x00000001
core   0: 0x8000b304 (0xff9ff06f) j       pc - 0x8
core   0: 3 0x8000b304 (0xff9ff06f)
core   0: 0x8000b2fc (0x00002f17) auipc   t5, 0x2
core   0: 3 0x8000b2fc (0x00002f17) x30 0x8000d2fc
core   0: 0x8000b300 (0xd03f2223) sw      gp, -764(t5)
core   0: 3 0x8000b300 (0xd03f2223) mem 0x8000d000 0x00000001
core   0: 0x8000b304 (0xff9ff06f) j       pc - 0x8
core   0: 3 0x8000b304 (0xff9ff06f)
core   0: 0x8000b2fc (0x00002f17) auipc   t5, 0x2
core   0: 3 0x8000b2fc (0x00002f17) x30 0x8000d2fc
core   0: 0x8000b300 (0xd03f2223) sw      gp, -764(t5)
core   0: 3 0x8000b300 (0xd03f2223) mem 0x8000d000 0x00000001
core   0: 0x8000b304 (0xff9ff06f) j       pc - 0x8
core   0: 3 0x8000b304 (0xff9ff06f)
core   0: 0x8000b2fc (0x00002f17) auipc   t5, 0x2
core   0: 3 0x8000b2fc (0x00002f17) x30 0x8000d2fc
core   0: 0x8000b300 (0xd03f2223) sw      gp, -764(t5)
core   0: 3 0x8000b300 (0xd03f2223) mem 0x8000d000 0x00000001
core   0: 0x8000b304 (0xff9ff06f) j       pc - 0x8
core   0: 3 0x8000b304 (0xff9ff06f)
core   0: 0x8000b2fc (0x00002f17) auipc   t5, 0x2
core   0: 3 0x8000b2fc (0x00002f17) x30 0x8000d2fc
core   0: 0x8000b300 (0xd03f2223) sw      gp, -764(t5)
core   0: 3 0x8000b300 (0xd03f2223) mem 0x8000d000 0x00000001
core   0: 0x8000b304 (0xff9ff06f) j       pc - 0x8
core   0: 3 0x8000b304 (0xff9ff06f)
core   0: 0x8000b2fc (0x00002f17) auipc   t5, 0x2
core   0: 3 0x8000b2fc (0x00002f17) x30 0x8000d2fc
core   0: 0x8000b300 (0xd03f2223) sw      gp, -764(t5)
core   0: 3 0x8000b300 (0xd03f2223) mem 0x8000d000 0x00000001
core   0: 0x8000b304 (0xff9ff06f) j       pc - 0x8
core   0: 3 0x8000b304 (0xff9ff06f)
core   0: 0x8000b2fc (0x00002f17) auipc   t5, 0x2
core   0: 3 0x8000b2fc (0x00002f17) x30 0x8000d2fc
core   0: 0x8000b300 (0xd03f2223) sw      gp, -764(t5)
core   0: 3 0x8000b300 (0xd03f2223) mem 0x8000d000 0x00000001
core   0: 0x8000b304 (0xff9ff06f) j       pc - 0x8
core   0: 3 0x8000b304 (0xff9ff06f)
core   0: 0x8000b2fc (0x00002f17) auipc   t5, 0x2
core   0: 3 0x8000b2fc (0x00002f17) x30 0x8000d2fc
core   0: 0x8000b300 (0xd03f2223) sw      gp, -764(t5)
core   0: 3 0x8000b300 (0xd03f2223) mem 0x8000d000 0x00000001
core   0: 0x8000b304 (0xff9ff06f) j       pc - 0x8
core   0: 3 0x8000b304 (0xff9ff06f)
core   0: 0x8000b2fc (0x00002f17) auipc   t5, 0x2
core   0: 3 0x8000b2fc (0x00002f17) x30 0x8000d2fc
core   0: 0x8000b300 (0xd03f2223) sw      gp, -764(t5)
core   0: 3 0x8000b300 (0xd03f2223) mem 0x8000d000 0x00000001
core   0: 0x8000b304 (0xff9ff06f) j       pc - 0x8
core   0: 3 0x8000b304 (0xff9ff06f)
core   0: 0x8000b2fc (0x00002f17) auipc   t5, 0x2
core   0: 3 0x8000b2fc (0x00002f17) x30 0x8000d2fc
core   0: 0x8000b300 (0xd03f2223) sw      gp, -764(t5)
core   0: 3 0x8000b300 (0xd03f2223) mem 0x8000d000 0x00000001
core   0: 0x8000b304 (0xff9ff06f) j       pc - 0x8
core   0: 3 0x8000b304 (0xff9ff06f)
core   0: 0x8000b2fc (0x00002f17) auipc   t5, 0x2
core   0: 3 0x8000b2fc (0x00002f17) x30 0x8000d2fc
core   0: 0x8000b300 (0xd03f2223) sw      gp, -764(t5)
core   0: 3 0x8000b300 (0xd03f2223) mem 0x8000d000 0x00000001
core   0: 0x8000b304 (0xff9ff06f) j       pc - 0x8
core   0: 3 0x8000b304 (0xff9ff06f)
core   0: 0x8000b2fc (0x00002f17) auipc   t5, 0x2
core   0: 3 0x8000b2fc (0x00002f17) x30 0x8000d2fc
core   0: 0x8000b300 (0xd03f2223) sw      gp, -764(t5)
core   0: 3 0x8000b300 (0xd03f2223) mem 0x8000d000 0x00000001
core   0: 0x8000b304 (0xff9ff06f) j       pc - 0x8
core   0: 3 0x8000b304 (0xff9ff06f)
core   0: 0x8000b2fc (0x00002f17) auipc   t5, 0x2
core   0: 3 0x8000b2fc (0x00002f17) x30 0x8000d2fc
core   0: 0x8000b300 (0xd03f2223) sw      gp, -764(t5)
core   0: 3 0x8000b300 (0xd03f2223) mem 0x8000d000 0x00000001
core   0: 0x8000b304 (0xff9ff06f) j       pc - 0x8
core   0: 3 0x8000b304 (0xff9ff06f)
core   0: 0x8000b2fc (0x00002f17) auipc   t5, 0x2
core   0: 3 0x8000b2fc (0x00002f17) x30 0x8000d2fc
core   0: 0x8000b300 (0xd03f2223) sw      gp, -764(t5)
core   0: 3 0x8000b300 (0xd03f2223) mem 0x8000d000 0x00000001
core   0: 0x8000b304 (0xff9ff06f) j       pc - 0x8
core   0: 3 0x8000b304 (0xff9ff06f)
core   0: 0x8000b2fc (0x00002f17) auipc   t5, 0x2
core   0: 3 0x8000b2fc (0x00002f17) x30 0x8000d2fc
core   0: 0x8000b300 (0xd03f2223) sw      gp, -764(t5)
core   0: 3 0x8000b300 (0xd03f2223) mem 0x8000d000 0x00000001
core   0: 0x8000b304 (0xff9ff06f) j       pc - 0x8
core   0: 3 0x8000b304 (0xff9ff06f)
core   0: 0x8000b2fc (0x00002f17) auipc   t5, 0x2
core   0: 3 0x8000b2fc (0x00002f17) x30 0x8000d2fc
core   0: 0x8000b300 (0xd03f2223) sw      gp, -764(t5)
core   0: 3 0x8000b300 (0xd03f2223) mem 0x8000d000 0x00000001
core   0: 0x8000b304 (0xff9ff06f) j       pc - 0x8
core   0: 3 0x8000b304 (0xff9ff06f)
core   0: 0x8000b2fc (0x00002f17) auipc   t5, 0x2
core   0: 3 0x8000b2fc (0x00002f17) x30 0x8000d2fc
core   0: 0x8000b300 (0xd03f2223) sw      gp, -764(t5)
core   0: 3 0x8000b300 (0xd03f2223) mem 0x8000d000 0x00000001
core   0: 0x8000b304 (0xff9ff06f) j       pc - 0x8
core   0: 3 0x8000b304 (0xff9ff06f)
core   0: 0x8000b2fc (0x00002f17) auipc   t5, 0x2
core   0: 3 0x8000b2fc (0x00002f17) x30 0x8000d2fc
core   0: 0x8000b300 (0xd03f2223) sw      gp, -764(t5)
core   0: 3 0x8000b300 (0xd03f2223) mem 0x8000d000 0x00000001
core   0: 0x8000b304 (0xff9ff06f) j       pc - 0x8
core   0: 3 0x8000b304 (0xff9ff06f)
core   0: 0x8000b2fc (0x00002f17) auipc   t5, 0x2
core   0: 3 0x8000b2fc (0x00002f17) x30 0x8000d2fc
core   0: 0x8000b300 (0xd03f2223) sw      gp, -764(t5)
core   0: 3 0x8000b300 (0xd03f2223) mem 0x8000d000 0x00000001
core   0: 0x8000b304 (0xff9ff06f) j       pc - 0x8
core   0: 3 0x8000b304 (0xff9ff06f)
core   0: 0x8000b2fc (0x00002f17) auipc   t5, 0x2
core   0: 3 0x8000b2fc (0x00002f17) x30 0x8000d2fc
core   0: 0x8000b300 (0xd03f2223) sw      gp, -764(t5)
core   0: 3 0x8000b300 (0xd03f2223) mem 0x8000d000 0x00000001
core   0: 0x8000b304 (0xff9ff06f) j       pc - 0x8
core   0: 3 0x8000b304 (0xff9ff06f)
core   0: 0x8000b2fc (0x00002f17) auipc   t5, 0x2
core   0: 3 0x8000b2fc (0x00002f17) x30 0x8000d2fc
core   0: 0x8000b300 (0xd03f2223) sw      gp, -764(t5)
core   0: 3 0x8000b300 (0xd03f2223) mem 0x8000d000 0x00000001
core   0: 0x8000b304 (0xff9ff06f) j       pc - 0x8
core   0: 3 0x8000b304 (0xff9ff06f)
core   0: 0x8000b2fc (0x00002f17) auipc   t5, 0x2
core   0: 3 0x8000b2fc (0x00002f17) x30 0x8000d2fc
core   0: 0x8000b300 (0xd03f2223) sw      gp, -764(t5)
core   0: 3 0x8000b300 (0xd03f2223) mem 0x8000d000 0x00000001
core   0: 0x8000b304 (0xff9ff06f) j       pc - 0x8
core   0: 3 0x8000b304 (0xff9ff06f)
core   0: 0x8000b2fc (0x00002f17) auipc   t5, 0x2
core   0: 3 0x8000b2fc (0x00002f17) x30 0x8000d2fc
core   0: 0x8000b300 (0xd03f2223) sw      gp, -764(t5)
core   0: 3 0x8000b300 (0xd03f2223) mem 0x8000d000 0x00000001
core   0: 0x8000b304 (0xff9ff06f) j       pc - 0x8
core   0: 3 0x8000b304 (0xff9ff06f)
core   0: 0x8000b2fc (0x00002f17) auipc   t5, 0x2
core   0: 3 0x8000b2fc (0x00002f17) x30 0x8000d2fc
core   0: 0x8000b300 (0xd03f2223) sw      gp, -764(t5)
core   0: 3 0x8000b300 (0xd03f2223) mem 0x8000d000 0x00000001
core   0: 0x8000b304 (0xff9ff06f) j       pc - 0x8
core   0: 3 0x8000b304 (0xff9ff06f)
core   0: 0x8000b2fc (0x00002f17) auipc   t5, 0x2
core   0: 3 0x8000b2fc (0x00002f17) x30 0x8000d2fc
core   0: 0x8000b300 (0xd03f2223) sw      gp, -764(t5)
core   0: 3 0x8000b300 (0xd03f2223) mem 0x8000d000 0x00000001
core   0: 0x8000b304 (0xff9ff06f) j       pc - 0x8
core   0: 3 0x8000b304 (0xff9ff06f)
core   0: 0x8000b2fc (0x00002f17) auipc   t5, 0x2
core   0: 3 0x8000b2fc (0x00002f17) x30 0x8000d2fc
core   0: 0x8000b300 (0xd03f2223) sw      gp, -764(t5)
core   0: 3 0x8000b300 (0xd03f2223) mem 0x8000d000 0x00000001
core   0: 0x8000b304 (0xff9ff06f) j       pc - 0x8
core   0: 3 0x8000b304 (0xff9ff06f)
core   0: 0x8000b2fc (0x00002f17) auipc   t5, 0x2
core   0: 3 0x8000b2fc (0x00002f17) x30 0x8000d2fc
core   0: 0x8000b300 (0xd03f2223) sw      gp, -764(t5)
core   0: 3 0x8000b300 (0xd03f2223) mem 0x8000d000 0x00000001
core   0: 0x8000b304 (0xff9ff06f) j       pc - 0x8
core   0: 3 0x8000b304 (0xff9ff06f)
core   0: 0x8000b2fc (0x00002f17) auipc   t5, 0x2
core   0: 3 0x8000b2fc (0x00002f17) x30 0x8000d2fc
core   0: 0x8000b300 (0xd03f2223) sw      gp, -764(t5)
core   0: 3 0x8000b300 (0xd03f2223) mem 0x8000d000 0x00000001
core   0: 0x8000b304 (0xff9ff06f) j       pc - 0x8
core   0: 3 0x8000b304 (0xff9ff06f)
core   0: 0x8000b2fc (0x00002f17) auipc   t5, 0x2
core   0: 3 0x8000b2fc (0x00002f17) x30 0x8000d2fc
core   0: 0x8000b300 (0xd03f2223) sw      gp, -764(t5)
core   0: 3 0x8000b300 (0xd03f2223) mem 0x8000d000 0x00000001
core   0: 0x8000b304 (0xff9ff06f) j       pc - 0x8
core   0: 3 0x8000b304 (0xff9ff06f)
core   0: 0x8000b2fc (0x00002f17) auipc   t5, 0x2
core   0: 3 0x8000b2fc (0x00002f17) x30 0x8000d2fc
core   0: 0x8000b300 (0xd03f2223) sw      gp, -764(t5)
core   0: 3 0x8000b300 (0xd03f2223) mem 0x8000d000 0x00000001
core   0: 0x8000b304 (0xff9ff06f) j       pc - 0x8
core   0: 3 0x8000b304 (0xff9ff06f)
core   0: 0x8000b2fc (0x00002f17) auipc   t5, 0x2
core   0: 3 0x8000b2fc (0x00002f17) x30 0x8000d2fc
core   0: 0x8000b300 (0xd03f2223) sw      gp, -764(t5)
core   0: 3 0x8000b300 (0xd03f2223) mem 0x8000d000 0x00000001
core   0: 0x8000b304 (0xff9ff06f) j       pc - 0x8
core   0: 3 0x8000b304 (0xff9ff06f)
core   0: 0x8000b2fc (0x00002f17) auipc   t5, 0x2
core   0: 3 0x8000b2fc (0x00002f17) x30 0x8000d2fc
core   0: 0x8000b300 (0xd03f2223) sw      gp, -764(t5)
core   0: 3 0x8000b300 (0xd03f2223) mem 0x8000d000 0x00000001
core   0: 0x8000b304 (0xff9ff06f) j       pc - 0x8
core   0: 3 0x8000b304 (0xff9ff06f)
core   0: 0x8000b2fc (0x00002f17) auipc   t5, 0x2
core   0: 3 0x8000b2fc (0x00002f17) x30 0x8000d2fc
core   0: 0x8000b300 (0xd03f2223) sw      gp, -764(t5)
core   0: 3 0x8000b300 (0xd03f2223) mem 0x8000d000 0x00000001
core   0: 0x8000b304 (0xff9ff06f) j       pc - 0x8
core   0: 3 0x8000b304 (0xff9ff06f)
core   0: 0x8000b2fc (0x00002f17) auipc   t5, 0x2
core   0: 3 0x8000b2fc (0x00002f17) x30 0x8000d2fc
core   0: 0x8000b300 (0xd03f2223) sw      gp, -764(t5)
core   0: 3 0x8000b300 (0xd03f2223) mem 0x8000d000 0x00000001
core   0: 0x8000b304 (0xff9ff06f) j       pc - 0x8
core   0: 3 0x8000b304 (0xff9ff06f)
core   0: 0x8000b2fc (0x00002f17) auipc   t5, 0x2
core   0: 3 0x8000b2fc (0x00002f17) x30 0x8000d2fc
core   0: 0x8000b300 (0xd03f2223) sw      gp, -764(t5)
core   0: 3 0x8000b300 (0xd03f2223) mem 0x8000d000 0x00000001
core   0: 0x8000b304 (0xff9ff06f) j       pc - 0x8
core   0: 3 0x8000b304 (0xff9ff06f)
core   0: 0x8000b2fc (0x00002f17) auipc   t5, 0x2
core   0: 3 0x8000b2fc (0x00002f17) x30 0x8000d2fc
core   0: 0x8000b300 (0xd03f2223) sw      gp, -764(t5)
core   0: 3 0x8000b300 (0xd03f2223) mem 0x8000d000 0x00000001
core   0: 0x8000b304 (0xff9ff06f) j       pc - 0x8
core   0: 3 0x8000b304 (0xff9ff06f)
core   0: 0x8000b2fc (0x00002f17) auipc   t5, 0x2
core   0: 3 0x8000b2fc (0x00002f17) x30 0x8000d2fc
core   0: 0x8000b300 (0xd03f2223) sw      gp, -764(t5)
core   0: 3 0x8000b300 (0xd03f2223) mem 0x8000d000 0x00000001
core   0: 0x8000b304 (0xff9ff06f) j       pc - 0x8
core   0: 3 0x8000b304 (0xff9ff06f)
core   0: 0x8000b2fc (0x00002f17) auipc   t5, 0x2
core   0: 3 0x8000b2fc (0x00002f17) x30 0x8000d2fc
core   0: 0x8000b300 (0xd03f2223) sw      gp, -764(t5)
core   0: 3 0x8000b300 (0xd03f2223) mem 0x8000d000 0x00000001
core   0: 0x8000b304 (0xff9ff06f) j       pc - 0x8
core   0: 3 0x8000b304 (0xff9ff06f)
core   0: 0x8000b2fc (0x00002f17) auipc   t5, 0x2
core   0: 3 0x8000b2fc (0x00002f17) x30 0x8000d2fc
core   0: 0x8000b300 (0xd03f2223) sw      gp, -764(t5)
core   0: 3 0x8000b300 (0xd03f2223) mem 0x8000d000 0x00000001
core   0: 0x8000b304 (0xff9ff06f) j       pc - 0x8
core   0: 3 0x8000b304 (0xff9ff06f)
core   0: 0x8000b2fc (0x00002f17) auipc   t5, 0x2
core   0: 3 0x8000b2fc (0x00002f17) x30 0x8000d2fc
core   0: 0x8000b300 (0xd03f2223) sw      gp, -764(t5)
core   0: 3 0x8000b300 (0xd03f2223) mem 0x8000d000 0x00000001
core   0: 0x8000b304 (0xff9ff06f) j       pc - 0x8
core   0: 3 0x8000b304 (0xff9ff06f)
core   0: 0x8000b2fc (0x00002f17) auipc   t5, 0x2
core   0: 3 0x8000b2fc (0x00002f17) x30 0x8000d2fc
core   0: 0x8000b300 (0xd03f2223) sw      gp, -764(t5)
core   0: 3 0x8000b300 (0xd03f2223) mem 0x8000d000 0x00000001
core   0: 0x8000b304 (0xff9ff06f) j       pc - 0x8
core   0: 3 0x8000b304 (0xff9ff06f)
core   0: 0x8000b2fc (0x00002f17) auipc   t5, 0x2
core   0: 3 0x8000b2fc (0x00002f17) x30 0x8000d2fc
core   0: 0x8000b300 (0xd03f2223) sw      gp, -764(t5)
core   0: 3 0x8000b300 (0xd03f2223) mem 0x8000d000 0x00000001
core   0: 0x8000b304 (0xff9ff06f) j       pc - 0x8
core   0: 3 0x8000b304 (0xff9ff06f)
core   0: 0x8000b2fc (0x00002f17) auipc   t5, 0x2
core   0: 3 0x8000b2fc (0x00002f17) x30 0x8000d2fc
core   0: 0x8000b300 (0xd03f2223) sw      gp, -764(t5)
core   0: 3 0x8000b300 (0xd03f2223) mem 0x8000d000 0x00000001
core   0: 0x8000b304 (0xff9ff06f) j       pc - 0x8
core   0: 3 0x8000b304 (0xff9ff06f)
core   0: 0x8000b2fc (0x00002f17) auipc   t5, 0x2
core   0: 3 0x8000b2fc (0x00002f17) x30 0x8000d2fc
core   0: 0x8000b300 (0xd03f2223) sw      gp, -764(t5)
core   0: 3 0x8000b300 (0xd03f2223) mem 0x8000d000 0x00000001
core   0: 0x8000b304 (0xff9ff06f) j       pc - 0x8
core   0: 3 0x8000b304 (0xff9ff06f)
core   0: 0x8000b2fc (0x00002f17) auipc   t5, 0x2
core   0: 3 0x8000b2fc (0x00002f17) x30 0x8000d2fc
core   0: 0x8000b300 (0xd03f2223) sw      gp, -764(t5)
core   0: 3 0x8000b300 (0xd03f2223) mem 0x8000d000 0x00000001
core   0: 0x8000b304 (0xff9ff06f) j       pc - 0x8
core   0: 3 0x8000b304 (0xff9ff06f)
core   0: 0x8000b2fc (0x00002f17) auipc   t5, 0x2
core   0: 3 0x8000b2fc (0x00002f17) x30 0x8000d2fc
core   0: 0x8000b300 (0xd03f2223) sw      gp, -764(t5)
core   0: 3 0x8000b300 (0xd03f2223) mem 0x8000d000 0x00000001
core   0: 0x8000b304 (0xff9ff06f) j       pc - 0x8
core   0: 3 0x8000b304 (0xff9ff06f)
core   0: 0x8000b2fc (0x00002f17) auipc   t5, 0x2
core   0: 3 0x8000b2fc (0x00002f17) x30 0x8000d2fc
core   0: 0x8000b300 (0xd03f2223) sw      gp, -764(t5)
core   0: 3 0x8000b300 (0xd03f2223) mem 0x8000d000 0x00000001
core   0: 0x8000b304 (0xff9ff06f) j       pc - 0x8
core   0: 3 0x8000b304 (0xff9ff06f)
core   0: 0x8000b2fc (0x00002f17) auipc   t5, 0x2
core   0: 3 0x8000b2fc (0x00002f17) x30 0x8000d2fc
core   0: 0x8000b300 (0xd03f2223) sw      gp, -764(t5)
core   0: 3 0x8000b300 (0xd03f2223) mem 0x8000d000 0x00000001
core   0: 0x8000b304 (0xff9ff06f) j       pc - 0x8
core   0: 3 0x8000b304 (0xff9ff06f)
core   0: 0x8000b2fc (0x00002f17) auipc   t5, 0x2
core   0: 3 0x8000b2fc (0x00002f17) x30 0x8000d2fc
core   0: 0x8000b300 (0xd03f2223) sw      gp, -764(t5)
core   0: 3 0x8000b300 (0xd03f2223) mem 0x8000d000 0x00000001
core   0: 0x8000b304 (0xff9ff06f) j       pc - 0x8
core   0: 3 0x8000b304 (0xff9ff06f)
core   0: 0x8000b2fc (0x00002f17) auipc   t5, 0x2
core   0: 3 0x8000b2fc (0x00002f17) x30 0x8000d2fc
core   0: 0x8000b300 (0xd03f2223) sw      gp, -764(t5)
core   0: 3 0x8000b300 (0xd03f2223) mem 0x8000d000 0x00000001
core   0: 0x8000b304 (0xff9ff06f) j       pc - 0x8
core   0: 3 0x8000b304 (0xff9ff06f)
core   0: 0x8000b2fc (0x00002f17) auipc   t5, 0x2
core   0: 3 0x8000b2fc (0x00002f17) x30 0x8000d2fc
core   0: 0x8000b300 (0xd03f2223) sw      gp, -764(t5)
core   0: 3 0x8000b300 (0xd03f2223) mem 0x8000d000 0x00000001
core   0: 0x8000b304 (0xff9ff06f) j       pc - 0x8
core   0: 3 0x8000b304 (0xff9ff06f)
core   0: 0x8000b2fc (0x00002f17) auipc   t5, 0x2
core   0: 3 0x8000b2fc (0x00002f17) x30 0x8000d2fc
core   0: 0x8000b300 (0xd03f2223) sw      gp, -764(t5)
core   0: 3 0x8000b300 (0xd03f2223) mem 0x8000d000 0x00000001
core   0: 0x8000b304 (0xff9ff06f) j       pc - 0x8
core   0: 3 0x8000b304 (0xff9ff06f)
core   0: 0x8000b2fc (0x00002f17) auipc   t5, 0x2
core   0: 3 0x8000b2fc (0x00002f17) x30 0x8000d2fc
core   0: 0x8000b300 (0xd03f2223) sw      gp, -764(t5)
core   0: 3 0x8000b300 (0xd03f2223) mem 0x8000d000 0x00000001
core   0: 0x8000b304 (0xff9ff06f) j       pc - 0x8
core   0: 3 0x8000b304 (0xff9ff06f)
core   0: 0x8000b2fc (0x00002f17) auipc   t5, 0x2
core   0: 3 0x8000b2fc (0x00002f17) x30 0x8000d2fc
core   0: 0x8000b300 (0xd03f2223) sw      gp, -764(t5)
core   0: 3 0x8000b300 (0xd03f2223) mem 0x8000d000 0x00000001
core   0: 0x8000b304 (0xff9ff06f) j       pc - 0x8
core   0: 3 0x8000b304 (0xff9ff06f)
core   0: 0x8000b2fc (0x00002f17) auipc   t5, 0x2
core   0: 3 0x8000b2fc (0x00002f17) x30 0x8000d2fc
core   0: 0x8000b300 (0xd03f2223) sw      gp, -764(t5)
core   0: 3 0x8000b300 (0xd03f2223) mem 0x8000d000 0x00000001
core   0: 0x8000b304 (0xff9ff06f) j       pc - 0x8
core   0: 3 0x8000b304 (0xff9ff06f)
core   0: 0x8000b2fc (0x00002f17) auipc   t5, 0x2
core   0: 3 0x8000b2fc (0x00002f17) x30 0x8000d2fc
core   0: 0x8000b300 (0xd03f2223) sw      gp, -764(t5)
core   0: 3 0x8000b300 (0xd03f2223) mem 0x8000d000 0x00000001
core   0: 0x8000b304 (0xff9ff06f) j       pc - 0x8
core   0: 3 0x8000b304 (0xff9ff06f)
core   0: 0x8000b2fc (0x00002f17) auipc   t5, 0x2
core   0: 3 0x8000b2fc (0x00002f17) x30 0x8000d2fc
core   0: 0x8000b300 (0xd03f2223) sw      gp, -764(t5)
core   0: 3 0x8000b300 (0xd03f2223) mem 0x8000d000 0x00000001
core   0: 0x8000b304 (0xff9ff06f) j       pc - 0x8
core   0: 3 0x8000b304 (0xff9ff06f)
core   0: 0x8000b2fc (0x00002f17) auipc   t5, 0x2
core   0: 3 0x8000b2fc (0x00002f17) x30 0x8000d2fc
core   0: 0x8000b300 (0xd03f2223) sw      gp, -764(t5)
core   0: 3 0x8000b300 (0xd03f2223) mem 0x8000d000 0x00000001
core   0: 0x8000b304 (0xff9ff06f) j       pc - 0x8
core   0: 3 0x8000b304 (0xff9ff06f)
core   0: 0x8000b2fc (0x00002f17) auipc   t5, 0x2
core   0: 3 0x8000b2fc (0x00002f17) x30 0x8000d2fc
core   0: 0x8000b300 (0xd03f2223) sw      gp, -764(t5)
core   0: 3 0x8000b300 (0xd03f2223) mem 0x8000d000 0x00000001
core   0: 0x8000b304 (0xff9ff06f) j       pc - 0x8
core   0: 3 0x8000b304 (0xff9ff06f)
core   0: 0x8000b2fc (0x00002f17) auipc   t5, 0x2
core   0: 3 0x8000b2fc (0x00002f17) x30 0x8000d2fc
core   0: 0x8000b300 (0xd03f2223) sw      gp, -764(t5)
core   0: 3 0x8000b300 (0xd03f2223) mem 0x8000d000 0x00000001
core   0: 0x8000b304 (0xff9ff06f) j       pc - 0x8
core   0: 3 0x8000b304 (0xff9ff06f)
core   0: 0x8000b2fc (0x00002f17) auipc   t5, 0x2
core   0: 3 0x8000b2fc (0x00002f17) x30 0x8000d2fc
core   0: 0x8000b300 (0xd03f2223) sw      gp, -764(t5)
core   0: 3 0x8000b300 (0xd03f2223) mem 0x8000d000 0x00000001
core   0: 0x8000b304 (0xff9ff06f) j       pc - 0x8
core   0: 3 0x8000b304 (0xff9ff06f)
core   0: 0x8000b2fc (0x00002f17) auipc   t5, 0x2
core   0: 3 0x8000b2fc (0x00002f17) x30 0x8000d2fc
core   0: 0x8000b300 (0xd03f2223) sw      gp, -764(t5)
core   0: 3 0x8000b300 (0xd03f2223) mem 0x8000d000 0x00000001
core   0: 0x8000b304 (0xff9ff06f) j       pc - 0x8
core   0: 3 0x8000b304 (0xff9ff06f)
core   0: 0x8000b2fc (0x00002f17) auipc   t5, 0x2
core   0: 3 0x8000b2fc (0x00002f17) x30 0x8000d2fc
core   0: 0x8000b300 (0xd03f2223) sw      gp, -764(t5)
core   0: 3 0x8000b300 (0xd03f2223) mem 0x8000d000 0x00000001
core   0: 0x8000b304 (0xff9ff06f) j       pc - 0x8
core   0: 3 0x8000b304 (0xff9ff06f)
core   0: 0x8000b2fc (0x00002f17) auipc   t5, 0x2
core   0: 3 0x8000b2fc (0x00002f17) x30 0x8000d2fc
core   0: 0x8000b300 (0xd03f2223) sw      gp, -764(t5)
core   0: 3 0x8000b300 (0xd03f2223) mem 0x8000d000 0x00000001
core   0: 0x8000b304 (0xff9ff06f) j       pc - 0x8
core   0: 3 0x8000b304 (0xff9ff06f)
core   0: 0x8000b2fc (0x00002f17) auipc   t5, 0x2
core   0: 3 0x8000b2fc (0x00002f17) x30 0x8000d2fc
core   0: 0x8000b300 (0xd03f2223) sw      gp, -764(t5)
core   0: 3 0x8000b300 (0xd03f2223) mem 0x8000d000 0x00000001
core   0: 0x8000b304 (0xff9ff06f) j       pc - 0x8
core   0: 3 0x8000b304 (0xff9ff06f)
core   0: 0x8000b2fc (0x00002f17) auipc   t5, 0x2
core   0: 3 0x8000b2fc (0x00002f17) x30 0x8000d2fc
core   0: 0x8000b300 (0xd03f2223) sw      gp, -764(t5)
core   0: 3 0x8000b300 (0xd03f2223) mem 0x8000d000 0x00000001
core   0: 0x8000b304 (0xff9ff06f) j       pc - 0x8
core   0: 3 0x8000b304 (0xff9ff06f)
core   0: 0x8000b2fc (0x00002f17) auipc   t5, 0x2
core   0: 3 0x8000b2fc (0x00002f17) x30 0x8000d2fc
core   0: 0x8000b300 (0xd03f2223) sw      gp, -764(t5)
core   0: 3 0x8000b300 (0xd03f2223) mem 0x8000d000 0x00000001
core   0: 0x8000b304 (0xff9ff06f) j       pc - 0x8
core   0: 3 0x8000b304 (0xff9ff06f)
core   0: 0x8000b2fc (0x00002f17) auipc   t5, 0x2
core   0: 3 0x8000b2fc (0x00002f17) x30 0x8000d2fc
core   0: 0x8000b300 (0xd03f2223) sw      gp, -764(t5)
core   0: 3 0x8000b300 (0xd03f2223) mem 0x8000d000 0x00000001
core   0: 0x8000b304 (0xff9ff06f) j       pc - 0x8
core   0: 3 0x8000b304 (0xff9ff06f)
core   0: 0x8000b2fc (0x00002f17) auipc   t5, 0x2
core   0: 3 0x8000b2fc (0x00002f17) x30 0x8000d2fc
core   0: 0x8000b300 (0xd03f2223) sw      gp, -764(t5)
core   0: 3 0x8000b300 (0xd03f2223) mem 0x8000d000 0x00000001
core   0: 0x8000b304 (0xff9ff06f) j       pc - 0x8
core   0: 3 0x8000b304 (0xff9ff06f)
core   0: 0x8000b2fc (0x00002f17) auipc   t5, 0x2
core   0: 3 0x8000b2fc (0x00002f17) x30 0x8000d2fc
core   0: 0x8000b300 (0xd03f2223) sw      gp, -764(t5)
core   0: 3 0x8000b300 (0xd03f2223) mem 0x8000d000 0x00000001
core   0: 0x8000b304 (0xff9ff06f) j       pc - 0x8
core   0: 3 0x8000b304 (0xff9ff06f)
core   0: 0x8000b2fc (0x00002f17) auipc   t5, 0x2
core   0: 3 0x8000b2fc (0x00002f17) x30 0x8000d2fc
core   0: 0x8000b300 (0xd03f2223) sw      gp, -764(t5)
core   0: 3 0x8000b300 (0xd03f2223) mem 0x8000d000 0x00000001
core   0: 0x8000b304 (0xff9ff06f) j       pc - 0x8
core   0: 3 0x8000b304 (0xff9ff06f)
core   0: 0x8000b2fc (0x00002f17) auipc   t5, 0x2
core   0: 3 0x8000b2fc (0x00002f17) x30 0x8000d2fc
core   0: 0x8000b300 (0xd03f2223) sw      gp, -764(t5)
core   0: 3 0x8000b300 (0xd03f2223) mem 0x8000d000 0x00000001
core   0: 0x8000b304 (0xff9ff06f) j       pc - 0x8
core   0: 3 0x8000b304 (0xff9ff06f)
core   0: 0x8000b2fc (0x00002f17) auipc   t5, 0x2
core   0: 3 0x8000b2fc (0x00002f17) x30 0x8000d2fc
core   0: 0x8000b300 (0xd03f2223) sw      gp, -764(t5)
core   0: 3 0x8000b300 (0xd03f2223) mem 0x8000d000 0x00000001
core   0: 0x8000b304 (0xff9ff06f) j       pc - 0x8
core   0: 3 0x8000b304 (0xff9ff06f)
core   0: 0x8000b2fc (0x00002f17) auipc   t5, 0x2
core   0: 3 0x8000b2fc (0x00002f17) x30 0x8000d2fc
core   0: 0x8000b300 (0xd03f2223) sw      gp, -764(t5)
core   0: 3 0x8000b300 (0xd03f2223) mem 0x8000d000 0x00000001
core   0: 0x8000b304 (0xff9ff06f) j       pc - 0x8
core   0: 3 0x8000b304 (0xff9ff06f)
core   0: 0x8000b2fc (0x00002f17) auipc   t5, 0x2
core   0: 3 0x8000b2fc (0x00002f17) x30 0x8000d2fc
core   0: 0x8000b300 (0xd03f2223) sw      gp, -764(t5)
core   0: 3 0x8000b300 (0xd03f2223) mem 0x8000d000 0x00000001
core   0: 0x8000b304 (0xff9ff06f) j       pc - 0x8
core   0: 3 0x8000b304 (0xff9ff06f)
core   0: 0x8000b2fc (0x00002f17) auipc   t5, 0x2
core   0: 3 0x8000b2fc (0x00002f17) x30 0x8000d2fc
core   0: 0x8000b300 (0xd03f2223) sw      gp, -764(t5)
core   0: 3 0x8000b300 (0xd03f2223) mem 0x8000d000 0x00000001
core   0: 0x8000b304 (0xff9ff06f) j       pc - 0x8
core   0: 3 0x8000b304 (0xff9ff06f)
core   0: 0x8000b2fc (0x00002f17) auipc   t5, 0x2
core   0: 3 0x8000b2fc (0x00002f17) x30 0x8000d2fc
core   0: 0x8000b300 (0xd03f2223) sw      gp, -764(t5)
core   0: 3 0x8000b300 (0xd03f2223) mem 0x8000d000 0x00000001
core   0: 0x8000b304 (0xff9ff06f) j       pc - 0x8
core   0: 3 0x8000b304 (0xff9ff06f)
core   0: 0x8000b2fc (0x00002f17) auipc   t5, 0x2
core   0: 3 0x8000b2fc (0x00002f17) x30 0x8000d2fc
core   0: 0x8000b300 (0xd03f2223) sw      gp, -764(t5)
core   0: 3 0x8000b300 (0xd03f2223) mem 0x8000d000 0x00000001
core   0: 0x8000b304 (0xff9ff06f) j       pc - 0x8
core   0: 3 0x8000b304 (0xff9ff06f)
core   0: 0x8000b2fc (0x00002f17) auipc   t5, 0x2
core   0: 3 0x8000b2fc (0x00002f17) x30 0x8000d2fc
core   0: 0x8000b300 (0xd03f2223) sw      gp, -764(t5)
core   0: 3 0x8000b300 (0xd03f2223) mem 0x8000d000 0x00000001
core   0: 0x8000b304 (0xff9ff06f) j       pc - 0x8
core   0: 3 0x8000b304 (0xff9ff06f)
core   0: 0x8000b2fc (0x00002f17) auipc   t5, 0x2
core   0: 3 0x8000b2fc (0x00002f17) x30 0x8000d2fc
core   0: 0x8000b300 (0xd03f2223) sw      gp, -764(t5)
core   0: 3 0x8000b300 (0xd03f2223) mem 0x8000d000 0x00000001
core   0: 0x8000b304 (0xff9ff06f) j       pc - 0x8
core   0: 3 0x8000b304 (0xff9ff06f)
core   0: 0x8000b2fc (0x00002f17) auipc   t5, 0x2
core   0: 3 0x8000b2fc (0x00002f17) x30 0x8000d2fc
core   0: 0x8000b300 (0xd03f2223) sw      gp, -764(t5)
core   0: 3 0x8000b300 (0xd03f2223) mem 0x8000d000 0x00000001
core   0: 0x8000b304 (0xff9ff06f) j       pc - 0x8
core   0: 3 0x8000b304 (0xff9ff06f)
core   0: 0x8000b2fc (0x00002f17) auipc   t5, 0x2
core   0: 3 0x8000b2fc (0x00002f17) x30 0x8000d2fc
core   0: 0x8000b300 (0xd03f2223) sw      gp, -764(t5)
core   0: 3 0x8000b300 (0xd03f2223) mem 0x8000d000 0x00000001
core   0: 0x8000b304 (0xff9ff06f) j       pc - 0x8
core   0: 3 0x8000b304 (0xff9ff06f)
core   0: 0x8000b2fc (0x00002f17) auipc   t5, 0x2
core   0: 3 0x8000b2fc (0x00002f17) x30 0x8000d2fc
core   0: 0x8000b300 (0xd03f2223) sw      gp, -764(t5)
core   0: 3 0x8000b300 (0xd03f2223) mem 0x8000d000 0x00000001
core   0: 0x8000b304 (0xff9ff06f) j       pc - 0x8
core   0: 3 0x8000b304 (0xff9ff06f)
core   0: 0x8000b2fc (0x00002f17) auipc   t5, 0x2
core   0: 3 0x8000b2fc (0x00002f17) x30 0x8000d2fc
core   0: 0x8000b300 (0xd03f2223) sw      gp, -764(t5)
core   0: 3 0x8000b300 (0xd03f2223) mem 0x8000d000 0x00000001
core   0: 0x8000b304 (0xff9ff06f) j       pc - 0x8
core   0: 3 0x8000b304 (0xff9ff06f)
core   0: 0x8000b2fc (0x00002f17) auipc   t5, 0x2
core   0: 3 0x8000b2fc (0x00002f17) x30 0x8000d2fc
core   0: 0x8000b300 (0xd03f2223) sw      gp, -764(t5)
core   0: 3 0x8000b300 (0xd03f2223) mem 0x8000d000 0x00000001
core   0: 0x8000b304 (0xff9ff06f) j       pc - 0x8
core   0: 3 0x8000b304 (0xff9ff06f)
core   0: 0x8000b2fc (0x00002f17) auipc   t5, 0x2
core   0: 3 0x8000b2fc (0x00002f17) x30 0x8000d2fc
core   0: 0x8000b300 (0xd03f2223) sw      gp, -764(t5)
core   0: 3 0x8000b300 (0xd03f2223) mem 0x8000d000 0x00000001
core   0: 0x8000b304 (0xff9ff06f) j       pc - 0x8
core   0: 3 0x8000b304 (0xff9ff06f)
core   0: 0x8000b2fc (0x00002f17) auipc   t5, 0x2
core   0: 3 0x8000b2fc (0x00002f17) x30 0x8000d2fc
core   0: 0x8000b300 (0xd03f2223) sw      gp, -764(t5)
core   0: 3 0x8000b300 (0xd03f2223) mem 0x8000d000 0x00000001
core   0: 0x8000b304 (0xff9ff06f) j       pc - 0x8
core   0: 3 0x8000b304 (0xff9ff06f)
core   0: 0x8000b2fc (0x00002f17) auipc   t5, 0x2
core   0: 3 0x8000b2fc (0x00002f17) x30 0x8000d2fc
core   0: 0x8000b300 (0xd03f2223) sw      gp, -764(t5)
core   0: 3 0x8000b300 (0xd03f2223) mem 0x8000d000 0x00000001
core   0: 0x8000b304 (0xff9ff06f) j       pc - 0x8
core   0: 3 0x8000b304 (0xff9ff06f)
core   0: 0x8000b2fc (0x00002f17) auipc   t5, 0x2
core   0: 3 0x8000b2fc (0x00002f17) x30 0x8000d2fc
core   0: 0x8000b300 (0xd03f2223) sw      gp, -764(t5)
core   0: 3 0x8000b300 (0xd03f2223) mem 0x8000d000 0x00000001
core   0: 0x8000b304 (0xff9ff06f) j       pc - 0x8
core   0: 3 0x8000b304 (0xff9ff06f)
core   0: 0x8000b2fc (0x00002f17) auipc   t5, 0x2
core   0: 3 0x8000b2fc (0x00002f17) x30 0x8000d2fc
core   0: 0x8000b300 (0xd03f2223) sw      gp, -764(t5)
core   0: 3 0x8000b300 (0xd03f2223) mem 0x8000d000 0x00000001
core   0: 0x8000b304 (0xff9ff06f) j       pc - 0x8
core   0: 3 0x8000b304 (0xff9ff06f)
core   0: 0x8000b2fc (0x00002f17) auipc   t5, 0x2
core   0: 3 0x8000b2fc (0x00002f17) x30 0x8000d2fc
core   0: 0x8000b300 (0xd03f2223) sw      gp, -764(t5)
core   0: 3 0x8000b300 (0xd03f2223) mem 0x8000d000 0x00000001
core   0: 0x8000b304 (0xff9ff06f) j       pc - 0x8
core   0: 3 0x8000b304 (0xff9ff06f)
core   0: 0x8000b2fc (0x00002f17) auipc   t5, 0x2
core   0: 3 0x8000b2fc (0x00002f17) x30 0x8000d2fc
core   0: 0x8000b300 (0xd03f2223) sw      gp, -764(t5)
core   0: 3 0x8000b300 (0xd03f2223) mem 0x8000d000 0x00000001
core   0: 0x8000b304 (0xff9ff06f) j       pc - 0x8
core   0: 3 0x8000b304 (0xff9ff06f)
core   0: 0x8000b2fc (0x00002f17) auipc   t5, 0x2
core   0: 3 0x8000b2fc (0x00002f17) x30 0x8000d2fc
core   0: 0x8000b300 (0xd03f2223) sw      gp, -764(t5)
core   0: 3 0x8000b300 (0xd03f2223) mem 0x8000d000 0x00000001
core   0: 0x8000b304 (0xff9ff06f) j       pc - 0x8
core   0: 3 0x8000b304 (0xff9ff06f)
core   0: 0x8000b2fc (0x00002f17) auipc   t5, 0x2
core   0: 3 0x8000b2fc (0x00002f17) x30 0x8000d2fc
core   0: 0x8000b300 (0xd03f2223) sw      gp, -764(t5)
core   0: 3 0x8000b300 (0xd03f2223) mem 0x8000d000 0x00000001
core   0: 0x8000b304 (0xff9ff06f) j       pc - 0x8
core   0: 3 0x8000b304 (0xff9ff06f)
core   0: 0x8000b2fc (0x00002f17) auipc   t5, 0x2
core   0: 3 0x8000b2fc (0x00002f17) x30 0x8000d2fc
core   0: 0x8000b300 (0xd03f2223) sw      gp, -764(t5)
core   0: 3 0x8000b300 (0xd03f2223) mem 0x8000d000 0x00000001
core   0: 0x8000b304 (0xff9ff06f) j       pc - 0x8
core   0: 3 0x8000b304 (0xff9ff06f)
core   0: 0x8000b2fc (0x00002f17) auipc   t5, 0x2
core   0: 3 0x8000b2fc (0x00002f17) x30 0x8000d2fc
core   0: 0x8000b300 (0xd03f2223) sw      gp, -764(t5)
core   0: 3 0x8000b300 (0xd03f2223) mem 0x8000d000 0x00000001
core   0: 0x8000b304 (0xff9ff06f) j       pc - 0x8
core   0: 3 0x8000b304 (0xff9ff06f)
core   0: 0x8000b2fc (0x00002f17) auipc   t5, 0x2
core   0: 3 0x8000b2fc (0x00002f17) x30 0x8000d2fc
core   0: 0x8000b300 (0xd03f2223) sw      gp, -764(t5)
core   0: 3 0x8000b300 (0xd03f2223) mem 0x8000d000 0x00000001
core   0: 0x8000b304 (0xff9ff06f) j       pc - 0x8
core   0: 3 0x8000b304 (0xff9ff06f)
core   0: 0x8000b2fc (0x00002f17) auipc   t5, 0x2
core   0: 3 0x8000b2fc (0x00002f17) x30 0x8000d2fc
core   0: 0x8000b300 (0xd03f2223) sw      gp, -764(t5)
core   0: 3 0x8000b300 (0xd03f2223) mem 0x8000d000 0x00000001
core   0: 0x8000b304 (0xff9ff06f) j       pc - 0x8
core   0: 3 0x8000b304 (0xff9ff06f)
core   0: 0x8000b2fc (0x00002f17) auipc   t5, 0x2
core   0: 3 0x8000b2fc (0x00002f17) x30 0x8000d2fc
core   0: 0x8000b300 (0xd03f2223) sw      gp, -764(t5)
core   0: 3 0x8000b300 (0xd03f2223) mem 0x8000d000 0x00000001
core   0: 0x8000b304 (0xff9ff06f) j       pc - 0x8
core   0: 3 0x8000b304 (0xff9ff06f)
core   0: 0x8000b2fc (0x00002f17) auipc   t5, 0x2
core   0: 3 0x8000b2fc (0x00002f17) x30 0x8000d2fc
core   0: 0x8000b300 (0xd03f2223) sw      gp, -764(t5)
core   0: 3 0x8000b300 (0xd03f2223) mem 0x8000d000 0x00000001
core   0: 0x8000b304 (0xff9ff06f) j       pc - 0x8
core   0: 3 0x8000b304 (0xff9ff06f)
core   0: 0x8000b2fc (0x00002f17) auipc   t5, 0x2
core   0: 3 0x8000b2fc (0x00002f17) x30 0x8000d2fc
core   0: 0x8000b300 (0xd03f2223) sw      gp, -764(t5)
core   0: 3 0x8000b300 (0xd03f2223) mem 0x8000d000 0x00000001
core   0: 0x8000b304 (0xff9ff06f) j       pc - 0x8
core   0: 3 0x8000b304 (0xff9ff06f)
core   0: 0x8000b2fc (0x00002f17) auipc   t5, 0x2
core   0: 3 0x8000b2fc (0x00002f17) x30 0x8000d2fc
core   0: 0x8000b300 (0xd03f2223) sw      gp, -764(t5)
core   0: 3 0x8000b300 (0xd03f2223) mem 0x8000d000 0x00000001
core   0: 0x8000b304 (0xff9ff06f) j       pc - 0x8
core   0: 3 0x8000b304 (0xff9ff06f)
core   0: 0x8000b2fc (0x00002f17) auipc   t5, 0x2
core   0: 3 0x8000b2fc (0x00002f17) x30 0x8000d2fc
core   0: 0x8000b300 (0xd03f2223) sw      gp, -764(t5)
core   0: 3 0x8000b300 (0xd03f2223) mem 0x8000d000 0x00000001
core   0: 0x8000b304 (0xff9ff06f) j       pc - 0x8
core   0: 3 0x8000b304 (0xff9ff06f)
core   0: 0x8000b2fc (0x00002f17) auipc   t5, 0x2
core   0: 3 0x8000b2fc (0x00002f17) x30 0x8000d2fc
core   0: 0x8000b300 (0xd03f2223) sw      gp, -764(t5)
core   0: 3 0x8000b300 (0xd03f2223) mem 0x8000d000 0x00000001
core   0: 0x8000b304 (0xff9ff06f) j       pc - 0x8
core   0: 3 0x8000b304 (0xff9ff06f)
core   0: 0x8000b2fc (0x00002f17) auipc   t5, 0x2
core   0: 3 0x8000b2fc (0x00002f17) x30 0x8000d2fc
core   0: 0x8000b300 (0xd03f2223) sw      gp, -764(t5)
core   0: 3 0x8000b300 (0xd03f2223) mem 0x8000d000 0x00000001
core   0: 0x8000b304 (0xff9ff06f) j       pc - 0x8
core   0: 3 0x8000b304 (0xff9ff06f)
core   0: 0x8000b2fc (0x00002f17) auipc   t5, 0x2
core   0: 3 0x8000b2fc (0x00002f17) x30 0x8000d2fc
core   0: 0x8000b300 (0xd03f2223) sw      gp, -764(t5)
core   0: 3 0x8000b300 (0xd03f2223) mem 0x8000d000 0x00000001
core   0: 0x8000b304 (0xff9ff06f) j       pc - 0x8
core   0: 3 0x8000b304 (0xff9ff06f)
core   0: 0x8000b2fc (0x00002f17) auipc   t5, 0x2
core   0: 3 0x8000b2fc (0x00002f17) x30 0x8000d2fc
core   0: 0x8000b300 (0xd03f2223) sw      gp, -764(t5)
core   0: 3 0x8000b300 (0xd03f2223) mem 0x8000d000 0x00000001
core   0: 0x8000b304 (0xff9ff06f) j       pc - 0x8
core   0: 3 0x8000b304 (0xff9ff06f)
core   0: 0x8000b2fc (0x00002f17) auipc   t5, 0x2
core   0: 3 0x8000b2fc (0x00002f17) x30 0x8000d2fc
core   0: 0x8000b300 (0xd03f2223) sw      gp, -764(t5)
core   0: 3 0x8000b300 (0xd03f2223) mem 0x8000d000 0x00000001
core   0: 0x8000b304 (0xff9ff06f) j       pc - 0x8
core   0: 3 0x8000b304 (0xff9ff06f)
core   0: 0x8000b2fc (0x00002f17) auipc   t5, 0x2
core   0: 3 0x8000b2fc (0x00002f17) x30 0x8000d2fc
core   0: 0x8000b300 (0xd03f2223) sw      gp, -764(t5)
core   0: 3 0x8000b300 (0xd03f2223) mem 0x8000d000 0x00000001
core   0: 0x8000b304 (0xff9ff06f) j       pc - 0x8
core   0: 3 0x8000b304 (0xff9ff06f)
core   0: 0x8000b2fc (0x00002f17) auipc   t5, 0x2
core   0: 3 0x8000b2fc (0x00002f17) x30 0x8000d2fc
core   0: 0x8000b300 (0xd03f2223) sw      gp, -764(t5)
core   0: 3 0x8000b300 (0xd03f2223) mem 0x8000d000 0x00000001
core   0: 0x8000b304 (0xff9ff06f) j       pc - 0x8
core   0: 3 0x8000b304 (0xff9ff06f)
core   0: 0x8000b2fc (0x00002f17) auipc   t5, 0x2
core   0: 3 0x8000b2fc (0x00002f17) x30 0x8000d2fc
core   0: 0x8000b300 (0xd03f2223) sw      gp, -764(t5)
core   0: 3 0x8000b300 (0xd03f2223) mem 0x8000d000 0x00000001
core   0: 0x8000b304 (0xff9ff06f) j       pc - 0x8
core   0: 3 0x8000b304 (0xff9ff06f)
core   0: 0x8000b2fc (0x00002f17) auipc   t5, 0x2
core   0: 3 0x8000b2fc (0x00002f17) x30 0x8000d2fc
core   0: 0x8000b300 (0xd03f2223) sw      gp, -764(t5)
core   0: 3 0x8000b300 (0xd03f2223) mem 0x8000d000 0x00000001
core   0: 0x8000b304 (0xff9ff06f) j       pc - 0x8
core   0: 3 0x8000b304 (0xff9ff06f)
core   0: 0x8000b2fc (0x00002f17) auipc   t5, 0x2
core   0: 3 0x8000b2fc (0x00002f17) x30 0x8000d2fc
core   0: 0x8000b300 (0xd03f2223) sw      gp, -764(t5)
core   0: 3 0x8000b300 (0xd03f2223) mem 0x8000d000 0x00000001
core   0: 0x8000b304 (0xff9ff06f) j       pc - 0x8
core   0: 3 0x8000b304 (0xff9ff06f)
core   0: 0x8000b2fc (0x00002f17) auipc   t5, 0x2
core   0: 3 0x8000b2fc (0x00002f17) x30 0x8000d2fc
core   0: 0x8000b300 (0xd03f2223) sw      gp, -764(t5)
core   0: 3 0x8000b300 (0xd03f2223) mem 0x8000d000 0x00000001
core   0: 0x8000b304 (0xff9ff06f) j       pc - 0x8
core   0: 3 0x8000b304 (0xff9ff06f)
core   0: 0x8000b2fc (0x00002f17) auipc   t5, 0x2
core   0: 3 0x8000b2fc (0x00002f17) x30 0x8000d2fc
core   0: 0x8000b300 (0xd03f2223) sw      gp, -764(t5)
core   0: 3 0x8000b300 (0xd03f2223) mem 0x8000d000 0x00000001
core   0: 0x8000b304 (0xff9ff06f) j       pc - 0x8
core   0: 3 0x8000b304 (0xff9ff06f)
core   0: 0x8000b2fc (0x00002f17) auipc   t5, 0x2
core   0: 3 0x8000b2fc (0x00002f17) x30 0x8000d2fc
core   0: 0x8000b300 (0xd03f2223) sw      gp, -764(t5)
core   0: 3 0x8000b300 (0xd03f2223) mem 0x8000d000 0x00000001
core   0: 0x8000b304 (0xff9ff06f) j       pc - 0x8
core   0: 3 0x8000b304 (0xff9ff06f)
core   0: 0x8000b2fc (0x00002f17) auipc   t5, 0x2
core   0: 3 0x8000b2fc (0x00002f17) x30 0x8000d2fc
core   0: 0x8000b300 (0xd03f2223) sw      gp, -764(t5)
core   0: 3 0x8000b300 (0xd03f2223) mem 0x8000d000 0x00000001
core   0: 0x8000b304 (0xff9ff06f) j       pc - 0x8
core   0: 3 0x8000b304 (0xff9ff06f)
core   0: 0x8000b2fc (0x00002f17) auipc   t5, 0x2
core   0: 3 0x8000b2fc (0x00002f17) x30 0x8000d2fc
core   0: 0x8000b300 (0xd03f2223) sw      gp, -764(t5)
core   0: 3 0x8000b300 (0xd03f2223) mem 0x8000d000 0x00000001
core   0: 0x8000b304 (0xff9ff06f) j       pc - 0x8
core   0: 3 0x8000b304 (0xff9ff06f)
core   0: 0x8000b2fc (0x00002f17) auipc   t5, 0x2
core   0: 3 0x8000b2fc (0x00002f17) x30 0x8000d2fc
core   0: 0x8000b300 (0xd03f2223) sw      gp, -764(t5)
core   0: 3 0x8000b300 (0xd03f2223) mem 0x8000d000 0x00000001
core   0: 0x8000b304 (0xff9ff06f) j       pc - 0x8
core   0: 3 0x8000b304 (0xff9ff06f)
core   0: 0x8000b2fc (0x00002f17) auipc   t5, 0x2
core   0: 3 0x8000b2fc (0x00002f17) x30 0x8000d2fc
core   0: 0x8000b300 (0xd03f2223) sw      gp, -764(t5)
core   0: 3 0x8000b300 (0xd03f2223) mem 0x8000d000 0x00000001
core   0: 0x8000b304 (0xff9ff06f) j       pc - 0x8
core   0: 3 0x8000b304 (0xff9ff06f)
core   0: 0x8000b2fc (0x00002f17) auipc   t5, 0x2
core   0: 3 0x8000b2fc (0x00002f17) x30 0x8000d2fc
core   0: 0x8000b300 (0xd03f2223) sw      gp, -764(t5)
core   0: 3 0x8000b300 (0xd03f2223) mem 0x8000d000 0x00000001
core   0: 0x8000b304 (0xff9ff06f) j       pc - 0x8
core   0: 3 0x8000b304 (0xff9ff06f)
core   0: 0x8000b2fc (0x00002f17) auipc   t5, 0x2
core   0: 3 0x8000b2fc (0x00002f17) x30 0x8000d2fc
core   0: 0x8000b300 (0xd03f2223) sw      gp, -764(t5)
core   0: 3 0x8000b300 (0xd03f2223) mem 0x8000d000 0x00000001
core   0: 0x8000b304 (0xff9ff06f) j       pc - 0x8
core   0: 3 0x8000b304 (0xff9ff06f)
core   0: 0x8000b2fc (0x00002f17) auipc   t5, 0x2
core   0: 3 0x8000b2fc (0x00002f17) x30 0x8000d2fc
core   0: 0x8000b300 (0xd03f2223) sw      gp, -764(t5)
core   0: 3 0x8000b300 (0xd03f2223) mem 0x8000d000 0x00000001
core   0: 0x8000b304 (0xff9ff06f) j       pc - 0x8
core   0: 3 0x8000b304 (0xff9ff06f)
core   0: 0x8000b2fc (0x00002f17) auipc   t5, 0x2
core   0: 3 0x8000b2fc (0x00002f17) x30 0x8000d2fc
core   0: 0x8000b300 (0xd03f2223) sw      gp, -764(t5)
core   0: 3 0x8000b300 (0xd03f2223) mem 0x8000d000 0x00000001
core   0: 0x8000b304 (0xff9ff06f) j       pc - 0x8
core   0: 3 0x8000b304 (0xff9ff06f)
core   0: 0x8000b2fc (0x00002f17) auipc   t5, 0x2
core   0: 3 0x8000b2fc (0x00002f17) x30 0x8000d2fc
core   0: 0x8000b300 (0xd03f2223) sw      gp, -764(t5)
core   0: 3 0x8000b300 (0xd03f2223) mem 0x8000d000 0x00000001
core   0: 0x8000b304 (0xff9ff06f) j       pc - 0x8
core   0: 3 0x8000b304 (0xff9ff06f)
core   0: 0x8000b2fc (0x00002f17) auipc   t5, 0x2
core   0: 3 0x8000b2fc (0x00002f17) x30 0x8000d2fc
core   0: 0x8000b300 (0xd03f2223) sw      gp, -764(t5)
core   0: 3 0x8000b300 (0xd03f2223) mem 0x8000d000 0x00000001
core   0: 0x8000b304 (0xff9ff06f) j       pc - 0x8
core   0: 3 0x8000b304 (0xff9ff06f)
core   0: 0x8000b2fc (0x00002f17) auipc   t5, 0x2
core   0: 3 0x8000b2fc (0x00002f17) x30 0x8000d2fc
core   0: 0x8000b300 (0xd03f2223) sw      gp, -764(t5)
core   0: 3 0x8000b300 (0xd03f2223) mem 0x8000d000 0x00000001
core   0: 0x8000b304 (0xff9ff06f) j       pc - 0x8
core   0: 3 0x8000b304 (0xff9ff06f)
core   0: 0x8000b2fc (0x00002f17) auipc   t5, 0x2
core   0: 3 0x8000b2fc (0x00002f17) x30 0x8000d2fc
core   0: 0x8000b300 (0xd03f2223) sw      gp, -764(t5)
core   0: 3 0x8000b300 (0xd03f2223) mem 0x8000d000 0x00000001
core   0: 0x8000b304 (0xff9ff06f) j       pc - 0x8
core   0: 3 0x8000b304 (0xff9ff06f)
core   0: 0x8000b2fc (0x00002f17) auipc   t5, 0x2
core   0: 3 0x8000b2fc (0x00002f17) x30 0x8000d2fc
core   0: 0x8000b300 (0xd03f2223) sw      gp, -764(t5)
core   0: 3 0x8000b300 (0xd03f2223) mem 0x8000d000 0x00000001
core   0: 0x8000b304 (0xff9ff06f) j       pc - 0x8
core   0: 3 0x8000b304 (0xff9ff06f)
core   0: 0x8000b2fc (0x00002f17) auipc   t5, 0x2
core   0: 3 0x8000b2fc (0x00002f17) x30 0x8000d2fc
core   0: 0x8000b300 (0xd03f2223) sw      gp, -764(t5)
core   0: 3 0x8000b300 (0xd03f2223) mem 0x8000d000 0x00000001
core   0: 0x8000b304 (0xff9ff06f) j       pc - 0x8
core   0: 3 0x8000b304 (0xff9ff06f)
core   0: 0x8000b2fc (0x00002f17) auipc   t5, 0x2
core   0: 3 0x8000b2fc (0x00002f17) x30 0x8000d2fc
core   0: 0x8000b300 (0xd03f2223) sw      gp, -764(t5)
core   0: 3 0x8000b300 (0xd03f2223) mem 0x8000d000 0x00000001
core   0: 0x8000b304 (0xff9ff06f) j       pc - 0x8
core   0: 3 0x8000b304 (0xff9ff06f)
core   0: 0x8000b2fc (0x00002f17) auipc   t5, 0x2
core   0: 3 0x8000b2fc (0x00002f17) x30 0x8000d2fc
core   0: 0x8000b300 (0xd03f2223) sw      gp, -764(t5)
core   0: 3 0x8000b300 (0xd03f2223) mem 0x8000d000 0x00000001
core   0: 0x8000b304 (0xff9ff06f) j       pc - 0x8
core   0: 3 0x8000b304 (0xff9ff06f)
core   0: 0x8000b2fc (0x00002f17) auipc   t5, 0x2
core   0: 3 0x8000b2fc (0x00002f17) x30 0x8000d2fc
core   0: 0x8000b300 (0xd03f2223) sw      gp, -764(t5)
core   0: 3 0x8000b300 (0xd03f2223) mem 0x8000d000 0x00000001
core   0: 0x8000b304 (0xff9ff06f) j       pc - 0x8
core   0: 3 0x8000b304 (0xff9ff06f)
core   0: 0x8000b2fc (0x00002f17) auipc   t5, 0x2
core   0: 3 0x8000b2fc (0x00002f17) x30 0x8000d2fc
core   0: 0x8000b300 (0xd03f2223) sw      gp, -764(t5)
core   0: 3 0x8000b300 (0xd03f2223) mem 0x8000d000 0x00000001
core   0: 0x8000b304 (0xff9ff06f) j       pc - 0x8
core   0: 3 0x8000b304 (0xff9ff06f)
core   0: 0x8000b2fc (0x00002f17) auipc   t5, 0x2
core   0: 3 0x8000b2fc (0x00002f17) x30 0x8000d2fc
core   0: 0x8000b300 (0xd03f2223) sw      gp, -764(t5)
core   0: 3 0x8000b300 (0xd03f2223) mem 0x8000d000 0x00000001
core   0: 0x8000b304 (0xff9ff06f) j       pc - 0x8
core   0: 3 0x8000b304 (0xff9ff06f)
core   0: 0x8000b2fc (0x00002f17) auipc   t5, 0x2
core   0: 3 0x8000b2fc (0x00002f17) x30 0x8000d2fc
core   0: 0x8000b300 (0xd03f2223) sw      gp, -764(t5)
core   0: 3 0x8000b300 (0xd03f2223) mem 0x8000d000 0x00000001
core   0: 0x8000b304 (0xff9ff06f) j       pc - 0x8
core   0: 3 0x8000b304 (0xff9ff06f)
core   0: 0x8000b2fc (0x00002f17) auipc   t5, 0x2
core   0: 3 0x8000b2fc (0x00002f17) x30 0x8000d2fc
core   0: 0x8000b300 (0xd03f2223) sw      gp, -764(t5)
core   0: 3 0x8000b300 (0xd03f2223) mem 0x8000d000 0x00000001
core   0: 0x8000b304 (0xff9ff06f) j       pc - 0x8
core   0: 3 0x8000b304 (0xff9ff06f)
core   0: 0x8000b2fc (0x00002f17) auipc   t5, 0x2
core   0: 3 0x8000b2fc (0x00002f17) x30 0x8000d2fc
core   0: 0x8000b300 (0xd03f2223) sw      gp, -764(t5)
core   0: 3 0x8000b300 (0xd03f2223) mem 0x8000d000 0x00000001
core   0: 0x8000b304 (0xff9ff06f) j       pc - 0x8
core   0: 3 0x8000b304 (0xff9ff06f)
core   0: 0x8000b2fc (0x00002f17) auipc   t5, 0x2
core   0: 3 0x8000b2fc (0x00002f17) x30 0x8000d2fc
core   0: 0x8000b300 (0xd03f2223) sw      gp, -764(t5)
core   0: 3 0x8000b300 (0xd03f2223) mem 0x8000d000 0x00000001
core   0: 0x8000b304 (0xff9ff06f) j       pc - 0x8
core   0: 3 0x8000b304 (0xff9ff06f)
core   0: 0x8000b2fc (0x00002f17) auipc   t5, 0x2
core   0: 3 0x8000b2fc (0x00002f17) x30 0x8000d2fc
core   0: 0x8000b300 (0xd03f2223) sw      gp, -764(t5)
core   0: 3 0x8000b300 (0xd03f2223) mem 0x8000d000 0x00000001
core   0: 0x8000b304 (0xff9ff06f) j       pc - 0x8
core   0: 3 0x8000b304 (0xff9ff06f)
core   0: 0x8000b2fc (0x00002f17) auipc   t5, 0x2
core   0: 3 0x8000b2fc (0x00002f17) x30 0x8000d2fc
core   0: 0x8000b300 (0xd03f2223) sw      gp, -764(t5)
core   0: 3 0x8000b300 (0xd03f2223) mem 0x8000d000 0x00000001
